do run
loading script "jan_unknown120_60.py"
loading script "jan_pump_ms.py"
loading script "jan_co2.py"
loading script "jan_pump_extraction_line.py"
testing...
no interpolation path defined
executed 213.652928
script duration name:unknown120_60 seconds:214.0
loading script "jan_unknown120_60.py"
loading script "jan_pump_ms.py"
loading script "jan_co2.py"
loading script "jan_pump_extraction_line.py"
testing...
no interpolation path defined
executed 0
loading script "jan_unknown120_60.py"
loading script "jan_pump_ms.py"
loading script "jan_co2.py"
loading script "jan_pump_extraction_line.py"
testing...
no interpolation path defined
calculate duration
testing...
no interpolation path defined
executed 0
calculate duration
testing...
no interpolation path defined
executed 0
executed 0.0
script duration name:co2 seconds:0.0
loading script "jan_unknown120_60.py"
loading script "jan_pump_ms.py"
loading script "jan_co2.py"
loading script "jan_pump_extraction_line.py"
testing...
no interpolation path defined
calculate duration
testing...
no interpolation path defined
executed 4.0
executed 4.0
Script duration 214.0
Run total estimated duration= 215.000
run duration: 0:03:35
doing event level: 2
14:19:20 -- Setting default integration. t=1.048576
setting integration time = 1.048576
SetIntegrationTime 1.048576 ===>> OK
----------------- start -----------------
**************** Experiment Type: Ar/Ar, Ar/Ar
create new session 5012778160
close session 5012778160
$$$$$ Clearing conditionals
adding conditionals 
Add queue conditionals
add default conditionals
adding default conditionals from /Users/jan/PychronDev/setupfiles/spectrometer/default_conditionals.yaml
Start automated run 65573-05A
loading script "jan_unknown120_60.py"
loading script "jan_pump_ms.py"
loading script "jan_co2.py"
loading script "jan_pump_extraction_line.py"
%%%%%%%%%%%%%%%%%% setting automated run 65573-05A
No value "sensitivity_multiplier" in metadata
$$$$$$$$$$$$$$$ auto_save_detector_ic=False
============================= Pre Extraction Check =============================
loading queue conditionals pre_run_terminations
loading system conditionals pre_run_terminations
loading conditionals from /Users/jan/PychronDev/setupfiles/spectrometer/default_conditionals.yaml
14:19:20 -- ******* Pre Extraction Check *******
Get a measurement from the spectrometer
GetData ===>> H2,-0.199856029359636,H1,-0.01187082241334,AX,-0.048304856782657,L1,-0.0463893211765664,L2,0.0240...
Pre Extraction Termination data. keys=H2,H1,AX,L1,L2,CDD, signals=-0.19986,-0.01187,-0.04830,-0.04639,0.02403,0.00328
14:19:20 -- testing system defined conditionals
Checking default pre extraction terminations n=2
testing CDD
evaluate ot="CDD.inactive" t="CDD", ctx="{'CDD': False}"
GetDeflection CDD ===>> 50
testing CDD==2000
evaluate ot="CDD.deflection==2000" t="CDD==2000", ctx="{'CDD': 50.0}"
14:19:20 -- ******* Pre Extraction Check Passed *******
=================================================================================
14:19:20 -- stopping status monitor
stop 5065058256
Alive clients [4985914288, 4992299760]
14:19:20 -- starting status monitor
start 5065058256
Monitor already running
start extraction
do extraction
Analysis started at 14:19:20.360481
Extraction Started jan_co2.py
14:19:20 -- ******* Extraction Started jan_co2.py *******
state changed from not run to extraction
DO EXTRACTION <pychron.extraction_line.pyscript_runner.RemotePyScriptRunner object at 0x12c2913b0>
testing...
no interpolation path defined
calculate duration
testing...
no interpolation path defined
executed 0
calculate duration
testing...
no interpolation path defined
executed 0
executed 100.0
Jan CO2 laser analysis
doing GOSUB
testing...
no interpolation path defined
executed 0
Waiting for CO2 access
wait ('FelixCO2Flag', 0) {}
waiting for FelixCO2Flag = 0
Read FelixCO2Flag ===>> 0
finished waiting
CO2 free
wait ('CO2PumpTimeFlag', 0) {}
waiting for CO2PumpTimeFlag = 0
Read CO2PumpTimeFlag ===>> 0
finished waiting
acquire ('JanCO2Flag',) {'clear': True}
acquire JanCO2Flag
Set JanCO2Flag 1 ===>> OK
JanCO2Flag acquired
set extraction state False (0.75, 'red', 1.5)
CO2 acquired
executed 0
WaitForCO2Access.py completed successfully
gosub finished
doing GOSUB
testing...
no interpolation path defined
executed 0
Prepare for CO2 analysis
close () {'description': 'Jan Inlet'}
closing name=--- desc=Jan Inlet
checking ownership. requestor=129.138.12.150
check software interlocks R
interlocks []
actuate state mode=None-script, software_lock=False
doing actuation None-script close_channel False
Close R ===>> OK
GetIndicatorState R ===>> False
change switch state (True, True)
update switch state R False args=() kw={} ncanvase=3
14:19:20 -- CLOSE  VALVE-R (Jan Inlet)
---------------------------------------- close None (Jan Inlet) result=[(True, True)]
Get Checksum: 192129876
action=close, ok=True, locked=[False]
open () {'description': 'Jan Ion Pump'}
opening name=--- desc=Jan Ion Pump
checking ownership. requestor=129.138.12.150
check software interlocks O
interlocks []
actuate state mode=None-script, software_lock=False
doing actuation None-script open_channel False
Open O ===>> OK
GetIndicatorState O ===>> OK
change switch state (True, True)
update switch state O True args=() kw={} ncanvase=3
14:19:21 -- OPEN   VALVE-O (Jan Ion Pump)
---------------------------------------- open None (Jan Ion Pump) result=[(True, True)], time=0.09 sec
action=open, ok=True, locked=[False]
close () {'description': 'Microbone to Minibone'}
closing name=--- desc=Microbone to Minibone
checking ownership. requestor=129.138.12.150
check software interlocks L
interlocks []
actuate state mode=None-script, software_lock=False
doing actuation None-script close_channel False
Close L ===>> OK
GetIndicatorState L ===>> False
change switch state (True, True)
update switch state L False args=() kw={} ncanvase=3
14:19:21 -- CLOSE  VALVE-L (Microbone to Minibone)
---------------------------------------- close None (Microbone to Minibone) result=[(True, True)]
action=close, ok=True, locked=[False]
open () {'description': 'Microbone to Turbo'}
opening name=--- desc=Microbone to Turbo
checking ownership. requestor=129.138.12.150
check software interlocks U
interlocks []
actuate state mode=None-script, software_lock=False
doing actuation None-script open_channel False
Open U ===>> OK
GetIndicatorState U ===>> OK
change switch state (True, True)
update switch state U True args=() kw={} ncanvase=3
14:19:22 -- OPEN   VALVE-U (Microbone to Turbo)
---------------------------------------- open None (Microbone to Turbo) result=[(True, True)], time=0.12 sec
action=open, ok=True, locked=[False]
open () {'description': 'Microbone to Inlet Pipette'}
opening name=--- desc=Microbone to Inlet Pipette
checking ownership. requestor=129.138.12.150
check software interlocks S
interlocks []
actuate state mode=None-script, software_lock=False
doing actuation None-script open_channel False
Open S ===>> OK
GetIndicatorState S ===>> OK
change switch state (True, True)
update switch state S True args=() kw={} ncanvase=3
14:19:22 -- OPEN   VALVE-S (Microbone to Inlet Pipette)
---------------------------------------- open None (Microbone to Inlet Pipette) result=[(True, True)], time=0.42 sec
action=open, ok=True, locked=[False]
open () {'description': 'Microbone to Getter D-50'}
opening name=--- desc=Microbone to Getter D-50
checking ownership. requestor=129.138.12.150
check software interlocks K
interlocks []
actuate state mode=None-script, software_lock=False
doing actuation None-script open_channel False
Open K ===>> OK
GetIndicatorState K ===>> OK
change switch state (True, True)
update switch state K True args=() kw={} ncanvase=3
14:19:23 -- OPEN   VALVE-K (Microbone to Getter D-50)
---------------------------------------- open None (Microbone to Getter D-50) result=[(True, True)], time=0.41 sec
action=open, ok=True, locked=[False]
open () {'description': 'Microbone to Getter NP-10'}
opening name=--- desc=Microbone to Getter NP-10
checking ownership. requestor=129.138.12.150
check software interlocks M
interlocks []
actuate state mode=None-script, software_lock=False
doing actuation None-script open_channel False
Open M ===>> OK
Get Checksum: 192129876
GetIndicatorState M ===>> OK
change switch state (True, True)
update switch state M True args=() kw={} ncanvase=3
14:19:23 -- OPEN   VALVE-M (Microbone to Getter NP-10)
---------------------------------------- open None (Microbone to Getter NP-10) result=[(True, True)], time=0.16 sec
action=open, ok=True, locked=[False]
close () {'description': 'CO2 Laser to Felix'}
closing name=--- desc=CO2 Laser to Felix
checking ownership. requestor=129.138.12.150
check software interlocks F
interlocks []
actuate state mode=None-script, software_lock=True
VALVE-F(CO2 Laser to Felix) software locked
change switch state (True, False)
---------------------------------------- close None (CO2 Laser to Felix) result=[(True, False)]
action=close, ok=True, locked=[True]
open () {'description': 'CO2 Laser to Jan'}
opening name=--- desc=CO2 Laser to Jan
checking ownership. requestor=129.138.12.150
check software interlocks A
interlocks []
actuate state mode=None-script, software_lock=False
doing actuation None-script open_channel False
Open A ===>> OK
GetIndicatorState A ===>> OK
change switch state (True, True)
update switch state A True args=() kw={} ncanvase=3
14:19:24 -- OPEN   VALVE-A (CO2 Laser to Jan)
---------------------------------------- open None (CO2 Laser to Jan) result=[(True, True)], time=0.14 sec
action=open, ok=True, locked=[False]
open () {'description': 'Microbone to CO2 Laser'}
opening name=--- desc=Microbone to CO2 Laser
checking ownership. requestor=129.138.12.150
check software interlocks T
interlocks []
actuate state mode=None-script, software_lock=False
doing actuation None-script open_channel False
Open T ===>> OK
GetIndicatorState T ===>> OK
change switch state (True, True)
update switch state T True args=() kw={} ncanvase=3
14:19:25 -- OPEN   VALVE-T (Microbone to CO2 Laser)
---------------------------------------- open None (Microbone to CO2 Laser) result=[(True, True)], time=0.43 sec
action=open, ok=True, locked=[False]
executed 0
PrepareForCO2Analysis.py completed successfully
gosub finished
set_motor ('beam', '1.25') {}
setting motor "beam" to 1.25
set motor beam to 1.25
SetMotor beam,1.25 ===>> OK
GetMotorMoving beam ===>> False
GetMotorMoving beam ===>> False
Block completed
move_to_position ('46',) {'autocenter': True}
FusionsCO2 move to position 46
sending GoToHole 46,True
GoToHole 46,True ===>> OK
Get Checksum: 192129876
GetDriveMoving ===>> OK
GetDriveMoving ===>> OK
GetDriveMoving ===>> OK
GetDriveMoving ===>> OK
GetDriveMoving ===>> OK
GetDriveMoving ===>> OK
GetDriveMoving ===>> False
GetDriveMoving ===>> OK
GetDriveMoving ===>> OK
GetDriveMoving ===>> OK
GetDriveMoving ===>> OK
GetDriveMoving ===>> False
Block completed
Get Checksum: 192129876
GetAutoCorrecting ===>> False
GetAutoCorrecting ===>> False
Block completed
update position
GetPosition ===>> 0.00000,7.97560,1.00000
got position (0.0, 7.9756, 1.0)
move to position succeeded
sleep (5,) {}
SLEEP 5.0
block started
WaitControl setup for 5.0  
Get Checksum: 192129876
Join finished
block finished. duration 5.01115083694
close () {'description': 'Microbone to Turbo'}
closing name=--- desc=Microbone to Turbo
checking ownership. requestor=129.138.12.150
check software interlocks U
interlocks []
actuate state mode=None-script, software_lock=False
doing actuation None-script close_channel True
Close U ===>> OK
Get Checksum: 38271967
State checksums do not match. Local:192129876 Remote:38271967
State checksum failed
GetIndicatorState U ===>> False
change switch state (True, True)
update switch state U False args=() kw={} ncanvase=3
14:19:36 -- CLOSE  VALVE-U (Microbone to Turbo)
---------------------------------------- close None (Microbone to Turbo) result=[(True, True)]
action=close, ok=True, locked=[False]
enable laser
enable () {}
set extraction state FusionsCO2 Enabled (False, 'red', 1.5)
enabling laser
Enable ===>> OK
begin interval
BEGIN INTERVAL Interval 1 waiting for 30.0
block started
WaitControl setup for 30.0  
set extract to 0.3
extract (0.3,) {}
GetPosition ===>> 0.00000,7.97560,1.00000
set extraction state FusionsCO2 ON! 0.3(watts) (0.75, 'red', 1.5)
extract sample to 0.3 (watts)
set laser output
SetLaserOutput 0.3,watts ===>> OK
executing pattern triangle.lp
execute_pattern ('triangle.lp',) {}
executing pattern triangle.lp
IsPatterning ===>> OK
Get Checksum: 38271967
IsPatterning ===>> OK
IsPatterning ===>> OK
IsPatterning ===>> OK
Get Checksum: 38271967
IsPatterning ===>> OK
IsPatterning ===>> OK
IsPatterning ===>> OK
IsPatterning ===>> OK
Get Checksum: 38271967
IsPatterning ===>> OK
IsPatterning ===>> OK
IsPatterning ===>> OK
Get Checksum: 38271967
IsPatterning ===>> OK
IsPatterning ===>> OK
IsPatterning ===>> OK
Get Checksum: 38271967
IsPatterning ===>> OK
IsPatterning ===>> OK
IsPatterning ===>> OK
Get Checksum: 38271967
IsPatterning ===>> OK
IsPatterning ===>> OK
IsPatterning ===>> OK
Get Checksum: 38271967
IsPatterning ===>> OK
IsPatterning ===>> OK
IsPatterning ===>> OK
Get Checksum: 38271967
IsPatterning ===>> OK
IsPatterning ===>> OK
IsPatterning ===>> OK
Get Checksum: 38271967
IsPatterning ===>> False
IsPatterning ===>> False
Block completed
COMPLETE INTERVAL waiting for Interval 1 to complete
Get Checksum: 38271967
Join finished
block finished. duration 30.06833601
Interval 1 finished
end_extract () {}
ending extraction. set laser power to 0
set laser power 0
SetLaserPower 0 ===>> OK
disable () {}
%%%%%%%%%%%%%%%%%%%%%%%%%%%%%%%%%%% disable
set extraction state False (0.75, 'red', 1.5)
disabling laser
Disable ===>> OK
sleep (30.0,) {}
SLEEP 30.0
block started
WaitControl setup for 30.0  
Get Checksum: 38271967
Get Checksum: 38271967
Get Checksum: 38271967
Get Checksum: 38271967
Get Checksum: 38271967
Get Checksum: 38271967
Get Checksum: 38271967
Get Checksum: 38271967
Get Checksum: 38271967
Get Checksum: 38271967
Join finished
block finished. duration 30.0537199974
executed 166.5
jan_co2.py completed successfully
GetAchievedOutput ===>> No Response
Requested Output= 0.000
Achieved Output=  0.000
GetResponseBlob ===>> No Response
GetOutputBlob ===>> No Response
persistence save...
persistence save - db
AutomatedRunPersister post_extraction_save deprecated
persistence save - dvc
no extraction position for 46
create new session 4991947888
close session 4991947888
Extraction Finished
14:20:37 -- ******* Extraction Finished *******
no overlap. not waiting for min ms pumptime
14:20:37 -- Sending spectrometer configuration
======== Sending configuration ========
SetDeflection CDD,50.0 ===>> OK
SetDeflection H2,0.0 ===>> OK
SetDeflection H1,0.0 ===>> OK
SetDeflection L2,825.0 ===>> OK
SetDeflection L1,400.0 ===>> OK
SetDeflection AX,190.0 ===>> OK
SetZFocus 74.64 ===>> OK
SetZSymmetry -50.72 ===>> OK
SetExtractionLens 26.13 ===>> OK
SetIonRepeller -3.81 ===>> OK
SetElectronEnergy 75.08 ===>> OK
SetYSymmetry -2.81 ===>> OK
SetIonCounterVoltage 1590.0 ===>> OK
send trap current 200.0
GetParameter Trap Current Readback ===>> 198.482695477019
SetParameter Trap Current Set,200.0 ===>> OK
updating mftable name mftable
Using mftable located at /Users/jan/PychronDev/setupfiles/spectrometer/mftables/mftable.csv
============ MFtable ===========
Isotope  H2     H1     AX     L1     L2     CDD    
Ar40     5.7836 5.8794 5.9928 6.1236 6.2312 6.3518
Ar39     5.6829 5.7716 5.8852 6.0096 6.1163 6.2383
Ar36     5.3604 5.4406 5.5486 5.6685 5.7713 5.8894
================================
get initial guess parabolic
get initial guess parabolic
get initial guess parabolic
get initial guess parabolic
get initial guess parabolic
get initial guess parabolic
======== Configuration Finished ========
GetYSymmetry ===>> -2.81
GetZSymmetry ===>> -50.72
GetParameter Trap Current Readback ===>> 198.370811206739
GetHighVoltage ===>> 4500
start measurement
do measurement
L#=65573 analysis type=unknown
Measurement Started jan_unknown120_60.py
14:20:37 -- ******* Measurement Started jan_unknown120_60.py *******
state changed from extraction to measurement
setting spec, defl, and gains
GetExtractionLens ===>> 26.13
GetYSymmetry ===>> -2.81
GetZSymmetry ===>> -50.72
GetZFocus ===>> 74.64
GetDeflection H2 ===>> 0
GetDeflection H1 ===>> 0
GetDeflection AX ===>> 190
GetDeflection L1 ===>> 400
GetDeflection L2 ===>> 825
GetDeflection CDD ===>> 50
GetGain H2 ===>> 0.0113
GetGain H1 ===>> 0.1
GetGain AX ===>> 0.097049
GetGain L1 ===>> 0.010355
GetGain L2 ===>> 0.095649
GetGain CDD ===>> 0
pre measurement save
New frame /Users/jan/PychronDev/data/isotopes/2e/dc4065-2a44-4fc4-a9a6-a89b6539a50e.h5
flush and close file /Users/jan/PychronDev/data/isotopes/2e/dc4065-2a44-4fc4-a9a6-a89b6539a50e.h5
testing...
no interpolation path defined
executed 226.132928
unknown measurement script
activate_detectors ('H2', 'H1', 'AX', 'L1', 'L2', 'CDD') {}
activate detectors
*************** Set Analysis View Ar/Ar
create graphs
clearing graphs
clear isotope group
setting isotope det=H2, iso=PM41
setting isotope det=H1, iso=Ar40
setting isotope det=AX, iso=Ar39
setting isotope det=L1, iso=Ar38
setting isotope det=L2, iso=Ar37
setting isotope det=CDD, iso=Ar36
setting previous blanks
 - setting Ar40 blank 0.746+/-0.006
 - setting Ar36 blank 0.00632+/-0.00019
 - setting Ar37 blank 0.041+/-0.005
 - setting Ar38 blank 0.0078+/-0.0024
 - setting PM41 blank 0.02+/-0.07
 - setting Ar39 blank 0.023+/-0.008
load analysis view
position_magnet ('Ar40',) {'detector': 'H1'}
detector Detector(H1)
POSITION Ar40 H1
setting detector H2 to PM41 (40.9624)
setting detector H1 to Ar40 (39.9624)
setting detector AX to Ar39 (38.9624)
setting detector L1 to Ar38 (37.9624)
setting detector L2 to Ar37 (36.9624)
setting detector CDD to Ar36 (35.9624)
Mapping mass to dac mass func: "parabolic"
H1 map mass coeffs = [-0.00063987  0.15840543  0.57096999]
H1 map mass to dac 39.9624 >> 5.87936
GetDeflection H1 ===>> 0
GetHighVoltage ===>> 4500
positioning Ar40 (5.87936) on H1
setting magnet DAC
current  : 5.879360
requested: 5.879360
Delta Dac: 0.000000
Checking detector protection. dv=0.00000
Checking detector "CDD". Protection Threshold: 0.1 (V)
SetMagnetDAC 5.87936 ===>> OK
equilibrate () {'delay': 3, 'inlet': 'R', 'outlet': 'O', 'eqtime': 12.0}
Equilibration Started
14:20:38 -- ******* Equilibration Started *******
checking ownership. requestor=129.138.12.150
check software interlocks O
interlocks []
actuate state mode=None-script, software_lock=False
doing actuation None-script close_channel True
Close O ===>> OK
GetIndicatorState O ===>> False
change switch state (True, True)
update switch state O False args=() kw={} ncanvase=3
14:20:38 -- CLOSE  VALVE-O (Jan Ion Pump)
waiting 3s before opening inlet value ('R',)
Get Checksum: 1838806504
checking ownership. requestor=129.138.12.150
check software interlocks R
interlocks []
actuate state mode=None-script, software_lock=False
doing actuation None-script open_channel True
Open R ===>> OK
GetIndicatorState R ===>> OK
change switch state (True, True)
update switch state R True args=() kw={} ncanvase=3
14:20:41 -- OPEN   VALVE-R (Jan Inlet)
set_time_zero () {}
equilibrating for 12.0sec
sniff (12.0,) {}
py_sniff
build tables- sniff [Detector(H2), Detector(H1), Detector(AX), Detector(L1), Detector(L2), Detector(CDD)]
add group /sniff/PM41 (Group) '' table H2
add group /sniff/Ar40 (Group) '' table H1
add group /sniff/Ar39 (Group) '' table AX
add group /sniff/Ar38 (Group) '' table L1
add group /sniff/Ar37 (Group) '' table L2
add group /sniff/Ar36 (Group) '' table CDD
flush and close file /Users/jan/PychronDev/data/isotopes/2e/dc4065-2a44-4fc4-a9a6-a89b6539a50e.h5
measuring sniff. ncounts=12.0
starting measurement
GetData ===>> H2,0.137270976481849,H1,6.30426463245033,AX,2.14556628403525,L1,0.0482060881764047,L2,0.136602262...
Get Checksum: 1775861429
GetData ===>> H2,0.99086182859465,H1,35.1488094883333,AX,9.65048596371262,L1,0.204339525878244,L2,0.29244431045...
GetData ===>> H2,0.432387337957839,H1,48.0558512981772,AX,11.965592984176,L1,0.220439490898113,L2,0.26714999598...
GetData ===>> H2,0.0861361327564064,H1,52.0101901709871,AX,12.6349926046524,L1,0.227183782688143,L2,0.160380582...
Get Checksum: 1775861429
GetData ===>> H2,-0.0383138972596589,H1,53.615697576022,AX,12.8218641443963,L1,0.210132482314037,L2,0.094511444...
GetData ===>> H2,-0.0211303322065503,H1,54.2189862552479,AX,12.8991045187978,L1,0.222430689323948,L2,0.13922500...
GetData ===>> H2,0.0116039939590864,H1,54.4910557341024,AX,12.9023074017176,L1,0.210604062635095,L2,0.100130843...
Get Checksum: 1775861429
GetData ===>> H2,-0.0473861435232336,H1,54.4791454999973,AX,12.8326700839026,L1,0.212502727919532,L2,0.13559879...
GetData ===>> H2,-0.145015909310085,H1,54.738798659307,AX,12.9867309515898,L1,0.239424199324224,L2,0.1312315750...
GetData ===>> H2,-0.0132751102108857,H1,54.7751866425042,AX,12.8913635960045,L1,0.248239906821645,L2,0.15115366...
GetData ===>> H2,0.0556467860520463,H1,54.7787120428334,AX,12.88117514641,L1,0.272305829994222,L2,0.12688735390...
Equilibration Finished
14:20:53 -- ******* Equilibration Finished *******
checking ownership. requestor=129.138.12.150
check software interlocks R
interlocks []
actuate state mode=None-script, software_lock=False
doing actuation None-script close_channel True
GetData ===>> H2,0.0210730064008686,H1,54.85860879397,AX,12.7767308565255,L1,0.250511179553689,L2,0.10041581172...
Close R ===>> OK
Get Checksum: 1838806504
State checksums do not match. Local:1775861429 Remote:1838806504
State checksum failed
GetIndicatorState R ===>> False
change switch state (True, True)
update switch state R False args=() kw={} ncanvase=3
14:20:54 -- CLOSE  VALVE-R (Jan Inlet)
Post Equilibration Started jan_pump_extraction_line.py
14:20:54 -- ******* Post Equilibration Started jan_pump_extraction_line.py *******
testing...
no interpolation path defined
calculate duration
testing...
no interpolation path defined
executed 4.0
executed 4.0
Pump after analysis
doing GOSUB
testing...
no interpolation path defined
executed 4.0
Pump Microbone
close () {'description': 'Jan Inlet'}
closing name=--- desc=Jan Inlet
checking ownership. requestor=129.138.12.150
check software interlocks R
interlocks []
actuate state mode=None-script, software_lock=False
doing actuation None-script close_channel False
measurement finished
estimated time: 12.583 actual time: :12.669
flush and close file /Users/jan/PychronDev/data/isotopes/2e/dc4065-2a44-4fc4-a9a6-a89b6539a50e.h5
set_fits () {}
using default fits file=/Users/jan/PychronDev/scripts/measurement/fits/nominal_linear.yaml
Close R ===>> OK
set "Ar40" to "('Linear', 'SEM')"
No fit for "PM41". defaulting to linear. check the measurement script "jan_unknown120_60.py"
set "PM41" to "linear"
set "Ar36" to "('Linear', 'SEM')"
set "Ar37" to "('linear', 'SEM')"
set "Ar38" to "('linear', 'SEM')"
set "Ar39" to "('Linear', 'SEM')"
set_baseline_fits () {}
using default fits file=/Users/jan/PychronDev/scripts/measurement/fits/nominal_linear.yaml
set "H1" to "('average', 'SEM')"
set "H2" to "('average', 'SEM')"
set "CDD" to "('average', 'SEM')"
set "L2" to "('average', 'SEM')"
set "L1" to "('average', 'SEM')"
set "AX" to "('average', 'SEM')"
multicollect () {'integration_time': 1, 'ncounts': 120}
build tables- signal [Detector(H2), Detector(H1), Detector(AX), Detector(L1), Detector(L2), Detector(CDD)]
add group /signal/PM41 (Group) '' table H2
add group /signal/Ar40 (Group) '' table H1
add group /signal/Ar39 (Group) '' table AX
add group /signal/Ar38 (Group) '' table L1
add group /signal/Ar37 (Group) '' table L2
GetIndicatorState R ===>> False
add group /signal/Ar36 (Group) '' table CDD
change switch state (True, True)
flush and close file /Users/jan/PychronDev/data/isotopes/2e/dc4065-2a44-4fc4-a9a6-a89b6539a50e.h5
update switch state R False args=() kw={} ncanvase=3
measuring signal. ncounts=120
14:20:55 -- CLOSE  VALVE-R (Jan Inlet)
---------------------------------------- close None (Jan Inlet) result=[(True, True)]
action=close, ok=True, locked=[False]
is_closed ('F',) {}
is F () closed?
is closed True
open () {'description': 'CO2 Laser to Jan'}
opening name=--- desc=CO2 Laser to Jan
checking ownership. requestor=129.138.12.150
check software interlocks A
interlocks []
actuate state mode=None-script, software_lock=False
doing actuation None-script open_channel False
Open A ===>> OK
GetIndicatorState A ===>> OK
change switch state (True, True)
update switch state A True args=() kw={} ncanvase=3
14:20:55 -- OPEN   VALVE-A (CO2 Laser to Jan)
---------------------------------------- open None (CO2 Laser to Jan) result=[(True, True)], time=0.13 sec
starting measurement
GetData ===>> H2,0.0765976084299156,H1,54.9273956626912,AX,12.9148601928957,L1,0.257788731982234,L2,0.074923229...
action=open, ok=True, locked=[False]
sleep (1,) {}
SLEEP 1.0
GetData ===>> H2,0.0723012650751969,H1,54.8369894770438,AX,13.104970527336,L1,0.260515657839577,L2,0.0875702904...
close () {'description': 'CO2 Laser to Roughing'}
closing name=--- desc=CO2 Laser to Roughing
checking ownership. requestor=129.138.12.150
check software interlocks G
interlocks []
actuate state mode=None-script, software_lock=True
VALVE-G(CO2 Laser to Roughing) software locked
change switch state (True, False)
---------------------------------------- close None (CO2 Laser to Roughing) result=[(True, False)]
action=close, ok=True, locked=[True]
open () {'description': 'Microbone to Turbo'}
opening name=--- desc=Microbone to Turbo
checking ownership. requestor=129.138.12.150
check software interlocks U
interlocks []
actuate state mode=None-script, software_lock=False
doing actuation None-script open_channel True
Open U ===>> OK
GetIndicatorState U ===>> OK
change switch state (True, True)
update switch state U True args=() kw={} ncanvase=3
14:20:57 -- OPEN   VALVE-U (Microbone to Turbo)
---------------------------------------- open None (Microbone to Turbo) result=[(True, True)], time=0.18 sec
action=open, ok=True, locked=[False]
open () {'description': 'Microbone to Getter NP-10'}
opening name=--- desc=Microbone to Getter NP-10
checking ownership. requestor=129.138.12.150
check software interlocks M
interlocks []
actuate state mode=None-script, software_lock=False
doing actuation None-script open_channel False
Open M ===>> OK
GetIndicatorState M ===>> OK
change switch state (True, True)
update switch state M True args=() kw={} ncanvase=3
14:20:57 -- OPEN   VALVE-M (Microbone to Getter NP-10)
---------------------------------------- open None (Microbone to Getter NP-10) result=[(True, True)], time=0.14 sec
Get Checksum: 1695186306
action=open, ok=True, locked=[False]
open () {'description': 'Microbone to Getter D-50'}
opening name=--- desc=Microbone to Getter D-50
checking ownership. requestor=129.138.12.150
check software interlocks K
interlocks []
actuate state mode=None-script, software_lock=False
doing actuation None-script open_channel False
GetData ===>> H2,-0.0367419973696932,H1,54.5299196711773,AX,12.999219687029,L1,0.198649457867957,L2,0.151495809...
Open K ===>> OK
GetIndicatorState K ===>> OK
change switch state (True, True)
update switch state K True args=() kw={} ncanvase=3
14:20:58 -- OPEN   VALVE-K (Microbone to Getter D-50)
---------------------------------------- open None (Microbone to Getter D-50) result=[(True, True)], time=0.42 sec
action=open, ok=True, locked=[False]
open () {'description': 'Microbone to CO2 Laser'}
opening name=--- desc=Microbone to CO2 Laser
checking ownership. requestor=129.138.12.150
check software interlocks T
interlocks []
actuate state mode=None-script, software_lock=False
doing actuation None-script open_channel False
Open T ===>> OK
GetIndicatorState T ===>> OK
change switch state (True, True)
update switch state T True args=() kw={} ncanvase=3
14:20:58 -- OPEN   VALVE-T (Microbone to CO2 Laser)
---------------------------------------- open None (Microbone to CO2 Laser) result=[(True, True)], time=0.45 sec
GetData ===>> H2,-0.0368370233831276,H1,54.5230292211739,AX,12.7960430272138,L1,0.217156319388797,L2,0.19404527...
action=open, ok=True, locked=[False]
open () {'description': 'Microbone to Inlet Pipette'}
opening name=--- desc=Microbone to Inlet Pipette
checking ownership. requestor=129.138.12.150
check software interlocks S
interlocks []
actuate state mode=None-script, software_lock=False
doing actuation None-script open_channel False
Open S ===>> OK
GetIndicatorState S ===>> OK
change switch state (True, True)
update switch state S True args=() kw={} ncanvase=3
14:20:59 -- OPEN   VALVE-S (Microbone to Inlet Pipette)
---------------------------------------- open None (Microbone to Inlet Pipette) result=[(True, True)], time=0.42 sec
action=open, ok=True, locked=[False]
sleep (1,) {}
SLEEP 1.0
GetData ===>> H2,-0.139029239046905,H1,54.7285602393555,AX,12.8857622978651,L1,0.209651226216465,L2,0.160677136...
Get Checksum: 1695186306
set_resource () {'name': 'CO2PumpTimeFlag', 'value': 30}
Set CO2PumpTimeFlag 30 ===>> OK
release ('JanCO2Flag',) {}
release JanCO2Flag
Set JanCO2Flag 0 ===>> OK
executed 6.0
PumpMicrobone.py completed successfully
gosub finished
get_resource_value () {'name': 'JanMiniboneFlag'}
Read JanMiniboneFlag ===>> 0
Get Resource Value JanMiniboneFlag=0.0
get resource value 0.0
get_resource_value () {'name': 'JanMiniboneFlag'}
Read JanMiniboneFlag ===>> 0
Get Resource Value JanMiniboneFlag=0.0
executed 4.0
jan_pump_extraction_line.py completed successfully
Post Equilibration Finished
14:21:00 -- ******* Post Equilibration Finished *******
GetData ===>> H2,-0.154195626226145,H1,54.7197200101553,AX,12.8749067794115,L1,0.203623512858961,L2,0.002062995...
GetData ===>> H2,-0.338836986915151,H1,54.7361402368051,AX,12.7562604196095,L1,0.177041764794371,L2,0.056708670...
GetData ===>> H2,-0.285791619923129,H1,54.8874047912894,AX,12.7682133784175,L1,0.146301257405769,L2,0.123934308...
Get Checksum: 1695186306
GetData ===>> H2,-0.201859503420134,H1,54.8180167226921,AX,12.8745235187612,L1,0.181053506627142,L2,0.117013820...
GetData ===>> H2,-0.183244563905669,H1,54.6555176392316,AX,12.7315801263982,L1,0.232357824683024,L2,0.150982593...
GetData ===>> H2,-0.076100567946757,H1,54.7490530940461,AX,12.8943312936887,L1,0.211247823237859,L2,0.139202194...
Get Checksum: 1695186306
GetData ===>> H2,-0.131233725251596,H1,54.6391229755422,AX,12.8914748831362,L1,0.213362457258585,L2,0.124618403...
GetData ===>> H2,-0.132165682570326,H1,54.6526939634568,AX,12.7930631299376,L1,0.206853845549664,L2,0.143843475...
GetData ===>> H2,-0.223147709654971,H1,54.7166974607595,AX,12.833287997661,L1,0.188802533836287,L2,0.1346181518...
Get Checksum: 1695186306
GetData ===>> H2,-0.207644127144611,H1,54.6074705220919,AX,12.7441481747769,L1,0.172080440076705,L2,0.080219370...
GetData ===>> H2,-0.168705258234997,H1,54.6547130370719,AX,12.6932674834123,L1,0.168104899208001,L2,0.080880360...
GetData ===>> H2,-0.203524301077931,H1,54.6150186131428,AX,12.7250804354031,L1,0.184024253569183,L2,0.067440811...
Get Checksum: 1695186306
GetData ===>> H2,-0.159294006571738,H1,54.6647177911168,AX,12.7888098148936,L1,0.232878529333196,L2,0.109729037...
GetData ===>> H2,-0.0932125090874384,H1,54.6677694733416,AX,12.7668659749824,L1,0.191934391418397,L2,0.19897447...
GetData ===>> H2,-0.151210069371139,H1,54.6707301304157,AX,12.8448189434319,L1,0.159936308532294,L2,0.220097613...
Get Checksum: 1695186306
GetData ===>> H2,-0.0925947755978421,H1,54.6114495405145,AX,12.7344346821706,L1,0.156487731649093,L2,0.04925048...
GetData ===>> H2,-0.134057766820647,H1,54.6217438993826,AX,12.6853126823188,L1,0.132626824602707,L2,0.090772960...
Get Checksum: 1695186306
GetData ===>> H2,-0.113283565517175,H1,54.662106459376,AX,12.7608708599726,L1,0.150038857300609,L2,0.1087714551...
GetData ===>> H2,-0.127780129457243,H1,54.5814125421919,AX,12.8369461224886,L1,0.182681420195614,L2,0.161258840...
14:21:20 -- collecting point 25
GetData ===>> H2,-0.177011595727864,H1,54.5657135120459,AX,12.7419977812114,L1,0.184654853037687,L2,0.052762829...
Get Checksum: 1695186306
GetData ===>> H2,-0.181992578106869,H1,54.5254727081425,AX,12.7850759436919,L1,0.172127633261575,L2,0.159650608...
GetData ===>> H2,-0.219394733542259,H1,54.6324290943538,AX,12.7420472150455,L1,0.186218811742262,L2,0.094602629...
GetData ===>> H2,-0.109349514820619,H1,54.8201888004706,AX,12.7341998889034,L1,0.18795857486966,L2,0.2222204557...
Get Checksum: 1695186306
GetData ===>> H2,-0.115005130088755,H1,54.6370889699153,AX,12.674085593281,L1,0.194360851548302,L2,0.1702585901...
GetData ===>> H2,-0.11740432836011,H1,54.6474566659848,AX,12.718988889517,L1,0.176171330323939,L2,0.06309534685...
GetData ===>> H2,-0.146912605550446,H1,54.5875317404225,AX,12.725253425704,L1,0.201892258318433,L2,0.1379364291...
Get Checksum: 1695186306
GetData ===>> H2,-0.147100366624484,H1,54.6265703395547,AX,12.8584031268634,L1,0.19369572822852,L2,0.1373548671...
GetData ===>> H2,-0.148902174534505,H1,54.6857470349515,AX,12.6988510312998,L1,0.198699152802083,L2,0.097338200...
GetData ===>> H2,-0.178960526002152,H1,54.7225603605905,AX,12.6947992232588,L1,0.15077131271951,L2,0.0526259824...
Get Checksum: 1695186306
GetData ===>> H2,-0.135205847114386,H1,54.6056025524903,AX,12.7650735846976,L1,0.189714378873964,L2,0.044312891...
GetData ===>> H2,-0.188662393205153,H1,54.6051317677249,AX,12.7974279048745,L1,0.18538596167003,L2,0.2080120063...
GetData ===>> H2,-0.181684956960547,H1,54.5722874352484,AX,12.7534794219704,L1,0.174756276868335,L2,0.157597586...
Get Checksum: 1695186306
GetData ===>> H2,-0.146545179202423,H1,54.5963997850394,AX,12.735423291232,L1,0.193145731975269,L2,0.0450654872...
GetData ===>> H2,-0.105832116798317,H1,54.5921175357373,AX,12.7434190133419,L1,0.189753131072662,L2,0.194581539...
GetData ===>> H2,-0.169581047981586,H1,54.5789376149767,AX,12.8306804266027,L1,0.218887556876152,L2,0.180206066...
Get Checksum: 1695186306
GetData ===>> H2,-0.165151475120068,H1,54.537675667672,AX,12.7249074453907,L1,0.222511930510209,L2,0.0923800352...
GetData ===>> H2,-0.163216873980135,H1,54.5921023507123,AX,12.7376724119547,L1,0.207899743182539,L2,0.165000078...
GetData ===>> H2,-0.235326190349561,H1,54.7673915990795,AX,12.7312588393261,L1,0.141749289674271,L2,0.226260833...
Get Checksum: 1695186306
GetData ===>> H2,-0.206632166292388,H1,54.4234085813453,AX,12.6321258827364,L1,0.15564723549128,L2,0.0408692711...
GetData ===>> H2,-0.263123958472575,H1,54.4676308041325,AX,12.6597848577296,L1,0.165000317256825,L2,0.172106552...
Get Checksum: 1695186306
GetData ===>> H2,-0.18914241432589,H1,54.4284320300633,AX,12.717086127026,L1,0.134457908753763,L2,0.04108591906...
GetData ===>> H2,-0.155560282391202,H1,54.421010751241,AX,12.7055096816928,L1,0.134021848816784,L2,0.0500145221...
GetData ===>> H2,-0.133258504530475,H1,54.4219213143164,AX,12.7575582440267,L1,0.202947526516462,L2,0.096699893...
Get Checksum: 1695186306
GetData ===>> H2,-0.172278162972501,H1,54.5085210343054,AX,12.7436785447905,L1,0.17619675224834,L2,0.1322235901...
14:21:47 -- collecting point 50
GetData ===>> H2,-0.147797351765358,H1,54.4442860197595,AX,12.813182189585,L1,0.186463353358668,L2,0.0919811135...
GetData ===>> H2,-0.0869981613456673,H1,54.5608554034306,AX,12.79658708409,L1,0.204039060809125,L2,0.1543926795...
Get Checksum: 1695186306
GetData ===>> H2,-0.13013202923211,H1,54.4515665848445,AX,12.6542157612749,L1,0.179101323295435,L2,0.1320183447...
GetData ===>> H2,-0.26799596894201,H1,54.4578160685794,AX,12.64033754111,L1,0.196030514886281,L2,0.084367727106...
GetData ===>> H2,-0.192314626317363,H1,54.3757336289241,AX,12.4829927732006,L1,0.218489600964616,L2,0.039797441...
Get Checksum: 1695186306
GetData ===>> H2,-0.0791498031622511,H1,54.4131650025623,AX,12.589591563566,L1,0.205611754550789,L2,0.151404570...
GetData ===>> H2,-0.0835121758946363,H1,54.3934389506745,AX,12.7605618428167,L1,0.163845563093443,L2,0.08623682...
GetData ===>> H2,-0.200724334899843,H1,54.4827260392595,AX,12.7743819901071,L1,0.187264813163912,L2,0.106012758...
Get Checksum: 1695186306
GetData ===>> H2,-0.236102464901001,H1,54.3936210233305,AX,12.6932921887142,L1,0.223541445876138,L2,0.125769974...
GetData ===>> H2,-0.158682159922183,H1,54.3994171389748,AX,12.6077495935657,L1,0.180731346315359,L2,0.056868331...
GetData ===>> H2,-0.15635332885824,H1,54.2455303116576,AX,12.677407894519,L1,0.179486401723857,L2,0.16465788578...
Get Checksum: 1695186306
GetData ===>> H2,-0.281086461375536,H1,54.3416498541272,AX,12.5883811413419,L1,0.174329015470665,L2,0.109694838...
GetData ===>> H2,-0.154703675836085,H1,54.3637494189338,AX,12.6730358176268,L1,0.195351953898674,L2,0.212736509...
GetData ===>> H2,-0.133032645254075,H1,54.2983719133882,AX,12.649918747204,L1,0.201005992232827,L2,0.0954004961...
Get Checksum: 1695186306
GetData ===>> H2,-0.221391267213798,H1,54.3717741638491,AX,12.7570514725598,L1,0.199793714999834,L2,0.098044902...
GetData ===>> H2,-0.18719119044046,H1,54.5178540402112,AX,12.621574063525,L1,0.18643550921442,L2,0.063699822265...
GetData ===>> H2,-0.0867638997857533,H1,54.4692691953418,AX,12.5496180536169,L1,0.19177087150039,L2,0.217153104...
Get Checksum: 1695186306
GetData ===>> H2,-0.0415995263414093,H1,54.3732911857216,AX,12.6779266277412,L1,0.184952616099132,L2,0.11305785...
GetData ===>> H2,-0.00241806852598614,H1,54.4326228154808,AX,12.6029689057103,L1,0.170569164039546,L2,0.1312771...
Get Checksum: 1695186306
GetData ===>> H2,-0.0687899170882191,H1,54.4023911646295,AX,12.6447082391999,L1,0.173559264089432,L2,0.09132004...
GetData ===>> H2,-0.0940767377597381,H1,54.2943087280467,AX,12.57304211718,L1,0.183790663314472,L2,0.1389513205...
GetData ===>> H2,-0.167509540728652,H1,54.3955024560242,AX,12.4635366000106,L1,0.23924565838526,L2,0.1342190540...
Get Checksum: 1695186306
GetData ===>> H2,-0.232231324785366,H1,54.4456359264299,AX,12.4284844420439,L1,0.225439470829061,L2,0.073919456...
GetData ===>> H2,-0.263599959523037,H1,54.3279248770839,AX,12.6751724310397,L1,0.160129879669788,L2,0.094454454...
GetData ===>> H2,-0.158226967808637,H1,54.2395341625069,AX,12.6300006055957,L1,0.152363316507035,L2,0.068011097...
Get Checksum: 1695186306
14:22:13 -- collecting point 75
GetData ===>> H2,-0.119088741649414,H1,54.4179452367581,AX,12.6522277527401,L1,0.193272931107066,L2,0.104188870...
GetData ===>> H2,-0.117131010432361,H1,54.3947438104633,AX,12.5800320833294,L1,0.16782911296098,L2,0.1966011238...
GetData ===>> H2,-0.21592775114819,H1,54.3638556031817,AX,12.5925312192545,L1,0.15505106962625,L2,0.21371795763...
Get Checksum: 1695186306
GetData ===>> H2,-0.199551297641849,H1,54.3627937646893,AX,12.5538283146444,L1,0.17237570360847,L2,0.1233072254...
GetData ===>> H2,-0.230551668899396,H1,54.306938382214,AX,12.536309321353,L1,0.168461739020415,L2,0.08551881403...
GetData ===>> H2,-0.200112213390817,H1,54.1574382211378,AX,12.6563396386003,L1,0.154356997714079,L2,0.111268030...
Get Checksum: 1695186306
GetData ===>> H2,-0.25627557320681,H1,54.2295555022448,AX,12.502538988201,L1,0.185146287813579,L2,0.07822503198...
GetData ===>> H2,-0.267940861385581,H1,54.179507194528,AX,12.6113321656979,L1,0.21397122350343,L2,0.12266874522...
GetData ===>> H2,-0.125059968619955,H1,54.3260899370799,AX,12.5152632854436,L1,0.177454611668711,L2,0.074911822...
Get Checksum: 1695186306
GetData ===>> H2,-0.178848512087098,H1,54.3159148408338,AX,12.4185116598841,L1,0.188101449652524,L2,0.095366301...
GetData ===>> H2,-0.187473039691361,H1,54.2662944739714,AX,12.5754132189328,L1,0.184855781625945,L2,0.114152282...
GetData ===>> H2,-0.255338629248384,H1,54.1365550409138,AX,12.5413585370715,L1,0.191414770557578,L2,0.095560070...
Get Checksum: 1695186306
GetData ===>> H2,-0.165622587559817,H1,54.1571047907417,AX,12.5277792983045,L1,0.178992341484419,L2,0.136647874...
GetData ===>> H2,-0.155086049221217,H1,54.1419800947372,AX,12.6222535979748,L1,0.151266898358438,L2,0.128369611...
GetData ===>> H2,-0.228792338458653,H1,54.2664763648177,AX,12.5385190945296,L1,0.147298057728404,L2,0.241316736...
Get Checksum: 1695186306
GetData ===>> H2,-0.11221286976181,H1,54.169017891757,AX,12.5296802845933,L1,0.165915749746983,L2,-0.0123656406...
GetData ===>> H2,-0.0626956345347151,H1,54.270008130293,AX,12.6431155058428,L1,0.185704325078332,L2,0.222425894...
Get Checksum: 1695186306
GetData ===>> H2,-0.118370359795967,H1,54.226780421249,AX,12.5255574104888,L1,0.173002562021235,L2,0.1349602369...
GetData ===>> H2,-0.0965268345213073,H1,54.1839184169416,AX,12.4757625953849,L1,0.191102284087703,L2,0.13811888...
GetData ===>> H2,-0.185057539290693,H1,54.2728275499241,AX,12.5711526843122,L1,0.173202245123164,L2,0.077564060...
GetData ===>> H2,-0.0764136604185323,H1,54.2723576423136,AX,12.5140784158308,L1,0.17590379869151,L2,0.184666795...
GetData ===>> H2,-0.141533754424863,H1,54.1886026659554,AX,12.4473835238021,L1,0.177711287391645,L2,0.113092053...
Get Checksum: 1695186306
GetData ===>> H2,-0.14865501693007,H1,54.1767332051796,AX,12.4498649787908,L1,0.178129004673103,L2,0.0187737563...
GetData ===>> H2,-0.142485136098773,H1,54.286607225299,AX,12.5581745699931,L1,0.194122177519249,L2,0.1725742521...
GetData ===>> H2,-0.147945928329295,H1,54.2768748905428,AX,12.495443187009,L1,0.171695642291468,L2,0.1084180639...
Get Checksum: 1695186306
14:22:39 -- collecting point 100
GetData ===>> H2,-0.130087428770525,H1,54.2687348644861,AX,12.4023202771513,L1,0.182153288701596,L2,0.086612929...
GetData ===>> H2,-0.13407129023288,H1,54.2463486889402,AX,12.4525193372545,L1,0.172549961523919,L2,0.0686612269...
GetData ===>> H2,-0.219509254116749,H1,54.1036914365937,AX,12.4815121496196,L1,0.180391030163279,L2,0.171992479...
Get Checksum: 1695186306
GetData ===>> H2,-0.242456841236694,H1,54.0679738324613,AX,12.4527045275931,L1,0.1725487513892,L2,0.14409436209...
GetData ===>> H2,-0.25889779617547,H1,54.1817658425619,AX,12.4638573443207,L1,0.200236179444405,L2,0.1237404822...
GetData ===>> H2,-0.127801758342337,H1,54.1361004379743,AX,12.3477793815749,L1,0.199977971826783,L2,0.097771339...
Get Checksum: 1695186306
GetData ===>> H2,-0.120710683400335,H1,54.200427751244,AX,12.4532601005955,L1,0.16580932799173,L2,0.12919056467...
GetData ===>> H2,-0.0961652448404941,H1,54.0668682312942,AX,12.5408647153875,L1,0.17359315128748,L2,0.194273470...
GetData ===>> H2,-0.260091333365277,H1,54.16043913404,AX,12.4620809267786,L1,0.165008781908373,L2,0.09666569871...
Get Checksum: 1695186306
GetData ===>> H2,-0.212342966412925,H1,54.1558013893995,AX,12.4398284150145,L1,0.163603746393618,L2,0.072448035...
GetData ===>> H2,-0.240529429332404,H1,54.095965404597,AX,12.3553647796889,L1,0.154529906659673,L2,0.1109830299...
GetData ===>> H2,-0.055852659063612,H1,54.0670045377678,AX,12.4283116381366,L1,0.198648245799425,L2,0.175939476...
Get Checksum: 1695186306
GetData ===>> H2,-0.181660670724604,H1,54.061219213757,AX,12.4761327287498,L1,0.181422913540753,L2,0.1214944088...
GetData ===>> H2,-0.107745293257822,H1,54.1886481449467,AX,12.5107090169322,L1,0.166127387234213,L2,0.117321640...
GetData ===>> H2,-0.073591450805557,H1,54.1133875135392,AX,12.4146610406299,L1,0.175799693263793,L2,0.120810336...
Get Checksum: 1695186306
GetData ===>> H2,-0.119145560873179,H1,54.1500574891428,AX,12.4102675602278,L1,0.181451982195742,L2,0.106993112...
GetData ===>> H2,-0.138779162625923,H1,54.0760768193951,AX,12.307012764508,L1,0.178135058673009,L2,0.1045878426...
Get Checksum: 1695186306
GetData ===>> H2,-0.23423366507809,H1,54.0966622431232,AX,12.54045731427,L1,0.173863042650705,L2,0.059787907518...
GetData ===>> H2,-0.160518951257234,H1,54.0162979251001,AX,12.4720489971658,L1,0.193257182556814,L2,0.219013384...
GetData ===>> H2,-0.0625505725060116,H1,54.0470571391889,AX,12.4726165151849,L1,0.195755449885462,L2,0.09517253...
Get Checksum: 1695186306
GetData ===>> H2,-0.0644823217211072,H1,53.9175096889152,AX,12.4559253822627,L1,0.196423131566016,L2,0.06550186...
measurement finished
estimated time: 125.829 actual time: :126.088
flush and close file /Users/jan/PychronDev/data/isotopes/2e/dc4065-2a44-4fc4-a9a6-a89b6539a50e.h5
baselines () {'settling_time': 15.0, 'detector': 'H1', 'mass': 34.2, 'ncounts': 60}
%%%%%%%%%%%%%%%%%%%%%%%%%%%%%%%% Baseline
build tables- baseline [Detector(H2), Detector(H1), Detector(AX), Detector(L1), Detector(L2), Detector(CDD)]
add group baseline table H2
add group baseline table H1
add group baseline table AX
add group baseline table L1
add group baseline table L2
add group baseline table CDD
flush and close file /Users/jan/PychronDev/data/isotopes/2e/dc4065-2a44-4fc4-a9a6-a89b6539a50e.h5
detector Detector(H1)
POSITION 34.2 H1
Mapping mass to dac mass func: "parabolic"
H1 map mass coeffs = [-0.00063987  0.15840543  0.57096999]
H1 map mass to dac 34.2 >> 5.24001599104
GetDeflection H1 ===>> 0
GetHighVoltage ===>> 4500
positioning 34.2 (5.24001599104) on H1
setting magnet DAC
current  : 5.879360
requested: 5.240016
Delta Dac: 0.639344
Checking detector protection. dv=0.63934
Checking detector "CDD". Protection Threshold: 0.1 (V)
ProtectDetector CDD,On ===>> OK
GetDeflection CDD ===>> 2000
SetMagnetDAC 5.24001599104 ===>> OK
Magnet settling time: 0.500
GetMagnetMoving ===>> True
GetMagnetMoving ===>> True
GetMagnetMoving ===>> True
GetMagnetMoving ===>> True
GetMagnetMoving ===>> True
Get Checksum: 1695186306
GetMagnetMoving ===>> True
GetMagnetMoving ===>> True
GetMagnetMoving ===>> True
GetMagnetMoving ===>> False
ProtectDetector CDD,Off ===>> OK
GetDeflection CDD ===>> 50
Delaying 15.0s for detectors to settle
Get Checksum: 1695186306
Get Checksum: 1695186306
Get Checksum: 1695186306
Get Checksum: 1695186306
Get Checksum: 1695186306
Join finished
measuring baseline. ncounts=60
starting measurement
GetData ===>> H2,-0.257119697130407,H1,-0.0649684176794228,AX,-0.0436435454208939,L1,-0.0622314067289331,L2,-0....
GetData ===>> H2,-0.104806391651965,H1,-0.138815892634425,AX,-0.058218097535659,L1,-0.0581357279931031,L2,0.091...
Get Checksum: 1695186306
GetData ===>> H2,-0.132282002784174,H1,-0.0199213375698946,AX,-0.0645713161469225,L1,-0.0340129311835556,L2,-0....
GetData ===>> H2,-0.09976573156143,H1,-0.0572195700325072,AX,-0.0445364009539226,L1,-0.0203450344911372,L2,0.00...
GetData ===>> H2,-0.0795766308654565,H1,-0.0654929333756325,AX,0.0103140449486117,L1,-0.0321150574708571,L2,0.0...
Get Checksum: 1695186306
GetData ===>> H2,-0.2513708782085,H1,-0.0734080182743789,AX,-0.0175151975512402,L1,-0.030609675103392,L2,0.0281...
GetData ===>> H2,-0.145603594841589,H1,-0.0479559293791841,AX,0.00678709792759361,L1,-0.008564296148642,L2,-0.1...
GetData ===>> H2,-0.100025669899693,H1,-0.066565797827489,AX,0.0143864354958284,L1,-0.0369370758158855,L2,-0.03...
Get Checksum: 1695186306
GetData ===>> H2,-0.189692525856762,H1,-0.108672601280113,AX,-0.138744820913042,L1,-0.0199194117367327,L2,-0.04...
GetData ===>> H2,-0.219538894547017,H1,0.0190611048910273,AX,-0.0391095681846575,L1,-0.0187479569798178,L2,-0.0...
GetData ===>> H2,-0.182912693224936,H1,0.0310165353276439,AX,-0.0545775627090248,L1,-0.0165869425476936,L2,-0.0...
Get Checksum: 1695186306
GetData ===>> H2,-0.190494723913693,H1,-0.0027461224145096,AX,-0.0366511597303863,L1,-0.0364865759101727,L2,0.0...
GetData ===>> H2,-0.237796091947931,H1,-0.0322999775108855,AX,-0.0649191081102732,L1,-0.0204193667589368,L2,-0....
GetData ===>> H2,-0.229678095295738,H1,-0.00433256790268717,AX,-0.201061041195631,L1,0.0163031238208895,L2,0.07...
Get Checksum: 1695186306
GetData ===>> H2,-0.26524832772118,H1,-0.0248825177597166,AX,-0.0203220407905381,L1,0.00541180538241727,L2,-0.0...
GetData ===>> H2,-0.233838069525803,H1,-0.0242146809039888,AX,-0.108244262137543,L1,0.010662750159258,L2,0.0440...
Get Checksum: 1695186306
GetData ===>> H2,-0.2778196272785,H1,-0.0287463435235001,AX,-0.193632948344362,L1,0.0182175823834874,L2,-0.0263...
GetData ===>> H2,-0.274756026398991,H1,-0.0173810227115155,AX,-0.0608034901988327,L1,-0.00860866421527182,L2,-0...
GetData ===>> H2,-0.206346483191377,H1,-0.100462390726164,AX,0.0210232888447221,L1,-0.049088159397711,L2,-0.010...
Get Checksum: 1695186306
GetData ===>> H2,-0.211064719825382,H1,-0.0637286423773585,AX,-0.0309223632206314,L1,-0.0737747849365534,L2,0.0...
GetData ===>> H2,-0.25535610524217,H1,-0.106539679575301,AX,-0.217896723562214,L1,-0.0565630603950425,L2,-0.035...
set states for children of V. state=True
handle state [('V', True)]
update switch state V True args=() kw={'refresh': False} ncanvase=3
refresh_canvas_needed fired
GetData ===>> H2,-0.177863281728847,H1,-0.0751840582477346,AX,-0.0795368394794078,L1,-0.0308839421424353,L2,-0....
Get Checksum: -1097334291
GetData ===>> H2,-0.07167975839457,H1,-0.0127176478137202,AX,-0.0280694359415026,L1,0.0155369618742828,L2,0.059...
GetData ===>> H2,-0.126084837364081,H1,-0.0138745667102256,AX,-0.0767780701927906,L1,-0.00701728722358672,L2,-0...
14:23:45 -- collecting point 25
GetData ===>> H2,-0.172917604810416,H1,-0.0534879878139048,AX,-0.100352593319589,L1,-0.0614992607836719,L2,-0.0...
Get Checksum: -1097334291
GetData ===>> H2,-0.100016193085556,H1,-0.104621202773303,AX,-0.0724658875685243,L1,-0.0324623292828552,L2,0.00...
GetData ===>> H2,-0.177084484199399,H1,-0.0770911801664774,AX,-0.0166452916870399,L1,-0.0476891625931017,L2,-0....
GetData ===>> H2,-0.264164680482876,H1,-0.00563271876641276,AX,-0.00995255590278722,L1,-0.0103136887645426,L2,0...
Get Checksum: -1097334291
GetData ===>> H2,-0.260201624924973,H1,-0.0477651632890595,AX,-0.127513004214559,L1,-0.00938927037119308,L2,-0....
GetData ===>> H2,-0.225538134031216,H1,-0.160454527414289,AX,-0.0974205767590737,L1,-0.0145725900284136,L2,-0.0...
GetData ===>> H2,-0.140562019457542,H1,-0.0418154633277322,AX,-0.0788993157112174,L1,-0.0365872212575918,L2,-0....
Get Checksum: -1097334291
GetData ===>> H2,-0.190266878482171,H1,-0.099163471306407,AX,-0.15973000125629,L1,-0.0495129658867946,L2,0.0523...
GetData ===>> H2,-0.199311281926346,H1,-0.0764952084715496,AX,-0.128184966033353,L1,-0.0649178770230862,L2,-0.0...
GetData ===>> H2,-0.153560532192297,H1,0.0323052298354167,AX,-0.0236507127713242,L1,-0.0553241419412605,L2,-0.0...
Get Checksum: -1097334291
GetData ===>> H2,-0.0592556753173726,H1,-0.0166892826144903,AX,-0.0886935381821464,L1,-0.0107345048134526,L2,-0...
GetData ===>> H2,-0.131485320691573,H1,-0.0561108396857744,AX,-0.00550980991207177,L1,0.00101899051597749,L2,0....
GetData ===>> H2,-0.253249380846428,H1,0.0167823375428757,AX,-0.218464428045107,L1,0.008105332562572,L2,-0.0075...
Get Checksum: -1097334291
GetData ===>> H2,-0.206744011955893,H1,-0.0399911357710224,AX,-0.13491830553607,L1,-0.0132877975646335,L2,-0.06...
GetData ===>> H2,-0.149859690559988,H1,0.00701166664651711,AX,-0.0135251653684022,L1,-0.079827401872505,L2,0.05...
Get Checksum: -1097334291
GetData ===>> H2,-0.157943307690955,H1,-0.111973178199975,AX,0.00526730160171696,L1,-0.0642397486639339,L2,0.01...
GetData ===>> H2,-0.160113802288401,H1,-0.0913696006403118,AX,-0.133838529928747,L1,-0.029080109927284,L2,0.033...
GetData ===>> H2,-0.26898113909027,H1,-0.0240357952752788,AX,-0.0717239874194594,L1,-0.041662513495553,L2,9.118...
Get Checksum: -1097334291
GetData ===>> H2,-0.201579092336933,H1,0.0329137857858488,AX,0.0443370816998096,L1,-0.0486274334625714,L2,-0.14...
GetData ===>> H2,-0.13442830248611,H1,0.0192639296296317,AX,-0.1176415818736,L1,-0.0481774573485119,L2,0.004445...
GetData ===>> H2,-0.192937370153296,H1,-0.0669949403874657,AX,-0.077601072578357,L1,-0.0347658638551246,L2,0.00...
Get Checksum: -1097334291
GetData ===>> H2,-0.145311782384411,H1,-0.0315487164138205,AX,-0.0561195893100503,L1,-0.00431364819042288,L2,-0...
GetData ===>> H2,-0.195798109727271,H1,-0.0899752203041391,AX,-0.0218530120772165,L1,0.00731699638777117,L2,0.0...
GetData ===>> H2,-0.246699487564239,H1,0.0735897302142298,AX,-0.0202872457086664,L1,-0.0179924941592757,L2,-0.0...
Get Checksum: -1097334291
GetData ===>> H2,-0.309351998290534,H1,-0.0410881210332057,AX,-0.103041163254143,L1,-0.0313869452170373,L2,0.00...
14:24:11 -- collecting point 50
GetData ===>> H2,-0.345152261356146,H1,0.0249431891518938,AX,-0.0676202500412267,L1,-0.00686617128071216,L2,-0....
GetData ===>> H2,-0.28118580771066,H1,-0.045762097387647,AX,-0.0627975577977526,L1,-0.0104923279259019,L2,-0.01...
Get Checksum: -1097334291
GetData ===>> H2,-0.207665685911352,H1,-0.0271602849460482,AX,0.0158831688515858,L1,-0.0301030398953331,L2,-0.0...
GetData ===>> H2,-0.246005272046664,H1,-0.0793558402351067,AX,-0.0392603176256528,L1,-0.070742870287564,L2,-0.0...
GetData ===>> H2,-0.215684043344771,H1,-0.0840161110043035,AX,0.0418650212496091,L1,-0.0494854437570842,L2,-0.0...
GetData ===>> H2,-0.217896428080989,H1,-0.092799714132563,AX,-0.0540094414858909,L1,-0.033468152362084,L2,-0.01...
GetData ===>> H2,-0.145887294198265,H1,-0.00438028015945486,AX,-0.179597982365027,L1,0.00792534170003368,L2,-0....
Get Checksum: -1097334291
GetData ===>> H2,-0.163789323519636,H1,-0.0314056184226306,AX,-0.108742539857649,L1,-0.00879932476219492,L2,0.0...
GetData ===>> H2,-0.144787581888951,H1,-0.0169039610872666,AX,-0.114675324983393,L1,0.00949737050139087,L2,-0.1...
GetData ===>> H2,-0.188462827871808,H1,-0.0485043798627459,AX,-0.110341646465647,L1,0.00604882852276945,L2,-0.0...
Get Checksum: -1097334291
GetData ===>> H2,-0.231060437191167,H1,-0.0720014676053314,AX,-0.0360017584491526,L1,-0.0350690468952997,L2,0.0...
measurement finished
estimated time: 62.915 actual time: :63.070
flush and close file /Users/jan/PychronDev/data/isotopes/2e/dc4065-2a44-4fc4-a9a6-a89b6539a50e.h5
activate_detectors ('H1', 'AX', 'CDD') {'peak_center': True}
peak_center () {'detector': 'H1', 'integration_time': 0.262144, 'isotope': 'Ar40'}
peak center: mean=54.0733920715 threshold=3
peak center started
setup peak center. detector=['H1', 'AX', 'CDD'], isotope=Ar40
VersionedUnpickler [<apptools.sweet_pickle.versioned_unpickler.VersionedUnpickler object at 0x146e12a70>] using Updater [<apptools.sweet_pickle.updater.Updater object at 0x135269b30>]
VersionedUnpickler [<apptools.sweet_pickle.versioned_unpickler.VersionedUnpickler object at 0x146e12a70>] using Updater [<apptools.sweet_pickle.updater.Updater object at 0x135269b30>]
VersionedUnpickler [<apptools.sweet_pickle.versioned_unpickler.VersionedUnpickler object at 0x146e12a70>] using Updater [<apptools.sweet_pickle.updater.Updater object at 0x135269b30>]
setting integration time = 0.524288
SetIntegrationTime 0.524288 ===>> OK
Mapping mass to dac mass func: "parabolic"
H1 map mass coeffs = [-0.00063987  0.15840543  0.57096999]
H1 map mass to dac 39.9624 >> 5.87936
GetDeflection H1 ===>> 0
GetHighVoltage ===>> 4500
do peak center. <pychron.spectrometer.jobs.peak_center.PeakCenter object at 0x1352d1770>
doing pc
starting peak center. center dac= 5.87936 step_width=0.001
width = 0.001
get scan parameters. half-width=0.015,window=0.015, i=0, scalar=1
Scan parameters center=5.87936 width=0.03000 (5.86436 - 5.89436)
GetData ===>> H2,-0.286028028843593,H1,-0.0855893503398651,AX,0.00839973218923619,L1,-0.0394623769676978,L2,-0....
Moving to starting dac 5.86436
setting magnet DAC
current  : 5.240016
requested: 5.864360
Delta Dac: 0.624344
Checking detector protection. dv=0.62434
Checking detector "CDD". Protection Threshold: 0.1 (V)
ProtectDetector CDD,On ===>> OK
GetDeflection CDD ===>> 2000
SetMagnetDAC 5.86436 ===>> OK
Magnet settling time: 0.500
GetMagnetMoving ===>> True
GetMagnetMoving ===>> True
Get Checksum: -1097334291
GetMagnetMoving ===>> True
GetMagnetMoving ===>> True
GetMagnetMoving ===>> True
GetMagnetMoving ===>> True
GetMagnetMoving ===>> True
GetMagnetMoving ===>> True
GetMagnetMoving ===>> False
ProtectDetector CDD,Off ===>> OK
GetDeflection CDD ===>> 50
Wait until signal near baseline. tol= -0.0641920127549. timeout= 10
GetData ===>> H2,-0.00755102301299912,H1,0.101165749928689,AX,-0.00720341324047043,L1,0.0638592488161892,L2,-0....
GetData ===>> H2,2.84166861522198,H1,1.60361985243112,AX,0.0617497181123736,L1,0.0291055607722459,L2,0.06829954...
GetData ===>> H2,3.49066966038811,H1,2.00646860777896,AX,0.00481484773709489,L1,-0.0361810392182298,L2,-0.11884...
Get Checksum: -1097334291
GetData ===>> H2,1.81085875858034,H1,0.859082525138333,AX,0.00442040249411606,L1,-0.0261283452675052,L2,-0.1733...
GetData ===>> H2,0.637365755715826,H1,0.444274104491416,AX,-0.024230609137951,L1,0.0149356621998829,L2,-0.13133...
GetData ===>> H2,0.105469105649674,H1,0.2065042102392,AX,-0.034830505897252,L1,0.0171791425492065,L2,-0.1140399...
GetData ===>> H2,-0.140434091775951,H1,0.107983044271953,AX,0.00370112410692551,L1,-0.0142442165145208,L2,-0.12...
GetData ===>> H2,-0.162644395519648,H1,0.125219043225733,AX,-0.0943725765447963,L1,-0.0431904686027257,L2,0.001...
GetData ===>> H2,-0.195272656683448,H1,0.0516257034881341,AX,-0.0521775178087714,L1,-0.0264539370848866,L2,0.03...
Get Checksum: -1097334291
GetData ===>> H2,-0.243327568195824,H1,0.00399356916169782,AX,-0.0734164388678892,L1,-0.0257165522849362,L2,0.0...
GetData ===>> H2,-0.183868848165667,H1,0.0965416955235778,AX,-0.0460322055024893,L1,-0.0184044200575812,L2,-0.0...
GetData ===>> H2,-0.160483838919838,H1,-0.0654571710290817,AX,-0.243531375193946,L1,-0.0300826147255075,L2,-0.0...
Peak center baseline intensity achieved
_do_sweep sm= 5.86436, em= 5.89436, stm= 0.001
calculated step values: start=5.86436, end=5.89436, width=0.001, nsteps=31.0
setting magnet DAC
current  : 5.864360
requested: 5.864360
Delta Dac: 0.000000
Checking detector protection. dv=0.00000
Checking detector "CDD". Protection Threshold: 0.1 (V)
SetMagnetDAC 5.86436 ===>> OK
GetData ===>> H2,-0.160483838919838,H1,-0.0654571710290817,AX,-0.243531375193946,L1,-0.0300826147255075,L2,-0.0...
setting magnet DAC
current  : 5.864360
requested: 5.865394
Delta Dac: 0.001034
Checking detector protection. dv=0.00103
Checking detector "CDD". Protection Threshold: 0.1 (V)
SetMagnetDAC 5.86539448276 ===>> OK
Magnet settling time: 1.049
GetData ===>> H2,-0.0307102969103888,H1,-0.00514367317518953,AX,-0.157746691425398,L1,0.00294202505030297,L2,0....
setting magnet DAC
current  : 5.865394
requested: 5.866429
Delta Dac: 0.001034
Checking detector protection. dv=0.00103
Checking detector "CDD". Protection Threshold: 0.1 (V)
SetMagnetDAC 5.86642896552 ===>> OK
Magnet settling time: 1.049
Get Checksum: -1097334291
GetData ===>> H2,-0.105274630636843,H1,0.0962556785512049,AX,0.0280899464900428,L1,0.0217684351684148,L2,0.0070...
setting magnet DAC
current  : 5.866429
requested: 5.867463
Delta Dac: 0.001034
Checking detector protection. dv=0.00103
Checking detector "CDD". Protection Threshold: 0.1 (V)
SetMagnetDAC 5.86746344828 ===>> OK
Magnet settling time: 1.049
GetData ===>> H2,-0.190058449746192,H1,1.06445441740102,AX,0.108406588102907,L1,-0.0234082841617099,L2,0.020475...
setting magnet DAC
current  : 5.867463
requested: 5.868498
Delta Dac: 0.001034
Checking detector protection. dv=0.00103
Checking detector "CDD". Protection Threshold: 0.1 (V)
SetMagnetDAC 5.86849793103 ===>> OK
Magnet settling time: 1.049
GetData ===>> H2,-0.217858377570493,H1,3.81742728304084,AX,0.431163131913548,L1,-0.000783670930244634,L2,-0.045...
setting magnet DAC
current  : 5.868498
requested: 5.869532
Delta Dac: 0.001034
Checking detector protection. dv=0.00103
Checking detector "CDD". Protection Threshold: 0.1 (V)
SetMagnetDAC 5.86953241379 ===>> OK
Magnet settling time: 1.049
Get Checksum: -1097334291
GetData ===>> H2,-0.234858954595658,H1,10.2814118841447,AX,1.62648069636585,L1,0.0162456980792172,L2,0.02938241...
setting magnet DAC
current  : 5.869532
requested: 5.870567
Delta Dac: 0.001034
Checking detector protection. dv=0.00103
Checking detector "CDD". Protection Threshold: 0.1 (V)
SetMagnetDAC 5.87056689655 ===>> OK
Magnet settling time: 1.049
GetData ===>> H2,-0.221839758126912,H1,21.8701230218011,AX,3.80891001270281,L1,0.023194613685075,L2,0.043051736...
setting magnet DAC
current  : 5.870567
requested: 5.871601
Delta Dac: 0.001034
Checking detector protection. dv=0.00103
Checking detector "CDD". Protection Threshold: 0.1 (V)
SetMagnetDAC 5.87160137931 ===>> OK
Magnet settling time: 1.049
GetData ===>> H2,-0.161334607246812,H1,35.2744328776415,AX,6.67894598262719,L1,0.0375997544071828,L2,0.07718799...
setting magnet DAC
current  : 5.871601
requested: 5.872636
Delta Dac: 0.001034
Checking detector protection. dv=0.00103
Checking detector "CDD". Protection Threshold: 0.1 (V)
SetMagnetDAC 5.87263586207 ===>> OK
Magnet settling time: 1.049
Get Checksum: -1097334291
GetData ===>> H2,-0.115788680360569,H1,48.5493488423918,AX,10.276337957747,L1,0.0641335513341107,L2,0.112658844...
setting magnet DAC
current  : 5.872636
requested: 5.873670
Delta Dac: 0.001034
Checking detector protection. dv=0.00103
Checking detector "CDD". Protection Threshold: 0.1 (V)
SetMagnetDAC 5.87367034483 ===>> OK
Magnet settling time: 1.049
GetData ===>> H2,-0.225857403862188,H1,51.7728562145343,AX,11.4281727284269,L1,0.0953369118764165,L2,-0.0071734...
setting magnet DAC
current  : 5.873670
requested: 5.874705
Delta Dac: 0.001034
Checking detector protection. dv=0.00103
Checking detector "CDD". Protection Threshold: 0.1 (V)
SetMagnetDAC 5.87470482759 ===>> OK
Magnet settling time: 1.049
Get Checksum: -1097334291
GetData ===>> H2,-0.0827888422409815,H1,52.6255784743616,AX,11.9446677341899,L1,0.109277339492408,L2,-0.0461736...
setting magnet DAC
current  : 5.874705
requested: 5.875739
Delta Dac: 0.001034
Checking detector protection. dv=0.00103
Checking detector "CDD". Protection Threshold: 0.1 (V)
SetMagnetDAC 5.87573931034 ===>> OK
Magnet settling time: 1.049
GetData ===>> H2,-0.185566811927666,H1,52.88513012897,AX,12.038212912517,L1,0.121891601385334,L2,0.172095145041...
setting magnet DAC
current  : 5.875739
requested: 5.876774
Delta Dac: 0.001034
Checking detector protection. dv=0.00103
Checking detector "CDD". Protection Threshold: 0.1 (V)
SetMagnetDAC 5.8767737931 ===>> OK
Magnet settling time: 1.049
GetData ===>> H2,-0.269501434316381,H1,53.1557432520519,AX,12.0258321372178,L1,0.169630363557175,L2,0.090020722...
setting magnet DAC
current  : 5.876774
requested: 5.877808
Delta Dac: 0.001034
Checking detector protection. dv=0.00103
Checking detector "CDD". Protection Threshold: 0.1 (V)
SetMagnetDAC 5.87780827586 ===>> OK
Magnet settling time: 1.049
Get Checksum: -1097334291
GetData ===>> H2,-0.168230225305916,H1,53.1408732402751,AX,11.9184548488986,L1,0.162405827187326,L2,0.195186269...
setting magnet DAC
current  : 5.877808
requested: 5.878843
Delta Dac: 0.001034
Checking detector protection. dv=0.00103
Checking detector "CDD". Protection Threshold: 0.1 (V)
SetMagnetDAC 5.87884275862 ===>> OK
Magnet settling time: 1.049
GetData ===>> H2,-0.26998476777572,H1,53.1138824459313,AX,11.9568420204141,L1,0.158749556193308,L2,0.0465377250...
setting magnet DAC
current  : 5.878843
requested: 5.879877
Delta Dac: 0.001034
Checking detector protection. dv=0.00103
Checking detector "CDD". Protection Threshold: 0.1 (V)
SetMagnetDAC 5.87987724138 ===>> OK
Magnet settling time: 1.049
GetData ===>> H2,-0.219282575393829,H1,53.1398477865621,AX,11.9398476051889,L1,0.134172310570493,L2,0.160277929...
setting magnet DAC
current  : 5.879877
requested: 5.880912
Delta Dac: 0.001034
Checking detector protection. dv=0.00103
Checking detector "CDD". Protection Threshold: 0.1 (V)
SetMagnetDAC 5.88091172414 ===>> OK
Magnet settling time: 1.049
Get Checksum: -1097334291
GetData ===>> H2,-0.221349900550971,H1,53.1878720562712,AX,11.9219462376384,L1,0.144388883294205,L2,0.105362994...
setting magnet DAC
current  : 5.880912
requested: 5.881946
Delta Dac: 0.001034
Checking detector protection. dv=0.00103
Checking detector "CDD". Protection Threshold: 0.1 (V)
SetMagnetDAC 5.8819462069 ===>> OK
Magnet settling time: 1.049
GetData ===>> H2,-0.111833838223162,H1,53.1815059839353,AX,12.0163321900597,L1,0.161580570872776,L2,0.098546436...
setting magnet DAC
current  : 5.881946
requested: 5.882981
Delta Dac: 0.001034
Checking detector protection. dv=0.00103
Checking detector "CDD". Protection Threshold: 0.1 (V)
SetMagnetDAC 5.88298068966 ===>> OK
Magnet settling time: 1.049
GetData ===>> H2,-0.120331935421947,H1,53.0343453371355,AX,11.9685995614693,L1,0.16422205498699,L2,0.1686958352...
setting magnet DAC
current  : 5.882981
requested: 5.884015
Delta Dac: 0.001034
Checking detector protection. dv=0.00103
Checking detector "CDD". Protection Threshold: 0.1 (V)
SetMagnetDAC 5.88401517241 ===>> OK
Magnet settling time: 1.049
Get Checksum: -1097334291
GetData ===>> H2,-0.0561380132674475,H1,52.8814826372739,AX,11.824385971462,L1,0.101910602286177,L2,0.058978954...
setting magnet DAC
current  : 5.884015
requested: 5.885050
Delta Dac: 0.001034
Checking detector protection. dv=0.00103
Checking detector "CDD". Protection Threshold: 0.1 (V)
SetMagnetDAC 5.88504965517 ===>> OK
Magnet settling time: 1.049
GetData ===>> H2,-0.0804017856727996,H1,51.8461170992056,AX,11.4120638493449,L1,0.105032672650721,L2,-0.0091773...
setting magnet DAC
current  : 5.885050
requested: 5.886084
Delta Dac: 0.001034
Checking detector protection. dv=0.00103
Checking detector "CDD". Protection Threshold: 0.1 (V)
SetMagnetDAC 5.88608413793 ===>> OK
Magnet settling time: 1.049
GetData ===>> H2,-0.143045270994025,H1,48.9494121452482,AX,10.4308094685226,L1,0.138413679203723,L2,0.103835495...
setting magnet DAC
current  : 5.886084
requested: 5.887119
Delta Dac: 0.001034
Checking detector protection. dv=0.00103
Checking detector "CDD". Protection Threshold: 0.1 (V)
Get Checksum: -1097334291
SetMagnetDAC 5.88711862069 ===>> OK
Magnet settling time: 1.049
GetData ===>> H2,-0.125719789187313,H1,36.9927645243328,AX,6.49664256866914,L1,0.126493118494368,L2,-0.01473336...
setting magnet DAC
current  : 5.887119
requested: 5.888153
Delta Dac: 0.001034
Checking detector protection. dv=0.00103
Checking detector "CDD". Protection Threshold: 0.1 (V)
SetMagnetDAC 5.88815310345 ===>> OK
Magnet settling time: 1.049
GetData ===>> H2,-0.201503595857655,H1,23.0971892442488,AX,3.33430051065345,L1,0.0992160294402895,L2,-0.0548458...
setting magnet DAC
current  : 5.888153
requested: 5.889188
Delta Dac: 0.001034
Checking detector protection. dv=0.00103
Checking detector "CDD". Protection Threshold: 0.1 (V)
SetMagnetDAC 5.88918758621 ===>> OK
Magnet settling time: 1.049
Get Checksum: -1097334291
GetData ===>> H2,-0.232170267310331,H1,10.9723615783514,AX,1.29467475142138,L1,0.0860258734912,L2,0.00059211468...
setting magnet DAC
current  : 5.889188
requested: 5.890222
Delta Dac: 0.001034
Checking detector protection. dv=0.00103
Checking detector "CDD". Protection Threshold: 0.1 (V)
SetMagnetDAC 5.89022206897 ===>> OK
Magnet settling time: 1.049
GetData ===>> H2,-0.0448896342865673,H1,3.93723039621452,AX,0.504925564041822,L1,0.0408055631904581,L2,-0.01418...
setting magnet DAC
current  : 5.890222
requested: 5.891257
Delta Dac: 0.001034
Checking detector protection. dv=0.00103
Checking detector "CDD". Protection Threshold: 0.1 (V)
SetMagnetDAC 5.89125655172 ===>> OK
Magnet settling time: 1.049
GetData ===>> H2,-0.126790563881726,H1,1.11054403292836,AX,0.018018084157786,L1,0.0231658000010501,L2,0.1332042...
setting magnet DAC
current  : 5.891257
requested: 5.892291
Delta Dac: 0.001034
Checking detector protection. dv=0.00103
Checking detector "CDD". Protection Threshold: 0.1 (V)
SetMagnetDAC 5.89229103448 ===>> OK
Magnet settling time: 1.049
Get Checksum: -1097334291
GetData ===>> H2,-0.137965475144181,H1,0.302733922437182,AX,-0.105521071371884,L1,-0.0440716912985117,L2,-0.063...
setting magnet DAC
current  : 5.892291
requested: 5.893326
Delta Dac: 0.001034
Checking detector protection. dv=0.00103
Checking detector "CDD". Protection Threshold: 0.1 (V)
SetMagnetDAC 5.89332551724 ===>> OK
Magnet settling time: 1.049
GetData ===>> H2,-0.200322549626852,H1,0.0306704998126907,AX,-0.0259702775074517,L1,0.0107451710994643,L2,-0.03...
setting magnet DAC
current  : 5.893326
requested: 5.894360
Delta Dac: 0.001034
Checking detector protection. dv=0.00103
Checking detector "CDD". Protection Threshold: 0.1 (V)
SetMagnetDAC 5.89436 ===>> OK
Magnet settling time: 1.049
GetData ===>> H2,-0.136998408843796,H1,-0.0193608041542113,AX,-0.0779372264800461,L1,-0.04616428551175,L2,0.001...
result of _do_sweep=True
result of _calculate_peak_center=([5.8719050901803609, 5.8794201202404812, 5.8869351503006015], [39.171777945455922, 53.187616903071365, 39.113332288766919], 5.8809531863727456, 53.187616903071365)
Failed to find a valid peak. No peak greater than 1.0. max = 0.019007063209
new center pos Detector(H1) (Ar40) @ 5.87942012024
GetHighVoltage ===>> 4500
GetDeflection H1 ===>> 0
dac uncorrected for HV and deflection 5.87942012024
update mftable H1 Ar40 5.87942012024 message=automated run peakcenter
get initial guess parabolic
get initial guess parabolic
get initial guess parabolic
get initial guess parabolic
get initial guess parabolic
get initial guess parabolic
dump mftable to /Users/jan/PychronDev/setupfiles/spectrometer/mftables/mftable.csv
add to repo msg=modified - automated run peakcenter
sweep finished
Get Checksum: -1097334291
locally archiving mftable
setting magnet DAC
current  : 5.894360
requested: 5.879420
Delta Dac: 0.014940
Checking detector protection. dv=0.01494
Checking detector "CDD". Protection Threshold: 0.1 (V)
SetMagnetDAC 5.87942012024 ===>> OK
Magnet settling time: 0.500
setting integration time = 1.048576
SetIntegrationTime 1.048576 ===>> OK
Failed to find a valid peak. No peak greater than 1.0. max = 0.019007063209
flush and close file /Users/jan/PychronDev/data/isotopes/2e/dc4065-2a44-4fc4-a9a6-a89b6539a50e.h5
finished measure script
executed 226.132928
jan_unknown120_60.py completed successfully
Measurement Finished
14:25:04 -- ******* Measurement Finished *******
Post Measurement Started jan_pump_ms.py
14:25:04 -- ******* Post Measurement Started jan_pump_ms.py *******
testing...
no interpolation path defined
executed 0
Pumping spectrometer
open () {'name': 'O'}
opening name=O desc=---
checking ownership. requestor=129.138.12.150
check software interlocks O
interlocks []
actuate state mode=None-script, software_lock=False
doing actuation None-script open_channel True
Open O ===>> OK
GetIndicatorState O ===>> OK
change switch state (True, True)
update switch state O True args=() kw={} ncanvase=3
14:25:04 -- OPEN   VALVE-O (Jan Ion Pump)
---------------------------------------- open O () result=[(True, True)], time=0.11 sec
action=open, ok=True, locked=[False]
executed 0
jan_pump_ms.py completed successfully
setting _ms_pumptime
Post Measurement Finished
14:25:04 -- ******* Post Measurement Finished *******
$$$$$$$$$$$$$$$$$$$$ state at run end measurement
state changed from measurement to success
post measurement save measured=True aborted=False
Set filtering
setting fod for Ar40= {'filter_outliers': True, 'std_devs': 2, 'iterations': 1}
setting fod for H1= {'filter_outliers': True, 'std_devs': 2, 'iterations': 1}
setting fod for PM41= {'filter_outliers': False, 'std_devs': 2, 'iterations': 1}
setting fod for H2= {'filter_outliers': True, 'std_devs': 2, 'iterations': 1}
setting fod for Ar36= {'filter_outliers': True, 'std_devs': 2, 'iterations': 1}
setting fod for CDD= {'filter_outliers': True, 'std_devs': 10, 'iterations': 1}
setting fod for Ar37= {'filter_outliers': True, 'std_devs': 2, 'iterations': 1}
setting fod for L2= {'filter_outliers': True, 'std_devs': 2, 'iterations': 1}
setting fod for Ar38= {'filter_outliers': True, 'std_devs': 2, 'iterations': 1}
setting fod for L1= {'filter_outliers': True, 'std_devs': 2, 'iterations': 1}
setting fod for Ar39= {'filter_outliers': True, 'std_devs': 2, 'iterations': 1}
setting fod for AX= {'filter_outliers': True, 'std_devs': 2, 'iterations': 1}
persistence save...
persistence save - db
post measurement save
5293257840 connecting to database sqlite:////Users/jan/PychronDev/.appdata/local_lab.db
connected to db sqlite:////Users/jan/PychronDev/.appdata/local_lab.db
create new session 5293257840
close session 5293257840
No database instance. Not saving post measurement to isotopedb database
$$$$$$$$$$$$$$$ auto_save_detector_ic=False
massspec enabled True
create new session 5065965008
MassSpec Database Version: 16.0
close session 5065965008
saving post measurement to secondary database
saving to massspec database 129.138.12.160/massspecdata
setting labnumber to 65573
setting aliquot to 5
setting step to A
setting uuid to 2edc4065-2a44-4fc4-a9a6-a89b6539a50e
setting irradpos to 65573
setting extract_device to Fusions CO2
setting tray to 
setting position to 46
setting power_requested to 0.3
setting extract_value to 0.3
setting duration to 30.0
setting duration_at_request to 30.0
setting first_stage_delay to 30.0
setting cleanup to 30.0
setting comment to M:17 w/o inlcusions
setting irradiation to NM-289
setting level to M
setting irradiation_level to M
setting sample to NM-2607 WO
setting material to Sanidine
setting project to JoyitaHills
setting mass_spectrometer to Jan
no attribute chron_dosages
no attribute production_ratios
no attribute interference_corrections
no attribute production_name
no attribute j
Reference Isotope=Ar40
Reference Detector=H1
%%%%%%%%%%%%%%%%%%%% Comment: M:17 w/o inlcusions %%%%%%%%%%%%%%%%%%%
adding isotope PM41 H2
add baseline dbdet= PM41. original det= H2
get baseline data PM41 H2
Get data baseline <pychron.processing.isotope.Baseline object at 0x14bc6af90> len t=60
baseline PM41. v=-0.193125030859, e=0.00744086867444
get signal data PM41 H2
Get data signal PM41 0.05+/-0.07 len t=120
adding isotope Ar40 H1
add baseline dbdet= Ar40. original det= H1
get baseline data Ar40 H1
Get data baseline <pychron.processing.isotope.Baseline object at 0x14bc67190> len t=60
baseline Ar40. v=-0.0422132636117, e=0.00528368592661
get signal data Ar40 H1
Get data signal Ar40 54.904+/-0.015 len t=120
adding isotope Ar39 AX
add baseline dbdet= Ar39. original det= AX
get baseline data Ar39 AX
Get data baseline <pychron.processing.isotope.Baseline object at 0x14bc67350> len t=60
baseline Ar39. v=-0.057855617215, e=0.00688322061801
get signal data Ar39 AX
Get data signal Ar39 12.974+/-0.014 len t=120
adding isotope Ar38 L1
add baseline dbdet= Ar38. original det= L1
get baseline data Ar38 L1
Get data baseline <pychron.processing.isotope.Baseline object at 0x14bc67510> len t=60
baseline Ar38. v=-0.0251960283926, e=0.00318504719541
get signal data Ar38 L1
Get data signal Ar38 0.222+/-0.004 len t=120
adding isotope Ar37 L2
add baseline dbdet= Ar37. original det= L2
get baseline data Ar37 L2
Get data baseline <pychron.processing.isotope.Baseline object at 0x14bc676d0> len t=60
baseline Ar37. v=-0.00731118883339, e=0.00515769083388
get signal data Ar37 L2
Get data signal Ar37 0.128+/-0.010 len t=120
adding isotope Ar36 CDD
add baseline dbdet= Ar36. original det= CDD
get baseline data Ar36 CDD
Get data baseline <pychron.processing.isotope.Baseline object at 0x14bc67890> len t=60
baseline Ar36. v=4.96218037812e-05, e=9.79739143493e-06
get signal data Ar36 CDD
Get data signal Ar36 0.01406+/-0.00028 len t=120
65573-05A added analysis time 0.504260778427s
analysis added to mass spec database
mass spec save time= 0.512
persistence save - dvc
================= post measurement started
create new session 4991947888
close session 4991947888
---------------- Experiment Queue saving disabled
DVC saving peakcenter
Failed to find a valid peak. No peak greater than 1.0. max = 0.019007063209
Get Checksum: -1404555142
Smart pull ahead: 0 behind: 0
Up-to-date with origin
add to repo msg=modified - ad8224ebc6dbfeb9f5997218dfa5fe690569839d.json
add to repo msg=modified - 73-05A.json
add to repo msg=modified - 73-05A.dat.json
add to repo msg=modified - 73-05A.blan.json
add to repo msg=modified - 73-05A.inte.json
add to repo msg=modified - 73-05A.icfa.json
add to repo msg=modified - 73-05A.base.json
not at valid file /Users/jan/PychronDev/data/.dvc/repositories/Load1785/655/tags/73-05A.tags.json
add to repo msg=modified - 73-05A.peak.json
add to repo msg=modified - 73-05A.extr.json
not at valid file /Users/jan/PychronDev/data/.dvc/repositories/Load1785/655/monitor/73-05A.moni.json
commit message=<COLLECTION>
add to repo msg=modified - 73-05A.inte.json
add to repo msg=modified - 73-05A.base.json
commit message=<ISOEVO> default collection fits
Get Checksum: -1404555142
add to repo msg=modified - 73-05A.blan.json
commit message=<BLANKS> preceding bu-FC-J-7502
add to repo msg=modified - 73-05A.icfa.json
commit message=<ICFactor> default
push repository <pychron.git_archive.repo_manager.GitRepoManager object at 0x14cd10230>
pushing to remote=origin, url=https://github.com
Get Checksum: -1404555142
no changes to meta repo
create new session 4991947888
add association Load1785
get identifier "65573"
setting analysis irradiation position=<pychron.dvc.dvc_orm.IrradiationPositionTbl object at 0x14bd06050>
close session 4991947888
================= post measurement finished
14:25:16 -- ******* Post Run Check *******
loading queue conditionals post_run_actions
loading system conditionals post_run_actions
loading conditionals from /Users/jan/PychronDev/setupfiles/spectrometer/default_conditionals.yaml
loading queue conditionals post_run_terminations
loading system conditionals post_run_terminations
loading conditionals from /Users/jan/PychronDev/setupfiles/spectrometer/default_conditionals.yaml
Checking default post run terminations n=1
GetDeflection CDD ===>> 50
testing CDD==2000
evaluate ot="CDD.deflection==2000" t="CDD==2000", ctx="{'CDD': 50.0}"
14:25:16 -- ******* Post Run Check Passed *******
14:25:16 -- Automated run 65573-05A success duration: 356.415 s
----------------- finish -----------------
----------------- stop -----------------
retroactive repository identifiers disabled
Get Checksum: -1404555142
finish run. runs completed=21
update duration runid=65573-05A, duration=356.415323019, md5=301e91d8
loading script "jan_unknown120_60.py"
loading script "jan_pump_ms.py"
loading script "jan_co2.py"
loading script "jan_pump_extraction_line.py"
testing...
no interpolation path defined
executed 213.652928
script duration name:unknown120_60 seconds:214.0
loading script "jan_unknown120_60.py"
loading script "jan_pump_ms.py"
loading script "jan_co2.py"
loading script "jan_pump_extraction_line.py"
testing...
no interpolation path defined
executed 0
loading script "jan_unknown120_60.py"
loading script "jan_pump_ms.py"
loading script "jan_co2.py"
loading script "jan_pump_extraction_line.py"
testing...
no interpolation path defined
calculate duration
testing...
no interpolation path defined
executed 0
calculate duration
testing...
no interpolation path defined
executed 0
executed 0.0
script duration name:co2 seconds:0.0
loading script "jan_unknown120_60.py"
loading script "jan_pump_ms.py"
loading script "jan_co2.py"
loading script "jan_pump_extraction_line.py"
testing...
no interpolation path defined
calculate duration
testing...
no interpolation path defined
executed 4.0
executed 4.0
Script duration 214.0
Run total estimated duration= 215.000
unknown120_60 in script context. using previous estimated duration
script duration name:unknown120_60 seconds:214.0
pump_ms in script context. using previous estimated duration
co2 in script context. using previous estimated duration
script duration name:co2 seconds:0.0
pump_extraction_line in script context. using previous estimated duration
Script duration 214.0
Run total estimated duration= 215.000
loading script "jan_unknown400_120.py"
loading script "jan_pump_ms.py"
loading script "jan_cocktail_x1.py"
loading script "jan_pump_extraction_line.py"
testing...
no interpolation path defined
executed 556.052928
script duration name:unknown400_120 seconds:556.0
loading script "jan_unknown400_120.py"
loading script "jan_pump_ms.py"
loading script "jan_cocktail_x1.py"
loading script "jan_pump_extraction_line.py"
testing...
no interpolation path defined
calculate duration
testing...
no interpolation path defined
executed 0
calculate duration
testing...
no interpolation path defined
executed 0
calculate duration
testing...
no interpolation path defined
executed 32.0
calculate duration
testing...
no interpolation path defined
executed 34.0
calculate duration
testing...
no interpolation path defined
executed 4.0
calculate duration
testing...
no interpolation path defined
executed 38.0
executed 108.0
script duration name:cocktail_x1 seconds:108.0
Script duration 664.0
Run total estimated duration= 665.000
script duration name:unknown120_60 seconds:214.0
script duration name:co2 seconds:0.0
Script duration 214.0
Run total estimated duration= 215.000
script duration name:unknown120_60 seconds:214.0
script duration name:co2 seconds:0.0
Script duration 214.0
Run total estimated duration= 215.000
script duration name:unknown120_60 seconds:214.0
script duration name:co2 seconds:0.0
Script duration 214.0
Run total estimated duration= 215.000
script duration name:unknown120_60 seconds:214.0
script duration name:co2 seconds:0.0
Script duration 214.0
Run total estimated duration= 215.000
script duration name:unknown120_60 seconds:214.0
script duration name:co2 seconds:0.0
Script duration 214.0
Run total estimated duration= 215.000
unknown400_120 in script context. using previous estimated duration
script duration name:unknown400_120 seconds:556.0
script duration name:co2 seconds:0.0
Script duration 556.0
Run total estimated duration= 557.000
script duration name:unknown120_60 seconds:214.0
script duration name:co2 seconds:0.0
Script duration 214.0
Run total estimated duration= 215.000
script duration name:unknown120_60 seconds:214.0
script duration name:co2 seconds:0.0
Script duration 214.0
Run total estimated duration= 215.000
script duration name:unknown120_60 seconds:214.0
script duration name:co2 seconds:0.0
Script duration 214.0
Run total estimated duration= 215.000
script duration name:unknown120_60 seconds:214.0
script duration name:co2 seconds:0.0
Script duration 214.0
Run total estimated duration= 215.000
script duration name:unknown120_60 seconds:214.0
script duration name:co2 seconds:0.0
Script duration 214.0
Run total estimated duration= 215.000
script duration name:unknown120_60 seconds:214.0
script duration name:co2 seconds:0.0
Script duration 214.0
Run total estimated duration= 215.000
script duration name:unknown120_60 seconds:214.0
script duration name:co2 seconds:0.0
Script duration 214.0
Run total estimated duration= 215.000
script duration name:unknown120_60 seconds:214.0
script duration name:co2 seconds:0.0
Script duration 214.0
Run total estimated duration= 215.000
script duration name:unknown120_60 seconds:214.0
script duration name:co2 seconds:0.0
Script duration 214.0
Run total estimated duration= 215.000
script duration name:unknown120_60 seconds:214.0
script duration name:co2 seconds:0.0
Script duration 214.0
Run total estimated duration= 215.000
script duration name:unknown120_60 seconds:214.0
script duration name:co2 seconds:0.0
Script duration 214.0
Run total estimated duration= 215.000
script duration name:unknown120_60 seconds:214.0
script duration name:co2 seconds:0.0
Script duration 214.0
Run total estimated duration= 215.000
script duration name:unknown120_60 seconds:214.0
script duration name:co2 seconds:0.0
Script duration 214.0
Run total estimated duration= 215.000
script duration name:unknown120_60 seconds:214.0
script duration name:co2 seconds:0.0
Script duration 214.0
Run total estimated duration= 215.000
script duration name:unknown120_60 seconds:214.0
script duration name:co2 seconds:0.0
Script duration 214.0
Run total estimated duration= 215.000
script duration name:unknown400_120 seconds:556.0
script duration name:co2 seconds:0.0
Script duration 556.0
Run total estimated duration= 557.000
script duration name:unknown400_120 seconds:556.0
cocktail_x1 in script context. using previous estimated duration
script duration name:cocktail_x1 seconds:108.0
Script duration 664.0
Run total estimated duration= 665.000
script duration name:unknown400_120 seconds:556.0
loading script "jan_unknown400_120.py"
loading script "jan_pump_ms.py"
loading script "jan_sniffair_x2.py"
loading script "jan_pump_extraction_line.py"
testing...
no interpolation path defined
calculate duration
testing...
no interpolation path defined
executed 0
calculate duration
testing...
no interpolation path defined
executed 0
calculate duration
testing...
no interpolation path defined
executed 32.0
calculate duration
testing...
no interpolation path defined
executed 34.0
calculate duration
testing...
no interpolation path defined
executed 4.0
calculate duration
testing...
no interpolation path defined
executed 36.0
calculate duration
testing...
no interpolation path defined
executed 34.0
calculate duration
testing...
no interpolation path defined
executed 4.0
calculate duration
testing...
no interpolation path defined
executed 36.0
calculate duration
testing...
no interpolation path defined
executed 70.0
executed 250.0
script duration name:sniffair_x2 seconds:250.0
Script duration 806.0
Run total estimated duration= 807.000
loading script "jan_ic_peak_hop3.py"
loading script "jan_pump_ms.py"
loading script "jan_air_x1.py"
loading script "jan_pump_extraction_line.py"
testing...
no interpolation path defined
executed 133.8
script duration name:ic_peak_hop3 seconds:134.0
loading script "jan_ic_peak_hop3.py"
loading script "jan_pump_ms.py"
loading script "jan_air_x1.py"
loading script "jan_pump_extraction_line.py"
testing...
no interpolation path defined
calculate duration
testing...
no interpolation path defined
executed 0
calculate duration
testing...
no interpolation path defined
executed 0
calculate duration
testing...
no interpolation path defined
executed 32.0
calculate duration
testing...
no interpolation path defined
executed 34.0
calculate duration
testing...
no interpolation path defined
executed 4.0
calculate duration
testing...
no interpolation path defined
executed 36.0
executed 106.0
script duration name:air_x1 seconds:106.0
Script duration 240.0
Run total estimated duration= 241.000
script duration name:unknown120_60 seconds:214.0
script duration name:co2 seconds:0.0
Script duration 214.0
Run total estimated duration= 215.000
script duration name:unknown120_60 seconds:214.0
script duration name:co2 seconds:0.0
Script duration 214.0
Run total estimated duration= 215.000
script duration name:unknown120_60 seconds:214.0
script duration name:co2 seconds:0.0
Script duration 214.0
Run total estimated duration= 215.000
script duration name:unknown120_60 seconds:214.0
script duration name:co2 seconds:0.0
Script duration 214.0
Run total estimated duration= 215.000
script duration name:unknown120_60 seconds:214.0
script duration name:co2 seconds:0.0
Script duration 214.0
Run total estimated duration= 215.000
script duration name:unknown120_60 seconds:214.0
script duration name:co2 seconds:0.0
Script duration 214.0
Run total estimated duration= 215.000
script duration name:unknown120_60 seconds:214.0
script duration name:co2 seconds:0.0
Script duration 214.0
Run total estimated duration= 215.000
script duration name:unknown120_60 seconds:214.0
script duration name:co2 seconds:0.0
Script duration 214.0
Run total estimated duration= 215.000
script duration name:unknown120_60 seconds:214.0
script duration name:co2 seconds:0.0
Script duration 214.0
Run total estimated duration= 215.000
script duration name:unknown120_60 seconds:214.0
script duration name:co2 seconds:0.0
Script duration 214.0
Run total estimated duration= 215.000
script duration name:unknown120_60 seconds:214.0
script duration name:co2 seconds:0.0
Script duration 214.0
Run total estimated duration= 215.000
script duration name:unknown120_60 seconds:214.0
script duration name:co2 seconds:0.0
Script duration 214.0
Run total estimated duration= 215.000
script duration name:unknown120_60 seconds:214.0
script duration name:co2 seconds:0.0
Script duration 214.0
Run total estimated duration= 215.000
script duration name:unknown120_60 seconds:214.0
script duration name:co2 seconds:0.0
Script duration 214.0
Run total estimated duration= 215.000
script duration name:unknown120_60 seconds:214.0
script duration name:co2 seconds:0.0
Script duration 214.0
Run total estimated duration= 215.000
script duration name:unknown400_120 seconds:556.0
script duration name:co2 seconds:0.0
Script duration 556.0
Run total estimated duration= 557.000
script duration name:unknown120_60 seconds:214.0
script duration name:co2 seconds:0.0
Script duration 214.0
Run total estimated duration= 215.000
script duration name:unknown120_60 seconds:214.0
script duration name:co2 seconds:0.0
Script duration 214.0
Run total estimated duration= 215.000
script duration name:unknown120_60 seconds:214.0
script duration name:co2 seconds:0.0
Script duration 214.0
Run total estimated duration= 215.000
script duration name:unknown120_60 seconds:214.0
script duration name:co2 seconds:0.0
Script duration 214.0
Run total estimated duration= 215.000
script duration name:unknown120_60 seconds:214.0
script duration name:co2 seconds:0.0
Script duration 214.0
Run total estimated duration= 215.000
script duration name:unknown400_120 seconds:556.0
script duration name:cocktail_x1 seconds:108.0
Script duration 664.0
Run total estimated duration= 665.000
script duration name:unknown120_60 seconds:214.0
script duration name:co2 seconds:0.0
Script duration 214.0
Run total estimated duration= 215.000
script duration name:unknown120_60 seconds:214.0
script duration name:co2 seconds:0.0
Script duration 214.0
Run total estimated duration= 215.000
script duration name:unknown120_60 seconds:214.0
script duration name:co2 seconds:0.0
Script duration 214.0
Run total estimated duration= 215.000
script duration name:unknown120_60 seconds:214.0
script duration name:co2 seconds:0.0
Script duration 214.0
Run total estimated duration= 215.000
script duration name:unknown120_60 seconds:214.0
script duration name:co2 seconds:0.0
Script duration 214.0
Run total estimated duration= 215.000
script duration name:unknown120_60 seconds:214.0
script duration name:co2 seconds:0.0
Script duration 214.0
Run total estimated duration= 215.000
script duration name:unknown120_60 seconds:214.0
script duration name:co2 seconds:0.0
Script duration 214.0
Run total estimated duration= 215.000
script duration name:unknown120_60 seconds:214.0
script duration name:co2 seconds:0.0
Script duration 214.0
Run total estimated duration= 215.000
script duration name:unknown120_60 seconds:214.0
script duration name:co2 seconds:0.0
Script duration 214.0
Run total estimated duration= 215.000
script duration name:unknown120_60 seconds:214.0
script duration name:co2 seconds:0.0
Script duration 214.0
Run total estimated duration= 215.000
script duration name:unknown400_120 seconds:556.0
script duration name:co2 seconds:0.0
Script duration 556.0
Run total estimated duration= 557.000
script duration name:unknown400_120 seconds:556.0
sniffair_x2 in script context. using previous estimated duration
script duration name:sniffair_x2 seconds:250.0
Script duration 806.0
Run total estimated duration= 807.000
ic_peak_hop3 in script context. using previous estimated duration
script duration name:ic_peak_hop3 seconds:134.0
air_x1 in script context. using previous estimated duration
script duration name:air_x1 seconds:106.0
Script duration 240.0
Run total estimated duration= 241.000
script duration name:unknown120_60 seconds:214.0
script duration name:co2 seconds:0.0
Script duration 214.0
Run total estimated duration= 215.000
script duration name:unknown120_60 seconds:214.0
script duration name:co2 seconds:0.0
Script duration 214.0
Run total estimated duration= 215.000
script duration name:unknown120_60 seconds:214.0
script duration name:co2 seconds:0.0
Script duration 214.0
Run total estimated duration= 215.000
script duration name:unknown120_60 seconds:214.0
script duration name:co2 seconds:0.0
Script duration 214.0
Run total estimated duration= 215.000
script duration name:unknown120_60 seconds:214.0
script duration name:co2 seconds:0.0
Script duration 214.0
Run total estimated duration= 215.000
script duration name:unknown120_60 seconds:214.0
script duration name:co2 seconds:0.0
Script duration 214.0
Run total estimated duration= 215.000
script duration name:unknown120_60 seconds:214.0
script duration name:co2 seconds:0.0
Script duration 214.0
Run total estimated duration= 215.000
script duration name:unknown120_60 seconds:214.0
script duration name:co2 seconds:0.0
Script duration 214.0
Run total estimated duration= 215.000
script duration name:unknown120_60 seconds:214.0
script duration name:co2 seconds:0.0
Script duration 214.0
Run total estimated duration= 215.000
script duration name:unknown120_60 seconds:214.0
script duration name:co2 seconds:0.0
Script duration 214.0
Run total estimated duration= 215.000
script duration name:unknown400_120 seconds:556.0
script duration name:cocktail_x1 seconds:108.0
Script duration 664.0
Run total estimated duration= 665.000
script duration name:unknown120_60 seconds:214.0
script duration name:co2 seconds:0.0
Script duration 214.0
Run total estimated duration= 215.000
script duration name:unknown120_60 seconds:214.0
script duration name:co2 seconds:0.0
Script duration 214.0
Run total estimated duration= 215.000
script duration name:unknown120_60 seconds:214.0
script duration name:co2 seconds:0.0
Script duration 214.0
Run total estimated duration= 215.000
script duration name:unknown120_60 seconds:214.0
script duration name:co2 seconds:0.0
Script duration 214.0
Run total estimated duration= 215.000
script duration name:unknown120_60 seconds:214.0
script duration name:co2 seconds:0.0
Script duration 214.0
Run total estimated duration= 215.000
script duration name:unknown400_120 seconds:556.0
script duration name:co2 seconds:0.0
Script duration 556.0
Run total estimated duration= 557.000
script duration name:unknown120_60 seconds:214.0
script duration name:co2 seconds:0.0
Script duration 214.0
Run total estimated duration= 215.000
script duration name:unknown120_60 seconds:214.0
script duration name:co2 seconds:0.0
Script duration 214.0
Run total estimated duration= 215.000
script duration name:unknown120_60 seconds:214.0
script duration name:co2 seconds:0.0
Script duration 214.0
Run total estimated duration= 215.000
script duration name:unknown120_60 seconds:214.0
script duration name:co2 seconds:0.0
Script duration 214.0
Run total estimated duration= 215.000
script duration name:unknown120_60 seconds:214.0
script duration name:co2 seconds:0.0
Script duration 214.0
Run total estimated duration= 215.000
script duration name:unknown120_60 seconds:214.0
script duration name:co2 seconds:0.0
Script duration 214.0
Run total estimated duration= 215.000
script duration name:unknown120_60 seconds:214.0
script duration name:co2 seconds:0.0
Script duration 214.0
Run total estimated duration= 215.000
script duration name:unknown120_60 seconds:214.0
script duration name:co2 seconds:0.0
Script duration 214.0
Run total estimated duration= 215.000
script duration name:unknown120_60 seconds:214.0
script duration name:co2 seconds:0.0
Script duration 214.0
Run total estimated duration= 215.000
script duration name:unknown120_60 seconds:214.0
script duration name:co2 seconds:0.0
Script duration 214.0
Run total estimated duration= 215.000
script duration name:unknown120_60 seconds:214.0
script duration name:co2 seconds:0.0
Script duration 214.0
Run total estimated duration= 215.000
script duration name:unknown120_60 seconds:214.0
script duration name:co2 seconds:0.0
Script duration 214.0
Run total estimated duration= 215.000
script duration name:unknown120_60 seconds:214.0
script duration name:co2 seconds:0.0
Script duration 214.0
Run total estimated duration= 215.000
script duration name:unknown120_60 seconds:214.0
script duration name:co2 seconds:0.0
Script duration 214.0
Run total estimated duration= 215.000
script duration name:unknown120_60 seconds:214.0
script duration name:co2 seconds:0.0
Script duration 214.0
Run total estimated duration= 215.000
script duration name:unknown400_120 seconds:556.0
script duration name:co2 seconds:0.0
Script duration 556.0
Run total estimated duration= 557.000
script duration name:unknown400_120 seconds:556.0
script duration name:cocktail_x1 seconds:108.0
Script duration 664.0
Run total estimated duration= 665.000
script duration name:unknown400_120 seconds:556.0
script duration name:cocktail_x1 seconds:108.0
Script duration 664.0
Run total estimated duration= 665.000
script duration name:unknown400_120 seconds:556.0
script duration name:sniffair_x2 seconds:250.0
Script duration 806.0
Run total estimated duration= 807.000
script duration name:ic_peak_hop3 seconds:134.0
script duration name:air_x1 seconds:106.0
Script duration 240.0
Run total estimated duration= 241.000
script duration name:unknown120_60 seconds:214.0
script duration name:co2 seconds:0.0
Script duration 214.0
Run total estimated duration= 215.000
script duration name:unknown120_60 seconds:214.0
script duration name:co2 seconds:0.0
Script duration 214.0
Run total estimated duration= 215.000
script duration name:unknown120_60 seconds:214.0
script duration name:co2 seconds:0.0
Script duration 214.0
Run total estimated duration= 215.000
script duration name:unknown120_60 seconds:214.0
script duration name:co2 seconds:0.0
Script duration 214.0
Run total estimated duration= 215.000
script duration name:unknown120_60 seconds:214.0
script duration name:co2 seconds:0.0
Script duration 214.0
Run total estimated duration= 215.000
script duration name:unknown120_60 seconds:214.0
script duration name:co2 seconds:0.0
Script duration 214.0
Run total estimated duration= 215.000
script duration name:unknown120_60 seconds:214.0
script duration name:co2 seconds:0.0
Script duration 214.0
Run total estimated duration= 215.000
script duration name:unknown120_60 seconds:214.0
script duration name:co2 seconds:0.0
Script duration 214.0
Run total estimated duration= 215.000
script duration name:unknown120_60 seconds:214.0
script duration name:co2 seconds:0.0
Script duration 214.0
Run total estimated duration= 215.000
script duration name:unknown120_60 seconds:214.0
script duration name:co2 seconds:0.0
Script duration 214.0
Run total estimated duration= 215.000
script duration name:unknown120_60 seconds:214.0
script duration name:co2 seconds:0.0
Script duration 214.0
Run total estimated duration= 215.000
nruns=111 before=5.0, run_dur=30471.0, btw=3300.0
write rem/ex queues
/Users/jan/PychronDev/experiments/rem/CurrentExperimentPartial.rem.txt
/Users/jan/PychronDev/experiments/rem/CurrentExperimentPartial.ex.txt
doing event level: 3
