do run
loading script "jan_unknown120_60.py"
loading script "jan_pump_ms.py"
loading script "jan_co2.py"
loading script "jan_pump_extraction_line.py"
testing...
no interpolation path defined
executed 213.652928
script duration name:unknown120_60 seconds:214.0
loading script "jan_unknown120_60.py"
loading script "jan_pump_ms.py"
loading script "jan_co2.py"
loading script "jan_pump_extraction_line.py"
testing...
no interpolation path defined
executed 0
loading script "jan_unknown120_60.py"
loading script "jan_pump_ms.py"
loading script "jan_co2.py"
loading script "jan_pump_extraction_line.py"
testing...
no interpolation path defined
calculate duration
testing...
no interpolation path defined
executed 0
calculate duration
testing...
no interpolation path defined
executed 0
executed 0.0
script duration name:co2 seconds:0.0
loading script "jan_unknown120_60.py"
loading script "jan_pump_ms.py"
loading script "jan_co2.py"
loading script "jan_pump_extraction_line.py"
testing...
no interpolation path defined
calculate duration
testing...
no interpolation path defined
executed 4.0
executed 4.0
Script duration 214.0
Run total estimated duration= 215.000
run duration: 0:03:35
doing event level: 2
15:11:09 -- Setting default integration. t=1.048576
setting integration time = 1.048576
SetIntegrationTime 1.048576 ===>> OK
----------------- start -----------------
**************** Experiment Type: Ar/Ar, Ar/Ar
create new session 5012778160
close session 5012778160
$$$$$ Clearing conditionals
adding conditionals 
Add queue conditionals
add default conditionals
adding default conditionals from /Users/jan/PychronDev/setupfiles/spectrometer/default_conditionals.yaml
Start automated run 65573-07A
loading script "jan_unknown120_60.py"
loading script "jan_pump_ms.py"
loading script "jan_co2.py"
loading script "jan_pump_extraction_line.py"
%%%%%%%%%%%%%%%%%% setting automated run 65573-07A
No value "sensitivity_multiplier" in metadata
$$$$$$$$$$$$$$$ auto_save_detector_ic=False
============================= Pre Extraction Check =============================
loading queue conditionals pre_run_terminations
loading system conditionals pre_run_terminations
loading conditionals from /Users/jan/PychronDev/setupfiles/spectrometer/default_conditionals.yaml
15:11:09 -- ******* Pre Extraction Check *******
Get a measurement from the spectrometer
GetData ===>> H2,-0.210047676486088,H1,-0.0272556876761641,AX,-0.00305055261812161,L1,-0.0331209152912909,L2,-0...
Pre Extraction Termination data. keys=H2,H1,AX,L1,L2,CDD, signals=-0.21005,-0.02726,-0.00305,-0.03312,-0.02569,0.00447
15:11:09 -- testing system defined conditionals
Checking default pre extraction terminations n=2
testing CDD
evaluate ot="CDD.inactive" t="CDD", ctx="{'CDD': False}"
GetDeflection CDD ===>> 50
testing CDD==2000
evaluate ot="CDD.deflection==2000" t="CDD==2000", ctx="{'CDD': 50.0}"
15:11:09 -- ******* Pre Extraction Check Passed *******
=================================================================================
15:11:09 -- stopping status monitor
stop 5065058256
Alive clients [4985914288, 4992299760]
15:11:09 -- starting status monitor
start 5065058256
Monitor already running
start extraction
do extraction
Analysis started at 15:11:09.137185
Extraction Started jan_co2.py
15:11:09 -- ******* Extraction Started jan_co2.py *******
state changed from not run to extraction
DO EXTRACTION <pychron.extraction_line.pyscript_runner.RemotePyScriptRunner object at 0x12c2913b0>
testing...
no interpolation path defined
calculate duration
testing...
no interpolation path defined
executed 0
calculate duration
testing...
no interpolation path defined
executed 0
executed 100.0
Jan CO2 laser analysis
doing GOSUB
testing...
no interpolation path defined
executed 0
Waiting for CO2 access
wait ('FelixCO2Flag', 0) {}
waiting for FelixCO2Flag = 0
Read FelixCO2Flag ===>> 0
finished waiting
CO2 free
wait ('CO2PumpTimeFlag', 0) {}
waiting for CO2PumpTimeFlag = 0
Read CO2PumpTimeFlag ===>> 0
finished waiting
acquire ('JanCO2Flag',) {'clear': True}
acquire JanCO2Flag
Set JanCO2Flag 1 ===>> OK
JanCO2Flag acquired
set extraction state False (0.75, 'red', 1.5)
CO2 acquired
executed 0
WaitForCO2Access.py completed successfully
gosub finished
doing GOSUB
testing...
no interpolation path defined
executed 0
Prepare for CO2 analysis
close () {'description': 'Jan Inlet'}
closing name=--- desc=Jan Inlet
checking ownership. requestor=129.138.12.150
check software interlocks R
interlocks []
actuate state mode=None-script, software_lock=False
doing actuation None-script close_channel False
Close R ===>> OK
GetIndicatorState R ===>> False
change switch state (True, True)
update switch state R False args=() kw={} ncanvase=3
15:11:09 -- CLOSE  VALVE-R (Jan Inlet)
---------------------------------------- close None (Jan Inlet) result=[(True, True)]
action=close, ok=True, locked=[False]
open () {'description': 'Jan Ion Pump'}
opening name=--- desc=Jan Ion Pump
checking ownership. requestor=129.138.12.150
check software interlocks O
interlocks []
actuate state mode=None-script, software_lock=False
doing actuation None-script open_channel False
Open O ===>> OK
GetIndicatorState O ===>> OK
change switch state (True, True)
update switch state O True args=() kw={} ncanvase=3
15:11:09 -- OPEN   VALVE-O (Jan Ion Pump)
---------------------------------------- open None (Jan Ion Pump) result=[(True, True)], time=0.11 sec
action=open, ok=True, locked=[False]
close () {'description': 'Microbone to Minibone'}
closing name=--- desc=Microbone to Minibone
checking ownership. requestor=129.138.12.150
check software interlocks L
interlocks []
actuate state mode=None-script, software_lock=False
doing actuation None-script close_channel False
Close L ===>> OK
GetIndicatorState L ===>> False
change switch state (True, True)
update switch state L False args=() kw={} ncanvase=3
15:11:10 -- CLOSE  VALVE-L (Microbone to Minibone)
---------------------------------------- close None (Microbone to Minibone) result=[(True, True)]
action=close, ok=True, locked=[False]
open () {'description': 'Microbone to Turbo'}
opening name=--- desc=Microbone to Turbo
checking ownership. requestor=129.138.12.150
check software interlocks U
interlocks []
actuate state mode=None-script, software_lock=False
doing actuation None-script open_channel False
Open U ===>> OK
Get Checksum: -569565255
GetIndicatorState U ===>> OK
change switch state (True, True)
update switch state U True args=() kw={} ncanvase=3
15:11:11 -- OPEN   VALVE-U (Microbone to Turbo)
---------------------------------------- open None (Microbone to Turbo) result=[(True, True)], time=0.13 sec
action=open, ok=True, locked=[False]
open () {'description': 'Microbone to Inlet Pipette'}
opening name=--- desc=Microbone to Inlet Pipette
checking ownership. requestor=129.138.12.150
check software interlocks S
interlocks []
actuate state mode=None-script, software_lock=False
doing actuation None-script open_channel False
Open S ===>> OK
GetIndicatorState S ===>> OK
change switch state (True, True)
update switch state S True args=() kw={} ncanvase=3
15:11:11 -- OPEN   VALVE-S (Microbone to Inlet Pipette)
---------------------------------------- open None (Microbone to Inlet Pipette) result=[(True, True)], time=0.43 sec
action=open, ok=True, locked=[False]
open () {'description': 'Microbone to Getter D-50'}
opening name=--- desc=Microbone to Getter D-50
checking ownership. requestor=129.138.12.150
check software interlocks K
interlocks []
actuate state mode=None-script, software_lock=False
doing actuation None-script open_channel False
Open K ===>> OK
GetIndicatorState K ===>> OK
change switch state (True, True)
update switch state K True args=() kw={} ncanvase=3
15:11:12 -- OPEN   VALVE-K (Microbone to Getter D-50)
---------------------------------------- open None (Microbone to Getter D-50) result=[(True, True)], time=0.48 sec
action=open, ok=True, locked=[False]
open () {'description': 'Microbone to Getter NP-10'}
opening name=--- desc=Microbone to Getter NP-10
checking ownership. requestor=129.138.12.150
check software interlocks M
interlocks []
actuate state mode=None-script, software_lock=False
doing actuation None-script open_channel False
Open M ===>> OK
GetIndicatorState M ===>> OK
change switch state (True, True)
update switch state M True args=() kw={} ncanvase=3
15:11:12 -- OPEN   VALVE-M (Microbone to Getter NP-10)
---------------------------------------- open None (Microbone to Getter NP-10) result=[(True, True)], time=0.13 sec
action=open, ok=True, locked=[False]
close () {'description': 'CO2 Laser to Felix'}
closing name=--- desc=CO2 Laser to Felix
checking ownership. requestor=129.138.12.150
check software interlocks F
interlocks []
actuate state mode=None-script, software_lock=True
VALVE-F(CO2 Laser to Felix) software locked
change switch state (True, False)
---------------------------------------- close None (CO2 Laser to Felix) result=[(True, False)]
action=close, ok=True, locked=[True]
open () {'description': 'CO2 Laser to Jan'}
opening name=--- desc=CO2 Laser to Jan
checking ownership. requestor=129.138.12.150
check software interlocks A
interlocks []
actuate state mode=None-script, software_lock=False
doing actuation None-script open_channel False
Open A ===>> OK
GetIndicatorState A ===>> OK
change switch state (True, True)
update switch state A True args=() kw={} ncanvase=3
15:11:13 -- OPEN   VALVE-A (CO2 Laser to Jan)
---------------------------------------- open None (CO2 Laser to Jan) result=[(True, True)], time=0.14 sec
action=open, ok=True, locked=[False]
open () {'description': 'Microbone to CO2 Laser'}
opening name=--- desc=Microbone to CO2 Laser
checking ownership. requestor=129.138.12.150
check software interlocks T
interlocks []
actuate state mode=None-script, software_lock=False
doing actuation None-script open_channel False
Open T ===>> OK
GetIndicatorState T ===>> OK
change switch state (True, True)
update switch state T True args=() kw={} ncanvase=3
15:11:13 -- OPEN   VALVE-T (Microbone to CO2 Laser)
---------------------------------------- open None (Microbone to CO2 Laser) result=[(True, True)], time=0.42 sec
Get Checksum: -569565255
action=open, ok=True, locked=[False]
executed 0
PrepareForCO2Analysis.py completed successfully
gosub finished
set_motor ('beam', '1.25') {}
setting motor "beam" to 1.25
set motor beam to 1.25
SetMotor beam,1.25 ===>> OK
GetMotorMoving beam ===>> False
GetMotorMoving beam ===>> False
Block completed
move_to_position ('48',) {'autocenter': True}
FusionsCO2 move to position 48
sending GoToHole 48,True
GoToHole 48,True ===>> OK
GetDriveMoving ===>> OK
GetDriveMoving ===>> OK
GetDriveMoving ===>> OK
GetDriveMoving ===>> OK
GetDriveMoving ===>> OK
Get Checksum: -569565255
GetDriveMoving ===>> OK
GetDriveMoving ===>> False
GetDriveMoving ===>> OK
GetDriveMoving ===>> OK
GetDriveMoving ===>> OK
GetDriveMoving ===>> False
Block completed
GetAutoCorrecting ===>> False
GetAutoCorrecting ===>> False
Block completed
update position
GetPosition ===>> 3.98780,7.97560,1.00000
got position (3.9878, 7.9756, 1.0)
move to position succeeded
sleep (5,) {}
SLEEP 5.0
block started
WaitControl setup for 5.0  
Get Checksum: -569565255
Get Checksum: -569565255
Join finished
block finished. duration 5.00530099869
close () {'description': 'Microbone to Turbo'}
closing name=--- desc=Microbone to Turbo
checking ownership. requestor=129.138.12.150
check software interlocks U
interlocks []
actuate state mode=None-script, software_lock=False
doing actuation None-script close_channel True
Close U ===>> OK
GetIndicatorState U ===>> False
change switch state (True, True)
update switch state U False args=() kw={} ncanvase=3
15:11:24 -- CLOSE  VALVE-U (Microbone to Turbo)
---------------------------------------- close None (Microbone to Turbo) result=[(True, True)]
action=close, ok=True, locked=[False]
enable laser
enable () {}
set extraction state FusionsCO2 Enabled (False, 'red', 1.5)
enabling laser
Enable ===>> OK
begin interval
BEGIN INTERVAL Interval 1 waiting for 30.0
block started
WaitControl setup for 30.0  
set extract to 0.3
extract (0.3,) {}
GetPosition ===>> 3.98780,7.97560,1.00000
set extraction state FusionsCO2 ON! 0.3(watts) (0.75, 'red', 1.5)
extract sample to 0.3 (watts)
set laser output
SetLaserOutput 0.3,watts ===>> OK
executing pattern triangle.lp
execute_pattern ('triangle.lp',) {}
executing pattern triangle.lp
Get Checksum: 743130707
IsPatterning ===>> OK
IsPatterning ===>> OK
IsPatterning ===>> OK
Get Checksum: -548444645
State checksums do not match. Local:743130707 Remote:-548444645
State checksum failed
IsPatterning ===>> OK
set states for children of C. state=False
set states for children of B. state=True
handle state [('C', False), ('B', True)]
update switch state C False args=() kw={'refresh': True} ncanvase=3
update switch state B True args=() kw={'refresh': False} ncanvase=3
refresh_canvas_needed fired
IsPatterning ===>> OK
IsPatterning ===>> OK
Get Checksum: 2118110381
IsPatterning ===>> OK
IsPatterning ===>> OK
IsPatterning ===>> OK
Get Checksum: 2118110381
IsPatterning ===>> OK
IsPatterning ===>> OK
IsPatterning ===>> OK
Get Checksum: 2118110381
IsPatterning ===>> OK
IsPatterning ===>> OK
IsPatterning ===>> OK
Get Checksum: 2118110381
IsPatterning ===>> OK
IsPatterning ===>> OK
IsPatterning ===>> OK
Get Checksum: 2118110381
IsPatterning ===>> OK
IsPatterning ===>> OK
IsPatterning ===>> OK
Get Checksum: 2118110381
IsPatterning ===>> OK
IsPatterning ===>> OK
IsPatterning ===>> OK
set states for children of B. state=False
handle state [('B', False)]
update switch state B False args=() kw={'refresh': False} ncanvase=3
refresh_canvas_needed fired
Get Checksum: -548444645
IsPatterning ===>> OK
IsPatterning ===>> OK
IsPatterning ===>> False
Get Checksum: -548444645
IsPatterning ===>> False
Block completed
COMPLETE INTERVAL waiting for Interval 1 to complete
Join finished
block finished. duration 30.0264120102
Interval 1 finished
end_extract () {}
ending extraction. set laser power to 0
set laser power 0
SetLaserPower 0 ===>> OK
disable () {}
%%%%%%%%%%%%%%%%%%%%%%%%%%%%%%%%%%% disable
set extraction state False (0.75, 'red', 1.5)
disabling laser
Disable ===>> OK
sleep (30.0,) {}
SLEEP 30.0
block started
WaitControl setup for 30.0  
Get Checksum: -548444645
Get Checksum: -548444645
Get Checksum: -548444645
Get Checksum: -548444645
Get Checksum: -548444645
Get Checksum: -548444645
Get Checksum: -548444645
Get Checksum: -548444645
Get Checksum: -548444645
Get Checksum: -548444645
Join finished
block finished. duration 30.0358831882
executed 166.5
jan_co2.py completed successfully
GetAchievedOutput ===>> No Response
Requested Output= 0.000
Achieved Output=  0.000
GetResponseBlob ===>> No Response
GetOutputBlob ===>> No Response
persistence save...
persistence save - db
AutomatedRunPersister post_extraction_save deprecated
persistence save - dvc
no extraction position for 48
create new session 4991947888
close session 4991947888
Extraction Finished
15:12:25 -- ******* Extraction Finished *******
no overlap. not waiting for min ms pumptime
15:12:25 -- Sending spectrometer configuration
======== Sending configuration ========
SetDeflection CDD,50.0 ===>> OK
SetDeflection H2,0.0 ===>> OK
SetDeflection H1,0.0 ===>> OK
SetDeflection L2,825.0 ===>> OK
SetDeflection L1,400.0 ===>> OK
SetDeflection AX,190.0 ===>> OK
SetZFocus 74.64 ===>> OK
SetZSymmetry -50.72 ===>> OK
SetExtractionLens 26.13 ===>> OK
SetIonRepeller -3.81 ===>> OK
SetElectronEnergy 75.08 ===>> OK
SetYSymmetry -2.81 ===>> OK
SetIonCounterVoltage 1590.0 ===>> OK
send trap current 200.0
GetParameter Trap Current Readback ===>> 198.482695477019
SetParameter Trap Current Set,200.0 ===>> OK
updating mftable name mftable
Using mftable located at /Users/jan/PychronDev/setupfiles/spectrometer/mftables/mftable.csv
============ MFtable ===========
Isotope  H2     H1     AX     L1     L2     CDD    
Ar40     5.7837 5.8794 5.9929 6.1236 6.2312 6.3518
Ar39     5.6829 5.7717 5.8853 6.0097 6.1164 6.2383
Ar36     5.3605 5.4407 5.5487 5.6685 5.7713 5.8895
================================
get initial guess parabolic
get initial guess parabolic
get initial guess parabolic
get initial guess parabolic
get initial guess parabolic
get initial guess parabolic
======== Configuration Finished ========
GetYSymmetry ===>> -2.81
GetZSymmetry ===>> -50.72
GetParameter Trap Current Readback ===>> 198.035158395898
GetHighVoltage ===>> 4500
start measurement
do measurement
L#=65573 analysis type=unknown
Measurement Started jan_unknown120_60.py
15:12:26 -- ******* Measurement Started jan_unknown120_60.py *******
state changed from extraction to measurement
setting spec, defl, and gains
GetExtractionLens ===>> 26.13
GetYSymmetry ===>> -2.81
GetZSymmetry ===>> -50.72
GetZFocus ===>> 74.64
GetDeflection H2 ===>> 0
GetDeflection H1 ===>> 0
GetDeflection AX ===>> 190
GetDeflection L1 ===>> 400
GetDeflection L2 ===>> 825
GetDeflection CDD ===>> 50
GetGain H2 ===>> 0.0113
GetGain H1 ===>> 0.1
GetGain AX ===>> 0.097049
GetGain L1 ===>> 0.010355
GetGain L2 ===>> 0.095649
GetGain CDD ===>> 0
pre measurement save
New frame /Users/jan/PychronDev/data/isotopes/d3/059191-a2cf-49ce-813a-1b705a2ee13d.h5
flush and close file /Users/jan/PychronDev/data/isotopes/d3/059191-a2cf-49ce-813a-1b705a2ee13d.h5
testing...
no interpolation path defined
executed 226.132928
unknown measurement script
activate_detectors ('H2', 'H1', 'AX', 'L1', 'L2', 'CDD') {}
activate detectors
*************** Set Analysis View Ar/Ar
create graphs
clearing graphs
clear isotope group
setting isotope det=H2, iso=PM41
setting isotope det=H1, iso=Ar40
setting isotope det=AX, iso=Ar39
setting isotope det=L1, iso=Ar38
setting isotope det=L2, iso=Ar37
setting isotope det=CDD, iso=Ar36
setting previous blanks
 - setting Ar40 blank 0.746+/-0.006
 - setting Ar36 blank 0.00632+/-0.00019
 - setting Ar37 blank 0.041+/-0.005
 - setting Ar38 blank 0.0078+/-0.0024
 - setting PM41 blank 0.02+/-0.07
 - setting Ar39 blank 0.023+/-0.008
load analysis view
position_magnet ('Ar40',) {'detector': 'H1'}
detector Detector(H1)
POSITION Ar40 H1
setting detector H2 to PM41 (40.9624)
setting detector H1 to Ar40 (39.9624)
setting detector AX to Ar39 (38.9624)
setting detector L1 to Ar38 (37.9624)
setting detector L2 to Ar37 (36.9624)
setting detector CDD to Ar36 (35.9624)
Mapping mass to dac mass func: "parabolic"
H1 map mass coeffs = [-0.00063987  0.15840543  0.57102999]
H1 map mass to dac 39.9624 >> 5.87942
GetDeflection H1 ===>> 0
GetHighVoltage ===>> 4500
positioning Ar40 (5.87942) on H1
setting magnet DAC
current  : 5.879420
requested: 5.879420
Delta Dac: 0.000000
Checking detector protection. dv=0.00000
Checking detector "CDD". Protection Threshold: 0.1 (V)
SetMagnetDAC 5.87942 ===>> OK
Magnet settling time: 0.500
equilibrate () {'delay': 3, 'inlet': 'R', 'outlet': 'O', 'eqtime': 12.0}
Equilibration Started
15:12:28 -- ******* Equilibration Started *******
checking ownership. requestor=129.138.12.150
check software interlocks O
interlocks []
actuate state mode=None-script, software_lock=False
doing actuation None-script close_channel True
Close O ===>> OK
GetIndicatorState O ===>> False
change switch state (True, True)
update switch state O False args=() kw={} ncanvase=3
15:12:28 -- CLOSE  VALVE-O (Jan Ion Pump)
waiting 3s before opening inlet value ('R',)
Get Checksum: 1944010931
checking ownership. requestor=129.138.12.150
check software interlocks R
interlocks []
actuate state mode=None-script, software_lock=False
doing actuation None-script open_channel True
Open R ===>> OK
set states for children of R. state=True
handle state [('R', True)]
update switch state R True args=() kw={'refresh': False} ncanvase=3
refresh_canvas_needed fired
Get Checksum: 714864715
GetIndicatorState R ===>> OK
change switch state (True, True)
update switch state R True args=() kw={} ncanvase=3
15:12:31 -- OPEN   VALVE-R (Jan Inlet)
equilibrating for 12.0sec
set_time_zero () {}
sniff (12.0,) {}
py_sniff
build tables- sniff [Detector(H2), Detector(H1), Detector(AX), Detector(L1), Detector(L2), Detector(CDD)]
add group /sniff/PM41 (Group) '' table H2
add group /sniff/Ar40 (Group) '' table H1
add group /sniff/Ar39 (Group) '' table AX
add group /sniff/Ar38 (Group) '' table L1
add group /sniff/Ar37 (Group) '' table L2
add group /sniff/Ar36 (Group) '' table CDD
flush and close file /Users/jan/PychronDev/data/isotopes/d3/059191-a2cf-49ce-813a-1b705a2ee13d.h5
measuring sniff. ncounts=12.0
starting measurement
GetData ===>> H2,0.118885598798993,H1,5.47092544708911,AX,2.02325312060527,L1,0.0506159366419816,L2,0.232858201...
GetData ===>> H2,0.793863295568873,H1,26.419567820617,AX,7.32847916349084,L1,0.201189058652516,L2,0.29884596055...
GetData ===>> H2,0.433254494580778,H1,35.2305316702915,AX,8.90219787785592,L1,0.24324245970419,L2,0.12383169445...
Get Checksum: 714864715
GetData ===>> H2,0.132406078665795,H1,38.0690468553103,AX,9.18393812412174,L1,0.240029075552274,L2,0.0205977541...
GetData ===>> H2,-0.0449002248658711,H1,39.0392810406861,AX,9.34068868499059,L1,0.247796642551506,L2,0.08105130...
GetData ===>> H2,0.0441605005980204,H1,39.5912834176787,AX,9.41508353463475,L1,0.225749980148258,L2,0.172722547...
Get Checksum: 714864715
GetData ===>> H2,-0.0247365556999775,H1,39.611539202747,AX,9.28188956856708,L1,0.186747852247524,L2,0.046023344...
GetData ===>> H2,-0.153976725492444,H1,39.8375451895048,AX,9.39159224205532,L1,0.225706314203123,L2,0.143296089...
GetData ===>> H2,-0.0925812284346011,H1,39.9926402163259,AX,9.52233750653558,L1,0.223360757791471,L2,0.05182771...
Get Checksum: 714864715
GetData ===>> H2,-0.0743790830965032,H1,39.8941783240392,AX,9.43915191067074,L1,0.218715269175484,L2,0.11911157...
GetData ===>> H2,0.00388455331641213,H1,39.8458260637763,AX,9.4143903911225,L1,0.190706239456911,L2,0.032215156...
Equilibration Finished
15:12:43 -- ******* Equilibration Finished *******
checking ownership. requestor=129.138.12.150
check software interlocks R
interlocks []
actuate state mode=None-script, software_lock=False
doing actuation None-script close_channel True
GetData ===>> H2,-0.0393915685936961,H1,39.9063123620542,AX,9.40510029042072,L1,0.191524990945043,L2,0.12531390...
Close R ===>> OK
set states for children of R. state=False
handle state [('R', False)]
update switch state R False args=() kw={'refresh': False} ncanvase=3
refresh_canvas_needed fired
Get Checksum: 1944010931
GetIndicatorState R ===>> False
change switch state (True, True)
update switch state R False args=() kw={} ncanvase=3
15:12:44 -- CLOSE  VALVE-R (Jan Inlet)
Post Equilibration Started jan_pump_extraction_line.py
15:12:44 -- ******* Post Equilibration Started jan_pump_extraction_line.py *******
testing...
no interpolation path defined
calculate duration
testing...
no interpolation path defined
executed 4.0
executed 4.0
Pump after analysis
doing GOSUB
testing...
no interpolation path defined
executed 4.0
Pump Microbone
close () {'description': 'Jan Inlet'}
closing name=--- desc=Jan Inlet
checking ownership. requestor=129.138.12.150
check software interlocks R
interlocks []
actuate state mode=None-script, software_lock=False
doing actuation None-script close_channel False
Close R ===>> OK
measurement finished
estimated time: 12.583 actual time: :12.658
flush and close file /Users/jan/PychronDev/data/isotopes/d3/059191-a2cf-49ce-813a-1b705a2ee13d.h5
set_fits () {}
using default fits file=/Users/jan/PychronDev/scripts/measurement/fits/nominal_linear.yaml
set "Ar40" to "('Linear', 'SEM')"
No fit for "PM41". defaulting to linear. check the measurement script "jan_unknown120_60.py"
set "PM41" to "linear"
set "Ar36" to "('Linear', 'SEM')"
set "Ar37" to "('linear', 'SEM')"
set "Ar38" to "('linear', 'SEM')"
set "Ar39" to "('Linear', 'SEM')"
set_baseline_fits () {}
using default fits file=/Users/jan/PychronDev/scripts/measurement/fits/nominal_linear.yaml
GetIndicatorState R ===>> False
set "H1" to "('average', 'SEM')"
change switch state (True, True)
set "H2" to "('average', 'SEM')"
update switch state R False args=() kw={} ncanvase=3
set "CDD" to "('average', 'SEM')"
set "L2" to "('average', 'SEM')"
set "L1" to "('average', 'SEM')"
set "AX" to "('average', 'SEM')"
multicollect () {'integration_time': 1, 'ncounts': 120}
build tables- signal [Detector(H2), Detector(H1), Detector(AX), Detector(L1), Detector(L2), Detector(CDD)]
add group /signal/PM41 (Group) '' table H2
15:12:44 -- CLOSE  VALVE-R (Jan Inlet)
add group /signal/Ar40 (Group) '' table H1
---------------------------------------- close None (Jan Inlet) result=[(True, True)]
add group /signal/Ar39 (Group) '' table AX
add group /signal/Ar38 (Group) '' table L1
add group /signal/Ar37 (Group) '' table L2
add group /signal/Ar36 (Group) '' table CDD
flush and close file /Users/jan/PychronDev/data/isotopes/d3/059191-a2cf-49ce-813a-1b705a2ee13d.h5
measuring signal. ncounts=120
action=close, ok=True, locked=[False]
is_closed ('F',) {}
is F () closed?
is closed True
open () {'description': 'CO2 Laser to Jan'}
opening name=--- desc=CO2 Laser to Jan
checking ownership. requestor=129.138.12.150
check software interlocks A
interlocks []
actuate state mode=None-script, software_lock=False
doing actuation None-script open_channel False
Open A ===>> OK
GetIndicatorState A ===>> OK
change switch state (True, True)
update switch state A True args=() kw={} ncanvase=3
15:12:45 -- OPEN   VALVE-A (CO2 Laser to Jan)
---------------------------------------- open None (CO2 Laser to Jan) result=[(True, True)], time=0.11 sec
starting measurement
GetData ===>> H2,0.0291317168793426,H1,39.8969398546081,AX,9.4325474404946,L1,0.211149619835453,L2,0.0634717178...
action=open, ok=True, locked=[False]
sleep (1,) {}
SLEEP 1.0
GetData ===>> H2,0.0191489223628745,H1,39.9706927423419,AX,9.36033969890323,L1,0.217607601699192,L2,0.047106648...
close () {'description': 'CO2 Laser to Roughing'}
closing name=--- desc=CO2 Laser to Roughing
checking ownership. requestor=129.138.12.150
check software interlocks G
interlocks []
actuate state mode=None-script, software_lock=True
VALVE-G(CO2 Laser to Roughing) software locked
change switch state (True, False)
---------------------------------------- close None (CO2 Laser to Roughing) result=[(True, False)]
action=close, ok=True, locked=[True]
open () {'description': 'Microbone to Turbo'}
opening name=--- desc=Microbone to Turbo
checking ownership. requestor=129.138.12.150
check software interlocks U
interlocks []
actuate state mode=None-script, software_lock=False
doing actuation None-script open_channel True
Open U ===>> OK
GetIndicatorState U ===>> OK
change switch state (True, True)
update switch state U True args=() kw={} ncanvase=3
15:12:46 -- OPEN   VALVE-U (Microbone to Turbo)
---------------------------------------- open None (Microbone to Turbo) result=[(True, True)], time=0.17 sec
action=open, ok=True, locked=[False]
open () {'description': 'Microbone to Getter NP-10'}
opening name=--- desc=Microbone to Getter NP-10
checking ownership. requestor=129.138.12.150
check software interlocks M
interlocks []
actuate state mode=None-script, software_lock=False
doing actuation None-script open_channel False
Open M ===>> OK
GetIndicatorState M ===>> OK
change switch state (True, True)
update switch state M True args=() kw={} ncanvase=3
15:12:47 -- OPEN   VALVE-M (Microbone to Getter NP-10)
---------------------------------------- open None (Microbone to Getter NP-10) result=[(True, True)], time=0.14 sec
action=open, ok=True, locked=[False]
open () {'description': 'Microbone to Getter D-50'}
opening name=--- desc=Microbone to Getter D-50
checking ownership. requestor=129.138.12.150
check software interlocks K
interlocks []
actuate state mode=None-script, software_lock=False
doing actuation None-script open_channel False
GetData ===>> H2,-0.139455032159722,H1,40.0101266679471,AX,9.24245224919083,L1,0.177142250905143,L2,0.043685732...
Open K ===>> OK
Get Checksum: 1334048640
GetIndicatorState K ===>> OK
change switch state (True, True)
update switch state K True args=() kw={} ncanvase=3
15:12:47 -- OPEN   VALVE-K (Microbone to Getter D-50)
---------------------------------------- open None (Microbone to Getter D-50) result=[(True, True)], time=0.41 sec
action=open, ok=True, locked=[False]
open () {'description': 'Microbone to CO2 Laser'}
opening name=--- desc=Microbone to CO2 Laser
checking ownership. requestor=129.138.12.150
check software interlocks T
interlocks []
actuate state mode=None-script, software_lock=False
doing actuation None-script open_channel False
Open T ===>> OK
GetIndicatorState T ===>> OK
change switch state (True, True)
update switch state T True args=() kw={} ncanvase=3
15:12:48 -- OPEN   VALVE-T (Microbone to CO2 Laser)
---------------------------------------- open None (Microbone to CO2 Laser) result=[(True, True)], time=0.42 sec
GetData ===>> H2,-0.111431780229752,H1,39.8623180040363,AX,9.25444589997932,L1,0.21128055791594,L2,0.1076770865...
action=open, ok=True, locked=[False]
open () {'description': 'Microbone to Inlet Pipette'}
opening name=--- desc=Microbone to Inlet Pipette
checking ownership. requestor=129.138.12.150
check software interlocks S
interlocks []
actuate state mode=None-script, software_lock=False
doing actuation None-script open_channel False
Open S ===>> OK
GetIndicatorState S ===>> OK
change switch state (True, True)
update switch state S True args=() kw={} ncanvase=3
15:12:49 -- OPEN   VALVE-S (Microbone to Inlet Pipette)
---------------------------------------- open None (Microbone to Inlet Pipette) result=[(True, True)], time=0.45 sec
action=open, ok=True, locked=[False]
sleep (1,) {}
SLEEP 1.0
GetData ===>> H2,-0.0424543674058481,H1,39.8862661037559,AX,9.38641321262283,L1,0.222463428231477,L2,0.13497163...
set_resource () {'name': 'CO2PumpTimeFlag', 'value': 30}
Set CO2PumpTimeFlag 30 ===>> OK
release ('JanCO2Flag',) {}
release JanCO2Flag
Set JanCO2Flag 0 ===>> OK
executed 6.0
PumpMicrobone.py completed successfully
gosub finished
get_resource_value () {'name': 'JanMiniboneFlag'}
Read JanMiniboneFlag ===>> 0
Get Resource Value JanMiniboneFlag=0.0
get resource value 0.0
get_resource_value () {'name': 'JanMiniboneFlag'}
Read JanMiniboneFlag ===>> 0
Get Resource Value JanMiniboneFlag=0.0
executed 4.0
jan_pump_extraction_line.py completed successfully
Post Equilibration Finished
15:12:50 -- ******* Post Equilibration Finished *******
GetData ===>> H2,-0.179422065625695,H1,40.021375436578,AX,9.36624668044473,L1,0.211531527279669,L2,0.1104928311...
Get Checksum: 1334048640
GetData ===>> H2,-0.246164030522839,H1,40.0391094136015,AX,9.2654078967651,L1,0.18678175051844,L2,0.10976323756...
set states for children of V. state=False
handle state [('V', False)]
update switch state V False args=() kw={'refresh': False} ncanvase=3
refresh_canvas_needed fired
GetData ===>> H2,-0.0628976337191829,H1,40.1337895180591,AX,9.2127354612593,L1,0.190588761295168,L2,0.146705901...
Get Checksum: 1459125137
GetData ===>> H2,-0.110559928817565,H1,40.0136614728208,AX,9.27996900066896,L1,0.158102405179565,L2,0.040664026...
set states for children of H. state=True
handle state [('H', True)]
update switch state H True args=() kw={'refresh': False} ncanvase=3
refresh_canvas_needed fired
GetData ===>> H2,-0.138716980605943,H1,39.9785613232696,AX,9.24772587930223,L1,0.152785233338064,L2,0.038052892...
GetData ===>> H2,-0.0771929657290642,H1,39.8768379363356,AX,9.173385590865,L1,0.170280002343988,L2,0.0741818049...
Get Checksum: 1032510184
GetData ===>> H2,-0.0950384196914542,H1,39.9161292383584,AX,9.35450597874739,L1,0.188441693450185,L2,0.09309809...
GetData ===>> H2,-0.0743085915505506,H1,39.9291528640682,AX,9.18795784586307,L1,0.172593526469945,L2,0.03987725...
GetData ===>> H2,-0.0597750578237407,H1,39.9435286411361,AX,9.2699777689436,L1,0.177627745996366,L2,-0.02168725...
Get Checksum: 1032510184
GetData ===>> H2,-0.0595146914877204,H1,39.9302835531677,AX,9.28388310767972,L1,0.130087286431389,L2,-0.0029975...
GetData ===>> H2,-0.106660207262872,H1,39.8821170465871,AX,9.28740836368927,L1,0.164659318591817,L2,0.115337929...
GetData ===>> H2,-0.121510070688816,H1,40.0063916228021,AX,9.18010071289752,L1,0.155648444788262,L2,0.056309517...
Get Checksum: 1032510184
GetData ===>> H2,-0.0786728211897937,H1,40.0542977334701,AX,9.25107975831276,L1,0.165030548187618,L2,0.09932153...
GetData ===>> H2,-0.125161377963988,H1,40.0106847881162,AX,9.32090781420346,L1,0.172715751343847,L2,0.037471383...
GetData ===>> H2,-0.231095430993428,H1,40.0846658156983,AX,9.1620813846909,L1,0.155673840058189,L2,0.1454856536...
Get Checksum: 1032510184
GetData ===>> H2,-0.169512228742357,H1,40.0774346236208,AX,9.31603608771849,L1,0.165195006027932,L2,0.149762291...
GetData ===>> H2,-0.216615759743607,H1,40.1586843483264,AX,9.39390222258202,L1,0.120318185300827,L2,0.081074099...
GetData ===>> H2,-0.16358950951307,H1,40.1073932071441,AX,9.32930328038148,L1,0.138727696848296,L2,0.1373092545...
Get Checksum: 1032510184
GetData ===>> H2,-0.123192522614712,H1,40.1178919352665,AX,9.19734591010488,L1,0.150547702734904,L2,0.106719524...
15:13:10 -- collecting point 25
GetData ===>> H2,-0.209263615075157,H1,40.1290802653983,AX,9.15151897390194,L1,0.166416430700482,L2,0.184746657...
GetData ===>> H2,-0.163413994303182,H1,40.0578195220443,AX,9.34779761294715,L1,0.161612031027136,L2,0.086715503...
Get Checksum: 1032510184
GetData ===>> H2,-0.158675406463602,H1,40.0844653411411,AX,9.14870251589075,L1,0.176920698511212,L2,0.134834805...
GetData ===>> H2,-0.170486454332371,H1,40.1854745980847,AX,9.37006330718266,L1,0.169566207465711,L2,0.079512799...
GetData ===>> H2,-0.136017141220958,H1,40.0437759314466,AX,9.22591620547522,L1,0.169608549829838,L2,0.124413174...
Get Checksum: 1032510184
GetData ===>> H2,-0.208906593155548,H1,40.1872646458735,AX,9.18396241199463,L1,0.15997260283939,L2,0.0708853884...
GetData ===>> H2,-0.205372141738772,H1,40.2310217031421,AX,9.24391036848338,L1,0.139614743137447,L2,0.017781972...
Get Checksum: 1032510184
GetData ===>> H2,-0.177412476515835,H1,40.0762461723106,AX,9.24822409348299,L1,0.134514682480152,L2,0.179475941...
GetData ===>> H2,-0.0985458373254096,H1,40.1693510492153,AX,9.22454338487393,L1,0.146969404858773,L2,0.16755515...
GetData ===>> H2,-0.149867793312483,H1,40.148147436482,AX,9.28257028485822,L1,0.175093983436979,L2,0.1052376015...
set states for children of H. state=False
handle state [('H', False)]
update switch state H False args=() kw={'refresh': False} ncanvase=3
refresh_canvas_needed fired
Get Checksum: 1459125137
GetData ===>> H2,-0.19932881133636,H1,40.2663684078012,AX,9.20166981134635,L1,0.167010265479845,L2,0.0952751166...
GetData ===>> H2,-0.107159467932436,H1,40.1402024141945,AX,9.24442071516209,L1,0.174200719522726,L2,-0.01620607...
set states for children of C. state=True
set states for children of B. state=True
handle state [('C', True), ('B', True)]
update switch state C True args=() kw={'refresh': True} ncanvase=3
update switch state B True args=() kw={'refresh': False} ncanvase=3
refresh_canvas_needed fired
GetData ===>> H2,-0.102400039670752,H1,40.2129010548271,AX,9.1275087381767,L1,0.193483721743504,L2,0.1038012983...
Get Checksum: 799532470
State checksums do not match. Local:-1887691611 Remote:799532470
State checksum failed
GetData ===>> H2,-0.14981377485313,H1,40.2547044225205,AX,9.38407908811116,L1,0.18693187279153,L2,0.06062045906...
set states for children of D. state=True
handle state [('D', True)]
update switch state D True args=() kw={'refresh': False} ncanvase=3
refresh_canvas_needed fired
GetData ===>> H2,-0.20212642674365,H1,40.2578424104897,AX,9.27375779137752,L1,0.142477023749245,L2,0.1091020481...
GetData ===>> H2,-0.272098709419142,H1,40.3097815576108,AX,9.22670588941724,L1,0.154069225721599,L2,0.115041516...
Get Checksum: 799532470
GetData ===>> H2,-0.231597445532737,H1,40.203662724242,AX,9.30217929564104,L1,0.136319527911862,L2,0.1273662347...
GetData ===>> H2,-0.181641781393962,H1,40.2430129144569,AX,9.23269553752583,L1,0.145518384742197,L2,0.041462203...
GetData ===>> H2,-0.118055123277841,H1,40.3435626929467,AX,9.18177652661247,L1,0.154113962848553,L2,0.046479471...
Get Checksum: 799532470
GetData ===>> H2,-0.0499977422504253,H1,40.236293677393,AX,9.28231501571658,L1,0.169851719396446,L2,0.021612368...
GetData ===>> H2,-0.154245621479769,H1,40.1827824164093,AX,9.23593957092226,L1,0.182858277702412,L2,0.039854453...
GetData ===>> H2,-0.168597297954726,H1,40.2553778650909,AX,9.22345000115921,L1,0.142839701423347,L2,0.139247807...
Get Checksum: 799532470
GetData ===>> H2,-0.203043085149734,H1,40.3261843818077,AX,9.32315544725467,L1,0.147435805112507,L2,0.071056479...
GetData ===>> H2,-0.0726302215120439,H1,40.2816880632118,AX,9.12548184375167,L1,0.127304548088068,L2,0.15271613...
GetData ===>> H2,-0.0293479019421606,H1,40.2268243454801,AX,9.27379425529876,L1,0.127770497864166,L2,0.11497311...
Get Checksum: 799532470
15:13:36 -- collecting point 50
GetData ===>> H2,-0.0678621915683527,H1,40.1743625778483,AX,9.27477878610087,L1,0.148320332883688,L2,0.10650293...
GetData ===>> H2,-0.0334237350620825,H1,40.2860736560117,AX,9.11804899686044,L1,0.168760526407176,L2,0.05474713...
GetData ===>> H2,-0.151254629130616,H1,40.2513372662509,AX,9.24383746202349,L1,0.167473504909191,L2,0.103561916...
GetData ===>> H2,-0.171341868660069,H1,40.2211946726495,AX,9.21652550992596,L1,0.175934062097397,L2,0.024006443...
GetData ===>> H2,-0.121426212059374,H1,40.2361933931171,AX,9.1812422062042,L1,0.192119717171769,L2,0.0652281356...
Get Checksum: 799532470
GetData ===>> H2,-0.0662954657983893,H1,40.3842890666939,AX,9.11781820204733,L1,0.164673828939991,L2,0.09851224...
GetData ===>> H2,-0.192045029612393,H1,40.2351762287595,AX,9.25550315874169,L1,0.144799596540265,L2,0.163585690...
Get Checksum: 799532470
GetData ===>> H2,-0.258512094783296,H1,40.3032879371855,AX,9.17388344187168,L1,0.170647807765811,L2,0.125826983...
GetData ===>> H2,-0.240381360342055,H1,40.2917063676843,AX,9.17213490272222,L1,0.140720638395391,L2,0.042169166...
GetData ===>> H2,-0.16183153443471,H1,40.3532343163866,AX,9.07401309610742,L1,0.159013266944069,L2,0.0941467083...
Get Checksum: 799532470
GetData ===>> H2,-0.0764854942723661,H1,40.3540940538869,AX,9.20313949369957,L1,0.163093188640189,L2,0.04801891...
GetData ===>> H2,-0.196249960751972,H1,40.322946820629,AX,9.19354442934145,L1,0.169462166978017,L2,0.1375373175...
GetData ===>> H2,-0.267033564127709,H1,40.3549681266454,AX,9.22885629054201,L1,0.192206930460007,L2,0.113217456...
Get Checksum: 799532470
GetData ===>> H2,-0.177378732888749,H1,40.3241788026632,AX,9.27390364714073,L1,0.186107438302747,L2,0.033058869...
GetData ===>> H2,-0.173123999216089,H1,40.3570315367147,AX,9.19095756023347,L1,0.149061123815475,L2,0.145143530...
GetData ===>> H2,-0.0614022125087363,H1,40.3788141354113,AX,9.21350074819475,L1,0.148036357228893,L2,0.02435985...
Get Checksum: 799532470
GetData ===>> H2,-0.116846861056896,H1,40.3898359134901,AX,9.16532317167014,L1,0.156130965784324,L2,0.100734977...
GetData ===>> H2,-0.155427877405677,H1,40.3046927083486,AX,9.16263988745533,L1,0.186031172412323,L2,0.064178843...
GetData ===>> H2,-0.0769191984689422,H1,40.2713123302333,AX,9.36072862544135,L1,0.184335312140236,L2,0.03287644...
Get Checksum: 799532470
GetData ===>> H2,-0.111939426851484,H1,40.4061482783053,AX,9.12805491422857,L1,0.17198605436483,L2,0.0216579689...
GetData ===>> H2,-0.248214236017067,H1,40.3002347666596,AX,9.07797141948075,L1,0.161265974691698,L2,0.111450431...
GetData ===>> H2,-0.282035276561323,H1,40.3495805005688,AX,9.17055638619752,L1,0.183837865057418,L2,0.039044886...
Get Checksum: 799532470
GetData ===>> H2,-0.19398059147549,H1,40.3762630745282,AX,9.19103042888721,L1,0.169018192225497,L2,0.1820770375...
GetData ===>> H2,-0.222612993426981,H1,40.3429609287446,AX,9.15630227489751,L1,0.163130704425065,L2,0.022102578...
GetData ===>> H2,-0.244849496874538,H1,40.3523602562278,AX,9.19972646225468,L1,0.177978866629516,L2,0.040800856...
Get Checksum: 799532470
15:14:03 -- collecting point 75
GetData ===>> H2,-0.188452040456254,H1,40.2889544755816,AX,9.16659805996607,L1,0.155910865642102,L2,0.057871925...
GetData ===>> H2,-0.162790218250118,H1,40.3021268632031,AX,9.18630621895343,L1,0.153172106595986,L2,0.063597175...
GetData ===>> H2,-0.173824291048114,H1,40.3943509776141,AX,9.23269553752583,L1,0.129821655860225,L2,0.089371067...
Get Checksum: 799532470
GetData ===>> H2,-0.136324065698402,H1,40.3325451540531,AX,9.12504491370867,L1,0.144502431763508,L2,0.108691657...
GetData ===>> H2,-0.0946862639198668,H1,40.3454396434895,AX,9.30731372730521,L1,0.157484323766195,L2,0.12059371...
Get Checksum: 799532470
GetData ===>> H2,-0.0797514223494009,H1,40.4214879326393,AX,9.13968309007237,L1,0.171867468431733,L2,0.13977236...
GetData ===>> H2,-0.235390769816428,H1,40.3966730765805,AX,9.10868400604102,L1,0.130316700254584,L2,0.119305393...
GetData ===>> H2,-0.207367901809116,H1,40.5025625250596,AX,9.1240132807629,L1,0.145259856733276,L2,0.0180441669...
Get Checksum: 799532470
GetData ===>> H2,-0.195939736616807,H1,40.5169476976677,AX,9.05521922993949,L1,0.153348622420273,L2,0.040356159...
GetData ===>> H2,-0.174973228105796,H1,40.3964867336513,AX,9.20564164628417,L1,0.205626295226656,L2,0.107585889...
GetData ===>> H2,-0.178349159467833,H1,40.4645354251951,AX,9.27020869877146,L1,0.187608661214489,L2,0.163528659...
Get Checksum: 799532470
GetData ===>> H2,-0.211273505485119,H1,40.2818600442298,AX,9.26797234769161,L1,0.169729528985887,L2,0.163243503...
GetData ===>> H2,-0.0389762564488393,H1,40.3863673126627,AX,9.14470862052014,L1,0.145377039173165,L2,-0.0202400...
GetData ===>> H2,-0.101782805405065,H1,40.586057810459,AX,9.13314056066173,L1,0.13858872523752,L2,0.12559894828...
Get Checksum: 799532470
GetData ===>> H2,-0.226394523618002,H1,40.60115000185,AX,9.14455081023969,L1,0.153734308090699,L2,0.03250019399...
GetData ===>> H2,-0.21170318771171,H1,40.5261381019695,AX,9.18410813935345,L1,0.157635514372063,L2,0.1225661327...
GetData ===>> H2,-0.126328196292642,H1,40.5306547044688,AX,9.11851058805493,L1,0.126280982356657,L2,0.095149737...
Get Checksum: 799532470
GetData ===>> H2,-0.0883957367588027,H1,40.3998266160817,AX,9.07589510184617,L1,0.12785862030853,L2,0.032682618...
GetData ===>> H2,-0.20388553655755,H1,40.4042417102682,AX,9.17072637911024,L1,0.134741780565303,L2,0.1182109040...
GetData ===>> H2,-0.187146687285628,H1,40.4072807653533,AX,9.27243294441528,L1,0.125869412545784,L2,0.103311136...
Get Checksum: 799532470
GetData ===>> H2,-0.16849203569087,H1,40.5123312539019,AX,9.01004558056795,L1,0.136068231650137,L2,0.1031971454...
GetData ===>> H2,-0.116006549153721,H1,40.4707744308042,AX,9.02301790690452,L1,0.12120931497879,L2,0.0069186180...
GetData ===>> H2,-0.115994370263167,H1,40.412742656378,AX,9.17054424385744,L1,0.135303507789368,L2,0.0193323519...
Get Checksum: 799532470
GetData ===>> H2,-0.0719373810639374,H1,40.4926923984464,AX,9.12537261106533,L1,0.143935910030473,L2,-0.0676438...
GetData ===>> H2,-0.124686774431761,H1,40.6180664077745,AX,9.00795851304822,L1,0.218386474684269,L2,0.089382464...
15:14:29 -- collecting point 100
GetData ===>> H2,-0.233743878066576,H1,40.4100905260909,AX,9.05370178866885,L1,0.224279996284228,L2,0.090943924...
Get Checksum: 799532470
GetData ===>> H2,-0.149495060704266,H1,40.5613003850477,AX,9.18755708099224,L1,0.195938421810725,L2,0.165946817...
GetData ===>> H2,-0.177330141889111,H1,40.6881391200526,AX,9.23720319238774,L1,0.146082578558447,L2,0.086396384...
Get Checksum: 799532470
GetData ===>> H2,-0.221957022341578,H1,40.6384438604372,AX,9.13220594789059,L1,0.167870238505074,L2,0.174080032...
GetData ===>> H2,-0.137365113308863,H1,40.4922763789115,AX,9.1334682840528,L1,0.190338065015683,L2,0.0085942071...
GetData ===>> H2,-0.15845389079137,H1,40.4925489432719,AX,9.06300102395146,L1,0.171571009656651,L2,0.0551462803...
Get Checksum: 799532470
GetData ===>> H2,-0.153397023500869,H1,40.5933741308582,AX,9.24640137051397,L1,0.186000908328703,L2,0.151210689...
GetData ===>> H2,-0.227517426707585,H1,40.5469588987828,AX,9.1731791655509,L1,0.163592864777556,L2,0.0475285693...
GetData ===>> H2,-0.189936561871377,H1,40.473413555818,AX,9.09362408792727,L1,0.162738610811356,L2,0.1056251791...
Get Checksum: 799532470
GetData ===>> H2,-0.209145058102822,H1,40.6137330561656,AX,9.11462356964563,L1,0.106392701666272,L2,0.046240004...
GetData ===>> H2,-0.189296124651206,H1,40.6560114182531,AX,9.11960383869838,L1,0.0850906380476284,L2,0.13256566...
GetData ===>> H2,-0.157177389910838,H1,40.6365494729734,AX,9.11702864479754,L1,0.13071154567813,L2,0.0672925379...
Get Checksum: 799532470
GetData ===>> H2,-0.121909066972365,H1,40.6035746842611,AX,9.06609691072255,L1,0.167611392267324,L2,0.044096236...
GetData ===>> H2,-0.230745488093092,H1,40.5316154005097,AX,9.16154716751911,L1,0.199256722368378,L2,0.040527196...
GetData ===>> H2,-0.230254203808147,H1,40.5179226214811,AX,9.13567740996318,L1,0.143985434122295,L2,0.043320842...
Get Checksum: 799532470
GetData ===>> H2,-0.176014056353792,H1,40.6268053295802,AX,9.04554441178671,L1,0.170208620598405,L2,0.103436526...
GetData ===>> H2,-0.267036252523687,H1,40.5843363879192,AX,9.1089755102861,L1,0.177877161473511,L2,0.1405592040...
GetData ===>> H2,-0.322222491723782,H1,40.5397744565664,AX,9.08484421127358,L1,0.179365306305245,L2,0.043195411...
Get Checksum: 799532470
GetData ===>> H2,-0.236862543399203,H1,40.5548751879334,AX,9.15414126339798,L1,0.134742988547437,L2,0.082304922...
GetData ===>> H2,-0.0926516735071444,H1,40.5323466817402,AX,9.00572588351541,L1,0.119836428323178,L2,0.09768015...
GetData ===>> H2,0.0147435922494388,H1,40.5569260506429,AX,9.13334690489617,L1,0.137246236712784,L2,0.049159255...
Get Checksum: 799532470
measurement finished
estimated time: 125.829 actual time: :126.119
flush and close file /Users/jan/PychronDev/data/isotopes/d3/059191-a2cf-49ce-813a-1b705a2ee13d.h5
baselines () {'settling_time': 15.0, 'detector': 'H1', 'mass': 34.2, 'ncounts': 60}
%%%%%%%%%%%%%%%%%%%%%%%%%%%%%%%% Baseline
build tables- baseline [Detector(H2), Detector(H1), Detector(AX), Detector(L1), Detector(L2), Detector(CDD)]
add group baseline table H2
add group baseline table H1
add group baseline table AX
add group baseline table L1
add group baseline table L2
add group baseline table CDD
flush and close file /Users/jan/PychronDev/data/isotopes/d3/059191-a2cf-49ce-813a-1b705a2ee13d.h5
detector Detector(H1)
POSITION 34.2 H1
Mapping mass to dac mass func: "parabolic"
H1 map mass coeffs = [-0.00063987  0.15840543  0.57102999]
H1 map mass to dac 34.2 >> 5.24007599104
GetDeflection H1 ===>> 0
GetHighVoltage ===>> 4500
positioning 34.2 (5.24007599104) on H1
setting magnet DAC
current  : 5.879420
requested: 5.240076
Delta Dac: 0.639344
Checking detector protection. dv=0.63934
Checking detector "CDD". Protection Threshold: 0.1 (V)
ProtectDetector CDD,On ===>> OK
GetDeflection CDD ===>> 2000
SetMagnetDAC 5.24007599104 ===>> OK
Magnet settling time: 0.500
GetMagnetMoving ===>> True
GetMagnetMoving ===>> True
GetMagnetMoving ===>> True
GetMagnetMoving ===>> True
GetMagnetMoving ===>> True
GetMagnetMoving ===>> True
GetMagnetMoving ===>> True
Get Checksum: 799532470
GetMagnetMoving ===>> True
GetMagnetMoving ===>> False
ProtectDetector CDD,Off ===>> OK
GetDeflection CDD ===>> 50
Delaying 15.0s for detectors to settle
Get Checksum: 799532470
Get Checksum: 799532470
Get Checksum: 799532470
Get Checksum: 799532470
Get Checksum: 799532470
Join finished
measuring baseline. ncounts=60
starting measurement
GetData ===>> H2,-0.168541967912328,H1,-0.0384767994029421,AX,-0.0959603300164705,L1,-0.0532325459994517,L2,0.0...
GetData ===>> H2,-0.155214404886455,H1,0.0373647094159548,AX,-0.00879258956511486,L1,-0.0275047859210441,L2,-0....
Get Checksum: 799532470
GetData ===>> H2,-0.21243859338264,H1,0.0242869557273596,AX,-0.153040741993039,L1,-0.0278498209536755,L2,-0.067...
GetData ===>> H2,-0.277427489845715,H1,-0.0792485680199072,AX,-0.119367994439382,L1,-0.03367768617164,L2,-0.052...
GetData ===>> H2,-0.166729422231584,H1,-0.0558485575920862,AX,-0.0370802260566831,L1,-0.0315857442560362,L2,-0....
Get Checksum: 799532470
GetData ===>> H2,-0.0955449630885098,H1,0.00265752344310601,AX,0.0287397798430885,L1,-0.0157341615307172,L2,-0....
GetData ===>> H2,-0.252378074189785,H1,-0.0777586642507487,AX,-0.105961422279108,L1,0.0258602356130002,L2,-0.03...
GetData ===>> H2,-0.180500267634548,H1,-0.0394545625136409,AX,-0.0864334205017001,L1,0.0252994358896452,L2,0.07...
Get Checksum: 799532470
GetData ===>> H2,-0.130799507096693,H1,-0.0511154398602496,AX,-0.0437942878388733,L1,-0.00164768184977281,L2,0....
GetData ===>> H2,-0.171988108887698,H1,-0.0353526630029631,AX,-0.0314326340799282,L1,-0.00985928358798177,L2,-0...
GetData ===>> H2,-0.315335832585453,H1,-0.0780566467793563,AX,-0.0430985516539236,L1,-0.0543053611453763,L2,-0....
GetData ===>> H2,-0.248857202774671,H1,-0.0553239913422708,AX,-0.167079540780893,L1,-0.0595394309673668,L2,-0.0...
GetData ===>> H2,-0.218836934390912,H1,-0.0418035397262038,AX,-0.0191505995281386,L1,-0.0272328228823924,L2,-0....
Get Checksum: 799532470
GetData ===>> H2,-0.186437310347398,H1,0.0468996594968686,AX,-0.0558413306775992,L1,-0.0310420315345448,L2,-0.0...
GetData ===>> H2,-0.237895630036112,H1,-0.0330870068975695,AX,-0.0793166044680978,L1,-0.0408852747747588,L2,0.0...
GetData ===>> H2,-0.19789805243845,H1,-0.0415889146552882,AX,0.0126112699527211,L1,0.00680227135434707,L2,-0.05...
Get Checksum: 799532470
GetData ===>> H2,-0.301713955545106,H1,0.0448589367343601,AX,-0.0381586817132822,L1,-0.00167768089719191,L2,-0....
GetData ===>> H2,-0.268169354375497,H1,-0.0939914597614109,AX,0.00606780205244592,L1,-0.0309054999331747,L2,0.0...
GetData ===>> H2,-0.209190864353112,H1,0.0362549431835781,AX,-0.112543271976841,L1,-0.0508291536214529,L2,0.043...
Get Checksum: 799532470
GetData ===>> H2,-0.255032122803872,H1,-0.111568059097533,AX,-0.159660444601563,L1,-0.0330466768441702,L2,-0.01...
GetData ===>> H2,-0.284738465391122,H1,-0.0399076690088538,AX,-0.0629482705483357,L1,-0.0416673036864927,L2,-0....
GetData ===>> H2,-0.239099809419931,H1,0.0129288333014844,AX,0.0508018744974279,L1,-0.0391497436388073,L2,-0.07...
Get Checksum: 799532470
GetData ===>> H2,-0.241766402581786,H1,0.00971968136627162,AX,0.0311534845595644,L1,-0.0469614636255165,L2,0.03...
GetData ===>> H2,-0.316959678133207,H1,-0.0202910493813267,AX,-0.0509252969712736,L1,-0.0239015775344786,L2,-0....
Get Checksum: 799532470
15:15:34 -- collecting point 25
GetData ===>> H2,-0.231061783108643,H1,-0.0157351504980195,AX,-0.0553079994080999,L1,-0.0215834343322127,L2,-0....
GetData ===>> H2,-0.153160539816451,H1,-0.0803689610401779,AX,-0.159996634638557,L1,-0.00524333091850512,L2,0.0...
GetData ===>> H2,-0.209477822816635,H1,-0.00742188959270678,AX,-0.0213426909907266,L1,0.017761153979026,L2,-0.0...
Get Checksum: 799532470
GetData ===>> H2,-0.21895415533762,H1,-0.0617258959806353,AX,-0.122913416794269,L1,0.0231026604107011,L2,0.0356...
GetData ===>> H2,-0.297517432500517,H1,-0.0104991886069382,AX,-0.0892614569353542,L1,0.00290240827517719,L2,0.0...
GetData ===>> H2,-0.258776845938334,H1,0.0824869186927703,AX,-0.0950215883941509,L1,-0.0189290197999957,L2,-0.0...
Get Checksum: 799532470
GetData ===>> H2,-0.221970492356595,H1,-0.0555147430240098,AX,-0.0715269192415235,L1,-0.0226382916870817,L2,-0....
GetData ===>> H2,-0.147840574239302,H1,-0.0726570657162416,AX,-0.00742381150667541,L1,-0.0216397761008689,L2,-0...
GetData ===>> H2,-0.105512771668004,H1,-0.0340171245572616,AX,-0.0586122874022196,L1,0.0063451599830634,L2,-0.0...
Get Checksum: 799532470
GetData ===>> H2,-0.0854570921208234,H1,-0.0415173728627092,AX,-0.0223053398942352,L1,-0.0286704296334861,L2,0....
GetData ===>> H2,-0.166367688160334,H1,-0.0103918425594649,AX,0.0299698334229895,L1,-0.0404553125865472,L2,-0.0...
GetData ===>> H2,-0.265402933915916,H1,-0.0348399137430676,AX,-0.0519920046273726,L1,-0.0411667163849589,L2,-0....
Get Checksum: 799532470
GetData ===>> H2,-0.195163870823749,H1,-0.0361396683844937,AX,-0.0793166044680978,L1,-0.0432994283131891,L2,-0....
GetData ===>> H2,-0.138927857378551,H1,-0.00220934945127633,AX,-0.0252744138910949,L1,-0.0348701215052107,L2,0....
GetData ===>> H2,-0.0970603952838847,H1,0.00467352784767634,AX,-0.119669244499189,L1,-0.0346675970341763,L2,0.0...
Get Checksum: 799532470
GetData ===>> H2,-0.158074332532334,H1,-0.10092713761487,AX,-0.0908492938177589,L1,-0.01978272906057,L2,0.01064...
GetData ===>> H2,-0.270595126838822,H1,-0.110257368408972,AX,-0.0449306462445262,L1,0.00508276310752359,L2,-0.0...
GetData ===>> H2,-0.18798952034413,H1,0.0482482301124023,AX,-0.0941291959850826,L1,-0.0020760597727291,L2,-0.05...
Get Checksum: 799532470
GetData ===>> H2,-0.143483730730066,H1,-0.0455594039614702,AX,-0.209322824251338,L1,0.00354109770480066,L2,-0.0...
GetData ===>> H2,-0.119809783563218,H1,-0.0078632134794308,AX,-0.084474609377349,L1,0.0115593801174015,L2,-0.09...
GetData ===>> H2,-0.114700627053018,H1,-0.0206488337050502,AX,-0.0479222202317953,L1,-0.0152663606563345,L2,0.0...
Get Checksum: 799532470
GetData ===>> H2,-0.183054346534751,H1,-0.0225331433712615,AX,0.00135770558267058,L1,-0.0213185039129001,L2,-0....
GetData ===>> H2,-0.16149260004696,H1,-0.0510915948716882,AX,0.010418463090944,L1,-0.0197779331434729,L2,-0.056...
Get Checksum: 799532470
GetData ===>> H2,-0.263649709885972,H1,0.0386415524501917,AX,-0.0925182331190577,L1,-0.0108232216208468,L2,0.01...
GetData ===>> H2,-0.224196865205108,H1,-0.0361158198274978,AX,-0.0339375613138067,L1,-0.0268817760162412,L2,-0....
15:16:01 -- collecting point 50
GetData ===>> H2,-0.206690110569387,H1,-0.103310421071279,AX,-0.0826896228877705,L1,-0.0380524554551812,L2,0.02...
Get Checksum: 799532470
GetData ===>> H2,-0.126770284996452,H1,-0.0398599736848968,AX,-0.114733260554259,L1,0.014033628402764,L2,-0.051...
GetData ===>> H2,-0.186538459966701,H1,-0.0200405995937956,AX,-0.0347261361739186,L1,0.0232372558308724,L2,-0.1...
GetData ===>> H2,-0.22410798032128,H1,-0.141295929602791,AX,-0.0557137952051616,L1,-0.00387816727300239,L2,-0.0...
Get Checksum: 799532470
GetData ===>> H2,-0.235994839032726,H1,-0.0212928422647306,AX,-0.0853786809503466,L1,-0.0217392724960989,L2,0.0...
GetData ===>> H2,-0.259995836143937,H1,-0.00615754552335519,AX,0.0439308702740581,L1,-0.0147397587811562,L2,-0....
GetData ===>> H2,-0.247074830500227,H1,0.0288926120604273,AX,-0.01971892427767,L1,-0.0158696997718863,L2,-0.073...
Get Checksum: 799532470
GetData ===>> H2,-0.187866807754309,H1,-0.082240227791197,AX,-0.0462409205884241,L1,0.00191203953981338,L2,-0.0...
GetData ===>> H2,-0.238301843949263,H1,-0.0354480579242587,AX,-0.0412664225721778,L1,0.0585987587564704,L2,-0.0...
GetData ===>> H2,-0.127482728107275,H1,0.00165550085629036,AX,0.0333351537729052,L1,0.0167823048621808,L2,-0.03...
Get Checksum: 799532470
GetData ===>> H2,-0.239406748725545,H1,0.0851705422391326,AX,-0.00132207516893788,L1,0.00724260559626876,L2,0.0...
measurement finished
estimated time: 62.915 actual time: :63.086
flush and close file /Users/jan/PychronDev/data/isotopes/d3/059191-a2cf-49ce-813a-1b705a2ee13d.h5
activate_detectors ('H1', 'AX', 'CDD') {'peak_center': True}
peak_center () {'detector': 'H1', 'integration_time': 0.262144, 'isotope': 'Ar40'}
peak center: mean=40.5684726274 threshold=3
peak center started
setup peak center. detector=['H1', 'AX', 'CDD'], isotope=Ar40
VersionedUnpickler [<apptools.sweet_pickle.versioned_unpickler.VersionedUnpickler object at 0x14e6f8fb0>] using Updater [<apptools.sweet_pickle.updater.Updater object at 0x135269b30>]
VersionedUnpickler [<apptools.sweet_pickle.versioned_unpickler.VersionedUnpickler object at 0x14e6f8fb0>] using Updater [<apptools.sweet_pickle.updater.Updater object at 0x135269b30>]
VersionedUnpickler [<apptools.sweet_pickle.versioned_unpickler.VersionedUnpickler object at 0x130f62f50>] using Updater [<apptools.sweet_pickle.updater.Updater object at 0x135269b30>]
setting integration time = 0.524288
SetIntegrationTime 0.524288 ===>> OK
Mapping mass to dac mass func: "parabolic"
H1 map mass coeffs = [-0.00063987  0.15840543  0.57102999]
H1 map mass to dac 39.9624 >> 5.87942
GetDeflection H1 ===>> 0
GetHighVoltage ===>> 4500
do peak center. <pychron.spectrometer.jobs.peak_center.PeakCenter object at 0x1352d1770>
doing pc
starting peak center. center dac= 5.87942 step_width=0.001
width = 0.001
get scan parameters. half-width=0.015,window=0.015, i=0, scalar=1
Scan parameters center=5.87942 width=0.03000 (5.86442 - 5.89442)
GetData ===>> H2,-0.341625465309501,H1,-0.0253356902311318,AX,-0.0990430474352081,L1,-0.0246482079455574,L2,-0....
Moving to starting dac 5.86442
setting magnet DAC
current  : 5.240076
requested: 5.864420
Delta Dac: 0.624344
Checking detector protection. dv=0.62434
Checking detector "CDD". Protection Threshold: 0.1 (V)
ProtectDetector CDD,On ===>> OK
GetDeflection CDD ===>> 2000
SetMagnetDAC 5.86442 ===>> OK
Magnet settling time: 0.500
GetMagnetMoving ===>> True
GetMagnetMoving ===>> True
GetMagnetMoving ===>> True
GetMagnetMoving ===>> True
Get Checksum: 799532470
GetMagnetMoving ===>> True
GetMagnetMoving ===>> True
GetMagnetMoving ===>> True
GetMagnetMoving ===>> True
GetMagnetMoving ===>> False
ProtectDetector CDD,Off ===>> OK
GetDeflection CDD ===>> 50
Wait until signal near baseline. tol= -0.0190017676733. timeout= 10
GetData ===>> H2,0.202929962321579,H1,0.132586370814303,AX,-0.0415795103650197,L1,0.0322341683778595,L2,-0.0510...
GetData ===>> H2,3.39463855582071,H1,1.62071799148407,AX,-0.00423378793969239,L1,0.0307586518560431,L2,0.044418...
GetData ===>> H2,3.09090662788236,H1,1.28538338283579,AX,0.149287381130165,L1,-0.00831247368721783,L2,-0.126459...
GetData ===>> H2,1.47702708193363,H1,0.585305811236814,AX,0.0339153931770463,L1,-0.00784238823642778,L2,-0.1389...
Get Checksum: 799532470
GetData ===>> H2,0.45447516419751,H1,0.287162842219968,AX,0.0370719561127822,L1,-0.00448639573303032,L2,0.00204...
GetData ===>> H2,0.0422333958128942,H1,0.210298174613688,AX,0.00541812002392145,L1,-0.0212168549039396,L2,-0.10...
GetData ===>> H2,-0.167498743607397,H1,0.0618901027117371,AX,-0.0175267962435351,L1,-0.0638907403520064,L2,-0.0...
GetData ===>> H2,-0.246260899004863,H1,0.0302886689083739,AX,-0.133351965630983,L1,-0.0854869956389854,L2,-0.04...
GetData ===>> H2,-0.236135856899448,H1,-0.0227239575618874,AX,-0.0940017106869993,L1,-0.0580627135275862,L2,-0....
Peak center baseline intensity achieved
_do_sweep sm= 5.86442, em= 5.89442, stm= 0.001
calculated step values: start=5.86442, end=5.89442, width=0.001, nsteps=31.0
setting magnet DAC
current  : 5.864420
requested: 5.864420
Delta Dac: 0.000000
Checking detector protection. dv=0.00000
Checking detector "CDD". Protection Threshold: 0.1 (V)
SetMagnetDAC 5.86442 ===>> OK
GetData ===>> H2,-0.236135856899448,H1,-0.0227239575618874,AX,-0.0940017106869993,L1,-0.0580627135275862,L2,-0....
setting magnet DAC
current  : 5.864420
requested: 5.865454
Delta Dac: 0.001034
Checking detector protection. dv=0.00103
Checking detector "CDD". Protection Threshold: 0.1 (V)
SetMagnetDAC 5.86545448276 ===>> OK
Magnet settling time: 1.049
Get Checksum: 799532470
GetData ===>> H2,-0.20624810950991,H1,0.0364458698312699,AX,-0.0641423710134514,L1,-0.0630925149920663,L2,-0.07...
setting magnet DAC
current  : 5.865454
requested: 5.866489
Delta Dac: 0.001034
Checking detector protection. dv=0.00103
Checking detector "CDD". Protection Threshold: 0.1 (V)
SetMagnetDAC 5.86648896552 ===>> OK
Magnet settling time: 1.049
GetData ===>> H2,-0.215119859818261,H1,0.26882454904642,AX,0.0649938840415169,L1,-0.0258434437803335,L2,-0.1176...
setting magnet DAC
current  : 5.866489
requested: 5.867523
Delta Dac: 0.001034
Checking detector protection. dv=0.00103
Checking detector "CDD". Protection Threshold: 0.1 (V)
SetMagnetDAC 5.86752344828 ===>> OK
Magnet settling time: 1.049
GetData ===>> H2,-0.193842759472168,H1,0.811302356328292,AX,0.182505512222169,L1,-0.01030769410683,L2,-0.211189...
setting magnet DAC
current  : 5.867523
requested: 5.868558
Delta Dac: 0.001034
Checking detector protection. dv=0.00103
Checking detector "CDD". Protection Threshold: 0.1 (V)
SetMagnetDAC 5.86855793103 ===>> OK
Magnet settling time: 1.049
Get Checksum: 799532470
GetData ===>> H2,-0.205827653446665,H1,2.80960308266087,AX,0.362455885385295,L1,-0.00945401839330151,L2,0.00189...
setting magnet DAC
current  : 5.868558
requested: 5.869592
Delta Dac: 0.001034
Checking detector protection. dv=0.00103
Checking detector "CDD". Protection Threshold: 0.1 (V)
SetMagnetDAC 5.86959241379 ===>> OK
Magnet settling time: 1.049
GetData ===>> H2,-0.292477660849261,H1,7.23508448439667,AX,0.977629479956415,L1,-0.0296374780393822,L2,-0.01801...
setting magnet DAC
current  : 5.869592
requested: 5.870627
Delta Dac: 0.001034
Checking detector protection. dv=0.00103
Checking detector "CDD". Protection Threshold: 0.1 (V)
SetMagnetDAC 5.87062689655 ===>> OK
Magnet settling time: 1.049
GetData ===>> H2,-0.171247425455534,H1,21.2264378784032,AX,3.62097139452148,L1,0.00799962951548559,L2,0.0449200...
setting magnet DAC
current  : 5.870627
requested: 5.871661
Delta Dac: 0.001034
Checking detector protection. dv=0.00103
Checking detector "CDD". Protection Threshold: 0.1 (V)
SetMagnetDAC 5.87166137931 ===>> OK
Magnet settling time: 1.049
Get Checksum: 799532470
GetData ===>> H2,-0.261910382605544,H1,31.1652635025705,AX,5.9024355478273,L1,0.0398049913951475,L2,-0.11107723...
setting magnet DAC
current  : 5.871661
requested: 5.872696
Delta Dac: 0.001034
Checking detector protection. dv=0.00103
Checking detector "CDD". Protection Threshold: 0.1 (V)
SetMagnetDAC 5.87269586207 ===>> OK
Magnet settling time: 1.049
GetData ===>> H2,-0.101740153455116,H1,37.131835882464,AX,7.48690771440601,L1,0.0651610488942678,L2,0.079900273...
setting magnet DAC
current  : 5.872696
requested: 5.873730
Delta Dac: 0.001034
Checking detector protection. dv=0.00103
Checking detector "CDD". Protection Threshold: 0.1 (V)
SetMagnetDAC 5.87373034483 ===>> OK
Magnet settling time: 1.049
Get Checksum: 799532470
GetData ===>> H2,-0.171314884967697,H1,39.5620771152887,AX,8.35115928592397,L1,0.0997462106934719,L2,0.16618635...
setting magnet DAC
current  : 5.873730
requested: 5.874765
Delta Dac: 0.001034
Checking detector protection. dv=0.00103
Checking detector "CDD". Protection Threshold: 0.1 (V)
SetMagnetDAC 5.87476482759 ===>> OK
Magnet settling time: 1.049
GetData ===>> H2,-0.0993219052076584,H1,40.4771285092143,AX,8.65584442828102,L1,0.109173613352467,L2,0.08514271...
setting magnet DAC
current  : 5.874765
requested: 5.875799
Delta Dac: 0.001034
Checking detector protection. dv=0.00103
Checking detector "CDD". Protection Threshold: 0.1 (V)
SetMagnetDAC 5.87579931034 ===>> OK
Magnet settling time: 1.049
GetData ===>> H2,-0.243454066990207,H1,40.6961183135366,AX,8.84266941486668,L1,0.144487936143456,L2,0.089314079...
setting magnet DAC
current  : 5.875799
requested: 5.876834
Delta Dac: 0.001034
Checking detector protection. dv=0.00103
Checking detector "CDD". Protection Threshold: 0.1 (V)
SetMagnetDAC 5.8768337931 ===>> OK
Magnet settling time: 1.049
Get Checksum: 799532470
GetData ===>> H2,-0.165385008949795,H1,40.6658211590334,AX,8.74319345632752,L1,0.16296248956928,L2,0.0462870942...
setting magnet DAC
current  : 5.876834
requested: 5.877868
Delta Dac: 0.001034
Checking detector protection. dv=0.00103
Checking detector "CDD". Protection Threshold: 0.1 (V)
SetMagnetDAC 5.87786827586 ===>> OK
Magnet settling time: 1.049
GetData ===>> H2,-0.239572330939492,H1,40.6399483737468,AX,8.74440481024721,L1,0.13299701472573,L2,0.0629212934...
setting magnet DAC
current  : 5.877868
requested: 5.878903
Delta Dac: 0.001034
Checking detector protection. dv=0.00103
Checking detector "CDD". Protection Threshold: 0.1 (V)
SetMagnetDAC 5.87890275862 ===>> OK
Magnet settling time: 1.049
GetData ===>> H2,-0.196967490076257,H1,40.6865061749203,AX,8.77985541386438,L1,0.134560888039557,L2,0.097908121...
setting magnet DAC
current  : 5.878903
requested: 5.879937
Delta Dac: 0.001034
Checking detector protection. dv=0.00103
Checking detector "CDD". Protection Threshold: 0.1 (V)
SetMagnetDAC 5.87993724138 ===>> OK
Magnet settling time: 1.049
Get Checksum: 799532470
GetData ===>> H2,-0.162269028377565,H1,40.7326801401851,AX,8.81381525137636,L1,0.153271245242588,L2,0.073678096...
setting magnet DAC
current  : 5.879937
requested: 5.880972
Delta Dac: 0.001034
Checking detector protection. dv=0.00103
Checking detector "CDD". Protection Threshold: 0.1 (V)
SetMagnetDAC 5.88097172414 ===>> OK
Magnet settling time: 1.049
GetData ===>> H2,-0.287152246581452,H1,40.5224721283752,AX,8.86963969376722,L1,0.195614890907529,L2,0.220337287...
setting magnet DAC
current  : 5.880972
requested: 5.882006
Delta Dac: 0.001034
Checking detector protection. dv=0.00103
Checking detector "CDD". Protection Threshold: 0.1 (V)
SetMagnetDAC 5.8820062069 ===>> OK
Magnet settling time: 1.049
GetData ===>> H2,-0.177346839295107,H1,40.6839239400435,AX,8.78639925455128,L1,0.15488903465341,L2,0.1133656600...
setting magnet DAC
current  : 5.882006
requested: 5.883041
Delta Dac: 0.001034
Checking detector protection. dv=0.00103
Checking detector "CDD". Protection Threshold: 0.1 (V)
SetMagnetDAC 5.88304068966 ===>> OK
Magnet settling time: 1.049
Get Checksum: 799532470
GetData ===>> H2,-0.246702178239009,H1,40.6708988436315,AX,8.85161829238984,L1,0.137090625951334,L2,0.058158603...
setting magnet DAC
current  : 5.883041
requested: 5.884075
Delta Dac: 0.001034
Checking detector protection. dv=0.00103
Checking detector "CDD". Protection Threshold: 0.1 (V)
SetMagnetDAC 5.88407517241 ===>> OK
Magnet settling time: 1.049
GetData ===>> H2,-0.208382491504987,H1,40.4841858021838,AX,8.69339507346904,L1,0.134652604149,L2,0.212302850016...
setting magnet DAC
current  : 5.884075
requested: 5.885110
Delta Dac: 0.001034
Checking detector protection. dv=0.00103
Checking detector "CDD". Protection Threshold: 0.1 (V)
SetMagnetDAC 5.88510965517 ===>> OK
Magnet settling time: 1.049
GetData ===>> H2,-0.174994867125342,H1,39.2072478590528,AX,8.16559699262889,L1,0.121546225886303,L2,0.102422011...
setting magnet DAC
current  : 5.885110
requested: 5.886144
Delta Dac: 0.001034
Checking detector protection. dv=0.00103
Checking detector "CDD". Protection Threshold: 0.1 (V)
SetMagnetDAC 5.88614413793 ===>> OK
Magnet settling time: 1.049
Get Checksum: 799532470
GetData ===>> H2,-0.222547591733354,H1,36.042984006088,AX,7.02368068485073,L1,0.0958524356036383,L2,0.140274116...
setting magnet DAC
current  : 5.886144
requested: 5.887179
Delta Dac: 0.001034
Checking detector protection. dv=0.00103
Checking detector "CDD". Protection Threshold: 0.1 (V)
SetMagnetDAC 5.88717862069 ===>> OK
Magnet settling time: 1.049
GetData ===>> H2,-0.248491334967833,H1,28.3500972290206,AX,4.85418768990174,L1,0.0820491084869149,L2,0.02532756...
setting magnet DAC
current  : 5.887179
requested: 5.888213
Delta Dac: 0.001034
Checking detector protection. dv=0.00103
Checking detector "CDD". Protection Threshold: 0.1 (V)
SetMagnetDAC 5.88821310345 ===>> OK
Magnet settling time: 1.049
Get Checksum: 799532470
GetData ===>> H2,-0.0886365032214624,H1,17.9298771315302,AX,2.62260564509105,L1,0.0348132359186122,L2,0.0201567...
setting magnet DAC
current  : 5.888213
requested: 5.889248
Delta Dac: 0.001034
Checking detector protection. dv=0.00103
Checking detector "CDD". Protection Threshold: 0.1 (V)
SetMagnetDAC 5.88924758621 ===>> OK
Magnet settling time: 1.049
GetData ===>> H2,-0.111758030397429,H1,8.78265513083047,AX,1.01641213727097,L1,0.0362653030974292,L2,-0.1342296...
setting magnet DAC
current  : 5.889248
requested: 5.890282
Delta Dac: 0.001034
Checking detector protection. dv=0.00103
Checking detector "CDD". Protection Threshold: 0.1 (V)
SetMagnetDAC 5.89028206897 ===>> OK
Magnet settling time: 1.049
GetData ===>> H2,-0.123039705686132,H1,3.29196886696723,AX,0.222465782327034,L1,0.0388405918186764,L2,-0.020744...
setting magnet DAC
current  : 5.890282
requested: 5.891317
Delta Dac: 0.001034
Checking detector protection. dv=0.00103
Checking detector "CDD". Protection Threshold: 0.1 (V)
SetMagnetDAC 5.89131655172 ===>> OK
Magnet settling time: 1.049
Get Checksum: 799532470
GetData ===>> H2,-0.149507176782401,H1,1.02936181256015,AX,0.121946595359168,L1,0.0385592257714188,L2,-0.048199...
setting magnet DAC
current  : 5.891317
requested: 5.892351
Delta Dac: 0.001034
Checking detector protection. dv=0.00103
Checking detector "CDD". Protection Threshold: 0.1 (V)
SetMagnetDAC 5.89235103448 ===>> OK
Magnet settling time: 1.049
GetData ===>> H2,-0.174698138690776,H1,0.245978010723724,AX,-0.0196609321082858,L1,-0.00102128132354823,L2,-0.0...
setting magnet DAC
current  : 5.892351
requested: 5.893386
Delta Dac: 0.001034
Checking detector protection. dv=0.00103
Checking detector "CDD". Protection Threshold: 0.1 (V)
SetMagnetDAC 5.89338551724 ===>> OK
Magnet settling time: 1.049
GetData ===>> H2,-0.18252916369984,H1,-0.0275657459211097,AX,-0.0807191452293512,L1,0.0102631485189192,L2,0.077...
setting magnet DAC
current  : 5.893386
requested: 5.894420
Delta Dac: 0.001034
Checking detector protection. dv=0.00103
Checking detector "CDD". Protection Threshold: 0.1 (V)
SetMagnetDAC 5.89442 ===>> OK
Magnet settling time: 1.049
Get Checksum: 799532470
GetData ===>> H2,-0.123320995431899,H1,-0.0557054943420841,AX,-0.0299829939610259,L1,0.0191398973904255,L2,0.05...
result of _do_sweep=True
result of _calculate_peak_center=([5.8715442484969937, 5.8792396392785573, 5.88693503006012], [30.039925531097271, 40.732402541195505, 30.161548524224898], 5.8799310220440875, 40.732402541195505)
Failed to find a valid peak. No peak greater than 1.0. max = 0.0181592144988
new center pos Detector(H1) (Ar40) @ 5.87923963928
GetHighVoltage ===>> 4500
GetDeflection H1 ===>> 0
dac uncorrected for HV and deflection 5.87923963928
update mftable H1 Ar40 5.87923963928 message=automated run peakcenter
get initial guess parabolic
get initial guess parabolic
get initial guess parabolic
get initial guess parabolic
get initial guess parabolic
get initial guess parabolic
dump mftable to /Users/jan/PychronDev/setupfiles/spectrometer/mftables/mftable.csv
add to repo msg=modified - automated run peakcenter
sweep finished
locally archiving mftable
setting magnet DAC
current  : 5.894420
requested: 5.879240
Delta Dac: 0.015180
Checking detector protection. dv=0.01518
Checking detector "CDD". Protection Threshold: 0.1 (V)
SetMagnetDAC 5.87923963928 ===>> OK
Magnet settling time: 0.500
setting integration time = 1.048576
SetIntegrationTime 1.048576 ===>> OK
Failed to find a valid peak. No peak greater than 1.0. max = 0.0181592144988
flush and close file /Users/jan/PychronDev/data/isotopes/d3/059191-a2cf-49ce-813a-1b705a2ee13d.h5
finished measure script
executed 226.132928
jan_unknown120_60.py completed successfully
Measurement Finished
15:16:52 -- ******* Measurement Finished *******
Post Measurement Started jan_pump_ms.py
15:16:52 -- ******* Post Measurement Started jan_pump_ms.py *******
testing...
no interpolation path defined
executed 0
Pumping spectrometer
open () {'name': 'O'}
opening name=O desc=---
checking ownership. requestor=129.138.12.150
check software interlocks O
interlocks []
actuate state mode=None-script, software_lock=False
doing actuation None-script open_channel True
Open O ===>> OK
GetIndicatorState O ===>> OK
change switch state (True, True)
update switch state O True args=() kw={} ncanvase=3
15:16:52 -- OPEN   VALVE-O (Jan Ion Pump)
---------------------------------------- open O () result=[(True, True)], time=0.10 sec
action=open, ok=True, locked=[False]
executed 0
jan_pump_ms.py completed successfully
setting _ms_pumptime
Post Measurement Finished
15:16:53 -- ******* Post Measurement Finished *******
$$$$$$$$$$$$$$$$$$$$ state at run end measurement
state changed from measurement to success
post measurement save measured=True aborted=False
Set filtering
setting fod for Ar40= {'filter_outliers': True, 'std_devs': 2, 'iterations': 1}
setting fod for H1= {'filter_outliers': True, 'std_devs': 2, 'iterations': 1}
setting fod for PM41= {'filter_outliers': False, 'std_devs': 2, 'iterations': 1}
setting fod for H2= {'filter_outliers': True, 'std_devs': 2, 'iterations': 1}
setting fod for Ar36= {'filter_outliers': True, 'std_devs': 2, 'iterations': 1}
setting fod for CDD= {'filter_outliers': True, 'std_devs': 10, 'iterations': 1}
setting fod for Ar37= {'filter_outliers': True, 'std_devs': 2, 'iterations': 1}
setting fod for L2= {'filter_outliers': True, 'std_devs': 2, 'iterations': 1}
setting fod for Ar38= {'filter_outliers': True, 'std_devs': 2, 'iterations': 1}
setting fod for L1= {'filter_outliers': True, 'std_devs': 2, 'iterations': 1}
setting fod for Ar39= {'filter_outliers': True, 'std_devs': 2, 'iterations': 1}
setting fod for AX= {'filter_outliers': True, 'std_devs': 2, 'iterations': 1}
persistence save...
persistence save - db
post measurement save
5500758832 connecting to database sqlite:////Users/jan/PychronDev/.appdata/local_lab.db
connected to db sqlite:////Users/jan/PychronDev/.appdata/local_lab.db
create new session 5500758832
close session 5500758832
No database instance. Not saving post measurement to isotopedb database
$$$$$$$$$$$$$$$ auto_save_detector_ic=False
massspec enabled True
create new session 5065965008
MassSpec Database Version: 16.0
close session 5065965008
saving post measurement to secondary database
saving to massspec database 129.138.12.160/massspecdata
setting labnumber to 65573
setting aliquot to 7
setting step to A
setting uuid to d3059191-a2cf-49ce-813a-1b705a2ee13d
setting irradpos to 65573
setting extract_device to Fusions CO2
setting tray to 
setting position to 48
setting power_requested to 0.3
setting extract_value to 0.3
setting duration to 30.0
setting duration_at_request to 30.0
setting first_stage_delay to 30.0
setting cleanup to 30.0
setting comment to M:17 w/o inlcusions
setting irradiation to NM-289
setting level to M
setting irradiation_level to M
setting sample to NM-2607 WO
setting material to Sanidine
setting project to JoyitaHills
setting mass_spectrometer to Jan
no attribute chron_dosages
no attribute production_ratios
no attribute interference_corrections
no attribute production_name
no attribute j
Reference Isotope=Ar40
Reference Detector=H1
%%%%%%%%%%%%%%%%%%%% Comment: M:17 w/o inlcusions %%%%%%%%%%%%%%%%%%%
adding isotope PM41 H2
add baseline dbdet= PM41. original det= H2
get baseline data PM41 H2
Get data baseline <pychron.processing.isotope.Baseline object at 0x14e71f8d0> len t=60
baseline PM41. v=-0.205897740517, e=0.00741358133773
get signal data PM41 H2
Get data signal PM41 0.09+/-0.07 len t=120
adding isotope Ar40 H1
add baseline dbdet= Ar40. original det= H1
get baseline data Ar40 H1
Get data baseline <pychron.processing.isotope.Baseline object at 0x14f49b310> len t=60
baseline Ar40. v=-0.0302136013054, e=0.00545103328759
get signal data Ar40 H1
Get data signal Ar40 39.929+/-0.014 len t=120
adding isotope Ar39 AX
add baseline dbdet= Ar39. original det= AX
get baseline data Ar39 AX
Get data baseline <pychron.processing.isotope.Baseline object at 0x14cdec2d0> len t=60
baseline Ar39. v=-0.0537748476915, e=0.00688150803724
get signal data Ar39 AX
Get data signal Ar39 9.373+/-0.014 len t=120
adding isotope Ar38 L1
Get Checksum: 2035211824
add baseline dbdet= Ar38. original det= L1
get baseline data Ar38 L1
Get data baseline <pychron.processing.isotope.Baseline object at 0x14cdec850> len t=60
baseline Ar38. v=-0.0171888258804, e=0.00288388987483
get signal data Ar38 L1
Get data signal Ar38 0.193+/-0.005 len t=120
adding isotope Ar37 L2
add baseline dbdet= Ar37. original det= L2
get baseline data Ar37 L2
Get data baseline <pychron.processing.isotope.Baseline object at 0x14e38a050> len t=60
baseline Ar37. v=-0.0292933580967, e=0.00662566821391
get signal data Ar37 L2
Get data signal Ar37 0.123+/-0.010 len t=120
adding isotope Ar36 CDD
add baseline dbdet= Ar36. original det= CDD
get baseline data Ar36 CDD
Get data baseline <pychron.processing.isotope.Baseline object at 0x14e38a3d0> len t=60
baseline Ar36. v=7.4432706074e-05, e=1.48021976016e-05
get signal data Ar36 CDD
Get data signal Ar36 0.01158+/-0.00032 len t=120
65573-07A added analysis time 0.550498962402s
analysis added to mass spec database
mass spec save time= 0.560
persistence save - dvc
================= post measurement started
create new session 4991947888
close session 4991947888
---------------- Experiment Queue saving disabled
DVC saving peakcenter
Failed to find a valid peak. No peak greater than 1.0. max = 0.0181592144988
Smart pull ahead: 0 behind: 0
Up-to-date with origin
add to repo msg=modified - ad8224ebc6dbfeb9f5997218dfa5fe690569839d.json
add to repo msg=modified - 73-07A.json
add to repo msg=modified - 73-07A.dat.json
add to repo msg=modified - 73-07A.blan.json
add to repo msg=modified - 73-07A.inte.json
add to repo msg=modified - 73-07A.icfa.json
Get Checksum: 2035211824
add to repo msg=modified - 73-07A.base.json
not at valid file /Users/jan/PychronDev/data/.dvc/repositories/Load1785/655/tags/73-07A.tags.json
add to repo msg=modified - 73-07A.peak.json
add to repo msg=modified - 73-07A.extr.json
not at valid file /Users/jan/PychronDev/data/.dvc/repositories/Load1785/655/monitor/73-07A.moni.json
commit message=<COLLECTION>
add to repo msg=modified - 73-07A.inte.json
add to repo msg=modified - 73-07A.base.json
commit message=<ISOEVO> default collection fits
add to repo msg=modified - 73-07A.blan.json
commit message=<BLANKS> preceding bu-FC-J-7502
add to repo msg=modified - 73-07A.icfa.json
commit message=<ICFactor> default
Get Checksum: 2035211824
push repository <pychron.git_archive.repo_manager.GitRepoManager object at 0x1395724d0>
pushing to remote=origin, url=https://github.com
no changes to meta repo
create new session 4991947888
add association Load1785
get identifier "65573"
setting analysis irradiation position=<pychron.dvc.dvc_orm.IrradiationPositionTbl object at 0x147dbd3d0>
close session 4991947888
================= post measurement finished
15:17:04 -- ******* Post Run Check *******
loading queue conditionals post_run_actions
loading system conditionals post_run_actions
loading conditionals from /Users/jan/PychronDev/setupfiles/spectrometer/default_conditionals.yaml
loading queue conditionals post_run_terminations
loading system conditionals post_run_terminations
loading conditionals from /Users/jan/PychronDev/setupfiles/spectrometer/default_conditionals.yaml
Checking default post run terminations n=1
GetDeflection CDD ===>> 50
testing CDD==2000
evaluate ot="CDD.deflection==2000" t="CDD==2000", ctx="{'CDD': 50.0}"
15:17:04 -- ******* Post Run Check Passed *******
15:17:04 -- Automated run 65573-07A success duration: 355.432 s
----------------- finish -----------------
----------------- stop -----------------
retroactive repository identifiers disabled
finish run. runs completed=28
update duration runid=65573-07A, duration=355.432134867, md5=301e91d8
loading script "jan_unknown120_60.py"
loading script "jan_pump_ms.py"
loading script "jan_co2.py"
loading script "jan_pump_extraction_line.py"
testing...
no interpolation path defined
executed 213.652928
script duration name:unknown120_60 seconds:214.0
loading script "jan_unknown120_60.py"
loading script "jan_pump_ms.py"
loading script "jan_co2.py"
loading script "jan_pump_extraction_line.py"
testing...
no interpolation path defined
executed 0
loading script "jan_unknown120_60.py"
loading script "jan_pump_ms.py"
loading script "jan_co2.py"
loading script "jan_pump_extraction_line.py"
testing...
no interpolation path defined
calculate duration
testing...
no interpolation path defined
executed 0
calculate duration
testing...
no interpolation path defined
executed 0
executed 0.0
script duration name:co2 seconds:0.0
loading script "jan_unknown120_60.py"
loading script "jan_pump_ms.py"
loading script "jan_co2.py"
loading script "jan_pump_extraction_line.py"
testing...
no interpolation path defined
calculate duration
testing...
no interpolation path defined
executed 4.0
executed 4.0
Script duration 214.0
Run total estimated duration= 215.000
loading script "jan_unknown400_120.py"
loading script "jan_pump_ms.py"
loading script "jan_co2.py"
loading script "jan_pump_extraction_line.py"
testing...
no interpolation path defined
executed 556.052928
script duration name:unknown400_120 seconds:556.0
pump_ms in script context. using previous estimated duration
co2 in script context. using previous estimated duration
script duration name:co2 seconds:0.0
pump_extraction_line in script context. using previous estimated duration
Script duration 556.0
Run total estimated duration= 557.000
unknown120_60 in script context. using previous estimated duration
script duration name:unknown120_60 seconds:214.0
script duration name:co2 seconds:0.0
Script duration 214.0
Run total estimated duration= 215.000
script duration name:unknown120_60 seconds:214.0
script duration name:co2 seconds:0.0
Script duration 214.0
Run total estimated duration= 215.000
script duration name:unknown120_60 seconds:214.0
script duration name:co2 seconds:0.0
Script duration 214.0
Run total estimated duration= 215.000
script duration name:unknown120_60 seconds:214.0
script duration name:co2 seconds:0.0
Script duration 214.0
Run total estimated duration= 215.000
script duration name:unknown120_60 seconds:214.0
script duration name:co2 seconds:0.0
Script duration 214.0
Run total estimated duration= 215.000
script duration name:unknown120_60 seconds:214.0
script duration name:co2 seconds:0.0
Script duration 214.0
Run total estimated duration= 215.000
script duration name:unknown120_60 seconds:214.0
script duration name:co2 seconds:0.0
Script duration 214.0
Run total estimated duration= 215.000
script duration name:unknown120_60 seconds:214.0
script duration name:co2 seconds:0.0
Script duration 214.0
Run total estimated duration= 215.000
script duration name:unknown120_60 seconds:214.0
script duration name:co2 seconds:0.0
Script duration 214.0
Run total estimated duration= 215.000
script duration name:unknown120_60 seconds:214.0
script duration name:co2 seconds:0.0
Script duration 214.0
Run total estimated duration= 215.000
script duration name:unknown120_60 seconds:214.0
script duration name:co2 seconds:0.0
Script duration 214.0
Run total estimated duration= 215.000
script duration name:unknown120_60 seconds:214.0
script duration name:co2 seconds:0.0
Script duration 214.0
Run total estimated duration= 215.000
script duration name:unknown120_60 seconds:214.0
script duration name:co2 seconds:0.0
Script duration 214.0
Run total estimated duration= 215.000
script duration name:unknown120_60 seconds:214.0
script duration name:co2 seconds:0.0
Script duration 214.0
Run total estimated duration= 215.000
script duration name:unknown120_60 seconds:214.0
script duration name:co2 seconds:0.0
Script duration 214.0
Run total estimated duration= 215.000
unknown400_120 in script context. using previous estimated duration
script duration name:unknown400_120 seconds:556.0
script duration name:co2 seconds:0.0
Script duration 556.0
Run total estimated duration= 557.000
script duration name:unknown400_120 seconds:556.0
loading script "jan_unknown400_120.py"
loading script "jan_pump_ms.py"
loading script "jan_cocktail_x1.py"
loading script "jan_pump_extraction_line.py"
testing...
no interpolation path defined
calculate duration
testing...
no interpolation path defined
executed 0
calculate duration
testing...
no interpolation path defined
executed 0
calculate duration
testing...
no interpolation path defined
executed 32.0
calculate duration
testing...
no interpolation path defined
executed 34.0
calculate duration
testing...
no interpolation path defined
executed 4.0
calculate duration
testing...
no interpolation path defined
executed 38.0
executed 108.0
script duration name:cocktail_x1 seconds:108.0
Script duration 664.0
Run total estimated duration= 665.000
script duration name:unknown400_120 seconds:556.0
loading script "jan_unknown400_120.py"
loading script "jan_pump_ms.py"
loading script "jan_sniffair_x2.py"
loading script "jan_pump_extraction_line.py"
testing...
no interpolation path defined
calculate duration
testing...
no interpolation path defined
executed 0
calculate duration
testing...
no interpolation path defined
executed 0
calculate duration
testing...
no interpolation path defined
executed 32.0
calculate duration
testing...
no interpolation path defined
executed 34.0
calculate duration
testing...
no interpolation path defined
executed 4.0
calculate duration
testing...
no interpolation path defined
executed 36.0
calculate duration
testing...
no interpolation path defined
executed 34.0
calculate duration
testing...
no interpolation path defined
executed 4.0
calculate duration
testing...
no interpolation path defined
executed 36.0
calculate duration
testing...
no interpolation path defined
executed 70.0
executed 250.0
script duration name:sniffair_x2 seconds:250.0
Script duration 806.0
Run total estimated duration= 807.000
loading script "jan_ic_peak_hop3.py"
loading script "jan_pump_ms.py"
loading script "jan_air_x1.py"
loading script "jan_pump_extraction_line.py"
testing...
no interpolation path defined
executed 133.8
script duration name:ic_peak_hop3 seconds:134.0
loading script "jan_ic_peak_hop3.py"
loading script "jan_pump_ms.py"
loading script "jan_air_x1.py"
loading script "jan_pump_extraction_line.py"
testing...
no interpolation path defined
calculate duration
testing...
no interpolation path defined
executed 0
calculate duration
testing...
no interpolation path defined
executed 0
calculate duration
testing...
no interpolation path defined
executed 32.0
calculate duration
testing...
no interpolation path defined
executed 34.0
calculate duration
testing...
no interpolation path defined
executed 4.0
calculate duration
testing...
no interpolation path defined
executed 36.0
executed 106.0
script duration name:air_x1 seconds:106.0
Script duration 240.0
Run total estimated duration= 241.000
script duration name:unknown120_60 seconds:214.0
script duration name:co2 seconds:0.0
Script duration 214.0
Run total estimated duration= 215.000
script duration name:unknown120_60 seconds:214.0
script duration name:co2 seconds:0.0
Script duration 214.0
Run total estimated duration= 215.000
script duration name:unknown120_60 seconds:214.0
script duration name:co2 seconds:0.0
Script duration 214.0
Run total estimated duration= 215.000
script duration name:unknown120_60 seconds:214.0
script duration name:co2 seconds:0.0
Script duration 214.0
Run total estimated duration= 215.000
script duration name:unknown120_60 seconds:214.0
script duration name:co2 seconds:0.0
Script duration 214.0
Run total estimated duration= 215.000
script duration name:unknown120_60 seconds:214.0
script duration name:co2 seconds:0.0
Script duration 214.0
Run total estimated duration= 215.000
script duration name:unknown120_60 seconds:214.0
script duration name:co2 seconds:0.0
Script duration 214.0
Run total estimated duration= 215.000
script duration name:unknown120_60 seconds:214.0
script duration name:co2 seconds:0.0
Script duration 214.0
Run total estimated duration= 215.000
script duration name:unknown120_60 seconds:214.0
script duration name:co2 seconds:0.0
Script duration 214.0
Run total estimated duration= 215.000
script duration name:unknown120_60 seconds:214.0
script duration name:co2 seconds:0.0
Script duration 214.0
Run total estimated duration= 215.000
script duration name:unknown120_60 seconds:214.0
script duration name:co2 seconds:0.0
Script duration 214.0
Run total estimated duration= 215.000
script duration name:unknown120_60 seconds:214.0
script duration name:co2 seconds:0.0
Script duration 214.0
Run total estimated duration= 215.000
script duration name:unknown120_60 seconds:214.0
script duration name:co2 seconds:0.0
Script duration 214.0
Run total estimated duration= 215.000
script duration name:unknown120_60 seconds:214.0
script duration name:co2 seconds:0.0
Script duration 214.0
Run total estimated duration= 215.000
script duration name:unknown120_60 seconds:214.0
script duration name:co2 seconds:0.0
Script duration 214.0
Run total estimated duration= 215.000
script duration name:unknown400_120 seconds:556.0
script duration name:co2 seconds:0.0
Script duration 556.0
Run total estimated duration= 557.000
script duration name:unknown120_60 seconds:214.0
script duration name:co2 seconds:0.0
Script duration 214.0
Run total estimated duration= 215.000
script duration name:unknown120_60 seconds:214.0
script duration name:co2 seconds:0.0
Script duration 214.0
Run total estimated duration= 215.000
script duration name:unknown120_60 seconds:214.0
script duration name:co2 seconds:0.0
Script duration 214.0
Run total estimated duration= 215.000
script duration name:unknown120_60 seconds:214.0
script duration name:co2 seconds:0.0
Script duration 214.0
Run total estimated duration= 215.000
script duration name:unknown120_60 seconds:214.0
script duration name:co2 seconds:0.0
Script duration 214.0
Run total estimated duration= 215.000
script duration name:unknown400_120 seconds:556.0
cocktail_x1 in script context. using previous estimated duration
script duration name:cocktail_x1 seconds:108.0
Script duration 664.0
Run total estimated duration= 665.000
script duration name:unknown120_60 seconds:214.0
script duration name:co2 seconds:0.0
Script duration 214.0
Run total estimated duration= 215.000
script duration name:unknown120_60 seconds:214.0
script duration name:co2 seconds:0.0
Script duration 214.0
Run total estimated duration= 215.000
script duration name:unknown120_60 seconds:214.0
script duration name:co2 seconds:0.0
Script duration 214.0
Run total estimated duration= 215.000
script duration name:unknown120_60 seconds:214.0
script duration name:co2 seconds:0.0
Script duration 214.0
Run total estimated duration= 215.000
script duration name:unknown120_60 seconds:214.0
script duration name:co2 seconds:0.0
Script duration 214.0
Run total estimated duration= 215.000
script duration name:unknown120_60 seconds:214.0
script duration name:co2 seconds:0.0
Script duration 214.0
Run total estimated duration= 215.000
script duration name:unknown120_60 seconds:214.0
script duration name:co2 seconds:0.0
Script duration 214.0
Run total estimated duration= 215.000
script duration name:unknown120_60 seconds:214.0
script duration name:co2 seconds:0.0
Script duration 214.0
Run total estimated duration= 215.000
script duration name:unknown120_60 seconds:214.0
script duration name:co2 seconds:0.0
Script duration 214.0
Run total estimated duration= 215.000
script duration name:unknown120_60 seconds:214.0
script duration name:co2 seconds:0.0
Script duration 214.0
Run total estimated duration= 215.000
script duration name:unknown400_120 seconds:556.0
script duration name:co2 seconds:0.0
Script duration 556.0
Run total estimated duration= 557.000
script duration name:unknown400_120 seconds:556.0
sniffair_x2 in script context. using previous estimated duration
script duration name:sniffair_x2 seconds:250.0
Script duration 806.0
Run total estimated duration= 807.000
ic_peak_hop3 in script context. using previous estimated duration
script duration name:ic_peak_hop3 seconds:134.0
air_x1 in script context. using previous estimated duration
script duration name:air_x1 seconds:106.0
Script duration 240.0
Run total estimated duration= 241.000
script duration name:unknown120_60 seconds:214.0
script duration name:co2 seconds:0.0
Script duration 214.0
Run total estimated duration= 215.000
script duration name:unknown120_60 seconds:214.0
script duration name:co2 seconds:0.0
Script duration 214.0
Run total estimated duration= 215.000
script duration name:unknown120_60 seconds:214.0
script duration name:co2 seconds:0.0
Script duration 214.0
Run total estimated duration= 215.000
script duration name:unknown120_60 seconds:214.0
script duration name:co2 seconds:0.0
Script duration 214.0
Run total estimated duration= 215.000
script duration name:unknown120_60 seconds:214.0
script duration name:co2 seconds:0.0
Script duration 214.0
Run total estimated duration= 215.000
script duration name:unknown120_60 seconds:214.0
script duration name:co2 seconds:0.0
Script duration 214.0
Run total estimated duration= 215.000
script duration name:unknown120_60 seconds:214.0
script duration name:co2 seconds:0.0
Script duration 214.0
Run total estimated duration= 215.000
script duration name:unknown120_60 seconds:214.0
script duration name:co2 seconds:0.0
Script duration 214.0
Run total estimated duration= 215.000
script duration name:unknown120_60 seconds:214.0
script duration name:co2 seconds:0.0
Script duration 214.0
Run total estimated duration= 215.000
script duration name:unknown120_60 seconds:214.0
script duration name:co2 seconds:0.0
Script duration 214.0
Run total estimated duration= 215.000
script duration name:unknown400_120 seconds:556.0
script duration name:cocktail_x1 seconds:108.0
Script duration 664.0
Run total estimated duration= 665.000
script duration name:unknown120_60 seconds:214.0
script duration name:co2 seconds:0.0
Script duration 214.0
Run total estimated duration= 215.000
script duration name:unknown120_60 seconds:214.0
script duration name:co2 seconds:0.0
Script duration 214.0
Run total estimated duration= 215.000
script duration name:unknown120_60 seconds:214.0
script duration name:co2 seconds:0.0
Script duration 214.0
Run total estimated duration= 215.000
script duration name:unknown120_60 seconds:214.0
script duration name:co2 seconds:0.0
Script duration 214.0
Run total estimated duration= 215.000
script duration name:unknown120_60 seconds:214.0
script duration name:co2 seconds:0.0
Script duration 214.0
Run total estimated duration= 215.000
script duration name:unknown400_120 seconds:556.0
script duration name:co2 seconds:0.0
Script duration 556.0
Run total estimated duration= 557.000
script duration name:unknown120_60 seconds:214.0
script duration name:co2 seconds:0.0
Script duration 214.0
Run total estimated duration= 215.000
script duration name:unknown120_60 seconds:214.0
script duration name:co2 seconds:0.0
Script duration 214.0
Run total estimated duration= 215.000
script duration name:unknown120_60 seconds:214.0
script duration name:co2 seconds:0.0
Script duration 214.0
Run total estimated duration= 215.000
script duration name:unknown120_60 seconds:214.0
script duration name:co2 seconds:0.0
Script duration 214.0
Run total estimated duration= 215.000
script duration name:unknown120_60 seconds:214.0
script duration name:co2 seconds:0.0
Script duration 214.0
Run total estimated duration= 215.000
script duration name:unknown120_60 seconds:214.0
script duration name:co2 seconds:0.0
Script duration 214.0
Run total estimated duration= 215.000
script duration name:unknown120_60 seconds:214.0
script duration name:co2 seconds:0.0
Script duration 214.0
Run total estimated duration= 215.000
script duration name:unknown120_60 seconds:214.0
script duration name:co2 seconds:0.0
Script duration 214.0
Run total estimated duration= 215.000
script duration name:unknown120_60 seconds:214.0
script duration name:co2 seconds:0.0
Script duration 214.0
Run total estimated duration= 215.000
script duration name:unknown120_60 seconds:214.0
script duration name:co2 seconds:0.0
Script duration 214.0
Run total estimated duration= 215.000
script duration name:unknown120_60 seconds:214.0
script duration name:co2 seconds:0.0
Script duration 214.0
Run total estimated duration= 215.000
script duration name:unknown120_60 seconds:214.0
script duration name:co2 seconds:0.0
Script duration 214.0
Run total estimated duration= 215.000
script duration name:unknown120_60 seconds:214.0
script duration name:co2 seconds:0.0
Script duration 214.0
Run total estimated duration= 215.000
script duration name:unknown120_60 seconds:214.0
script duration name:co2 seconds:0.0
Script duration 214.0
Run total estimated duration= 215.000
script duration name:unknown120_60 seconds:214.0
script duration name:co2 seconds:0.0
Script duration 214.0
Run total estimated duration= 215.000
script duration name:unknown400_120 seconds:556.0
script duration name:co2 seconds:0.0
Script duration 556.0
Run total estimated duration= 557.000
script duration name:unknown400_120 seconds:556.0
script duration name:cocktail_x1 seconds:108.0
Script duration 664.0
Run total estimated duration= 665.000
script duration name:unknown400_120 seconds:556.0
script duration name:cocktail_x1 seconds:108.0
Script duration 664.0
Run total estimated duration= 665.000
script duration name:unknown400_120 seconds:556.0
script duration name:sniffair_x2 seconds:250.0
Script duration 806.0
Run total estimated duration= 807.000
script duration name:ic_peak_hop3 seconds:134.0
script duration name:air_x1 seconds:106.0
Script duration 240.0
Run total estimated duration= 241.000
script duration name:unknown120_60 seconds:214.0
script duration name:co2 seconds:0.0
Script duration 214.0
Run total estimated duration= 215.000
script duration name:unknown120_60 seconds:214.0
script duration name:co2 seconds:0.0
Script duration 214.0
Run total estimated duration= 215.000
script duration name:unknown120_60 seconds:214.0
script duration name:co2 seconds:0.0
Script duration 214.0
Run total estimated duration= 215.000
script duration name:unknown120_60 seconds:214.0
script duration name:co2 seconds:0.0
Script duration 214.0
Run total estimated duration= 215.000
script duration name:unknown120_60 seconds:214.0
script duration name:co2 seconds:0.0
Script duration 214.0
Run total estimated duration= 215.000
script duration name:unknown120_60 seconds:214.0
script duration name:co2 seconds:0.0
Script duration 214.0
Run total estimated duration= 215.000
script duration name:unknown120_60 seconds:214.0
script duration name:co2 seconds:0.0
Script duration 214.0
Run total estimated duration= 215.000
script duration name:unknown120_60 seconds:214.0
script duration name:co2 seconds:0.0
Script duration 214.0
Run total estimated duration= 215.000
script duration name:unknown120_60 seconds:214.0
script duration name:co2 seconds:0.0
Script duration 214.0
Run total estimated duration= 215.000
script duration name:unknown120_60 seconds:214.0
script duration name:co2 seconds:0.0
Script duration 214.0
Run total estimated duration= 215.000
script duration name:unknown120_60 seconds:214.0
script duration name:co2 seconds:0.0
Script duration 214.0
Run total estimated duration= 215.000
nruns=104 before=5.0, run_dur=28516.0, btw=3090.0
write rem/ex queues
/Users/jan/PychronDev/experiments/rem/CurrentExperimentPartial.rem.txt
/Users/jan/PychronDev/experiments/rem/CurrentExperimentPartial.ex.txt
doing event level: 3
