do run
loading script "jan_unknown120_60.py"
loading script "jan_pump_ms.py"
loading script "jan_co2.py"
loading script "jan_pump_extraction_line.py"
testing...
no interpolation path defined
executed 213.652928
script duration name:unknown120_60 seconds:214.0
loading script "jan_unknown120_60.py"
loading script "jan_pump_ms.py"
loading script "jan_co2.py"
loading script "jan_pump_extraction_line.py"
testing...
no interpolation path defined
executed 0
loading script "jan_unknown120_60.py"
loading script "jan_pump_ms.py"
loading script "jan_co2.py"
loading script "jan_pump_extraction_line.py"
testing...
no interpolation path defined
calculate duration
testing...
no interpolation path defined
executed 0
calculate duration
testing...
no interpolation path defined
executed 0
executed 0.0
script duration name:co2 seconds:0.0
loading script "jan_unknown120_60.py"
loading script "jan_pump_ms.py"
loading script "jan_co2.py"
loading script "jan_pump_extraction_line.py"
testing...
no interpolation path defined
calculate duration
testing...
no interpolation path defined
executed 4.0
executed 4.0
Script duration 214.0
Run total estimated duration= 215.000
run duration: 0:03:35
doing event level: 2
18:19:07 -- Setting default integration. t=1.048576
setting integration time = 1.048576
SetIntegrationTime 1.048576 ===>> OK
----------------- start -----------------
**************** Experiment Type: Ar/Ar, Ar/Ar
create new session 4993924272
close session 4993924272
$$$$$ Clearing conditionals
adding conditionals 
Add queue conditionals
add default conditionals
adding default conditionals from /Users/jan/PychronDev/setupfiles/spectrometer/default_conditionals.yaml
Start automated run 65573-16
loading script "jan_unknown120_60.py"
loading script "jan_pump_ms.py"
loading script "jan_co2.py"
loading script "jan_pump_extraction_line.py"
%%%%%%%%%%%%%%%%%% setting automated run 65573-16
No value "sensitivity_multiplier" in metadata
$$$$$$$$$$$$$$$ auto_save_detector_ic=False
============================= Pre Extraction Check =============================
loading queue conditionals pre_run_terminations
loading system conditionals pre_run_terminations
loading conditionals from /Users/jan/PychronDev/setupfiles/spectrometer/default_conditionals.yaml
18:19:07 -- ******* Pre Extraction Check *******
Get a measurement from the spectrometer
GetData ===>> H2,-0.158428227110474,H1,0.0193832384913108,AX,-0.00947697137629836,L1,-0.0122977243102285,L2,-0....
Pre Extraction Termination data. keys=H2,H1,AX,L1,L2,CDD, signals=-0.15843,0.01938,-0.00948,-0.01230,-0.06399,0.00000
18:19:07 -- testing system defined conditionals
Checking default pre extraction terminations n=2
testing CDD
evaluate ot="CDD.inactive" t="CDD", ctx="{'CDD': False}"
GetDeflection CDD ===>> 50
testing CDD==2000
evaluate ot="CDD.deflection==2000" t="CDD==2000", ctx="{'CDD': 50.0}"
18:19:07 -- ******* Pre Extraction Check Passed *******
=================================================================================
18:19:07 -- stopping status monitor
stop 4977824688
Alive clients [4983939824]
18:19:07 -- starting status monitor
start 4977824688
Monitor already running
start extraction
do extraction
Analysis started at 18:19:07.296739
Extraction Started jan_co2.py
18:19:07 -- ******* Extraction Started jan_co2.py *******
state changed from not run to extraction
DO EXTRACTION <pychron.extraction_line.pyscript_runner.RemotePyScriptRunner object at 0x12c3c43b0>
testing...
no interpolation path defined
calculate duration
testing...
no interpolation path defined
executed 0
calculate duration
testing...
no interpolation path defined
executed 0
executed 100.0
Jan CO2 laser analysis
doing GOSUB
testing...
no interpolation path defined
executed 0
Waiting for CO2 access
wait ('FelixCO2Flag', 0) {}
waiting for FelixCO2Flag = 0
Read FelixCO2Flag ===>> 0
finished waiting
CO2 free
wait ('CO2PumpTimeFlag', 0) {}
waiting for CO2PumpTimeFlag = 0
Read CO2PumpTimeFlag ===>> 0
finished waiting
acquire ('JanCO2Flag',) {'clear': True}
acquire JanCO2Flag
Set JanCO2Flag 1 ===>> OK
JanCO2Flag acquired
set extraction state False (0.75, 'red', 1.5)
CO2 acquired
executed 0
WaitForCO2Access.py completed successfully
gosub finished
doing GOSUB
testing...
no interpolation path defined
executed 0
Prepare for CO2 analysis
close () {'description': 'Jan Inlet'}
closing name=--- desc=Jan Inlet
checking ownership. requestor=129.138.12.150
check software interlocks R
interlocks []
actuate state mode=None-script, software_lock=False
doing actuation None-script close_channel False
Close R ===>> OK
GetIndicatorState R ===>> False
change switch state (True, True)
update switch state R False args=() kw={} ncanvase=2
18:19:07 -- CLOSE  VALVE-R (Jan Inlet)
---------------------------------------- close None (Jan Inlet) result=[(True, True)]
action=close, ok=True, locked=[False]
open () {'description': 'Jan Ion Pump'}
opening name=--- desc=Jan Ion Pump
checking ownership. requestor=129.138.12.150
check software interlocks O
interlocks []
actuate state mode=None-script, software_lock=False
doing actuation None-script open_channel False
Open O ===>> OK
GetIndicatorState O ===>> OK
change switch state (True, True)
update switch state O True args=() kw={} ncanvase=2
18:19:08 -- OPEN   VALVE-O (Jan Ion Pump)
---------------------------------------- open None (Jan Ion Pump) result=[(True, True)], time=0.09 sec
action=open, ok=True, locked=[False]
close () {'description': 'Microbone to Minibone'}
closing name=--- desc=Microbone to Minibone
checking ownership. requestor=129.138.12.150
check software interlocks L
interlocks []
actuate state mode=None-script, software_lock=False
doing actuation None-script close_channel False
Close L ===>> OK
GetIndicatorState L ===>> False
change switch state (True, True)
update switch state L False args=() kw={} ncanvase=2
18:19:08 -- CLOSE  VALVE-L (Microbone to Minibone)
---------------------------------------- close None (Microbone to Minibone) result=[(True, True)]
action=close, ok=True, locked=[False]
open () {'description': 'Microbone to Turbo'}
opening name=--- desc=Microbone to Turbo
checking ownership. requestor=129.138.12.150
check software interlocks U
interlocks []
actuate state mode=None-script, software_lock=False
doing actuation None-script open_channel False
Open U ===>> OK
GetIndicatorState U ===>> OK
change switch state (True, True)
update switch state U True args=() kw={} ncanvase=2
18:19:09 -- OPEN   VALVE-U (Microbone to Turbo)
---------------------------------------- open None (Microbone to Turbo) result=[(True, True)], time=0.13 sec
action=open, ok=True, locked=[False]
open () {'description': 'Microbone to Inlet Pipette'}
opening name=--- desc=Microbone to Inlet Pipette
checking ownership. requestor=129.138.12.150
check software interlocks S
interlocks []
actuate state mode=None-script, software_lock=False
doing actuation None-script open_channel False
Open S ===>> OK
GetIndicatorState S ===>> OK
change switch state (True, True)
update switch state S True args=() kw={} ncanvase=2
18:19:09 -- OPEN   VALVE-S (Microbone to Inlet Pipette)
---------------------------------------- open None (Microbone to Inlet Pipette) result=[(True, True)], time=0.41 sec
Get Checksum: 2035439760
action=open, ok=True, locked=[False]
open () {'description': 'Microbone to Getter D-50'}
opening name=--- desc=Microbone to Getter D-50
checking ownership. requestor=129.138.12.150
check software interlocks K
interlocks []
actuate state mode=None-script, software_lock=False
doing actuation None-script open_channel False
Open K ===>> OK
GetIndicatorState K ===>> OK
change switch state (True, True)
update switch state K True args=() kw={} ncanvase=2
18:19:10 -- OPEN   VALVE-K (Microbone to Getter D-50)
---------------------------------------- open None (Microbone to Getter D-50) result=[(True, True)], time=0.41 sec
action=open, ok=True, locked=[False]
open () {'description': 'Microbone to Getter NP-10'}
opening name=--- desc=Microbone to Getter NP-10
checking ownership. requestor=129.138.12.150
check software interlocks M
interlocks []
actuate state mode=None-script, software_lock=False
doing actuation None-script open_channel False
Open M ===>> OK
GetIndicatorState M ===>> OK
change switch state (True, True)
update switch state M True args=() kw={} ncanvase=2
18:19:10 -- OPEN   VALVE-M (Microbone to Getter NP-10)
---------------------------------------- open None (Microbone to Getter NP-10) result=[(True, True)], time=0.14 sec
action=open, ok=True, locked=[False]
close () {'description': 'CO2 Laser to Felix'}
closing name=--- desc=CO2 Laser to Felix
checking ownership. requestor=129.138.12.150
check software interlocks F
interlocks []
actuate state mode=None-script, software_lock=True
VALVE-F(CO2 Laser to Felix) software locked
change switch state (True, False)
---------------------------------------- close None (CO2 Laser to Felix) result=[(True, False)]
action=close, ok=True, locked=[True]
open () {'description': 'CO2 Laser to Jan'}
opening name=--- desc=CO2 Laser to Jan
checking ownership. requestor=129.138.12.150
check software interlocks A
interlocks []
actuate state mode=None-script, software_lock=False
doing actuation None-script open_channel False
Open A ===>> OK
GetIndicatorState A ===>> OK
change switch state (True, True)
update switch state A True args=() kw={} ncanvase=2
18:19:11 -- OPEN   VALVE-A (CO2 Laser to Jan)
---------------------------------------- open None (CO2 Laser to Jan) result=[(True, True)], time=0.12 sec
action=open, ok=True, locked=[False]
open () {'description': 'Microbone to CO2 Laser'}
opening name=--- desc=Microbone to CO2 Laser
checking ownership. requestor=129.138.12.150
check software interlocks T
interlocks []
actuate state mode=None-script, software_lock=False
doing actuation None-script open_channel False
Open T ===>> OK
GetIndicatorState T ===>> OK
change switch state (True, True)
update switch state T True args=() kw={} ncanvase=2
18:19:11 -- OPEN   VALVE-T (Microbone to CO2 Laser)
---------------------------------------- open None (Microbone to CO2 Laser) result=[(True, True)], time=0.44 sec
action=open, ok=True, locked=[False]
executed 0
PrepareForCO2Analysis.py completed successfully
gosub finished
set_motor ('beam', '1.25') {}
setting motor "beam" to 1.25
set motor beam to 1.25
SetMotor beam,1.25 ===>> OK
Get Checksum: 2035439760
GetMotorMoving beam ===>> False
GetMotorMoving beam ===>> False
Block completed
move_to_position ('57',) {'autocenter': True}
FusionsCO2 move to position 57
sending GoToHole 57,True
GoToHole 57,True ===>> OK
GetDriveMoving ===>> OK
GetDriveMoving ===>> OK
GetDriveMoving ===>> OK
GetDriveMoving ===>> OK
GetDriveMoving ===>> OK
GetDriveMoving ===>> OK
GetDriveMoving ===>> False
GetDriveMoving ===>> OK
Get Checksum: 2035439760
GetDriveMoving ===>> OK
GetDriveMoving ===>> OK
GetDriveMoving ===>> OK
GetDriveMoving ===>> OK
GetDriveMoving ===>> OK
GetDriveMoving ===>> OK
GetDriveMoving ===>> OK
GetDriveMoving ===>> OK
GetDriveMoving ===>> OK
GetDriveMoving ===>> OK
GetDriveMoving ===>> OK
GetDriveMoving ===>> OK
Get Checksum: 2035439760
GetDriveMoving ===>> OK
GetDriveMoving ===>> OK
GetDriveMoving ===>> OK
GetDriveMoving ===>> OK
GetDriveMoving ===>> OK
GetDriveMoving ===>> OK
GetDriveMoving ===>> OK
GetDriveMoving ===>> OK
GetDriveMoving ===>> OK
GetDriveMoving ===>> OK
GetDriveMoving ===>> OK
GetDriveMoving ===>> OK
Get Checksum: 2035439760
GetDriveMoving ===>> False
Block completed
GetAutoCorrecting ===>> False
GetAutoCorrecting ===>> False
Block completed
update position
GetPosition ===>> -7.97560,5.98170,1.00000
got position (-7.9756, 5.9817, 1.0)
move to position succeeded
sleep (5,) {}
SLEEP 5.0
block started
WaitControl setup for 5.0  
Get Checksum: 2035439760
Get Checksum: 2035439760
Join finished
block finished. duration 5.02676200867
close () {'description': 'Microbone to Turbo'}
closing name=--- desc=Microbone to Turbo
checking ownership. requestor=129.138.12.150
check software interlocks U
interlocks []
actuate state mode=None-script, software_lock=False
doing actuation None-script close_channel True
Close U ===>> OK
GetIndicatorState U ===>> False
change switch state (True, True)
update switch state U False args=() kw={} ncanvase=2
18:19:28 -- CLOSE  VALVE-U (Microbone to Turbo)
---------------------------------------- close None (Microbone to Turbo) result=[(True, True)]
action=close, ok=True, locked=[False]
enable laser
enable () {}
set extraction state FusionsCO2 Enabled (False, 'red', 1.5)
enabling laser
Enable ===>> OK
begin interval
BEGIN INTERVAL Interval 1 waiting for 30.0
set extract to 5.0
block started
extract (5.0,) {}
WaitControl setup for 30.0  
GetPosition ===>> -7.97560,5.98170,1.00000
set extraction state FusionsCO2 ON! 5.0(watts) (0.75, 'red', 1.5)
extract sample to 5.0 (watts)
set laser output
SetLaserOutput 5.0,watts ===>> OK
executing pattern triangle.lp
execute_pattern ('triangle.lp',) {}
executing pattern triangle.lp
IsPatterning ===>> OK
Get Checksum: -1640178555
IsPatterning ===>> OK
IsPatterning ===>> OK
IsPatterning ===>> OK
Get Checksum: -1640178555
IsPatterning ===>> OK
IsPatterning ===>> OK
IsPatterning ===>> OK
Get Checksum: -1640178555
IsPatterning ===>> OK
IsPatterning ===>> OK
IsPatterning ===>> OK
Get Checksum: -1640178555
IsPatterning ===>> OK
IsPatterning ===>> OK
IsPatterning ===>> OK
Get Checksum: -1640178555
IsPatterning ===>> OK
IsPatterning ===>> OK
IsPatterning ===>> OK
Get Checksum: -1640178555
IsPatterning ===>> OK
IsPatterning ===>> OK
IsPatterning ===>> OK
Get Checksum: -1640178555
IsPatterning ===>> OK
IsPatterning ===>> OK
IsPatterning ===>> OK
Get Checksum: -1640178555
IsPatterning ===>> OK
IsPatterning ===>> OK
IsPatterning ===>> OK
Get Checksum: -1640178555
IsPatterning ===>> OK
IsPatterning ===>> False
IsPatterning ===>> False
Block completed
COMPLETE INTERVAL waiting for Interval 1 to complete
Get Checksum: -1640178555
Join finished
block finished. duration 30.0605809689
Interval 1 finished
end_extract () {}
ending extraction. set laser power to 0
set laser power 0
SetLaserPower 0 ===>> OK
disable () {}
%%%%%%%%%%%%%%%%%%%%%%%%%%%%%%%%%%% disable
set extraction state False (0.75, 'red', 1.5)
disabling laser
Disable ===>> OK
sleep (30.0,) {}
SLEEP 30.0
block started
WaitControl setup for 30.0  
Get Checksum: -1640178555
Get Checksum: -1640178555
Get Checksum: -1640178555
Get Checksum: -1640178555
Get Checksum: -1640178555
Get Checksum: -1640178555
Get Checksum: -1640178555
Get Checksum: -1640178555
Get Checksum: -1640178555
Join finished
block finished. duration 30.0837240219
executed 166.5
jan_co2.py completed successfully
GetAchievedOutput ===>> No Response
Requested Output= 0.000
Achieved Output=  0.000
GetResponseBlob ===>> No Response
GetOutputBlob ===>> No Response
persistence save...
persistence save - db
AutomatedRunPersister post_extraction_save deprecated
persistence save - dvc
no extraction position for 57
create new session 4983587952
close session 4983587952
Extraction Finished
18:20:29 -- ******* Extraction Finished *******
no overlap. not waiting for min ms pumptime
18:20:29 -- Sending spectrometer configuration
======== Sending configuration ========
SetDeflection CDD,50.0 ===>> OK
SetDeflection H2,0.0 ===>> OK
SetDeflection H1,0.0 ===>> OK
SetDeflection L2,825.0 ===>> OK
SetDeflection L1,400.0 ===>> OK
SetDeflection AX,190.0 ===>> OK
SetZFocus 74.64 ===>> OK
SetZSymmetry -50.72 ===>> OK
SetExtractionLens 26.13 ===>> OK
SetIonRepeller -3.81 ===>> OK
SetElectronEnergy 75.08 ===>> OK
SetYSymmetry -2.81 ===>> OK
SetIonCounterVoltage 1590.0 ===>> OK
send trap current 200.0
GetParameter Trap Current Readback ===>> 198.482695477019
SetParameter Trap Current Set,200.0 ===>> OK
updating mftable name mftable
Using mftable located at /Users/jan/PychronDev/setupfiles/spectrometer/mftables/mftable.csv
============ MFtable ===========
Isotope  H2     H1     AX     L1     L2     CDD    
Ar40     5.7836 5.8791 5.9925 6.1235 6.2307 6.3517
Ar39     5.6828 5.7713 5.8850 6.0096 6.1159 6.2382
Ar36     5.3604 5.4404 5.5483 5.6684 5.7708 5.8893
================================
get initial guess parabolic
get initial guess parabolic
get initial guess parabolic
get initial guess parabolic
get initial guess parabolic
get initial guess parabolic
======== Configuration Finished ========
GetYSymmetry ===>> -2.81
GetZSymmetry ===>> -50.72
GetParameter Trap Current Readback ===>> 198.147042666178
GetHighVoltage ===>> 4500
start measurement
do measurement
L#=65573 analysis type=unknown
Measurement Started jan_unknown120_60.py
18:20:30 -- ******* Measurement Started jan_unknown120_60.py *******
state changed from extraction to measurement
setting spec, defl, and gains
GetExtractionLens ===>> 26.13
GetYSymmetry ===>> -2.81
GetZSymmetry ===>> -50.72
GetZFocus ===>> 74.64
GetDeflection H2 ===>> 0
GetDeflection H1 ===>> 0
GetDeflection AX ===>> 190
GetDeflection L1 ===>> 400
GetDeflection L2 ===>> 825
GetDeflection CDD ===>> 50
GetGain H2 ===>> 0.0113
GetGain H1 ===>> 0.1
GetGain AX ===>> 0.097049
GetGain L1 ===>> 0.010355
GetGain L2 ===>> 0.095649
GetGain CDD ===>> 0
pre measurement save
New frame /Users/jan/PychronDev/data/isotopes/5b/330fe3-b851-44ff-8e68-25ba3a5efb94.h5
flush and close file /Users/jan/PychronDev/data/isotopes/5b/330fe3-b851-44ff-8e68-25ba3a5efb94.h5
testing...
no interpolation path defined
executed 226.132928
unknown measurement script
activate_detectors ('H2', 'H1', 'AX', 'L1', 'L2', 'CDD') {}
activate detectors
*************** Set Analysis View Ar/Ar
create graphs
Get Checksum: -1640178555
clearing graphs
clear isotope group
setting isotope det=H2, iso=PM41
setting isotope det=H1, iso=Ar40
setting isotope det=AX, iso=Ar39
setting isotope det=L1, iso=Ar38
setting isotope det=L2, iso=Ar37
setting isotope det=CDD, iso=Ar36
setting previous blanks
 - setting Ar40 blank 0.772+/-0.007
 - setting Ar36 blank 0.00642+/-0.00020
 - setting Ar37 blank 0.048+/-0.005
 - setting Ar38 blank 0.0136+/-0.0020
 - setting PM41 blank 0.04+/-0.07
 - setting Ar39 blank 0.034+/-0.009
load analysis view
position_magnet ('Ar40',) {'detector': 'H1'}
detector Detector(H1)
POSITION Ar40 H1
setting detector H2 to PM41 (40.9624)
setting detector H1 to Ar40 (39.9624)
setting detector AX to Ar39 (38.9624)
setting detector L1 to Ar38 (37.9624)
setting detector L2 to Ar37 (36.9624)
setting detector CDD to Ar36 (35.9624)
Mapping mass to dac mass func: "parabolic"
H1 map mass coeffs = [-0.00063987  0.15840543  0.57068999]
H1 map mass to dac 39.9624 >> 5.87908
GetDeflection H1 ===>> 0
GetHighVoltage ===>> 4500
positioning Ar40 (5.87908) on H1
setting magnet DAC
current  : 5.301530
requested: 5.879080
Delta Dac: 0.577550
Checking detector protection. dv=0.57755
Checking detector "CDD". Protection Threshold: 0.1 (V)
ProtectDetector CDD,On ===>> OK
GetDeflection CDD ===>> 2000
SetMagnetDAC 5.87908 ===>> OK
Magnet settling time: 0.500
GetMagnetMoving ===>> True
GetMagnetMoving ===>> True
GetMagnetMoving ===>> True
GetMagnetMoving ===>> True
GetMagnetMoving ===>> True
GetMagnetMoving ===>> True
GetMagnetMoving ===>> True
GetMagnetMoving ===>> True
Get Checksum: -1640178555
GetMagnetMoving ===>> False
ProtectDetector CDD,Off ===>> OK
GetDeflection CDD ===>> 50
equilibrate () {'delay': 3, 'inlet': 'R', 'outlet': 'O', 'eqtime': 12.0}
Equilibration Started
18:20:33 -- ******* Equilibration Started *******
checking ownership. requestor=129.138.12.150
check software interlocks O
interlocks []
actuate state mode=None-script, software_lock=False
doing actuation None-script close_channel True
Close O ===>> OK
GetIndicatorState O ===>> False
change switch state (True, True)
update switch state O False args=() kw={} ncanvase=2
18:20:33 -- CLOSE  VALVE-O (Jan Ion Pump)
waiting 3s before opening inlet value ('R',)
Get Checksum: -423938523
checking ownership. requestor=129.138.12.150
check software interlocks R
interlocks []
actuate state mode=None-script, software_lock=False
doing actuation None-script open_channel True
Open R ===>> OK
GetIndicatorState R ===>> OK
change switch state (True, True)
update switch state R True args=() kw={} ncanvase=2
18:20:37 -- OPEN   VALVE-R (Jan Inlet)
equilibrating for 12.0sec
set_time_zero () {}
sniff (12.0,) {}
py_sniff
build tables- sniff [Detector(H2), Detector(H1), Detector(AX), Detector(L1), Detector(L2), Detector(CDD)]
add group /sniff/PM41 (Group) '' table H2
add group /sniff/Ar40 (Group) '' table H1
add group /sniff/Ar39 (Group) '' table AX
add group /sniff/Ar38 (Group) '' table L1
add group /sniff/Ar37 (Group) '' table L2
add group /sniff/Ar36 (Group) '' table CDD
flush and close file /Users/jan/PychronDev/data/isotopes/5b/330fe3-b851-44ff-8e68-25ba3a5efb94.h5
measuring sniff. ncounts=12.0
starting measurement
GetData ===>> H2,0.146571579504943,H1,111.237509148358,AX,26.6719826822314,L1,0.0890009362365684,L2,0.276151131...
GetData ===>> H2,0.819287808839439,H1,620.687476107763,AX,142.661901970032,L1,0.859114320180466,L2,1.2177739329...
Get Checksum: -173909521
GetData ===>> H2,0.405958294082457,H1,846.72007685965,AX,188.929917026531,L1,1.64690242638377,L2,1.335551580208...
GetData ===>> H2,0.0908403953341768,H1,918.402366897762,AX,201.635744268673,L1,2.14019373671577,L2,1.3215231488...
GetData ===>> H2,0.00687241187762584,H1,944.294996469941,AX,205.999471702425,L1,2.38321235256282,L2,1.207890148...
Get Checksum: -173909521
GetData ===>> H2,0.0385709391666679,H1,954.45277183002,AX,207.643129227313,L1,2.51166589209057,L2,1.40022974535...
GetData ===>> H2,-0.00455222155686427,H1,958.884157577844,AX,208.387001563304,L1,2.63580099509582,L2,1.22808304...
GetData ===>> H2,-0.0515964400991721,H1,960.601169288789,AX,208.860766508008,L1,2.66493493341802,L2,1.301023731...
Get Checksum: -173909521
GetData ===>> H2,0.0158570164683602,H1,961.654432770512,AX,208.753521501387,L1,2.66083173520072,L2,1.2805057294...
GetData ===>> H2,-0.104235301370061,H1,961.544101471891,AX,208.964969351921,L1,2.70749217951652,L2,1.3135684897...
GetData ===>> H2,-0.0670483349739721,H1,961.74709106727,AX,209.129660045745,L1,2.75291823921798,L2,1.2443688749...
Get Checksum: -173909521
Equilibration Finished
18:20:49 -- ******* Equilibration Finished *******
GetData ===>> H2,-0.0310702245174218,H1,961.129690549099,AX,208.702105003779,L1,2.76157578843593,L2,1.250000743...
checking ownership. requestor=129.138.12.150
check software interlocks R
interlocks []
actuate state mode=None-script, software_lock=False
doing actuation None-script close_channel True
Close R ===>> OK
set states for children of R. state=False
handle state [('R', False)]
update switch state R False args=() kw={'refresh': False} ncanvase=2
refresh_canvas_needed fired
GetIndicatorState R ===>> False
change switch state (True, True)
update switch state R False args=() kw={} ncanvase=2
18:20:50 -- CLOSE  VALVE-R (Jan Inlet)
Post Equilibration Started jan_pump_extraction_line.py
18:20:50 -- ******* Post Equilibration Started jan_pump_extraction_line.py *******
testing...
no interpolation path defined
calculate duration
testing...
no interpolation path defined
executed 4.0
executed 4.0
Pump after analysis
doing GOSUB
testing...
no interpolation path defined
executed 4.0
Pump Microbone
close () {'description': 'Jan Inlet'}
closing name=--- desc=Jan Inlet
checking ownership. requestor=129.138.12.150
check software interlocks R
interlocks []
actuate state mode=None-script, software_lock=False
doing actuation None-script close_channel False
measurement finished
estimated time: 12.583 actual time: :12.657
flush and close file /Users/jan/PychronDev/data/isotopes/5b/330fe3-b851-44ff-8e68-25ba3a5efb94.h5
set_fits () {}
using default fits file=/Users/jan/PychronDev/scripts/measurement/fits/nominal_linear.yaml
set "Ar40" to "('Linear', 'SEM')"
No fit for "PM41". defaulting to linear. check the measurement script "jan_unknown120_60.py"
set "PM41" to "linear"
set "Ar36" to "('Linear', 'SEM')"
set "Ar37" to "('linear', 'SEM')"
set "Ar38" to "('linear', 'SEM')"
set "Ar39" to "('Linear', 'SEM')"
set_baseline_fits () {}
Close R ===>> OK
using default fits file=/Users/jan/PychronDev/scripts/measurement/fits/nominal_linear.yaml
set "H1" to "('average', 'SEM')"
set "H2" to "('average', 'SEM')"
set "CDD" to "('average', 'SEM')"
set "L2" to "('average', 'SEM')"
set "L1" to "('average', 'SEM')"
set "AX" to "('average', 'SEM')"
multicollect () {'integration_time': 1, 'ncounts': 120}
build tables- signal [Detector(H2), Detector(H1), Detector(AX), Detector(L1), Detector(L2), Detector(CDD)]
add group /signal/PM41 (Group) '' table H2
add group /signal/Ar40 (Group) '' table H1
add group /signal/Ar39 (Group) '' table AX
add group /signal/Ar38 (Group) '' table L1
add group /signal/Ar37 (Group) '' table L2
add group /signal/Ar36 (Group) '' table CDD
flush and close file /Users/jan/PychronDev/data/isotopes/5b/330fe3-b851-44ff-8e68-25ba3a5efb94.h5
measuring signal. ncounts=120
GetIndicatorState R ===>> False
change switch state (True, True)
update switch state R False args=() kw={} ncanvase=2
18:20:50 -- CLOSE  VALVE-R (Jan Inlet)
---------------------------------------- close None (Jan Inlet) result=[(True, True)]
action=close, ok=True, locked=[False]
is_closed ('F',) {}
is F () closed?
is closed True
open () {'description': 'CO2 Laser to Jan'}
opening name=--- desc=CO2 Laser to Jan
checking ownership. requestor=129.138.12.150
check software interlocks A
interlocks []
actuate state mode=None-script, software_lock=False
doing actuation None-script open_channel False
Open A ===>> OK
GetIndicatorState A ===>> OK
change switch state (True, True)
update switch state A True args=() kw={} ncanvase=2
18:20:50 -- OPEN   VALVE-A (CO2 Laser to Jan)
---------------------------------------- open None (CO2 Laser to Jan) result=[(True, True)], time=0.14 sec
starting measurement
GetData ===>> H2,0.0232732419376588,H1,961.168453571219,AX,208.639336068224,L1,2.79043657444304,L2,1.2425681230...
action=open, ok=True, locked=[False]
sleep (1,) {}
SLEEP 1.0
GetData ===>> H2,0.0597308821477782,H1,962.093572464333,AX,208.744121807788,L1,2.82825548982123,L2,1.1870366285...
Get Checksum: -423938523
close () {'description': 'CO2 Laser to Roughing'}
closing name=--- desc=CO2 Laser to Roughing
checking ownership. requestor=129.138.12.150
check software interlocks G
interlocks []
actuate state mode=None-script, software_lock=True
VALVE-G(CO2 Laser to Roughing) software locked
change switch state (True, False)
---------------------------------------- close None (CO2 Laser to Roughing) result=[(True, False)]
action=close, ok=True, locked=[True]
open () {'description': 'Microbone to Turbo'}
opening name=--- desc=Microbone to Turbo
checking ownership. requestor=129.138.12.150
check software interlocks U
interlocks []
actuate state mode=None-script, software_lock=False
doing actuation None-script open_channel True
Open U ===>> OK
GetIndicatorState U ===>> OK
change switch state (True, True)
update switch state U True args=() kw={} ncanvase=2
18:20:52 -- OPEN   VALVE-U (Microbone to Turbo)
---------------------------------------- open None (Microbone to Turbo) result=[(True, True)], time=0.39 sec
action=open, ok=True, locked=[False]
open () {'description': 'Microbone to Getter NP-10'}
opening name=--- desc=Microbone to Getter NP-10
checking ownership. requestor=129.138.12.150
check software interlocks M
interlocks []
actuate state mode=None-script, software_lock=False
doing actuation None-script open_channel False
Open M ===>> OK
GetIndicatorState M ===>> OK
change switch state (True, True)
update switch state M True args=() kw={} ncanvase=2
18:20:52 -- OPEN   VALVE-M (Microbone to Getter NP-10)
---------------------------------------- open None (Microbone to Getter NP-10) result=[(True, True)], time=0.15 sec
GetData ===>> H2,-0.0700837237430658,H1,961.499440785525,AX,208.667281918652,L1,2.81458897690267,L2,1.195129871...
action=open, ok=True, locked=[False]
open () {'description': 'Microbone to Getter D-50'}
opening name=--- desc=Microbone to Getter D-50
checking ownership. requestor=129.138.12.150
check software interlocks K
interlocks []
actuate state mode=None-script, software_lock=False
doing actuation None-script open_channel False
Open K ===>> OK
GetIndicatorState K ===>> OK
change switch state (True, True)
update switch state K True args=() kw={} ncanvase=2
18:20:53 -- OPEN   VALVE-K (Microbone to Getter D-50)
---------------------------------------- open None (Microbone to Getter D-50) result=[(True, True)], time=0.41 sec
action=open, ok=True, locked=[False]
open () {'description': 'Microbone to CO2 Laser'}
opening name=--- desc=Microbone to CO2 Laser
checking ownership. requestor=129.138.12.150
check software interlocks T
interlocks []
actuate state mode=None-script, software_lock=False
doing actuation None-script open_channel False
GetData ===>> H2,-0.0521487393982044,H1,960.968308788184,AX,208.563389921643,L1,2.80654195285156,L2,1.210183279...
Open T ===>> OK
GetIndicatorState T ===>> OK
change switch state (True, True)
update switch state T True args=() kw={} ncanvase=2
18:20:54 -- OPEN   VALVE-T (Microbone to CO2 Laser)
---------------------------------------- open None (Microbone to CO2 Laser) result=[(True, True)], time=0.42 sec
action=open, ok=True, locked=[False]
open () {'description': 'Microbone to Inlet Pipette'}
opening name=--- desc=Microbone to Inlet Pipette
checking ownership. requestor=129.138.12.150
check software interlocks S
interlocks []
actuate state mode=None-script, software_lock=False
doing actuation None-script open_channel False
Open S ===>> OK
GetIndicatorState S ===>> OK
change switch state (True, True)
update switch state S True args=() kw={} ncanvase=2
18:20:54 -- OPEN   VALVE-S (Microbone to Inlet Pipette)
---------------------------------------- open None (Microbone to Inlet Pipette) result=[(True, True)], time=0.42 sec
action=open, ok=True, locked=[False]
sleep (1,) {}
SLEEP 1.0
GetData ===>> H2,-0.113630064899484,H1,960.619551094231,AX,208.628471131977,L1,2.7798058065201,L2,1.16897462318...
Get Checksum: -110011688
set_resource () {'name': 'CO2PumpTimeFlag', 'value': 30}
Set CO2PumpTimeFlag 30 ===>> OK
release ('JanCO2Flag',) {}
release JanCO2Flag
Set JanCO2Flag 0 ===>> OK
executed 6.0
PumpMicrobone.py completed successfully
gosub finished
get_resource_value () {'name': 'JanMiniboneFlag'}
Read JanMiniboneFlag ===>> 0
Get Resource Value JanMiniboneFlag=0.0
get resource value 0.0
get_resource_value () {'name': 'JanMiniboneFlag'}
Read JanMiniboneFlag ===>> 0
Get Resource Value JanMiniboneFlag=0.0
executed 4.0
jan_pump_extraction_line.py completed successfully
Post Equilibration Finished
18:20:56 -- ******* Post Equilibration Finished *******
GetData ===>> H2,0.00263769025378362,H1,960.37107582948,AX,208.490114590711,L1,2.77100685118794,L2,1.2983497176...
GetData ===>> H2,-0.0167183795797755,H1,960.243605074915,AX,207.896728999172,L1,2.77778360558483,L2,1.168320735...
Get Checksum: -110011688
GetData ===>> H2,-0.26731987469942,H1,959.58763927858,AX,208.147111618164,L1,2.75775158269684,L2,1.220239304188...
GetData ===>> H2,-0.235813218054522,H1,959.154299825467,AX,208.292156941235,L1,2.73589803512488,L2,1.3015631343...
GetData ===>> H2,-0.132401026884923,H1,958.550388495932,AX,207.99098437416,L1,2.78756202252373,L2,1.20020855708...
Get Checksum: -110011688
GetData ===>> H2,-0.149701685728902,H1,958.229102241286,AX,207.917796591524,L1,2.75936133169475,L2,1.2275325860...
GetData ===>> H2,-0.213116040162881,H1,957.70856460869,AX,207.816749814941,L1,2.75452185383921,L2,1.20326965499...
GetData ===>> H2,-0.0191799380429695,H1,957.131483599236,AX,207.958451234849,L1,2.75295232732784,L2,1.255862365...
Get Checksum: -110011688
GetData ===>> H2,-0.0643128831542577,H1,957.269848914091,AX,208.055226370108,L1,2.77725387796531,L2,1.254038456...
GetData ===>> H2,-0.164789690665763,H1,956.742582301899,AX,207.626060088092,L1,2.75778022879424,L2,1.2114903884...
GetData ===>> H2,-0.0682758796896106,H1,956.025024001099,AX,207.530978037093,L1,2.76210524756606,L2,1.211146410...
Get Checksum: -110011688
GetData ===>> H2,-0.0932436658083163,H1,955.667152751618,AX,207.576011749607,L1,2.7931394958144,L2,1.1157375023...
GetData ===>> H2,-0.10407966752407,H1,955.257338926722,AX,207.568462434695,L1,2.7788922900645,L2,1.200999618000...
GetData ===>> H2,-0.0997373004449228,H1,955.085465570102,AX,207.532200622484,L1,2.75747058192229,L2,1.251090450...
Get Checksum: -110011688
GetData ===>> H2,-0.147540714933048,H1,955.01441414637,AX,207.291953780995,L1,2.74127776001742,L2,1.24267134998...
GetData ===>> H2,-0.244592492369414,H1,954.587403138452,AX,207.077818135176,L1,2.75948411845033,L2,1.2660034702...
GetData ===>> H2,-0.114899569961045,H1,954.599998068976,AX,207.050025442961,L1,2.80339426248071,L2,1.2625044389...
Get Checksum: -110011688
GetData ===>> H2,-0.126056445149184,H1,953.534901440386,AX,207.095606518725,L1,2.72088264745317,L2,1.1901202343...
GetData ===>> H2,-0.125012643949337,H1,952.979409186287,AX,207.140335820469,L1,2.69276466974832,L2,1.1822795866...
18:21:16 -- collecting point 25
GetData ===>> H2,-0.0676316047762751,H1,953.050400351391,AX,206.904343499072,L1,2.70761608925477,L2,1.190922675...
Get Checksum: -110011688
GetData ===>> H2,-0.149601749912664,H1,952.027248739155,AX,206.617916734876,L1,2.7597569826215,L2,1.18270369889...
GetData ===>> H2,-0.24424128827232,H1,951.71546771326,AX,206.7949054345,L1,2.76919799304129,L2,1.14121699876943...
GetData ===>> H2,-0.147169256598657,H1,951.656429868433,AX,206.774519323172,L1,2.75441139358734,L2,1.2183931365...
Get Checksum: -110011688
GetData ===>> H2,-0.127777425843709,H1,951.466068330471,AX,206.651026632409,L1,2.72286461271231,L2,1.2268903881...
GetData ===>> H2,-0.143870172714056,H1,950.961254298036,AX,206.612056785444,L1,2.70239806580204,L2,1.2661296672...
Get Checksum: -110011688
GetData ===>> H2,-0.0574817307951211,H1,950.987531662545,AX,206.619686712438,L1,2.67143513823731,L2,1.222624467...
GetData ===>> H2,-0.141466181668434,H1,950.648617346173,AX,206.433533309781,L1,2.70732469925902,L2,1.2994858777...
GetData ===>> H2,-0.225516588802155,H1,949.840673987249,AX,206.488535402989,L1,2.69036105150174,L2,1.1873461310...
Get Checksum: -110011688
GetData ===>> H2,-0.173102415663474,H1,949.465401094631,AX,206.221693893662,L1,2.70890564729225,L2,1.2248835471...
GetData ===>> H2,-0.189123537475351,H1,949.175556246065,AX,206.189225469822,L1,2.71068294309758,L2,1.1807780149...
GetData ===>> H2,-0.205169985695162,H1,948.65903769944,AX,206.010169281057,L1,2.74808270696662,L2,1.19999072985...
Get Checksum: -110011688
GetData ===>> H2,-0.126997406441888,H1,948.272887573394,AX,206.229148755411,L1,2.74781397801135,L2,1.2787501973...
GetData ===>> H2,-0.107608648481777,H1,947.571668678199,AX,205.993741091692,L1,2.74306383732967,L2,1.0935086566...
GetData ===>> H2,-0.149192544072138,H1,947.745081870534,AX,205.903290792044,L1,2.71454266713104,L2,1.2490142822...
Get Checksum: -110011688
GetData ===>> H2,-0.139774028590623,H1,947.046953012703,AX,205.638441865604,L1,2.67624767816362,L2,1.2477640147...
GetData ===>> H2,-0.0791213474124845,H1,946.603631155444,AX,205.563044362783,L1,2.74968293439768,L2,1.197755163...
GetData ===>> H2,-0.118354124652586,H1,946.15858081151,AX,205.589493463264,L1,2.74346881118968,L2,1.22340424544...
Get Checksum: -110011688
GetData ===>> H2,-0.170444626423218,H1,946.253279370624,AX,205.461140076563,L1,2.71090086812437,L2,1.2259156315...
GetData ===>> H2,-0.0772309131461362,H1,945.857892945672,AX,205.520766451756,L1,2.69290881828467,L2,1.231374395...
GetData ===>> H2,-0.131816714774081,H1,945.422026380941,AX,205.205114248369,L1,2.6905066551519,L2,1.17042007418...
Get Checksum: -110011688
GetData ===>> H2,-0.212395494003443,H1,944.636925281833,AX,205.104728842426,L1,2.70899552687935,L2,1.1106240690...
GetData ===>> H2,-0.0998564398861784,H1,944.422952746281,AX,205.244695354017,L1,2.69485636181023,L2,1.278440400...
GetData ===>> H2,-0.139219834130481,H1,944.236610862827,AX,205.082309466765,L1,2.69908987865021,L2,1.2077869585...
Get Checksum: -110011688
GetData ===>> H2,-0.0501497503429941,H1,943.186263820884,AX,204.968607386969,L1,2.70764059903254,L2,1.217441399...
18:21:42 -- collecting point 50
GetData ===>> H2,-0.0572633591885703,H1,943.250393749504,AX,204.908640790671,L1,2.69234175388554,L2,1.277511017...
GetData ===>> H2,-0.0978092340007218,H1,943.159414531321,AX,204.791343419201,L1,2.68025226367172,L2,1.167907756...
Get Checksum: -110011688
GetData ===>> H2,-0.219219582184027,H1,942.818033455402,AX,204.71111163776,L1,2.70350463759573,L2,1.22408082247...
GetData ===>> H2,-0.138461490033388,H1,942.035864959313,AX,204.739604106387,L1,2.66632791088853,L2,1.1538789879...
Get Checksum: -110011688
GetData ===>> H2,-0.0594428184815161,H1,941.97970330552,AX,204.852661807502,L1,2.68011086943946,L2,1.2237482670...
GetData ===>> H2,-0.026671537424634,H1,941.968199357364,AX,204.919881337437,L1,2.6671515463961,L2,1.17686945362...
GetData ===>> H2,-0.112850426421617,H1,941.642714956582,AX,204.697616624013,L1,2.66180033725664,L2,1.2097705116...
Get Checksum: -110011688
GetData ===>> H2,-0.141829718354869,H1,941.248756657036,AX,204.738175815691,L1,2.66491998531435,L2,1.2105043220...
GetData ===>> H2,-0.161140151545843,H1,940.68238154906,AX,204.434274174983,L1,2.68655288290388,L2,1.19212635069...
GetData ===>> H2,-0.107802115354069,H1,939.929697381914,AX,204.38158152754,L1,2.69708719690829,L2,1.19615017286...
GetData ===>> H2,-0.189847576972805,H1,939.426747206648,AX,204.369665940671,L1,2.67969077575884,L2,1.2951823118...
GetData ===>> H2,-0.203741313327931,H1,939.225759647968,AX,204.172811106882,L1,2.6833035429687,L2,1.19948628974...
Get Checksum: -110011688
GetData ===>> H2,-0.126994702641887,H1,938.398297526153,AX,204.115413700253,L1,2.67057448429386,L2,1.2122471439...
GetData ===>> H2,-0.0931637418746185,H1,938.553793124328,AX,204.010776441332,L1,2.65865030461717,L2,1.169720289...
GetData ===>> H2,-0.128111317243341,H1,938.788290837522,AX,204.169364419561,L1,2.65587589986489,L2,1.1958062498...
Get Checksum: -110011688
GetData ===>> H2,-0.218981102509838,H1,938.281402135499,AX,203.891407238598,L1,2.63945225591697,L2,1.1913353627...
GetData ===>> H2,-0.152125534720882,H1,937.783340759213,AX,203.820552911936,L1,2.64361240179156,L2,1.2027308029...
GetData ===>> H2,-0.158545739278444,H1,937.603816689573,AX,203.534950512564,L1,2.6544203883138,L2,1.14591917345...
Get Checksum: -110011688
GetData ===>> H2,-0.256977222044047,H1,936.83824732191,AX,203.579753121287,L1,2.65635386956926,L2,1.23947136737...
GetData ===>> H2,-0.256323964182426,H1,936.495162519337,AX,203.605908456291,L1,2.67807852095652,L2,1.2192646149...
GetData ===>> H2,-0.232853057142876,H1,936.142843485545,AX,203.71097432582,L1,2.64032352120892,L2,1.23593889360...
Get Checksum: -110011688
GetData ===>> H2,-0.211105130253943,H1,935.925302777119,AX,203.734428333401,L1,2.68762214386686,L2,1.1526173019...
GetData ===>> H2,-0.17697245172545,H1,935.742164408723,AX,203.537797836013,L1,2.67525422572709,L2,1.12399294588...
GetData ===>> H2,-0.1145517559304,H1,935.78116266294,AX,203.08052094333,L1,2.68091983125876,L2,1.15180294981092...
Get Checksum: -110011688
GetData ===>> H2,-0.167631007633735,H1,934.949912511377,AX,202.959678475658,L1,2.67424047699759,L2,1.1443364646...
18:22:08 -- collecting point 75
GetData ===>> H2,-0.165918203987988,H1,934.544536762296,AX,203.087040324096,L1,2.64739381953614,L2,1.2903625462...
Get Checksum: -110011688
GetData ===>> H2,-0.152271317014862,H1,934.305682093472,AX,202.992613150564,L1,2.61655893695628,L2,1.2460320197...
GetData ===>> H2,-0.161700553024512,H1,933.838726178032,AX,203.084669615455,L1,2.64622599465148,L2,1.1389462747...
GetData ===>> H2,-0.117766938030414,H1,933.644827041579,AX,203.104039132788,L1,2.64248025730615,L2,1.2320510284...
Get Checksum: -110011688
GetData ===>> H2,-0.139602366371883,H1,933.184010295906,AX,202.915548253138,L1,2.64671755286355,L2,1.1184204438...
GetData ===>> H2,-0.0803773977193444,H1,932.838312991583,AX,202.746725622674,L1,2.68559117775879,L2,1.259693833...
GetData ===>> H2,-0.0702573050569478,H1,932.570977106759,AX,202.728434401403,L1,2.65545905060482,L2,1.209896634...
Get Checksum: -110011688
GetData ===>> H2,-0.0282054292880824,H1,932.070054131835,AX,202.812844751129,L1,2.68155480449128,L2,1.283007131...
GetData ===>> H2,-0.202920418991731,H1,931.977517128363,AX,202.611670365569,L1,2.69577720859699,L2,1.1417216113...
GetData ===>> H2,-0.208378449495561,H1,931.273547985686,AX,202.369854906248,L1,2.70208775495294,L2,1.1619771118...
Get Checksum: -110011688
GetData ===>> H2,-0.195513501760227,H1,930.91046653241,AX,202.295084855034,L1,2.64320514261643,L2,1.23387452089...
GetData ===>> H2,-0.168961659777291,H1,930.333278488103,AX,202.329461384127,L1,2.6116219861691,L2,1.16093326438...
GetData ===>> H2,-0.280001649821068,H1,930.100398737447,AX,202.297616165128,L1,2.6249973880115,L2,1.15448689710...
Get Checksum: -110011688
GetData ===>> H2,-0.154037531675812,H1,929.443547444063,AX,202.234745141286,L1,2.64964968997959,L2,1.2359962379...
GetData ===>> H2,-0.145287464340691,H1,929.102623206349,AX,202.04407722556,L1,2.66872694898121,L2,1.14265056426...
GetData ===>> H2,-0.130626677143965,H1,928.79292448501,AX,201.987232371063,L1,2.62967560582041,L2,1.12925616085...
Get Checksum: -110011688
GetData ===>> H2,-0.212220401086067,H1,928.779535160078,AX,201.919177811104,L1,2.63822825434095,L2,1.1649595954...
GetData ===>> H2,-0.177334191147043,H1,928.156580992301,AX,201.750174808244,L1,2.68936909101347,L2,1.1499104678...
GetData ===>> H2,-0.156734295676489,H1,927.851349698421,AX,202.138699327605,L1,2.66670710202498,L2,1.2281518524...
Get Checksum: -110011688
GetData ===>> H2,-0.278673687633386,H1,927.425507902574,AX,201.547248464415,L1,2.65837459933215,L2,1.1596829565...
GetData ===>> H2,-0.154990119301308,H1,927.162347473183,AX,201.604869968501,L1,2.64739925155946,L2,1.1897534062...
GetData ===>> H2,-0.0729203613372729,H1,926.948044864211,AX,201.46398666349,L1,2.64579148571424,L2,1.1384072723...
Get Checksum: -110011688
GetData ===>> H2,-0.05565867412581,H1,926.78002871806,AX,201.215098660141,L1,2.63785782303058,L2,1.159075014572...
GetData ===>> H2,-0.108946614198047,H1,926.339766453259,AX,201.258068738792,L1,2.6391876324581,L2,1.22992939840...
Get Checksum: -110011688
GetData ===>> H2,-0.0624027971364945,H1,925.572487587932,AX,201.349838996547,L1,2.63119834077254,L2,1.101670482...
18:22:35 -- collecting point 100
GetData ===>> H2,-0.154999577216813,H1,925.172552595398,AX,201.347667860223,L1,2.63393714605329,L2,1.1294166991...
GetData ===>> H2,-0.17481122288845,H1,925.899952812979,AX,201.332942520393,L1,2.64317527751658,L2,1.19719341348...
Get Checksum: -110011688
GetData ===>> H2,-0.0688143298962819,H1,925.212526698689,AX,200.971041090723,L1,2.60272947611177,L2,1.209071103...
GetData ===>> H2,-0.0772458210253504,H1,924.159702361769,AX,200.980778361945,L1,2.57087238335614,L2,1.171177223...
GetData ===>> H2,-0.0969534142961643,H1,924.047864233005,AX,201.078557745792,L1,2.59255500133042,L2,1.296249578...
Get Checksum: -110011688
GetData ===>> H2,-0.0376528569749628,H1,923.581882700617,AX,201.293609522348,L1,2.6306459525941,L2,1.1586506045...
GetData ===>> H2,-0.0643589706941998,H1,923.350235650405,AX,200.983819883876,L1,2.59826144617176,L2,1.238129470...
GetData ===>> H2,-0.203481167712358,H1,923.13587844085,AX,200.526627761223,L1,2.59791334413039,L2,1.17712161408...
Get Checksum: -110011688
GetData ===>> H2,-0.16994942621235,H1,922.95366061387,AX,200.445725952519,L1,2.60722366253848,L2,1.101257789639...
GetData ===>> H2,-0.125526444100692,H1,922.608021368541,AX,200.58045996654,L1,2.62333306830488,L2,1.14793773844...
GetData ===>> H2,-0.130849558011614,H1,922.136863640601,AX,200.744089638105,L1,2.62500824012027,L2,1.1387054435...
Get Checksum: -110011688
GetData ===>> H2,0.00307278512055886,H1,921.289244258939,AX,200.446173342681,L1,2.6198004170395,L2,1.2031894002...
GetData ===>> H2,-0.169869814349345,H1,920.637958444771,AX,200.605991825258,L1,2.63449464097283,L2,1.2022722079...
GetData ===>> H2,-0.13011445937423,H1,920.509359817308,AX,200.524084870166,L1,2.60753273699924,L2,1.21192609546...
Get Checksum: -110011688
GetData ===>> H2,-0.0825707494713779,H1,920.248179271709,AX,200.448881252129,L1,2.59112672128119,L2,1.194247147...
GetData ===>> H2,-0.0168922819459892,H1,919.727897012693,AX,200.304695600125,L1,2.62815171761535,L2,1.159315896...
GetData ===>> H2,-0.0111262769357694,H1,919.890581818804,AX,200.222319128645,L1,2.66467266498884,L2,1.167815983...
Get Checksum: -110011688
GetData ===>> H2,-0.101076193437057,H1,919.693722619733,AX,200.026635513978,L1,2.62116317177956,L2,1.1416069264...
GetData ===>> H2,-0.102034576062602,H1,919.197625225785,AX,199.989102867216,L1,2.57767986786468,L2,1.2853135268...
GetData ===>> H2,-0.0379148344065238,H1,918.865557374816,AX,200.022425669984,L1,2.61693984093973,L2,1.248704581...
Get Checksum: -110011688
GetData ===>> H2,-0.0229561911417157,H1,918.337500298736,AX,199.857244613883,L1,2.59533474109734,L2,1.037369016...
measurement finished
estimated time: 125.829 actual time: :126.192
flush and close file /Users/jan/PychronDev/data/isotopes/5b/330fe3-b851-44ff-8e68-25ba3a5efb94.h5
baselines () {'settling_time': 15.0, 'detector': 'H1', 'mass': 34.2, 'ncounts': 60}
%%%%%%%%%%%%%%%%%%%%%%%%%%%%%%%% Baseline
build tables- baseline [Detector(H2), Detector(H1), Detector(AX), Detector(L1), Detector(L2), Detector(CDD)]
add group baseline table H2
add group baseline table H1
add group baseline table AX
add group baseline table L1
add group baseline table L2
add group baseline table CDD
flush and close file /Users/jan/PychronDev/data/isotopes/5b/330fe3-b851-44ff-8e68-25ba3a5efb94.h5
detector Detector(H1)
POSITION 34.2 H1
Mapping mass to dac mass func: "parabolic"
H1 map mass coeffs = [-0.00063987  0.15840543  0.57068999]
H1 map mass to dac 34.2 >> 5.23973599104
GetDeflection H1 ===>> 0
GetHighVoltage ===>> 4500
positioning 34.2 (5.23973599104) on H1
setting magnet DAC
current  : 5.879080
requested: 5.239736
Delta Dac: 0.639344
Checking detector protection. dv=0.63934
Checking detector "CDD". Protection Threshold: 0.1 (V)
ProtectDetector CDD,On ===>> OK
GetDeflection CDD ===>> 2000
SetMagnetDAC 5.23973599104 ===>> OK
Magnet settling time: 0.500
GetMagnetMoving ===>> True
GetMagnetMoving ===>> True
Get Checksum: -110011688
GetMagnetMoving ===>> True
GetMagnetMoving ===>> True
GetMagnetMoving ===>> True
GetMagnetMoving ===>> True
GetMagnetMoving ===>> True
GetMagnetMoving ===>> True
GetMagnetMoving ===>> False
ProtectDetector CDD,Off ===>> OK
GetDeflection CDD ===>> 50
Delaying 15.0s for detectors to settle
Get Checksum: -110011688
Get Checksum: -110011688
Get Checksum: -110011688
Get Checksum: -110011688
Get Checksum: -110011688
Join finished
measuring baseline. ncounts=60
starting measurement
GetData ===>> H2,-0.138868379711392,H1,-0.0265878666554141,AX,-0.0458234899689344,L1,-0.0551804893336568,L2,0.0...
Get Checksum: -110011688
GetData ===>> H2,-0.0544662045964132,H1,-0.0148406433783997,AX,-0.0612092630799077,L1,-0.0273706024334961,L2,0....
GetData ===>> H2,-0.193328252457684,H1,-0.0538575756476199,AX,-0.0130611975222794,L1,-0.0378547870993181,L2,-0....
GetData ===>> H2,-0.210263216488138,H1,-0.00845959401873913,AX,-0.140715997361987,L1,-0.0533318275907378,L2,-0....
Get Checksum: -110011688
GetData ===>> H2,-0.18141375770204,H1,-0.0136598817398912,AX,-0.160332823513575,L1,-0.0233694347152346,L2,0.007...
GetData ===>> H2,-0.234536407418024,H1,-0.000157657375843123,AX,-0.162697705519405,L1,-0.0534179505858547,L2,-0...
GetData ===>> H2,-0.0505582620380167,H1,-0.0667326868194483,AX,-0.115915138669329,L1,-0.0289423537963316,L2,-0....
Get Checksum: -110011688
GetData ===>> H2,-0.119867951927817,H1,0.0133821790426537,AX,-0.00343336561962114,L1,-0.0331700081568186,L2,-0....
GetData ===>> H2,-0.150433621207046,H1,-0.0706544980082711,AX,-0.0632612885922563,L1,-0.0703006146154798,L2,0.0...
GetData ===>> H2,-0.117528807611975,H1,-0.0178103762293212,AX,-0.114536279472485,L1,-0.0720408378968608,L2,0.03...
Get Checksum: -110011688
GetData ===>> H2,-0.120074920668813,H1,0.0494536050622997,AX,-0.164482921494073,L1,-0.0516307471006985,L2,-0.04...
GetData ===>> H2,-0.0876530541242709,H1,-0.0890813765343833,AX,-0.0737641992182947,L1,-0.0440585214194748,L2,0....
GetData ===>> H2,-0.195842621226425,H1,-0.0572672570837483,AX,-0.0660088482127725,L1,-0.0533964199063083,L2,0.0...
Get Checksum: -110011688
GetData ===>> H2,-0.302841974006225,H1,0.0374005085314934,AX,-0.0610817346425104,L1,-0.0528593341307668,L2,-0.0...
GetData ===>> H2,-0.247440744216947,H1,0.01008950403969,AX,-0.124500704535391,L1,-0.0516630487806472,L2,-0.0106...
GetData ===>> H2,-0.205882906577807,H1,0.0278425992243704,AX,-0.0070062143687497,L1,-0.0576857356320943,L2,-0.0...
Get Checksum: -110011688
GetData ===>> H2,-0.212431859115468,H1,0.0221512439993134,AX,-0.0491860746321267,L1,-0.0644203481699769,L2,-0.0...
GetData ===>> H2,-0.304681834886179,H1,0.00575908549824717,AX,-0.0818087083962691,L1,-0.064877214532573,L2,-0.0...
GetData ===>> H2,-0.209317504197142,H1,-0.0203149017093949,AX,-0.0642119298122379,L1,-0.0357209193827472,L2,-0....
GetData ===>> H2,-0.149940717824367,H1,-0.0471332480181495,AX,-0.0683042182897725,L1,-0.0110905661898563,L2,-0....
Get Checksum: -110011688
GetData ===>> H2,-0.082244279806918,H1,0.0229387078255485,AX,-0.0425767462510884,L1,-0.0335711238085051,L2,0.02...
GetData ===>> H2,-0.150336392647305,H1,-0.0534879878139048,AX,-0.0946043669879806,L1,-0.0388814222224871,L2,-0....
GetData ===>> H2,-0.237833755111492,H1,0.0187031798841943,AX,0.013899131927224,L1,-0.0117523033684308,L2,-0.059...
Get Checksum: -110011688
GetData ===>> H2,-0.154284806794686,H1,0.0983869464435962,AX,-0.122310935834228,L1,-0.0265750492697087,L2,-0.08...
18:23:40 -- collecting point 25
GetData ===>> H2,-0.19239146020226,H1,-0.0173333166514354,AX,-0.0997036170314251,L1,-0.0584744057513362,L2,-0.0...
GetData ===>> H2,-0.112197979475796,H1,-0.0270291060435966,AX,-0.00227332158973131,L1,-0.0348809067176448,L2,-0...
Get Checksum: -110011688
GetData ===>> H2,-0.16333433650332,H1,0.00658220848717153,AX,-0.125137929554256,L1,0.00158673966424344,L2,-0.00...
GetData ===>> H2,-0.261126955542822,H1,-0.0104634066038887,AX,-0.0931208986090517,L1,-0.0235659952517399,L2,-0....
GetData ===>> H2,-0.155176573894073,H1,0.0438087564353264,AX,-0.0380659118040092,L1,-0.00771407028154601,L2,-0....
Get Checksum: -110011688
GetData ===>> H2,-0.218570151153104,H1,-0.0447843958993442,AX,-0.0127712164953026,L1,-0.0122737503844145,L2,4.5...
GetData ===>> H2,-0.237613154795472,H1,-0.0186571513801635,AX,-0.0826316682321508,L1,-0.0269308993526465,L2,0.0...
GetData ===>> H2,-0.170132936172096,H1,0.0546333021786307,AX,-0.0780995072582734,L1,-0.0249382163701473,L2,-0.0...
Get Checksum: -110011688
GetData ===>> H2,-0.237369682371504,H1,-0.00954499748180275,AX,0.0163124687121541,L1,-0.0286404815889528,L2,-0....
GetData ===>> H2,-0.187679365076525,H1,0.00278874142936054,AX,-0.0438870522877495,L1,-0.0148477204090591,L2,-0....
GetData ===>> H2,-0.252289326218841,H1,-0.0865070618621953,AX,-0.146397400102019,L1,-0.038347153785788,L2,0.136...
Get Checksum: -110011688
GetData ===>> H2,-0.136694527355593,H1,0.0602668253491202,AX,-0.0980348009834011,L1,-0.0110677882297816,L2,-0.0...
GetData ===>> H2,-0.10407560748216,H1,0.0231176777407917,AX,-0.148333639092578,L1,-0.0246601919303877,L2,-0.039...
GetData ===>> H2,-0.101976371513913,H1,0.0192877913905544,AX,-0.0263645980149584,L1,-0.0266265704316221,L2,-0.0...
Get Checksum: -110011688
GetData ===>> H2,-0.205882906577807,H1,-0.0368551224519063,AX,-0.0482932617577786,L1,-0.00413729868335782,L2,-0...
GetData ===>> H2,-0.263144128416104,H1,-0.0432343617697615,AX,-0.0729527564672582,L1,0.0195161141207436,L2,0.00...
GetData ===>> H2,-0.162828023836877,H1,-0.0378925217648927,AX,-0.0834314394315156,L1,0.0400118322366824,L2,-0.0...
Get Checksum: -110011688
GetData ===>> H2,-0.149824578565592,H1,0.0209700598738262,AX,-0.0827012138147656,L1,0.000979381304688288,L2,-0....
GetData ===>> H2,-0.286878254027539,H1,-0.0635736693846088,AX,-0.0894816694375265,L1,0.0140948620461717,L2,-0.0...
Get Checksum: -110011688
GetData ===>> H2,-0.268145161219204,H1,-0.00860272481937303,AX,-0.0857495796783986,L1,0.0165180919464742,L2,-0....
GetData ===>> H2,-0.127608448719749,H1,0.0376749688425051,AX,-0.108846830220252,L1,0.0167570842393823,L2,0.0682...
GetData ===>> H2,-0.105998551591571,H1,0.0179038186560067,AX,-0.0752943299947092,L1,-0.0367429799277648,L2,0.08...
Get Checksum: -110011688
GetData ===>> H2,-0.23301588615356,H1,0.0296443325595199,AX,0.0208144299208485,L1,-0.0280127500485582,L2,-0.087...
GetData ===>> H2,-0.297376537433025,H1,0.0342621680305079,AX,-0.0591224130945517,L1,-0.00628447366219646,L2,0.0...
GetData ===>> H2,-0.178224992695404,H1,-0.00826875263271172,AX,-0.0182807082804205,L1,0.0454422049428589,L2,-0....
Get Checksum: -110011688
18:24:06 -- collecting point 50
GetData ===>> H2,-0.238448208856271,H1,0.0232847166170338,AX,-0.00225012056810947,L1,0.0114765555315431,L2,-0.1...
GetData ===>> H2,-0.359699260489112,H1,-0.0323357517082233,AX,-0.125775150399039,L1,-0.0197323718170249,L2,-0.0...
GetData ===>> H2,-0.275721801922301,H1,-0.0328246644563322,AX,0.0120427597270115,L1,-0.0393641560499927,L2,-0.1...
Get Checksum: -110011688
GetData ===>> H2,-0.235410950824107,H1,0.0499309852916465,AX,-0.136193827387216,L1,-0.0085762875372864,L2,-0.09...
GetData ===>> H2,-0.221633737164907,H1,0.0184526331408421,AX,-0.0583456297260662,L1,0.00964618593664699,L2,-0.0...
GetData ===>> H2,-0.176676842648533,H1,0.0225807689548276,AX,-0.0568384204278508,L1,-0.00158528354485386,L2,-0....
Get Checksum: -110011688
GetData ===>> H2,-0.246494994405126,H1,0.0278306673236141,AX,-0.0983824733539978,L1,-0.0185285188632298,L2,0.09...
GetData ===>> H2,-0.161989520306905,H1,0.0385102874620237,AX,-0.123237828073408,L1,-0.0163998406655539,L2,0.098...
GetData ===>> H2,-0.228279429273488,H1,-0.069212147629094,AX,-0.109611622796686,L1,-0.00629886658613211,L2,-0.0...
Get Checksum: -110011688
GetData ===>> H2,-0.291059944645947,H1,0.00900389942788418,AX,-0.06891862634616,L1,0.00241621509024115,L2,-0.01...
GetData ===>> H2,-0.348017943345408,H1,0.00349254992755301,AX,0.0470065132318296,L1,-0.0213772447436198,L2,-0.0...
measurement finished
estimated time: 62.915 actual time: :63.145
flush and close file /Users/jan/PychronDev/data/isotopes/5b/330fe3-b851-44ff-8e68-25ba3a5efb94.h5
activate_detectors ('H1', 'AX', 'CDD') {'peak_center': True}
peak_center () {'detector': 'H1', 'integration_time': 0.262144, 'isotope': 'Ar40'}
peak center: mean=919.839762614 threshold=3
peak center started
setup peak center. detector=['H1', 'AX', 'CDD'], isotope=Ar40
VersionedUnpickler [<apptools.sweet_pickle.versioned_unpickler.VersionedUnpickler object at 0x136dafb30>] using Updater [<apptools.sweet_pickle.updater.Updater object at 0x133e38fb0>]
VersionedUnpickler [<apptools.sweet_pickle.versioned_unpickler.VersionedUnpickler object at 0x136dafb30>] using Updater [<apptools.sweet_pickle.updater.Updater object at 0x133e38fb0>]
VersionedUnpickler [<apptools.sweet_pickle.versioned_unpickler.VersionedUnpickler object at 0x13375bc50>] using Updater [<apptools.sweet_pickle.updater.Updater object at 0x133e38fb0>]
setting integration time = 0.524288
SetIntegrationTime 0.524288 ===>> OK
Mapping mass to dac mass func: "parabolic"
H1 map mass coeffs = [-0.00063987  0.15840543  0.57068999]
H1 map mass to dac 39.9624 >> 5.87908
GetDeflection H1 ===>> 0
GetHighVoltage ===>> 4500
do peak center. <pychron.spectrometer.jobs.peak_center.PeakCenter object at 0x12d6e98f0>
doing pc
starting peak center. center dac= 5.87908 step_width=0.001
width = 0.001
get scan parameters. half-width=0.015,window=0.015, i=0, scalar=1
Scan parameters center=5.87908 width=0.03000 (5.86408 - 5.89408)
GetData ===>> H2,-0.25736297590264,H1,0.0139667594761807,AX,0.00873618443232443,L1,-0.00783519288037526,L2,-0.0...
Moving to starting dac 5.86408
setting magnet DAC
current  : 5.239736
requested: 5.864080
Delta Dac: 0.624344
Checking detector protection. dv=0.62434
Checking detector "CDD". Protection Threshold: 0.1 (V)
ProtectDetector CDD,On ===>> OK
GetDeflection CDD ===>> 2000
SetMagnetDAC 5.86408 ===>> OK
Magnet settling time: 0.500
Get Checksum: -110011688
GetMagnetMoving ===>> True
GetMagnetMoving ===>> True
GetMagnetMoving ===>> True
GetMagnetMoving ===>> True
GetMagnetMoving ===>> True
GetMagnetMoving ===>> True
GetMagnetMoving ===>> True
GetMagnetMoving ===>> True
GetMagnetMoving ===>> False
ProtectDetector CDD,Off ===>> OK
GetDeflection CDD ===>> 50
Wait until signal near baseline. tol= 0.0104750696071. timeout= 10
GetData ===>> H2,4.23184773597876,H1,1.78615751704709,AX,0.11726302374718,L1,0.05280432234046,L2,0.217826453087...
GetData ===>> H2,54.9047125293072,H1,29.3662884574776,AX,2.61449230054043,L1,0.06458592614215,L2,-0.06310751452...
Get Checksum: -110011688
GetData ===>> H2,58.7436054465154,H1,30.4028573313961,AX,4.61809044475932,L1,0.0434926856180457,L2,-0.125730426...
GetData ===>> H2,31.0937545568016,H1,14.6745374625565,AX,2.04090179505665,L1,0.027034773785579,L2,-0.0885026816...
GetData ===>> H2,12.8093714933425,H1,7.35401402798559,AX,0.91387195946117,L1,0.0399949961957166,L2,-0.026960108...
GetData ===>> H2,4.35610745391709,H1,3.86864239759677,AX,0.254455087818363,L1,0.0273662632998213,L2,0.076960073...
GetData ===>> H2,1.38283772581364,H1,2.24636994071725,AX,0.0355865019826725,L1,0.0078030342843908,L2,-0.0276431...
GetData ===>> H2,0.492281739049179,H1,1.29545623461078,AX,0.00996598528321374,L1,0.0224863011564215,L2,0.011888...
Get Checksum: -110011688
GetData ===>> H2,0.266423858813021,H1,0.933542744270555,AX,0.0728034981427684,L1,0.0328278002445243,L2,-0.13144...
GetData ===>> H2,0.183021442384564,H1,0.870543558084669,AX,0.0385806436624101,L1,0.0703025123478898,L2,-0.03363...
GetData ===>> H2,0.224675717137365,H1,0.711559956029162,AX,-0.0338563841272243,L1,0.0793352900639163,L2,-0.0824...
GetData ===>> H2,0.231744718575519,H1,0.548091381331184,AX,-0.0083169993709691,L1,0.0555086190663966,L2,-0.0153...
GetData ===>> H2,0.165090723736712,H1,0.627938900862435,AX,-0.0158333725324735,L1,0.0277866461093094,L2,0.08662...
GetData ===>> H2,0.152532596666146,H1,0.601395703059704,AX,-0.0339723515158604,L1,0.0216459949022289,L2,-0.0873...
Get Checksum: -110011688
GetData ===>> H2,0.113940435339542,H1,0.517507960739194,AX,0.0488635522469498,L1,0.0183094699521251,L2,0.092733...
GetData ===>> H2,0.012990645509427,H1,0.699090140600789,AX,-0.00827060020325158,L1,0.0330513225115283,L2,0.0180...
GetData ===>> H2,0.0126150490704681,H1,0.527446550247013,AX,0.0602667068294024,L1,0.0659961180306987,L2,-0.1169...
GetData ===>> H2,0.0368419520747377,H1,0.655685237797976,AX,0.0452423589743335,L1,0.069009679124887,L2,-0.08081...
GetData ===>> H2,-0.0156063978793046,H1,0.58160048080913,AX,0.096653347775871,L1,0.0467469228989884,L2,-0.02368...
GetData ===>> H2,0.044823826633532,H1,0.627245340656679,AX,-0.0105673324569907,L1,0.0345632321979754,L2,-0.0558...
Get Checksum: -110011688
GetData ===>> H2,-0.00451316431880164,H1,0.534662200606095,AX,-0.0226532829384718,L1,0.00611774722489641,L2,-0....
Peak center failed to move to a baseline position
_do_sweep sm= 5.86408, em= 5.89408, stm= 0.001
calculated step values: start=5.86408, end=5.89408, width=0.001, nsteps=31.0
setting magnet DAC
current  : 5.864080
requested: 5.864080
Delta Dac: 0.000000
Checking detector protection. dv=0.00000
Checking detector "CDD". Protection Threshold: 0.1 (V)
SetMagnetDAC 5.86408 ===>> OK
GetData ===>> H2,-0.00451316431880164,H1,0.534662200606095,AX,-0.0226532829384718,L1,0.00611774722489641,L2,-0....
setting magnet DAC
current  : 5.864080
requested: 5.865114
Delta Dac: 0.001034
Checking detector protection. dv=0.00103
Checking detector "CDD". Protection Threshold: 0.1 (V)
SetMagnetDAC 5.86511448276 ===>> OK
Magnet settling time: 1.049
GetData ===>> H2,-0.0703468068871653,H1,1.31234251193801,AX,0.200603952709947,L1,0.0143070973833607,L2,-0.09118...
setting magnet DAC
current  : 5.865114
requested: 5.866149
Delta Dac: 0.001034
Checking detector protection. dv=0.00103
Checking detector "CDD". Protection Threshold: 0.1 (V)
SetMagnetDAC 5.86614896552 ===>> OK
Magnet settling time: 1.049
GetData ===>> H2,-0.0919233069272048,H1,4.45755529261425,AX,0.538899185864701,L1,0.0365874787817579,L2,-0.00403...
setting magnet DAC
current  : 5.866149
requested: 5.867183
Delta Dac: 0.001034
Checking detector protection. dv=0.00103
Checking detector "CDD". Protection Threshold: 0.1 (V)
SetMagnetDAC 5.86718344828 ===>> OK
Magnet settling time: 1.049
Get Checksum: -110011688
GetData ===>> H2,-0.134269648867563,H1,18.6823700308471,AX,2.56902288893647,L1,0.0155642662235777,L2,0.04441877...
setting magnet DAC
current  : 5.867183
requested: 5.868218
Delta Dac: 0.001034
Checking detector protection. dv=0.00103
Checking detector "CDD". Protection Threshold: 0.1 (V)
SetMagnetDAC 5.86821793103 ===>> OK
Magnet settling time: 1.049
GetData ===>> H2,-0.106129014016658,H1,65.4134856958849,AX,9.05239494560405,L1,-0.00282837688949268,L2,-0.02247...
setting magnet DAC
current  : 5.868218
requested: 5.869252
Delta Dac: 0.001034
Checking detector protection. dv=0.00103
Checking detector "CDD". Protection Threshold: 0.1 (V)
SetMagnetDAC 5.86925241379 ===>> OK
Magnet settling time: 1.049
GetData ===>> H2,-0.0523726163674589,H1,182.980930743621,AX,27.8998803780012,L1,0.0895691737177489,L2,-0.030375...
setting magnet DAC
current  : 5.869252
requested: 5.870287
Delta Dac: 0.001034
Checking detector protection. dv=0.00103
Checking detector "CDD". Protection Threshold: 0.1 (V)
SetMagnetDAC 5.87028689655 ===>> OK
Magnet settling time: 1.049
Get Checksum: -110011688
GetData ===>> H2,-0.177732494536836,H1,384.730787321034,AX,64.8013404005637,L1,0.377738887309106,L2,0.012936263...
setting magnet DAC
current  : 5.870287
requested: 5.871321
Delta Dac: 0.001034
Checking detector protection. dv=0.00103
Checking detector "CDD". Protection Threshold: 0.1 (V)
SetMagnetDAC 5.87132137931 ===>> OK
Magnet settling time: 1.049
GetData ===>> H2,-0.151171991917347,H1,603.976263883444,AX,112.027964806088,L1,0.808051191944006,L2,0.174741671...
setting magnet DAC
current  : 5.871321
requested: 5.872356
Delta Dac: 0.001034
Checking detector protection. dv=0.00103
Checking detector "CDD". Protection Threshold: 0.1 (V)
SetMagnetDAC 5.87235586207 ===>> OK
Magnet settling time: 1.049
Get Checksum: -110011688
GetData ===>> H2,-0.117978003998855,H1,762.706069585456,AX,152.220421124336,L1,1.31628891575219,L2,0.5280458655...
setting magnet DAC
current  : 5.872356
requested: 5.873390
Delta Dac: 0.001034
Checking detector protection. dv=0.00103
Checking detector "CDD". Protection Threshold: 0.1 (V)
SetMagnetDAC 5.87339034483 ===>> OK
Magnet settling time: 1.049
GetData ===>> H2,-0.0989891529223205,H1,840.292135998196,AX,176.011965272372,L1,1.74204701323536,L2,0.929151090...
setting magnet DAC
current  : 5.873390
requested: 5.874425
Delta Dac: 0.001034
Checking detector protection. dv=0.00103
Checking detector "CDD". Protection Threshold: 0.1 (V)
SetMagnetDAC 5.87442482759 ===>> OK
Magnet settling time: 1.049
GetData ===>> H2,-0.0457632187464313,H1,867.778627554492,AX,186.289440634208,L1,2.0507471226409,L2,0.9594403263...
setting magnet DAC
current  : 5.874425
requested: 5.875459
Delta Dac: 0.001034
Checking detector protection. dv=0.00103
Checking detector "CDD". Protection Threshold: 0.1 (V)
SetMagnetDAC 5.87545931034 ===>> OK
Magnet settling time: 1.049
Get Checksum: -110011688
GetData ===>> H2,-0.148962078836371,H1,875.782054728572,AX,189.799912035725,L1,2.24731888719636,L2,1.0208973665...
setting magnet DAC
current  : 5.875459
requested: 5.876494
Delta Dac: 0.001034
Checking detector protection. dv=0.00103
Checking detector "CDD". Protection Threshold: 0.1 (V)
SetMagnetDAC 5.8764937931 ===>> OK
Magnet settling time: 1.049
GetData ===>> H2,0.0673124977760792,H1,877.678356078173,AX,190.206099360554,L1,2.39240167333857,L2,1.1505223271...
setting magnet DAC
current  : 5.876494
requested: 5.877528
Delta Dac: 0.001034
Checking detector protection. dv=0.00103
Checking detector "CDD". Protection Threshold: 0.1 (V)
SetMagnetDAC 5.87752827586 ===>> OK
Magnet settling time: 1.049
GetData ===>> H2,-0.101242479992851,H1,878.125834297756,AX,190.44630068432,L1,2.46222231067714,L2,1.00529003287...
setting magnet DAC
current  : 5.877528
requested: 5.878563
Delta Dac: 0.001034
Checking detector protection. dv=0.00103
Checking detector "CDD". Protection Threshold: 0.1 (V)
SetMagnetDAC 5.87856275862 ===>> OK
Magnet settling time: 1.049
Get Checksum: -110011688
GetData ===>> H2,-0.121167869484671,H1,877.630437172564,AX,190.50875231615,L1,2.53671179673846,L2,1.18873317271...
setting magnet DAC
current  : 5.878563
requested: 5.879597
Delta Dac: 0.001034
Checking detector protection. dv=0.00103
Checking detector "CDD". Protection Threshold: 0.1 (V)
SetMagnetDAC 5.87959724138 ===>> OK
Magnet settling time: 1.049
GetData ===>> H2,-0.229548180946347,H1,877.779089599264,AX,190.642304304216,L1,2.49245777646595,L2,1.2237023974...
setting magnet DAC
current  : 5.879597
requested: 5.880632
Delta Dac: 0.001034
Checking detector protection. dv=0.00103
Checking detector "CDD". Protection Threshold: 0.1 (V)
SetMagnetDAC 5.88063172414 ===>> OK
Magnet settling time: 1.049
GetData ===>> H2,-0.213754392229789,H1,877.527804845842,AX,190.556901159226,L1,2.49720854672036,L2,1.1825202987...
setting magnet DAC
current  : 5.880632
requested: 5.881666
Delta Dac: 0.001034
Checking detector protection. dv=0.00103
Checking detector "CDD". Protection Threshold: 0.1 (V)
SetMagnetDAC 5.8816662069 ===>> OK
Magnet settling time: 1.049
Get Checksum: -110011688
GetData ===>> H2,-0.280803328740488,H1,877.132962146047,AX,190.456623766997,L1,2.48752438028102,L2,1.0587820032...
setting magnet DAC
current  : 5.881666
requested: 5.882701
Delta Dac: 0.001034
Checking detector protection. dv=0.00103
Checking detector "CDD". Protection Threshold: 0.1 (V)
SetMagnetDAC 5.88270068966 ===>> OK
Magnet settling time: 1.049
GetData ===>> H2,-0.267997597745324,H1,875.844900843831,AX,189.842523107656,L1,2.49048847577255,L2,1.0403528686...
setting magnet DAC
current  : 5.882701
requested: 5.883735
Delta Dac: 0.001034
Checking detector protection. dv=0.00103
Checking detector "CDD". Protection Threshold: 0.1 (V)
SetMagnetDAC 5.88373517241 ===>> OK
Magnet settling time: 1.049
Get Checksum: -110011688
GetData ===>> H2,-0.203078132379127,H1,871.525388485555,AX,188.028562254755,L1,2.54084479063361,L2,0.8835748472...
setting magnet DAC
current  : 5.883735
requested: 5.884770
Delta Dac: 0.001034
Checking detector protection. dv=0.00103
Checking detector "CDD". Protection Threshold: 0.1 (V)
SetMagnetDAC 5.88476965517 ===>> OK
Magnet settling time: 1.049
GetData ===>> H2,-0.0658398941511829,H1,854.959316019762,AX,181.479651137929,L1,2.45878949452477,L2,0.984558761...
setting magnet DAC
current  : 5.884770
requested: 5.885804
Delta Dac: 0.001034
Checking detector protection. dv=0.00103
Checking detector "CDD". Protection Threshold: 0.1 (V)
SetMagnetDAC 5.88580413793 ===>> OK
Magnet settling time: 1.049
GetData ===>> H2,-0.220685059880145,H1,800.387339618555,AX,161.294738769936,L1,2.23337542643796,L2,0.8110638715...
setting magnet DAC
current  : 5.885804
requested: 5.886839
Delta Dac: 0.001034
Checking detector protection. dv=0.00103
Checking detector "CDD". Protection Threshold: 0.1 (V)
SetMagnetDAC 5.88683862069 ===>> OK
Magnet settling time: 1.049
Get Checksum: -110011688
GetData ===>> H2,-0.203994713667307,H1,669.558667946107,AX,122.202425361287,L1,1.83987425370966,L2,0.3830660467...
setting magnet DAC
current  : 5.886839
requested: 5.887873
Delta Dac: 0.001034
Checking detector protection. dv=0.00103
Checking detector "CDD". Protection Threshold: 0.1 (V)
SetMagnetDAC 5.88787310345 ===>> OK
Magnet settling time: 1.049
GetData ===>> H2,-0.211047208594825,H1,465.225587568172,AX,73.4520515331656,L1,1.32216228491802,L2,0.2510660973...
setting magnet DAC
current  : 5.887873
requested: 5.888908
Delta Dac: 0.001034
Checking detector protection. dv=0.00103
Checking detector "CDD". Protection Threshold: 0.1 (V)
SetMagnetDAC 5.88890758621 ===>> OK
Magnet settling time: 1.049
GetData ===>> H2,-0.22457395764256,H1,251.992487780723,AX,33.4967522021091,L1,0.874503395423834,L2,0.1782096436...
setting magnet DAC
current  : 5.888908
requested: 5.889942
Delta Dac: 0.001034
Checking detector protection. dv=0.00103
Checking detector "CDD". Protection Threshold: 0.1 (V)
SetMagnetDAC 5.88994206897 ===>> OK
Magnet settling time: 1.049
Get Checksum: -110011688
GetData ===>> H2,-0.196217589935322,H1,101.530432134196,AX,11.2005739363001,L1,0.534069537052276,L2,0.083273637...
setting magnet DAC
current  : 5.889942
requested: 5.890977
Delta Dac: 0.001034
Checking detector protection. dv=0.00103
Checking detector "CDD". Protection Threshold: 0.1 (V)
SetMagnetDAC 5.89097655172 ===>> OK
Magnet settling time: 1.049
GetData ===>> H2,-0.240323478299844,H1,32.332735355709,AX,2.82247905072738,L1,0.282603904630973,L2,-0.064768874...
setting magnet DAC
current  : 5.890977
requested: 5.892011
Delta Dac: 0.001034
Checking detector protection. dv=0.00103
Checking detector "CDD". Protection Threshold: 0.1 (V)
SetMagnetDAC 5.89201103448 ===>> OK
Magnet settling time: 1.049
GetData ===>> H2,-0.233296905178127,H1,4.10525196238225,AX,0.111095891793428,L1,0.107451432284301,L2,0.02858510...
setting magnet DAC
current  : 5.892011
requested: 5.893046
Delta Dac: 0.001034
Checking detector protection. dv=0.00103
Checking detector "CDD". Protection Threshold: 0.1 (V)
SetMagnetDAC 5.89304551724 ===>> OK
Magnet settling time: 1.049
Get Checksum: -110011688
GetData ===>> H2,-0.0803557194945914,H1,0.882675970548808,AX,-0.089945273076108,L1,0.108066463322831,L2,0.02655...
setting magnet DAC
current  : 5.893046
requested: 5.894080
Delta Dac: 0.001034
Checking detector protection. dv=0.00103
Checking detector "CDD". Protection Threshold: 0.1 (V)
SetMagnetDAC 5.89408 ===>> OK
Magnet settling time: 1.049
GetData ===>> H2,-0.240334247074344,H1,0.089749013098195,AX,0.0793853803616593,L1,0.100874143210902,L2,-0.12443...
result of _do_sweep=True
result of _calculate_peak_center=([5.8715971031718617, 5.8792883477299434, 5.886979592288025], [646.28300568381849, 878.11689927946588, 641.71367903684359], 5.8775469338677357, 878.11689927946588)
Failed to find a valid peak. No peak greater than 1.0. max = 0.385237985682
new center pos Detector(H1) (Ar40) @ 5.87928834773
GetHighVoltage ===>> 4500
GetDeflection H1 ===>> 0
dac uncorrected for HV and deflection 5.87928834773
update mftable H1 Ar40 5.87928834773 message=automated run peakcenter
get initial guess parabolic
get initial guess parabolic
get initial guess parabolic
get initial guess parabolic
get initial guess parabolic
get initial guess parabolic
dump mftable to /Users/jan/PychronDev/setupfiles/spectrometer/mftables/mftable.csv
add to repo msg=modified - automated run peakcenter
locally archiving mftable
setting magnet DAC
current  : 5.894080
requested: 5.879288
Delta Dac: 0.014792
Checking detector protection. dv=0.01479
Checking detector "CDD". Protection Threshold: 0.1 (V)
Get Checksum: -110011688
SetMagnetDAC 5.87928834773 ===>> OK
Magnet settling time: 0.500
sweep finished
setting integration time = 1.048576
SetIntegrationTime 1.048576 ===>> OK
Failed to find a valid peak. No peak greater than 1.0. max = 0.385127002576
flush and close file /Users/jan/PychronDev/data/isotopes/5b/330fe3-b851-44ff-8e68-25ba3a5efb94.h5
finished measure script
executed 226.132928
jan_unknown120_60.py completed successfully
Measurement Finished
18:25:04 -- ******* Measurement Finished *******
Post Measurement Started jan_pump_ms.py
18:25:04 -- ******* Post Measurement Started jan_pump_ms.py *******
testing...
no interpolation path defined
executed 0
Pumping spectrometer
open () {'name': 'O'}
opening name=O desc=---
checking ownership. requestor=129.138.12.150
check software interlocks O
interlocks []
actuate state mode=None-script, software_lock=False
doing actuation None-script open_channel True
Open O ===>> OK
GetIndicatorState O ===>> OK
change switch state (True, True)
update switch state O True args=() kw={} ncanvase=2
18:25:04 -- OPEN   VALVE-O (Jan Ion Pump)
---------------------------------------- open O () result=[(True, True)], time=0.09 sec
action=open, ok=True, locked=[False]
executed 0
jan_pump_ms.py completed successfully
setting _ms_pumptime
Post Measurement Finished
18:25:05 -- ******* Post Measurement Finished *******
$$$$$$$$$$$$$$$$$$$$ state at run end measurement
state changed from measurement to success
post measurement save measured=True aborted=False
Set filtering
setting fod for Ar40= {'filter_outliers': True, 'std_devs': 2, 'iterations': 1}
setting fod for H1= {'filter_outliers': True, 'std_devs': 2, 'iterations': 1}
setting fod for PM41= {'filter_outliers': False, 'std_devs': 2, 'iterations': 1}
setting fod for H2= {'filter_outliers': True, 'std_devs': 2, 'iterations': 1}
setting fod for Ar36= {'filter_outliers': True, 'std_devs': 2, 'iterations': 1}
setting fod for CDD= {'filter_outliers': True, 'std_devs': 10, 'iterations': 1}
setting fod for Ar37= {'filter_outliers': True, 'std_devs': 2, 'iterations': 1}
setting fod for L2= {'filter_outliers': True, 'std_devs': 2, 'iterations': 1}
setting fod for Ar38= {'filter_outliers': True, 'std_devs': 2, 'iterations': 1}
setting fod for L1= {'filter_outliers': True, 'std_devs': 2, 'iterations': 1}
setting fod for Ar39= {'filter_outliers': True, 'std_devs': 2, 'iterations': 1}
setting fod for AX= {'filter_outliers': True, 'std_devs': 2, 'iterations': 1}
persistence save...
persistence save - db
post measurement save
4619806480 connecting to database sqlite:////Users/jan/PychronDev/.appdata/local_lab.db
connected to db sqlite:////Users/jan/PychronDev/.appdata/local_lab.db
create new session 4619806480
close session 4619806480
No database instance. Not saving post measurement to isotopedb database
$$$$$$$$$$$$$$$ auto_save_detector_ic=False
massspec enabled True
create new session 5019860144
MassSpec Database Version: 16.0
close session 5019860144
saving post measurement to secondary database
saving to massspec database 129.138.12.160/massspecdata
setting labnumber to 65573
setting aliquot to 16
setting step to 
setting uuid to 5b330fe3-b851-44ff-8e68-25ba3a5efb94
setting irradpos to 65573
setting extract_device to Fusions CO2
setting tray to 
setting position to 57
setting power_requested to 5.0
setting extract_value to 5.0
setting duration to 30.0
setting duration_at_request to 30.0
setting first_stage_delay to 30.0
setting cleanup to 30.0
setting comment to M:17 w/o inlcusions
setting irradiation to NM-289
setting level to M
setting irradiation_level to M
setting sample to NM-2607 WO
setting material to Sanidine
setting project to JoyitaHills
setting mass_spectrometer to Jan
no attribute chron_dosages
no attribute production_ratios
no attribute interference_corrections
no attribute production_name
no attribute j
Reference Isotope=Ar40
Reference Detector=H1
%%%%%%%%%%%%%%%%%%%% Comment: M:17 w/o inlcusions %%%%%%%%%%%%%%%%%%%
adding isotope PM41 H2
add baseline dbdet= PM41. original det= H2
get baseline data PM41 H2
Get data baseline <pychron.processing.isotope.Baseline object at 0x13c4ebb50> len t=60
baseline PM41. v=-0.194505698085, e=0.00799520380183
get signal data PM41 H2
Get data signal PM41 0.07+/-0.07 len t=120
adding isotope Ar40 H1
add baseline dbdet= Ar40. original det= H1
get baseline data Ar40 H1
Get data baseline <pychron.processing.isotope.Baseline object at 0x13c4eb210> len t=60
baseline Ar40. v=-0.00280400864822, e=0.00460821148166
get signal data Ar40 H1
Get data signal Ar40 966.44+/-0.06 len t=120
adding isotope Ar39 AX
add baseline dbdet= Ar39. original det= AX
get baseline data Ar39 AX
Get data baseline <pychron.processing.isotope.Baseline object at 0x13c4eb990> len t=60
baseline Ar39. v=-0.073496522441, e=0.00630278897019
get signal data Ar39 AX
Get data signal Ar39 209.786+/-0.028 len t=120
adding isotope Ar38 L1
add baseline dbdet= Ar38. original det= L1
get baseline data Ar38 L1
Get data baseline <pychron.processing.isotope.Baseline object at 0x13c4ebc90> len t=60
baseline Ar38. v=-0.0258651491875, e=0.00309217988511
get signal data Ar38 L1
Get data signal Ar38 2.821+/-0.005 len t=120
adding isotope Ar37 L2
add baseline dbdet= Ar37. original det= L2
get baseline data Ar37 L2
Get data baseline <pychron.processing.isotope.Baseline object at 0x139ae9e50> len t=60
baseline Ar37. v=-0.0263499159363, e=0.00634527137801
get signal data Ar37 L2
Get data signal Ar37 1.265+/-0.009 len t=120
adding isotope Ar36 CDD
add baseline dbdet= Ar36. original det= CDD
get baseline data Ar36 CDD
Get data baseline <pychron.processing.isotope.Baseline object at 0x139ae9510> len t=60
baseline Ar36. v=0.000297730828082, e=2.74083447872e-05
get signal data Ar36 CDD
Get data signal Ar36 0.3986+/-0.0013 len t=120
65573-16 added analysis time 0.507544994354s
analysis added to mass spec database
mass spec save time= 0.515
persistence save - dvc
================= post measurement started
create new session 4983587952
close session 4983587952
---------------- Experiment Queue saving disabled
DVC saving peakcenter
Failed to find a valid peak. No peak greater than 1.0. max = 0.385127002576
Smart pull ahead: 0 behind: 0
Up-to-date with origin
add to repo msg=modified - ad8224ebc6dbfeb9f5997218dfa5fe690569839d.json
Get Checksum: 2035439760
add to repo msg=modified - 73-16.json
add to repo msg=modified - 73-16.dat.json
add to repo msg=modified - 73-16.blan.json
add to repo msg=modified - 73-16.inte.json
add to repo msg=modified - 73-16.icfa.json
add to repo msg=modified - 73-16.base.json
not at valid file /Users/jan/PychronDev/data/.dvc/repositories/Load1785/655/tags/73-16.tags.json
add to repo msg=modified - 73-16.peak.json
add to repo msg=modified - 73-16.extr.json
not at valid file /Users/jan/PychronDev/data/.dvc/repositories/Load1785/655/monitor/73-16.moni.json
commit message=<COLLECTION>
add to repo msg=modified - 73-16.inte.json
add to repo msg=modified - 73-16.base.json
commit message=<ISOEVO> default collection fits
add to repo msg=modified - 73-16.blan.json
Get Checksum: 2035439760
commit message=<BLANKS> preceding bu-FC-J-7503
add to repo msg=modified - 73-16.icfa.json
commit message=<ICFactor> default
push repository <pychron.git_archive.repo_manager.GitRepoManager object at 0x13944acb0>
pushing to remote=origin, url=https://github.com
Get Checksum: 2035439760
no changes to meta repo
create new session 4983587952
add association Load1785
get identifier "65573"
setting analysis irradiation position=<pychron.dvc.dvc_orm.IrradiationPositionTbl object at 0x13ac74bd0>
close session 4983587952
================= post measurement finished
18:25:16 -- ******* Post Run Check *******
loading queue conditionals post_run_actions
loading system conditionals post_run_actions
loading conditionals from /Users/jan/PychronDev/setupfiles/spectrometer/default_conditionals.yaml
loading queue conditionals post_run_terminations
loading system conditionals post_run_terminations
loading conditionals from /Users/jan/PychronDev/setupfiles/spectrometer/default_conditionals.yaml
Checking default post run terminations n=1
GetDeflection CDD ===>> 50
testing CDD==2000
evaluate ot="CDD.deflection==2000" t="CDD==2000", ctx="{'CDD': 50.0}"
18:25:16 -- ******* Post Run Check Passed *******
18:25:16 -- Automated run 65573-16 success duration: 369.816 s
----------------- finish -----------------
----------------- stop -----------------
retroactive repository identifiers disabled
finish run. runs completed=20
update duration runid=65573-16, duration=369.815812111, md5=301e91d8
loading script "jan_unknown120_60.py"
loading script "jan_pump_ms.py"
loading script "jan_co2.py"
loading script "jan_pump_extraction_line.py"
testing...
no interpolation path defined
executed 213.652928
script duration name:unknown120_60 seconds:214.0
loading script "jan_unknown120_60.py"
loading script "jan_pump_ms.py"
loading script "jan_co2.py"
loading script "jan_pump_extraction_line.py"
testing...
no interpolation path defined
executed 0
loading script "jan_unknown120_60.py"
loading script "jan_pump_ms.py"
loading script "jan_co2.py"
loading script "jan_pump_extraction_line.py"
testing...
no interpolation path defined
calculate duration
testing...
no interpolation path defined
executed 0
calculate duration
testing...
no interpolation path defined
executed 0
executed 0.0
script duration name:co2 seconds:0.0
loading script "jan_unknown120_60.py"
loading script "jan_pump_ms.py"
loading script "jan_co2.py"
loading script "jan_pump_extraction_line.py"
testing...
no interpolation path defined
calculate duration
testing...
no interpolation path defined
executed 4.0
executed 4.0
Script duration 214.0
Run total estimated duration= 215.000
unknown120_60 in script context. using previous estimated duration
script duration name:unknown120_60 seconds:214.0
pump_ms in script context. using previous estimated duration
co2 in script context. using previous estimated duration
script duration name:co2 seconds:0.0
pump_extraction_line in script context. using previous estimated duration
Script duration 214.0
Run total estimated duration= 215.000
script duration name:unknown120_60 seconds:214.0
script duration name:co2 seconds:0.0
Script duration 214.0
Run total estimated duration= 215.000
script duration name:unknown120_60 seconds:214.0
script duration name:co2 seconds:0.0
Script duration 214.0
Run total estimated duration= 215.000
script duration name:unknown120_60 seconds:214.0
script duration name:co2 seconds:0.0
Script duration 214.0
Run total estimated duration= 215.000
script duration name:unknown120_60 seconds:214.0
script duration name:co2 seconds:0.0
Script duration 214.0
Run total estimated duration= 215.000
script duration name:unknown120_60 seconds:214.0
script duration name:co2 seconds:0.0
Script duration 214.0
Run total estimated duration= 215.000
script duration name:unknown120_60 seconds:214.0
script duration name:co2 seconds:0.0
Script duration 214.0
Run total estimated duration= 215.000
script duration name:unknown120_60 seconds:214.0
script duration name:co2 seconds:0.0
Script duration 214.0
Run total estimated duration= 215.000
script duration name:unknown120_60 seconds:214.0
script duration name:co2 seconds:0.0
Script duration 214.0
Run total estimated duration= 215.000
script duration name:unknown120_60 seconds:214.0
script duration name:co2 seconds:0.0
Script duration 214.0
Run total estimated duration= 215.000
script duration name:unknown120_60 seconds:214.0
script duration name:co2 seconds:0.0
Script duration 214.0
Run total estimated duration= 215.000
script duration name:unknown120_60 seconds:214.0
script duration name:co2 seconds:0.0
Script duration 214.0
Run total estimated duration= 215.000
script duration name:unknown120_60 seconds:214.0
script duration name:co2 seconds:0.0
Script duration 214.0
Run total estimated duration= 215.000
loading script "jan_unknown400_120.py"
loading script "jan_pump_ms.py"
loading script "jan_co2.py"
loading script "jan_pump_extraction_line.py"
testing...
no interpolation path defined
executed 556.052928
script duration name:unknown400_120 seconds:556.0
script duration name:co2 seconds:0.0
Script duration 556.0
Run total estimated duration= 557.000
script duration name:unknown120_60 seconds:214.0
script duration name:co2 seconds:0.0
Script duration 214.0
Run total estimated duration= 215.000
script duration name:unknown120_60 seconds:214.0
script duration name:co2 seconds:0.0
Script duration 214.0
Run total estimated duration= 215.000
script duration name:unknown120_60 seconds:214.0
script duration name:co2 seconds:0.0
Script duration 214.0
Run total estimated duration= 215.000
script duration name:unknown120_60 seconds:214.0
script duration name:co2 seconds:0.0
Script duration 214.0
Run total estimated duration= 215.000
script duration name:unknown120_60 seconds:214.0
script duration name:co2 seconds:0.0
Script duration 214.0
Run total estimated duration= 215.000
unknown400_120 in script context. using previous estimated duration
script duration name:unknown400_120 seconds:556.0
loading script "jan_unknown400_120.py"
loading script "jan_pump_ms.py"
loading script "jan_cocktail_x1.py"
loading script "jan_pump_extraction_line.py"
testing...
no interpolation path defined
calculate duration
testing...
no interpolation path defined
executed 0
calculate duration
testing...
no interpolation path defined
executed 0
calculate duration
testing...
no interpolation path defined
executed 32.0
calculate duration
testing...
no interpolation path defined
executed 34.0
calculate duration
testing...
no interpolation path defined
executed 4.0
calculate duration
testing...
no interpolation path defined
executed 38.0
executed 108.0
script duration name:cocktail_x1 seconds:108.0
Script duration 664.0
Run total estimated duration= 665.000
script duration name:unknown120_60 seconds:214.0
script duration name:co2 seconds:0.0
Script duration 214.0
Run total estimated duration= 215.000
script duration name:unknown120_60 seconds:214.0
script duration name:co2 seconds:0.0
Script duration 214.0
Run total estimated duration= 215.000
script duration name:unknown120_60 seconds:214.0
script duration name:co2 seconds:0.0
Script duration 214.0
Run total estimated duration= 215.000
script duration name:unknown120_60 seconds:214.0
script duration name:co2 seconds:0.0
Script duration 214.0
Run total estimated duration= 215.000
script duration name:unknown120_60 seconds:214.0
script duration name:co2 seconds:0.0
Script duration 214.0
Run total estimated duration= 215.000
script duration name:unknown120_60 seconds:214.0
script duration name:co2 seconds:0.0
Script duration 214.0
Run total estimated duration= 215.000
script duration name:unknown120_60 seconds:214.0
script duration name:co2 seconds:0.0
Script duration 214.0
Run total estimated duration= 215.000
script duration name:unknown120_60 seconds:214.0
script duration name:co2 seconds:0.0
Script duration 214.0
Run total estimated duration= 215.000
script duration name:unknown120_60 seconds:214.0
script duration name:co2 seconds:0.0
Script duration 214.0
Run total estimated duration= 215.000
script duration name:unknown120_60 seconds:214.0
script duration name:co2 seconds:0.0
Script duration 214.0
Run total estimated duration= 215.000
script duration name:unknown400_120 seconds:556.0
script duration name:co2 seconds:0.0
Script duration 556.0
Run total estimated duration= 557.000
script duration name:unknown400_120 seconds:556.0
loading script "jan_unknown400_120.py"
loading script "jan_pump_ms.py"
loading script "jan_sniffair_x2.py"
loading script "jan_pump_extraction_line.py"
testing...
no interpolation path defined
calculate duration
testing...
no interpolation path defined
executed 0
calculate duration
testing...
no interpolation path defined
executed 0
calculate duration
testing...
no interpolation path defined
executed 32.0
calculate duration
testing...
no interpolation path defined
executed 34.0
calculate duration
testing...
no interpolation path defined
executed 4.0
calculate duration
testing...
no interpolation path defined
executed 36.0
calculate duration
testing...
no interpolation path defined
executed 34.0
calculate duration
testing...
no interpolation path defined
executed 4.0
calculate duration
testing...
no interpolation path defined
executed 36.0
calculate duration
testing...
no interpolation path defined
executed 70.0
executed 250.0
script duration name:sniffair_x2 seconds:250.0
Script duration 806.0
Run total estimated duration= 807.000
loading script "jan_ic_peak_hop3.py"
loading script "jan_pump_ms.py"
loading script "jan_air_x1.py"
loading script "jan_pump_extraction_line.py"
testing...
no interpolation path defined
executed 133.8
script duration name:ic_peak_hop3 seconds:134.0
loading script "jan_ic_peak_hop3.py"
loading script "jan_pump_ms.py"
loading script "jan_air_x1.py"
loading script "jan_pump_extraction_line.py"
testing...
no interpolation path defined
calculate duration
testing...
no interpolation path defined
executed 0
calculate duration
testing...
no interpolation path defined
executed 0
calculate duration
testing...
no interpolation path defined
executed 32.0
calculate duration
testing...
no interpolation path defined
executed 34.0
calculate duration
testing...
no interpolation path defined
executed 4.0
calculate duration
testing...
no interpolation path defined
executed 36.0
executed 106.0
script duration name:air_x1 seconds:106.0
Script duration 240.0
Run total estimated duration= 241.000
script duration name:unknown120_60 seconds:214.0
script duration name:co2 seconds:0.0
Script duration 214.0
Run total estimated duration= 215.000
script duration name:unknown120_60 seconds:214.0
script duration name:co2 seconds:0.0
Script duration 214.0
Run total estimated duration= 215.000
script duration name:unknown120_60 seconds:214.0
script duration name:co2 seconds:0.0
Script duration 214.0
Run total estimated duration= 215.000
script duration name:unknown120_60 seconds:214.0
script duration name:co2 seconds:0.0
Script duration 214.0
Run total estimated duration= 215.000
script duration name:unknown120_60 seconds:214.0
script duration name:co2 seconds:0.0
Script duration 214.0
Run total estimated duration= 215.000
script duration name:unknown120_60 seconds:214.0
script duration name:co2 seconds:0.0
Script duration 214.0
Run total estimated duration= 215.000
script duration name:unknown120_60 seconds:214.0
script duration name:co2 seconds:0.0
Script duration 214.0
Run total estimated duration= 215.000
script duration name:unknown120_60 seconds:214.0
script duration name:co2 seconds:0.0
Script duration 214.0
Run total estimated duration= 215.000
script duration name:unknown120_60 seconds:214.0
script duration name:co2 seconds:0.0
Script duration 214.0
Run total estimated duration= 215.000
script duration name:unknown120_60 seconds:214.0
script duration name:co2 seconds:0.0
Script duration 214.0
Run total estimated duration= 215.000
script duration name:unknown400_120 seconds:556.0
cocktail_x1 in script context. using previous estimated duration
script duration name:cocktail_x1 seconds:108.0
Script duration 664.0
Run total estimated duration= 665.000
script duration name:unknown120_60 seconds:214.0
script duration name:co2 seconds:0.0
Script duration 214.0
Run total estimated duration= 215.000
script duration name:unknown120_60 seconds:214.0
script duration name:co2 seconds:0.0
Script duration 214.0
Run total estimated duration= 215.000
script duration name:unknown120_60 seconds:214.0
script duration name:co2 seconds:0.0
Script duration 214.0
Run total estimated duration= 215.000
script duration name:unknown120_60 seconds:214.0
script duration name:co2 seconds:0.0
Script duration 214.0
Run total estimated duration= 215.000
script duration name:unknown120_60 seconds:214.0
script duration name:co2 seconds:0.0
Script duration 214.0
Run total estimated duration= 215.000
script duration name:unknown400_120 seconds:556.0
script duration name:co2 seconds:0.0
Script duration 556.0
Run total estimated duration= 557.000
script duration name:unknown120_60 seconds:214.0
script duration name:co2 seconds:0.0
Script duration 214.0
Run total estimated duration= 215.000
script duration name:unknown120_60 seconds:214.0
script duration name:co2 seconds:0.0
Script duration 214.0
Run total estimated duration= 215.000
script duration name:unknown120_60 seconds:214.0
script duration name:co2 seconds:0.0
Script duration 214.0
Run total estimated duration= 215.000
script duration name:unknown120_60 seconds:214.0
script duration name:co2 seconds:0.0
Script duration 214.0
Run total estimated duration= 215.000
script duration name:unknown120_60 seconds:214.0
script duration name:co2 seconds:0.0
Script duration 214.0
Run total estimated duration= 215.000
script duration name:unknown120_60 seconds:214.0
script duration name:co2 seconds:0.0
Script duration 214.0
Run total estimated duration= 215.000
script duration name:unknown120_60 seconds:214.0
script duration name:co2 seconds:0.0
Script duration 214.0
Run total estimated duration= 215.000
script duration name:unknown120_60 seconds:214.0
script duration name:co2 seconds:0.0
Script duration 214.0
Run total estimated duration= 215.000
script duration name:unknown120_60 seconds:214.0
script duration name:co2 seconds:0.0
Script duration 214.0
Run total estimated duration= 215.000
script duration name:unknown120_60 seconds:214.0
script duration name:co2 seconds:0.0
Script duration 214.0
Run total estimated duration= 215.000
script duration name:unknown120_60 seconds:214.0
script duration name:co2 seconds:0.0
Script duration 214.0
Run total estimated duration= 215.000
script duration name:unknown120_60 seconds:214.0
script duration name:co2 seconds:0.0
Script duration 214.0
Run total estimated duration= 215.000
script duration name:unknown120_60 seconds:214.0
script duration name:co2 seconds:0.0
Script duration 214.0
Run total estimated duration= 215.000
script duration name:unknown120_60 seconds:214.0
script duration name:co2 seconds:0.0
Script duration 214.0
Run total estimated duration= 215.000
script duration name:unknown120_60 seconds:214.0
script duration name:co2 seconds:0.0
Script duration 214.0
Run total estimated duration= 215.000
script duration name:unknown400_120 seconds:556.0
script duration name:co2 seconds:0.0
Script duration 556.0
Run total estimated duration= 557.000
script duration name:unknown400_120 seconds:556.0
script duration name:cocktail_x1 seconds:108.0
Script duration 664.0
Run total estimated duration= 665.000
script duration name:unknown400_120 seconds:556.0
script duration name:cocktail_x1 seconds:108.0
Script duration 664.0
Run total estimated duration= 665.000
script duration name:unknown400_120 seconds:556.0
sniffair_x2 in script context. using previous estimated duration
script duration name:sniffair_x2 seconds:250.0
Script duration 806.0
Run total estimated duration= 807.000
ic_peak_hop3 in script context. using previous estimated duration
script duration name:ic_peak_hop3 seconds:134.0
air_x1 in script context. using previous estimated duration
script duration name:air_x1 seconds:106.0
Script duration 240.0
Run total estimated duration= 241.000
script duration name:unknown120_60 seconds:214.0
script duration name:co2 seconds:0.0
Script duration 214.0
Run total estimated duration= 215.000
script duration name:unknown120_60 seconds:214.0
script duration name:co2 seconds:0.0
Script duration 214.0
Run total estimated duration= 215.000
script duration name:unknown120_60 seconds:214.0
script duration name:co2 seconds:0.0
Script duration 214.0
Run total estimated duration= 215.000
script duration name:unknown120_60 seconds:214.0
script duration name:co2 seconds:0.0
Script duration 214.0
Run total estimated duration= 215.000
script duration name:unknown120_60 seconds:214.0
script duration name:co2 seconds:0.0
Script duration 214.0
Run total estimated duration= 215.000
script duration name:unknown120_60 seconds:214.0
script duration name:co2 seconds:0.0
Script duration 214.0
Run total estimated duration= 215.000
script duration name:unknown120_60 seconds:214.0
script duration name:co2 seconds:0.0
Script duration 214.0
Run total estimated duration= 215.000
script duration name:unknown120_60 seconds:214.0
script duration name:co2 seconds:0.0
Script duration 214.0
Run total estimated duration= 215.000
script duration name:unknown120_60 seconds:214.0
script duration name:co2 seconds:0.0
Script duration 214.0
Run total estimated duration= 215.000
script duration name:unknown120_60 seconds:214.0
script duration name:co2 seconds:0.0
Script duration 214.0
Run total estimated duration= 215.000
script duration name:unknown120_60 seconds:214.0
script duration name:co2 seconds:0.0
Script duration 214.0
Run total estimated duration= 215.000
nruns=82 before=5.0, run_dur=22034.0, btw=2430.0
write rem/ex queues
/Users/jan/PychronDev/experiments/rem/CurrentExperimentPartial.rem.txt
/Users/jan/PychronDev/experiments/rem/CurrentExperimentPartial.ex.txt
doing event level: 3
