do run
loading script "jan_unknown120_60.py"
loading script "jan_pump_ms.py"
loading script "jan_co2.py"
loading script "jan_pump_extraction_line.py"
testing...
no interpolation path defined
executed 213.652928
script duration name:unknown120_60 seconds:214.0
loading script "jan_unknown120_60.py"
loading script "jan_pump_ms.py"
loading script "jan_co2.py"
loading script "jan_pump_extraction_line.py"
testing...
no interpolation path defined
executed 0
loading script "jan_unknown120_60.py"
loading script "jan_pump_ms.py"
loading script "jan_co2.py"
loading script "jan_pump_extraction_line.py"
testing...
no interpolation path defined
calculate duration
testing...
no interpolation path defined
executed 0
calculate duration
testing...
no interpolation path defined
executed 0
executed 0.0
script duration name:co2 seconds:0.0
loading script "jan_unknown120_60.py"
loading script "jan_pump_ms.py"
loading script "jan_co2.py"
loading script "jan_pump_extraction_line.py"
testing...
no interpolation path defined
calculate duration
testing...
no interpolation path defined
executed 4.0
executed 4.0
Script duration 214.0
Run total estimated duration= 215.000
run duration: 0:03:35
doing event level: 2
16:56:17 -- Setting default integration. t=1.048576
setting integration time = 1.048576
SetIntegrationTime 1.048576 ===>> OK
----------------- start -----------------
**************** Experiment Type: Ar/Ar, Ar/Ar
create new session 4993924272
close session 4993924272
$$$$$ Clearing conditionals
adding conditionals 
Add queue conditionals
add default conditionals
adding default conditionals from /Users/jan/PychronDev/setupfiles/spectrometer/default_conditionals.yaml
Start automated run 65573-11
loading script "jan_unknown120_60.py"
loading script "jan_pump_ms.py"
loading script "jan_co2.py"
loading script "jan_pump_extraction_line.py"
%%%%%%%%%%%%%%%%%% setting automated run 65573-11
No value "sensitivity_multiplier" in metadata
$$$$$$$$$$$$$$$ auto_save_detector_ic=False
============================= Pre Extraction Check =============================
loading queue conditionals pre_run_terminations
loading system conditionals pre_run_terminations
loading conditionals from /Users/jan/PychronDev/setupfiles/spectrometer/default_conditionals.yaml
16:56:17 -- ******* Pre Extraction Check *******
Get a measurement from the spectrometer
GetData ===>> H2,-0.158128362953665,H1,0.0454198329977508,AX,-0.0260166682383099,L1,-0.035100203527561,L2,0.039...
Pre Extraction Termination data. keys=H2,H1,AX,L1,L2,CDD, signals=-0.15813,0.04542,-0.02602,-0.03510,0.03956,0.00447
16:56:17 -- testing system defined conditionals
Checking default pre extraction terminations n=2
testing CDD
evaluate ot="CDD.inactive" t="CDD", ctx="{'CDD': False}"
GetDeflection CDD ===>> 50
testing CDD==2000
evaluate ot="CDD.deflection==2000" t="CDD==2000", ctx="{'CDD': 50.0}"
16:56:17 -- ******* Pre Extraction Check Passed *******
=================================================================================
16:56:17 -- stopping status monitor
stop 4977824688
Alive clients [4983939824]
16:56:17 -- starting status monitor
start 4977824688
Monitor already running
start extraction
do extraction
Analysis started at 16:56:17.738487
Extraction Started jan_co2.py
16:56:17 -- ******* Extraction Started jan_co2.py *******
state changed from not run to extraction
DO EXTRACTION <pychron.extraction_line.pyscript_runner.RemotePyScriptRunner object at 0x12c3c43b0>
testing...
no interpolation path defined
calculate duration
testing...
no interpolation path defined
executed 0
calculate duration
testing...
no interpolation path defined
executed 0
executed 100.0
Jan CO2 laser analysis
doing GOSUB
testing...
no interpolation path defined
executed 0
Waiting for CO2 access
wait ('FelixCO2Flag', 0) {}
waiting for FelixCO2Flag = 0
Read FelixCO2Flag ===>> 0
finished waiting
CO2 free
wait ('CO2PumpTimeFlag', 0) {}
waiting for CO2PumpTimeFlag = 0
Read CO2PumpTimeFlag ===>> 0
finished waiting
acquire ('JanCO2Flag',) {'clear': True}
acquire JanCO2Flag
Set JanCO2Flag 1 ===>> OK
JanCO2Flag acquired
set extraction state False (0.75, 'red', 1.5)
CO2 acquired
executed 0
WaitForCO2Access.py completed successfully
gosub finished
doing GOSUB
testing...
no interpolation path defined
executed 0
Prepare for CO2 analysis
close () {'description': 'Jan Inlet'}
closing name=--- desc=Jan Inlet
checking ownership. requestor=129.138.12.150
check software interlocks R
interlocks []
actuate state mode=None-script, software_lock=False
doing actuation None-script close_channel False
Close R ===>> OK
GetIndicatorState R ===>> False
change switch state (True, True)
update switch state R False args=() kw={} ncanvase=2
16:56:18 -- CLOSE  VALVE-R (Jan Inlet)
---------------------------------------- close None (Jan Inlet) result=[(True, True)]
action=close, ok=True, locked=[False]
open () {'description': 'Jan Ion Pump'}
opening name=--- desc=Jan Ion Pump
checking ownership. requestor=129.138.12.150
check software interlocks O
interlocks []
actuate state mode=None-script, software_lock=False
doing actuation None-script open_channel False
Open O ===>> OK
GetIndicatorState O ===>> OK
change switch state (True, True)
update switch state O True args=() kw={} ncanvase=2
16:56:18 -- OPEN   VALVE-O (Jan Ion Pump)
---------------------------------------- open None (Jan Ion Pump) result=[(True, True)], time=0.10 sec
action=open, ok=True, locked=[False]
close () {'description': 'Microbone to Minibone'}
closing name=--- desc=Microbone to Minibone
checking ownership. requestor=129.138.12.150
check software interlocks L
interlocks []
actuate state mode=None-script, software_lock=False
doing actuation None-script close_channel False
Close L ===>> OK
Get Checksum: 2035211824
GetIndicatorState L ===>> False
change switch state (True, True)
update switch state L False args=() kw={} ncanvase=2
16:56:19 -- CLOSE  VALVE-L (Microbone to Minibone)
---------------------------------------- close None (Microbone to Minibone) result=[(True, True)]
action=close, ok=True, locked=[False]
open () {'description': 'Microbone to Turbo'}
opening name=--- desc=Microbone to Turbo
checking ownership. requestor=129.138.12.150
check software interlocks U
interlocks []
actuate state mode=None-script, software_lock=False
doing actuation None-script open_channel False
Open U ===>> OK
GetIndicatorState U ===>> OK
change switch state (True, True)
update switch state U True args=() kw={} ncanvase=2
16:56:19 -- OPEN   VALVE-U (Microbone to Turbo)
---------------------------------------- open None (Microbone to Turbo) result=[(True, True)], time=0.12 sec
action=open, ok=True, locked=[False]
open () {'description': 'Microbone to Inlet Pipette'}
opening name=--- desc=Microbone to Inlet Pipette
checking ownership. requestor=129.138.12.150
check software interlocks S
interlocks []
actuate state mode=None-script, software_lock=False
doing actuation None-script open_channel False
Open S ===>> OK
GetIndicatorState S ===>> OK
change switch state (True, True)
update switch state S True args=() kw={} ncanvase=2
16:56:20 -- OPEN   VALVE-S (Microbone to Inlet Pipette)
---------------------------------------- open None (Microbone to Inlet Pipette) result=[(True, True)], time=0.42 sec
action=open, ok=True, locked=[False]
open () {'description': 'Microbone to Getter D-50'}
opening name=--- desc=Microbone to Getter D-50
checking ownership. requestor=129.138.12.150
check software interlocks K
interlocks []
actuate state mode=None-script, software_lock=False
doing actuation None-script open_channel False
Open K ===>> OK
GetIndicatorState K ===>> OK
change switch state (True, True)
update switch state K True args=() kw={} ncanvase=2
16:56:20 -- OPEN   VALVE-K (Microbone to Getter D-50)
---------------------------------------- open None (Microbone to Getter D-50) result=[(True, True)], time=0.41 sec
action=open, ok=True, locked=[False]
open () {'description': 'Microbone to Getter NP-10'}
opening name=--- desc=Microbone to Getter NP-10
checking ownership. requestor=129.138.12.150
check software interlocks M
interlocks []
actuate state mode=None-script, software_lock=False
doing actuation None-script open_channel False
Open M ===>> OK
GetIndicatorState M ===>> OK
change switch state (True, True)
update switch state M True args=() kw={} ncanvase=2
16:56:21 -- OPEN   VALVE-M (Microbone to Getter NP-10)
---------------------------------------- open None (Microbone to Getter NP-10) result=[(True, True)], time=0.14 sec
action=open, ok=True, locked=[False]
close () {'description': 'CO2 Laser to Felix'}
closing name=--- desc=CO2 Laser to Felix
checking ownership. requestor=129.138.12.150
check software interlocks F
interlocks []
actuate state mode=None-script, software_lock=True
VALVE-F(CO2 Laser to Felix) software locked
change switch state (True, False)
---------------------------------------- close None (CO2 Laser to Felix) result=[(True, False)]
action=close, ok=True, locked=[True]
open () {'description': 'CO2 Laser to Jan'}
opening name=--- desc=CO2 Laser to Jan
checking ownership. requestor=129.138.12.150
check software interlocks A
interlocks []
actuate state mode=None-script, software_lock=False
doing actuation None-script open_channel False
Open A ===>> OK
GetIndicatorState A ===>> OK
change switch state (True, True)
update switch state A True args=() kw={} ncanvase=2
16:56:21 -- OPEN   VALVE-A (CO2 Laser to Jan)
---------------------------------------- open None (CO2 Laser to Jan) result=[(True, True)], time=0.12 sec
action=open, ok=True, locked=[False]
open () {'description': 'Microbone to CO2 Laser'}
opening name=--- desc=Microbone to CO2 Laser
checking ownership. requestor=129.138.12.150
check software interlocks T
interlocks []
actuate state mode=None-script, software_lock=False
doing actuation None-script open_channel False
Open T ===>> OK
Get Checksum: 2035211824
GetIndicatorState T ===>> OK
change switch state (True, True)
update switch state T True args=() kw={} ncanvase=2
16:56:22 -- OPEN   VALVE-T (Microbone to CO2 Laser)
---------------------------------------- open None (Microbone to CO2 Laser) result=[(True, True)], time=0.44 sec
action=open, ok=True, locked=[False]
executed 0
PrepareForCO2Analysis.py completed successfully
gosub finished
set_motor ('beam', '1.25') {}
setting motor "beam" to 1.25
set motor beam to 1.25
SetMotor beam,1.25 ===>> OK
GetMotorMoving beam ===>> False
GetMotorMoving beam ===>> False
Block completed
move_to_position ('52',) {'autocenter': True}
FusionsCO2 move to position 52
sending GoToHole 52,True
GoToHole 52,True ===>> OK
GetDriveMoving ===>> OK
GetDriveMoving ===>> OK
GetDriveMoving ===>> OK
GetDriveMoving ===>> False
Get Checksum: 2035211824
GetDriveMoving ===>> OK
GetDriveMoving ===>> OK
GetDriveMoving ===>> OK
GetDriveMoving ===>> OK
GetDriveMoving ===>> False
Block completed
GetAutoCorrecting ===>> False
GetAutoCorrecting ===>> False
Block completed
update position
GetPosition ===>> 11.96340,7.97560,1.00000
got position (11.9634, 7.9756, 1.0)
move to position succeeded
sleep (5,) {}
SLEEP 5.0
block started
WaitControl setup for 5.0  
Get Checksum: 2035211824
Get Checksum: 2035211824
Join finished
block finished. duration 5.00873088837
close () {'description': 'Microbone to Turbo'}
closing name=--- desc=Microbone to Turbo
checking ownership. requestor=129.138.12.150
check software interlocks U
interlocks []
actuate state mode=None-script, software_lock=False
doing actuation None-script close_channel True
Close U ===>> OK
GetIndicatorState U ===>> False
change switch state (True, True)
update switch state U False args=() kw={} ncanvase=2
16:56:32 -- CLOSE  VALVE-U (Microbone to Turbo)
---------------------------------------- close None (Microbone to Turbo) result=[(True, True)]
action=close, ok=True, locked=[False]
enable laser
enable () {}
set extraction state FusionsCO2 Enabled (False, 'red', 1.5)
enabling laser
Enable ===>> OK
begin interval
BEGIN INTERVAL Interval 1 waiting for 30.0
block started
WaitControl setup for 30.0  
set extract to 5.0
extract (5.0,) {}
GetPosition ===>> 11.96340,7.97560,1.00000
set extraction state FusionsCO2 ON! 5.0(watts) (0.75, 'red', 1.5)
extract sample to 5.0 (watts)
set laser output
SetLaserOutput 5.0,watts ===>> OK
executing pattern triangle.lp
execute_pattern ('triangle.lp',) {}
executing pattern triangle.lp
Get Checksum: 1223320555
IsPatterning ===>> OK
IsPatterning ===>> OK
IsPatterning ===>> OK
Get Checksum: 1223320555
IsPatterning ===>> OK
IsPatterning ===>> OK
IsPatterning ===>> OK
IsPatterning ===>> OK
IsPatterning ===>> OK
Get Checksum: 1223320555
IsPatterning ===>> OK
IsPatterning ===>> OK
IsPatterning ===>> OK
Get Checksum: 1223320555
IsPatterning ===>> OK
IsPatterning ===>> OK
IsPatterning ===>> OK
Get Checksum: 1223320555
IsPatterning ===>> OK
IsPatterning ===>> OK
IsPatterning ===>> OK
Get Checksum: 1223320555
IsPatterning ===>> OK
IsPatterning ===>> OK
IsPatterning ===>> OK
Get Checksum: 1223320555
IsPatterning ===>> OK
IsPatterning ===>> OK
IsPatterning ===>> OK
Get Checksum: 1223320555
IsPatterning ===>> OK
IsPatterning ===>> OK
IsPatterning ===>> OK
Get Checksum: 1223320555
IsPatterning ===>> False
IsPatterning ===>> False
Block completed
COMPLETE INTERVAL waiting for Interval 1 to complete
Join finished
block finished. duration 30.037071228
Interval 1 finished
Get Checksum: 1223320555
end_extract () {}
ending extraction. set laser power to 0
set laser power 0
SetLaserPower 0 ===>> OK
disable () {}
%%%%%%%%%%%%%%%%%%%%%%%%%%%%%%%%%%% disable
set extraction state False (0.75, 'red', 1.5)
disabling laser
Disable ===>> OK
sleep (30.0,) {}
SLEEP 30.0
block started
WaitControl setup for 30.0  
Get Checksum: 1223320555
Get Checksum: 1223320555
Get Checksum: 1223320555
Get Checksum: 1223320555
Get Checksum: 1223320555
Get Checksum: 1223320555
Get Checksum: 1223320555
Get Checksum: 1223320555
Get Checksum: 1223320555
Join finished
block finished. duration 30.0344729424
executed 166.5
jan_co2.py completed successfully
GetAchievedOutput ===>> No Response
Requested Output= 0.000
Achieved Output=  0.000
GetResponseBlob ===>> No Response
GetOutputBlob ===>> No Response
persistence save...
persistence save - db
AutomatedRunPersister post_extraction_save deprecated
persistence save - dvc
no extraction position for 52
create new session 4983587952
close session 4983587952
Extraction Finished
16:57:33 -- ******* Extraction Finished *******
no overlap. not waiting for min ms pumptime
16:57:33 -- Sending spectrometer configuration
======== Sending configuration ========
Get Checksum: 1223320555
SetDeflection CDD,50.0 ===>> OK
SetDeflection H2,0.0 ===>> OK
SetDeflection H1,0.0 ===>> OK
SetDeflection L2,825.0 ===>> OK
SetDeflection L1,400.0 ===>> OK
SetDeflection AX,190.0 ===>> OK
SetZFocus 74.64 ===>> OK
SetZSymmetry -50.72 ===>> OK
SetExtractionLens 26.13 ===>> OK
SetIonRepeller -3.81 ===>> OK
SetElectronEnergy 75.08 ===>> OK
SetYSymmetry -2.81 ===>> OK
SetIonCounterVoltage 1590.0 ===>> OK
send trap current 200.0
GetParameter Trap Current Readback ===>> 197.923274125618
SetParameter Trap Current Set,200.0 ===>> OK
updating mftable name mftable
Using mftable located at /Users/jan/PychronDev/setupfiles/spectrometer/mftables/mftable.csv
============ MFtable ===========
Isotope  H2     H1     AX     L1     L2     CDD    
Ar40     5.7834 5.8792 5.9926 6.1234 6.2310 6.3516
Ar39     5.6827 5.7714 5.8850 6.0094 6.1161 6.2381
Ar36     5.3602 5.4404 5.5484 5.6683 5.7711 5.8892
================================
get initial guess parabolic
get initial guess parabolic
get initial guess parabolic
get initial guess parabolic
get initial guess parabolic
get initial guess parabolic
======== Configuration Finished ========
GetYSymmetry ===>> -2.81
GetZSymmetry ===>> -50.72
GetParameter Trap Current Readback ===>> 197.811389855338
GetHighVoltage ===>> 4500
start measurement
do measurement
L#=65573 analysis type=unknown
Measurement Started jan_unknown120_60.py
16:57:34 -- ******* Measurement Started jan_unknown120_60.py *******
state changed from extraction to measurement
setting spec, defl, and gains
GetExtractionLens ===>> 26.13
GetYSymmetry ===>> -2.81
GetZSymmetry ===>> -50.72
GetZFocus ===>> 74.64
GetDeflection H2 ===>> 0
GetDeflection H1 ===>> 0
GetDeflection AX ===>> 190
GetDeflection L1 ===>> 400
GetDeflection L2 ===>> 825
GetDeflection CDD ===>> 50
GetGain H2 ===>> 0.0113
GetGain H1 ===>> 0.1
GetGain AX ===>> 0.097049
GetGain L1 ===>> 0.010355
GetGain L2 ===>> 0.095649
GetGain CDD ===>> 0
pre measurement save
New frame /Users/jan/PychronDev/data/isotopes/5b/5eae54-0c67-4682-8dd6-fa16fd96cdfc.h5
flush and close file /Users/jan/PychronDev/data/isotopes/5b/5eae54-0c67-4682-8dd6-fa16fd96cdfc.h5
testing...
no interpolation path defined
executed 226.132928
unknown measurement script
activate_detectors ('H2', 'H1', 'AX', 'L1', 'L2', 'CDD') {}
activate detectors
*************** Set Analysis View Ar/Ar
create graphs
clearing graphs
clear isotope group
setting isotope det=H2, iso=PM41
setting isotope det=H1, iso=Ar40
setting isotope det=AX, iso=Ar39
setting isotope det=L1, iso=Ar38
setting isotope det=L2, iso=Ar37
setting isotope det=CDD, iso=Ar36
setting previous blanks
 - setting Ar40 blank 0.746+/-0.006
 - setting Ar36 blank 0.00632+/-0.00019
 - setting Ar37 blank 0.041+/-0.005
 - setting Ar38 blank 0.0078+/-0.0024
 - setting PM41 blank 0.02+/-0.07
 - setting Ar39 blank 0.023+/-0.008
load analysis view
position_magnet ('Ar40',) {'detector': 'H1'}
detector Detector(H1)
POSITION Ar40 H1
setting detector H2 to PM41 (40.9624)
setting detector H1 to Ar40 (39.9624)
setting detector AX to Ar39 (38.9624)
setting detector L1 to Ar38 (37.9624)
setting detector L2 to Ar37 (36.9624)
setting detector CDD to Ar36 (35.9624)
Mapping mass to dac mass func: "parabolic"
H1 map mass coeffs = [-0.00063987  0.15840543  0.57075999]
H1 map mass to dac 39.9624 >> 5.87915
GetDeflection H1 ===>> 0
GetHighVoltage ===>> 4500
positioning Ar40 (5.87915) on H1
setting magnet DAC
current  : 5.879149
requested: 5.879150
Delta Dac: 0.000001
Checking detector protection. dv=0.00000
Checking detector "CDD". Protection Threshold: 0.1 (V)
SetMagnetDAC 5.87915 ===>> OK
Magnet settling time: 0.500
equilibrate () {'delay': 3, 'inlet': 'R', 'outlet': 'O', 'eqtime': 12.0}
Equilibration Started
16:57:35 -- ******* Equilibration Started *******
checking ownership. requestor=129.138.12.150
check software interlocks O
interlocks []
actuate state mode=None-script, software_lock=False
doing actuation None-script close_channel True
Close O ===>> OK
GetIndicatorState O ===>> False
change switch state (True, True)
update switch state O False args=() kw={} ncanvase=2
16:57:36 -- CLOSE  VALVE-O (Jan Ion Pump)
waiting 3s before opening inlet value ('R',)
Get Checksum: 1281862853
checking ownership. requestor=129.138.12.150
check software interlocks R
interlocks []
actuate state mode=None-script, software_lock=False
doing actuation None-script open_channel True
Open R ===>> OK
GetIndicatorState R ===>> OK
change switch state (True, True)
update switch state R True args=() kw={} ncanvase=2
16:57:39 -- OPEN   VALVE-R (Jan Inlet)
equilibrating for 12.0sec
set_time_zero () {}
sniff (12.0,) {}
py_sniff
build tables- sniff [Detector(H2), Detector(H1), Detector(AX), Detector(L1), Detector(L2), Detector(CDD)]
add group /sniff/PM41 (Group) '' table H2
add group /sniff/Ar40 (Group) '' table H1
add group /sniff/Ar39 (Group) '' table AX
add group /sniff/Ar38 (Group) '' table L1
add group /sniff/Ar37 (Group) '' table L2
add group /sniff/Ar36 (Group) '' table CDD
flush and close file /Users/jan/PychronDev/data/isotopes/5b/5eae54-0c67-4682-8dd6-fa16fd96cdfc.h5
measuring sniff. ncounts=12.0
starting measurement
GetData ===>> H2,0.0801993743387131,H1,0.104208443115428,AX,0.41961762514663,L1,-0.00292076283556833,L2,0.18723...
Get Checksum: 594863745
GetData ===>> H2,1.01313003783913,H1,0.529634588785144,AX,1.04680340328633,L1,0.147369347807703,L2,0.2526758647...
GetData ===>> H2,0.545529738629836,H1,0.749074471269462,AX,0.445584740378807,L1,0.153972497472713,L2,0.00848022...
GetData ===>> H2,0.177292627880158,H1,0.849195713888418,AX,0.312215637724968,L1,0.117368839554354,L2,0.03850898...
Get Checksum: 594863745
GetData ===>> H2,-0.00636641380406211,H1,0.912624618639613,AX,0.121735890791239,L1,0.0578561562818682,L2,0.0941...
GetData ===>> H2,0.00493028285571858,H1,0.999509039823621,AX,0.102161467178502,L1,0.076898053718357,L2,-0.00105...
Get Checksum: 594863745
GetData ===>> H2,0.0407104899351226,H1,0.972173526492815,AX,0.10503878843813,L1,0.0532465027174578,L2,0.0387940...
GetData ===>> H2,-0.03837226242373,H1,0.944773533685317,AX,0.0143400255270449,L1,0.0123480483228399,L2,0.047756...
GetData ===>> H2,-0.0511078975076426,H1,0.972017687406068,AX,0.0812222339027666,L1,0.0111392624383683,L2,-0.018...
Get Checksum: 594863745
GetData ===>> H2,-0.029849140960182,H1,1.04647511963008,AX,-0.011031312190949,L1,0.0540537319673469,L2,0.083228...
GetData ===>> H2,-0.0642789951381704,H1,1.1052313803831,AX,-0.0330562053793036,L1,0.0602213606286833,L2,-0.0773...
Equilibration Finished
GetData ===>> H2,-0.0977537160064245,H1,1.0824009597606,AX,0.0355284768906257,L1,0.0169516449640157,L2,0.023972...
16:57:51 -- ******* Equilibration Finished *******
checking ownership. requestor=129.138.12.150
check software interlocks R
interlocks []
actuate state mode=None-script, software_lock=False
doing actuation None-script close_channel True
Close R ===>> OK
GetIndicatorState R ===>> False
change switch state (True, True)
update switch state R False args=() kw={} ncanvase=2
16:57:52 -- CLOSE  VALVE-R (Jan Inlet)
Post Equilibration Started jan_pump_extraction_line.py
16:57:52 -- ******* Post Equilibration Started jan_pump_extraction_line.py *******
testing...
no interpolation path defined
calculate duration
testing...
no interpolation path defined
executed 4.0
executed 4.0
Pump after analysis
doing GOSUB
testing...
no interpolation path defined
executed 4.0
Pump Microbone
close () {'description': 'Jan Inlet'}
closing name=--- desc=Jan Inlet
checking ownership. requestor=129.138.12.150
check software interlocks R
interlocks []
actuate state mode=None-script, software_lock=False
doing actuation None-script close_channel False
Close R ===>> OK
measurement finished
estimated time: 12.583 actual time: :12.655
flush and close file /Users/jan/PychronDev/data/isotopes/5b/5eae54-0c67-4682-8dd6-fa16fd96cdfc.h5
set_fits () {}
using default fits file=/Users/jan/PychronDev/scripts/measurement/fits/nominal_linear.yaml
set "Ar40" to "('Linear', 'SEM')"
No fit for "PM41". defaulting to linear. check the measurement script "jan_unknown120_60.py"
set "PM41" to "linear"
set "Ar36" to "('Linear', 'SEM')"
set "Ar37" to "('linear', 'SEM')"
set "Ar38" to "('linear', 'SEM')"
set "Ar39" to "('Linear', 'SEM')"
set_baseline_fits () {}
using default fits file=/Users/jan/PychronDev/scripts/measurement/fits/nominal_linear.yaml
set "H1" to "('average', 'SEM')"
set "H2" to "('average', 'SEM')"
set "CDD" to "('average', 'SEM')"
set "L2" to "('average', 'SEM')"
set "L1" to "('average', 'SEM')"
set "AX" to "('average', 'SEM')"
multicollect () {'integration_time': 1, 'ncounts': 120}
build tables- signal [Detector(H2), Detector(H1), Detector(AX), Detector(L1), Detector(L2), Detector(CDD)]
add group /signal/PM41 (Group) '' table H2
Get Checksum: 1281862853
add group /signal/Ar40 (Group) '' table H1
add group /signal/Ar39 (Group) '' table AX
add group /signal/Ar38 (Group) '' table L1
add group /signal/Ar37 (Group) '' table L2
add group /signal/Ar36 (Group) '' table CDD
flush and close file /Users/jan/PychronDev/data/isotopes/5b/5eae54-0c67-4682-8dd6-fa16fd96cdfc.h5
GetIndicatorState R ===>> False
measuring signal. ncounts=120
change switch state (True, True)
update switch state R False args=() kw={} ncanvase=2
16:57:52 -- CLOSE  VALVE-R (Jan Inlet)
---------------------------------------- close None (Jan Inlet) result=[(True, True)]
action=close, ok=True, locked=[False]
is_closed ('F',) {}
is F () closed?
is closed True
open () {'description': 'CO2 Laser to Jan'}
opening name=--- desc=CO2 Laser to Jan
checking ownership. requestor=129.138.12.150
check software interlocks A
interlocks []
actuate state mode=None-script, software_lock=False
doing actuation None-script open_channel False
Open A ===>> OK
GetIndicatorState A ===>> OK
change switch state (True, True)
update switch state A True args=() kw={} ncanvase=2
16:57:53 -- OPEN   VALVE-A (CO2 Laser to Jan)
---------------------------------------- open None (CO2 Laser to Jan) result=[(True, True)], time=0.12 sec
starting measurement
GetData ===>> H2,-0.0830719502183967,H1,1.04337101941814,AX,0.049734051478172,L1,0.0503934464877621,L2,0.127332...
action=open, ok=True, locked=[False]
sleep (1,) {}
SLEEP 1.0
GetData ===>> H2,0.0465293096212665,H1,1.07529149239032,AX,0.139236690647862,L1,0.0548369624153467,L2,0.0297068...
close () {'description': 'CO2 Laser to Roughing'}
closing name=--- desc=CO2 Laser to Roughing
checking ownership. requestor=129.138.12.150
check software interlocks G
interlocks []
actuate state mode=None-script, software_lock=True
VALVE-G(CO2 Laser to Roughing) software locked
change switch state (True, False)
---------------------------------------- close None (CO2 Laser to Roughing) result=[(True, False)]
action=close, ok=True, locked=[True]
open () {'description': 'Microbone to Turbo'}
opening name=--- desc=Microbone to Turbo
checking ownership. requestor=129.138.12.150
check software interlocks U
interlocks []
actuate state mode=None-script, software_lock=False
doing actuation None-script open_channel True
Open U ===>> OK
GetIndicatorState U ===>> OK
change switch state (True, True)
update switch state U True args=() kw={} ncanvase=2
16:57:54 -- OPEN   VALVE-U (Microbone to Turbo)
---------------------------------------- open None (Microbone to Turbo) result=[(True, True)], time=0.17 sec
action=open, ok=True, locked=[False]
open () {'description': 'Microbone to Getter NP-10'}
opening name=--- desc=Microbone to Getter NP-10
checking ownership. requestor=129.138.12.150
check software interlocks M
interlocks []
actuate state mode=None-script, software_lock=False
doing actuation None-script open_channel False
Open M ===>> OK
GetIndicatorState M ===>> OK
change switch state (True, True)
update switch state M True args=() kw={} ncanvase=2
16:57:54 -- OPEN   VALVE-M (Microbone to Getter NP-10)
---------------------------------------- open None (Microbone to Getter NP-10) result=[(True, True)], time=0.13 sec
action=open, ok=True, locked=[False]
open () {'description': 'Microbone to Getter D-50'}
opening name=--- desc=Microbone to Getter D-50
checking ownership. requestor=129.138.12.150
check software interlocks K
interlocks []
actuate state mode=None-script, software_lock=False
doing actuation None-script open_channel False
GetData ===>> H2,-0.0945616523409362,H1,1.13829910606082,AX,0.101894623143299,L1,0.0303357422979247,L2,0.015821...
Open K ===>> OK
GetIndicatorState K ===>> OK
change switch state (True, True)
update switch state K True args=() kw={} ncanvase=2
16:57:55 -- OPEN   VALVE-K (Microbone to Getter D-50)
---------------------------------------- open None (Microbone to Getter D-50) result=[(True, True)], time=0.43 sec
Get Checksum: 799532470
action=open, ok=True, locked=[False]
open () {'description': 'Microbone to CO2 Laser'}
opening name=--- desc=Microbone to CO2 Laser
checking ownership. requestor=129.138.12.150
check software interlocks T
interlocks []
actuate state mode=None-script, software_lock=False
doing actuation None-script open_channel False
Open T ===>> OK
GetIndicatorState T ===>> OK
change switch state (True, True)
update switch state T True args=() kw={} ncanvase=2
16:57:56 -- OPEN   VALVE-T (Microbone to CO2 Laser)
---------------------------------------- open None (Microbone to CO2 Laser) result=[(True, True)], time=0.43 sec
GetData ===>> H2,-0.138205993706413,H1,1.14511310290026,AX,0.0211973382902593,L1,0.00717061503076493,L2,0.07978...
action=open, ok=True, locked=[False]
open () {'description': 'Microbone to Inlet Pipette'}
opening name=--- desc=Microbone to Inlet Pipette
checking ownership. requestor=129.138.12.150
check software interlocks S
interlocks []
actuate state mode=None-script, software_lock=False
doing actuation None-script open_channel False
Open S ===>> OK
GetIndicatorState S ===>> OK
change switch state (True, True)
update switch state S True args=() kw={} ncanvase=2
16:57:56 -- OPEN   VALVE-S (Microbone to Inlet Pipette)
---------------------------------------- open None (Microbone to Inlet Pipette) result=[(True, True)], time=0.41 sec
action=open, ok=True, locked=[False]
sleep (1,) {}
SLEEP 1.0
GetData ===>> H2,-0.217438273454839,H1,1.07843254420656,AX,-0.0276171349122597,L1,0.0493315745452419,L2,-0.0379...
set_resource () {'name': 'CO2PumpTimeFlag', 'value': 30}
Set CO2PumpTimeFlag 30 ===>> OK
release ('JanCO2Flag',) {}
release JanCO2Flag
Set JanCO2Flag 0 ===>> OK
executed 6.0
PumpMicrobone.py completed successfully
gosub finished
get_resource_value () {'name': 'JanMiniboneFlag'}
Read JanMiniboneFlag ===>> 0
Get Resource Value JanMiniboneFlag=0.0
get resource value 0.0
get_resource_value () {'name': 'JanMiniboneFlag'}
Read JanMiniboneFlag ===>> 0
Get Resource Value JanMiniboneFlag=0.0
executed 4.0
jan_pump_extraction_line.py completed successfully
Post Equilibration Finished
16:57:58 -- ******* Post Equilibration Finished *******
GetData ===>> H2,-0.219261349292807,H1,1.22861626270476,AX,0.0342751433443161,L1,0.0155909996008339,L2,0.059776...
Get Checksum: 799532470
GetData ===>> H2,-0.166412230665756,H1,1.13929478457229,AX,-0.0243349901170386,L1,-0.0182083464678538,L2,0.0073...
GetData ===>> H2,-0.185777792671026,H1,1.21123761698179,AX,0.035191932039002,L1,0.0146207663037949,L2,0.0764631...
GetData ===>> H2,-0.218951460616858,H1,1.18078614429631,AX,0.00519769317799467,L1,0.0309761207770772,L2,-0.0112...
Get Checksum: 799532470
GetData ===>> H2,-0.102322887221255,H1,1.15763862405613,AX,-0.0490005557480321,L1,-0.0146181300346308,L2,-0.015...
GetData ===>> H2,-0.0807906309772455,H1,1.23946075399604,AX,0.00939749050600109,L1,-0.0206399625136364,L2,-0.08...
GetData ===>> H2,-0.0742069202822466,H1,1.2413082726783,AX,-0.0643394541473989,L1,0.0378943192424961,L2,0.07448...
Get Checksum: 799532470
GetData ===>> H2,-0.143181053686937,H1,1.32039944222033,AX,-0.0363496525316085,L1,0.0296905990939653,L2,-0.0788...
GetData ===>> H2,-0.1821693215638,H1,1.32302887968476,AX,-0.0107993226004678,L1,0.0430235303262735,L2,-0.004946...
GetData ===>> H2,-0.151135802716157,H1,1.30953422963296,AX,0.0205243488255181,L1,0.0459627044882962,L2,0.085051...
Get Checksum: 799532470
GetData ===>> H2,-0.113952191560792,H1,1.20685597472738,AX,-0.0394806433117588,L1,0.047495509165756,L2,0.099401...
GetData ===>> H2,-0.0955002689910057,H1,1.27752168114121,AX,-0.0794325176940953,L1,0.037290771148629,L2,0.08629...
Get Checksum: 799532470
GetData ===>> H2,-0.160080039220531,H1,1.33670546236331,AX,-0.00788780622539178,L1,0.00902093586772642,L2,-0.01...
GetData ===>> H2,-0.0799898932196257,H1,1.34891869457989,AX,-0.0651161896710855,L1,0.017406835652506,L2,-0.0073...
GetData ===>> H2,-0.124264887965078,H1,1.29834608603885,AX,-0.0681303285128681,L1,0.0116770162066135,L2,0.04639...
Get Checksum: 799532470
GetData ===>> H2,-0.194979244266193,H1,1.30213935174026,AX,-0.0332997387381508,L1,0.0175990067583949,L2,0.05009...
GetData ===>> H2,-0.224125488005203,H1,1.42212431204551,AX,0.0714096053114779,L1,-0.010283715440276,L2,-0.02279...
GetData ===>> H2,-0.199696922672605,H1,1.41734557091546,AX,0.0469833004683035,L1,0.0202705646111421,L2,0.056571...
Get Checksum: 799532470
GetData ===>> H2,-0.0858972254663401,H1,1.38475031388852,AX,0.0679881765435499,L1,0.00881932799596087,L2,-0.020...
16:58:18 -- collecting point 25
GetData ===>> H2,-0.215737901875108,H1,1.4413496271964,AX,0.0544428184110591,L1,0.0125629320960348,L2,-0.007921...
GetData ===>> H2,-0.185746771466059,H1,1.48066425947706,AX,0.0238661354216025,L1,0.00837892483264008,L2,-0.0345...
Get Checksum: 799532470
GetData ===>> H2,-0.170265169447272,H1,1.43576538211219,AX,0.0165097152287833,L1,0.00156753409601909,L2,-0.0733...
GetData ===>> H2,-0.079325956219113,H1,1.54491234083449,AX,0.0547559175722281,L1,-0.0148921042978869,L2,0.04874...
GetData ===>> H2,-0.0139450937131415,H1,1.57539221075231,AX,0.0143052180649817,L1,-0.0071348202775167,L2,0.0117...
GetData ===>> H2,-0.102669392360814,H1,1.50342161829824,AX,0.0626880988316366,L1,-0.0165281737415396,L2,0.00492...
GetData ===>> H2,-0.117611342015705,H1,1.54665551704942,AX,-0.102542856332406,L1,-0.0185369127590082,L2,-0.0701...
Get Checksum: 799532470
GetData ===>> H2,-0.152028320669845,H1,1.4958873305422,AX,-0.0905827244722785,L1,-0.0275503120546848,L2,0.10879...
GetData ===>> H2,-0.0937678986950746,H1,1.62122693822646,AX,0.0573767129985286,L1,0.000586898449208255,L2,0.044...
GetData ===>> H2,-0.110615436880573,H1,1.5747548647705,AX,0.00590538113882128,L1,0.0298383656812876,L2,0.083364...
Get Checksum: 799532470
GetData ===>> H2,-0.279565279098441,H1,1.62289766772703,AX,0.00779644142409396,L1,0.0665893719014274,L2,0.02864...
GetData ===>> H2,-0.204211716892321,H1,1.61996489471303,AX,0.0341126753622243,L1,0.0619814802242512,L2,0.071387...
GetData ===>> H2,-0.263460119490008,H1,1.57625804570614,AX,-0.00470939808486971,L1,0.0441170568709148,L2,-0.050...
Get Checksum: 799532470
GetData ===>> H2,-0.235920845653397,H1,1.61390730555271,AX,-0.00728461265980051,L1,0.0006721151392045,L2,0.0124...
GetData ===>> H2,-0.263107822491791,H1,1.67021844194772,AX,0.0130869647337013,L1,-0.0203546257823607,L2,-0.0370...
Get Checksum: 799532470
GetData ===>> H2,-0.247653291592196,H1,1.67375396362213,AX,0.162649507004035,L1,-0.0322240302619035,L2,0.076428...
GetData ===>> H2,-0.0449762631907169,H1,1.66466287237188,AX,0.0961286501887748,L1,-0.0341637877917222,L2,0.0591...
GetData ===>> H2,-0.0839320675822156,H1,1.70123664507444,AX,-0.060270186124691,L1,0.00522346539048256,L2,0.0397...
Get Checksum: 799532470
GetData ===>> H2,-0.194316180990299,H1,1.70010591891183,AX,0.0562634461461644,L1,0.0119747136698313,L2,-0.02564...
GetData ===>> H2,-0.0806985015843068,H1,1.69232349837076,AX,0.0186330412738712,L1,-0.0196856112937513,L2,0.0515...
GetData ===>> H2,-0.167444757846767,H1,1.85575046972601,AX,0.0623401825951737,L1,0.00720781009203991,L2,0.06396...
Get Checksum: 799532470
GetData ===>> H2,-0.164512944759218,H1,1.79284521333531,AX,0.00618381715667183,L1,0.0277049703632219,L2,-0.0200...
GetData ===>> H2,-0.169134390176292,H1,1.74313055473221,AX,0.182143198730585,L1,0.0197179361081519,L2,-0.007590...
GetData ===>> H2,-0.167768668551816,H1,1.86980963856314,AX,0.0190391471594945,L1,0.00744778153048681,L2,0.14041...
Get Checksum: 799532470
GetData ===>> H2,-0.19944747124378,H1,1.87145883023383,AX,-0.0284637479443132,L1,0.0199930452063115,L2,0.007146...
16:58:44 -- collecting point 50
GetData ===>> H2,-0.240642498890419,H1,1.82223542963762,AX,-0.0190230159649827,L1,0.0466731755973942,L2,-0.0946...
GetData ===>> H2,-0.0979175610135662,H1,1.80920547373484,AX,0.0901310083711306,L1,0.0360585390488276,L2,-0.0359...
Get Checksum: 799532470
GetData ===>> H2,-0.0807445663740722,H1,1.72694603906363,AX,-0.0458814665509584,L1,0.00695224679577863,L2,-0.06...
GetData ===>> H2,-0.180111640947027,H1,1.86991797879565,AX,0.0485733875660386,L1,0.0147180255777015,L2,-0.01099...
GetData ===>> H2,-0.124731396121852,H1,1.77584443282621,AX,0.0231583168796504,L1,-0.0195357363570299,L2,0.07925...
Get Checksum: 799532470
GetData ===>> H2,-0.119455355924706,H1,1.89562197251287,AX,0.00641584777994614,L1,0.0154757194677959,L2,0.03723...
GetData ===>> H2,-0.137412431384958,H1,1.91591288017621,AX,0.0785428010092299,L1,0.0207847766019009,L2,0.074877...
GetData ===>> H2,-0.150994019569362,H1,2.00562069925196,AX,0.0544660109069958,L1,-0.0153443289790129,L2,-0.0613...
Get Checksum: 799532470
GetData ===>> H2,-0.222211602909853,H1,1.88063219781933,AX,-0.0439450300233887,L1,-0.00123008582860492,L2,0.080...
GetData ===>> H2,-0.169099304527147,H1,1.96324204995435,AX,-0.0404663047475713,L1,-0.013275811788075,L2,-0.0111...
GetData ===>> H2,-0.202785619481801,H1,1.99873255364456,AX,-0.00874619062409491,L1,-0.0246350255457505,L2,0.075...
Get Checksum: 799532470
GetData ===>> H2,-0.222753072667908,H1,2.04994726620942,AX,0.0965926997667725,L1,0.0179845610892649,L2,0.075288...
GetData ===>> H2,-0.149567987613518,H1,1.93137764869127,AX,0.111710324047721,L1,0.0264414828031812,L2,-0.026222...
Get Checksum: 799532470
GetData ===>> H2,-0.115290678850028,H1,1.94078533602096,AX,0.0758634418393226,L1,0.0572953290166137,L2,0.058556...
GetData ===>> H2,-0.179602897658784,H1,1.97678595653341,AX,0.0588378950590706,L1,0.0309797252738379,L2,0.043092...
GetData ===>> H2,-0.165034031432948,H1,1.98492154972552,AX,0.114332652723191,L1,0.0152763840158861,L2,0.0159124...
Get Checksum: 799532470
GetData ===>> H2,-0.101529675517713,H1,1.98537907674317,AX,0.0324067779192754,L1,0.0201648420322054,L2,0.047357...
GetData ===>> H2,-0.234673647939267,H1,2.00996817956474,AX,-0.0377296201416022,L1,0.0129038744130349,L2,0.01846...
GetData ===>> H2,-0.180307305356255,H1,2.06371895732669,AX,0.00326027869018297,L1,-0.00124208595595402,L2,0.078...
Get Checksum: 799532470
GetData ===>> H2,-0.135716969163212,H1,2.17838672196737,AX,0.0613544266761309,L1,-0.00580709669224369,L2,0.0313...
GetData ===>> H2,-0.0551553831064448,H1,2.12250166243286,AX,0.135720030819324,L1,-0.00575671890761516,L2,0.0461...
GetData ===>> H2,-0.173469330464359,H1,2.16893002733041,AX,0.126458940109821,L1,-0.00594623402587752,L2,0.04159...
Get Checksum: 799532470
GetData ===>> H2,-0.237028005036146,H1,2.11487015487408,AX,0.0397876105350081,L1,0.00243062047683978,L2,-0.0869...
GetData ===>> H2,-0.174257687577019,H1,2.11320649032591,AX,-0.0050690042128017,L1,0.000229236262986639,L2,0.110...
GetData ===>> H2,-0.153838896935928,H1,2.08101153136415,AX,-0.0315949924287061,L1,0.00927535155901317,L2,-0.041...
Get Checksum: 799532470
16:59:10 -- collecting point 75
GetData ===>> H2,-0.214635097307239,H1,2.1992988446135,AX,-0.0592499440997525,L1,0.0239354984120872,L2,0.021749...
GetData ===>> H2,-0.161380519911507,H1,2.22488139167105,AX,0.133480112363698,L1,0.00513949328073583,L2,0.024416...
GetData ===>> H2,-0.0755909271380799,H1,2.24226964090326,AX,0.0839365397951937,L1,0.0114585502768847,L2,0.03310...
Get Checksum: 799532470
GetData ===>> H2,-0.20547187072268,H1,2.18109842484096,AX,0.112128035392306,L1,0.0153460308943285,L2,0.11637538...
GetData ===>> H2,-0.146632984375518,H1,2.1840150930452,AX,0.0827301722805987,L1,0.00778135132534125,L2,0.049797...
GetData ===>> H2,-0.19112026411775,H1,2.1516585988042,AX,0.165273207374873,L1,0.0117766478461239,L2,0.043332245...
Get Checksum: 799532470
GetData ===>> H2,-0.285900422371808,H1,2.26856268053506,AX,0.150820514229871,L1,0.00117022711935676,L2,-0.02858...
GetData ===>> H2,-0.204343803773576,H1,2.20333712978562,AX,0.0446736581650679,L1,-0.00796830613475362,L2,0.1223...
GetData ===>> H2,-0.0814016467380428,H1,2.30702553504905,AX,0.0621314334499848,L1,-0.0174300572243845,L2,0.0549...
Get Checksum: 799532470
GetData ===>> H2,-0.137339426270617,H1,2.31538843427612,AX,0.0577362081383911,L1,0.0340860788331975,L2,0.071752...
GetData ===>> H2,-0.13904275653423,H1,2.26302610137081,AX,-0.0843239299651129,L1,0.0334467046726607,L2,0.004205...
Get Checksum: 799532470
GetData ===>> H2,-0.189851621756101,H1,2.21427144501896,AX,0.00776163630171418,L1,0.0171233899591985,L2,0.01584...
GetData ===>> H2,-0.185943687237315,H1,2.3815328732846,AX,0.133874705659641,L1,0.0495672692049464,L2,0.13810747...
GetData ===>> H2,-0.181930514864407,H1,2.3059515619636,AX,0.106013384266531,L1,0.0188061653105634,L2,-0.0355654...
Get Checksum: 799532470
GetData ===>> H2,-0.249247269361118,H1,2.4192541424189,AX,0.129673529717204,L1,-0.00502861182226417,L2,-0.04997...
GetData ===>> H2,-0.274283182627258,H1,2.42147489801321,AX,0.0613660237466326,L1,0.0186512085129453,L2,0.016391...
GetData ===>> H2,-0.0940347469763316,H1,2.47607975985364,AX,0.209584943663708,L1,0.0255275947544821,L2,0.081757...
Get Checksum: 799532470
GetData ===>> H2,-0.0524255574699795,H1,2.43283289290359,AX,0.0472734604104579,L1,0.0631446276785833,L2,-0.0543...
GetData ===>> H2,-0.178754041658864,H1,2.38434398697731,AX,0.0890521680923491,L1,0.0107011583744332,L2,0.059023...
GetData ===>> H2,-0.224631852357126,H1,2.35752719601827,AX,0.0681621445969138,L1,0.0276497194983342,L2,-0.00501...
Get Checksum: 799532470
GetData ===>> H2,-0.214907105497827,H1,2.46739751491736,AX,0.13287661982648,L1,0.00273193786926216,L2,0.0993671...
GetData ===>> H2,-0.158023003393494,H1,2.4467514920296,AX,0.0640333866424127,L1,0.0179665442032546,L2,0.0476540...
GetData ===>> H2,-0.166647088252966,H1,2.43319501783021,AX,0.0791227585871978,L1,0.037734411550487,L2,-0.024422...
Get Checksum: 799532470
GetData ===>> H2,-0.145961595237894,H1,2.47907464275403,AX,0.113369576908776,L1,0.0320238820686187,L2,0.0655931...
GetData ===>> H2,-0.136241589011516,H1,2.49743231049273,AX,0.0836697456924338,L1,0.0225090199089439,L2,-0.03325...
16:59:37 -- collecting point 100
GetData ===>> H2,-0.01402663060129,H1,2.50272283459643,AX,0.146955217557411,L1,0.0465457439345842,L2,0.14110657...
Get Checksum: 799532470
GetData ===>> H2,-0.0906478826821276,H1,2.41489725793833,AX,0.111745133257986,L1,0.0255227913567545,L2,0.076588...
GetData ===>> H2,-0.168598647464578,H1,2.48702117232062,AX,0.147558797323319,L1,0.0089561328975358,L2,-0.006621...
GetData ===>> H2,-0.168108764825333,H1,2.58454725526758,AX,0.158551567708843,L1,0.0167294617249191,L2,0.0562524...
Get Checksum: 799532470
GetData ===>> H2,-0.156399261706654,H1,2.51498390067824,AX,0.00330668337686778,L1,-0.0423355129473739,L2,-0.036...
GetData ===>> H2,-0.189572528317603,H1,2.63517681921821,AX,0.0364336722642428,L1,0.00102739248991668,L2,0.09238...
GetData ===>> H2,-0.104422059170993,H1,2.6863757043565,AX,0.00417677534837976,L1,-0.000628861142416792,L2,-0.05...
Get Checksum: 799532470
GetData ===>> H2,-0.0931271663276915,H1,2.64322479024448,AX,0.065367095491563,L1,-0.00866382424161804,L2,0.1133...
GetData ===>> H2,-0.0940198469836328,H1,2.72171994275665,AX,0.0729405886409736,L1,-0.0223074619682962,L2,0.0624...
Get Checksum: 799532470
GetData ===>> H2,-0.146125055811471,H1,2.66905269781044,AX,0.0963722759415273,L1,-0.0297317307435726,L2,0.04213...
GetData ===>> H2,-0.137834229513324,H1,2.57354522279452,AX,0.00795886549308277,L1,-0.00783998978497973,L2,0.035...
GetData ===>> H2,-0.159674874560167,H1,2.69377484738127,AX,0.158075614261355,L1,-0.00501061839395445,L2,0.07047...
Get Checksum: 799532470
GetData ===>> H2,-0.213696484140564,H1,2.66166744449772,AX,0.0714675966656124,L1,0.0223395864209605,L2,-0.01261...
GetData ===>> H2,-0.208332639954415,H1,2.62915938429484,AX,-0.0599107839044481,L1,0.0185899471802479,L2,0.01954...
GetData ===>> H2,-0.23060146998186,H1,2.68982131656472,AX,0.208342175367183,L1,0.0114465467916513,L2,-0.0954304...
Get Checksum: 799532470
GetData ===>> H2,-0.166811755611865,H1,2.56069693987253,AX,0.198040584882516,L1,-0.0147925401661786,L2,0.104074...
GetData ===>> H2,-0.162304135184113,H1,2.67623298495361,AX,0.140211628721153,L1,-0.0168232136716386,L2,-0.00499...
GetData ===>> H2,-0.27462304109233,H1,2.76424273880236,AX,0.118753641002908,L1,-0.017860582135406,L2,0.04634263...
Get Checksum: 799532470
GetData ===>> H2,-0.261043571301874,H1,2.7717735826043,AX,0.150216914254083,L1,-0.00204126224618018,L2,0.005106...
GetData ===>> H2,-0.116075562620108,H1,2.70595075573647,AX,0.111826354797059,L1,0.0162658951699654,L2,-0.013812...
GetData ===>> H2,-0.227965748927941,H1,2.72433225331119,AX,0.129928844630691,L1,0.0108391891062842,L2,-0.059203...
Get Checksum: 799532470
measurement finished
estimated time: 125.829 actual time: :126.112
flush and close file /Users/jan/PychronDev/data/isotopes/5b/5eae54-0c67-4682-8dd6-fa16fd96cdfc.h5
baselines () {'settling_time': 15.0, 'detector': 'H1', 'mass': 34.2, 'ncounts': 60}
%%%%%%%%%%%%%%%%%%%%%%%%%%%%%%%% Baseline
build tables- baseline [Detector(H2), Detector(H1), Detector(AX), Detector(L1), Detector(L2), Detector(CDD)]
add group baseline table H2
add group baseline table H1
add group baseline table AX
add group baseline table L1
add group baseline table L2
add group baseline table CDD
flush and close file /Users/jan/PychronDev/data/isotopes/5b/5eae54-0c67-4682-8dd6-fa16fd96cdfc.h5
detector Detector(H1)
POSITION 34.2 H1
Mapping mass to dac mass func: "parabolic"
H1 map mass coeffs = [-0.00063987  0.15840543  0.57075999]
H1 map mass to dac 34.2 >> 5.23980599104
GetDeflection H1 ===>> 0
GetHighVoltage ===>> 4500
positioning 34.2 (5.23980599104) on H1
setting magnet DAC
current  : 5.879150
requested: 5.239806
Delta Dac: 0.639344
Checking detector protection. dv=0.63934
Checking detector "CDD". Protection Threshold: 0.1 (V)
ProtectDetector CDD,On ===>> OK
GetDeflection CDD ===>> 2000
SetMagnetDAC 5.23980599104 ===>> OK
Magnet settling time: 0.500
GetMagnetMoving ===>> True
GetMagnetMoving ===>> True
GetMagnetMoving ===>> True
GetMagnetMoving ===>> True
GetMagnetMoving ===>> True
GetMagnetMoving ===>> True
GetMagnetMoving ===>> True
GetMagnetMoving ===>> True
Get Checksum: 799532470
GetMagnetMoving ===>> False
ProtectDetector CDD,Off ===>> OK
GetDeflection CDD ===>> 50
Delaying 15.0s for detectors to settle
Get Checksum: 799532470
Get Checksum: 799532470
Get Checksum: 799532470
Get Checksum: 799532470
Join finished
measuring baseline. ncounts=60
starting measurement
GetData ===>> H2,-0.283331867017939,H1,-0.074254323133016,AX,-0.180942459892827,L1,-0.00277558453971406,L2,-0.0...
GetData ===>> H2,-0.306109929522244,H1,0.0214115108958303,AX,-0.0858886663368702,L1,-0.0253312722925578,L2,-0.0...
Get Checksum: 799532470
GetData ===>> H2,-0.199204756466062,H1,-0.0315844908796546,AX,-0.150397372348146,L1,-0.0102561399031104,L2,-0.0...
GetData ===>> H2,-0.13876429304346,H1,-0.0225331433712615,AX,-0.10316863670792,L1,0.0320587292110889,L2,-0.0551...
GetData ===>> H2,-0.110236352025958,H1,-0.0715604264593715,AX,-0.0647915845347217,L1,0.00587847187245723,L2,-0....
Get Checksum: 799532470
GetData ===>> H2,-0.192783709274571,H1,0.0292983017873951,AX,-0.0801743590704999,L1,-0.0169803249010561,L2,-0.0...
GetData ===>> H2,-0.160699913117077,H1,-0.0376063437181216,AX,-0.0283361765888259,L1,0.00721260946478399,L2,-0....
GetData ===>> H2,-0.122129523310719,H1,-0.0299388522164932,AX,-0.0845093815162542,L1,-0.0284272489335824,L2,0.0...
Get Checksum: 799532470
GetData ===>> H2,-0.120230482924998,H1,-0.00880549310335859,AX,-0.00784140685304307,L1,-0.0285087091333996,L2,-...
GetData ===>> H2,-0.152356458387596,H1,-0.0190984257320668,AX,-0.0728600197220422,L1,-0.0463198958176087,L2,0.0...
Get Checksum: 799532470
GetData ===>> H2,-0.197355908020238,H1,-0.029926927199919,AX,-0.111569927895407,L1,0.0163307451668949,L2,0.0703...
GetData ===>> H2,-0.188193139398601,H1,0.003015391083472,AX,0.00755280582878427,L1,0.0476770567443476,L2,0.0016...
GetData ===>> H2,-0.172012392770388,H1,0.00221615511526458,AX,-0.0177239738017111,L1,-0.00355664310368908,L2,-0...
Get Checksum: 799532470
GetData ===>> H2,-0.132943382264593,H1,0.0148018803030282,AX,0.00945550002508268,L1,0.0101430533915045,L2,-0.00...
GetData ===>> H2,-0.148958898470483,H1,-0.099592474080734,AX,-0.106888470305693,L1,0.00612800935506238,L2,-0.04...
GetData ===>> H2,-0.231201757650645,H1,-0.0159259776489449,AX,0.010569289494199,L1,-0.0215450737985214,L2,-0.03...
Get Checksum: 799532470
GetData ===>> H2,-0.256705707936833,H1,-0.015794784021783,AX,-0.103585821388768,L1,-0.0180116812186694,L2,-0.09...
GetData ===>> H2,-0.122402720930879,H1,-0.0286270918727237,AX,-0.237080981168083,L1,-0.0469889926707264,L2,0.04...
GetData ===>> H2,-0.244840077964531,H1,-0.033838256447871,AX,-0.14971333078351,L1,-0.0421487062306226,L2,-0.002...
Get Checksum: 799532470
GetData ===>> H2,-0.127029851991644,H1,-0.07953462700494,AX,-0.0313630518475861,L1,-0.0483079046263093,L2,-0.09...
GetData ===>> H2,-0.176582354101567,H1,-0.147531520123434,AX,-0.087557690730815,L1,-0.0456734987597878,L2,-0.10...
GetData ===>> H2,-0.226871165178508,H1,-0.0287940441440647,AX,-0.0442581091989182,L1,0.0285541902173088,L2,0.09...
Get Checksum: 799532470
GetData ===>> H2,-0.254464795052706,H1,-0.0770911801664774,AX,-0.0809277859291908,L1,0.0205925447502882,L2,-0.0...
GetData ===>> H2,-0.283300965560715,H1,-0.0615828411327566,AX,-0.12536964670807,L1,0.0103962971976115,L2,-0.004...
17:00:42 -- collecting point 25
GetData ===>> H2,-0.165708978546532,H1,-0.0596158162368131,AX,-0.0788645415673741,L1,-0.0148585165081409,L2,0.0...
Get Checksum: 799532470
GetData ===>> H2,-0.204110628951438,H1,0.00516262379355332,AX,-0.0649538872382326,L1,-0.0326347632431362,L2,-0....
GetData ===>> H2,-0.184275189691566,H1,-0.0214955848426122,AX,-0.0241726196567875,L1,-0.0449516395622171,L2,0.0...
GetData ===>> H2,-0.216712696923891,H1,-0.0469663263370056,AX,-0.124419602869901,L1,-0.0453538759606188,L2,-0.1...
Get Checksum: 799532470
GetData ===>> H2,-0.158479554414165,H1,-0.0316441149609713,AX,-0.0474004406923181,L1,-0.0203438355790949,L2,0.0...
GetData ===>> H2,-0.212266194880142,H1,0.0294414867894278,AX,-0.138292604212095,L1,-0.0233346766597228,L2,-0.04...
GetData ===>> H2,-0.282256983946128,H1,-0.0426858824042363,AX,-0.0871636181086186,L1,-0.0322276227513859,L2,-0....
Get Checksum: 799532470
GetData ===>> H2,-0.219913435105648,H1,-0.0905234405322418,AX,-0.0376020609312049,L1,-0.036009694969807,L2,-0.0...
GetData ===>> H2,-0.181966943330571,H1,-0.115059178694188,AX,-0.0655567234813405,L1,-0.0514058288197219,L2,-0.1...
Get Checksum: 799532470
GetData ===>> H2,-0.188391361052192,H1,-0.140675926125122,AX,-0.0994370719446195,L1,-0.0245930814314207,L2,-0.0...
GetData ===>> H2,-0.282173676228123,H1,-0.0696055179761899,AX,-0.0583456297260662,L1,-0.0382297546732675,L2,0.0...
GetData ===>> H2,-0.137354297720897,H1,-0.0425189533050261,AX,-0.0535224777975833,L1,0.000418867652154091,L2,-0...
Get Checksum: 799532470
GetData ===>> H2,-0.133731847710554,H1,-0.0727643449981439,AX,-0.02653856243685,L1,-0.00420927844708011,L2,-0.0...
GetData ===>> H2,-0.176845570235833,H1,-0.0347325937980923,AX,-0.134906709806145,L1,-0.0250940025672056,L2,0.01...
GetData ===>> H2,-0.252161581702216,H1,-0.0233798785678417,AX,-0.0236855066507501,L1,-0.0342452015286393,L2,0.1...
Get Checksum: 799532470
GetData ===>> H2,-0.149070994938015,H1,-0.0879968353715953,AX,-0.0253092071900713,L1,-0.0431629291482039,L2,0.0...
GetData ===>> H2,-0.136499833686319,H1,-0.028209709976079,AX,-0.106193185113966,L1,-0.0128994511425083,L2,-0.01...
GetData ===>> H2,0.0057707435175548,H1,-0.0788194780089178,AX,-0.0542297337824488,L1,0.00493627073543738,L2,0.0...
Get Checksum: 799532470
GetData ===>> H2,-0.141666195859675,H1,0.0921960128798861,AX,0.106071396230499,L1,-0.0251071843654608,L2,-0.029...
GetData ===>> H2,-0.240791910498503,H1,-0.0122763453300088,AX,-0.116668288801165,L1,-0.0360636148034731,L2,-0.0...
GetData ===>> H2,-0.244409490831363,H1,-0.0498635702805171,AX,-0.161306605421105,L1,-0.0373096814925447,L2,-0.0...
Get Checksum: 799532470
GetData ===>> H2,-0.22083626085701,H1,-0.0371770751135923,AX,-0.101743242217148,L1,-0.0333891270483821,L2,-0.09...
GetData ===>> H2,-0.188837684176343,H1,0.00914705540606704,AX,-0.138999916586063,L1,-0.0347071435532263,L2,-0.0...
GetData ===>> H2,-0.243421769560412,H1,-0.0552286153651103,AX,0.0099195774218135,L1,-0.0230985584136778,L2,-0.1...
Get Checksum: 799532470
GetData ===>> H2,-0.130152302111246,H1,-0.0603430238850454,AX,0.0464378021179487,L1,-0.0413044402581638,L2,0.00...
17:01:08 -- collecting point 50
GetData ===>> H2,-0.145811641730449,H1,-0.0675313659993957,AX,-0.0600383138764939,L1,-0.0287255338024019,L2,0.0...
GetData ===>> H2,-0.157666394537717,H1,-0.0260869979656018,AX,-0.0988460345821025,L1,0.00298524352816266,L2,-0....
Get Checksum: 799532470
GetData ===>> H2,-0.10255028241103,H1,0.00182250392419832,AX,-0.0497426291625897,L1,-0.0184757570722805,L2,0.02...
GetData ===>> H2,-0.100526575968822,H1,0.00572329769570352,AX,-0.0312006931119136,L1,-0.0527038250923951,L2,-0....
GetData ===>> H2,-0.11627177508594,H1,-0.00558500710658978,AX,-0.0319892901480558,L1,-0.0333400352528251,L2,0.0...
Get Checksum: 799532470
GetData ===>> H2,-0.162112396684761,H1,-0.0529395646420071,AX,-0.0730223089682459,L1,0.00406576575041111,L2,-0....
GetData ===>> H2,-0.156626221284364,H1,-0.0544894484597379,AX,-0.0486527068870606,L1,-0.0132590316769092,L2,-0....
Get Checksum: 799532470
GetData ===>> H2,-0.296297625358732,H1,-0.0402057642684415,AX,-0.0346681529459901,L1,-0.0280403039727657,L2,-0....
GetData ===>> H2,-0.163798774094843,H1,-0.115202157104677,AX,-0.130316676255465,L1,-0.0138427233886191,L2,-0.12...
GetData ===>> H2,-0.108101103130117,H1,-0.0543463832667566,AX,-0.0646524677162389,L1,-0.0127460262040761,L2,-0....
Get Checksum: 799532470
GetData ===>> H2,-0.131776136426825,H1,-0.0320614825354724,AX,-0.0195217507609185,L1,-0.0134220372868351,L2,0.0...
measurement finished
estimated time: 62.915 actual time: :63.100
flush and close file /Users/jan/PychronDev/data/isotopes/5b/5eae54-0c67-4682-8dd6-fa16fd96cdfc.h5
activate_detectors ('H1', 'AX', 'CDD') {'peak_center': True}
peak_center () {'detector': 'H1', 'integration_time': 0.262144, 'isotope': 'Ar40'}
peak center: mean=2.6877652248 threshold=3
Skipping peak center. intensities to small. 2.6877652248<3
finished measure script
executed 226.132928
jan_unknown120_60.py completed successfully
Measurement Finished
17:01:20 -- ******* Measurement Finished *******
Post Measurement Started jan_pump_ms.py
17:01:20 -- ******* Post Measurement Started jan_pump_ms.py *******
testing...
no interpolation path defined
executed 0
Pumping spectrometer
open () {'name': 'O'}
opening name=O desc=---
checking ownership. requestor=129.138.12.150
check software interlocks O
interlocks []
actuate state mode=None-script, software_lock=False
doing actuation None-script open_channel True
Open O ===>> OK
GetIndicatorState O ===>> OK
change switch state (True, True)
update switch state O True args=() kw={} ncanvase=2
17:01:20 -- OPEN   VALVE-O (Jan Ion Pump)
---------------------------------------- open O () result=[(True, True)], time=0.10 sec
action=open, ok=True, locked=[False]
executed 0
jan_pump_ms.py completed successfully
setting _ms_pumptime
Post Measurement Finished
17:01:20 -- ******* Post Measurement Finished *******
$$$$$$$$$$$$$$$$$$$$ state at run end measurement
state changed from measurement to success
post measurement save measured=True aborted=False
Set filtering
setting fod for Ar40= {'filter_outliers': True, 'std_devs': 2, 'iterations': 1}
setting fod for H1= {'filter_outliers': True, 'std_devs': 2, 'iterations': 1}
setting fod for PM41= {'filter_outliers': False, 'std_devs': 2, 'iterations': 1}
setting fod for H2= {'filter_outliers': True, 'std_devs': 2, 'iterations': 1}
setting fod for Ar36= {'filter_outliers': True, 'std_devs': 2, 'iterations': 1}
setting fod for CDD= {'filter_outliers': True, 'std_devs': 10, 'iterations': 1}
setting fod for Ar37= {'filter_outliers': True, 'std_devs': 2, 'iterations': 1}
setting fod for L2= {'filter_outliers': True, 'std_devs': 2, 'iterations': 1}
setting fod for Ar38= {'filter_outliers': True, 'std_devs': 2, 'iterations': 1}
setting fod for L1= {'filter_outliers': True, 'std_devs': 2, 'iterations': 1}
setting fod for Ar39= {'filter_outliers': True, 'std_devs': 2, 'iterations': 1}
setting fod for AX= {'filter_outliers': True, 'std_devs': 2, 'iterations': 1}
persistence save...
persistence save - db
post measurement save
5158804176 connecting to database sqlite:////Users/jan/PychronDev/.appdata/local_lab.db
connected to db sqlite:////Users/jan/PychronDev/.appdata/local_lab.db
create new session 5158804176
close session 5158804176
No database instance. Not saving post measurement to isotopedb database
$$$$$$$$$$$$$$$ auto_save_detector_ic=False
massspec enabled True
create new session 5019860144
MassSpec Database Version: 16.0
close session 5019860144
saving post measurement to secondary database
saving to massspec database 129.138.12.160/massspecdata
setting labnumber to 65573
setting aliquot to 11
setting step to 
setting uuid to 5b5eae54-0c67-4682-8dd6-fa16fd96cdfc
setting irradpos to 65573
setting extract_device to Fusions CO2
setting tray to 
setting position to 52
setting power_requested to 5.0
setting extract_value to 5.0
setting duration to 30.0
setting duration_at_request to 30.0
setting first_stage_delay to 30.0
setting cleanup to 30.0
setting comment to M:17 w/o inlcusions
setting irradiation to NM-289
setting level to M
setting irradiation_level to M
setting sample to NM-2607 WO
setting material to Sanidine
setting project to JoyitaHills
setting mass_spectrometer to Jan
no attribute chron_dosages
no attribute production_ratios
no attribute interference_corrections
no attribute production_name
no attribute j
Reference Isotope=Ar40
Reference Detector=H1
%%%%%%%%%%%%%%%%%%%% Comment: M:17 w/o inlcusions %%%%%%%%%%%%%%%%%%%
adding isotope PM41 H2
add baseline dbdet= PM41. original det= H2
get baseline data PM41 H2
Get data baseline <pychron.processing.isotope.Baseline object at 0x136eca810> len t=60
baseline PM41. v=-0.182347841078, e=0.00700847704908
get signal data PM41 H2
Get data signal PM41 0.05+/-0.06 len t=120
adding isotope Ar40 H1
add baseline dbdet= Ar40. original det= H1
get baseline data Ar40 H1
Get data baseline <pychron.processing.isotope.Baseline object at 0x136eca9d0> len t=60
baseline Ar40. v=-0.0377790167171, e=0.00454128487162
get signal data Ar40 H1
Get data signal Ar40 0.947+/-0.011 len t=120
adding isotope Ar39 AX
add baseline dbdet= Ar39. original det= AX
get baseline data Ar39 AX
Get data baseline <pychron.processing.isotope.Baseline object at 0x136ecab90> len t=60
baseline Ar39. v=-0.0717953326322, e=0.00621595561326
get signal data Ar39 AX
Get data signal Ar39 0.034+/-0.012 len t=120
adding isotope Ar38 L1
add baseline dbdet= Ar38. original det= L1
get baseline data Ar38 L1
Get data baseline <pychron.processing.isotope.Baseline object at 0x136ecad50> len t=60
baseline Ar38. v=-0.0214882977849, e=0.00252931746793
get signal data Ar38 L1
Get data signal Ar38 0.040+/-0.004 len t=120
adding isotope Ar37 L2
add baseline dbdet= Ar37. original det= L2
get baseline data Ar37 L2
Get data baseline <pychron.processing.isotope.Baseline object at 0x136ecaf10> len t=60
baseline Ar37. v=-0.0241800915869, e=0.00649108050306
get signal data Ar37 L2
Get data signal Ar37 0.044+/-0.011 len t=120
adding isotope Ar36 CDD
add baseline dbdet= Ar36. original det= CDD
get baseline data Ar36 CDD
Get data baseline <pychron.processing.isotope.Baseline object at 0x13c4d0110> len t=60
baseline Ar36. v=1.24054509335e-05, e=5.3565219893e-06
get signal data Ar36 CDD
Get data signal Ar36 0.00717+/-0.00023 len t=120
65573-11 added analysis time 0.500746965408s
analysis added to mass spec database
mass spec save time= 0.508
persistence save - dvc
================= post measurement started
create new session 4983587952
close session 4983587952
---------------- Experiment Queue saving disabled
DVC saving peakcenter
Get Checksum: 2035211824
Smart pull ahead: 0 behind: 0
Up-to-date with origin
add to repo msg=modified - ad8224ebc6dbfeb9f5997218dfa5fe690569839d.json
add to repo msg=modified - 73-11.json
add to repo msg=modified - 73-11.dat.json
add to repo msg=modified - 73-11.blan.json
add to repo msg=modified - 73-11.inte.json
add to repo msg=modified - 73-11.icfa.json
add to repo msg=modified - 73-11.base.json
not at valid file /Users/jan/PychronDev/data/.dvc/repositories/Load1785/655/tags/73-11.tags.json
add to repo msg=modified - 73-11.peak.json
add to repo msg=modified - 73-11.extr.json
not at valid file /Users/jan/PychronDev/data/.dvc/repositories/Load1785/655/monitor/73-11.moni.json
commit message=<COLLECTION>
Get Checksum: 2035211824
add to repo msg=modified - 73-11.inte.json
add to repo msg=modified - 73-11.base.json
commit message=<ISOEVO> default collection fits
add to repo msg=modified - 73-11.blan.json
commit message=<BLANKS> preceding 
add to repo msg=modified - 73-11.icfa.json
commit message=<ICFactor> default
Get Checksum: 2035211824
push repository <pychron.git_archive.repo_manager.GitRepoManager object at 0x1348e5c50>
pushing to remote=origin, url=https://github.com
Get Checksum: 2035211824
no changes to meta repo
create new session 4983587952
add association Load1785
get identifier "65573"
setting analysis irradiation position=<pychron.dvc.dvc_orm.IrradiationPositionTbl object at 0x13c480e50>
close session 4983587952
================= post measurement finished
17:01:33 -- ******* Post Run Check *******
loading queue conditionals post_run_actions
loading system conditionals post_run_actions
loading conditionals from /Users/jan/PychronDev/setupfiles/spectrometer/default_conditionals.yaml
loading queue conditionals post_run_terminations
loading system conditionals post_run_terminations
loading conditionals from /Users/jan/PychronDev/setupfiles/spectrometer/default_conditionals.yaml
Checking default post run terminations n=1
GetDeflection CDD ===>> 50
testing CDD==2000
evaluate ot="CDD.deflection==2000" t="CDD==2000", ctx="{'CDD': 50.0}"
17:01:33 -- ******* Post Run Check Passed *******
17:01:33 -- Automated run 65573-11 success duration: 315.771 s
----------------- finish -----------------
----------------- stop -----------------
retroactive repository identifiers disabled
finish run. runs completed=11
update duration runid=65573-11, duration=315.770654917, md5=301e91d8
loading script "jan_unknown120_60.py"
loading script "jan_pump_ms.py"
loading script "jan_co2.py"
loading script "jan_pump_extraction_line.py"
testing...
no interpolation path defined
executed 213.652928
script duration name:unknown120_60 seconds:214.0
loading script "jan_unknown120_60.py"
loading script "jan_pump_ms.py"
loading script "jan_co2.py"
loading script "jan_pump_extraction_line.py"
testing...
no interpolation path defined
executed 0
loading script "jan_unknown120_60.py"
loading script "jan_pump_ms.py"
loading script "jan_co2.py"
loading script "jan_pump_extraction_line.py"
testing...
no interpolation path defined
calculate duration
testing...
no interpolation path defined
executed 0
calculate duration
testing...
no interpolation path defined
executed 0
executed 0.0
script duration name:co2 seconds:0.0
loading script "jan_unknown120_60.py"
loading script "jan_pump_ms.py"
loading script "jan_co2.py"
loading script "jan_pump_extraction_line.py"
testing...
no interpolation path defined
calculate duration
testing...
no interpolation path defined
executed 4.0
executed 4.0
Script duration 214.0
Run total estimated duration= 215.000
unknown120_60 in script context. using previous estimated duration
script duration name:unknown120_60 seconds:214.0
pump_ms in script context. using previous estimated duration
co2 in script context. using previous estimated duration
script duration name:co2 seconds:0.0
pump_extraction_line in script context. using previous estimated duration
Script duration 214.0
Run total estimated duration= 215.000
script duration name:unknown120_60 seconds:214.0
script duration name:co2 seconds:0.0
Script duration 214.0
Run total estimated duration= 215.000
script duration name:unknown120_60 seconds:214.0
script duration name:co2 seconds:0.0
Script duration 214.0
Run total estimated duration= 215.000
loading script "jan_unknown400_120.py"
loading script "jan_pump_ms.py"
loading script "jan_co2.py"
loading script "jan_pump_extraction_line.py"
testing...
no interpolation path defined
executed 556.052928
script duration name:unknown400_120 seconds:556.0
script duration name:co2 seconds:0.0
Script duration 556.0
Run total estimated duration= 557.000
unknown400_120 in script context. using previous estimated duration
script duration name:unknown400_120 seconds:556.0
loading script "jan_unknown400_120.py"
loading script "jan_pump_ms.py"
loading script "jan_cocktail_x1.py"
loading script "jan_pump_extraction_line.py"
testing...
no interpolation path defined
calculate duration
testing...
no interpolation path defined
executed 0
calculate duration
testing...
no interpolation path defined
executed 0
calculate duration
testing...
no interpolation path defined
executed 32.0
calculate duration
testing...
no interpolation path defined
executed 34.0
calculate duration
testing...
no interpolation path defined
executed 4.0
calculate duration
testing...
no interpolation path defined
executed 38.0
executed 108.0
script duration name:cocktail_x1 seconds:108.0
Script duration 664.0
Run total estimated duration= 665.000
script duration name:unknown400_120 seconds:556.0
loading script "jan_unknown400_120.py"
loading script "jan_pump_ms.py"
loading script "jan_sniffair_x2.py"
loading script "jan_pump_extraction_line.py"
testing...
no interpolation path defined
calculate duration
testing...
no interpolation path defined
executed 0
calculate duration
testing...
no interpolation path defined
executed 0
calculate duration
testing...
no interpolation path defined
executed 32.0
calculate duration
testing...
no interpolation path defined
executed 34.0
calculate duration
testing...
no interpolation path defined
executed 4.0
calculate duration
testing...
no interpolation path defined
executed 36.0
calculate duration
testing...
no interpolation path defined
executed 34.0
calculate duration
testing...
no interpolation path defined
executed 4.0
calculate duration
testing...
no interpolation path defined
executed 36.0
calculate duration
testing...
no interpolation path defined
executed 70.0
executed 250.0
script duration name:sniffair_x2 seconds:250.0
Script duration 806.0
Run total estimated duration= 807.000
loading script "jan_ic_peak_hop3.py"
loading script "jan_pump_ms.py"
loading script "jan_air_x1.py"
loading script "jan_pump_extraction_line.py"
testing...
no interpolation path defined
executed 133.8
script duration name:ic_peak_hop3 seconds:134.0
loading script "jan_ic_peak_hop3.py"
loading script "jan_pump_ms.py"
loading script "jan_air_x1.py"
loading script "jan_pump_extraction_line.py"
testing...
no interpolation path defined
calculate duration
testing...
no interpolation path defined
executed 0
calculate duration
testing...
no interpolation path defined
executed 0
calculate duration
testing...
no interpolation path defined
executed 32.0
calculate duration
testing...
no interpolation path defined
executed 34.0
calculate duration
testing...
no interpolation path defined
executed 4.0
calculate duration
testing...
no interpolation path defined
executed 36.0
executed 106.0
script duration name:air_x1 seconds:106.0
Script duration 240.0
Run total estimated duration= 241.000
script duration name:unknown120_60 seconds:214.0
script duration name:co2 seconds:0.0
Script duration 214.0
Run total estimated duration= 215.000
script duration name:unknown120_60 seconds:214.0
script duration name:co2 seconds:0.0
Script duration 214.0
Run total estimated duration= 215.000
script duration name:unknown120_60 seconds:214.0
script duration name:co2 seconds:0.0
Script duration 214.0
Run total estimated duration= 215.000
script duration name:unknown120_60 seconds:214.0
script duration name:co2 seconds:0.0
Script duration 214.0
Run total estimated duration= 215.000
script duration name:unknown120_60 seconds:214.0
script duration name:co2 seconds:0.0
Script duration 214.0
Run total estimated duration= 215.000
script duration name:unknown120_60 seconds:214.0
script duration name:co2 seconds:0.0
Script duration 214.0
Run total estimated duration= 215.000
script duration name:unknown120_60 seconds:214.0
script duration name:co2 seconds:0.0
Script duration 214.0
Run total estimated duration= 215.000
script duration name:unknown120_60 seconds:214.0
script duration name:co2 seconds:0.0
Script duration 214.0
Run total estimated duration= 215.000
script duration name:unknown120_60 seconds:214.0
script duration name:co2 seconds:0.0
Script duration 214.0
Run total estimated duration= 215.000
script duration name:unknown120_60 seconds:214.0
script duration name:co2 seconds:0.0
Script duration 214.0
Run total estimated duration= 215.000
script duration name:unknown120_60 seconds:214.0
script duration name:co2 seconds:0.0
Script duration 214.0
Run total estimated duration= 215.000
script duration name:unknown120_60 seconds:214.0
script duration name:co2 seconds:0.0
Script duration 214.0
Run total estimated duration= 215.000
script duration name:unknown120_60 seconds:214.0
script duration name:co2 seconds:0.0
Script duration 214.0
Run total estimated duration= 215.000
script duration name:unknown120_60 seconds:214.0
script duration name:co2 seconds:0.0
Script duration 214.0
Run total estimated duration= 215.000
script duration name:unknown120_60 seconds:214.0
script duration name:co2 seconds:0.0
Script duration 214.0
Run total estimated duration= 215.000
script duration name:unknown400_120 seconds:556.0
script duration name:co2 seconds:0.0
Script duration 556.0
Run total estimated duration= 557.000
script duration name:unknown120_60 seconds:214.0
script duration name:co2 seconds:0.0
Script duration 214.0
Run total estimated duration= 215.000
script duration name:unknown120_60 seconds:214.0
script duration name:co2 seconds:0.0
Script duration 214.0
Run total estimated duration= 215.000
script duration name:unknown120_60 seconds:214.0
script duration name:co2 seconds:0.0
Script duration 214.0
Run total estimated duration= 215.000
script duration name:unknown120_60 seconds:214.0
script duration name:co2 seconds:0.0
Script duration 214.0
Run total estimated duration= 215.000
script duration name:unknown120_60 seconds:214.0
script duration name:co2 seconds:0.0
Script duration 214.0
Run total estimated duration= 215.000
script duration name:unknown400_120 seconds:556.0
cocktail_x1 in script context. using previous estimated duration
script duration name:cocktail_x1 seconds:108.0
Script duration 664.0
Run total estimated duration= 665.000
script duration name:unknown120_60 seconds:214.0
script duration name:co2 seconds:0.0
Script duration 214.0
Run total estimated duration= 215.000
script duration name:unknown120_60 seconds:214.0
script duration name:co2 seconds:0.0
Script duration 214.0
Run total estimated duration= 215.000
script duration name:unknown120_60 seconds:214.0
script duration name:co2 seconds:0.0
Script duration 214.0
Run total estimated duration= 215.000
script duration name:unknown120_60 seconds:214.0
script duration name:co2 seconds:0.0
Script duration 214.0
Run total estimated duration= 215.000
script duration name:unknown120_60 seconds:214.0
script duration name:co2 seconds:0.0
Script duration 214.0
Run total estimated duration= 215.000
script duration name:unknown120_60 seconds:214.0
script duration name:co2 seconds:0.0
Script duration 214.0
Run total estimated duration= 215.000
script duration name:unknown120_60 seconds:214.0
script duration name:co2 seconds:0.0
Script duration 214.0
Run total estimated duration= 215.000
script duration name:unknown120_60 seconds:214.0
script duration name:co2 seconds:0.0
Script duration 214.0
Run total estimated duration= 215.000
script duration name:unknown120_60 seconds:214.0
script duration name:co2 seconds:0.0
Script duration 214.0
Run total estimated duration= 215.000
script duration name:unknown120_60 seconds:214.0
script duration name:co2 seconds:0.0
Script duration 214.0
Run total estimated duration= 215.000
script duration name:unknown400_120 seconds:556.0
script duration name:co2 seconds:0.0
Script duration 556.0
Run total estimated duration= 557.000
script duration name:unknown400_120 seconds:556.0
sniffair_x2 in script context. using previous estimated duration
script duration name:sniffair_x2 seconds:250.0
Script duration 806.0
Run total estimated duration= 807.000
ic_peak_hop3 in script context. using previous estimated duration
script duration name:ic_peak_hop3 seconds:134.0
air_x1 in script context. using previous estimated duration
script duration name:air_x1 seconds:106.0
Script duration 240.0
Run total estimated duration= 241.000
script duration name:unknown120_60 seconds:214.0
script duration name:co2 seconds:0.0
Script duration 214.0
Run total estimated duration= 215.000
script duration name:unknown120_60 seconds:214.0
script duration name:co2 seconds:0.0
Script duration 214.0
Run total estimated duration= 215.000
script duration name:unknown120_60 seconds:214.0
script duration name:co2 seconds:0.0
Script duration 214.0
Run total estimated duration= 215.000
script duration name:unknown120_60 seconds:214.0
script duration name:co2 seconds:0.0
Script duration 214.0
Run total estimated duration= 215.000
script duration name:unknown120_60 seconds:214.0
script duration name:co2 seconds:0.0
Script duration 214.0
Run total estimated duration= 215.000
script duration name:unknown120_60 seconds:214.0
script duration name:co2 seconds:0.0
Script duration 214.0
Run total estimated duration= 215.000
script duration name:unknown120_60 seconds:214.0
script duration name:co2 seconds:0.0
Script duration 214.0
Run total estimated duration= 215.000
script duration name:unknown120_60 seconds:214.0
script duration name:co2 seconds:0.0
Script duration 214.0
Run total estimated duration= 215.000
script duration name:unknown120_60 seconds:214.0
script duration name:co2 seconds:0.0
Script duration 214.0
Run total estimated duration= 215.000
script duration name:unknown120_60 seconds:214.0
script duration name:co2 seconds:0.0
Script duration 214.0
Run total estimated duration= 215.000
script duration name:unknown400_120 seconds:556.0
script duration name:cocktail_x1 seconds:108.0
Script duration 664.0
Run total estimated duration= 665.000
script duration name:unknown120_60 seconds:214.0
script duration name:co2 seconds:0.0
Script duration 214.0
Run total estimated duration= 215.000
script duration name:unknown120_60 seconds:214.0
script duration name:co2 seconds:0.0
Script duration 214.0
Run total estimated duration= 215.000
script duration name:unknown120_60 seconds:214.0
script duration name:co2 seconds:0.0
Script duration 214.0
Run total estimated duration= 215.000
script duration name:unknown120_60 seconds:214.0
script duration name:co2 seconds:0.0
Script duration 214.0
Run total estimated duration= 215.000
script duration name:unknown120_60 seconds:214.0
script duration name:co2 seconds:0.0
Script duration 214.0
Run total estimated duration= 215.000
script duration name:unknown400_120 seconds:556.0
script duration name:co2 seconds:0.0
Script duration 556.0
Run total estimated duration= 557.000
script duration name:unknown120_60 seconds:214.0
script duration name:co2 seconds:0.0
Script duration 214.0
Run total estimated duration= 215.000
script duration name:unknown120_60 seconds:214.0
script duration name:co2 seconds:0.0
Script duration 214.0
Run total estimated duration= 215.000
script duration name:unknown120_60 seconds:214.0
script duration name:co2 seconds:0.0
Script duration 214.0
Run total estimated duration= 215.000
script duration name:unknown120_60 seconds:214.0
script duration name:co2 seconds:0.0
Script duration 214.0
Run total estimated duration= 215.000
script duration name:unknown120_60 seconds:214.0
script duration name:co2 seconds:0.0
Script duration 214.0
Run total estimated duration= 215.000
script duration name:unknown120_60 seconds:214.0
script duration name:co2 seconds:0.0
Script duration 214.0
Run total estimated duration= 215.000
script duration name:unknown120_60 seconds:214.0
script duration name:co2 seconds:0.0
Script duration 214.0
Run total estimated duration= 215.000
script duration name:unknown120_60 seconds:214.0
script duration name:co2 seconds:0.0
Script duration 214.0
Run total estimated duration= 215.000
script duration name:unknown120_60 seconds:214.0
script duration name:co2 seconds:0.0
Script duration 214.0
Run total estimated duration= 215.000
script duration name:unknown120_60 seconds:214.0
script duration name:co2 seconds:0.0
Script duration 214.0
Run total estimated duration= 215.000
script duration name:unknown120_60 seconds:214.0
script duration name:co2 seconds:0.0
Script duration 214.0
Run total estimated duration= 215.000
script duration name:unknown120_60 seconds:214.0
script duration name:co2 seconds:0.0
Script duration 214.0
Run total estimated duration= 215.000
script duration name:unknown120_60 seconds:214.0
script duration name:co2 seconds:0.0
Script duration 214.0
Run total estimated duration= 215.000
script duration name:unknown120_60 seconds:214.0
script duration name:co2 seconds:0.0
Script duration 214.0
Run total estimated duration= 215.000
script duration name:unknown120_60 seconds:214.0
script duration name:co2 seconds:0.0
Script duration 214.0
Run total estimated duration= 215.000
script duration name:unknown400_120 seconds:556.0
script duration name:co2 seconds:0.0
Script duration 556.0
Run total estimated duration= 557.000
script duration name:unknown400_120 seconds:556.0
script duration name:cocktail_x1 seconds:108.0
Script duration 664.0
Run total estimated duration= 665.000
script duration name:unknown400_120 seconds:556.0
script duration name:cocktail_x1 seconds:108.0
Script duration 664.0
Run total estimated duration= 665.000
script duration name:unknown400_120 seconds:556.0
script duration name:sniffair_x2 seconds:250.0
Script duration 806.0
Run total estimated duration= 807.000
script duration name:ic_peak_hop3 seconds:134.0
script duration name:air_x1 seconds:106.0
Script duration 240.0
Run total estimated duration= 241.000
script duration name:unknown120_60 seconds:214.0
script duration name:co2 seconds:0.0
Script duration 214.0
Run total estimated duration= 215.000
script duration name:unknown120_60 seconds:214.0
script duration name:co2 seconds:0.0
Script duration 214.0
Run total estimated duration= 215.000
script duration name:unknown120_60 seconds:214.0
script duration name:co2 seconds:0.0
Script duration 214.0
Run total estimated duration= 215.000
script duration name:unknown120_60 seconds:214.0
script duration name:co2 seconds:0.0
Script duration 214.0
Run total estimated duration= 215.000
script duration name:unknown120_60 seconds:214.0
script duration name:co2 seconds:0.0
Script duration 214.0
Run total estimated duration= 215.000
script duration name:unknown120_60 seconds:214.0
script duration name:co2 seconds:0.0
Script duration 214.0
Run total estimated duration= 215.000
script duration name:unknown120_60 seconds:214.0
script duration name:co2 seconds:0.0
Script duration 214.0
Run total estimated duration= 215.000
script duration name:unknown120_60 seconds:214.0
script duration name:co2 seconds:0.0
Script duration 214.0
Run total estimated duration= 215.000
script duration name:unknown120_60 seconds:214.0
script duration name:co2 seconds:0.0
Script duration 214.0
Run total estimated duration= 215.000
script duration name:unknown120_60 seconds:214.0
script duration name:co2 seconds:0.0
Script duration 214.0
Run total estimated duration= 215.000
script duration name:unknown120_60 seconds:214.0
script duration name:co2 seconds:0.0
Script duration 214.0
Run total estimated duration= 215.000
nruns=91 before=5.0, run_dur=25379.0, btw=2700.0
write rem/ex queues
/Users/jan/PychronDev/experiments/rem/CurrentExperimentPartial.rem.txt
/Users/jan/PychronDev/experiments/rem/CurrentExperimentPartial.ex.txt
doing event level: 3
