do run
loading script "jan_unknown120_60.py"
loading script "jan_pump_ms.py"
loading script "jan_co2.py"
loading script "jan_pump_extraction_line.py"
testing...
no interpolation path defined
executed 213.652928
script duration name:unknown120_60 seconds:214.0
loading script "jan_unknown120_60.py"
loading script "jan_pump_ms.py"
loading script "jan_co2.py"
loading script "jan_pump_extraction_line.py"
testing...
no interpolation path defined
executed 0
loading script "jan_unknown120_60.py"
loading script "jan_pump_ms.py"
loading script "jan_co2.py"
loading script "jan_pump_extraction_line.py"
testing...
no interpolation path defined
calculate duration
testing...
no interpolation path defined
executed 0
calculate duration
testing...
no interpolation path defined
executed 0
executed 0.0
script duration name:co2 seconds:0.0
loading script "jan_unknown120_60.py"
loading script "jan_pump_ms.py"
loading script "jan_co2.py"
loading script "jan_pump_extraction_line.py"
testing...
no interpolation path defined
calculate duration
testing...
no interpolation path defined
executed 4.0
executed 4.0
Script duration 214.0
Run total estimated duration= 215.000
run duration: 0:03:35
doing event level: 2
17:22:17 -- Setting default integration. t=1.048576
setting integration time = 1.048576
SetIntegrationTime 1.048576 ===>> OK
----------------- start -----------------
**************** Experiment Type: Ar/Ar, Ar/Ar
create new session 4993924272
close session 4993924272
$$$$$ Clearing conditionals
adding conditionals 
Add queue conditionals
add default conditionals
adding default conditionals from /Users/jan/PychronDev/setupfiles/spectrometer/default_conditionals.yaml
Start automated run 65573-15
loading script "jan_unknown120_60.py"
loading script "jan_pump_ms.py"
loading script "jan_co2.py"
loading script "jan_pump_extraction_line.py"
%%%%%%%%%%%%%%%%%% setting automated run 65573-15
No value "sensitivity_multiplier" in metadata
$$$$$$$$$$$$$$$ auto_save_detector_ic=False
============================= Pre Extraction Check =============================
loading queue conditionals pre_run_terminations
loading system conditionals pre_run_terminations
loading conditionals from /Users/jan/PychronDev/setupfiles/spectrometer/default_conditionals.yaml
17:22:17 -- ******* Pre Extraction Check *******
Get a measurement from the spectrometer
GetData ===>> H2,-0.109597294628678,H1,0.0823915022906576,AX,-0.0815768874676804,L1,-0.0233214925382809,L2,0.05...
Pre Extraction Termination data. keys=H2,H1,AX,L1,L2,CDD, signals=-0.10960,0.08239,-0.08158,-0.02332,0.05352,0.00194
17:22:17 -- testing system defined conditionals
Checking default pre extraction terminations n=2
testing CDD
evaluate ot="CDD.inactive" t="CDD", ctx="{'CDD': False}"
GetDeflection CDD ===>> 50
testing CDD==2000
evaluate ot="CDD.deflection==2000" t="CDD==2000", ctx="{'CDD': 50.0}"
17:22:17 -- ******* Pre Extraction Check Passed *******
=================================================================================
17:22:17 -- stopping status monitor
stop 4977824688
Alive clients [4983939824]
17:22:17 -- starting status monitor
start 4977824688
Monitor already running
start extraction
do extraction
Analysis started at 17:22:17.211895
Extraction Started jan_co2.py
17:22:17 -- ******* Extraction Started jan_co2.py *******
state changed from not run to extraction
DO EXTRACTION <pychron.extraction_line.pyscript_runner.RemotePyScriptRunner object at 0x12c3c43b0>
testing...
no interpolation path defined
calculate duration
testing...
no interpolation path defined
executed 0
calculate duration
testing...
no interpolation path defined
executed 0
executed 100.0
Jan CO2 laser analysis
doing GOSUB
testing...
no interpolation path defined
executed 0
Waiting for CO2 access
wait ('FelixCO2Flag', 0) {}
waiting for FelixCO2Flag = 0
Read FelixCO2Flag ===>> 0
finished waiting
CO2 free
wait ('CO2PumpTimeFlag', 0) {}
waiting for CO2PumpTimeFlag = 0
Read CO2PumpTimeFlag ===>> 0
finished waiting
acquire ('JanCO2Flag',) {'clear': True}
acquire JanCO2Flag
Set JanCO2Flag 1 ===>> OK
JanCO2Flag acquired
set extraction state False (0.75, 'red', 1.5)
CO2 acquired
executed 0
WaitForCO2Access.py completed successfully
gosub finished
doing GOSUB
testing...
no interpolation path defined
executed 0
Prepare for CO2 analysis
close () {'description': 'Jan Inlet'}
closing name=--- desc=Jan Inlet
checking ownership. requestor=129.138.12.150
check software interlocks R
interlocks []
actuate state mode=None-script, software_lock=False
doing actuation None-script close_channel False
Close R ===>> OK
GetIndicatorState R ===>> False
change switch state (True, True)
update switch state R False args=() kw={} ncanvase=2
17:22:17 -- CLOSE  VALVE-R (Jan Inlet)
---------------------------------------- close None (Jan Inlet) result=[(True, True)]
action=close, ok=True, locked=[False]
open () {'description': 'Jan Ion Pump'}
opening name=--- desc=Jan Ion Pump
checking ownership. requestor=129.138.12.150
check software interlocks O
interlocks []
actuate state mode=None-script, software_lock=False
doing actuation None-script open_channel False
Open O ===>> OK
GetIndicatorState O ===>> OK
change switch state (True, True)
update switch state O True args=() kw={} ncanvase=2
17:22:17 -- OPEN   VALVE-O (Jan Ion Pump)
---------------------------------------- open None (Jan Ion Pump) result=[(True, True)], time=0.09 sec
action=open, ok=True, locked=[False]
close () {'description': 'Microbone to Minibone'}
closing name=--- desc=Microbone to Minibone
checking ownership. requestor=129.138.12.150
check software interlocks L
interlocks []
actuate state mode=None-script, software_lock=False
doing actuation None-script close_channel False
Close L ===>> OK
GetIndicatorState L ===>> False
change switch state (True, True)
update switch state L False args=() kw={} ncanvase=2
17:22:18 -- CLOSE  VALVE-L (Microbone to Minibone)
---------------------------------------- close None (Microbone to Minibone) result=[(True, True)]
Get Checksum: 2035211824
action=close, ok=True, locked=[False]
open () {'description': 'Microbone to Turbo'}
opening name=--- desc=Microbone to Turbo
checking ownership. requestor=129.138.12.150
check software interlocks U
interlocks []
actuate state mode=None-script, software_lock=False
doing actuation None-script open_channel False
Open U ===>> OK
GetIndicatorState U ===>> OK
change switch state (True, True)
update switch state U True args=() kw={} ncanvase=2
17:22:19 -- OPEN   VALVE-U (Microbone to Turbo)
---------------------------------------- open None (Microbone to Turbo) result=[(True, True)], time=0.13 sec
action=open, ok=True, locked=[False]
open () {'description': 'Microbone to Inlet Pipette'}
opening name=--- desc=Microbone to Inlet Pipette
checking ownership. requestor=129.138.12.150
check software interlocks S
interlocks []
actuate state mode=None-script, software_lock=False
doing actuation None-script open_channel False
Open S ===>> OK
GetIndicatorState S ===>> OK
change switch state (True, True)
update switch state S True args=() kw={} ncanvase=2
17:22:19 -- OPEN   VALVE-S (Microbone to Inlet Pipette)
---------------------------------------- open None (Microbone to Inlet Pipette) result=[(True, True)], time=0.41 sec
action=open, ok=True, locked=[False]
open () {'description': 'Microbone to Getter D-50'}
opening name=--- desc=Microbone to Getter D-50
checking ownership. requestor=129.138.12.150
check software interlocks K
interlocks []
actuate state mode=None-script, software_lock=False
doing actuation None-script open_channel False
Open K ===>> OK
GetIndicatorState K ===>> OK
change switch state (True, True)
update switch state K True args=() kw={} ncanvase=2
17:22:20 -- OPEN   VALVE-K (Microbone to Getter D-50)
---------------------------------------- open None (Microbone to Getter D-50) result=[(True, True)], time=0.42 sec
action=open, ok=True, locked=[False]
open () {'description': 'Microbone to Getter NP-10'}
opening name=--- desc=Microbone to Getter NP-10
checking ownership. requestor=129.138.12.150
check software interlocks M
interlocks []
actuate state mode=None-script, software_lock=False
doing actuation None-script open_channel False
Open M ===>> OK
GetIndicatorState M ===>> OK
change switch state (True, True)
update switch state M True args=() kw={} ncanvase=2
17:22:20 -- OPEN   VALVE-M (Microbone to Getter NP-10)
---------------------------------------- open None (Microbone to Getter NP-10) result=[(True, True)], time=0.13 sec
action=open, ok=True, locked=[False]
close () {'description': 'CO2 Laser to Felix'}
closing name=--- desc=CO2 Laser to Felix
checking ownership. requestor=129.138.12.150
check software interlocks F
interlocks []
actuate state mode=None-script, software_lock=True
VALVE-F(CO2 Laser to Felix) software locked
change switch state (True, False)
---------------------------------------- close None (CO2 Laser to Felix) result=[(True, False)]
action=close, ok=True, locked=[True]
open () {'description': 'CO2 Laser to Jan'}
opening name=--- desc=CO2 Laser to Jan
checking ownership. requestor=129.138.12.150
check software interlocks A
interlocks []
actuate state mode=None-script, software_lock=False
doing actuation None-script open_channel False
Open A ===>> OK
GetIndicatorState A ===>> OK
change switch state (True, True)
update switch state A True args=() kw={} ncanvase=2
17:22:21 -- OPEN   VALVE-A (CO2 Laser to Jan)
---------------------------------------- open None (CO2 Laser to Jan) result=[(True, True)], time=0.13 sec
action=open, ok=True, locked=[False]
open () {'description': 'Microbone to CO2 Laser'}
opening name=--- desc=Microbone to CO2 Laser
checking ownership. requestor=129.138.12.150
check software interlocks T
interlocks []
actuate state mode=None-script, software_lock=False
doing actuation None-script open_channel False
Open T ===>> OK
Get Checksum: 2035211824
GetIndicatorState T ===>> OK
change switch state (True, True)
update switch state T True args=() kw={} ncanvase=2
17:22:21 -- OPEN   VALVE-T (Microbone to CO2 Laser)
---------------------------------------- open None (Microbone to CO2 Laser) result=[(True, True)], time=0.40 sec
action=open, ok=True, locked=[False]
executed 0
PrepareForCO2Analysis.py completed successfully
gosub finished
set_motor ('beam', '1.25') {}
setting motor "beam" to 1.25
set motor beam to 1.25
SetMotor beam,1.25 ===>> OK
GetMotorMoving beam ===>> False
GetMotorMoving beam ===>> False
Block completed
move_to_position ('56',) {'autocenter': True}
FusionsCO2 move to position 56
sending GoToHole 56,True
GoToHole 56,True ===>> OK
GetDriveMoving ===>> OK
GetDriveMoving ===>> OK
GetDriveMoving ===>> OK
GetDriveMoving ===>> OK
Get Checksum: 2035211824
GetDriveMoving ===>> OK
GetDriveMoving ===>> OK
GetDriveMoving ===>> False
GetDriveMoving ===>> OK
GetDriveMoving ===>> OK
GetDriveMoving ===>> OK
GetDriveMoving ===>> OK
GetDriveMoving ===>> False
Block completed
GetAutoCorrecting ===>> False
GetAutoCorrecting ===>> False
Block completed
update position
GetPosition ===>> -9.96950,5.98170,1.00000
got position (-9.9695, 5.9817, 1.0)
move to position succeeded
sleep (5,) {}
SLEEP 5.0
block started
WaitControl setup for 5.0  
Get Checksum: 2035211824
Get Checksum: 2035211824
Join finished
block finished. duration 5.02646589279
close () {'description': 'Microbone to Turbo'}
closing name=--- desc=Microbone to Turbo
checking ownership. requestor=129.138.12.150
check software interlocks U
interlocks []
actuate state mode=None-script, software_lock=False
doing actuation None-script close_channel True
Close U ===>> OK
set states for children of U. state=False
handle state [('U', False)]
update switch state U False args=() kw={'refresh': False} ncanvase=2
refresh_canvas_needed fired
GetIndicatorState U ===>> False
change switch state (True, True)
update switch state U False args=() kw={} ncanvase=2
17:22:32 -- CLOSE  VALVE-U (Microbone to Turbo)
---------------------------------------- close None (Microbone to Turbo) result=[(True, True)]
action=close, ok=True, locked=[False]
enable laser
enable () {}
set extraction state FusionsCO2 Enabled (False, 'red', 1.5)
enabling laser
Enable ===>> OK
begin interval
BEGIN INTERVAL Interval 1 waiting for 30.0
block started
WaitControl setup for 30.0  
set extract to 5.0
extract (5.0,) {}
GetPosition ===>> -9.96950,5.98170,1.00000
set extraction state FusionsCO2 ON! 5.0(watts) (0.75, 'red', 1.5)
extract sample to 5.0 (watts)
set laser output
SetLaserOutput 5.0,watts ===>> OK
executing pattern triangle.lp
execute_pattern ('triangle.lp',) {}
executing pattern triangle.lp
Get Checksum: 1223320555
IsPatterning ===>> OK
IsPatterning ===>> OK
IsPatterning ===>> OK
IsPatterning ===>> OK
Get Checksum: 1223320555
IsPatterning ===>> OK
IsPatterning ===>> OK
IsPatterning ===>> OK
Get Checksum: 1223320555
IsPatterning ===>> OK
IsPatterning ===>> OK
IsPatterning ===>> OK
Get Checksum: 1223320555
IsPatterning ===>> OK
IsPatterning ===>> OK
IsPatterning ===>> OK
Get Checksum: 1223320555
IsPatterning ===>> OK
IsPatterning ===>> OK
IsPatterning ===>> OK
Get Checksum: 1223320555
IsPatterning ===>> OK
IsPatterning ===>> OK
IsPatterning ===>> OK
Get Checksum: 1223320555
IsPatterning ===>> OK
IsPatterning ===>> OK
IsPatterning ===>> OK
Get Checksum: 1223320555
IsPatterning ===>> OK
IsPatterning ===>> OK
IsPatterning ===>> OK
Get Checksum: 1223320555
IsPatterning ===>> OK
IsPatterning ===>> False
IsPatterning ===>> False
Block completed
COMPLETE INTERVAL waiting for Interval 1 to complete
Get Checksum: 1223320555
Join finished
block finished. duration 30.085021019
Interval 1 finished
end_extract () {}
ending extraction. set laser power to 0
set laser power 0
SetLaserPower 0 ===>> OK
disable () {}
%%%%%%%%%%%%%%%%%%%%%%%%%%%%%%%%%%% disable
set extraction state False (0.75, 'red', 1.5)
disabling laser
Disable ===>> OK
sleep (30.0,) {}
SLEEP 30.0
block started
WaitControl setup for 30.0  
Get Checksum: 1223320555
Get Checksum: 1223320555
Get Checksum: 1223320555
Get Checksum: 1223320555
Get Checksum: 1223320555
Get Checksum: 1223320555
Get Checksum: 1223320555
Get Checksum: 1223320555
Get Checksum: 1223320555
Get Checksum: 1223320555
Join finished
block finished. duration 30.0698108673
executed 166.5
jan_co2.py completed successfully
GetAchievedOutput ===>> No Response
Requested Output= 0.000
Achieved Output=  0.000
GetResponseBlob ===>> No Response
GetOutputBlob ===>> No Response
persistence save...
persistence save - db
AutomatedRunPersister post_extraction_save deprecated
persistence save - dvc
no extraction position for 56
create new session 4983587952
close session 4983587952
Extraction Finished
17:23:34 -- ******* Extraction Finished *******
no overlap. not waiting for min ms pumptime
17:23:34 -- Sending spectrometer configuration
======== Sending configuration ========
SetDeflection CDD,50.0 ===>> OK
SetDeflection H2,0.0 ===>> OK
SetDeflection H1,0.0 ===>> OK
SetDeflection L2,825.0 ===>> OK
SetDeflection L1,400.0 ===>> OK
SetDeflection AX,190.0 ===>> OK
SetZFocus 74.64 ===>> OK
SetZSymmetry -50.72 ===>> OK
SetExtractionLens 26.13 ===>> OK
SetIonRepeller -3.81 ===>> OK
SetElectronEnergy 75.08 ===>> OK
SetYSymmetry -2.81 ===>> OK
SetIonCounterVoltage 1590.0 ===>> OK
send trap current 200.0
GetParameter Trap Current Readback ===>> 198.370811206739
SetParameter Trap Current Set,200.0 ===>> OK
updating mftable name mftable
Using mftable located at /Users/jan/PychronDev/setupfiles/spectrometer/mftables/mftable.csv
============ MFtable ===========
Isotope  H2     H1     AX     L1     L2     CDD    
Ar40     5.7836 5.8793 5.9927 6.1235 6.2311 6.3517
Ar39     5.6828 5.7716 5.8851 6.0095 6.1162 6.2382
Ar36     5.3603 5.4406 5.5485 5.6684 5.7712 5.8893
================================
get initial guess parabolic
get initial guess parabolic
get initial guess parabolic
get initial guess parabolic
get initial guess parabolic
get initial guess parabolic
======== Configuration Finished ========
GetYSymmetry ===>> -2.81
GetZSymmetry ===>> -50.72
GetParameter Trap Current Readback ===>> 198.147042666178
GetHighVoltage ===>> 4500
start measurement
do measurement
L#=65573 analysis type=unknown
Measurement Started jan_unknown120_60.py
17:23:34 -- ******* Measurement Started jan_unknown120_60.py *******
state changed from extraction to measurement
setting spec, defl, and gains
GetExtractionLens ===>> 26.13
GetYSymmetry ===>> -2.81
GetZSymmetry ===>> -50.72
GetZFocus ===>> 74.64
GetDeflection H2 ===>> 0
GetDeflection H1 ===>> 0
GetDeflection AX ===>> 190
GetDeflection L1 ===>> 400
GetDeflection L2 ===>> 825
GetDeflection CDD ===>> 50
GetGain H2 ===>> 0.0113
GetGain H1 ===>> 0.1
GetGain AX ===>> 0.097049
GetGain L1 ===>> 0.010355
GetGain L2 ===>> 0.095649
GetGain CDD ===>> 0
pre measurement save
New frame /Users/jan/PychronDev/data/isotopes/e1/48f189-aabc-48c2-8931-14618916dda5.h5
flush and close file /Users/jan/PychronDev/data/isotopes/e1/48f189-aabc-48c2-8931-14618916dda5.h5
testing...
no interpolation path defined
executed 226.132928
unknown measurement script
activate_detectors ('H2', 'H1', 'AX', 'L1', 'L2', 'CDD') {}
activate detectors
*************** Set Analysis View Ar/Ar
create graphs
clearing graphs
clear isotope group
setting isotope det=H2, iso=PM41
setting isotope det=H1, iso=Ar40
setting isotope det=AX, iso=Ar39
setting isotope det=L1, iso=Ar38
setting isotope det=L2, iso=Ar37
setting isotope det=CDD, iso=Ar36
setting previous blanks
 - setting Ar40 blank 0.746+/-0.006
 - setting Ar36 blank 0.00632+/-0.00019
 - setting Ar37 blank 0.041+/-0.005
 - setting Ar38 blank 0.0078+/-0.0024
 - setting PM41 blank 0.02+/-0.07
 - setting Ar39 blank 0.023+/-0.008
load analysis view
position_magnet ('Ar40',) {'detector': 'H1'}
detector Detector(H1)
POSITION Ar40 H1
setting detector H2 to PM41 (40.9624)
setting detector H1 to Ar40 (39.9624)
setting detector AX to Ar39 (38.9624)
setting detector L1 to Ar38 (37.9624)
setting detector L2 to Ar37 (36.9624)
setting detector CDD to Ar36 (35.9624)
Mapping mass to dac mass func: "parabolic"
H1 map mass coeffs = [-0.00063987  0.15840543  0.57088999]
H1 map mass to dac 39.9624 >> 5.87928
GetDeflection H1 ===>> 0
GetHighVoltage ===>> 4500
positioning Ar40 (5.87928) on H1
setting magnet DAC
current  : 5.879278
requested: 5.879280
Delta Dac: 0.000002
Checking detector protection. dv=0.00000
Checking detector "CDD". Protection Threshold: 0.1 (V)
SetMagnetDAC 5.87928 ===>> OK
Magnet settling time: 0.500
Get Checksum: 1223320555
equilibrate () {'delay': 3, 'inlet': 'R', 'outlet': 'O', 'eqtime': 12.0}
Equilibration Started
17:23:36 -- ******* Equilibration Started *******
checking ownership. requestor=129.138.12.150
check software interlocks O
interlocks []
actuate state mode=None-script, software_lock=False
doing actuation None-script close_channel True
Close O ===>> OK
GetIndicatorState O ===>> False
change switch state (True, True)
update switch state O False args=() kw={} ncanvase=2
17:23:36 -- CLOSE  VALVE-O (Jan Ion Pump)
waiting 3s before opening inlet value ('R',)
Get Checksum: 1281862853
checking ownership. requestor=129.138.12.150
check software interlocks R
interlocks []
actuate state mode=None-script, software_lock=False
doing actuation None-script open_channel True
Open R ===>> OK
GetIndicatorState R ===>> OK
change switch state (True, True)
update switch state R True args=() kw={} ncanvase=2
17:23:39 -- OPEN   VALVE-R (Jan Inlet)
set_time_zero () {}
equilibrating for 12.0sec
sniff (12.0,) {}
py_sniff
build tables- sniff [Detector(H2), Detector(H1), Detector(AX), Detector(L1), Detector(L2), Detector(CDD)]
add group /sniff/PM41 (Group) '' table H2
add group /sniff/Ar40 (Group) '' table H1
add group /sniff/Ar39 (Group) '' table AX
add group /sniff/Ar38 (Group) '' table L1
add group /sniff/Ar37 (Group) '' table L2
add group /sniff/Ar36 (Group) '' table CDD
flush and close file /Users/jan/PychronDev/data/isotopes/e1/48f189-aabc-48c2-8931-14618916dda5.h5
measuring sniff. ncounts=12.0
starting measurement
GetData ===>> H2,-0.0724675230449392,H1,28.4871753986767,AX,7.74315679384751,L1,0.0198548890438244,L2,0.1418478...
GetData ===>> H2,0.9627606224618,H1,307.262987210386,AX,78.844586801424,L1,0.498375279300309,L2,0.7283621005481...
Get Checksum: 594863745
GetData ===>> H2,0.551704590368795,H1,466.630100743164,AX,115.428772158538,L1,1.01502640952137,L2,0.85889483032...
GetData ===>> H2,0.0946480723071204,H1,516.538425341367,AX,125.371747053576,L1,1.36570414223104,L2,0.8472095199...
GetData ===>> H2,0.101929731822248,H1,534.410510537141,AX,128.564117440032,L1,1.48654209720941,L2,0.93132738166...
Get Checksum: 594863745
GetData ===>> H2,-0.00260579206781763,H1,541.325480551316,AX,129.796756567492,L1,1.56582311727211,L2,0.81208203...
GetData ===>> H2,-0.150537600827442,H1,544.053141888689,AX,130.3300064984,L1,1.63023655228195,L2,0.890615995697...
GetData ===>> H2,-0.184942887989193,H1,545.324901668885,AX,130.668397266709,L1,1.67108528278384,L2,0.9353364676...
Get Checksum: 594863745
GetData ===>> H2,-0.00734002922480698,H1,545.610329191783,AX,130.787055262882,L1,1.71506136954742,L2,0.94706686...
GetData ===>> H2,0.121171583414072,H1,545.482689726093,AX,130.707546818046,L1,1.72253851247531,L2,0.86089784206...
GetData ===>> H2,0.00859177096587767,H1,545.769417899655,AX,130.642516035595,L1,1.70335897611022,L2,0.784462130...
Get Checksum: 594863745
Equilibration Finished
17:23:52 -- ******* Equilibration Finished *******
checking ownership. requestor=129.138.12.150
check software interlocks R
interlocks []
actuate state mode=None-script, software_lock=False
doing actuation None-script close_channel True
GetData ===>> H2,-0.0891776695090847,H1,545.581352439014,AX,130.501235273938,L1,1.70518609808513,L2,0.916964772...
Close R ===>> OK
GetIndicatorState R ===>> False
change switch state (True, True)
update switch state R False args=() kw={} ncanvase=2
17:23:52 -- CLOSE  VALVE-R (Jan Inlet)
Post Equilibration Started jan_pump_extraction_line.py
17:23:52 -- ******* Post Equilibration Started jan_pump_extraction_line.py *******
testing...
no interpolation path defined
calculate duration
testing...
no interpolation path defined
executed 4.0
executed 4.0
Pump after analysis
doing GOSUB
testing...
no interpolation path defined
executed 4.0
Pump Microbone
close () {'description': 'Jan Inlet'}
closing name=--- desc=Jan Inlet
checking ownership. requestor=129.138.12.150
check software interlocks R
interlocks []
actuate state mode=None-script, software_lock=False
doing actuation None-script close_channel False
Close R ===>> OK
measurement finished
estimated time: 12.583 actual time: :12.671
flush and close file /Users/jan/PychronDev/data/isotopes/e1/48f189-aabc-48c2-8931-14618916dda5.h5
set_fits () {}
using default fits file=/Users/jan/PychronDev/scripts/measurement/fits/nominal_linear.yaml
set "Ar40" to "('Linear', 'SEM')"
No fit for "PM41". defaulting to linear. check the measurement script "jan_unknown120_60.py"
set "PM41" to "linear"
set "Ar36" to "('Linear', 'SEM')"
set "Ar37" to "('linear', 'SEM')"
set "Ar38" to "('linear', 'SEM')"
set "Ar39" to "('Linear', 'SEM')"
set_baseline_fits () {}
using default fits file=/Users/jan/PychronDev/scripts/measurement/fits/nominal_linear.yaml
GetIndicatorState R ===>> False
set "H1" to "('average', 'SEM')"
change switch state (True, True)
set "H2" to "('average', 'SEM')"
update switch state R False args=() kw={} ncanvase=2
set "CDD" to "('average', 'SEM')"
set "L2" to "('average', 'SEM')"
set "L1" to "('average', 'SEM')"
set "AX" to "('average', 'SEM')"
multicollect () {'integration_time': 1, 'ncounts': 120}
build tables- signal [Detector(H2), Detector(H1), Detector(AX), Detector(L1), Detector(L2), Detector(CDD)]
17:23:53 -- CLOSE  VALVE-R (Jan Inlet)
---------------------------------------- close None (Jan Inlet) result=[(True, True)]
add group /signal/PM41 (Group) '' table H2
add group /signal/Ar40 (Group) '' table H1
add group /signal/Ar39 (Group) '' table AX
add group /signal/Ar38 (Group) '' table L1
add group /signal/Ar37 (Group) '' table L2
add group /signal/Ar36 (Group) '' table CDD
flush and close file /Users/jan/PychronDev/data/isotopes/e1/48f189-aabc-48c2-8931-14618916dda5.h5
measuring signal. ncounts=120
action=close, ok=True, locked=[False]
is_closed ('F',) {}
is F () closed?
is closed True
open () {'description': 'CO2 Laser to Jan'}
opening name=--- desc=CO2 Laser to Jan
checking ownership. requestor=129.138.12.150
check software interlocks A
interlocks []
actuate state mode=None-script, software_lock=False
doing actuation None-script open_channel False
Open A ===>> OK
GetIndicatorState A ===>> OK
change switch state (True, True)
update switch state A True args=() kw={} ncanvase=2
17:23:53 -- OPEN   VALVE-A (CO2 Laser to Jan)
---------------------------------------- open None (CO2 Laser to Jan) result=[(True, True)], time=0.14 sec
starting measurement
GetData ===>> H2,0.108298354435029,H1,545.563936269847,AX,130.233185556325,L1,1.70174204330375,L2,1.03510074271...
action=open, ok=True, locked=[False]
sleep (1,) {}
SLEEP 1.0
Get Checksum: 1281862853
GetData ===>> H2,0.181079082008797,H1,545.646908890907,AX,130.628520561014,L1,1.70570001154648,L2,0.82899196932...
close () {'description': 'CO2 Laser to Roughing'}
closing name=--- desc=CO2 Laser to Roughing
checking ownership. requestor=129.138.12.150
check software interlocks G
interlocks []
actuate state mode=None-script, software_lock=True
VALVE-G(CO2 Laser to Roughing) software locked
change switch state (True, False)
---------------------------------------- close None (CO2 Laser to Roughing) result=[(True, False)]
action=close, ok=True, locked=[True]
open () {'description': 'Microbone to Turbo'}
opening name=--- desc=Microbone to Turbo
checking ownership. requestor=129.138.12.150
check software interlocks U
interlocks []
actuate state mode=None-script, software_lock=False
doing actuation None-script open_channel True
Open U ===>> OK
GetIndicatorState U ===>> OK
change switch state (True, True)
update switch state U True args=() kw={} ncanvase=2
17:23:55 -- OPEN   VALVE-U (Microbone to Turbo)
---------------------------------------- open None (Microbone to Turbo) result=[(True, True)], time=0.18 sec
action=open, ok=True, locked=[False]
open () {'description': 'Microbone to Getter NP-10'}
opening name=--- desc=Microbone to Getter NP-10
checking ownership. requestor=129.138.12.150
check software interlocks M
interlocks []
actuate state mode=None-script, software_lock=False
doing actuation None-script open_channel False
Open M ===>> OK
GetIndicatorState M ===>> OK
change switch state (True, True)
update switch state M True args=() kw={} ncanvase=2
17:23:55 -- OPEN   VALVE-M (Microbone to Getter NP-10)
---------------------------------------- open None (Microbone to Getter NP-10) result=[(True, True)], time=0.16 sec
action=open, ok=True, locked=[False]
open () {'description': 'Microbone to Getter D-50'}
opening name=--- desc=Microbone to Getter D-50
checking ownership. requestor=129.138.12.150
check software interlocks K
interlocks []
actuate state mode=None-script, software_lock=False
doing actuation None-script open_channel False
GetData ===>> H2,0.0479025989768058,H1,545.283669838365,AX,130.629780492088,L1,1.71598987234351,L2,0.8141755923...
Open K ===>> OK
GetIndicatorState K ===>> OK
change switch state (True, True)
update switch state K True args=() kw={} ncanvase=2
17:23:56 -- OPEN   VALVE-K (Microbone to Getter D-50)
---------------------------------------- open None (Microbone to Getter D-50) result=[(True, True)], time=0.40 sec
action=open, ok=True, locked=[False]
open () {'description': 'Microbone to CO2 Laser'}
opening name=--- desc=Microbone to CO2 Laser
checking ownership. requestor=129.138.12.150
check software interlocks T
interlocks []
actuate state mode=None-script, software_lock=False
doing actuation None-script open_channel False
Open T ===>> OK
GetIndicatorState T ===>> OK
change switch state (True, True)
update switch state T True args=() kw={} ncanvase=2
17:23:56 -- OPEN   VALVE-T (Microbone to CO2 Laser)
---------------------------------------- open None (Microbone to CO2 Laser) result=[(True, True)], time=0.40 sec
GetData ===>> H2,0.0258032881404926,H1,545.008222222884,AX,130.446207268036,L1,1.70623736970696,L2,0.8532179496...
action=open, ok=True, locked=[False]
open () {'description': 'Microbone to Inlet Pipette'}
opening name=--- desc=Microbone to Inlet Pipette
checking ownership. requestor=129.138.12.150
check software interlocks S
interlocks []
actuate state mode=None-script, software_lock=False
doing actuation None-script open_channel False
Open S ===>> OK
GetIndicatorState S ===>> OK
change switch state (True, True)
update switch state S True args=() kw={} ncanvase=2
17:23:57 -- OPEN   VALVE-S (Microbone to Inlet Pipette)
---------------------------------------- open None (Microbone to Inlet Pipette) result=[(True, True)], time=0.41 sec
action=open, ok=True, locked=[False]
sleep (1,) {}
SLEEP 1.0
GetData ===>> H2,-0.0332444888072178,H1,544.804247988092,AX,130.47340892616,L1,1.71501058415251,L2,0.7618327768...
set_resource () {'name': 'CO2PumpTimeFlag', 'value': 30}
Set CO2PumpTimeFlag 30 ===>> OK
release ('JanCO2Flag',) {}
release JanCO2Flag
Set JanCO2Flag 0 ===>> OK
executed 6.0
PumpMicrobone.py completed successfully
gosub finished
get_resource_value () {'name': 'JanMiniboneFlag'}
Read JanMiniboneFlag ===>> 0
Get Resource Value JanMiniboneFlag=0.0
get resource value 0.0
get_resource_value () {'name': 'JanMiniboneFlag'}
Read JanMiniboneFlag ===>> 0
Get Resource Value JanMiniboneFlag=0.0
executed 4.0
jan_pump_extraction_line.py completed successfully
Post Equilibration Finished
17:23:58 -- ******* Post Equilibration Finished *******
GetData ===>> H2,-0.0926367717012818,H1,544.473034248822,AX,130.202447293933,L1,1.68084352915843,L2,0.774423059...
Get Checksum: 799532470
GetData ===>> H2,-0.157782563806265,H1,544.221399158902,AX,130.244355748557,L1,1.67597176404658,L2,0.7960822060...
GetData ===>> H2,-0.0778692239361455,H1,544.050747000809,AX,130.589486916676,L1,1.66758421788315,L2,0.916014212...
GetData ===>> H2,-0.140256561227587,H1,544.204405847022,AX,130.153787536917,L1,1.69784910760818,L2,0.8159259796...
Get Checksum: 799532470
GetData ===>> H2,-0.0732362528265211,H1,543.869371311318,AX,130.033838659423,L1,1.66072154021343,L2,0.914387975...
GetData ===>> H2,-0.124289227995158,H1,543.420404098042,AX,129.809985317808,L1,1.64821697425607,L2,0.9663839087...
GetData ===>> H2,-0.221214799701104,H1,543.276742003569,AX,129.914258066934,L1,1.72781536404595,L2,0.8503681904...
Get Checksum: 799532470
GetData ===>> H2,-0.135318079590156,H1,542.860331931115,AX,129.96755530792,L1,1.68388574751693,L2,0.87091352722...
GetData ===>> H2,-0.19316381396106,H1,542.920353449359,AX,129.719069102224,L1,1.61165975886683,L2,0.92478720316...
Get Checksum: 799532470
GetData ===>> H2,-0.159422314593244,H1,542.41284725947,AX,129.822504013987,L1,1.65711413011147,L2,0.87141720067...
GetData ===>> H2,-0.105672445355299,H1,542.387179262862,AX,130.003565477639,L1,1.6956709187105,L2,0.74351114258...
GetData ===>> H2,-0.075500111086425,H1,542.551277303961,AX,129.889076131198,L1,1.70534352217147,L2,0.8232024411...
Get Checksum: 799532470
GetData ===>> H2,-0.153752415417403,H1,541.924095388742,AX,129.741803046058,L1,1.67167648258053,L2,0.8480449552...
GetData ===>> H2,-0.135746716298237,H1,541.753620865395,AX,129.758546235856,L1,1.65646863746788,L2,0.8382605175...
GetData ===>> H2,-0.125146504650226,H1,541.88114808021,AX,129.68715803151,L1,1.66513608901683,L2,0.773141063905...
Get Checksum: 799532470
GetData ===>> H2,-0.0707346400159118,H1,541.728812264236,AX,129.773376809067,L1,1.62624446802719,L2,0.877163843...
GetData ===>> H2,-0.115942948136821,H1,541.372109507294,AX,129.62230875101,L1,1.62833951382634,L2,0.83138339801...
GetData ===>> H2,-0.0566692587120076,H1,541.371579097571,AX,129.520357171404,L1,1.61589639917266,L2,0.826314555...
Get Checksum: 799532470
GetData ===>> H2,-0.0906072341825652,H1,541.15296319764,AX,129.258894534309,L1,1.63339858550129,L2,0.8939821904...
17:24:19 -- collecting point 25
GetData ===>> H2,-0.0300528903573986,H1,540.568819430687,AX,129.271419059726,L1,1.62688486621197,L2,0.843364322...
GetData ===>> H2,-0.135096317965184,H1,540.296006460985,AX,129.501156638454,L1,1.66197798384067,L2,0.9008179894...
Get Checksum: 799532470
GetData ===>> H2,-0.166794209203945,H1,540.391514810519,AX,129.474349236307,L1,1.68231445743531,L2,0.8811706708...
GetData ===>> H2,-0.24192387476316,H1,540.149469217753,AX,129.286801042291,L1,1.69804951240482,L2,0.87042130344...
GetData ===>> H2,-0.15261593291309,H1,540.240848813511,AX,129.15111410912,L1,1.67354904332101,L2,0.891085423938...
Get Checksum: 799532470
GetData ===>> H2,-0.118686940451858,H1,539.840418509069,AX,129.277401840466,L1,1.69837485269909,L2,0.8553238501...
GetData ===>> H2,-0.110176780398443,H1,539.884346446145,AX,129.239048847256,L1,1.66995754435945,L2,0.9242030757...
GetData ===>> H2,-0.239095770689252,H1,539.74497851144,AX,129.134289198528,L1,1.65791163256831,L2,0.85482026100...
Get Checksum: 799532470
GetData ===>> H2,-0.179929467595532,H1,539.356687923598,AX,128.956734113608,L1,1.65979651606281,L2,0.8234655939...
GetData ===>> H2,-0.194211057634472,H1,539.049026171485,AX,129.078848828889,L1,1.62995515248888,L2,0.9170792979...
GetData ===>> H2,-0.183844874365286,H1,538.588317552158,AX,129.048742493939,L1,1.65980041347181,L2,0.8476558475...
Get Checksum: 799532470
GetData ===>> H2,-0.080006152415057,H1,538.378334439588,AX,128.822657346905,L1,1.66854933431314,L2,0.7726374276...
GetData ===>> H2,-0.1109227571011,H1,538.432080039931,AX,129.078983838042,L1,1.64148553096982,L2,0.775808090835...
Get Checksum: 799532470
GetData ===>> H2,-0.0679245848382671,H1,537.959984639941,AX,129.080430371747,L1,1.66671919284488,L2,0.849876071...
GetData ===>> H2,-0.0987475824800302,H1,537.815516561696,AX,128.83289457281,L1,1.67251331246207,L2,0.8648353126...
GetData ===>> H2,-0.215059265641096,H1,537.709599041185,AX,128.794956464622,L1,1.65306387443386,L2,0.9120059324...
Get Checksum: 799532470
GetData ===>> H2,-0.202919071004583,H1,537.427915059323,AX,128.770652221608,L1,1.64781337950616,L2,0.7945938420...
GetData ===>> H2,-0.189731625903707,H1,537.088827021702,AX,128.400012790105,L1,1.63540678479376,L2,0.8398168058...
GetData ===>> H2,-0.0218568909817544,H1,536.902816426475,AX,128.340348129556,L1,1.63449734116201,L2,0.839679485...
Get Checksum: 799532470
GetData ===>> H2,-0.0901180858395614,H1,536.659142671825,AX,128.754926759214,L1,1.60010449077943,L2,0.859100852...
GetData ===>> H2,-0.0981910821255742,H1,536.674599971633,AX,128.476357947681,L1,1.6190312012069,L2,0.7956013474...
GetData ===>> H2,-0.118379830285551,H1,536.623356242068,AX,128.405210433046,L1,1.67325533800508,L2,0.7774793128...
Get Checksum: 799532470
GetData ===>> H2,-0.112989844870932,H1,536.642632181516,AX,128.433684933408,L1,1.66678023590487,L2,0.7907471001...
GetData ===>> H2,-0.164543994636595,H1,536.350564872133,AX,128.632519733986,L1,1.62647391810563,L2,0.8212345386...
GetData ===>> H2,-0.188694754819548,H1,535.757051690065,AX,128.406962268903,L1,1.64698806830499,L2,0.8719666656...
Get Checksum: 799532470
17:24:45 -- collecting point 50
GetData ===>> H2,-0.152940267718661,H1,535.742577789538,AX,128.225419743318,L1,1.67929998301926,L2,0.8216807455...
GetData ===>> H2,-0.153069999042785,H1,535.477510862411,AX,128.240658890459,L1,1.64104287747978,L2,0.8693796288...
GetData ===>> H2,-0.188290227989198,H1,535.175975509081,AX,128.439230247543,L1,1.63403291851025,L2,0.9116738253...
Get Checksum: 799532470
GetData ===>> H2,-0.11561005189599,H1,535.024175429638,AX,128.202756096533,L1,1.6428577413033,L2,0.887307164124...
GetData ===>> H2,0.000272152151645978,H1,534.507233794244,AX,128.166997101143,L1,1.66825186671059,L2,0.80106266...
GetData ===>> H2,-0.111621304289545,H1,534.426227975263,AX,127.86610911041,L1,1.62905653734291,L2,0.88340311837...
Get Checksum: 799532470
GetData ===>> H2,-0.190198119492397,H1,534.29881297787,AX,127.924355233476,L1,1.61239577125564,L2,0.87339757871...
GetData ===>> H2,-0.0891153336890264,H1,534.110665862422,AX,128.076413433932,L1,1.64852454685349,L2,0.793357372...
GetData ===>> H2,-0.106091916383583,H1,533.775001300582,AX,127.932853620857,L1,1.6229879416979,L2,0.76651387991...
Get Checksum: 799532470
GetData ===>> H2,-0.107819703088157,H1,533.65511010151,AX,127.915069046089,L1,1.62452771139623,L2,0.83884412270...
GetData ===>> H2,-0.163373490407124,H1,533.774738869215,AX,127.690008147628,L1,1.6406313946237,L2,0.81861454506...
Get Checksum: 799532470
GetData ===>> H2,-0.198812356561281,H1,533.454954989854,AX,127.488536529637,L1,1.65228620024492,L2,0.8642973347...
GetData ===>> H2,-0.171990807099457,H1,533.116148719423,AX,127.517699000046,L1,1.62528394139909,L2,0.8313261861...
GetData ===>> H2,-0.147371871744078,H1,532.876276691478,AX,127.538206123273,L1,1.61916605166485,L2,0.8372306346...
Get Checksum: 799532470
GetData ===>> H2,-0.125991548391297,H1,532.746591797752,AX,127.540740892797,L1,1.60476559024126,L2,0.7907127549...
GetData ===>> H2,-0.0900422049864463,H1,532.62582491174,AX,127.42040255516,L1,1.60497443492362,L2,0.77719314262...
GetData ===>> H2,-0.132290118103426,H1,532.265001096207,AX,127.555835118926,L1,1.63232847554606,L2,0.8785032502...
Get Checksum: 799532470
GetData ===>> H2,-0.115363756525947,H1,532.086829027592,AX,127.560271477166,L1,1.6372375785881,L2,0.82410631681...
GetData ===>> H2,-0.15758939797105,H1,531.682880384858,AX,127.457421637776,L1,1.60180568359327,L2,0.83192119161...
GetData ===>> H2,-0.0471838689466177,H1,531.441186597172,AX,127.436003650618,L1,1.61492036113243,L2,0.830776953...
Get Checksum: 799532470
GetData ===>> H2,-0.0573135443384244,H1,531.55511091468,AX,127.252654294253,L1,1.59586109100359,L2,0.7820924943...
GetData ===>> H2,-0.106062147982496,H1,531.52044231471,AX,127.201967617817,L1,1.6115146355421,L2,0.900417217282...
GetData ===>> H2,-0.0894595315588949,H1,531.635101072564,AX,127.258063044988,L1,1.61360485746012,L2,0.880598256...
Get Checksum: 799532470
GetData ===>> H2,-0.211759759076864,H1,531.330700219313,AX,127.192567422879,L1,1.60166833446188,L2,0.8448062532...
GetData ===>> H2,-0.116730493069828,H1,530.936966611126,AX,127.177931069526,L1,1.6055908515774,L2,0.72734385943...
17:25:11 -- collecting point 75
GetData ===>> H2,-0.0864863003591294,H1,530.484269081491,AX,127.258600093987,L1,1.60206613340945,L2,0.895756932...
Get Checksum: 799532470
GetData ===>> H2,-0.032498957090413,H1,530.08457245828,AX,127.275115225412,L1,1.5962068738546,L2,0.874290479271...
GetData ===>> H2,-0.172383390060194,H1,530.425741326591,AX,127.13723250805,L1,1.63296663755023,L2,0.87726687439...
GetData ===>> H2,-0.138053233894375,H1,530.262497312767,AX,126.981135815682,L1,1.61417899368436,L2,0.8011084674...
Get Checksum: 799532470
GetData ===>> H2,-0.223147709654971,H1,529.844897141361,AX,127.034783694743,L1,1.59478107609153,L2,0.8372420777...
GetData ===>> H2,-0.240888825079172,H1,529.910514328097,AX,126.972950715777,L1,1.5796515728196,L2,0.85670873372...
GetData ===>> H2,-0.246165375924114,H1,529.280891504319,AX,126.922335031423,L1,1.60764366738525,L2,0.8217150692...
Get Checksum: 799532470
GetData ===>> H2,-0.28073739974198,H1,529.281543640161,AX,126.777113742001,L1,1.63129867510843,L2,0.71233463652...
GetData ===>> H2,-0.220402474778669,H1,529.056581175922,AX,126.758341906977,L1,1.61518348095926,L2,0.8286143807...
Get Checksum: 799532470
GetData ===>> H2,-0.153934836598603,H1,529.311369232047,AX,126.850243339221,L1,1.62066248526994,L2,0.8321157134...
GetData ===>> H2,-0.158461995099585,H1,528.44985660546,AX,126.754568649691,L1,1.59538322944089,L2,0.90575334928...
GetData ===>> H2,-0.20271821912443,H1,528.43848019476,AX,126.605853183748,L1,1.66279923311567,L2,0.795475408700...
Get Checksum: 799532470
GetData ===>> H2,-0.138769700166611,H1,528.447946038385,AX,126.555199084065,L1,1.62173760664437,L2,0.7962310437...
GetData ===>> H2,-0.0900611752472149,H1,527.923545478221,AX,126.525093690844,L1,1.59031711731747,L2,0.863976838...
GetData ===>> H2,-0.10395651227401,H1,527.531156639733,AX,126.502188281473,L1,1.61290764022033,L2,0.78338605651...
Get Checksum: 799532470
GetData ===>> H2,-0.194326962817732,H1,527.383681957248,AX,126.542088285939,L1,1.60399443360978,L2,0.8720353489...
GetData ===>> H2,-0.130291508236463,H1,527.580210757787,AX,126.415020793949,L1,1.60522306936876,L2,0.8382261879...
GetData ===>> H2,-0.142343244747885,H1,527.039740275949,AX,126.526031408788,L1,1.62594502350599,L2,0.8198616073...
Get Checksum: 799532470
GetData ===>> H2,-0.143002686646701,H1,527.191621491261,AX,126.483629067671,L1,1.63486707726912,L2,0.6733467912...
GetData ===>> H2,-0.193836379269253,H1,527.11090962193,AX,126.350854984403,L1,1.58820876754983,L2,0.75692301418...
GetData ===>> H2,-0.166066684215457,H1,526.808109289611,AX,126.316678125985,L1,1.60749600713006,L2,0.8856012712...
Get Checksum: 799532470
GetData ===>> H2,-0.0993879980650499,H1,526.482850141689,AX,126.020190141921,L1,1.62562484735326,L2,0.719381357...
GetData ===>> H2,-0.138906229172029,H1,526.224489411574,AX,126.083303625874,L1,1.62646225103576,L2,0.8809188082...
GetData ===>> H2,-0.0995193261883971,H1,526.198211370747,AX,126.039282121768,L1,1.65562708676806,L2,0.853916096...
Get Checksum: 799532470
GetData ===>> H2,-0.113345827904119,H1,525.813251958792,AX,126.08894338035,L1,1.61349469934724,L2,0.80959956719...
17:25:37 -- collecting point 100
GetData ===>> H2,-0.096306090128963,H1,525.611430624198,AX,125.95515305295,L1,1.5820773450721,L2,0.870821950513...
GetData ===>> H2,-0.116955109276507,H1,525.407496641026,AX,125.954350762424,L1,1.56623030760675,L2,0.9392311684...
GetData ===>> H2,-0.195794063218665,H1,524.983488775197,AX,125.825967821954,L1,1.58485845921649,L2,0.7964829234...
GetData ===>> H2,-0.0013447202773565,H1,524.861153792656,AX,125.872993587261,L1,1.57807265256568,L2,0.915453043...
Get Checksum: 799532470
GetData ===>> H2,-0.0120954087224317,H1,524.811292546681,AX,125.737831963358,L1,1.57562707359176,L2,0.793586347...
GetData ===>> H2,-0.0763784210036181,H1,524.365252206438,AX,125.914052134533,L1,1.61322254879244,L2,0.893249403...
GetData ===>> H2,-0.225310560474675,H1,524.319521881958,AX,125.639696466203,L1,1.61459762678469,L2,0.7295405279...
Get Checksum: 799532470
GetData ===>> H2,-0.107937404915367,H1,524.482723355291,AX,125.674266140887,L1,1.62038885855031,L2,0.8374823827...
GetData ===>> H2,-0.0986636352669061,H1,524.231402571014,AX,125.663652017986,L1,1.55079208301027,L2,0.804154120...
Get Checksum: 799532470
GetData ===>> H2,-0.142020266387441,H1,523.841695324466,AX,125.570503180941,L1,1.55707703777195,L2,0.8754237880...
GetData ===>> H2,-0.122274237720552,H1,523.635613498962,AX,125.431567512511,L1,1.5606249986294,L2,0.74517035963...
GetData ===>> H2,-0.0986121834426544,H1,523.427928838565,AX,125.42071540892,L1,1.5668029852614,L2,0.90142487616...
Get Checksum: 799532470
GetData ===>> H2,-0.0843966393491204,H1,523.474421118565,AX,125.47427739944,L1,1.57022675416652,L2,0.7194385570...
GetData ===>> H2,-0.138533136118436,H1,522.904630279506,AX,125.377943544606,L1,1.58800300210193,L2,0.8439708460...
GetData ===>> H2,-0.111745846949665,H1,522.53086909996,AX,125.350967642758,L1,1.58315319444392,L2,0.83941628809...
Get Checksum: 799532470
GetData ===>> H2,-0.212349700733044,H1,522.760940788443,AX,125.239803059318,L1,1.54998330337105,L2,0.7246552971...
GetData ===>> H2,-0.159198112259788,H1,522.388876322091,AX,125.211309315203,L1,1.58134463743174,L2,0.7929681168...
GetData ===>> H2,-0.0946293761946263,H1,522.141172958211,AX,125.144960436586,L1,1.56060948023955,L2,0.887467450...
Get Checksum: 799532470
GetData ===>> H2,0.0148511187038813,H1,521.738321444539,AX,125.340210095163,L1,1.6104599581268,L2,0.92563476687...
GetData ===>> H2,-0.136797281000649,H1,521.571333640587,AX,125.144121764353,L1,1.62184525432134,L2,0.8358689176...
GetData ===>> H2,-0.245300249810337,H1,521.712696722998,AX,125.094228681948,L1,1.60088184974202,L2,0.8256051673...
Get Checksum: 799532470
measurement finished
estimated time: 125.829 actual time: :126.211
flush and close file /Users/jan/PychronDev/data/isotopes/e1/48f189-aabc-48c2-8931-14618916dda5.h5
baselines () {'settling_time': 15.0, 'detector': 'H1', 'mass': 34.2, 'ncounts': 60}
%%%%%%%%%%%%%%%%%%%%%%%%%%%%%%%% Baseline
build tables- baseline [Detector(H2), Detector(H1), Detector(AX), Detector(L1), Detector(L2), Detector(CDD)]
add group baseline table H2
add group baseline table H1
add group baseline table AX
add group baseline table L1
add group baseline table L2
add group baseline table CDD
flush and close file /Users/jan/PychronDev/data/isotopes/e1/48f189-aabc-48c2-8931-14618916dda5.h5
detector Detector(H1)
POSITION 34.2 H1
Mapping mass to dac mass func: "parabolic"
H1 map mass coeffs = [-0.00063987  0.15840543  0.57088999]
H1 map mass to dac 34.2 >> 5.23993599104
GetDeflection H1 ===>> 0
GetHighVoltage ===>> 4500
positioning 34.2 (5.23993599104) on H1
setting magnet DAC
current  : 5.879280
requested: 5.239936
Delta Dac: 0.639344
Checking detector protection. dv=0.63934
Checking detector "CDD". Protection Threshold: 0.1 (V)
ProtectDetector CDD,On ===>> OK
GetDeflection CDD ===>> 2000
SetMagnetDAC 5.23993599104 ===>> OK
Magnet settling time: 0.500
GetMagnetMoving ===>> True
GetMagnetMoving ===>> True
GetMagnetMoving ===>> True
GetMagnetMoving ===>> True
GetMagnetMoving ===>> True
GetMagnetMoving ===>> True
GetMagnetMoving ===>> True
GetMagnetMoving ===>> True
Get Checksum: 799532470
GetMagnetMoving ===>> False
ProtectDetector CDD,Off ===>> OK
GetDeflection CDD ===>> 50
Delaying 15.0s for detectors to settle
Get Checksum: 799532470
Get Checksum: 799532470
Get Checksum: 799532470
Get Checksum: 799532470
Get Checksum: 799532470
Join finished
measuring baseline. ncounts=60
starting measurement
GetData ===>> H2,-0.125837417104136,H1,0.0061527521702633,AX,-0.0338447873807365,L1,-0.0016920804082082,L2,0.07...
GetData ===>> H2,-0.194031806583118,H1,-0.030320451997423,AX,-0.0820984837803285,L1,-0.0213616604750238,L2,-0.0...
GetData ===>> H2,-0.20569288858009,H1,-0.0233441011692424,AX,-0.141829114650055,L1,-0.0393330126317504,L2,0.019...
Get Checksum: 799532470
GetData ===>> H2,-0.168160048298194,H1,-0.0226046987353844,AX,-0.103064340258182,L1,-0.0173341160155144,L2,-0.0...
GetData ===>> H2,-0.152851076572133,H1,-0.00151750449732797,AX,-0.0811827906214605,L1,-0.0206243771028172,L2,-0...
GetData ===>> H2,-0.211176521658127,H1,-0.0866500810816405,AX,-0.0756652671653396,L1,-0.0548045886203779,L2,-0....
Get Checksum: 799532470
GetData ===>> H2,-0.211150928565057,H1,-0.128012706669156,AX,-0.0144994906465536,L1,-0.0474773214573629,L2,-0.0...
GetData ===>> H2,-0.169821237344526,H1,0.0155773558803809,AX,-0.042124512638841,L1,-0.0129965391529712,L2,-0.13...
Get Checksum: 799532470
GetData ===>> H2,-0.226585721235177,H1,0.0736016562112642,AX,-0.0148010655417337,L1,-0.0332705879131133,L2,-0.0...
GetData ===>> H2,-0.22352886472037,H1,0.00147656930697972,AX,-0.0763259954977551,L1,-0.0461798466507907,L2,-0.0...
GetData ===>> H2,-0.240793256540042,H1,-0.0631325910916079,AX,-0.0583572235532827,L1,-0.0579394572089345,L2,-0....
Get Checksum: 799532470
GetData ===>> H2,-0.301708590145702,H1,0.00290803065705627,AX,-0.112021838858621,L1,-0.0225483933835949,L2,-0.0...
GetData ===>> H2,-0.291715123546855,H1,0.12643583460632,AX,-0.0255991508645581,L1,0.0189635269770676,L2,0.02820...
GetData ===>> H2,-0.205767009455425,H1,0.0497758364674585,AX,-0.0621367375971893,L1,-0.00359263512553319,L2,-0....
Get Checksum: 799532470
GetData ===>> H2,-0.159730247918286,H1,-0.0453567101248219,AX,-0.155440581163445,L1,-0.0334250477225274,L2,-0.1...
GetData ===>> H2,-0.132298233416883,H1,0.00569943916783906,AX,-0.0329866243076878,L1,-0.0305497904753518,L2,0.0...
GetData ===>> H2,-0.109111650616958,H1,-0.0634425382032731,AX,-0.0907449841608572,L1,-0.0441447239507932,L2,-0....
Get Checksum: 799532470
GetData ===>> H2,-0.157319230441705,H1,-0.00813754896877832,AX,-0.0708313813056136,L1,-0.0330311106486374,L2,-0...
GetData ===>> H2,-0.197257456122391,H1,-0.0495655037866747,AX,0.0411454661519838,L1,-0.0399822131577915,L2,-0.0...
GetData ===>> H2,-0.117683051748252,H1,0.0017270735655607,AX,-0.0492788339416033,L1,-0.0187347668457132,L2,-0.0...
Get Checksum: 799532470
GetData ===>> H2,-0.266555019435871,H1,-0.0216864010113891,AX,0.0200022050320826,L1,-0.0125218777533649,L2,-0.0...
GetData ===>> H2,-0.196526457703629,H1,-0.0417677689130034,AX,0.00324867752192721,L1,-0.00132968645231716,L2,-0...
GetData ===>> H2,-0.102548928881698,H1,-0.124745288191374,AX,-0.0911854019513893,L1,-0.00946840678609657,L2,0.0...
Get Checksum: 799532470
GetData ===>> H2,-0.193355209360312,H1,-2.58591665842634E-06,AX,-0.0298090356956996,L1,-0.0483773162488259,L2,-...
17:26:43 -- collecting point 25
GetData ===>> H2,-0.267401868407103,H1,0.0100179253511136,AX,-0.164772726190613,L1,-0.00520974387598106,L2,-0.0...
GetData ===>> H2,-0.281681879411603,H1,0.103027415404866,AX,-0.101488291407291,L1,-0.0129402042486163,L2,0.0102...
Get Checksum: 799532470
GetData ===>> H2,-0.287525617867,H1,0.0207433695649463,AX,-0.146559721018575,L1,-0.0102237685239558,L2,-0.06095...
GetData ===>> H2,-0.156120959831265,H1,0.0442503081735214,AX,-0.0810436972358007,L1,-0.0206111894286509,L2,-0.0...
GetData ===>> H2,-0.142347298811122,H1,-0.0545132926386803,AX,-0.0538703092521828,L1,-0.00287157042434277,L2,0....
Get Checksum: 799532470
GetData ===>> H2,-0.284221255259327,H1,0.000558059055611038,AX,-0.0188722351747184,L1,-0.0158876914365557,L2,0....
GetData ===>> H2,-0.264459130913184,H1,0.00855057351409907,AX,-0.129158143886447,L1,0.00680707053389021,L2,-0.0...
Get Checksum: 799532470
GetData ===>> H2,-0.18154463576716,H1,0.0474128302451195,AX,-0.0621135508420044,L1,-0.00859907113635298,L2,-0.0...
GetData ===>> H2,-0.176084251443518,H1,0.0684789692467771,AX,0.0105924935769719,L1,-0.0282535448331247,L2,-0.08...
GetData ===>> H2,-0.125614328639267,H1,0.0263511226500814,AX,-0.034157899050272,L1,-0.0683042451184924,L2,-0.03...
Get Checksum: 799532470
GetData ===>> H2,-0.181829324065649,H1,-0.0542510063578082,AX,0.0291575321462936,L1,-0.0489672956774049,L2,-0.0...
GetData ===>> H2,-0.240171368263028,H1,-0.1618730953308,AX,-0.0731266376264193,L1,-0.029982066484022,L2,0.04604...
GetData ===>> H2,-0.211476899420703,H1,0.0126663709160148,AX,-0.10578759979068,L1,-0.0271669276471906,L2,0.0013...
Get Checksum: 799532470
GetData ===>> H2,-0.173248103845438,H1,-0.083575122812518,AX,-0.0766621538045763,L1,-0.00628687248428486,L2,-0....
GetData ===>> H2,-0.140936397307471,H1,-0.0206011292024353,AX,-0.0548442307107824,L1,-0.0309102905470635,L2,0.0...
GetData ===>> H2,-0.217854655928528,H1,-0.000575156264281795,AX,-0.00921017903915117,L1,-0.00596782412943897,L2...
Get Checksum: 799532470
GetData ===>> H2,-0.175073130168016,H1,0.0192042752521051,AX,-0.0382282590871833,L1,-0.0155782303223474,L2,-0.1...
GetData ===>> H2,-0.234350726411663,H1,0.00864601037797748,AX,-0.0807655098679557,L1,-0.00262200522102601,L2,-0...
GetData ===>> H2,-0.290909570342495,H1,-0.0604503163693647,AX,-0.103226579131692,L1,-0.020401383196129,L2,-0.05...
Get Checksum: 799532470
GetData ===>> H2,-0.20492469817713,H1,-0.047932083637847,AX,-0.0869781716164555,L1,-0.0409295873808561,L2,-0.03...
GetData ===>> H2,-0.121424859495756,H1,-0.053869497813097,AX,-0.0854250433686932,L1,-0.0388622561329289,L2,-0.0...
GetData ===>> H2,-0.046408676064154,H1,0.0198127515708581,AX,-0.0162045364148964,L1,-0.00972259833410994,L2,-0....
Get Checksum: 799532470
GetData ===>> H2,-0.160984854665985,H1,-0.052808419525152,AX,-0.0898641425988538,L1,-0.0225100365295756,L2,0.00...
GetData ===>> H2,-0.179118423253556,H1,-0.0426978059006487,AX,-0.0984867748228904,L1,-0.0189038390730592,L2,0.0...
GetData ===>> H2,-0.238370441545594,H1,-0.0480751580008707,AX,-0.13115081101754,L1,-0.0615315624659429,L2,0.024...
Get Checksum: 799532470
17:27:09 -- collecting point 50
GetData ===>> H2,-0.280783046877613,H1,-0.127452244659243,AX,-0.10929875383298,L1,-0.0174708319611295,L2,-0.184...
GetData ===>> H2,-0.199788611545114,H1,-0.0281620090770705,AX,-0.0377991978222779,L1,-0.0164250276600296,L2,-0....
GetData ===>> H2,-0.0921504202229497,H1,-0.0379640661487766,AX,-0.116135290849367,L1,0.00204888469362827,L2,0.0...
Get Checksum: 799532470
GetData ===>> H2,-0.11581168533737,H1,-0.0258604136872396,AX,-0.0690461445132484,L1,-0.0445853031173158,L2,0.04...
GetData ===>> H2,-0.162801019859202,H1,-0.0682823570251177,AX,-0.146385805740468,L1,-0.0399941906332956,L2,-0.0...
Get Checksum: 799532470
GetData ===>> H2,-0.24497059644608,H1,0.00612889353999186,AX,-0.0388776455117472,L1,-0.0265966162998377,L2,-0.0...
GetData ===>> H2,-0.123339928145185,H1,-0.061022541009703,AX,-0.0160421523904971,L1,-0.0267104415259833,L2,0.01...
GetData ===>> H2,-0.071986193122877,H1,-0.0147452288138393,AX,-0.0904088745057235,L1,-0.00686497193875881,L2,-0...
Get Checksum: 799532470
GetData ===>> H2,-0.155554878136358,H1,-0.010880862510043,AX,0.0193756361766922,L1,0.00616760000460793,L2,0.060...
GetData ===>> H2,-0.197225088188029,H1,-0.00339024617088664,AX,-0.086989762032605,L1,-0.00589585693750302,L2,0....
GetData ===>> H2,-0.208484888595275,H1,0.00900389942788418,AX,-0.0429478081582684,L1,-0.0154330921802186,L2,-0....
measurement finished
estimated time: 62.915 actual time: :63.164
flush and close file /Users/jan/PychronDev/data/isotopes/e1/48f189-aabc-48c2-8931-14618916dda5.h5
activate_detectors ('H1', 'AX', 'CDD') {'peak_center': True}
peak_center () {'detector': 'H1', 'integration_time': 0.262144, 'isotope': 'Ar40'}
peak center: mean=522.465119121 threshold=3
peak center started
setup peak center. detector=['H1', 'AX', 'CDD'], isotope=Ar40
VersionedUnpickler [<apptools.sweet_pickle.versioned_unpickler.VersionedUnpickler object at 0x13ee0f710>] using Updater [<apptools.sweet_pickle.updater.Updater object at 0x133e38fb0>]
VersionedUnpickler [<apptools.sweet_pickle.versioned_unpickler.VersionedUnpickler object at 0x13ee0f710>] using Updater [<apptools.sweet_pickle.updater.Updater object at 0x133e38fb0>]
VersionedUnpickler [<apptools.sweet_pickle.versioned_unpickler.VersionedUnpickler object at 0x13723b350>] using Updater [<apptools.sweet_pickle.updater.Updater object at 0x133e38fb0>]
setting integration time = 0.524288
SetIntegrationTime 0.524288 ===>> OK
Mapping mass to dac mass func: "parabolic"
H1 map mass coeffs = [-0.00063987  0.15840543  0.57088999]
H1 map mass to dac 39.9624 >> 5.87928
GetDeflection H1 ===>> 0
GetHighVoltage ===>> 4500
do peak center. <pychron.spectrometer.jobs.peak_center.PeakCenter object at 0x12d6e98f0>
doing pc
starting peak center. center dac= 5.87928 step_width=0.001
width = 0.001
get scan parameters. half-width=0.015,window=0.015, i=0, scalar=1
Scan parameters center=5.87928 width=0.03000 (5.86428 - 5.89428)
GetData ===>> H2,-0.18650609218686,H1,-0.0021974211305452,AX,-0.0858307135867175,L1,-0.00580469775583094,L2,-0....
Moving to starting dac 5.86428
setting magnet DAC
current  : 5.239936
requested: 5.864280
Delta Dac: 0.624344
Checking detector protection. dv=0.62434
Checking detector "CDD". Protection Threshold: 0.1 (V)
ProtectDetector CDD,On ===>> OK
GetDeflection CDD ===>> 2000
SetMagnetDAC 5.86428 ===>> OK
Magnet settling time: 0.500
GetMagnetMoving ===>> True
GetMagnetMoving ===>> True
GetMagnetMoving ===>> True
GetMagnetMoving ===>> True
GetMagnetMoving ===>> True
Get Checksum: 799532470
GetMagnetMoving ===>> True
GetMagnetMoving ===>> True
GetMagnetMoving ===>> True
GetMagnetMoving ===>> True
GetMagnetMoving ===>> False
ProtectDetector CDD,Off ===>> OK
GetDeflection CDD ===>> 50
Wait until signal near baseline. tol= -0.00164806584791. timeout= 10
GetData ===>> H2,23.5782152373395,H1,12.7338759845871,AX,0.75032630221706,L1,0.00946222666825286,L2,-0.04995216...
GetData ===>> H2,31.2218328011744,H1,19.4629832120849,AX,3.09136069427677,L1,-0.0126717101586583,L2,-0.11574917...
GetData ===>> H2,17.4036082151999,H1,9.20925563162853,AX,1.45599689283279,L1,0.0117644490073569,L2,0.0402265843...
GetData ===>> H2,7.34495723536196,H1,4.54543781911794,AX,0.549776961909474,L1,0.00145110112273478,L2,-0.0460143...
Get Checksum: 799532470
GetData ===>> H2,2.54926929198102,H1,2.39773519914295,AX,0.243218170256126,L1,-0.0246486849554202,L2,-0.0697982...
GetData ===>> H2,0.649669389881801,H1,1.38855784869951,AX,0.0309446039015055,L1,-0.0258242904496511,L2,-0.03711...
GetData ===>> H2,0.0521979172587041,H1,0.839441496820537,AX,0.0934776662828695,L1,-0.021214459638103,L2,-0.0386...
GetData ===>> H2,-0.093206364450672,H1,0.592812512687968,AX,-0.0101961470774238,L1,-0.0196861637697778,L2,-0.02...
GetData ===>> H2,-0.0888558335528515,H1,0.42351576501305,AX,-0.0397241605949839,L1,-0.0204742951780166,L2,0.011...
GetData ===>> H2,-0.0141538090348235,H1,0.397382628424015,AX,0.00507007786372004,L1,-0.0137000995866446,L2,0.12...
Get Checksum: 799532470
GetData ===>> H2,-0.0141538090348235,H1,0.397382628424015,AX,0.00507007786372004,L1,-0.0137000995866446,L2,0.12...
GetData ===>> H2,-0.0769164878690638,H1,0.443006479057373,AX,0.00516288898477359,L1,0.00406336446140411,L2,0.00...
GetData ===>> H2,-0.0722505881360235,H1,0.408404100077298,AX,0.0535470949985162,L1,0.0372150296150083,L2,-0.091...
GetData ===>> H2,-0.00640173152131858,H1,0.44668981240037,AX,-0.0723499660431513,L1,0.0294875737366723,L2,-0.08...
GetData ===>> H2,-0.0667824625397845,H1,0.352759244705347,AX,0.0928518142622763,L1,0.0336377915760203,L2,-0.048...
GetData ===>> H2,-0.0756044817104742,H1,0.35187510403214,AX,0.0173219109786684,L1,0.0280508957025207,L2,0.01072...
Get Checksum: 799532470
GetData ===>> H2,-0.0129209997387158,H1,0.357347343115611,AX,0.0572775808572885,L1,0.0154059118971457,L2,-0.105...
GetData ===>> H2,0.0137663729107193,H1,0.338828961419302,AX,-0.00351456818397176,L1,-0.00509098879143225,L2,-0....
GetData ===>> H2,-0.04866835466672,H1,0.346355375004515,AX,-0.0498353879415248,L1,-0.021442007345986,L2,-0.1098...
GetData ===>> H2,-0.150189861503292,H1,0.277897764371349,AX,-0.0380079305658052,L1,-0.0185913012719647,L2,-0.07...
GetData ===>> H2,-0.149590828108182,H1,0.326572868392527,AX,-0.0298902162581807,L1,-0.0216815256885039,L2,0.035...
Peak center failed to move to a baseline position
_do_sweep sm= 5.86428, em= 5.89428, stm= 0.001
calculated step values: start=5.86428, end=5.89428, width=0.001, nsteps=31.0
setting magnet DAC
current  : 5.864280
requested: 5.864280
Delta Dac: 0.000000
Checking detector protection. dv=0.00000
Checking detector "CDD". Protection Threshold: 0.1 (V)
SetMagnetDAC 5.86428 ===>> OK
GetData ===>> H2,-0.149590828108182,H1,0.326572868392527,AX,-0.0298902162581807,L1,-0.0216815256885039,L2,0.035...
setting magnet DAC
current  : 5.864280
requested: 5.865314
Delta Dac: 0.001034
Checking detector protection. dv=0.00103
Checking detector "CDD". Protection Threshold: 0.1 (V)
SetMagnetDAC 5.86531448276 ===>> OK
Magnet settling time: 1.049
Get Checksum: 799532470
GetData ===>> H2,-0.142081337909715,H1,0.652814571547755,AX,0.0238893426740482,L1,-0.0344219257792951,L2,-0.062...
setting magnet DAC
current  : 5.865314
requested: 5.866349
Delta Dac: 0.001034
Checking detector protection. dv=0.00103
Checking detector "CDD". Protection Threshold: 0.1 (V)
SetMagnetDAC 5.86634896552 ===>> OK
Magnet settling time: 1.049
GetData ===>> H2,-0.298200413135769,H1,2.20554318646029,AX,0.252853051379423,L1,-0.0154114518121641,L2,-0.03904...
setting magnet DAC
current  : 5.866349
requested: 5.867383
Delta Dac: 0.001034
Checking detector protection. dv=0.00103
Checking detector "CDD". Protection Threshold: 0.1 (V)
SetMagnetDAC 5.86738344828 ===>> OK
Magnet settling time: 1.049
GetData ===>> H2,-0.13060775658219,H1,8.56650259559289,AX,1.28774487664352,L1,-0.0200982036972419,L2,-0.0766478...
setting magnet DAC
current  : 5.867383
requested: 5.868418
Delta Dac: 0.001034
Checking detector protection. dv=0.00103
Checking detector "CDD". Protection Threshold: 0.1 (V)
SetMagnetDAC 5.86841793103 ===>> OK
Magnet settling time: 1.049
Get Checksum: 799532470
GetData ===>> H2,-0.0337170410343879,H1,30.0078481009342,AX,4.60553864311357,L1,0.00827055362030964,L2,0.125177...
setting magnet DAC
current  : 5.868418
requested: 5.869452
Delta Dac: 0.001034
Checking detector protection. dv=0.00103
Checking detector "CDD". Protection Threshold: 0.1 (V)
SetMagnetDAC 5.86945241379 ===>> OK
Magnet settling time: 1.049
GetData ===>> H2,-0.059964484125779,H1,121.240457433031,AX,20.1415682811775,L1,0.103135206996391,L2,0.091160479...
setting magnet DAC
current  : 5.869452
requested: 5.870487
Delta Dac: 0.001034
Checking detector protection. dv=0.00103
Checking detector "CDD". Protection Threshold: 0.1 (V)
SetMagnetDAC 5.87048689655 ===>> OK
Magnet settling time: 1.049
GetData ===>> H2,-0.0656042860170226,H1,246.599535044469,AX,46.4894254562138,L1,0.318388013226756,L2,0.01765114...
setting magnet DAC
current  : 5.870487
requested: 5.871521
Delta Dac: 0.001034
Checking detector protection. dv=0.00103
Checking detector "CDD". Protection Threshold: 0.1 (V)
SetMagnetDAC 5.87152137931 ===>> OK
Magnet settling time: 1.049
Get Checksum: 799532470
GetData ===>> H2,-0.196193311762064,H1,370.638068073488,AX,76.6736047356741,L1,0.577180667046491,L2,0.159547956...
setting magnet DAC
current  : 5.871521
requested: 5.872556
Delta Dac: 0.001034
Checking detector protection. dv=0.00103
Checking detector "CDD". Protection Threshold: 0.1 (V)
SetMagnetDAC 5.87255586207 ===>> OK
Magnet settling time: 1.049
GetData ===>> H2,-0.216108172325389,H1,449.681478389784,AX,100.293137344076,L1,0.841349565788573,L2,0.476770856...
setting magnet DAC
current  : 5.872556
requested: 5.873590
Delta Dac: 0.001034
Checking detector protection. dv=0.00103
Checking detector "CDD". Protection Threshold: 0.1 (V)
SetMagnetDAC 5.87359034483 ===>> OK
Magnet settling time: 1.049
Get Checksum: 799532470
GetData ===>> H2,-0.138538112414865,H1,483.557587342476,AX,113.032602697279,L1,1.0986729068074,L2,0.57895954261...
setting magnet DAC
current  : 5.873590
requested: 5.874625
Delta Dac: 0.001034
Checking detector protection. dv=0.00103
Checking detector "CDD". Protection Threshold: 0.1 (V)
SetMagnetDAC 5.87462482759 ===>> OK
Magnet settling time: 1.049
GetData ===>> H2,-0.208051041933989,H1,495.363471000909,AX,117.592452139867,L1,1.31838088697675,L2,0.6644468660...
setting magnet DAC
current  : 5.874625
requested: 5.875659
Delta Dac: 0.001034
Checking detector protection. dv=0.00103
Checking detector "CDD". Protection Threshold: 0.1 (V)
SetMagnetDAC 5.87565931034 ===>> OK
Magnet settling time: 1.049
GetData ===>> H2,-0.124059347851956,H1,498.283422158905,AX,118.797624259083,L1,1.38528977104756,L2,0.6835700519...
setting magnet DAC
current  : 5.875659
requested: 5.876694
Delta Dac: 0.001034
Checking detector protection. dv=0.00103
Checking detector "CDD". Protection Threshold: 0.1 (V)
SetMagnetDAC 5.8766937931 ===>> OK
Magnet settling time: 1.049
Get Checksum: 799532470
GetData ===>> H2,-0.0830651773825673,H1,498.824516626025,AX,119.282764815964,L1,1.41906875255161,L2,0.720296336...
setting magnet DAC
current  : 5.876694
requested: 5.877728
Delta Dac: 0.001034
Checking detector protection. dv=0.00103
Checking detector "CDD". Protection Threshold: 0.1 (V)
SetMagnetDAC 5.87772827586 ===>> OK
Magnet settling time: 1.049
GetData ===>> H2,-0.0357781173056716,H1,498.93916345024,AX,119.112643685418,L1,1.49076208542625,L2,0.7157247829...
setting magnet DAC
current  : 5.877728
requested: 5.878763
Delta Dac: 0.001034
Checking detector protection. dv=0.00103
Checking detector "CDD". Protection Threshold: 0.1 (V)
SetMagnetDAC 5.87876275862 ===>> OK
Magnet settling time: 1.049
GetData ===>> H2,-0.220386272591025,H1,498.934496857018,AX,119.265418695607,L1,1.55290050246456,L2,0.9168960565...
setting magnet DAC
current  : 5.878763
requested: 5.879797
Delta Dac: 0.001034
Checking detector protection. dv=0.00103
Checking detector "CDD". Protection Threshold: 0.1 (V)
SetMagnetDAC 5.87979724138 ===>> OK
Magnet settling time: 1.049
Get Checksum: 799532470
GetData ===>> H2,-0.155437334955937,H1,498.967581014387,AX,119.163090203708,L1,1.52876120368267,L2,0.7454895040...
setting magnet DAC
current  : 5.879797
requested: 5.880832
Delta Dac: 0.001034
Checking detector protection. dv=0.00103
Checking detector "CDD". Protection Threshold: 0.1 (V)
SetMagnetDAC 5.88083172414 ===>> OK
Magnet settling time: 1.049
GetData ===>> H2,-0.0567586826849075,H1,498.774703636442,AX,119.466886353839,L1,1.53424755556752,L2,0.809622446...
setting magnet DAC
current  : 5.880832
requested: 5.881866
Delta Dac: 0.001034
Checking detector protection. dv=0.00103
Checking detector "CDD". Protection Threshold: 0.1 (V)
SetMagnetDAC 5.8818662069 ===>> OK
Magnet settling time: 1.049
GetData ===>> H2,-0.0942213389981146,H1,498.147027650929,AX,119.225750229933,L1,1.57784230470162,L2,0.760535400...
setting magnet DAC
current  : 5.881866
requested: 5.882901
Delta Dac: 0.001034
Checking detector protection. dv=0.00103
Checking detector "CDD". Protection Threshold: 0.1 (V)
SetMagnetDAC 5.88290068966 ===>> OK
Magnet settling time: 1.049
Get Checksum: 799532470
GetData ===>> H2,-0.0253793213108834,H1,497.343319361332,AX,118.844964629341,L1,1.53760011534565,L2,0.703382674...
setting magnet DAC
current  : 5.882901
requested: 5.883935
Delta Dac: 0.001034
Checking detector protection. dv=0.00103
Checking detector "CDD". Protection Threshold: 0.1 (V)
SetMagnetDAC 5.88393517241 ===>> OK
Magnet settling time: 1.049
GetData ===>> H2,-0.0667119239125522,H1,494.874450985789,AX,117.193479021592,L1,1.5329615636389,L2,0.6925275016...
setting magnet DAC
current  : 5.883935
requested: 5.884970
Delta Dac: 0.001034
Checking detector protection. dv=0.00103
Checking detector "CDD". Protection Threshold: 0.1 (V)
SetMagnetDAC 5.88496965517 ===>> OK
Magnet settling time: 1.049
Get Checksum: 799532470
GetData ===>> H2,-0.0943485427498928,H1,484.084171029562,AX,112.785384446949,L1,1.41042195465073,L2,0.657616448...
setting magnet DAC
current  : 5.884970
requested: 5.886004
Delta Dac: 0.001034
Checking detector protection. dv=0.00103
Checking detector "CDD". Protection Threshold: 0.1 (V)
SetMagnetDAC 5.88600413793 ===>> OK
Magnet settling time: 1.049
GetData ===>> H2,-0.215803878225084,H1,450.376714711528,AX,99.0193311901564,L1,1.28228549120484,L2,0.5557741222...
setting magnet DAC
current  : 5.886004
requested: 5.887039
Delta Dac: 0.001034
Checking detector protection. dv=0.00103
Checking detector "CDD". Protection Threshold: 0.1 (V)
SetMagnetDAC 5.88703862069 ===>> OK
Magnet settling time: 1.049
GetData ===>> H2,-0.0792825957197828,H1,369.988622305579,AX,72.9096960344635,L1,1.03681048010131,L2,0.447512518...
setting magnet DAC
current  : 5.887039
requested: 5.888073
Delta Dac: 0.001034
Checking detector protection. dv=0.00103
Checking detector "CDD". Protection Threshold: 0.1 (V)
SetMagnetDAC 5.88807310345 ===>> OK
Magnet settling time: 1.049
Get Checksum: 799532470
GetData ===>> H2,-0.198334985750437,H1,246.921050734469,AX,41.910019427211,L1,0.711614415160172,L2,0.0070600676...
setting magnet DAC
current  : 5.888073
requested: 5.889108
Delta Dac: 0.001034
Checking detector protection. dv=0.00103
Checking detector "CDD". Protection Threshold: 0.1 (V)
SetMagnetDAC 5.88910758621 ===>> OK
Magnet settling time: 1.049
GetData ===>> H2,-0.157752846199736,H1,128.566470206135,AX,18.3517114058084,L1,0.459662532808147,L2,0.007333371...
setting magnet DAC
current  : 5.889108
requested: 5.890142
Delta Dac: 0.001034
Checking detector protection. dv=0.00103
Checking detector "CDD". Protection Threshold: 0.1 (V)
SetMagnetDAC 5.89014206897 ===>> OK
Magnet settling time: 1.049
GetData ===>> H2,-0.266042310398251,H1,50.8987654747295,AX,6.1143506931974,L1,0.330204904169478,L2,0.0923914330...
setting magnet DAC
current  : 5.890142
requested: 5.891177
Delta Dac: 0.001034
Checking detector protection. dv=0.00103
Checking detector "CDD". Protection Threshold: 0.1 (V)
SetMagnetDAC 5.89117655172 ===>> OK
Magnet settling time: 1.049
Get Checksum: 799532470
GetData ===>> H2,-0.271160792673351,H1,15.9551170292205,AX,1.49915140828708,L1,0.210164649560309,L2,-0.06963899...
setting magnet DAC
current  : 5.891177
requested: 5.892211
Delta Dac: 0.001034
Checking detector protection. dv=0.00103
Checking detector "CDD". Protection Threshold: 0.1 (V)
SetMagnetDAC 5.89221103448 ===>> OK
Magnet settling time: 1.049
GetData ===>> H2,-0.227589959563559,H1,4.06734393740311,AX,0.14341971252334,L1,0.119290706240474,L2,-0.03076214...
setting magnet DAC
current  : 5.892211
requested: 5.893246
Delta Dac: 0.001034
Checking detector protection. dv=0.00103
Checking detector "CDD". Protection Threshold: 0.1 (V)
SetMagnetDAC 5.89324551724 ===>> OK
Magnet settling time: 1.049
GetData ===>> H2,-0.0520770789587424,H1,1.01239518848002,AX,-0.0982665827018287,L1,0.045649243137779,L2,-0.0912...
setting magnet DAC
current  : 5.893246
requested: 5.894280
Delta Dac: 0.001034
Checking detector protection. dv=0.00103
Checking detector "CDD". Protection Threshold: 0.1 (V)
SetMagnetDAC 5.89428 ===>> OK
Magnet settling time: 1.049
Get Checksum: 799532470
GetData ===>> H2,-0.233646435855098,H1,0.246550901003251,AX,-0.177086688475173,L1,0.0327749247337788,L2,-0.0303...
result of _do_sweep=True
result of _calculate_peak_center=([5.8715244889779559, 5.8792800000000005, 5.8870355110220451], [370.28956470241656, 498.96738211163728, 369.67432475854298], 5.8797910220440883, 498.96738211163728)
Failed to find a valid peak. No peak greater than 1.0. max = 0.0693214698198
new center pos Detector(H1) (Ar40) @ 5.87928
GetHighVoltage ===>> 4500
GetDeflection H1 ===>> 0
dac uncorrected for HV and deflection 5.87928
update mftable H1 Ar40 5.87928 message=automated run peakcenter
get initial guess parabolic
get initial guess parabolic
get initial guess parabolic
get initial guess parabolic
get initial guess parabolic
get initial guess parabolic
dump mftable to /Users/jan/PychronDev/setupfiles/spectrometer/mftables/mftable.csv
add to repo msg=modified - automated run peakcenter
sweep finished
locally archiving mftable
setting magnet DAC
current  : 5.894280
requested: 5.879280
Delta Dac: 0.015000
Checking detector protection. dv=0.01500
Checking detector "CDD". Protection Threshold: 0.1 (V)
SetMagnetDAC 5.87928 ===>> OK
Magnet settling time: 0.500
setting integration time = 1.048576
SetIntegrationTime 1.048576 ===>> OK
Failed to find a valid peak. No peak greater than 1.0. max = 0.0693214698198
flush and close file /Users/jan/PychronDev/data/isotopes/e1/48f189-aabc-48c2-8931-14618916dda5.h5
finished measure script
executed 226.132928
jan_unknown120_60.py completed successfully
Measurement Finished
17:28:07 -- ******* Measurement Finished *******
Post Measurement Started jan_pump_ms.py
17:28:07 -- ******* Post Measurement Started jan_pump_ms.py *******
testing...
no interpolation path defined
executed 0
Pumping spectrometer
open () {'name': 'O'}
opening name=O desc=---
checking ownership. requestor=129.138.12.150
check software interlocks O
interlocks []
actuate state mode=None-script, software_lock=False
doing actuation None-script open_channel True
Open O ===>> OK
GetIndicatorState O ===>> OK
change switch state (True, True)
update switch state O True args=() kw={} ncanvase=2
17:28:07 -- OPEN   VALVE-O (Jan Ion Pump)
---------------------------------------- open O () result=[(True, True)], time=0.14 sec
action=open, ok=True, locked=[False]
executed 0
jan_pump_ms.py completed successfully
setting _ms_pumptime
Post Measurement Finished
17:28:08 -- ******* Post Measurement Finished *******
$$$$$$$$$$$$$$$$$$$$ state at run end measurement
state changed from measurement to success
post measurement save measured=True aborted=False
Set filtering
setting fod for Ar40= {'filter_outliers': True, 'std_devs': 2, 'iterations': 1}
setting fod for H1= {'filter_outliers': True, 'std_devs': 2, 'iterations': 1}
setting fod for PM41= {'filter_outliers': False, 'std_devs': 2, 'iterations': 1}
setting fod for H2= {'filter_outliers': True, 'std_devs': 2, 'iterations': 1}
setting fod for Ar36= {'filter_outliers': True, 'std_devs': 2, 'iterations': 1}
setting fod for CDD= {'filter_outliers': True, 'std_devs': 10, 'iterations': 1}
setting fod for Ar37= {'filter_outliers': True, 'std_devs': 2, 'iterations': 1}
setting fod for L2= {'filter_outliers': True, 'std_devs': 2, 'iterations': 1}
setting fod for Ar38= {'filter_outliers': True, 'std_devs': 2, 'iterations': 1}
setting fod for L1= {'filter_outliers': True, 'std_devs': 2, 'iterations': 1}
setting fod for Ar39= {'filter_outliers': True, 'std_devs': 2, 'iterations': 1}
setting fod for AX= {'filter_outliers': True, 'std_devs': 2, 'iterations': 1}
persistence save...
persistence save - db
post measurement save
5357182608 connecting to database sqlite:////Users/jan/PychronDev/.appdata/local_lab.db
connected to db sqlite:////Users/jan/PychronDev/.appdata/local_lab.db
create new session 5357182608
close session 5357182608
No database instance. Not saving post measurement to isotopedb database
$$$$$$$$$$$$$$$ auto_save_detector_ic=False
massspec enabled True
create new session 5019860144
MassSpec Database Version: 16.0
close session 5019860144
saving post measurement to secondary database
saving to massspec database 129.138.12.160/massspecdata
setting labnumber to 65573
setting aliquot to 15
setting step to 
setting uuid to e148f189-aabc-48c2-8931-14618916dda5
setting irradpos to 65573
setting extract_device to Fusions CO2
setting tray to 
setting position to 56
setting power_requested to 5.0
setting extract_value to 5.0
setting duration to 30.0
setting duration_at_request to 30.0
setting first_stage_delay to 30.0
setting cleanup to 30.0
setting comment to M:17 w/o inlcusions
setting irradiation to NM-289
setting level to M
setting irradiation_level to M
setting sample to NM-2607 WO
setting material to Sanidine
setting project to JoyitaHills
setting mass_spectrometer to Jan
no attribute chron_dosages
no attribute production_ratios
no attribute interference_corrections
no attribute production_name
no attribute j
Reference Isotope=Ar40
Reference Detector=H1
%%%%%%%%%%%%%%%%%%%% Comment: M:17 w/o inlcusions %%%%%%%%%%%%%%%%%%%
adding isotope PM41 H2
add baseline dbdet= PM41. original det= H2
get baseline data PM41 H2
Get data baseline <pychron.processing.isotope.Baseline object at 0x133aaa790> len t=60
baseline PM41. v=-0.192403000199, e=0.00738065482379
get signal data PM41 H2
Get data signal PM41 0.10+/-0.07 len t=120
adding isotope Ar40 H1
add baseline dbdet= Ar40. original det= H1
get baseline data Ar40 H1
Get data baseline <pychron.processing.isotope.Baseline object at 0x133aaa950> len t=60
baseline Ar40. v=-0.014230391225, e=0.00507196906166
get signal data Ar40 H1
Get data signal Ar40 548.23+/-0.04 len t=120
adding isotope Ar39 AX
add baseline dbdet= Ar39. original det= AX
get baseline data Ar39 AX
Get data baseline <pychron.processing.isotope.Baseline object at 0x133aaab10> len t=60
baseline Ar39. v=-0.0653897760215, e=0.00585410654027
get signal data Ar39 AX
Get data signal Ar39 131.221+/-0.022 len t=120
adding isotope Ar38 L1
add baseline dbdet= Ar38. original det= L1
get baseline data Ar38 L1
Get data baseline <pychron.processing.isotope.Baseline object at 0x133aaacd0> len t=60
baseline Ar38. v=-0.0220891286013, e=0.00215450127549
get signal data Ar38 L1
Get data signal Ar38 1.722+/-0.005 len t=120
adding isotope Ar37 L2
Get Checksum: 2035211824
add baseline dbdet= Ar37. original det= L2
get baseline data Ar37 L2
Get data baseline <pychron.processing.isotope.Baseline object at 0x133aaae90> len t=60
baseline Ar37. v=-0.0234958654452, e=0.00625772008175
get signal data Ar37 L2
Get data signal Ar37 0.878+/-0.011 len t=120
adding isotope Ar36 CDD
add baseline dbdet= Ar36. original det= CDD
get baseline data Ar36 CDD
Get data baseline <pychron.processing.isotope.Baseline object at 0x133aa8090> len t=60
baseline Ar36. v=0.000181119585664, e=2.09608638108e-05
get signal data Ar36 CDD
Get data signal Ar36 0.0661+/-0.0005 len t=120
65573-15 added analysis time 0.543884038925s
analysis added to mass spec database
mass spec save time= 0.553
persistence save - dvc
================= post measurement started
create new session 4983587952
close session 4983587952
---------------- Experiment Queue saving disabled
DVC saving peakcenter
Failed to find a valid peak. No peak greater than 1.0. max = 0.0693214698198
Smart pull ahead: 0 behind: 0
Up-to-date with origin
add to repo msg=modified - ad8224ebc6dbfeb9f5997218dfa5fe690569839d.json
add to repo msg=modified - 73-15.json
add to repo msg=modified - 73-15.dat.json
add to repo msg=modified - 73-15.blan.json
add to repo msg=modified - 73-15.inte.json
add to repo msg=modified - 73-15.icfa.json
Get Checksum: 2035211824
add to repo msg=modified - 73-15.base.json
not at valid file /Users/jan/PychronDev/data/.dvc/repositories/Load1785/655/tags/73-15.tags.json
add to repo msg=modified - 73-15.peak.json
add to repo msg=modified - 73-15.extr.json
not at valid file /Users/jan/PychronDev/data/.dvc/repositories/Load1785/655/monitor/73-15.moni.json
commit message=<COLLECTION>
add to repo msg=modified - 73-15.inte.json
add to repo msg=modified - 73-15.base.json
commit message=<ISOEVO> default collection fits
add to repo msg=modified - 73-15.blan.json
commit message=<BLANKS> preceding 
add to repo msg=modified - 73-15.icfa.json
Get Checksum: 2035211824
commit message=<ICFactor> default
push repository <pychron.git_archive.repo_manager.GitRepoManager object at 0x12d6d3b30>
pushing to remote=origin, url=https://github.com
Get Checksum: 2035211824
no changes to meta repo
create new session 4983587952
add association Load1785
get identifier "65573"
setting analysis irradiation position=<pychron.dvc.dvc_orm.IrradiationPositionTbl object at 0x13f814ed0>
close session 4983587952
================= post measurement finished
17:28:20 -- ******* Post Run Check *******
loading queue conditionals post_run_actions
loading system conditionals post_run_actions
loading conditionals from /Users/jan/PychronDev/setupfiles/spectrometer/default_conditionals.yaml
loading queue conditionals post_run_terminations
loading system conditionals post_run_terminations
loading conditionals from /Users/jan/PychronDev/setupfiles/spectrometer/default_conditionals.yaml
Checking default post run terminations n=1
GetDeflection CDD ===>> 50
testing CDD==2000
evaluate ot="CDD.deflection==2000" t="CDD==2000", ctx="{'CDD': 50.0}"
17:28:20 -- ******* Post Run Check Passed *******
17:28:20 -- Automated run 65573-15 success duration: 363.143 s
----------------- finish -----------------
----------------- stop -----------------
retroactive repository identifiers disabled
finish run. runs completed=15
update duration runid=65573-15, duration=363.142701149, md5=301e91d8
loading script "jan_unknown400_120.py"
loading script "jan_pump_ms.py"
loading script "jan_co2.py"
loading script "jan_pump_extraction_line.py"
testing...
no interpolation path defined
executed 556.052928
script duration name:unknown400_120 seconds:556.0
loading script "jan_unknown400_120.py"
loading script "jan_pump_ms.py"
loading script "jan_co2.py"
loading script "jan_pump_extraction_line.py"
testing...
no interpolation path defined
executed 0
loading script "jan_unknown400_120.py"
loading script "jan_pump_ms.py"
loading script "jan_co2.py"
loading script "jan_pump_extraction_line.py"
testing...
no interpolation path defined
calculate duration
testing...
no interpolation path defined
executed 0
calculate duration
testing...
no interpolation path defined
executed 0
executed 0.0
script duration name:co2 seconds:0.0
loading script "jan_unknown400_120.py"
loading script "jan_pump_ms.py"
loading script "jan_co2.py"
loading script "jan_pump_extraction_line.py"
testing...
no interpolation path defined
calculate duration
testing...
no interpolation path defined
executed 4.0
executed 4.0
Script duration 556.0
Run total estimated duration= 557.000
unknown400_120 in script context. using previous estimated duration
script duration name:unknown400_120 seconds:556.0
pump_ms in script context. using previous estimated duration
loading script "jan_unknown400_120.py"
loading script "jan_pump_ms.py"
loading script "jan_cocktail_x1.py"
loading script "jan_pump_extraction_line.py"
testing...
no interpolation path defined
calculate duration
testing...
no interpolation path defined
executed 0
calculate duration
testing...
no interpolation path defined
executed 0
calculate duration
testing...
no interpolation path defined
executed 32.0
calculate duration
testing...
no interpolation path defined
executed 34.0
calculate duration
testing...
no interpolation path defined
executed 4.0
calculate duration
testing...
no interpolation path defined
executed 38.0
executed 108.0
script duration name:cocktail_x1 seconds:108.0
pump_extraction_line in script context. using previous estimated duration
Script duration 664.0
Run total estimated duration= 665.000
script duration name:unknown400_120 seconds:556.0
loading script "jan_unknown400_120.py"
loading script "jan_pump_ms.py"
loading script "jan_sniffair_x2.py"
loading script "jan_pump_extraction_line.py"
testing...
no interpolation path defined
calculate duration
testing...
no interpolation path defined
executed 0
calculate duration
testing...
no interpolation path defined
executed 0
calculate duration
testing...
no interpolation path defined
executed 32.0
calculate duration
testing...
no interpolation path defined
executed 34.0
calculate duration
testing...
no interpolation path defined
executed 4.0
calculate duration
testing...
no interpolation path defined
executed 36.0
calculate duration
testing...
no interpolation path defined
executed 34.0
calculate duration
testing...
no interpolation path defined
executed 4.0
calculate duration
testing...
no interpolation path defined
executed 36.0
calculate duration
testing...
no interpolation path defined
executed 70.0
executed 250.0
script duration name:sniffair_x2 seconds:250.0
Script duration 806.0
Run total estimated duration= 807.000
loading script "jan_ic_peak_hop3.py"
loading script "jan_pump_ms.py"
loading script "jan_air_x1.py"
loading script "jan_pump_extraction_line.py"
testing...
no interpolation path defined
executed 133.8
script duration name:ic_peak_hop3 seconds:134.0
loading script "jan_ic_peak_hop3.py"
loading script "jan_pump_ms.py"
loading script "jan_air_x1.py"
loading script "jan_pump_extraction_line.py"
testing...
no interpolation path defined
calculate duration
testing...
no interpolation path defined
executed 0
calculate duration
testing...
no interpolation path defined
executed 0
calculate duration
testing...
no interpolation path defined
executed 32.0
calculate duration
testing...
no interpolation path defined
executed 34.0
calculate duration
testing...
no interpolation path defined
executed 4.0
calculate duration
testing...
no interpolation path defined
executed 36.0
executed 106.0
script duration name:air_x1 seconds:106.0
Script duration 240.0
Run total estimated duration= 241.000
loading script "jan_unknown120_60.py"
loading script "jan_pump_ms.py"
loading script "jan_co2.py"
loading script "jan_pump_extraction_line.py"
testing...
no interpolation path defined
executed 213.652928
script duration name:unknown120_60 seconds:214.0
co2 in script context. using previous estimated duration
script duration name:co2 seconds:0.0
Script duration 214.0
Run total estimated duration= 215.000
unknown120_60 in script context. using previous estimated duration
script duration name:unknown120_60 seconds:214.0
script duration name:co2 seconds:0.0
Script duration 214.0
Run total estimated duration= 215.000
script duration name:unknown120_60 seconds:214.0
script duration name:co2 seconds:0.0
Script duration 214.0
Run total estimated duration= 215.000
script duration name:unknown120_60 seconds:214.0
script duration name:co2 seconds:0.0
Script duration 214.0
Run total estimated duration= 215.000
script duration name:unknown120_60 seconds:214.0
script duration name:co2 seconds:0.0
Script duration 214.0
Run total estimated duration= 215.000
script duration name:unknown120_60 seconds:214.0
script duration name:co2 seconds:0.0
Script duration 214.0
Run total estimated duration= 215.000
script duration name:unknown120_60 seconds:214.0
script duration name:co2 seconds:0.0
Script duration 214.0
Run total estimated duration= 215.000
script duration name:unknown120_60 seconds:214.0
script duration name:co2 seconds:0.0
Script duration 214.0
Run total estimated duration= 215.000
script duration name:unknown120_60 seconds:214.0
script duration name:co2 seconds:0.0
Script duration 214.0
Run total estimated duration= 215.000
script duration name:unknown120_60 seconds:214.0
script duration name:co2 seconds:0.0
Script duration 214.0
Run total estimated duration= 215.000
script duration name:unknown120_60 seconds:214.0
script duration name:co2 seconds:0.0
Script duration 214.0
Run total estimated duration= 215.000
script duration name:unknown120_60 seconds:214.0
script duration name:co2 seconds:0.0
Script duration 214.0
Run total estimated duration= 215.000
script duration name:unknown120_60 seconds:214.0
script duration name:co2 seconds:0.0
Script duration 214.0
Run total estimated duration= 215.000
script duration name:unknown120_60 seconds:214.0
script duration name:co2 seconds:0.0
Script duration 214.0
Run total estimated duration= 215.000
script duration name:unknown120_60 seconds:214.0
script duration name:co2 seconds:0.0
Script duration 214.0
Run total estimated duration= 215.000
script duration name:unknown400_120 seconds:556.0
script duration name:co2 seconds:0.0
Script duration 556.0
Run total estimated duration= 557.000
script duration name:unknown120_60 seconds:214.0
script duration name:co2 seconds:0.0
Script duration 214.0
Run total estimated duration= 215.000
script duration name:unknown120_60 seconds:214.0
script duration name:co2 seconds:0.0
Script duration 214.0
Run total estimated duration= 215.000
script duration name:unknown120_60 seconds:214.0
script duration name:co2 seconds:0.0
Script duration 214.0
Run total estimated duration= 215.000
script duration name:unknown120_60 seconds:214.0
script duration name:co2 seconds:0.0
Script duration 214.0
Run total estimated duration= 215.000
script duration name:unknown120_60 seconds:214.0
script duration name:co2 seconds:0.0
Script duration 214.0
Run total estimated duration= 215.000
script duration name:unknown400_120 seconds:556.0
cocktail_x1 in script context. using previous estimated duration
script duration name:cocktail_x1 seconds:108.0
Script duration 664.0
Run total estimated duration= 665.000
script duration name:unknown120_60 seconds:214.0
script duration name:co2 seconds:0.0
Script duration 214.0
Run total estimated duration= 215.000
script duration name:unknown120_60 seconds:214.0
script duration name:co2 seconds:0.0
Script duration 214.0
Run total estimated duration= 215.000
script duration name:unknown120_60 seconds:214.0
script duration name:co2 seconds:0.0
Script duration 214.0
Run total estimated duration= 215.000
script duration name:unknown120_60 seconds:214.0
script duration name:co2 seconds:0.0
Script duration 214.0
Run total estimated duration= 215.000
script duration name:unknown120_60 seconds:214.0
script duration name:co2 seconds:0.0
Script duration 214.0
Run total estimated duration= 215.000
script duration name:unknown120_60 seconds:214.0
script duration name:co2 seconds:0.0
Script duration 214.0
Run total estimated duration= 215.000
script duration name:unknown120_60 seconds:214.0
script duration name:co2 seconds:0.0
Script duration 214.0
Run total estimated duration= 215.000
script duration name:unknown120_60 seconds:214.0
script duration name:co2 seconds:0.0
Script duration 214.0
Run total estimated duration= 215.000
script duration name:unknown120_60 seconds:214.0
script duration name:co2 seconds:0.0
Script duration 214.0
Run total estimated duration= 215.000
script duration name:unknown120_60 seconds:214.0
script duration name:co2 seconds:0.0
Script duration 214.0
Run total estimated duration= 215.000
script duration name:unknown400_120 seconds:556.0
script duration name:co2 seconds:0.0
Script duration 556.0
Run total estimated duration= 557.000
script duration name:unknown400_120 seconds:556.0
sniffair_x2 in script context. using previous estimated duration
script duration name:sniffair_x2 seconds:250.0
Script duration 806.0
Run total estimated duration= 807.000
ic_peak_hop3 in script context. using previous estimated duration
script duration name:ic_peak_hop3 seconds:134.0
air_x1 in script context. using previous estimated duration
script duration name:air_x1 seconds:106.0
Script duration 240.0
Run total estimated duration= 241.000
script duration name:unknown120_60 seconds:214.0
script duration name:co2 seconds:0.0
Script duration 214.0
Run total estimated duration= 215.000
script duration name:unknown120_60 seconds:214.0
script duration name:co2 seconds:0.0
Script duration 214.0
Run total estimated duration= 215.000
script duration name:unknown120_60 seconds:214.0
script duration name:co2 seconds:0.0
Script duration 214.0
Run total estimated duration= 215.000
script duration name:unknown120_60 seconds:214.0
script duration name:co2 seconds:0.0
Script duration 214.0
Run total estimated duration= 215.000
script duration name:unknown120_60 seconds:214.0
script duration name:co2 seconds:0.0
Script duration 214.0
Run total estimated duration= 215.000
script duration name:unknown120_60 seconds:214.0
script duration name:co2 seconds:0.0
Script duration 214.0
Run total estimated duration= 215.000
script duration name:unknown120_60 seconds:214.0
script duration name:co2 seconds:0.0
Script duration 214.0
Run total estimated duration= 215.000
script duration name:unknown120_60 seconds:214.0
script duration name:co2 seconds:0.0
Script duration 214.0
Run total estimated duration= 215.000
script duration name:unknown120_60 seconds:214.0
script duration name:co2 seconds:0.0
Script duration 214.0
Run total estimated duration= 215.000
script duration name:unknown120_60 seconds:214.0
script duration name:co2 seconds:0.0
Script duration 214.0
Run total estimated duration= 215.000
script duration name:unknown400_120 seconds:556.0
script duration name:cocktail_x1 seconds:108.0
Script duration 664.0
Run total estimated duration= 665.000
script duration name:unknown120_60 seconds:214.0
script duration name:co2 seconds:0.0
Script duration 214.0
Run total estimated duration= 215.000
script duration name:unknown120_60 seconds:214.0
script duration name:co2 seconds:0.0
Script duration 214.0
Run total estimated duration= 215.000
script duration name:unknown120_60 seconds:214.0
script duration name:co2 seconds:0.0
Script duration 214.0
Run total estimated duration= 215.000
script duration name:unknown120_60 seconds:214.0
script duration name:co2 seconds:0.0
Script duration 214.0
Run total estimated duration= 215.000
script duration name:unknown120_60 seconds:214.0
script duration name:co2 seconds:0.0
Script duration 214.0
Run total estimated duration= 215.000
script duration name:unknown400_120 seconds:556.0
script duration name:co2 seconds:0.0
Script duration 556.0
Run total estimated duration= 557.000
script duration name:unknown120_60 seconds:214.0
script duration name:co2 seconds:0.0
Script duration 214.0
Run total estimated duration= 215.000
script duration name:unknown120_60 seconds:214.0
script duration name:co2 seconds:0.0
Script duration 214.0
Run total estimated duration= 215.000
script duration name:unknown120_60 seconds:214.0
script duration name:co2 seconds:0.0
Script duration 214.0
Run total estimated duration= 215.000
script duration name:unknown120_60 seconds:214.0
script duration name:co2 seconds:0.0
Script duration 214.0
Run total estimated duration= 215.000
script duration name:unknown120_60 seconds:214.0
script duration name:co2 seconds:0.0
Script duration 214.0
Run total estimated duration= 215.000
script duration name:unknown120_60 seconds:214.0
script duration name:co2 seconds:0.0
Script duration 214.0
Run total estimated duration= 215.000
script duration name:unknown120_60 seconds:214.0
script duration name:co2 seconds:0.0
Script duration 214.0
Run total estimated duration= 215.000
script duration name:unknown120_60 seconds:214.0
script duration name:co2 seconds:0.0
Script duration 214.0
Run total estimated duration= 215.000
script duration name:unknown120_60 seconds:214.0
script duration name:co2 seconds:0.0
Script duration 214.0
Run total estimated duration= 215.000
script duration name:unknown120_60 seconds:214.0
script duration name:co2 seconds:0.0
Script duration 214.0
Run total estimated duration= 215.000
script duration name:unknown120_60 seconds:214.0
script duration name:co2 seconds:0.0
Script duration 214.0
Run total estimated duration= 215.000
script duration name:unknown120_60 seconds:214.0
script duration name:co2 seconds:0.0
Script duration 214.0
Run total estimated duration= 215.000
script duration name:unknown120_60 seconds:214.0
script duration name:co2 seconds:0.0
Script duration 214.0
Run total estimated duration= 215.000
script duration name:unknown120_60 seconds:214.0
script duration name:co2 seconds:0.0
Script duration 214.0
Run total estimated duration= 215.000
script duration name:unknown120_60 seconds:214.0
script duration name:co2 seconds:0.0
Script duration 214.0
Run total estimated duration= 215.000
script duration name:unknown400_120 seconds:556.0
script duration name:co2 seconds:0.0
Script duration 556.0
Run total estimated duration= 557.000
script duration name:unknown400_120 seconds:556.0
script duration name:cocktail_x1 seconds:108.0
Script duration 664.0
Run total estimated duration= 665.000
script duration name:unknown400_120 seconds:556.0
script duration name:cocktail_x1 seconds:108.0
Script duration 664.0
Run total estimated duration= 665.000
script duration name:unknown400_120 seconds:556.0
script duration name:sniffair_x2 seconds:250.0
Script duration 806.0
Run total estimated duration= 807.000
script duration name:ic_peak_hop3 seconds:134.0
script duration name:air_x1 seconds:106.0
Script duration 240.0
Run total estimated duration= 241.000
script duration name:unknown120_60 seconds:214.0
script duration name:co2 seconds:0.0
Script duration 214.0
Run total estimated duration= 215.000
script duration name:unknown120_60 seconds:214.0
script duration name:co2 seconds:0.0
Script duration 214.0
Run total estimated duration= 215.000
script duration name:unknown120_60 seconds:214.0
script duration name:co2 seconds:0.0
Script duration 214.0
Run total estimated duration= 215.000
script duration name:unknown120_60 seconds:214.0
script duration name:co2 seconds:0.0
Script duration 214.0
Run total estimated duration= 215.000
script duration name:unknown120_60 seconds:214.0
script duration name:co2 seconds:0.0
Script duration 214.0
Run total estimated duration= 215.000
script duration name:unknown120_60 seconds:214.0
script duration name:co2 seconds:0.0
Script duration 214.0
Run total estimated duration= 215.000
script duration name:unknown120_60 seconds:214.0
script duration name:co2 seconds:0.0
Script duration 214.0
Run total estimated duration= 215.000
script duration name:unknown120_60 seconds:214.0
script duration name:co2 seconds:0.0
Script duration 214.0
Run total estimated duration= 215.000
script duration name:unknown120_60 seconds:214.0
script duration name:co2 seconds:0.0
Script duration 214.0
Run total estimated duration= 215.000
script duration name:unknown120_60 seconds:214.0
script duration name:co2 seconds:0.0
Script duration 214.0
Run total estimated duration= 215.000
script duration name:unknown120_60 seconds:214.0
script duration name:co2 seconds:0.0
Script duration 214.0
Run total estimated duration= 215.000
nruns=87 before=5.0, run_dur=24519.0, btw=2580.0
write rem/ex queues
/Users/jan/PychronDev/experiments/rem/CurrentExperimentPartial.rem.txt
/Users/jan/PychronDev/experiments/rem/CurrentExperimentPartial.ex.txt
doing event level: 3
