do run
loading script "jan_unknown120_60.py"
loading script "jan_pump_ms.py"
loading script "jan_co2.py"
loading script "jan_pump_extraction_line.py"
testing...
no interpolation path defined
executed 213.652928
script duration name:unknown120_60 seconds:214.0
loading script "jan_unknown120_60.py"
loading script "jan_pump_ms.py"
Get Checksum: 192129876
loading script "jan_co2.py"
loading script "jan_pump_extraction_line.py"
testing...
no interpolation path defined
executed 0
loading script "jan_unknown120_60.py"
loading script "jan_pump_ms.py"
loading script "jan_co2.py"
loading script "jan_pump_extraction_line.py"
testing...
no interpolation path defined
calculate duration
testing...
no interpolation path defined
executed 0
calculate duration
testing...
no interpolation path defined
executed 0
executed 0.0
script duration name:co2 seconds:0.0
loading script "jan_unknown120_60.py"
loading script "jan_pump_ms.py"
loading script "jan_co2.py"
loading script "jan_pump_extraction_line.py"
testing...
no interpolation path defined
calculate duration
testing...
no interpolation path defined
executed 4.0
executed 4.0
Script duration 214.0
Run total estimated duration= 215.000
run duration: 0:03:35
doing event level: 2
18:52:51 -- Setting default integration. t=1.048576
setting integration time = 1.048576
SetIntegrationTime 1.048576 ===>> OK
----------------- start -----------------
**************** Experiment Type: Ar/Ar, Ar/Ar
create new session 4993924272
close session 4993924272
$$$$$ Clearing conditionals
adding conditionals 
Add queue conditionals
add default conditionals
adding default conditionals from /Users/jan/PychronDev/setupfiles/spectrometer/default_conditionals.yaml
Start automated run 65573-21
loading script "jan_unknown120_60.py"
loading script "jan_pump_ms.py"
loading script "jan_co2.py"
loading script "jan_pump_extraction_line.py"
%%%%%%%%%%%%%%%%%% setting automated run 65573-21
No value "sensitivity_multiplier" in metadata
$$$$$$$$$$$$$$$ auto_save_detector_ic=False
============================= Pre Extraction Check =============================
loading queue conditionals pre_run_terminations
loading system conditionals pre_run_terminations
loading conditionals from /Users/jan/PychronDev/setupfiles/spectrometer/default_conditionals.yaml
18:52:51 -- ******* Pre Extraction Check *******
Get a measurement from the spectrometer
GetData ===>> H2,-0.211041820518428,H1,0.0245375170727204,AX,-0.0528963780463599,L1,0.0301579333473773,L2,-0.00...
Pre Extraction Termination data. keys=H2,H1,AX,L1,L2,CDD, signals=-0.21104,0.02454,-0.05290,0.03016,-0.00793,0.00402
18:52:51 -- testing system defined conditionals
Checking default pre extraction terminations n=2
testing CDD
evaluate ot="CDD.inactive" t="CDD", ctx="{'CDD': False}"
GetDeflection CDD ===>> 50
testing CDD==2000
evaluate ot="CDD.deflection==2000" t="CDD==2000", ctx="{'CDD': 50.0}"
18:52:51 -- ******* Pre Extraction Check Passed *******
=================================================================================
18:52:51 -- stopping status monitor
stop 4977824688
Alive clients [4983939824]
18:52:51 -- starting status monitor
start 4977824688
Monitor already running
start extraction
do extraction
Analysis started at 18:52:51.642003
Extraction Started jan_co2.py
18:52:51 -- ******* Extraction Started jan_co2.py *******
state changed from not run to extraction
DO EXTRACTION <pychron.extraction_line.pyscript_runner.RemotePyScriptRunner object at 0x12c3c43b0>
testing...
no interpolation path defined
calculate duration
testing...
no interpolation path defined
executed 0
calculate duration
testing...
no interpolation path defined
executed 0
executed 100.0
Jan CO2 laser analysis
doing GOSUB
testing...
no interpolation path defined
executed 0
Waiting for CO2 access
wait ('FelixCO2Flag', 0) {}
waiting for FelixCO2Flag = 0
Read FelixCO2Flag ===>> 0
finished waiting
CO2 free
wait ('CO2PumpTimeFlag', 0) {}
waiting for CO2PumpTimeFlag = 0
Read CO2PumpTimeFlag ===>> 0
finished waiting
acquire ('JanCO2Flag',) {'clear': True}
acquire JanCO2Flag
Set JanCO2Flag 1 ===>> OK
JanCO2Flag acquired
set extraction state False (0.75, 'red', 1.5)
CO2 acquired
executed 0
WaitForCO2Access.py completed successfully
gosub finished
doing GOSUB
testing...
no interpolation path defined
executed 0
Prepare for CO2 analysis
close () {'description': 'Jan Inlet'}
closing name=--- desc=Jan Inlet
checking ownership. requestor=129.138.12.150
check software interlocks R
interlocks []
actuate state mode=None-script, software_lock=False
doing actuation None-script close_channel False
Close R ===>> OK
GetIndicatorState R ===>> False
change switch state (True, True)
update switch state R False args=() kw={} ncanvase=2
18:52:52 -- CLOSE  VALVE-R (Jan Inlet)
---------------------------------------- close None (Jan Inlet) result=[(True, True)]
action=close, ok=True, locked=[False]
open () {'description': 'Jan Ion Pump'}
opening name=--- desc=Jan Ion Pump
checking ownership. requestor=129.138.12.150
check software interlocks O
interlocks []
actuate state mode=None-script, software_lock=False
doing actuation None-script open_channel False
Open O ===>> OK
GetIndicatorState O ===>> OK
change switch state (True, True)
update switch state O True args=() kw={} ncanvase=2
18:52:52 -- OPEN   VALVE-O (Jan Ion Pump)
---------------------------------------- open None (Jan Ion Pump) result=[(True, True)], time=0.09 sec
action=open, ok=True, locked=[False]
close () {'description': 'Microbone to Minibone'}
closing name=--- desc=Microbone to Minibone
checking ownership. requestor=129.138.12.150
check software interlocks L
interlocks []
actuate state mode=None-script, software_lock=False
doing actuation None-script close_channel False
Close L ===>> OK
GetIndicatorState L ===>> False
change switch state (True, True)
update switch state L False args=() kw={} ncanvase=2
18:52:53 -- CLOSE  VALVE-L (Microbone to Minibone)
---------------------------------------- close None (Microbone to Minibone) result=[(True, True)]
action=close, ok=True, locked=[False]
open () {'description': 'Microbone to Turbo'}
opening name=--- desc=Microbone to Turbo
checking ownership. requestor=129.138.12.150
check software interlocks U
interlocks []
actuate state mode=None-script, software_lock=False
doing actuation None-script open_channel False
Open U ===>> OK
GetIndicatorState U ===>> OK
change switch state (True, True)
update switch state U True args=() kw={} ncanvase=2
18:52:53 -- OPEN   VALVE-U (Microbone to Turbo)
---------------------------------------- open None (Microbone to Turbo) result=[(True, True)], time=0.15 sec
action=open, ok=True, locked=[False]
open () {'description': 'Microbone to Inlet Pipette'}
opening name=--- desc=Microbone to Inlet Pipette
checking ownership. requestor=129.138.12.150
check software interlocks S
interlocks []
actuate state mode=None-script, software_lock=False
doing actuation None-script open_channel False
Open S ===>> OK
Get Checksum: 192129876
GetIndicatorState S ===>> OK
change switch state (True, True)
update switch state S True args=() kw={} ncanvase=2
18:52:54 -- OPEN   VALVE-S (Microbone to Inlet Pipette)
---------------------------------------- open None (Microbone to Inlet Pipette) result=[(True, True)], time=0.42 sec
action=open, ok=True, locked=[False]
open () {'description': 'Microbone to Getter D-50'}
opening name=--- desc=Microbone to Getter D-50
checking ownership. requestor=129.138.12.150
check software interlocks K
interlocks []
actuate state mode=None-script, software_lock=False
doing actuation None-script open_channel False
Open K ===>> OK
GetIndicatorState K ===>> OK
change switch state (True, True)
update switch state K True args=() kw={} ncanvase=2
18:52:55 -- OPEN   VALVE-K (Microbone to Getter D-50)
---------------------------------------- open None (Microbone to Getter D-50) result=[(True, True)], time=0.69 sec
action=open, ok=True, locked=[False]
open () {'description': 'Microbone to Getter NP-10'}
opening name=--- desc=Microbone to Getter NP-10
checking ownership. requestor=129.138.12.150
check software interlocks M
interlocks []
actuate state mode=None-script, software_lock=False
doing actuation None-script open_channel False
Open M ===>> OK
GetIndicatorState M ===>> OK
change switch state (True, True)
update switch state M True args=() kw={} ncanvase=2
18:52:56 -- OPEN   VALVE-M (Microbone to Getter NP-10)
---------------------------------------- open None (Microbone to Getter NP-10) result=[(True, True)], time=0.22 sec
action=open, ok=True, locked=[False]
close () {'description': 'CO2 Laser to Felix'}
closing name=--- desc=CO2 Laser to Felix
checking ownership. requestor=129.138.12.150
check software interlocks F
interlocks []
actuate state mode=None-script, software_lock=True
VALVE-F(CO2 Laser to Felix) software locked
change switch state (True, False)
---------------------------------------- close None (CO2 Laser to Felix) result=[(True, False)]
action=close, ok=True, locked=[True]
open () {'description': 'CO2 Laser to Jan'}
opening name=--- desc=CO2 Laser to Jan
checking ownership. requestor=129.138.12.150
check software interlocks A
interlocks []
actuate state mode=None-script, software_lock=False
doing actuation None-script open_channel False
Open A ===>> OK
GetIndicatorState A ===>> OK
change switch state (True, True)
update switch state A True args=() kw={} ncanvase=2
18:52:56 -- OPEN   VALVE-A (CO2 Laser to Jan)
---------------------------------------- open None (CO2 Laser to Jan) result=[(True, True)], time=0.12 sec
action=open, ok=True, locked=[False]
open () {'description': 'Microbone to CO2 Laser'}
opening name=--- desc=Microbone to CO2 Laser
checking ownership. requestor=129.138.12.150
check software interlocks T
interlocks []
actuate state mode=None-script, software_lock=False
doing actuation None-script open_channel False
Open T ===>> OK
GetIndicatorState T ===>> OK
change switch state (True, True)
update switch state T True args=() kw={} ncanvase=2
18:52:57 -- OPEN   VALVE-T (Microbone to CO2 Laser)
---------------------------------------- open None (Microbone to CO2 Laser) result=[(True, True)], time=0.44 sec
action=open, ok=True, locked=[False]
executed 0
PrepareForCO2Analysis.py completed successfully
gosub finished
set_motor ('beam', '1.25') {}
setting motor "beam" to 1.25
set motor beam to 1.25
SetMotor beam,1.25 ===>> OK
Get Checksum: 192129876
GetMotorMoving beam ===>> False
GetMotorMoving beam ===>> False
Block completed
move_to_position ('62',) {'autocenter': True}
FusionsCO2 move to position 62
sending GoToHole 62,True
GoToHole 62,True ===>> OK
GetDriveMoving ===>> OK
GetDriveMoving ===>> OK
GetDriveMoving ===>> OK
GetDriveMoving ===>> OK
GetDriveMoving ===>> OK
GetDriveMoving ===>> OK
Get Checksum: 192129876
GetDriveMoving ===>> False
GetDriveMoving ===>> False
Block completed
GetAutoCorrecting ===>> OK
GetAutoCorrecting ===>> OK
GetAutoCorrecting ===>> False
GetAutoCorrecting ===>> False
Block completed
update position
GetPosition ===>> 1.99390,5.98170,1.00000
got position (1.9939, 5.9817, 1.0)
move to position succeeded
sleep (5,) {}
SLEEP 5.0
block started
WaitControl setup for 5.0  
Get Checksum: 192129876
Get Checksum: 192129876
Join finished
block finished. duration 5.01471090317
close () {'description': 'Microbone to Turbo'}
closing name=--- desc=Microbone to Turbo
checking ownership. requestor=129.138.12.150
check software interlocks U
interlocks []
actuate state mode=None-script, software_lock=False
doing actuation None-script close_channel True
Close U ===>> OK
GetIndicatorState U ===>> False
change switch state (True, True)
update switch state U False args=() kw={} ncanvase=2
18:53:08 -- CLOSE  VALVE-U (Microbone to Turbo)
---------------------------------------- close None (Microbone to Turbo) result=[(True, True)]
action=close, ok=True, locked=[False]
enable laser
enable () {}
set extraction state FusionsCO2 Enabled (False, 'red', 1.5)
enabling laser
Enable ===>> OK
begin interval
BEGIN INTERVAL Interval 1 waiting for 30.0
block started
set extract to 5.0
WaitControl setup for 30.0  
extract (5.0,) {}
GetPosition ===>> 1.99390,5.98170,1.00000
set extraction state FusionsCO2 ON! 5.0(watts) (0.75, 'red', 1.5)
extract sample to 5.0 (watts)
set laser output
SetLaserOutput 5.0,watts ===>> OK
executing pattern triangle.lp
execute_pattern ('triangle.lp',) {}
executing pattern triangle.lp
Get Checksum: 38271967
IsPatterning ===>> OK
IsPatterning ===>> OK
IsPatterning ===>> OK
Get Checksum: 38271967
IsPatterning ===>> OK
IsPatterning ===>> OK
IsPatterning ===>> OK
Get Checksum: 38271967
IsPatterning ===>> OK
IsPatterning ===>> OK
IsPatterning ===>> OK
Get Checksum: 38271967
IsPatterning ===>> OK
IsPatterning ===>> OK
IsPatterning ===>> OK
Get Checksum: 38271967
IsPatterning ===>> OK
IsPatterning ===>> OK
IsPatterning ===>> OK
Get Checksum: 38271967
IsPatterning ===>> OK
IsPatterning ===>> OK
IsPatterning ===>> OK
Get Checksum: 38271967
IsPatterning ===>> OK
IsPatterning ===>> OK
IsPatterning ===>> OK
Get Checksum: 38271967
IsPatterning ===>> OK
IsPatterning ===>> OK
IsPatterning ===>> OK
Get Checksum: 38271967
IsPatterning ===>> OK
IsPatterning ===>> OK
IsPatterning ===>> False
Get Checksum: 38271967
IsPatterning ===>> False
Block completed
COMPLETE INTERVAL waiting for Interval 1 to complete
Join finished
block finished. duration 30.086728096
Interval 1 finished
end_extract () {}
ending extraction. set laser power to 0
set laser power 0
Get Checksum: 38271967
SetLaserPower 0 ===>> OK
disable () {}
%%%%%%%%%%%%%%%%%%%%%%%%%%%%%%%%%%% disable
set extraction state False (0.75, 'red', 1.5)
disabling laser
Disable ===>> OK
sleep (30.0,) {}
SLEEP 30.0
block started
WaitControl setup for 30.0  
Get Checksum: 38271967
Get Checksum: 38271967
Get Checksum: 38271967
Get Checksum: 38271967
Get Checksum: 38271967
Get Checksum: 38271967
Get Checksum: 38271967
Get Checksum: 38271967
Get Checksum: 38271967
Get Checksum: 38271967
Join finished
block finished. duration 30.076513052
executed 166.5
jan_co2.py completed successfully
GetAchievedOutput ===>> No Response
Requested Output= 0.000
Achieved Output=  0.000
GetResponseBlob ===>> No Response
GetOutputBlob ===>> No Response
persistence save...
persistence save - db
AutomatedRunPersister post_extraction_save deprecated
persistence save - dvc
no extraction position for 62
create new session 4983587952
close session 4983587952
Extraction Finished
18:54:10 -- ******* Extraction Finished *******
no overlap. not waiting for min ms pumptime
18:54:10 -- Sending spectrometer configuration
======== Sending configuration ========
SetDeflection CDD,50.0 ===>> OK
SetDeflection H2,0.0 ===>> OK
SetDeflection H1,0.0 ===>> OK
SetDeflection L2,825.0 ===>> OK
SetDeflection L1,400.0 ===>> OK
SetDeflection AX,190.0 ===>> OK
SetZFocus 74.64 ===>> OK
SetZSymmetry -50.72 ===>> OK
SetExtractionLens 26.13 ===>> OK
SetIonRepeller -3.81 ===>> OK
SetElectronEnergy 75.08 ===>> OK
SetYSymmetry -2.81 ===>> OK
SetIonCounterVoltage 1590.0 ===>> OK
send trap current 200.0
GetParameter Trap Current Readback ===>> 198.035158395898
SetParameter Trap Current Set,200.0 ===>> OK
updating mftable name mftable
Using mftable located at /Users/jan/PychronDev/setupfiles/spectrometer/mftables/mftable.csv
============ MFtable ===========
Isotope  H2     H1     AX     L1     L2     CDD    
Ar40     5.7836 5.8791 5.9925 6.1235 6.2307 6.3517
Ar39     5.6828 5.7713 5.8849 6.0096 6.1159 6.2382
Ar36     5.3603 5.4403 5.5483 5.6684 5.7708 5.8893
================================
get initial guess parabolic
get initial guess parabolic
get initial guess parabolic
get initial guess parabolic
get initial guess parabolic
get initial guess parabolic
======== Configuration Finished ========
GetYSymmetry ===>> -2.81
GetZSymmetry ===>> -50.72
GetParameter Trap Current Readback ===>> 197.587621314778
GetHighVoltage ===>> 4500
start measurement
do measurement
L#=65573 analysis type=unknown
Measurement Started jan_unknown120_60.py
18:54:10 -- ******* Measurement Started jan_unknown120_60.py *******
state changed from extraction to measurement
setting spec, defl, and gains
GetExtractionLens ===>> 26.13
GetYSymmetry ===>> -2.81
GetZSymmetry ===>> -50.72
GetZFocus ===>> 74.64
GetDeflection H2 ===>> 0
GetDeflection H1 ===>> 0
GetDeflection AX ===>> 190
GetDeflection L1 ===>> 400
GetDeflection L2 ===>> 825
GetDeflection CDD ===>> 50
GetGain H2 ===>> 0.0113
GetGain H1 ===>> 0.1
GetGain AX ===>> 0.097049
GetGain L1 ===>> 0.010355
GetGain L2 ===>> 0.095649
GetGain CDD ===>> 0
pre measurement save
New frame /Users/jan/PychronDev/data/isotopes/99/15f479-dadc-4495-b8a0-6e5d286db512.h5
flush and close file /Users/jan/PychronDev/data/isotopes/99/15f479-dadc-4495-b8a0-6e5d286db512.h5
testing...
no interpolation path defined
executed 226.132928
unknown measurement script
activate_detectors ('H2', 'H1', 'AX', 'L1', 'L2', 'CDD') {}
activate detectors
*************** Set Analysis View Ar/Ar
create graphs
clearing graphs
clear isotope group
setting isotope det=H2, iso=PM41
setting isotope det=H1, iso=Ar40
setting isotope det=AX, iso=Ar39
setting isotope det=L1, iso=Ar38
setting isotope det=L2, iso=Ar37
setting isotope det=CDD, iso=Ar36
setting previous blanks
 - setting Ar40 blank 0.772+/-0.007
 - setting Ar36 blank 0.00642+/-0.00020
 - setting Ar37 blank 0.048+/-0.005
 - setting Ar38 blank 0.0136+/-0.0020
 - setting PM41 blank 0.04+/-0.07
 - setting Ar39 blank 0.034+/-0.009
load analysis view
position_magnet ('Ar40',) {'detector': 'H1'}
detector Detector(H1)
POSITION Ar40 H1
setting detector H2 to PM41 (40.9624)
setting detector H1 to Ar40 (39.9624)
setting detector AX to Ar39 (38.9624)
setting detector L1 to Ar38 (37.9624)
setting detector L2 to Ar37 (36.9624)
setting detector CDD to Ar36 (35.9624)
Mapping mass to dac mass func: "parabolic"
H1 map mass coeffs = [-0.00063987  0.15840543  0.57067999]
H1 map mass to dac 39.9624 >> 5.87907
GetDeflection H1 ===>> 0
GetHighVoltage ===>> 4500
positioning Ar40 (5.87907) on H1
setting magnet DAC
current  : 5.879072
requested: 5.879070
Delta Dac: 0.000002
Checking detector protection. dv=0.00000
Checking detector "CDD". Protection Threshold: 0.1 (V)
SetMagnetDAC 5.87907 ===>> OK
Magnet settling time: 0.500
equilibrate () {'delay': 3, 'inlet': 'R', 'outlet': 'O', 'eqtime': 12.0}
Equilibration Started
18:54:12 -- ******* Equilibration Started *******
checking ownership. requestor=129.138.12.150
check software interlocks O
interlocks []
actuate state mode=None-script, software_lock=False
doing actuation None-script close_channel True
Close O ===>> OK
GetIndicatorState O ===>> False
change switch state (True, True)
update switch state O False args=() kw={} ncanvase=2
18:54:12 -- CLOSE  VALVE-O (Jan Ion Pump)
waiting 3s before opening inlet value ('R',)
Get Checksum: 1838806504
checking ownership. requestor=129.138.12.150
check software interlocks R
interlocks []
actuate state mode=None-script, software_lock=False
doing actuation None-script open_channel True
Open R ===>> OK
GetIndicatorState R ===>> OK
change switch state (True, True)
update switch state R True args=() kw={} ncanvase=2
18:54:15 -- OPEN   VALVE-R (Jan Inlet)
set_time_zero () {}
equilibrating for 12.0sec
sniff (12.0,) {}
py_sniff
build tables- sniff [Detector(H2), Detector(H1), Detector(AX), Detector(L1), Detector(L2), Detector(CDD)]
add group /sniff/PM41 (Group) '' table H2
add group /sniff/Ar40 (Group) '' table H1
add group /sniff/Ar39 (Group) '' table AX
add group /sniff/Ar38 (Group) '' table L1
add group /sniff/Ar37 (Group) '' table L2
add group /sniff/Ar36 (Group) '' table CDD
flush and close file /Users/jan/PychronDev/data/isotopes/99/15f479-dadc-4495-b8a0-6e5d286db512.h5
measuring sniff. ncounts=12.0
starting measurement
GetData ===>> H2,-0.110113146723914,H1,0.577954990487517,AX,0.16137251026492,L1,0.019596602167018,L2,-0.0264274...
GetData ===>> H2,0.632459246492289,H1,282.515095997974,AX,75.6703343434943,L1,0.322593043598051,L2,0.7953380211...
Get Checksum: 1775861429
GetData ===>> H2,0.869982263280857,H1,637.199389543283,AX,163.814154104918,L1,1.19198486616895,L2,1.25496761325...
GetData ===>> H2,0.347836472173734,H1,751.94769971847,AX,188.655134011208,L1,1.80106817056201,L2,1.178588742585...
GetData ===>> H2,0.107633220276241,H1,790.519572665174,AX,195.966105397643,L1,2.12654461962934,L2,1.23025050698...
Get Checksum: 1775861429
GetData ===>> H2,-0.0632284165877269,H1,804.897843867252,AX,199.0176204726,L1,2.29631683854023,L2,1.30267637874...
GetData ===>> H2,-0.062225193006974,H1,811.603701022496,AX,200.120380719257,L1,2.38541851560189,L2,1.2729789678...
GetData ===>> H2,-0.077970862475581,H1,813.819046947013,AX,200.644602071789,L1,2.47568114652686,L2,1.2668524347...
Get Checksum: 1775861429
GetData ===>> H2,0.0501740653986372,H1,815.12674482615,AX,200.731579499875,L1,2.52893971808586,L2,1.32401413682...
GetData ===>> H2,-0.00434684878803446,H1,815.479528889465,AX,200.655439738147,L1,2.56932939295952,L2,1.18277247...
GetData ===>> H2,0.0189759988165569,H1,814.753798040142,AX,200.789731260484,L1,2.58038664465177,L2,1.2321886493...
Get Checksum: 1775861429
Equilibration Finished
18:54:27 -- ******* Equilibration Finished *******
checking ownership. requestor=129.138.12.150
check software interlocks R
interlocks []
actuate state mode=None-script, software_lock=False
doing actuation None-script close_channel True
GetData ===>> H2,-0.0631158972646197,H1,814.727909927532,AX,200.919816320147,L1,2.57596410541408,L2,1.209380677...
Close R ===>> OK
GetIndicatorState R ===>> False
change switch state (True, True)
update switch state R False args=() kw={} ncanvase=2
18:54:28 -- CLOSE  VALVE-R (Jan Inlet)
Post Equilibration Started jan_pump_extraction_line.py
18:54:28 -- ******* Post Equilibration Started jan_pump_extraction_line.py *******
testing...
no interpolation path defined
calculate duration
testing...
no interpolation path defined
executed 4.0
executed 4.0
Pump after analysis
doing GOSUB
testing...
no interpolation path defined
executed 4.0
Pump Microbone
close () {'description': 'Jan Inlet'}
closing name=--- desc=Jan Inlet
checking ownership. requestor=129.138.12.150
check software interlocks R
interlocks []
actuate state mode=None-script, software_lock=False
doing actuation None-script close_channel False
Close R ===>> OK
measurement finished
estimated time: 12.583 actual time: :12.669
flush and close file /Users/jan/PychronDev/data/isotopes/99/15f479-dadc-4495-b8a0-6e5d286db512.h5
set_fits () {}
using default fits file=/Users/jan/PychronDev/scripts/measurement/fits/nominal_linear.yaml
set "Ar40" to "('Linear', 'SEM')"
No fit for "PM41". defaulting to linear. check the measurement script "jan_unknown120_60.py"
set "PM41" to "linear"
GetIndicatorState R ===>> False
set "Ar36" to "('Linear', 'SEM')"
change switch state (True, True)
set "Ar37" to "('linear', 'SEM')"
update switch state R False args=() kw={} ncanvase=2
set "Ar38" to "('linear', 'SEM')"
set "Ar39" to "('Linear', 'SEM')"
set_baseline_fits () {}
using default fits file=/Users/jan/PychronDev/scripts/measurement/fits/nominal_linear.yaml
18:54:29 -- CLOSE  VALVE-R (Jan Inlet)
---------------------------------------- close None (Jan Inlet) result=[(True, True)]
set "H1" to "('average', 'SEM')"
set "H2" to "('average', 'SEM')"
set "CDD" to "('average', 'SEM')"
set "L2" to "('average', 'SEM')"
set "L1" to "('average', 'SEM')"
set "AX" to "('average', 'SEM')"
multicollect () {'integration_time': 1, 'ncounts': 120}
build tables- signal [Detector(H2), Detector(H1), Detector(AX), Detector(L1), Detector(L2), Detector(CDD)]
add group /signal/PM41 (Group) '' table H2
add group /signal/Ar40 (Group) '' table H1
add group /signal/Ar39 (Group) '' table AX
add group /signal/Ar38 (Group) '' table L1
add group /signal/Ar37 (Group) '' table L2
add group /signal/Ar36 (Group) '' table CDD
flush and close file /Users/jan/PychronDev/data/isotopes/99/15f479-dadc-4495-b8a0-6e5d286db512.h5
measuring signal. ncounts=120
action=close, ok=True, locked=[False]
is_closed ('F',) {}
is F () closed?
is closed True
open () {'description': 'CO2 Laser to Jan'}
opening name=--- desc=CO2 Laser to Jan
checking ownership. requestor=129.138.12.150
check software interlocks A
interlocks []
actuate state mode=None-script, software_lock=False
doing actuation None-script open_channel False
Open A ===>> OK
GetIndicatorState A ===>> OK
change switch state (True, True)
update switch state A True args=() kw={} ncanvase=2
18:54:29 -- OPEN   VALVE-A (CO2 Laser to Jan)
---------------------------------------- open None (CO2 Laser to Jan) result=[(True, True)], time=0.12 sec
starting measurement
GetData ===>> H2,0.091290861219918,H1,815.263333159687,AX,201.158645295292,L1,2.55507207153328,L2,1.21159358205...
action=open, ok=True, locked=[False]
sleep (1,) {}
SLEEP 1.0
Get Checksum: 1838806504
close () {'description': 'CO2 Laser to Roughing'}
closing name=--- desc=CO2 Laser to Roughing
GetData ===>> H2,0.0869193601169185,H1,814.718111500469,AX,200.896388885834,L1,2.54636928976631,L2,1.1745083468...
checking ownership. requestor=129.138.12.150
check software interlocks G
interlocks []
actuate state mode=None-script, software_lock=True
VALVE-G(CO2 Laser to Roughing) software locked
change switch state (True, False)
---------------------------------------- close None (CO2 Laser to Roughing) result=[(True, False)]
action=close, ok=True, locked=[True]
open () {'description': 'Microbone to Turbo'}
opening name=--- desc=Microbone to Turbo
checking ownership. requestor=129.138.12.150
check software interlocks U
interlocks []
actuate state mode=None-script, software_lock=False
doing actuation None-script open_channel True
Open U ===>> OK
set states for children of U. state=True
handle state [('U', True)]
update switch state U True args=() kw={'refresh': False} ncanvase=2
refresh_canvas_needed fired
GetIndicatorState U ===>> OK
change switch state (True, True)
update switch state U True args=() kw={} ncanvase=2
18:54:31 -- OPEN   VALVE-U (Microbone to Turbo)
---------------------------------------- open None (Microbone to Turbo) result=[(True, True)], time=0.22 sec
action=open, ok=True, locked=[False]
open () {'description': 'Microbone to Getter NP-10'}
opening name=--- desc=Microbone to Getter NP-10
checking ownership. requestor=129.138.12.150
check software interlocks M
interlocks []
actuate state mode=None-script, software_lock=False
doing actuation None-script open_channel False
Open M ===>> OK
GetData ===>> H2,-0.00429652509541666,H1,814.47778139368,AX,200.524390957172,L1,2.54903544858626,L2,1.193364431...
GetIndicatorState M ===>> OK
change switch state (True, True)
update switch state M True args=() kw={} ncanvase=2
18:54:31 -- OPEN   VALVE-M (Microbone to Getter NP-10)
---------------------------------------- open None (Microbone to Getter NP-10) result=[(True, True)], time=0.13 sec
action=open, ok=True, locked=[False]
open () {'description': 'Microbone to Getter D-50'}
opening name=--- desc=Microbone to Getter D-50
checking ownership. requestor=129.138.12.150
check software interlocks K
interlocks []
actuate state mode=None-script, software_lock=False
doing actuation None-script open_channel False
Open K ===>> OK
GetIndicatorState K ===>> OK
change switch state (True, True)
update switch state K True args=() kw={} ncanvase=2
18:54:32 -- OPEN   VALVE-K (Microbone to Getter D-50)
---------------------------------------- open None (Microbone to Getter D-50) result=[(True, True)], time=0.41 sec
action=open, ok=True, locked=[False]
open () {'description': 'Microbone to CO2 Laser'}
opening name=--- desc=Microbone to CO2 Laser
checking ownership. requestor=129.138.12.150
check software interlocks T
interlocks []
actuate state mode=None-script, software_lock=False
doing actuation None-script open_channel False
GetData ===>> H2,-0.0732565888879723,H1,814.227436266615,AX,200.191566211183,L1,2.55338526336417,L2,1.126114250...
Open T ===>> OK
GetIndicatorState T ===>> OK
change switch state (True, True)
update switch state T True args=() kw={} ncanvase=2
18:54:33 -- OPEN   VALVE-T (Microbone to CO2 Laser)
---------------------------------------- open None (Microbone to CO2 Laser) result=[(True, True)], time=0.43 sec
Get Checksum: 1695186306
action=open, ok=True, locked=[False]
open () {'description': 'Microbone to Inlet Pipette'}
opening name=--- desc=Microbone to Inlet Pipette
checking ownership. requestor=129.138.12.150
check software interlocks S
interlocks []
actuate state mode=None-script, software_lock=False
doing actuation None-script open_channel False
Open S ===>> OK
GetIndicatorState S ===>> OK
change switch state (True, True)
update switch state S True args=() kw={} ncanvase=2
18:54:33 -- OPEN   VALVE-S (Microbone to Inlet Pipette)
---------------------------------------- open None (Microbone to Inlet Pipette) result=[(True, True)], time=0.41 sec
GetData ===>> H2,-0.0994854788791054,H1,813.723326339882,AX,200.468473493995,L1,2.57754319274359,L2,1.203040355...
action=open, ok=True, locked=[False]
sleep (1,) {}
SLEEP 1.0
GetData ===>> H2,0.0305069336385654,H1,813.549574648965,AX,200.222413253572,L1,2.55550327507968,L2,1.3211672987...
set_resource () {'name': 'CO2PumpTimeFlag', 'value': 30}
Set CO2PumpTimeFlag 30 ===>> OK
release ('JanCO2Flag',) {}
release JanCO2Flag
Set JanCO2Flag 0 ===>> OK
executed 6.0
PumpMicrobone.py completed successfully
gosub finished
get_resource_value () {'name': 'JanMiniboneFlag'}
Read JanMiniboneFlag ===>> 0
Get Resource Value JanMiniboneFlag=0.0
get resource value 0.0
get_resource_value () {'name': 'JanMiniboneFlag'}
Read JanMiniboneFlag ===>> 0
Get Resource Value JanMiniboneFlag=0.0
executed 4.0
jan_pump_extraction_line.py completed successfully
Post Equilibration Finished
18:54:35 -- ******* Post Equilibration Finished *******
GetData ===>> H2,-0.0145362229468034,H1,812.933834464574,AX,200.129557673701,L1,2.56232766392007,L2,1.243497169...
Get Checksum: 1695186306
GetData ===>> H2,-0.117218959988421,H1,812.521901690522,AX,200.061964112247,L1,2.58991150411283,L2,1.2874478527...
GetData ===>> H2,-0.125980732228902,H1,812.447666610547,AX,199.802662475371,L1,2.60247337724008,L2,1.2582828261...
GetData ===>> H2,-0.151227623236688,H1,812.176121665371,AX,199.867095454322,L1,2.5767069392037,L2,1.26633617166...
Get Checksum: 1695186306
GetData ===>> H2,-0.0699847269641819,H1,811.741170430067,AX,199.982754065211,L1,2.55288166171731,L2,1.205505349...
GetData ===>> H2,-0.116143222474087,H1,811.337733072709,AX,199.801181775069,L1,2.58443312506979,L2,1.2703172051...
GetData ===>> H2,-0.104687304104406,H1,811.420873191743,AX,199.684456209623,L1,2.574811388512,L2,1.188423665811...
Get Checksum: 1695186306
GetData ===>> H2,-0.169832032252486,H1,811.188430647544,AX,199.592340425826,L1,2.56643076220567,L2,1.1921378143...
GetData ===>> H2,-0.14276080564874,H1,810.563318207244,AX,199.42191975151,L1,2.53563933690113,L2,1.221867630533...
GetData ===>> H2,-0.0742530113698059,H1,809.92135975858,AX,199.286467841102,L1,2.49724692054073,L2,1.2147238400...
Get Checksum: 1695186306
GetData ===>> H2,-0.0528475563848394,H1,809.545792109954,AX,199.129437818538,L1,2.50472732864251,L2,1.271349776...
GetData ===>> H2,-0.122610995887755,H1,809.331530664872,AX,199.2931113301,L1,2.55457870826412,L2,1.278245344408...
Get Checksum: 1695186306
GetData ===>> H2,-0.0982005604619295,H1,809.217459162712,AX,199.305694665391,L1,2.54781586004849,L2,1.148442386...
GetData ===>> H2,0.00758107203262812,H1,808.826602087184,AX,199.351034204299,L1,2.60944430512294,L2,1.110039366...
GetData ===>> H2,-0.0560330756546005,H1,808.461540082568,AX,199.318724898831,L1,2.55662664401865,L2,1.166554114...
Get Checksum: 1695186306
GetData ===>> H2,-0.0770384642239498,H1,808.181263291016,AX,199.00443367124,L1,2.55242177858227,L2,1.1785085084...
GetData ===>> H2,-0.189495675292733,H1,807.902689733977,AX,199.064139588275,L1,2.56101439056381,L2,1.2270394694...
GetData ===>> H2,-0.233563566510948,H1,807.864239780456,AX,199.0222900322,L1,2.5442795242732,L2,1.2492436908519...
Get Checksum: 1695186306
18:54:54 -- collecting point 25
GetData ===>> H2,-0.204620102975895,H1,807.144225012322,AX,198.780933448544,L1,2.55263142887618,L2,1.2408132826...
GetData ===>> H2,-0.192785057186089,H1,806.515928969698,AX,198.679290641714,L1,2.52316588616683,L2,1.2135657473...
GetData ===>> H2,-0.019861798999076,H1,806.337823595569,AX,198.554102667323,L1,2.52119197803518,L2,1.2337713034...
Get Checksum: 1695186306
GetData ===>> H2,-0.00666829786295564,H1,805.944182692594,AX,198.621878701923,L1,2.51165914176245,L2,1.18731174...
GetData ===>> H2,-0.158391757569228,H1,806.11539922079,AX,198.597479450622,L1,2.51539780354464,L2,1.29896943966...
GetData ===>> H2,-0.13787478619917,H1,805.508547527293,AX,198.441973138628,L1,2.55286272498498,L2,1.23599623792...
Get Checksum: 1695186306
GetData ===>> H2,-0.124601587081763,H1,805.177120411943,AX,198.420513050685,L1,2.52848040505872,L2,1.1943847145...
GetData ===>> H2,-0.15798383099956,H1,805.450046823971,AX,198.304256982603,L1,2.50852337439904,L2,1.15683827998...
GetData ===>> H2,-0.259971625452346,H1,804.914557371425,AX,198.256980998664,L1,2.52730248731393,L2,1.1619312281...
Get Checksum: 1695186306
GetData ===>> H2,-0.13874807165854,H1,804.27281953549,AX,198.422715178902,L1,2.50882840877839,L2,1.229768844519...
GetData ===>> H2,-0.157080126806626,H1,804.14501759356,AX,198.119914663466,L1,2.51036585312166,L2,1.22494088488...
GetData ===>> H2,-0.161688400033407,H1,803.741792259716,AX,198.096169982959,L1,2.50719670540275,L2,1.1964711687...
Get Checksum: -1097334291
State checksums do not match. Local:1695186306 Remote:-1097334291
State checksum failed
GetData ===>> H2,-0.174639764842625,H1,803.216462831804,AX,197.931782397724,L1,2.49324424366352,L2,1.2808614293...
set states for children of V. state=True
handle state [('V', True)]
update switch state V True args=() kw={'refresh': False} ncanvase=2
refresh_canvas_needed fired
GetData ===>> H2,-0.168021042557271,H1,802.748330055391,AX,197.869450040591,L1,2.49600246390399,L2,1.2786354578...
GetData ===>> H2,-0.146060212229522,H1,802.699139411848,AX,197.71657359764,L1,2.51302549017925,L2,1.27038604296...
Get Checksum: -1097334291
GetData ===>> H2,-0.0809179850856178,H1,802.659821766128,AX,197.904778420035,L1,2.51239495120933,L2,1.114957858...
GetData ===>> H2,-0.252088968385115,H1,802.317079244105,AX,197.781835030471,L1,2.45973797645769,L2,1.1003750906...
Get Checksum: -1097334291
GetData ===>> H2,-0.299240235365266,H1,801.870023671973,AX,197.490413493223,L1,2.47772735535395,L2,1.1821649620...
GetData ===>> H2,-0.196275587582811,H1,801.744378046639,AX,197.438069319159,L1,2.50029055076368,L2,1.2362026777...
GetData ===>> H2,-0.143629661418239,H1,801.596422852063,AX,197.449752075156,L1,2.48942168954714,L2,1.2150448978...
Get Checksum: -1097334291
GetData ===>> H2,-0.115185121376754,H1,801.386552575368,AX,197.485622485632,L1,2.46920998524916,L2,1.2136574769...
GetData ===>> H2,-0.0970536243651462,H1,801.068511845603,AX,197.47585386698,L1,2.49988189887985,L2,1.2333584346...
GetData ===>> H2,-0.169832032252486,H1,800.912937099594,AX,197.20272293286,L1,2.46800685733556,L2,1.24240754811...
Get Checksum: -1097334291
GetData ===>> H2,-0.139490176274027,H1,800.393542132849,AX,197.111370764665,L1,2.46249673991086,L2,1.2450341294...
GetData ===>> H2,-0.200980499268771,H1,800.225862753481,AX,197.179091480821,L1,2.54600429650414,L2,1.2679308598...
18:55:21 -- collecting point 50
GetData ===>> H2,-0.109964215453735,H1,799.897203860334,AX,197.117931644385,L1,2.52272435976082,L2,1.2511936863...
Get Checksum: -1097334291
GetData ===>> H2,-0.135568232318105,H1,799.469307695751,AX,196.936873389238,L1,2.50497424208602,L2,1.2119719594...
GetData ===>> H2,-0.200876685986727,H1,799.273600558473,AX,196.584166064023,L1,2.49408279049222,L2,1.3189403953...
GetData ===>> H2,-0.167103291951413,H1,799.21297600187,AX,196.8643517996,L1,2.44249918793961,L2,1.2135772135768...
Get Checksum: -1097334291
GetData ===>> H2,-0.129960384070661,H1,798.705361440499,AX,197.046427575047,L1,2.47547102359491,L2,1.2493813362...
GetData ===>> H2,-0.0798042657575722,H1,797.886686608612,AX,196.799952247881,L1,2.48884450707299,L2,1.330098387...
GetData ===>> H2,-0.0936771417605404,H1,797.530323254444,AX,196.839390800583,L1,2.46073423110227,L2,1.257732194...
Get Checksum: -1097334291
GetData ===>> H2,-0.186522276088355,H1,797.166121506202,AX,196.973097574309,L1,2.49752872874631,L2,1.1969297362...
GetData ===>> H2,-0.243754159524985,H1,797.316757846429,AX,196.647834355946,L1,2.51254076866466,L2,1.2080965277...
GetData ===>> H2,-0.203615958933649,H1,796.777292807611,AX,196.419198648511,L1,2.44586710806981,L2,1.2657854941...
Get Checksum: -1097334291
GetData ===>> H2,-0.125005883266002,H1,796.575761335529,AX,196.366153299059,L1,2.41197580738431,L2,1.2512280983...
GetData ===>> H2,-0.107377295658019,H1,796.363108938355,AX,196.219266007326,L1,2.44107051370929,L2,1.1899368201...
GetData ===>> H2,-0.0812295901880657,H1,796.266061718796,AX,196.192010706116,L1,2.44495337803113,L2,1.210733638...
Get Checksum: -1097334291
GetData ===>> H2,-0.113229424033671,H1,795.835488412631,AX,196.332436430505,L1,2.43987874488745,L2,1.2442656462...
GetData ===>> H2,-0.158520075805513,H1,795.619361114455,AX,196.211881075956,L1,2.47010197235698,L2,1.3058784626...
Get Checksum: -1097334291
GetData ===>> H2,-0.147216533789746,H1,795.350062865554,AX,196.014226143028,L1,2.50476510739972,L2,1.0971997338...
GetData ===>> H2,-0.147814910915271,H1,794.612624808271,AX,195.862409547281,L1,2.50016377269329,L2,1.0724080430...
GetData ===>> H2,-0.20335446249975,H1,793.991391974629,AX,195.938453555227,L1,2.48866920046874,L2,1.21965448947...
Get Checksum: -1097334291
GetData ===>> H2,-0.163207422919603,H1,793.945651610996,AX,195.823867832852,L1,2.48544808801466,L2,1.1819127883...
GetData ===>> H2,-0.128383019189741,H1,792.994197785432,AX,195.738688776816,L1,2.53947290313949,L2,1.3189518740...
GetData ===>> H2,-0.184628602585136,H1,793.222734307157,AX,195.504179923292,L1,2.51960311028928,L2,1.2840513133...
Get Checksum: -1097334291
GetData ===>> H2,-0.0997481313548374,H1,793.14784468523,AX,195.417478906888,L1,2.49934514423201,L2,1.1815574538...
GetData ===>> H2,-0.174716718774807,H1,792.202987316064,AX,195.485041469352,L1,2.46821028878264,L2,1.1537986983...
GetData ===>> H2,-0.182772387247133,H1,791.762240206823,AX,195.387750424543,L1,2.47504809568581,L2,1.2604624400...
Get Checksum: -1097334291
GetData ===>> H2,-0.108179569206549,H1,791.872195088461,AX,195.442445964788,L1,2.47441508028334,L2,1.2593726269...
18:55:47 -- collecting point 75
GetData ===>> H2,-0.257430179058839,H1,791.768980227852,AX,195.25886544128,L1,2.46859830063323,L2,1.16040560955...
GetData ===>> H2,-0.142721617738913,H1,791.21139573566,AX,195.351124842977,L1,2.4859698217188,L2,1.251193686317...
Get Checksum: -1097334291
GetData ===>> H2,-0.172309191574347,H1,791.055774394438,AX,195.170141882176,L1,2.46553363933537,L2,1.1723765234...
GetData ===>> H2,-0.211080884014136,H1,790.936307763367,AX,195.02184648419,L1,2.43910402811322,L2,1.24591731915...
GetData ===>> H2,-0.106286762173457,H1,790.617002643868,AX,195.121533125791,L1,2.46443729859653,L2,1.1357123057...
Get Checksum: -1097334291
GetData ===>> H2,-0.162340592137334,H1,790.151498617628,AX,195.012094239384,L1,2.4427574986219,L2,1.22990646212...
GetData ===>> H2,-0.197365348568166,H1,789.568282300889,AX,194.686095286237,L1,2.47616471349051,L2,1.1926192885...
GetData ===>> H2,-0.145018611382226,H1,789.273670408165,AX,194.81600841243,L1,2.43942682030864,L2,1.18519109764...
Get Checksum: -1097334291
GetData ===>> H2,-0.1199626439769,H1,789.193472646771,AX,194.719323746703,L1,2.43812360340889,L2,1.228943143046...
GetData ===>> H2,-0.106416657510054,H1,789.127996169143,AX,194.543804532733,L1,2.42457629922671,L2,1.1326848588...
GetData ===>> H2,-0.175425480406327,H1,788.584106034462,AX,194.340640437506,L1,2.42816371078191,L2,1.1469513888...
GetData ===>> H2,-0.0469693725180717,H1,788.428047946506,AX,194.48387446595,L1,2.41485783431972,L2,1.2830415544...
Get Checksum: -1097334291
GetData ===>> H2,-0.135633135908494,H1,788.23521972713,AX,194.495840450356,L1,2.45519132396628,L2,1.14896997554...
GetData ===>> H2,-0.144407926710237,H1,787.741051817496,AX,194.203123611891,L1,2.45238378312984,L2,1.0601578281...
GetData ===>> H2,-0.158841540376577,H1,787.111864894467,AX,194.217193030688,L1,2.4712365954161,L2,1.29441342827...
Get Checksum: -1097334291
GetData ===>> H2,-0.20765894880116,H1,787.025234419204,AX,194.215918164966,L1,2.45780226249641,L2,1.26881425965...
GetData ===>> H2,-0.22114744496212,H1,786.809794820571,AX,194.374212516014,L1,2.44807032235659,L2,1.11465976066...
GetData ===>> H2,-0.118205301423158,H1,786.922565612791,AX,194.068530512345,L1,2.46603066421051,L2,1.1574462078...
Get Checksum: -1097334291
GetData ===>> H2,-0.0538434660899636,H1,786.452511232578,AX,193.687733238363,L1,2.45733790199847,L2,1.274321350...
GetData ===>> H2,-0.168967057642124,H1,785.683710209983,AX,193.780031135481,L1,2.438295743148,L2,1.215904879576...
GetData ===>> H2,-0.145380683225086,H1,785.722887647997,AX,193.742926181744,L1,2.42293088182203,L2,1.2073398048...
Get Checksum: -1097334291
GetData ===>> H2,-0.0429088996270902,H1,785.378547647123,AX,193.681624794988,L1,2.44449990471226,L2,1.243382471...
GetData ===>> H2,-0.157552925730591,H1,785.065832007026,AX,193.715362461802,L1,2.4605605533634,L2,1.12710038657...
GetData ===>> H2,-0.194995416055841,H1,785.155894143847,AX,193.517139999101,L1,2.46380028458267,L2,1.1475363158...
Get Checksum: -1097334291
GetData ===>> H2,-0.14035657942988,H1,784.741037825114,AX,193.634648273488,L1,2.47448646109857,L2,1.11660887688...
18:56:13 -- collecting point 100
GetData ===>> H2,-0.203272238144962,H1,784.656097224025,AX,193.405359757247,L1,2.47635194970664,L2,1.1557027269...
GetData ===>> H2,-0.142185135151553,H1,784.140620763036,AX,193.441209621742,L1,2.43178051343198,L2,1.1852942630...
Get Checksum: -1097334291
GetData ===>> H2,-0.0621085964226831,H1,783.48659340827,AX,193.260472070414,L1,2.41755671738243,L2,1.3046274566...
GetData ===>> H2,-0.0581232579316905,H1,783.306374488956,AX,193.081925936659,L1,2.43676943935152,L2,1.217028600...
GetData ===>> H2,-0.117397563144274,H1,783.079563212,AX,193.107626313212,L1,2.44514176992703,L2,1.2272917613482...
Get Checksum: -1097334291
GetData ===>> H2,-0.122225548966165,H1,782.828384014774,AX,193.392501677767,L1,2.42092417382675,L2,1.2138868013...
GetData ===>> H2,-0.0876747389763755,H1,782.228844805126,AX,193.016580971881,L1,2.42165127862104,L2,1.232567107...
GetData ===>> H2,-0.0322653742784588,H1,781.761241828636,AX,192.881222082941,L1,2.43333304086291,L2,1.193398823...
Get Checksum: -1097334291
GetData ===>> H2,-0.057979493894009,H1,781.994915985085,AX,192.870828520281,L1,2.4274348414503,L2,1.19375420151...
GetData ===>> H2,-0.162876630834532,H1,781.616114261997,AX,193.027000492634,L1,2.44961969374854,L2,1.2153544904...
Get Checksum: -1097334291
GetData ===>> H2,-0.285741919689674,H1,781.206602538789,AX,193.035502866864,L1,2.44410699893498,L2,1.1369393662...
GetData ===>> H2,-0.229407529524713,H1,781.093730645242,AX,192.696463384392,L1,2.4440033924975,L2,1.19970411583...
GetData ===>> H2,-0.238728240151409,H1,780.497816227276,AX,192.507920042072,L1,2.45789917492037,L2,1.2069729110...
set states for children of I. state=True
set states for children of Q. state=False
handle state [('I', True), ('Q', False)]
update switch state I True args=() kw={'refresh': True} ncanvase=2
update switch state Q False args=() kw={'refresh': False} ncanvase=2
refresh_canvas_needed fired
Get Checksum: 1814532534
GetData ===>> H2,-0.276562590580824,H1,780.35747033434,AX,192.667653658075,L1,2.4382137074762,L2,1.181282357050...
GetData ===>> H2,-0.267763440106761,H1,780.226395372773,AX,192.513158135824,L1,2.42693595618933,L2,1.1680454161...
set states for children of B. state=False
set states for children of D. state=False
handle state [('B', False), ('D', False)]
update switch state B False args=() kw={'refresh': True} ncanvase=2
update switch state D False args=() kw={'refresh': False} ncanvase=2
refresh_canvas_needed fired
GetData ===>> H2,-0.205407181752243,H1,779.721315922947,AX,192.589210430931,L1,2.46264755556992,L2,1.1793567015...
Get Checksum: 611344307
GetData ===>> H2,-0.230788558573473,H1,779.603299051781,AX,192.524811672154,L1,2.49934109843935,L2,1.1572282709...
set states for children of Y. state=True
handle state [('Y', True)]
update switch state Y True args=() kw={'refresh': False} ncanvase=2
refresh_canvas_needed fired
GetData ===>> H2,-0.125886090368308,H1,779.484409600149,AX,192.415273053436,L1,2.47074203668639,L2,1.2492666317...
GetData ===>> H2,-0.176869866801337,H1,778.971915274404,AX,192.213040214314,L1,2.45022684684054,L2,1.2400792411...
Get Checksum: 393193677
GetData ===>> H2,-0.208639829797933,H1,778.333609648454,AX,192.184055050186,L1,2.4618840719912,L2,1.06693020501...
GetData ===>> H2,-0.198278347198933,H1,777.739506918152,AX,192.251792616636,L1,2.46939322761186,L2,1.1797234901...
measurement finished
estimated time: 125.829 actual time: :126.214
flush and close file /Users/jan/PychronDev/data/isotopes/99/15f479-dadc-4495-b8a0-6e5d286db512.h5
baselines () {'settling_time': 15.0, 'detector': 'H1', 'mass': 34.2, 'ncounts': 60}
%%%%%%%%%%%%%%%%%%%%%%%%%%%%%%%% Baseline
build tables- baseline [Detector(H2), Detector(H1), Detector(AX), Detector(L1), Detector(L2), Detector(CDD)]
add group baseline table H2
add group baseline table H1
add group baseline table AX
add group baseline table L1
add group baseline table L2
add group baseline table CDD
flush and close file /Users/jan/PychronDev/data/isotopes/99/15f479-dadc-4495-b8a0-6e5d286db512.h5
detector Detector(H1)
POSITION 34.2 H1
Mapping mass to dac mass func: "parabolic"
H1 map mass coeffs = [-0.00063987  0.15840543  0.57067999]
H1 map mass to dac 34.2 >> 5.23972599104
GetDeflection H1 ===>> 0
GetHighVoltage ===>> 4500
positioning 34.2 (5.23972599104) on H1
setting magnet DAC
current  : 5.879070
requested: 5.239726
Delta Dac: 0.639344
Checking detector protection. dv=0.63934
Checking detector "CDD". Protection Threshold: 0.1 (V)
ProtectDetector CDD,On ===>> OK
GetDeflection CDD ===>> 2000
SetMagnetDAC 5.23972599104 ===>> OK
Magnet settling time: 0.500
GetMagnetMoving ===>> True
Get Checksum: 393193677
GetMagnetMoving ===>> True
GetMagnetMoving ===>> True
GetMagnetMoving ===>> True
GetMagnetMoving ===>> True
GetMagnetMoving ===>> True
GetMagnetMoving ===>> True
GetMagnetMoving ===>> True
GetMagnetMoving ===>> False
ProtectDetector CDD,Off ===>> OK
GetDeflection CDD ===>> 50
Delaying 15.0s for detectors to settle
Get Checksum: 393193677
Get Checksum: 393193677
Get Checksum: 393193677
set states for children of Y. state=False
handle state [('Y', False)]
update switch state Y False args=() kw={'refresh': False} ncanvase=2
refresh_canvas_needed fired
Get Checksum: 378530779
State checksums do not match. Local:611344307 Remote:378530779
State checksum failed
set states for children of Z. state=True
handle state [('Z', True)]
update switch state Z True args=() kw={'refresh': False} ncanvase=2
refresh_canvas_needed fired
Get Checksum: 378530779
Join finished
measuring baseline. ncounts=60
starting measurement
GetData ===>> H2,-0.102536747110451,H1,0.0270431650174931,AX,-0.0312586784057646,L1,-0.0663421562075205,L2,0.03...
Get Checksum: 378530779
GetData ===>> H2,-0.215113127147943,H1,-0.0609390917867934,AX,-0.102960043696604,L1,-0.0254367237071362,L2,-0.0...
GetData ===>> H2,-0.198430731228422,H1,0.025742606590007,AX,-0.0666580492814458,L1,-0.0219322687219403,L2,-0.05...
GetData ===>> H2,-0.231495160197572,H1,-0.0220561063030587,AX,-0.0924255150200257,L1,-0.0341793522335772,L2,0.0...
Get Checksum: 378530779
GetData ===>> H2,-0.127112317346467,H1,-0.0923706822312241,AX,-0.103666940424514,L1,-0.0609034555622257,L2,-0.0...
GetData ===>> H2,-0.18699025056496,H1,-0.00590706036900353,AX,-0.128092281920524,L1,-0.0460601449608841,L2,-0.0...
GetData ===>> H2,-0.245993163257699,H1,-0.06542140866983,AX,-0.16984996438042,L1,-0.0282355752721698,L2,0.04196...
Get Checksum: 378530779
GetData ===>> H2,-0.247590065892382,H1,-0.0168085484895329,AX,-0.0272228194794188,L1,-0.069961140282773,L2,-0.0...
GetData ===>> H2,-0.222107885592788,H1,0.00833584090302888,AX,-0.0745756352024925,L1,-0.06739319486297,L2,-0.06...
GetData ===>> H2,-0.113613822977106,H1,-0.0414100600779175,AX,-0.112346286460671,L1,-0.0324252076962111,L2,0.01...
set states for children of Z. state=False
handle state [('Z', False)]
update switch state Z False args=() kw={'refresh': False} ncanvase=2
refresh_canvas_needed fired
Get Checksum: 611344307
GetData ===>> H2,-0.123070810183477,H1,0.00975547059753907,AX,-0.076534645618003,L1,-0.043711309291351,L2,-0.03...
GetData ===>> H2,-0.223943676119722,H1,-0.0334924438632587,AX,-0.0967715809125911,L1,-0.0559789323802598,L2,-0....
set states for children of C. state=False
handle state [('C', False)]
update switch state C False args=() kw={'refresh': False} ncanvase=2
refresh_canvas_needed fired
GetData ===>> H2,-0.269506617578761,H1,-0.0101890774889977,AX,-0.208326349076623,L1,-0.0334286397828829,L2,-0.0...
Get Checksum: -1725866079
GetData ===>> H2,-0.305283159966391,H1,-0.0240119438339235,AX,-0.0614990998161537,L1,-0.0230098628181198,L2,0.0...
set states for children of P. state=False
handle state [('P', False)]
update switch state P False args=() kw={'refresh': False} ncanvase=2
refresh_canvas_needed fired
GetData ===>> H2,-0.115455779597012,H1,-0.00440413627933438,AX,-0.0525485431106152,L1,-0.0221048833273888,L2,0....
GetData ===>> H2,-0.10216452002563,H1,0.0161022966038483,AX,-0.0957749002904522,L1,-0.0467424254910496,L2,-0.00...
set states for children of Y. state=True
handle state [('Y', True)]
update switch state Y True args=() kw={'refresh': False} ncanvase=2
refresh_canvas_needed fired
Get Checksum: 268272333
GetData ===>> H2,-0.167323288944779,H1,0.0664019971328813,AX,-0.046356873220508,L1,-0.0422421100230755,L2,0.017...
GetData ===>> H2,-0.239793103448277,H1,-0.0618093445474031,AX,-0.124848282335914,L1,-0.0158469102837959,L2,0.01...
GetData ===>> H2,-0.245755021102123,H1,-0.00874585541541502,AX,-0.115185156823155,L1,-0.0197407647084538,L2,-0....
Get Checksum: 268272333
GetData ===>> H2,-0.261009948449728,H1,0.0330450434365972,AX,-0.0699503594495851,L1,-0.0318575895913755,L2,-0.0...
GetData ===>> H2,-0.223279701203315,H1,-0.0375347990785755,AX,-0.185300293769464,L1,-0.0633917247543663,L2,0.00...
Get Checksum: 268272333
GetData ===>> H2,-0.12519788510604,H1,-0.0116799875310879,AX,-0.0114720908895802,L1,-0.0129066428791046,L2,0.01...
GetData ===>> H2,-0.057925242841921,H1,-0.00279383542751683,AX,-0.0564558174293628,L1,0.0238597830235745,L2,0.0...
GetData ===>> H2,-0.201081615186054,H1,0.0380806941586932,AX,-0.133386720304386,L1,-0.0156561962285784,L2,0.006...
Get Checksum: 268272333
18:57:19 -- collecting point 25
GetData ===>> H2,-0.161894999109586,H1,-0.0844928528091369,AX,0.00436239597558931,L1,-0.00362382810705503,L2,-0...
GetData ===>> H2,-0.156048005782103,H1,-0.0390849214850551,AX,0.0227521938102156,L1,-0.010799244182449,L2,0.031...
GetData ===>> H2,-0.197635075181441,H1,-0.0324907730820055,AX,0.0629084464243214,L1,-0.0442464898761791,L2,-0.0...
Get Checksum: 268272333
GetData ===>> H2,-0.197751055648221,H1,0.0164840734043771,AX,-0.140217409446092,L1,-0.0345070126008119,L2,-0.09...
GetData ===>> H2,-0.260883525628986,H1,-0.0470378642344336,AX,-0.119761936637633,L1,-0.0185057353965368,L2,0.01...
GetData ===>> H2,-0.259356051423271,H1,0.0264346447509169,AX,-0.062739591293043,L1,0.0179317116482964,L2,-0.030...
Get Checksum: 268272333
GetData ===>> H2,-0.230923152766345,H1,0.0422812411183362,AX,-0.221326071605309,L1,0.0244859543612632,L2,-0.089...
set states for children of Y. state=False
handle state [('Y', False)]
update switch state Y False args=() kw={'refresh': False} ncanvase=2
refresh_canvas_needed fired
GetData ===>> H2,-0.188098746914876,H1,-0.0458574823872791,AX,-0.0629830503807386,L1,-0.0339351074450115,L2,-0....
GetData ===>> H2,-0.188148640182921,H1,0.0516137687526676,AX,-0.0521891123708591,L1,-0.0608352587335236,L2,-0.0...
Get Checksum: 610848153
GetData ===>> H2,-0.134159192019503,H1,0.00407707261123065,AX,-0.162199230271599,L1,-0.0132026982419339,L2,0.00...
GetData ===>> H2,-0.220585690805353,H1,0.055230058691458,AX,-0.102739861699532,L1,-0.0206291726164106,L2,-0.013...
set states for children of Z. state=True
handle state [('Z', True)]
update switch state Z True args=() kw={'refresh': False} ncanvase=2
refresh_canvas_needed fired
GetData ===>> H2,-0.161470994323963,H1,-0.00272226589952389,AX,-0.0809509682015805,L1,-0.0498851055420896,L2,0....
Get Checksum: 236831195
GetData ===>> H2,-0.113225363412002,H1,-0.0353168898840515,AX,-0.0201712620126681,L1,-0.0269069367794988,L2,0.0...
GetData ===>> H2,-0.175391730858217,H1,-0.0112028987337752,AX,-0.00544020914491206,L1,-0.0218855184232206,L2,-0...
GetData ===>> H2,-0.271549165841116,H1,0.062928536591156,AX,-0.226678393390183,L1,0.00594925351112497,L2,-0.016...
Get Checksum: 236831195
GetData ===>> H2,-0.225882852109635,H1,0.0946174692615599,AX,-0.0907449841608572,L1,0.0149521721241038,L2,-0.05...
GetData ===>> H2,-0.319927853730068,H1,-0.0178819349698987,AX,-0.0323487954999583,L1,0.00370557879641425,L2,-0....
GetData ===>> H2,-0.224269588680973,H1,0.0403480129572699,AX,-0.0740771824709778,L1,-0.00589345802224585,L2,-0....
Get Checksum: 236831195
GetData ===>> H2,-0.241070537676162,H1,0.00214458205627395,AX,0.0171014571765802,L1,-0.0271022300871057,L2,-0.0...
GetData ===>> H2,-0.103772453587568,H1,0.0101372231938292,AX,-0.0699503594495851,L1,-0.000148815660767971,L2,-0...
GetData ===>> H2,-0.0418464870155925,H1,-0.0670545433752554,AX,-0.105741247074648,L1,-0.00342347150416005,L2,0....
GetData ===>> H2,-0.0875798674430568,H1,-0.0122405639622734,AX,-0.155058002074707,L1,-0.0124739309125451,L2,-0....
Get Checksum: 236831195
GetData ===>> H2,-0.0793544114569571,H1,-0.0333970470778986,AX,-0.00327096028771097,L1,-0.0151188189463305,L2,-...
GetData ===>> H2,-0.170078962963125,H1,0.0262795323333844,AX,0.0120775663801175,L1,0.00364554888966646,L2,-0.04...
GetData ===>> H2,-0.311418061643402,H1,0.0398826117526287,AX,-0.16914287631805,L1,0.0182091743049585,L2,-0.0790...
set states for children of Z. state=False
handle state [('Z', False)]
update switch state Z False args=() kw={'refresh': False} ncanvase=2
refresh_canvas_needed fired
Get Checksum: 610848153
18:57:45 -- collecting point 50
GetData ===>> H2,-0.382155150611477,H1,0.0573187344953265,AX,-0.10840649237314,L1,0.0268750381640326,L2,-0.0278...
GetData ===>> H2,-0.246107523524493,H1,-0.00376001904724961,AX,-0.0438638611838054,L1,-0.0407104177197232,L2,-0...
GetData ===>> H2,-0.240124254119235,H1,-0.0819065012531482,AX,-0.050647023485816,L1,-0.0432216000691344,L2,0.02...
Get Checksum: 268272333
State checksums do not match. Local:610848153 Remote:268272333
State checksum failed
GetData ===>> H2,-0.237212296851462,H1,0.0703291818367148,AX,-0.134466071045305,L1,-0.0272436056979528,L2,-0.03...
set states for children of Y. state=True
handle state [('Y', True)]
update switch state Y True args=() kw={'refresh': False} ncanvase=2
refresh_canvas_needed fired
GetData ===>> H2,-0.203785793585523,H1,-0.00837610095711912,AX,-0.134883518342199,L1,0.0326199049475614,L2,-0.0...
GetData ===>> H2,-0.20256858889564,H1,-0.0164030439345762,AX,-0.188962577603889,L1,0.00174158589610079,L2,0.080...
Get Checksum: 268272333
GetData ===>> H2,-0.159435820616267,H1,0.0546810425687606,AX,-0.133769020892381,L1,-0.00801267682838655,L2,-0.0...
GetData ===>> H2,-0.22724277007407,H1,-0.0105111159384162,AX,-0.0750045343462066,L1,0.00955377609317179,L2,-0.0...
GetData ===>> H2,-0.288270980377411,H1,0.0578438941234662,AX,-0.0956590065322236,L1,0.00461207388025633,L2,-0.0...
Get Checksum: 268272333
GetData ===>> H2,-0.199347689132154,H1,0.00293188851963073,AX,-0.106900058350137,L1,-0.01351912025585,L2,-0.014...
GetData ===>> H2,-0.248519582537095,H1,0.0346917449493891,AX,0.0896321882621002,L1,-0.0170522834236563,L2,-0.06...
measurement finished
estimated time: 62.915 actual time: :63.125
flush and close file /Users/jan/PychronDev/data/isotopes/99/15f479-dadc-4495-b8a0-6e5d286db512.h5
activate_detectors ('H1', 'AX', 'CDD') {'peak_center': True}
peak_center () {'detector': 'H1', 'integration_time': 0.262144, 'isotope': 'Ar40'}
peak center: mean=779.6029469 threshold=3
peak center started
setup peak center. detector=['H1', 'AX', 'CDD'], isotope=Ar40
VersionedUnpickler [<apptools.sweet_pickle.versioned_unpickler.VersionedUnpickler object at 0x1366d0170>] using Updater [<apptools.sweet_pickle.updater.Updater object at 0x133e38fb0>]
VersionedUnpickler [<apptools.sweet_pickle.versioned_unpickler.VersionedUnpickler object at 0x1366d0170>] using Updater [<apptools.sweet_pickle.updater.Updater object at 0x133e38fb0>]
VersionedUnpickler [<apptools.sweet_pickle.versioned_unpickler.VersionedUnpickler object at 0x13c8ae950>] using Updater [<apptools.sweet_pickle.updater.Updater object at 0x133e38fb0>]
setting integration time = 0.524288
SetIntegrationTime 0.524288 ===>> OK
Mapping mass to dac mass func: "parabolic"
H1 map mass coeffs = [-0.00063987  0.15840543  0.57067999]
H1 map mass to dac 39.9624 >> 5.87907
GetDeflection H1 ===>> 0
GetHighVoltage ===>> 4500
do peak center. <pychron.spectrometer.jobs.peak_center.PeakCenter object at 0x12d6e98f0>
doing pc
starting peak center. center dac= 5.87907 step_width=0.001
width = 0.001
get scan parameters. half-width=0.015,window=0.015, i=0, scalar=1
Scan parameters center=5.87907 width=0.03000 (5.86407 - 5.89407)
GetData ===>> H2,-0.219918824087862,H1,0.0598968172801807,AX,-0.00229652260579346,L1,-0.0144994859032747,L2,-0....
Moving to starting dac 5.86407
setting magnet DAC
current  : 5.239726
requested: 5.864070
Delta Dac: 0.624344
Checking detector protection. dv=0.62434
Checking detector "CDD". Protection Threshold: 0.1 (V)
ProtectDetector CDD,On ===>> OK
GetDeflection CDD ===>> 2000
SetMagnetDAC 5.86407 ===>> OK
Magnet settling time: 0.500
Get Checksum: 268272333
GetMagnetMoving ===>> True
GetMagnetMoving ===>> True
GetMagnetMoving ===>> True
GetMagnetMoving ===>> True
GetMagnetMoving ===>> True
GetMagnetMoving ===>> True
GetMagnetMoving ===>> True
GetMagnetMoving ===>> True
GetMagnetMoving ===>> False
ProtectDetector CDD,Off ===>> OK
GetDeflection CDD ===>> 50
Wait until signal near baseline. tol= 0.0449226129601. timeout= 10
GetData ===>> H2,4.14132552045701,H1,2.05121119218592,AX,0.0582507745877082,L1,-0.00765770580300658,L2,0.077256...
GetData ===>> H2,49.8809630935577,H1,27.6730298527245,AX,2.47051507490246,L1,-0.0187278661180402,L2,-0.00863079...
Get Checksum: 268272333
GetData ===>> H2,53.883443651307,H1,27.5952594873226,AX,4.40219211643832,L1,-0.0123720431173362,L2,-0.133659990...
GetData ===>> H2,28.5926165826582,H1,13.2249027797165,AX,1.87080061733092,L1,0.0122393478076659,L2,0.1160333640...
GetData ===>> H2,11.7171727720852,H1,6.63448955590578,AX,0.798808353585117,L1,-0.00433764108191897,L2,0.0670689...
GetData ===>> H2,3.98567436590921,H1,3.60234220317952,AX,0.262953286622293,L1,-0.00631206008166414,L2,-0.113834...
GetData ===>> H2,1.23590320475956,H1,2.07417984141147,AX,0.0597800986737873,L1,0.00722525831184549,L2,-0.001252...
GetData ===>> H2,0.426853465367519,H1,1.30411489543703,AX,0.0681686367693916,L1,0.00179680295773706,L2,-0.05402...
set states for children of Y. state=False
handle state [('Y', False)]
update switch state Y False args=() kw={'refresh': False} ncanvase=2
refresh_canvas_needed fired
Get Checksum: 610848153
GetData ===>> H2,0.222659936833496,H1,0.831742010853875,AX,-0.0425303634132305,L1,-0.0142082625592334,L2,-0.082...
GetData ===>> H2,0.202746292986802,H1,0.598263590347759,AX,-0.030887571928274,L1,0.0133835141071105,L2,-0.06608...
GetData ===>> H2,0.191685867541598,H1,0.594079622758614,AX,0.193735430766868,L1,0.00816745774823417,L2,-0.02254...
GetData ===>> H2,0.172919817437359,H1,0.54481755422009,AX,0.00203056255349267,L1,0.0102055951250427,L2,0.070829...
GetData ===>> H2,0.264687887520199,H1,0.509815785903212,AX,-0.0323024077871957,L1,0.0356762771420389,L2,-0.0068...
GetData ===>> H2,0.226595704926395,H1,0.50446505547701,AX,-0.00149608435525555,L1,0.0112392082204248,L2,-0.0714...
Get Checksum: 855128171
State checksums do not match. Local:610848153 Remote:855128171
State checksum failed
GetData ===>> H2,0.147872293445262,H1,0.46212313234244,AX,0.10868478848936,L1,-0.0278040730147369,L2,-0.0513861...
GetData ===>> H2,0.137484384390257,H1,0.425620101466584,AX,-0.0332301578406527,L1,-0.00142928609086269,L2,-0.11...
set states for children of V. state=False
handle state [('V', False)]
update switch state V False args=() kw={'refresh': False} ncanvase=2
refresh_canvas_needed fired
GetData ===>> H2,0.0468508189321996,H1,0.384521791460979,AX,-0.0814377946454462,L1,0.00378001637766488,L2,-0.06...
GetData ===>> H2,0.0193123170955298,H1,0.458565600620475,AX,0.14177311804381,L1,0.00183041349130568,L2,0.050342...
GetData ===>> H2,-0.0246917102351971,H1,0.549835872962423,AX,-0.0185010814651589,L1,-0.00433764108191897,L2,-0....
GetData ===>> H2,-0.12039956991625,H1,0.478002244775788,AX,-0.0123536422987058,L1,-0.00176287770452892,L2,0.076...
set states for children of H. state=True
handle state [('H', True)]
update switch state H True args=() kw={'refresh': False} ncanvase=2
refresh_canvas_needed fired
Get Checksum: 1447832503
GetData ===>> H2,-0.089029128599988,H1,0.334408950087073,AX,-0.0306324354041198,L1,-0.00847076282695355,L2,-0.0...
Peak center failed to move to a baseline position
_do_sweep sm= 5.86407, em= 5.89407, stm= 0.001
calculated step values: start=5.86407, end=5.89407, width=0.001, nsteps=31.0
setting magnet DAC
current  : 5.864070
requested: 5.864070
Delta Dac: 0.000000
Checking detector protection. dv=0.00000
Checking detector "CDD". Protection Threshold: 0.1 (V)
SetMagnetDAC 5.86407 ===>> OK
GetData ===>> H2,-0.089029128599988,H1,0.334408950087073,AX,-0.0306324354041198,L1,-0.00847076282695355,L2,-0.0...
setting magnet DAC
current  : 5.864070
requested: 5.865104
Delta Dac: 0.001034
Checking detector protection. dv=0.00103
Checking detector "CDD". Protection Threshold: 0.1 (V)
SetMagnetDAC 5.86510448276 ===>> OK
Magnet settling time: 1.049
GetData ===>> H2,-0.0707888813577722,H1,1.06378313255597,AX,0.15561929352812,L1,-0.0170745881095941,L2,-0.08433...
setting magnet DAC
current  : 5.865104
requested: 5.866139
Delta Dac: 0.001034
Checking detector protection. dv=0.00103
Checking detector "CDD". Protection Threshold: 0.1 (V)
SetMagnetDAC 5.86613896552 ===>> OK
Magnet settling time: 1.049
GetData ===>> H2,-0.214314604011432,H1,3.56986146148934,AX,0.489801579481695,L1,-0.012343274611946,L2,-0.200989...
setting magnet DAC
current  : 5.866139
requested: 5.867173
Delta Dac: 0.001034
Checking detector protection. dv=0.00103
Checking detector "CDD". Protection Threshold: 0.1 (V)
SetMagnetDAC 5.86717344828 ===>> OK
Magnet settling time: 1.049
Get Checksum: 1447832503
GetData ===>> H2,-0.0715102666148428,H1,14.2124283040592,AX,2.1675867152216,L1,0.00564313688846054,L2,-0.052319...
setting magnet DAC
current  : 5.867173
requested: 5.868208
Delta Dac: 0.001034
Checking detector protection. dv=0.00103
Checking detector "CDD". Protection Threshold: 0.1 (V)
SetMagnetDAC 5.86820793103 ===>> OK
Magnet settling time: 1.049
GetData ===>> H2,-0.0838020382652989,H1,50.6964758911317,AX,7.87778633379542,L1,0.0615881176343837,L2,-0.142500...
setting magnet DAC
current  : 5.868208
requested: 5.869242
Delta Dac: 0.001034
Checking detector protection. dv=0.00103
Checking detector "CDD". Protection Threshold: 0.1 (V)
SetMagnetDAC 5.86924241379 ===>> OK
Magnet settling time: 1.049
GetData ===>> H2,-0.14231895367326,H1,143.480051418503,AX,24.3377094714157,L1,0.125318712761457,L2,0.0261020739...
setting magnet DAC
current  : 5.869242
requested: 5.870277
Delta Dac: 0.001034
Checking detector protection. dv=0.00103
Checking detector "CDD". Protection Threshold: 0.1 (V)
SetMagnetDAC 5.87027689655 ===>> OK
Magnet settling time: 1.049
Get Checksum: 1447832503
GetData ===>> H2,-0.039201558379982,H1,308.213385755915,AX,58.6206250953431,L1,0.319465912794224,L2,-0.00398529...
setting magnet DAC
current  : 5.870277
requested: 5.871311
Delta Dac: 0.001034
Checking detector protection. dv=0.00103
Checking detector "CDD". Protection Threshold: 0.1 (V)
SetMagnetDAC 5.87131137931 ===>> OK
Magnet settling time: 1.049
GetData ===>> H2,0.122905165113506,H1,495.066808160899,AX,103.306426663833,L1,0.661555234328917,L2,0.1975139443...
setting magnet DAC
current  : 5.871311
requested: 5.872346
Delta Dac: 0.001034
Checking detector protection. dv=0.00103
Checking detector "CDD". Protection Threshold: 0.1 (V)
SetMagnetDAC 5.87234586207 ===>> OK
Magnet settling time: 1.049
GetData ===>> H2,-0.0807703083812022,H1,637.178202594476,AX,143.302052000136,L1,1.14554331543698,L2,0.642952110...
setting magnet DAC
current  : 5.872346
requested: 5.873380
Delta Dac: 0.001034
Checking detector protection. dv=0.00103
Checking detector "CDD". Protection Threshold: 0.1 (V)
SetMagnetDAC 5.87338034483 ===>> OK
Magnet settling time: 1.049
Get Checksum: 1447832503
GetData ===>> H2,-0.124356838915987,H1,708.7081123887,AX,167.903637304526,L1,1.58959864423705,L2,0.776338416457...
setting magnet DAC
current  : 5.873380
requested: 5.874415
Delta Dac: 0.001034
Checking detector protection. dv=0.00103
Checking detector "CDD". Protection Threshold: 0.1 (V)
SetMagnetDAC 5.87441482759 ===>> OK
Magnet settling time: 1.049
GetData ===>> H2,-0.00183874457585211,H1,739.818523894442,AX,180.932671650701,L1,1.97570689508873,L2,1.06500978...
setting magnet DAC
current  : 5.874415
requested: 5.875449
Delta Dac: 0.001034
Checking detector protection. dv=0.00103
Checking detector "CDD". Protection Threshold: 0.1 (V)
SetMagnetDAC 5.87544931034 ===>> OK
Magnet settling time: 1.049
Get Checksum: 1447832503
GetData ===>> H2,-0.0775507506310992,H1,743.092883166544,AX,182.569228584564,L1,2.12936383931417,L2,1.019158007...
setting magnet DAC
current  : 5.875449
requested: 5.876484
Delta Dac: 0.001034
Checking detector protection. dv=0.00103
Checking detector "CDD". Protection Threshold: 0.1 (V)
SetMagnetDAC 5.8764837931 ===>> OK
Magnet settling time: 1.049
GetData ===>> H2,-0.321689040184174,H1,743.859582556401,AX,182.920082112785,L1,2.22675903085084,L2,1.1584520648...
setting magnet DAC
current  : 5.876484
requested: 5.877518
Delta Dac: 0.001034
Checking detector protection. dv=0.00103
Checking detector "CDD". Protection Threshold: 0.1 (V)
SetMagnetDAC 5.87751827586 ===>> OK
Magnet settling time: 1.049
GetData ===>> H2,-0.26601544969556,H1,743.866559553256,AX,183.303525383243,L1,2.29432089682634,L2,1.12009286848...
setting magnet DAC
current  : 5.877518
requested: 5.878553
Delta Dac: 0.001034
Checking detector protection. dv=0.00103
Checking detector "CDD". Protection Threshold: 0.1 (V)
SetMagnetDAC 5.87855275862 ===>> OK
Magnet settling time: 1.049
Get Checksum: 1447832503
GetData ===>> H2,-0.321260561145275,H1,743.429552930945,AX,183.264328291377,L1,2.31979534924688,L2,0.9804330203...
setting magnet DAC
current  : 5.878553
requested: 5.879587
Delta Dac: 0.001034
Checking detector protection. dv=0.00103
Checking detector "CDD". Protection Threshold: 0.1 (V)
SetMagnetDAC 5.87958724138 ===>> OK
Magnet settling time: 1.049
GetData ===>> H2,-0.239400017689883,H1,743.983402668624,AX,182.91463579814,L1,2.36825378938145,L2,1.23528517078...
setting magnet DAC
current  : 5.879587
requested: 5.880622
Delta Dac: 0.001034
Checking detector protection. dv=0.00103
Checking detector "CDD". Protection Threshold: 0.1 (V)
SetMagnetDAC 5.88062172414 ===>> OK
Magnet settling time: 1.049
GetData ===>> H2,-0.139658993210517,H1,743.768665961313,AX,183.236940206702,L1,2.35275203004806,L2,1.0974145169...
setting magnet DAC
current  : 5.880622
requested: 5.881656
Delta Dac: 0.001034
Checking detector protection. dv=0.00103
Checking detector "CDD". Protection Threshold: 0.1 (V)
SetMagnetDAC 5.8816562069 ===>> OK
Magnet settling time: 1.049
Get Checksum: 1447832503
GetData ===>> H2,-0.150063041758791,H1,742.879296432528,AX,183.209285872934,L1,2.32843008207109,L2,1.0597207244...
setting magnet DAC
current  : 5.881656
requested: 5.882691
Delta Dac: 0.001034
Checking detector protection. dv=0.00103
Checking detector "CDD". Protection Threshold: 0.1 (V)
SetMagnetDAC 5.88269068966 ===>> OK
Magnet settling time: 1.049
GetData ===>> H2,-0.0300882065492201,H1,741.947225523035,AX,182.565804791708,L1,2.31162710580329,L2,1.136497917...
setting magnet DAC
current  : 5.882691
requested: 5.883725
Delta Dac: 0.001034
Checking detector protection. dv=0.00103
Checking detector "CDD". Protection Threshold: 0.1 (V)
SetMagnetDAC 5.88372517241 ===>> OK
Magnet settling time: 1.049
Get Checksum: 1447832503
GetData ===>> H2,-0.142154243275639,H1,738.325685693287,AX,180.313866302909,L1,2.29309617460565,L2,1.2227391404...
setting magnet DAC
current  : 5.883725
requested: 5.884760
Delta Dac: 0.001034
Checking detector protection. dv=0.00103
Checking detector "CDD". Protection Threshold: 0.1 (V)
SetMagnetDAC 5.88475965517 ===>> OK
Magnet settling time: 1.049
GetData ===>> H2,-0.166232709801825,H1,723.407646933626,AX,173.568729676079,L1,2.23836161712335,L2,1.0218357180...
setting magnet DAC
current  : 5.884760
requested: 5.885794
Delta Dac: 0.001034
Checking detector protection. dv=0.00103
Checking detector "CDD". Protection Threshold: 0.1 (V)
SetMagnetDAC 5.88579413793 ===>> OK
Magnet settling time: 1.049
GetData ===>> H2,-0.258029613505356,H1,675.995539513374,AX,154.137613574203,L1,2.05378859170463,L2,0.6875459595...
setting magnet DAC
current  : 5.885794
requested: 5.886829
Delta Dac: 0.001034
Checking detector protection. dv=0.00103
Checking detector "CDD". Protection Threshold: 0.1 (V)
SetMagnetDAC 5.88682862069 ===>> OK
Magnet settling time: 1.049
Get Checksum: 1447832503
GetData ===>> H2,-0.258975741196871,H1,565.487167173165,AX,116.832984954967,L1,1.62751279540814,L2,0.4064836633...
setting magnet DAC
current  : 5.886829
requested: 5.887863
Delta Dac: 0.001034
Checking detector protection. dv=0.00103
Checking detector "CDD". Protection Threshold: 0.1 (V)
SetMagnetDAC 5.88786310345 ===>> OK
Magnet settling time: 1.049
GetData ===>> H2,-0.16330328331099,H1,396.4873604865,AX,71.1684713927797,L1,1.12718706998466,L2,0.3565968788648...
setting magnet DAC
current  : 5.887863
requested: 5.888898
Delta Dac: 0.001034
Checking detector protection. dv=0.00103
Checking detector "CDD". Protection Threshold: 0.1 (V)
SetMagnetDAC 5.88889758621 ===>> OK
Magnet settling time: 1.049
GetData ===>> H2,-0.281878063227843,H1,216.88062387198,AX,32.8950307574946,L1,0.738418573522967,L2,0.1110856300...
setting magnet DAC
current  : 5.888898
requested: 5.889932
Delta Dac: 0.001034
Checking detector protection. dv=0.00103
Checking detector "CDD". Protection Threshold: 0.1 (V)
SetMagnetDAC 5.88993206897 ===>> OK
Magnet settling time: 1.049
Get Checksum: 1447832503
GetData ===>> H2,-0.220345895324529,H1,89.0455048630949,AX,11.0522563713549,L1,0.424301070901421,L2,0.041115131...
setting magnet DAC
current  : 5.889932
requested: 5.890967
Delta Dac: 0.001034
Checking detector protection. dv=0.00103
Checking detector "CDD". Protection Threshold: 0.1 (V)
SetMagnetDAC 5.89096655172 ===>> OK
Magnet settling time: 1.049
GetData ===>> H2,-0.372537395164447,H1,28.3709387765598,AX,2.72756858744163,L1,0.288500872561939,L2,0.060619677...
setting magnet DAC
current  : 5.890967
requested: 5.892001
Delta Dac: 0.001034
Checking detector protection. dv=0.00103
Checking detector "CDD". Protection Threshold: 0.1 (V)
SetMagnetDAC 5.89200103448 ===>> OK
Magnet settling time: 1.049
GetData ===>> H2,-0.203105091712455,H1,3.6032398762943,AX,0.154274017635003,L1,0.115495611937902,L2,-0.04542248...
setting magnet DAC
current  : 5.892001
requested: 5.893036
Delta Dac: 0.001034
Checking detector protection. dv=0.00103
Checking detector "CDD". Protection Threshold: 0.1 (V)
SetMagnetDAC 5.89303551724 ===>> OK
Magnet settling time: 1.049
set states for children of H. state=False
handle state [('H', False)]
update switch state H False args=() kw={'refresh': False} ncanvase=2
refresh_canvas_needed fired
Get Checksum: 855128171
GetData ===>> H2,-0.0676424560242042,H1,0.692556671082634,AX,-0.0663682279109911,L1,0.0671922882987749,L2,0.087...
setting magnet DAC
current  : 5.893036
requested: 5.894070
Delta Dac: 0.001034
Checking detector protection. dv=0.00103
Checking detector "CDD". Protection Threshold: 0.1 (V)
SetMagnetDAC 5.89407 ===>> OK
Magnet settling time: 1.049
set states for children of C. state=True
handle state [('C', True)]
update switch state C True args=() kw={'refresh': False} ncanvase=2
refresh_canvas_needed fired
GetData ===>> H2,-0.126249781207672,H1,0.127650916690647,AX,-0.0348768924049829,L1,0.0225319197860455,L2,0.0464...
result of _do_sweep=True
result of _calculate_peak_center=([5.8717031974293423, 5.8793073712943134, 5.8869115451592844], [548.89256677402796, 743.97522632105108, 551.94008848079488], 5.8796266305023845, 743.97522632105108)
Failed to find a valid peak. No peak greater than 1.0. max = 0.0324348270894
new center pos Detector(H1) (Ar40) @ 5.87930737129
GetHighVoltage ===>> 4500
GetDeflection H1 ===>> 0
dac uncorrected for HV and deflection 5.87930737129
update mftable H1 Ar40 5.87930737129 message=automated run peakcenter
get initial guess parabolic
get initial guess parabolic
get initial guess parabolic
get initial guess parabolic
get initial guess parabolic
get initial guess parabolic
dump mftable to /Users/jan/PychronDev/setupfiles/spectrometer/mftables/mftable.csv
add to repo msg=modified - automated run peakcenter
Get Checksum: 1269278284
State checksums do not match. Local:1242363369 Remote:1269278284
State checksum failed
locally archiving mftable
setting magnet DAC
current  : 5.894070
requested: 5.879307
Delta Dac: 0.014763
Checking detector protection. dv=0.01476
Checking detector "CDD". Protection Threshold: 0.1 (V)
SetMagnetDAC 5.87930737129 ===>> OK
Magnet settling time: 0.500
sweep finished
setting integration time = 1.048576
SetIntegrationTime 1.048576 ===>> OK
Failed to find a valid peak. No peak greater than 1.0. max = 0.0322021308248
flush and close file /Users/jan/PychronDev/data/isotopes/99/15f479-dadc-4495-b8a0-6e5d286db512.h5
finished measure script
executed 226.132928
jan_unknown120_60.py completed successfully
Measurement Finished
18:58:43 -- ******* Measurement Finished *******
Post Measurement Started jan_pump_ms.py
18:58:43 -- ******* Post Measurement Started jan_pump_ms.py *******
testing...
no interpolation path defined
executed 0
Pumping spectrometer
open () {'name': 'O'}
opening name=O desc=---
checking ownership. requestor=129.138.12.150
check software interlocks O
interlocks []
actuate state mode=None-script, software_lock=False
doing actuation None-script open_channel True
Open O ===>> OK
GetIndicatorState O ===>> OK
change switch state (True, True)
update switch state O True args=() kw={} ncanvase=2
18:58:44 -- OPEN   VALVE-O (Jan Ion Pump)
---------------------------------------- open O () result=[(True, True)], time=0.08 sec
action=open, ok=True, locked=[False]
executed 0
jan_pump_ms.py completed successfully
setting _ms_pumptime
Post Measurement Finished
18:58:44 -- ******* Post Measurement Finished *******
$$$$$$$$$$$$$$$$$$$$ state at run end measurement
state changed from measurement to success
post measurement save measured=True aborted=False
Set filtering
setting fod for Ar40= {'filter_outliers': True, 'std_devs': 2, 'iterations': 1}
setting fod for H1= {'filter_outliers': True, 'std_devs': 2, 'iterations': 1}
setting fod for PM41= {'filter_outliers': False, 'std_devs': 2, 'iterations': 1}
setting fod for H2= {'filter_outliers': True, 'std_devs': 2, 'iterations': 1}
setting fod for Ar36= {'filter_outliers': True, 'std_devs': 2, 'iterations': 1}
setting fod for CDD= {'filter_outliers': True, 'std_devs': 10, 'iterations': 1}
setting fod for Ar37= {'filter_outliers': True, 'std_devs': 2, 'iterations': 1}
setting fod for L2= {'filter_outliers': True, 'std_devs': 2, 'iterations': 1}
setting fod for Ar38= {'filter_outliers': True, 'std_devs': 2, 'iterations': 1}
setting fod for L1= {'filter_outliers': True, 'std_devs': 2, 'iterations': 1}
setting fod for Ar39= {'filter_outliers': True, 'std_devs': 2, 'iterations': 1}
setting fod for AX= {'filter_outliers': True, 'std_devs': 2, 'iterations': 1}
persistence save...
persistence save - db
post measurement save
4619683312 connecting to database sqlite:////Users/jan/PychronDev/.appdata/local_lab.db
connected to db sqlite:////Users/jan/PychronDev/.appdata/local_lab.db
create new session 4619683312
close session 4619683312
No database instance. Not saving post measurement to isotopedb database
$$$$$$$$$$$$$$$ auto_save_detector_ic=False
massspec enabled True
create new session 5019860144
MassSpec Database Version: 16.0
close session 5019860144
saving post measurement to secondary database
saving to massspec database 129.138.12.160/massspecdata
setting labnumber to 65573
setting aliquot to 21
setting step to 
setting uuid to 9915f479-dadc-4495-b8a0-6e5d286db512
setting irradpos to 65573
setting extract_device to Fusions CO2
setting tray to 
setting position to 62
setting power_requested to 5.0
setting extract_value to 5.0
setting duration to 30.0
setting duration_at_request to 30.0
setting first_stage_delay to 30.0
setting cleanup to 30.0
setting comment to M:17 w/o inlcusions
setting irradiation to NM-289
setting level to M
setting irradiation_level to M
setting sample to NM-2607 WO
setting material to Sanidine
setting project to JoyitaHills
setting mass_spectrometer to Jan
no attribute chron_dosages
no attribute production_ratios
no attribute interference_corrections
no attribute production_name
no attribute j
Reference Isotope=Ar40
Reference Detector=H1
set states for children of B. state=True
set states for children of D. state=True
handle state [('B', True), ('D', True)]
update switch state B True args=() kw={'refresh': True} ncanvase=2
update switch state D True args=() kw={'refresh': False} ncanvase=2
%%%%%%%%%%%%%%%%%%%% Comment: M:17 w/o inlcusions %%%%%%%%%%%%%%%%%%%
refresh_canvas_needed fired
adding isotope PM41 H2
add baseline dbdet= PM41. original det= H2
get baseline data PM41 H2
Get data baseline <pychron.processing.isotope.Baseline object at 0x1134a3950> len t=60
baseline PM41. v=-0.200472625915, e=0.00788350824315
get signal data PM41 H2
Get data signal PM41 0.12+/-0.07 len t=120
adding isotope Ar40 H1
add baseline dbdet= Ar40. original det= H1
get baseline data Ar40 H1
Get data baseline <pychron.processing.isotope.Baseline object at 0x1134a3b10> len t=60
baseline Ar40. v=-0.00132406136286, e=0.00514074537673
get signal data Ar40 H1
Get data signal Ar40 818.82+/-0.06 len t=120
adding isotope Ar39 AX
add baseline dbdet= Ar39. original det= AX
get baseline data Ar39 AX
Get data baseline <pychron.processing.isotope.Baseline object at 0x1134a3cd0> len t=60
baseline Ar39. v=-0.0851689735165, e=0.00730258204956
get signal data Ar39 AX
Get data signal Ar39 201.578+/-0.025 len t=120
adding isotope Ar38 L1
add baseline dbdet= Ar38. original det= L1
get baseline data Ar38 L1
Get data baseline <pychron.processing.isotope.Baseline object at 0x1134a3e90> len t=60
baseline Ar38. v=-0.0216414931771, e=0.00320252081619
get signal data Ar38 L1
Get data signal Ar38 2.591+/-0.005 len t=120
adding isotope Ar37 L2
add baseline dbdet= Ar37. original det= L2
get baseline data Ar37 L2
Get data baseline <pychron.processing.isotope.Baseline object at 0x134406090> len t=60
baseline Ar37. v=-0.0236518669323, e=0.00499615856544
get signal data Ar37 L2
Get data signal Ar37 1.260+/-0.010 len t=120
adding isotope Ar36 CDD
add baseline dbdet= Ar36. original det= CDD
get baseline data Ar36 CDD
Get data baseline <pychron.processing.isotope.Baseline object at 0x134406250> len t=60
baseline Ar36. v=0.000133978871217, e=1.82836460517e-05
get signal data Ar36 CDD
Get data signal Ar36 0.0206+/-0.0004 len t=120
65573-21 added analysis time 0.509296894073s
analysis added to mass spec database
mass spec save time= 0.533
persistence save - dvc
================= post measurement started
create new session 4983587952
close session 4983587952
---------------- Experiment Queue saving disabled
DVC saving peakcenter
Failed to find a valid peak. No peak greater than 1.0. max = 0.0322021308248
Smart pull ahead: 0 behind: 0
Up-to-date with origin
add to repo msg=modified - ad8224ebc6dbfeb9f5997218dfa5fe690569839d.json
add to repo msg=modified - 73-21.json
add to repo msg=modified - 73-21.dat.json
add to repo msg=modified - 73-21.blan.json
add to repo msg=modified - 73-21.inte.json
set states for children of I. state=False
set states for children of Q. state=True
set states for children of P. state=True
handle state [('I', False), ('Q', True), ('P', True)]
update switch state I False args=() kw={'refresh': True} ncanvase=2
update switch state Q True args=() kw={'refresh': True} ncanvase=2
update switch state P True args=() kw={'refresh': False} ncanvase=2
refresh_canvas_needed fired
Get Checksum: 192129876
add to repo msg=modified - 73-21.icfa.json
add to repo msg=modified - 73-21.base.json
not at valid file /Users/jan/PychronDev/data/.dvc/repositories/Load1785/655/tags/73-21.tags.json
add to repo msg=modified - 73-21.peak.json
add to repo msg=modified - 73-21.extr.json
not at valid file /Users/jan/PychronDev/data/.dvc/repositories/Load1785/655/monitor/73-21.moni.json
commit message=<COLLECTION>
add to repo msg=modified - 73-21.inte.json
add to repo msg=modified - 73-21.base.json
commit message=<ISOEVO> default collection fits
add to repo msg=modified - 73-21.blan.json
commit message=<BLANKS> preceding bu-FC-J-7503
Get Checksum: 192129876
add to repo msg=modified - 73-21.icfa.json
commit message=<ICFactor> default
push repository <pychron.git_archive.repo_manager.GitRepoManager object at 0x1289a0fb0>
pushing to remote=origin, url=https://github.com
Get Checksum: 192129876
no changes to meta repo
create new session 4983587952
add association Load1785
get identifier "65573"
setting analysis irradiation position=<pychron.dvc.dvc_orm.IrradiationPositionTbl object at 0x13d4368d0>
close session 4983587952
================= post measurement finished
18:58:56 -- ******* Post Run Check *******
loading queue conditionals post_run_actions
loading system conditionals post_run_actions
loading conditionals from /Users/jan/PychronDev/setupfiles/spectrometer/default_conditionals.yaml
loading queue conditionals post_run_terminations
loading system conditionals post_run_terminations
loading conditionals from /Users/jan/PychronDev/setupfiles/spectrometer/default_conditionals.yaml
Checking default post run terminations n=1
GetDeflection CDD ===>> 50
testing CDD==2000
evaluate ot="CDD.deflection==2000" t="CDD==2000", ctx="{'CDD': 50.0}"
18:58:56 -- ******* Post Run Check Passed *******
18:58:56 -- Automated run 65573-21 success duration: 364.539 s
----------------- finish -----------------
----------------- stop -----------------
retroactive repository identifiers disabled
finish run. runs completed=25
update duration runid=65573-21, duration=364.538599014, md5=301e91d8
loading script "jan_unknown120_60.py"
loading script "jan_pump_ms.py"
loading script "jan_co2.py"
loading script "jan_pump_extraction_line.py"
testing...
no interpolation path defined
executed 213.652928
script duration name:unknown120_60 seconds:214.0
loading script "jan_unknown120_60.py"
loading script "jan_pump_ms.py"
loading script "jan_co2.py"
loading script "jan_pump_extraction_line.py"
testing...
no interpolation path defined
executed 0
loading script "jan_unknown120_60.py"
loading script "jan_pump_ms.py"
loading script "jan_co2.py"
loading script "jan_pump_extraction_line.py"
testing...
no interpolation path defined
calculate duration
testing...
no interpolation path defined
executed 0
calculate duration
testing...
no interpolation path defined
executed 0
executed 0.0
script duration name:co2 seconds:0.0
loading script "jan_unknown120_60.py"
loading script "jan_pump_ms.py"
loading script "jan_co2.py"
loading script "jan_pump_extraction_line.py"
testing...
no interpolation path defined
calculate duration
testing...
no interpolation path defined
executed 4.0
executed 4.0
Script duration 214.0
Run total estimated duration= 215.000
unknown120_60 in script context. using previous estimated duration
script duration name:unknown120_60 seconds:214.0
pump_ms in script context. using previous estimated duration
co2 in script context. using previous estimated duration
script duration name:co2 seconds:0.0
pump_extraction_line in script context. using previous estimated duration
Script duration 214.0
Run total estimated duration= 215.000
script duration name:unknown120_60 seconds:214.0
script duration name:co2 seconds:0.0
Script duration 214.0
Run total estimated duration= 215.000
script duration name:unknown120_60 seconds:214.0
script duration name:co2 seconds:0.0
Script duration 214.0
Run total estimated duration= 215.000
script duration name:unknown120_60 seconds:214.0
script duration name:co2 seconds:0.0
Script duration 214.0
Run total estimated duration= 215.000
script duration name:unknown120_60 seconds:214.0
script duration name:co2 seconds:0.0
Script duration 214.0
Run total estimated duration= 215.000
script duration name:unknown120_60 seconds:214.0
script duration name:co2 seconds:0.0
Script duration 214.0
Run total estimated duration= 215.000
script duration name:unknown120_60 seconds:214.0
script duration name:co2 seconds:0.0
Script duration 214.0
Run total estimated duration= 215.000
script duration name:unknown120_60 seconds:214.0
script duration name:co2 seconds:0.0
Script duration 214.0
Run total estimated duration= 215.000
loading script "jan_unknown400_120.py"
loading script "jan_pump_ms.py"
loading script "jan_co2.py"
loading script "jan_pump_extraction_line.py"
testing...
no interpolation path defined
executed 556.052928
script duration name:unknown400_120 seconds:556.0
script duration name:co2 seconds:0.0
Script duration 556.0
Run total estimated duration= 557.000
script duration name:unknown120_60 seconds:214.0
script duration name:co2 seconds:0.0
Script duration 214.0
Run total estimated duration= 215.000
script duration name:unknown120_60 seconds:214.0
script duration name:co2 seconds:0.0
Script duration 214.0
Run total estimated duration= 215.000
script duration name:unknown120_60 seconds:214.0
script duration name:co2 seconds:0.0
Script duration 214.0
Run total estimated duration= 215.000
script duration name:unknown120_60 seconds:214.0
script duration name:co2 seconds:0.0
Script duration 214.0
Run total estimated duration= 215.000
script duration name:unknown120_60 seconds:214.0
script duration name:co2 seconds:0.0
Script duration 214.0
Run total estimated duration= 215.000
unknown400_120 in script context. using previous estimated duration
script duration name:unknown400_120 seconds:556.0
loading script "jan_unknown400_120.py"
loading script "jan_pump_ms.py"
loading script "jan_cocktail_x1.py"
loading script "jan_pump_extraction_line.py"
testing...
no interpolation path defined
calculate duration
testing...
no interpolation path defined
executed 0
calculate duration
testing...
no interpolation path defined
executed 0
calculate duration
testing...
no interpolation path defined
executed 32.0
calculate duration
testing...
no interpolation path defined
executed 34.0
calculate duration
testing...
no interpolation path defined
executed 4.0
calculate duration
testing...
no interpolation path defined
executed 38.0
executed 108.0
script duration name:cocktail_x1 seconds:108.0
Script duration 664.0
Run total estimated duration= 665.000
script duration name:unknown120_60 seconds:214.0
script duration name:co2 seconds:0.0
Script duration 214.0
Run total estimated duration= 215.000
script duration name:unknown120_60 seconds:214.0
script duration name:co2 seconds:0.0
Script duration 214.0
Run total estimated duration= 215.000
script duration name:unknown120_60 seconds:214.0
script duration name:co2 seconds:0.0
Script duration 214.0
Run total estimated duration= 215.000
script duration name:unknown120_60 seconds:214.0
script duration name:co2 seconds:0.0
Script duration 214.0
Run total estimated duration= 215.000
script duration name:unknown120_60 seconds:214.0
script duration name:co2 seconds:0.0
Script duration 214.0
Run total estimated duration= 215.000
script duration name:unknown120_60 seconds:214.0
script duration name:co2 seconds:0.0
Script duration 214.0
Run total estimated duration= 215.000
script duration name:unknown120_60 seconds:214.0
script duration name:co2 seconds:0.0
Script duration 214.0
Run total estimated duration= 215.000
script duration name:unknown120_60 seconds:214.0
script duration name:co2 seconds:0.0
Script duration 214.0
Run total estimated duration= 215.000
script duration name:unknown120_60 seconds:214.0
script duration name:co2 seconds:0.0
Script duration 214.0
Run total estimated duration= 215.000
script duration name:unknown120_60 seconds:214.0
script duration name:co2 seconds:0.0
Script duration 214.0
Run total estimated duration= 215.000
script duration name:unknown400_120 seconds:556.0
script duration name:co2 seconds:0.0
Script duration 556.0
Run total estimated duration= 557.000
script duration name:unknown400_120 seconds:556.0
loading script "jan_unknown400_120.py"
loading script "jan_pump_ms.py"
loading script "jan_sniffair_x2.py"
loading script "jan_pump_extraction_line.py"
testing...
no interpolation path defined
calculate duration
testing...
no interpolation path defined
executed 0
calculate duration
testing...
no interpolation path defined
executed 0
calculate duration
testing...
no interpolation path defined
executed 32.0
calculate duration
testing...
no interpolation path defined
executed 34.0
calculate duration
testing...
no interpolation path defined
executed 4.0
calculate duration
testing...
no interpolation path defined
executed 36.0
calculate duration
testing...
no interpolation path defined
executed 34.0
calculate duration
testing...
no interpolation path defined
executed 4.0
calculate duration
testing...
no interpolation path defined
executed 36.0
calculate duration
testing...
no interpolation path defined
executed 70.0
executed 250.0
script duration name:sniffair_x2 seconds:250.0
Script duration 806.0
Run total estimated duration= 807.000
loading script "jan_ic_peak_hop3.py"
loading script "jan_pump_ms.py"
loading script "jan_air_x1.py"
loading script "jan_pump_extraction_line.py"
testing...
no interpolation path defined
executed 133.8
script duration name:ic_peak_hop3 seconds:134.0
loading script "jan_ic_peak_hop3.py"
loading script "jan_pump_ms.py"
loading script "jan_air_x1.py"
loading script "jan_pump_extraction_line.py"
testing...
no interpolation path defined
calculate duration
testing...
no interpolation path defined
executed 0
calculate duration
testing...
no interpolation path defined
executed 0
calculate duration
testing...
no interpolation path defined
executed 32.0
calculate duration
testing...
no interpolation path defined
executed 34.0
calculate duration
testing...
no interpolation path defined
executed 4.0
calculate duration
testing...
no interpolation path defined
executed 36.0
executed 106.0
script duration name:air_x1 seconds:106.0
Script duration 240.0
Run total estimated duration= 241.000
script duration name:unknown120_60 seconds:214.0
script duration name:co2 seconds:0.0
Script duration 214.0
Run total estimated duration= 215.000
script duration name:unknown120_60 seconds:214.0
script duration name:co2 seconds:0.0
Script duration 214.0
Run total estimated duration= 215.000
script duration name:unknown120_60 seconds:214.0
script duration name:co2 seconds:0.0
Script duration 214.0
Run total estimated duration= 215.000
script duration name:unknown120_60 seconds:214.0
script duration name:co2 seconds:0.0
Script duration 214.0
Run total estimated duration= 215.000
script duration name:unknown120_60 seconds:214.0
script duration name:co2 seconds:0.0
Script duration 214.0
Run total estimated duration= 215.000
script duration name:unknown120_60 seconds:214.0
script duration name:co2 seconds:0.0
Script duration 214.0
Run total estimated duration= 215.000
script duration name:unknown120_60 seconds:214.0
script duration name:co2 seconds:0.0
Script duration 214.0
Run total estimated duration= 215.000
script duration name:unknown120_60 seconds:214.0
script duration name:co2 seconds:0.0
Script duration 214.0
Run total estimated duration= 215.000
script duration name:unknown120_60 seconds:214.0
script duration name:co2 seconds:0.0
Script duration 214.0
Run total estimated duration= 215.000
script duration name:unknown120_60 seconds:214.0
script duration name:co2 seconds:0.0
Script duration 214.0
Run total estimated duration= 215.000
script duration name:unknown400_120 seconds:556.0
cocktail_x1 in script context. using previous estimated duration
script duration name:cocktail_x1 seconds:108.0
Script duration 664.0
Run total estimated duration= 665.000
script duration name:unknown120_60 seconds:214.0
script duration name:co2 seconds:0.0
Script duration 214.0
Run total estimated duration= 215.000
script duration name:unknown120_60 seconds:214.0
script duration name:co2 seconds:0.0
Script duration 214.0
Run total estimated duration= 215.000
script duration name:unknown120_60 seconds:214.0
script duration name:co2 seconds:0.0
Script duration 214.0
Run total estimated duration= 215.000
script duration name:unknown120_60 seconds:214.0
script duration name:co2 seconds:0.0
Script duration 214.0
Run total estimated duration= 215.000
script duration name:unknown120_60 seconds:214.0
script duration name:co2 seconds:0.0
Script duration 214.0
Run total estimated duration= 215.000
script duration name:unknown400_120 seconds:556.0
script duration name:co2 seconds:0.0
Script duration 556.0
Run total estimated duration= 557.000
script duration name:unknown120_60 seconds:214.0
script duration name:co2 seconds:0.0
Script duration 214.0
Run total estimated duration= 215.000
script duration name:unknown120_60 seconds:214.0
script duration name:co2 seconds:0.0
Script duration 214.0
Run total estimated duration= 215.000
script duration name:unknown120_60 seconds:214.0
script duration name:co2 seconds:0.0
Script duration 214.0
Run total estimated duration= 215.000
script duration name:unknown120_60 seconds:214.0
script duration name:co2 seconds:0.0
Script duration 214.0
Run total estimated duration= 215.000
script duration name:unknown120_60 seconds:214.0
script duration name:co2 seconds:0.0
Script duration 214.0
Run total estimated duration= 215.000
script duration name:unknown120_60 seconds:214.0
script duration name:co2 seconds:0.0
Script duration 214.0
Run total estimated duration= 215.000
script duration name:unknown120_60 seconds:214.0
script duration name:co2 seconds:0.0
Script duration 214.0
Run total estimated duration= 215.000
script duration name:unknown120_60 seconds:214.0
script duration name:co2 seconds:0.0
Script duration 214.0
Run total estimated duration= 215.000
script duration name:unknown120_60 seconds:214.0
script duration name:co2 seconds:0.0
Script duration 214.0
Run total estimated duration= 215.000
script duration name:unknown120_60 seconds:214.0
script duration name:co2 seconds:0.0
Script duration 214.0
Run total estimated duration= 215.000
script duration name:unknown120_60 seconds:214.0
script duration name:co2 seconds:0.0
Script duration 214.0
Run total estimated duration= 215.000
script duration name:unknown120_60 seconds:214.0
script duration name:co2 seconds:0.0
Script duration 214.0
Run total estimated duration= 215.000
script duration name:unknown120_60 seconds:214.0
script duration name:co2 seconds:0.0
Script duration 214.0
Run total estimated duration= 215.000
script duration name:unknown120_60 seconds:214.0
script duration name:co2 seconds:0.0
Script duration 214.0
Run total estimated duration= 215.000
script duration name:unknown120_60 seconds:214.0
script duration name:co2 seconds:0.0
Script duration 214.0
Run total estimated duration= 215.000
script duration name:unknown400_120 seconds:556.0
script duration name:co2 seconds:0.0
Script duration 556.0
Run total estimated duration= 557.000
script duration name:unknown400_120 seconds:556.0
script duration name:cocktail_x1 seconds:108.0
Script duration 664.0
Run total estimated duration= 665.000
script duration name:unknown400_120 seconds:556.0
script duration name:cocktail_x1 seconds:108.0
Script duration 664.0
Run total estimated duration= 665.000
script duration name:unknown400_120 seconds:556.0
sniffair_x2 in script context. using previous estimated duration
script duration name:sniffair_x2 seconds:250.0
Script duration 806.0
Run total estimated duration= 807.000
ic_peak_hop3 in script context. using previous estimated duration
script duration name:ic_peak_hop3 seconds:134.0
air_x1 in script context. using previous estimated duration
script duration name:air_x1 seconds:106.0
Script duration 240.0
Run total estimated duration= 241.000
script duration name:unknown120_60 seconds:214.0
script duration name:co2 seconds:0.0
Script duration 214.0
Run total estimated duration= 215.000
script duration name:unknown120_60 seconds:214.0
script duration name:co2 seconds:0.0
Script duration 214.0
Run total estimated duration= 215.000
script duration name:unknown120_60 seconds:214.0
script duration name:co2 seconds:0.0
Script duration 214.0
Run total estimated duration= 215.000
script duration name:unknown120_60 seconds:214.0
script duration name:co2 seconds:0.0
Script duration 214.0
Run total estimated duration= 215.000
script duration name:unknown120_60 seconds:214.0
script duration name:co2 seconds:0.0
Script duration 214.0
Run total estimated duration= 215.000
script duration name:unknown120_60 seconds:214.0
script duration name:co2 seconds:0.0
Script duration 214.0
Run total estimated duration= 215.000
script duration name:unknown120_60 seconds:214.0
script duration name:co2 seconds:0.0
Script duration 214.0
Run total estimated duration= 215.000
script duration name:unknown120_60 seconds:214.0
script duration name:co2 seconds:0.0
Script duration 214.0
Run total estimated duration= 215.000
script duration name:unknown120_60 seconds:214.0
script duration name:co2 seconds:0.0
Script duration 214.0
Run total estimated duration= 215.000
script duration name:unknown120_60 seconds:214.0
script duration name:co2 seconds:0.0
Script duration 214.0
Run total estimated duration= 215.000
script duration name:unknown120_60 seconds:214.0
script duration name:co2 seconds:0.0
Script duration 214.0
Run total estimated duration= 215.000
nruns=77 before=5.0, run_dur=20959.0, btw=2280.0
write rem/ex queues
/Users/jan/PychronDev/experiments/rem/CurrentExperimentPartial.rem.txt
/Users/jan/PychronDev/experiments/rem/CurrentExperimentPartial.ex.txt
doing event level: 3
