do run
loading script "jan_unknown120_60.py"
loading script "jan_pump_ms.py"
loading script "jan_co2.py"
loading script "jan_pump_extraction_line.py"
testing...
no interpolation path defined
executed 213.652928
script duration name:unknown120_60 seconds:214.0
loading script "jan_unknown120_60.py"
loading script "jan_pump_ms.py"
loading script "jan_co2.py"
loading script "jan_pump_extraction_line.py"
testing...
no interpolation path defined
executed 0
loading script "jan_unknown120_60.py"
loading script "jan_pump_ms.py"
loading script "jan_co2.py"
loading script "jan_pump_extraction_line.py"
testing...
no interpolation path defined
calculate duration
testing...
no interpolation path defined
executed 0
calculate duration
testing...
no interpolation path defined
executed 0
executed 0.0
script duration name:co2 seconds:0.0
loading script "jan_unknown120_60.py"
loading script "jan_pump_ms.py"
loading script "jan_co2.py"
loading script "jan_pump_extraction_line.py"
testing...
no interpolation path defined
calculate duration
testing...
no interpolation path defined
executed 4.0
executed 4.0
Script duration 214.0
Run total estimated duration= 215.000
run duration: 0:03:35
doing event level: 2
20:32:02 -- Setting default integration. t=1.048576
setting integration time = 1.048576
SetIntegrationTime 1.048576 ===>> OK
----------------- start -----------------
**************** Experiment Type: Ar/Ar, Ar/Ar
create new session 4993924272
close session 4993924272
$$$$$ Clearing conditionals
adding conditionals 
Add queue conditionals
add default conditionals
adding default conditionals from /Users/jan/PychronDev/setupfiles/spectrometer/default_conditionals.yaml
Start automated run 65574-09
loading script "jan_unknown120_60.py"
loading script "jan_pump_ms.py"
loading script "jan_co2.py"
loading script "jan_pump_extraction_line.py"
%%%%%%%%%%%%%%%%%% setting automated run 65574-09
No value "sensitivity_multiplier" in metadata
$$$$$$$$$$$$$$$ auto_save_detector_ic=False
============================= Pre Extraction Check =============================
loading queue conditionals pre_run_terminations
loading system conditionals pre_run_terminations
loading conditionals from /Users/jan/PychronDev/setupfiles/spectrometer/default_conditionals.yaml
20:32:02 -- ******* Pre Extraction Check *******
Get a measurement from the spectrometer
GetData ===>> H2,-0.21328034519417,H1,-0.013516758170584,AX,-0.214803255180257,L1,-0.000954078952652846,L2,-0.0...
Pre Extraction Termination data. keys=H2,H1,AX,L1,L2,CDD, signals=-0.21328,-0.01352,-0.21480,-0.00095,-0.07171,0.00238
20:32:02 -- testing system defined conditionals
Checking default pre extraction terminations n=2
testing CDD
evaluate ot="CDD.inactive" t="CDD", ctx="{'CDD': False}"
GetDeflection CDD ===>> 50
testing CDD==2000
evaluate ot="CDD.deflection==2000" t="CDD==2000", ctx="{'CDD': 50.0}"
20:32:02 -- ******* Pre Extraction Check Passed *******
=================================================================================
20:32:02 -- stopping status monitor
stop 4977824688
Alive clients [4983939824]
20:32:02 -- starting status monitor
start 4977824688
Monitor already running
start extraction
do extraction
Analysis started at 20:32:02.607419
Extraction Started jan_co2.py
20:32:02 -- ******* Extraction Started jan_co2.py *******
state changed from not run to extraction
DO EXTRACTION <pychron.extraction_line.pyscript_runner.RemotePyScriptRunner object at 0x12c3c43b0>
testing...
no interpolation path defined
calculate duration
testing...
no interpolation path defined
executed 0
calculate duration
testing...
no interpolation path defined
executed 0
executed 100.0
Jan CO2 laser analysis
doing GOSUB
testing...
no interpolation path defined
executed 0
Waiting for CO2 access
wait ('FelixCO2Flag', 0) {}
waiting for FelixCO2Flag = 0
Read FelixCO2Flag ===>> 0
finished waiting
CO2 free
wait ('CO2PumpTimeFlag', 0) {}
waiting for CO2PumpTimeFlag = 0
Read CO2PumpTimeFlag ===>> 0
finished waiting
acquire ('JanCO2Flag',) {'clear': True}
acquire JanCO2Flag
Set JanCO2Flag 1 ===>> OK
JanCO2Flag acquired
set extraction state False (0.75, 'red', 1.5)
CO2 acquired
executed 0
WaitForCO2Access.py completed successfully
gosub finished
doing GOSUB
testing...
no interpolation path defined
executed 0
Prepare for CO2 analysis
close () {'description': 'Jan Inlet'}
closing name=--- desc=Jan Inlet
checking ownership. requestor=129.138.12.150
check software interlocks R
interlocks []
actuate state mode=None-script, software_lock=False
doing actuation None-script close_channel False
Close R ===>> OK
GetIndicatorState R ===>> False
change switch state (True, True)
update switch state R False args=() kw={} ncanvase=2
20:32:03 -- CLOSE  VALVE-R (Jan Inlet)
---------------------------------------- close None (Jan Inlet) result=[(True, True)]
action=close, ok=True, locked=[False]
open () {'description': 'Jan Ion Pump'}
opening name=--- desc=Jan Ion Pump
checking ownership. requestor=129.138.12.150
check software interlocks O
interlocks []
actuate state mode=None-script, software_lock=False
doing actuation None-script open_channel False
Open O ===>> OK
GetIndicatorState O ===>> OK
change switch state (True, True)
update switch state O True args=() kw={} ncanvase=2
20:32:03 -- OPEN   VALVE-O (Jan Ion Pump)
---------------------------------------- open None (Jan Ion Pump) result=[(True, True)], time=0.13 sec
action=open, ok=True, locked=[False]
close () {'description': 'Microbone to Minibone'}
closing name=--- desc=Microbone to Minibone
checking ownership. requestor=129.138.12.150
check software interlocks L
interlocks []
actuate state mode=None-script, software_lock=False
doing actuation None-script close_channel False
Close L ===>> OK
Get Checksum: -1772432964
GetIndicatorState L ===>> False
change switch state (True, True)
update switch state L False args=() kw={} ncanvase=2
20:32:04 -- CLOSE  VALVE-L (Microbone to Minibone)
---------------------------------------- close None (Microbone to Minibone) result=[(True, True)]
action=close, ok=True, locked=[False]
open () {'description': 'Microbone to Turbo'}
opening name=--- desc=Microbone to Turbo
checking ownership. requestor=129.138.12.150
check software interlocks U
interlocks []
actuate state mode=None-script, software_lock=False
doing actuation None-script open_channel False
Open U ===>> OK
GetIndicatorState U ===>> OK
change switch state (True, True)
update switch state U True args=() kw={} ncanvase=2
20:32:04 -- OPEN   VALVE-U (Microbone to Turbo)
---------------------------------------- open None (Microbone to Turbo) result=[(True, True)], time=0.14 sec
action=open, ok=True, locked=[False]
open () {'description': 'Microbone to Inlet Pipette'}
opening name=--- desc=Microbone to Inlet Pipette
checking ownership. requestor=129.138.12.150
check software interlocks S
interlocks []
actuate state mode=None-script, software_lock=False
doing actuation None-script open_channel False
Open S ===>> OK
GetIndicatorState S ===>> OK
change switch state (True, True)
update switch state S True args=() kw={} ncanvase=2
20:32:05 -- OPEN   VALVE-S (Microbone to Inlet Pipette)
---------------------------------------- open None (Microbone to Inlet Pipette) result=[(True, True)], time=0.41 sec
action=open, ok=True, locked=[False]
open () {'description': 'Microbone to Getter D-50'}
opening name=--- desc=Microbone to Getter D-50
checking ownership. requestor=129.138.12.150
check software interlocks K
interlocks []
actuate state mode=None-script, software_lock=False
doing actuation None-script open_channel False
Open K ===>> OK
GetIndicatorState K ===>> OK
change switch state (True, True)
update switch state K True args=() kw={} ncanvase=2
20:32:05 -- OPEN   VALVE-K (Microbone to Getter D-50)
---------------------------------------- open None (Microbone to Getter D-50) result=[(True, True)], time=0.40 sec
action=open, ok=True, locked=[False]
open () {'description': 'Microbone to Getter NP-10'}
opening name=--- desc=Microbone to Getter NP-10
checking ownership. requestor=129.138.12.150
check software interlocks M
interlocks []
actuate state mode=None-script, software_lock=False
doing actuation None-script open_channel False
Open M ===>> OK
GetIndicatorState M ===>> OK
change switch state (True, True)
update switch state M True args=() kw={} ncanvase=2
20:32:06 -- OPEN   VALVE-M (Microbone to Getter NP-10)
---------------------------------------- open None (Microbone to Getter NP-10) result=[(True, True)], time=0.13 sec
action=open, ok=True, locked=[False]
close () {'description': 'CO2 Laser to Felix'}
closing name=--- desc=CO2 Laser to Felix
checking ownership. requestor=129.138.12.150
check software interlocks F
interlocks []
actuate state mode=None-script, software_lock=True
VALVE-F(CO2 Laser to Felix) software locked
change switch state (True, False)
---------------------------------------- close None (CO2 Laser to Felix) result=[(True, False)]
action=close, ok=True, locked=[True]
open () {'description': 'CO2 Laser to Jan'}
opening name=--- desc=CO2 Laser to Jan
checking ownership. requestor=129.138.12.150
check software interlocks A
interlocks []
actuate state mode=None-script, software_lock=False
doing actuation None-script open_channel False
Open A ===>> OK
GetIndicatorState A ===>> OK
change switch state (True, True)
update switch state A True args=() kw={} ncanvase=2
20:32:06 -- OPEN   VALVE-A (CO2 Laser to Jan)
---------------------------------------- open None (CO2 Laser to Jan) result=[(True, True)], time=0.14 sec
action=open, ok=True, locked=[False]
open () {'description': 'Microbone to CO2 Laser'}
opening name=--- desc=Microbone to CO2 Laser
checking ownership. requestor=129.138.12.150
check software interlocks T
interlocks []
actuate state mode=None-script, software_lock=False
doing actuation None-script open_channel False
Open T ===>> OK
Get Checksum: -1772432964
GetIndicatorState T ===>> OK
change switch state (True, True)
update switch state T True args=() kw={} ncanvase=2
20:32:07 -- OPEN   VALVE-T (Microbone to CO2 Laser)
---------------------------------------- open None (Microbone to CO2 Laser) result=[(True, True)], time=0.41 sec
action=open, ok=True, locked=[False]
executed 0
PrepareForCO2Analysis.py completed successfully
gosub finished
set_motor ('beam', '1.25') {}
setting motor "beam" to 1.25
set motor beam to 1.25
SetMotor beam,1.25 ===>> OK
GetMotorMoving beam ===>> False
GetMotorMoving beam ===>> False
Block completed
move_to_position ('75',) {'autocenter': True}
FusionsCO2 move to position 75
sending GoToHole 75,True
GoToHole 75,True ===>> OK
GetDriveMoving ===>> OK
GetDriveMoving ===>> OK
GetDriveMoving ===>> OK
GetDriveMoving ===>> False
Get Checksum: -1772432964
GetDriveMoving ===>> OK
GetDriveMoving ===>> OK
GetDriveMoving ===>> OK
GetDriveMoving ===>> OK
GetDriveMoving ===>> False
Block completed
GetAutoCorrecting ===>> False
GetAutoCorrecting ===>> False
Block completed
update position
GetPosition ===>> -3.98780,3.98780,1.00000
got position (-3.9878, 3.9878, 1.0)
move to position succeeded
sleep (5,) {}
SLEEP 5.0
block started
WaitControl setup for 5.0  
Get Checksum: -1772432964
Get Checksum: -1772432964
Join finished
block finished. duration 5.0225250721
close () {'description': 'Microbone to Turbo'}
closing name=--- desc=Microbone to Turbo
checking ownership. requestor=129.138.12.150
check software interlocks U
interlocks []
actuate state mode=None-script, software_lock=False
doing actuation None-script close_channel True
Close U ===>> OK
GetIndicatorState U ===>> False
change switch state (True, True)
update switch state U False args=() kw={} ncanvase=2
20:32:17 -- CLOSE  VALVE-U (Microbone to Turbo)
---------------------------------------- close None (Microbone to Turbo) result=[(True, True)]
action=close, ok=True, locked=[False]
enable laser
enable () {}
set extraction state FusionsCO2 Enabled (False, 'red', 1.5)
enabling laser
Enable ===>> OK
begin interval
BEGIN INTERVAL Interval 1 waiting for 30.0
block started
WaitControl setup for 30.0  
set extract to 5.0
extract (5.0,) {}
GetPosition ===>> -3.98780,3.98780,1.00000
set extraction state FusionsCO2 ON! 5.0(watts) (0.75, 'red', 1.5)
extract sample to 5.0 (watts)
set laser output
SetLaserOutput 5.0,watts ===>> OK
executing pattern triangle.lp
execute_pattern ('triangle.lp',) {}
executing pattern triangle.lp
Get Checksum: 1550443794
IsPatterning ===>> OK
IsPatterning ===>> OK
IsPatterning ===>> OK
Get Checksum: 1550443794
IsPatterning ===>> OK
IsPatterning ===>> OK
IsPatterning ===>> OK
Get Checksum: 1550443794
IsPatterning ===>> OK
IsPatterning ===>> OK
IsPatterning ===>> OK
Get Checksum: 1550443794
IsPatterning ===>> OK
IsPatterning ===>> OK
IsPatterning ===>> OK
Get Checksum: 1550443794
IsPatterning ===>> OK
IsPatterning ===>> OK
IsPatterning ===>> OK
Get Checksum: 1550443794
IsPatterning ===>> OK
IsPatterning ===>> OK
IsPatterning ===>> OK
Get Checksum: 1550443794
IsPatterning ===>> OK
IsPatterning ===>> OK
IsPatterning ===>> OK
Get Checksum: 1550443794
IsPatterning ===>> OK
IsPatterning ===>> OK
IsPatterning ===>> OK
Get Checksum: 1550443794
IsPatterning ===>> OK
IsPatterning ===>> OK
IsPatterning ===>> False
Get Checksum: 1550443794
IsPatterning ===>> False
Block completed
COMPLETE INTERVAL waiting for Interval 1 to complete
Join finished
block finished. duration 30.0974810123
Interval 1 finished
end_extract () {}
ending extraction. set laser power to 0
set laser power 0
SetLaserPower 0 ===>> OK
disable () {}
%%%%%%%%%%%%%%%%%%%%%%%%%%%%%%%%%%% disable
set extraction state False (0.75, 'red', 1.5)
disabling laser
Disable ===>> OK
sleep (30.0,) {}
SLEEP 30.0
block started
WaitControl setup for 30.0  
Get Checksum: 1550443794
Get Checksum: 1550443794
Get Checksum: 1550443794
Get Checksum: 1550443794
Get Checksum: 1550443794
Get Checksum: 1550443794
Get Checksum: 1550443794
Get Checksum: 1550443794
set states for children of D. state=False
handle state [('D', False)]
update switch state D False args=() kw={'refresh': False} ncanvase=2
refresh_canvas_needed fired
Get Checksum: -1921872142
set states for children of B. state=False
handle state [('B', False)]
update switch state B False args=() kw={'refresh': False} ncanvase=2
refresh_canvas_needed fired
Join finished
block finished. duration 30.0635221004
executed 166.5
jan_co2.py completed successfully
GetAchievedOutput ===>> No Response
Requested Output= 0.000
Achieved Output=  0.000
GetResponseBlob ===>> No Response
GetOutputBlob ===>> No Response
persistence save...
persistence save - db
AutomatedRunPersister post_extraction_save deprecated
persistence save - dvc
no extraction position for 75
create new session 4983587952
close session 4983587952
Extraction Finished
20:33:18 -- ******* Extraction Finished *******
no overlap. not waiting for min ms pumptime
20:33:18 -- Sending spectrometer configuration
Get Checksum: 743130707
======== Sending configuration ========
SetDeflection CDD,50.0 ===>> OK
SetDeflection H2,0.0 ===>> OK
SetDeflection H1,0.0 ===>> OK
SetDeflection L2,825.0 ===>> OK
SetDeflection L1,400.0 ===>> OK
SetDeflection AX,190.0 ===>> OK
SetZFocus 74.64 ===>> OK
SetZSymmetry -50.72 ===>> OK
SetExtractionLens 26.13 ===>> OK
SetIonRepeller -3.81 ===>> OK
SetElectronEnergy 75.08 ===>> OK
SetYSymmetry -2.81 ===>> OK
SetIonCounterVoltage 1590.0 ===>> OK
send trap current 200.0
GetParameter Trap Current Readback ===>> 198.258926936459
SetParameter Trap Current Set,200.0 ===>> OK
updating mftable name mftable
Using mftable located at /Users/jan/PychronDev/setupfiles/spectrometer/mftables/mftable.csv
============ MFtable ===========
Isotope  H2     H1     AX     L1     L2     CDD    
Ar40     5.7836 5.8791 5.9926 6.1236 6.2308 6.3518
Ar39     5.6829 5.7714 5.8850 6.0096 6.1159 6.2383
Ar36     5.3604 5.4404 5.5484 5.6685 5.7709 5.8894
================================
get initial guess parabolic
get initial guess parabolic
get initial guess parabolic
get initial guess parabolic
get initial guess parabolic
get initial guess parabolic
======== Configuration Finished ========
GetYSymmetry ===>> -2.81
GetZSymmetry ===>> -50.72
GetParameter Trap Current Readback ===>> 198.147042666178
GetHighVoltage ===>> 4500
start measurement
do measurement
L#=65574 analysis type=unknown
Measurement Started jan_unknown120_60.py
20:33:19 -- ******* Measurement Started jan_unknown120_60.py *******
state changed from extraction to measurement
setting spec, defl, and gains
GetExtractionLens ===>> 26.13
GetYSymmetry ===>> -2.81
GetZSymmetry ===>> -50.72
GetZFocus ===>> 74.64
GetDeflection H2 ===>> 0
GetDeflection H1 ===>> 0
GetDeflection AX ===>> 190
GetDeflection L1 ===>> 400
GetDeflection L2 ===>> 825
GetDeflection CDD ===>> 50
GetGain H2 ===>> 0.0113
GetGain H1 ===>> 0.1
GetGain AX ===>> 0.097049
GetGain L1 ===>> 0.010355
GetGain L2 ===>> 0.095649
GetGain CDD ===>> 0
pre measurement save
New frame /Users/jan/PychronDev/data/isotopes/35/a62b95-2988-4bf5-bd29-6e8109e59042.h5
flush and close file /Users/jan/PychronDev/data/isotopes/35/a62b95-2988-4bf5-bd29-6e8109e59042.h5
testing...
no interpolation path defined
executed 226.132928
unknown measurement script
activate_detectors ('H2', 'H1', 'AX', 'L1', 'L2', 'CDD') {}
activate detectors
*************** Set Analysis View Ar/Ar
create graphs
clearing graphs
clear isotope group
setting isotope det=H2, iso=PM41
setting isotope det=H1, iso=Ar40
setting isotope det=AX, iso=Ar39
setting isotope det=L1, iso=Ar38
setting isotope det=L2, iso=Ar37
setting isotope det=CDD, iso=Ar36
setting previous blanks
 - setting Ar40 blank 0.985+/-0.008
 - setting Ar36 blank 0.00675+/-0.00020
 - setting Ar37 blank 0.054+/-0.004
 - setting Ar38 blank 0.0136+/-0.0022
 - setting PM41 blank 0.04+/-0.07
 - setting Ar39 blank 0.042+/-0.008
load analysis view
position_magnet ('Ar40',) {'detector': 'H1'}
detector Detector(H1)
POSITION Ar40 H1
setting detector H2 to PM41 (40.9624)
setting detector H1 to Ar40 (39.9624)
setting detector AX to Ar39 (38.9624)
setting detector L1 to Ar38 (37.9624)
setting detector L2 to Ar37 (36.9624)
setting detector CDD to Ar36 (35.9624)
Mapping mass to dac mass func: "parabolic"
H1 map mass coeffs = [-0.00063987  0.15840543  0.57074999]
H1 map mass to dac 39.9624 >> 5.87914
GetDeflection H1 ===>> 0
GetHighVoltage ===>> 4500
positioning Ar40 (5.87914) on H1
setting magnet DAC
current  : 5.879145
requested: 5.879140
Delta Dac: 0.000005
Checking detector protection. dv=0.00000
Checking detector "CDD". Protection Threshold: 0.1 (V)
SetMagnetDAC 5.87914 ===>> OK
Magnet settling time: 0.500
equilibrate () {'delay': 3, 'inlet': 'R', 'outlet': 'O', 'eqtime': 12.0}
Equilibration Started
20:33:21 -- ******* Equilibration Started *******
checking ownership. requestor=129.138.12.150
check software interlocks O
interlocks []
actuate state mode=None-script, software_lock=False
doing actuation None-script close_channel True
Close O ===>> OK
GetIndicatorState O ===>> False
change switch state (True, True)
update switch state O False args=() kw={} ncanvase=2
20:33:21 -- CLOSE  VALVE-O (Jan Ion Pump)
waiting 3s before opening inlet value ('R',)
Get Checksum: 187403569
checking ownership. requestor=129.138.12.150
check software interlocks R
interlocks []
actuate state mode=None-script, software_lock=False
doing actuation None-script open_channel True
Open R ===>> OK
set states for children of R. state=True
handle state [('R', True)]
update switch state R True args=() kw={'refresh': False} ncanvase=2
refresh_canvas_needed fired
GetIndicatorState R ===>> OK
change switch state (True, True)
update switch state R True args=() kw={} ncanvase=2
20:33:24 -- OPEN   VALVE-R (Jan Inlet)
equilibrating for 12.0sec
set_time_zero () {}
sniff (12.0,) {}
py_sniff
build tables- sniff [Detector(H2), Detector(H1), Detector(AX), Detector(L1), Detector(L2), Detector(CDD)]
add group /sniff/PM41 (Group) '' table H2
add group /sniff/Ar40 (Group) '' table H1
add group /sniff/Ar39 (Group) '' table AX
add group /sniff/Ar38 (Group) '' table L1
add group /sniff/Ar37 (Group) '' table L2
add group /sniff/Ar36 (Group) '' table CDD
flush and close file /Users/jan/PychronDev/data/isotopes/35/a62b95-2988-4bf5-bd29-6e8109e59042.h5
measuring sniff. ncounts=12.0
starting measurement
GetData ===>> H2,-0.134696054303976,H1,2.79218098897223,AX,0.754565572082351,L1,-0.0128059580990393,L2,0.093873...
Get Checksum: -643835901
GetData ===>> H2,0.69754134184326,H1,356.687779245489,AX,94.026371271409,L1,0.433675385613615,L2,0.940720360473...
GetData ===>> H2,0.635609568141121,H1,728.480244450899,AX,185.087593340865,L1,1.41849199786159,L2,1.28914616739...
GetData ===>> H2,0.257569284228394,H1,847.009160648556,AX,210.473637581011,L1,2.05059903760574,L2,1.29883172331...
Get Checksum: -643835901
GetData ===>> H2,0.0460715831458945,H1,887.58606619757,AX,218.315777798444,L1,2.43826884614074,L2,1.35410622818...
GetData ===>> H2,-0.0177400180091038,H1,903.038235452923,AX,221.53942430113,L1,2.65041034902547,L2,1.4314538015...
GetData ===>> H2,-0.0672490916754533,H1,909.744588591028,AX,222.538910235735,L1,2.79176132238323,L2,1.328594508...
Get Checksum: -643835901
GetData ===>> H2,-0.0945643613028363,H1,911.876488395825,AX,222.843465033675,L1,2.85444262298534,L2,1.337250743...
GetData ===>> H2,-0.106492429103822,H1,912.763016709523,AX,223.117727356019,L1,2.87235620730687,L2,1.4133265458...
GetData ===>> H2,-0.0661191108634778,H1,913.092920358466,AX,223.129352457202,L1,2.85632616789511,L2,1.411340676...
Get Checksum: -643835901
GetData ===>> H2,-0.0317330048644166,H1,913.361681577786,AX,223.052759774541,L1,2.91469661227248,L2,1.390279203...
Equilibration Finished
20:33:36 -- ******* Equilibration Finished *******
checking ownership. requestor=129.138.12.150
check software interlocks R
interlocks []
actuate state mode=None-script, software_lock=False
doing actuation None-script close_channel True
GetData ===>> H2,-4.32158886946024E-05,H1,913.019137542437,AX,222.876286742145,L1,2.97691297759579,L2,1.2961921...
Close R ===>> OK
GetIndicatorState R ===>> False
change switch state (True, True)
update switch state R False args=() kw={} ncanvase=2
20:33:37 -- CLOSE  VALVE-R (Jan Inlet)
Post Equilibration Started jan_pump_extraction_line.py
20:33:37 -- ******* Post Equilibration Started jan_pump_extraction_line.py *******
testing...
no interpolation path defined
calculate duration
testing...
no interpolation path defined
executed 4.0
executed 4.0
Pump after analysis
doing GOSUB
testing...
no interpolation path defined
executed 4.0
Pump Microbone
close () {'description': 'Jan Inlet'}
closing name=--- desc=Jan Inlet
checking ownership. requestor=129.138.12.150
check software interlocks R
interlocks []
actuate state mode=None-script, software_lock=False
doing actuation None-script close_channel False
Close R ===>> OK
Get Checksum: 187403569
measurement finished
estimated time: 12.583 actual time: :12.667
flush and close file /Users/jan/PychronDev/data/isotopes/35/a62b95-2988-4bf5-bd29-6e8109e59042.h5
set_fits () {}
using default fits file=/Users/jan/PychronDev/scripts/measurement/fits/nominal_linear.yaml
set "Ar40" to "('Linear', 'SEM')"
No fit for "PM41". defaulting to linear. check the measurement script "jan_unknown120_60.py"
set "PM41" to "linear"
set "Ar36" to "('Linear', 'SEM')"
set "Ar37" to "('linear', 'SEM')"
set "Ar38" to "('linear', 'SEM')"
set "Ar39" to "('Linear', 'SEM')"
set_baseline_fits () {}
GetIndicatorState R ===>> False
using default fits file=/Users/jan/PychronDev/scripts/measurement/fits/nominal_linear.yaml
change switch state (True, True)
update switch state R False args=() kw={} ncanvase=2
set "H1" to "('average', 'SEM')"
set "H2" to "('average', 'SEM')"
set "CDD" to "('average', 'SEM')"
set "L2" to "('average', 'SEM')"
set "L1" to "('average', 'SEM')"
20:33:37 -- CLOSE  VALVE-R (Jan Inlet)
set "AX" to "('average', 'SEM')"
---------------------------------------- close None (Jan Inlet) result=[(True, True)]
multicollect () {'integration_time': 1, 'ncounts': 120}
build tables- signal [Detector(H2), Detector(H1), Detector(AX), Detector(L1), Detector(L2), Detector(CDD)]
add group /signal/PM41 (Group) '' table H2
add group /signal/Ar40 (Group) '' table H1
add group /signal/Ar39 (Group) '' table AX
add group /signal/Ar38 (Group) '' table L1
add group /signal/Ar37 (Group) '' table L2
add group /signal/Ar36 (Group) '' table CDD
flush and close file /Users/jan/PychronDev/data/isotopes/35/a62b95-2988-4bf5-bd29-6e8109e59042.h5
measuring signal. ncounts=120
action=close, ok=True, locked=[False]
is_closed ('F',) {}
is F () closed?
is closed True
open () {'description': 'CO2 Laser to Jan'}
opening name=--- desc=CO2 Laser to Jan
checking ownership. requestor=129.138.12.150
check software interlocks A
interlocks []
actuate state mode=None-script, software_lock=False
doing actuation None-script open_channel False
Open A ===>> OK
GetIndicatorState A ===>> OK
change switch state (True, True)
update switch state A True args=() kw={} ncanvase=2
20:33:38 -- OPEN   VALVE-A (CO2 Laser to Jan)
---------------------------------------- open None (CO2 Laser to Jan) result=[(True, True)], time=0.12 sec
starting measurement
GetData ===>> H2,0.0148238967209756,H1,913.120278566064,AX,223.25786909963,L1,2.96454138157219,L2,1.37425949897...
action=open, ok=True, locked=[False]
sleep (1,) {}
SLEEP 1.0
close () {'description': 'CO2 Laser to Roughing'}
closing name=--- desc=CO2 Laser to Roughing
checking ownership. requestor=129.138.12.150
check software interlocks G
interlocks []
actuate state mode=None-script, software_lock=True
VALVE-G(CO2 Laser to Roughing) software locked
change switch state (True, False)
---------------------------------------- close None (CO2 Laser to Roughing) result=[(True, False)]
action=close, ok=True, locked=[True]
open () {'description': 'Microbone to Turbo'}
opening name=--- desc=Microbone to Turbo
GetData ===>> H2,0.0514564781130286,H1,913.159756874497,AX,223.032420943415,L1,2.98699489103661,L2,1.4265399336...
checking ownership. requestor=129.138.12.150
check software interlocks U
interlocks []
actuate state mode=None-script, software_lock=False
doing actuation None-script open_channel True
Open U ===>> OK
GetIndicatorState U ===>> OK
change switch state (True, True)
update switch state U True args=() kw={} ncanvase=2
20:33:39 -- OPEN   VALVE-U (Microbone to Turbo)
---------------------------------------- open None (Microbone to Turbo) result=[(True, True)], time=0.20 sec
action=open, ok=True, locked=[False]
open () {'description': 'Microbone to Getter NP-10'}
opening name=--- desc=Microbone to Getter NP-10
checking ownership. requestor=129.138.12.150
check software interlocks M
interlocks []
actuate state mode=None-script, software_lock=False
doing actuation None-script open_channel False
Open M ===>> OK
GetIndicatorState M ===>> OK
change switch state (True, True)
update switch state M True args=() kw={} ncanvase=2
20:33:40 -- OPEN   VALVE-M (Microbone to Getter NP-10)
---------------------------------------- open None (Microbone to Getter NP-10) result=[(True, True)], time=0.16 sec
action=open, ok=True, locked=[False]
open () {'description': 'Microbone to Getter D-50'}
opening name=--- desc=Microbone to Getter D-50
checking ownership. requestor=129.138.12.150
check software interlocks K
interlocks []
actuate state mode=None-script, software_lock=False
doing actuation None-script open_channel False
GetData ===>> H2,0.0221097992955546,H1,912.632329924748,AX,222.911303912066,L1,2.96133209451923,L2,1.4100320910...
Open K ===>> OK
GetIndicatorState K ===>> OK
change switch state (True, True)
update switch state K True args=() kw={} ncanvase=2
20:33:40 -- OPEN   VALVE-K (Microbone to Getter D-50)
---------------------------------------- open None (Microbone to Getter D-50) result=[(True, True)], time=0.43 sec
Get Checksum: -1131948088
action=open, ok=True, locked=[False]
open () {'description': 'Microbone to CO2 Laser'}
opening name=--- desc=Microbone to CO2 Laser
checking ownership. requestor=129.138.12.150
check software interlocks T
interlocks []
actuate state mode=None-script, software_lock=False
doing actuation None-script open_channel False
Open T ===>> OK
GetIndicatorState T ===>> OK
change switch state (True, True)
update switch state T True args=() kw={} ncanvase=2
20:33:41 -- OPEN   VALVE-T (Microbone to CO2 Laser)
---------------------------------------- open None (Microbone to CO2 Laser) result=[(True, True)], time=0.42 sec
GetData ===>> H2,-0.0751883489745189,H1,912.422051369492,AX,222.56964744665,L1,2.91137074220558,L2,1.3771740607...
action=open, ok=True, locked=[False]
open () {'description': 'Microbone to Inlet Pipette'}
opening name=--- desc=Microbone to Inlet Pipette
checking ownership. requestor=129.138.12.150
check software interlocks S
interlocks []
actuate state mode=None-script, software_lock=False
doing actuation None-script open_channel False
Open S ===>> OK
GetIndicatorState S ===>> OK
change switch state (True, True)
update switch state S True args=() kw={} ncanvase=2
20:33:42 -- OPEN   VALVE-S (Microbone to Inlet Pipette)
---------------------------------------- open None (Microbone to Inlet Pipette) result=[(True, True)], time=0.48 sec
action=open, ok=True, locked=[False]
sleep (1,) {}
SLEEP 1.0
GetData ===>> H2,-0.0453089248937459,H1,912.095049040182,AX,222.658690895226,L1,2.97075131639074,L2,1.361351574...
set_resource () {'name': 'CO2PumpTimeFlag', 'value': 30}
Set CO2PumpTimeFlag 30 ===>> OK
release ('JanCO2Flag',) {}
release JanCO2Flag
Set JanCO2Flag 0 ===>> OK
executed 6.0
PumpMicrobone.py completed successfully
gosub finished
get_resource_value () {'name': 'JanMiniboneFlag'}
Read JanMiniboneFlag ===>> 0
Get Resource Value JanMiniboneFlag=0.0
get resource value 0.0
get_resource_value () {'name': 'JanMiniboneFlag'}
Read JanMiniboneFlag ===>> 0
Get Resource Value JanMiniboneFlag=0.0
executed 4.0
jan_pump_extraction_line.py completed successfully
Post Equilibration Finished
20:33:43 -- ******* Post Equilibration Finished *******
GetData ===>> H2,-0.0579320242375739,H1,910.754295435647,AX,222.333924253529,L1,3.02325076924122,L2,1.326206718...
Get Checksum: -1131948088
GetData ===>> H2,-0.125761702722758,H1,910.91448838295,AX,222.531226293223,L1,3.00205107046138,L2,1.39528303852...
GetData ===>> H2,-0.0705746265508062,H1,910.796938559724,AX,222.438369952277,L1,2.95149638793939,L2,1.401262732...
Get Checksum: -1131948088
GetData ===>> H2,-0.165893907038235,H1,910.408728449085,AX,222.36468611009,L1,2.9435649804105,L2,1.458978390064...
GetData ===>> H2,-0.199224982896428,H1,910.700797512345,AX,222.033392403211,L1,2.93832905559387,L2,1.3461373956...
GetData ===>> H2,-0.120049218873478,H1,910.056190638484,AX,222.025124379444,L1,2.92868038424935,L2,1.3435999087...
Get Checksum: -1131948088
GetData ===>> H2,-0.140114641994597,H1,909.480089606,AX,222.17606126403,L1,2.89792333145228,L2,1.36752421516012...
GetData ===>> H2,-0.126681057470797,H1,908.774306636283,AX,222.274556063653,L1,2.94433124481931,L2,1.4158519881...
GetData ===>> H2,-0.145433371820796,H1,908.56331126232,AX,221.88707105394,L1,2.96632194976205,L2,1.421144152408...
Get Checksum: -1131948088
GetData ===>> H2,-0.0164412172026625,H1,908.407885862782,AX,221.812367277974,L1,2.9733284876225,L2,1.3698878216...
GetData ===>> H2,-0.0995640044822794,H1,908.243069697864,AX,221.819116816969,L1,2.95191727485062,L2,1.300931919...
GetData ===>> H2,-0.207555196797388,H1,907.912753810389,AX,221.678293374116,L1,2.90788149153123,L2,1.3005417152...
Get Checksum: -1131948088
GetData ===>> H2,-0.174068669323248,H1,907.058253302966,AX,221.691492248363,L1,2.87829148513752,L2,1.4025023315...
GetData ===>> H2,-0.164857188642,H1,906.786547283521,AX,221.346347658925,L1,2.94006722374705,L2,1.2913953328739...
GetData ===>> H2,-0.114699273687967,H1,905.990800390433,AX,221.072041884828,L1,2.96081037706688,L2,1.3232335438...
Get Checksum: -1131948088
GetData ===>> H2,-0.134835336842085,H1,905.284573658709,AX,221.24223159965,L1,2.98590732446085,L2,1.34183174468...
GetData ===>> H2,-0.0686746336758075,H1,905.475042376839,AX,221.180661753984,L1,2.95512944987398,L2,1.330488711...
GetData ===>> H2,-0.0395897187268522,H1,905.577127644738,AX,221.150503148171,L1,2.92528893790748,L2,1.352337871...
Get Checksum: -1131948088
GetData ===>> H2,-0.14634795279647,H1,905.315713151617,AX,221.111826245013,L1,2.91541629095329,L2,1.37692161491...
20:34:03 -- collecting point 25
GetData ===>> H2,-0.191509861125206,H1,904.993120339701,AX,221.102238657424,L1,2.89859316373863,L2,1.3754184283...
GetData ===>> H2,-0.161749164858575,H1,904.477661192648,AX,220.925049572899,L1,2.87872622846682,L2,1.3476645128...
set states for children of C. state=False
set states for children of B. state=True
handle state [('C', False), ('B', True)]
update switch state C False args=() kw={'refresh': True} ncanvase=2
update switch state B True args=() kw={'refresh': False} ncanvase=2
refresh_canvas_needed fired
Get Checksum: -286040778
GetData ===>> H2,-0.174626264098858,H1,904.132412639099,AX,220.679055204485,L1,2.84955780313871,L2,1.4693150592...
GetData ===>> H2,-0.180435497446246,H1,903.738317351154,AX,220.798579656584,L1,2.86678922412085,L2,1.3290881456...
GetData ===>> H2,-0.175617175931597,H1,903.725815918153,AX,220.633558282267,L1,2.90980563587174,L2,1.4192729201...
Get Checksum: -286040778
GetData ===>> H2,-0.0623553459228121,H1,903.372580198134,AX,220.6085367485,L1,2.86891616735075,L2,1.33311769603...
GetData ===>> H2,-0.139965962798374,H1,903.184216241372,AX,220.701025685249,L1,2.89561490468456,L2,1.2826628976...
GetData ===>> H2,-0.184268445063405,H1,902.76409680689,AX,220.668534083513,L1,2.87333629742329,L2,1.31723007661...
Get Checksum: -286040778
GetData ===>> H2,-0.141451315608,H1,901.826300077942,AX,220.25326480492,L1,2.8799414025946,L2,1.36480499210438,...
GetData ===>> H2,-0.0859744163278159,H1,901.466184274459,AX,220.252399343707,L1,2.90903002597077,L2,1.374225075...
Get Checksum: -286040778
GetData ===>> H2,-0.173739113176212,H1,901.438934668327,AX,220.010412759839,L1,2.90409742047701,L2,1.3091380409...
GetData ===>> H2,-0.153430806481656,H1,901.265145333498,AX,220.053560209467,L1,2.9117139956948,L2,1.29685781060...
GetData ===>> H2,-0.101552687558681,H1,900.529911866863,AX,219.96040656127,L1,2.91690798181753,L2,1.33944362657...
Get Checksum: -286040778
GetData ===>> H2,-0.161855840096869,H1,900.352338155242,AX,219.761347433729,L1,2.93346660103056,L2,1.3333473051...
GetData ===>> H2,-0.0846025076489102,H1,899.921774163315,AX,219.669846831692,L1,2.88322548326048,L2,1.338479211...
GetData ===>> H2,-0.124654322183339,H1,899.620459125457,AX,219.702071179081,L1,2.87506365243517,L2,1.3759462621...
Get Checksum: -286040778
GetData ===>> H2,-0.20219383062725,H1,899.40825502387,AX,219.692983652639,L1,2.8974045127205,L2,1.3136947490227...
GetData ===>> H2,-0.133345060187279,H1,898.784870659892,AX,219.790741083044,L1,2.88815747926927,L2,1.3065441422...
GetData ===>> H2,-0.179686565234205,H1,898.645956676682,AX,219.64656446452,L1,2.87350627958831,L2,1.32572457599...
Get Checksum: -286040778
GetData ===>> H2,-0.0667119239125522,H1,898.762665642468,AX,219.765052762729,L1,2.85990369787512,L2,1.377851077...
GetData ===>> H2,-0.233305204638608,H1,898.168557221308,AX,219.481430015978,L1,2.85641932575987,L2,1.4412248768...
set states for children of B. state=False
handle state [('B', False)]
update switch state B False args=() kw={'refresh': False} ncanvase=2
refresh_canvas_needed fired
GetData ===>> H2,-0.111858204916833,H1,897.729724487723,AX,219.274935245142,L1,2.87878520122428,L2,1.2678161332...
Get Checksum: 1334048640
GetData ===>> H2,-0.165291865976264,H1,897.496423934707,AX,219.032620261774,L1,2.85547682217445,L2,1.3681323219...
GetData ===>> H2,-0.0696348410357307,H1,897.236662173284,AX,218.902692676992,L1,2.82066568652659,L2,1.389292239...
GetData ===>> H2,-0.0821562262178854,H1,896.74811779391,AX,219.084831750264,L1,2.86681116350083,L2,1.3597568490...
Get Checksum: 1334048640
20:34:29 -- collecting point 50
GetData ===>> H2,-0.196182521446115,H1,896.34820926526,AX,219.166034713672,L1,2.886413062242,L2,1.3354826958487...
GetData ===>> H2,-0.263487011938676,H1,895.760368711223,AX,219.029646937531,L1,2.88569807859981,L2,1.2380721252...
GetData ===>> H2,-0.248995745209182,H1,895.745344351198,AX,218.891061155052,L1,2.83802100286344,L2,1.3576229408...
Get Checksum: 1334048640
GetData ===>> H2,-0.215437637296278,H1,895.402001833632,AX,218.693973670641,L1,2.82725481575833,L2,1.3355745416...
GetData ===>> H2,-0.181307165170359,H1,895.056425682957,AX,218.522255191316,L1,2.83165437453466,L2,1.3667554818...
GetData ===>> H2,-0.107615413113318,H1,894.986072378338,AX,218.617114987487,L1,2.86432953647692,L2,1.3509255056...
Get Checksum: 1334048640
GetData ===>> H2,-0.106031026388864,H1,893.848654743107,AX,218.575023581791,L1,2.87214375122846,L2,1.3254261079...
GetData ===>> H2,-0.145962946161381,H1,893.464840554099,AX,218.449534907863,L1,2.798286231667,L2,1.336401158033...
Get Checksum: 1334048640
GetData ===>> H2,-0.164575044428888,H1,893.158888904782,AX,218.239830572331,L1,2.87545028644976,L2,1.4133380249...
GetData ===>> H2,-0.151075038727504,H1,892.822736043461,AX,218.313833863819,L1,2.88674106383634,L2,1.3483304812...
GetData ===>> H2,-0.141847286747167,H1,892.984724164315,AX,218.405760164378,L1,2.87254125289401,L2,1.3019418655...
Get Checksum: 1334048640
GetData ===>> H2,-0.208390575519509,H1,892.727437894699,AX,218.358745886507,L1,2.82924803654636,L2,1.3854248141...
GetData ===>> H2,-0.120353578503963,H1,892.33053284582,AX,218.163114404234,L1,2.84115497519767,L2,1.29372488106...
GetData ===>> H2,0.0605751559338181,H1,891.99989861345,AX,218.103309421612,L1,2.85360437349219,L2,1.36887811855...
Get Checksum: 1334048640
GetData ===>> H2,-0.0351264338837711,H1,891.687064547452,AX,218.142500871373,L1,2.83784988438247,L2,1.310090685...
GetData ===>> H2,-0.116963227851373,H1,891.477603229833,AX,218.018641139906,L1,2.85143233157308,L2,1.2865872317...
GetData ===>> H2,-0.127501653879918,H1,890.48344362462,AX,217.775174608675,L1,2.83502474445394,L2,1.33663077494...
Get Checksum: 1334048640
GetData ===>> H2,-0.16542550565598,H1,890.514515512084,AX,217.664381345572,L1,2.80738850347502,L2,1.35589060925...
GetData ===>> H2,-0.179099529681324,H1,890.092987037693,AX,217.653937931862,L1,2.82244978350609,L2,1.4367697866...
GetData ===>> H2,-0.171279806071509,H1,889.942752248086,AX,217.523082156727,L1,2.86576497589447,L2,1.3582539302...
Get Checksum: 1334048640
GetData ===>> H2,-0.153814574075526,H1,889.794065468663,AX,217.591583332888,L1,2.85134879969402,L2,1.3221544991...
GetData ===>> H2,-0.105234013919599,H1,889.218383827945,AX,217.334084139392,L1,2.85388241352733,L2,1.3005990980...
GetData ===>> H2,-0.0471349966979957,H1,889.076740676474,AX,217.287629327779,L1,2.84792009426628,L2,1.317539997...
GetData ===>> H2,-0.189371630713109,H1,888.538297678338,AX,217.246707685011,L1,2.81878474955529,L2,1.3163117972...
GetData ===>> H2,-0.19394015833204,H1,887.815092991141,AX,217.190235915689,L1,2.84088522006162,L2,1.34775637025...
Get Checksum: 1334048640
20:34:56 -- collecting point 75
GetData ===>> H2,-0.165843963144555,H1,887.414416564617,AX,217.140622643483,L1,2.86818382916151,L2,1.3383758813...
GetData ===>> H2,-0.146693772174004,H1,887.173428003263,AX,217.003982332891,L1,2.86069169873237,L2,1.3249554485...
GetData ===>> H2,-0.157293564191466,H1,886.929106594439,AX,216.998807045193,L1,2.82679489085514,L2,1.4431883969...
Get Checksum: 1334048640
GetData ===>> H2,-0.278422579118225,H1,887.402490157726,AX,216.846440764453,L1,2.81560358966169,L2,1.2632730677...
GetData ===>> H2,-0.284160800577809,H1,886.72302883003,AX,216.75139385752,L1,2.84903544053503,L2,1.400700326980...
Get Checksum: 1334048640
GetData ===>> H2,-0.118009122367451,H1,885.631765812333,AX,216.621319164041,L1,2.79977179571717,L2,1.2887330610...
GetData ===>> H2,-0.0987299806964055,H1,885.720943896826,AX,216.794234215632,L1,2.80422143889121,L2,1.358598108...
GetData ===>> H2,-0.218335700079443,H1,885.575527639012,AX,216.509045614355,L1,2.84398162300509,L2,1.2792206309...
Get Checksum: 1334048640
GetData ===>> H2,-0.175256731660028,H1,885.45093518662,AX,216.340793286703,L1,2.79113853521522,L2,1.39093336001...
GetData ===>> H2,-0.116733199315633,H1,884.633042778597,AX,216.191919274304,L1,2.84338446311987,L2,1.3399602817...
GetData ===>> H2,-0.0610239197972043,H1,884.869423748792,AX,216.050950504714,L1,2.90606278468378,L2,1.363760922...
Get Checksum: 1334048640
GetData ===>> H2,0.040375221767856,H1,884.560567008144,AX,215.782992293762,L1,2.90710259930424,L2,1.34261248844...
GetData ===>> H2,-0.0781402580230138,H1,884.247524611086,AX,216.024097346551,L1,2.85233478844152,L2,1.280930274...
GetData ===>> H2,-0.147469125727928,H1,883.831836998535,AX,215.939081427638,L1,2.83196085532399,L2,1.3017467614...
Get Checksum: 1334048640
GetData ===>> H2,-0.155746727605669,H1,883.299724613268,AX,215.982049956625,L1,2.81198995367389,L2,1.3571640420...
GetData ===>> H2,-0.183320110343572,H1,882.417588447629,AX,215.91804089509,L1,2.841624665496,L2,1.3199734884207...
GetData ===>> H2,-0.139905138929125,H1,882.692056528806,AX,215.874539835301,L1,2.8318158232169,L2,1.25004662537...
Get Checksum: 1334048640
GetData ===>> H2,-0.0637381287443933,H1,882.33610688709,AX,215.675228110123,L1,2.82511686870106,L2,1.2989120578...
GetData ===>> H2,-0.101677222501229,H1,882.134483432922,AX,215.45842840471,L1,2.86043130986741,L2,1.28724130303...
GetData ===>> H2,-0.115539682335379,H1,881.312496465918,AX,215.797154783206,L1,2.85233615792914,L2,1.2895707507...
Get Checksum: 1334048640
GetData ===>> H2,-0.15879426674679,H1,880.857948618396,AX,215.561849555942,L1,2.80635870132823,L2,1.23635177345...
GetData ===>> H2,-0.12858712930846,H1,880.833721807973,AX,215.359410137214,L1,2.8415260700221,L2,1.363955967718...
GetData ===>> H2,-0.0610239197972043,H1,880.306817778677,AX,215.508957872988,L1,2.83053113762341,L2,1.320329334...
Get Checksum: 1334048640
GetData ===>> H2,-0.0642871282712387,H1,879.767835056511,AX,215.277940975834,L1,2.84221625610531,L2,1.364414898...
GetData ===>> H2,-0.0879159801665169,H1,879.41138710146,AX,215.316352159185,L1,2.79636908612175,L2,1.3245192297...
20:35:22 -- collecting point 100
GetData ===>> H2,-0.0945697792246845,H1,879.41968723021,AX,214.964662252165,L1,2.79896133995949,L2,1.2877117780...
Get Checksum: 1334048640
GetData ===>> H2,0.000825426621323434,H1,879.27902740084,AX,214.857179339569,L1,2.81162769575402,L2,1.352659388...
GetData ===>> H2,-0.112907276869747,H1,878.855976207559,AX,214.867551393472,L1,2.81123537648991,L2,1.3500069049...
Get Checksum: 1334048640
GetData ===>> H2,-0.235069214229888,H1,878.741204308279,AX,214.973058087414,L1,2.80833496358018,L2,1.3488701486...
GetData ===>> H2,-0.119140149530789,H1,878.411423667318,AX,214.917393389031,L1,2.7947487126571,L2,1.38187885443...
GetData ===>> H2,-0.0549491765873046,H1,877.533700627687,AX,214.619802779177,L1,2.83361654028187,L2,1.385780564...
set states for children of V. state=False
handle state [('V', False)]
update switch state V False args=() kw={'refresh': False} ncanvase=2
refresh_canvas_needed fired
Get Checksum: 1459125137
GetData ===>> H2,-0.128996690195035,H1,877.600184266449,AX,214.635289079812,L1,2.85113381059998,L2,1.3288011470...
GetData ===>> H2,-0.173843193423292,H1,876.749785750142,AX,214.577561823377,L1,2.828469051253,L2,1.292772398888...
set states for children of H. state=True
handle state [('H', True)]
update switch state H True args=() kw={'refresh': False} ncanvase=2
refresh_canvas_needed fired
GetData ===>> H2,-0.228869070901445,H1,876.866227139597,AX,214.573415064487,L1,2.8272069060548,L2,1.33370320028...
Get Checksum: 1032510184
GetData ===>> H2,-0.142932420072772,H1,876.832139429602,AX,214.312016535723,L1,2.77487859645924,L2,1.3831641063...
GetData ===>> H2,-0.0854814691825592,H1,876.60399624735,AX,214.299952590473,L1,2.75028324792105,L2,1.2116165139...
GetData ===>> H2,-0.116204115997966,H1,875.743196416129,AX,214.405249450674,L1,2.77876940103108,L2,1.3005417152...
Get Checksum: 1032510184
GetData ===>> H2,-0.111940780545474,H1,875.425315981326,AX,213.980462215244,L1,2.80314543760999,L2,1.3424976727...
GetData ===>> H2,-0.0594740087097571,H1,875.0251768228,AX,214.070928836635,L1,2.81755512536518,L2,1.42701064379...
GetData ===>> H2,-0.171928748066393,H1,874.473540794833,AX,214.043848292631,L1,2.83131780237523,L2,1.3432784219...
Get Checksum: 1032510184
GetData ===>> H2,-0.20706741488024,H1,874.107415126579,AX,213.979755925331,L1,2.81453428334484,L2,1.28523320369...
GetData ===>> H2,-0.157122004078808,H1,874.314590143739,AX,213.971012745479,L1,2.83210588926237,L2,1.3149917859...
GetData ===>> H2,-0.145384736202679,H1,874.341552063126,AX,213.790146493255,L1,2.81944406838078,L2,1.3114680183...
Get Checksum: 1032510184
GetData ===>> H2,-0.216514782630236,H1,873.586590160167,AX,213.539964462477,L1,2.80216796357876,L2,1.3580703692...
GetData ===>> H2,-0.153549721773111,H1,873.201235863317,AX,213.363740435316,L1,2.81225516106151,L2,1.3907841660...
GetData ===>> H2,-0.165322913719182,H1,872.961067968815,AX,213.334054653157,L1,2.83268467500711,L2,1.3120419131...
Get Checksum: 1032510184
measurement finished
estimated time: 125.829 actual time: :126.195
flush and close file /Users/jan/PychronDev/data/isotopes/35/a62b95-2988-4bf5-bd29-6e8109e59042.h5
baselines () {'settling_time': 15.0, 'detector': 'H1', 'mass': 34.2, 'ncounts': 60}
%%%%%%%%%%%%%%%%%%%%%%%%%%%%%%%% Baseline
build tables- baseline [Detector(H2), Detector(H1), Detector(AX), Detector(L1), Detector(L2), Detector(CDD)]
add group baseline table H2
add group baseline table H1
add group baseline table AX
add group baseline table L1
add group baseline table L2
add group baseline table CDD
flush and close file /Users/jan/PychronDev/data/isotopes/35/a62b95-2988-4bf5-bd29-6e8109e59042.h5
detector Detector(H1)
POSITION 34.2 H1
Mapping mass to dac mass func: "parabolic"
H1 map mass coeffs = [-0.00063987  0.15840543  0.57074999]
H1 map mass to dac 34.2 >> 5.23979599104
GetDeflection H1 ===>> 0
GetHighVoltage ===>> 4500
positioning 34.2 (5.23979599104) on H1
setting magnet DAC
current  : 5.879140
requested: 5.239796
Delta Dac: 0.639344
Checking detector protection. dv=0.63934
Checking detector "CDD". Protection Threshold: 0.1 (V)
ProtectDetector CDD,On ===>> OK
GetDeflection CDD ===>> 2000
SetMagnetDAC 5.23979599104 ===>> OK
Magnet settling time: 0.500
GetMagnetMoving ===>> True
GetMagnetMoving ===>> True
GetMagnetMoving ===>> True
GetMagnetMoving ===>> True
GetMagnetMoving ===>> True
GetMagnetMoving ===>> True
GetMagnetMoving ===>> True
Get Checksum: 1032510184
GetMagnetMoving ===>> True
GetMagnetMoving ===>> False
ProtectDetector CDD,Off ===>> OK
GetDeflection CDD ===>> 50
Delaying 15.0s for detectors to settle
Get Checksum: 1032510184
Get Checksum: 1032510184
Get Checksum: 1459125137
State checksums do not match. Local:1032510184 Remote:1459125137
State checksum failed
set states for children of H. state=False
handle state [('H', False)]
update switch state H False args=() kw={'refresh': False} ncanvase=2
refresh_canvas_needed fired
set states for children of C. state=True
set states for children of B. state=True
set states for children of D. state=True
handle state [('C', True), ('B', True), ('D', True)]
update switch state C True args=() kw={'refresh': True} ncanvase=2
update switch state B True args=() kw={'refresh': True} ncanvase=2
update switch state D True args=() kw={'refresh': False} ncanvase=2
refresh_canvas_needed fired
Get Checksum: 799532470
Get Checksum: 799532470
Join finished
measuring baseline. ncounts=60
starting measurement
GetData ===>> H2,-0.21282917401594,H1,-0.0656121411050091,AX,-0.0467627063448904,L1,-0.0746059374257002,L2,0.02...
GetData ===>> H2,-0.19048798299044,H1,-0.0541079408239884,AX,-0.0147894665246061,L1,-0.0617433153647847,L2,-0.0...
GetData ===>> H2,-0.200505916488044,H1,-0.0638836151301668,AX,-0.113794700057807,L1,-0.0267679527292876,L2,0.00...
Get Checksum: 799532470
GetData ===>> H2,-0.177262654043719,H1,-0.0666492423582852,AX,-0.242606179305616,L1,-0.0116336254458438,L2,-0.1...
GetData ===>> H2,-0.190795365008113,H1,-0.00177992900829409,AX,-0.190793667801776,L1,-0.0337435387527088,L2,-0....
Get Checksum: 799532470
GetData ===>> H2,-0.204523062073811,H1,0.0496206878837004,AX,-0.0591340068291499,L1,-0.0242323548274601,L2,-0.0...
GetData ===>> H2,-0.155280608819312,H1,-0.0268740762099593,AX,-0.0246713280658488,L1,-0.0389005882755005,L2,-0....
GetData ===>> H2,-0.184696046540182,H1,-0.0234037301597877,AX,-0.0817739352921751,L1,-0.019487775905714,L2,-0.0...
Get Checksum: 799532470
GetData ===>> H2,-0.148186348099691,H1,-0.0412788998514156,AX,-0.0165061060272453,L1,0.00883852857183356,L2,-0....
GetData ===>> H2,-0.108778869806816,H1,0.00436337068119315,AX,0.00329508220309559,L1,-0.00994201323465765,L2,0....
GetData ===>> H2,-0.0942555354879633,H1,-0.0394187908608899,AX,-0.191489009477293,L1,-0.0313246700107664,L2,-0....
Get Checksum: 799532470
GetData ===>> H2,-0.143122949580383,H1,-0.0252999135316621,AX,-0.21327386366852,L1,-0.0368831606673538,L2,0.007...
GetData ===>> H2,-0.237653508833831,H1,-0.00479776143629247,AX,-0.0461597536637463,L1,-0.0885604321690328,L2,-0...
GetData ===>> H2,-0.179384279462968,H1,-0.0193846567039245,AX,-0.0966904561273874,L1,-0.0765133364722972,L2,0.0...
Get Checksum: 799532470
GetData ===>> H2,-0.202348858035336,H1,0.0111154708670959,AX,-0.0630642032745984,L1,-0.0273130946764622,L2,0.05...
GetData ===>> H2,-0.312676296259399,H1,0.0283079444633795,AX,-0.0881835674973105,L1,-0.0516068198633934,L2,-0.0...
GetData ===>> H2,-0.284703537661986,H1,0.0302528723357788,AX,-0.0528152166725855,L1,-0.0253432554635332,L2,-0.0...
Get Checksum: 799532470
GetData ===>> H2,-0.19267048413407,H1,-0.00825682503398078,AX,-0.0780879157830666,L1,-0.0458063726617335,L2,-0....
GetData ===>> H2,-0.153141620908586,H1,-0.00121929399063951,AX,-0.13905789278214,L1,-0.0457896138880569,L2,0.03...
GetData ===>> H2,-0.235277755507107,H1,0.0810199015566894,AX,-0.0291131995252314,L1,-0.0386610099859386,L2,0.00...
Get Checksum: 799532470
GetData ===>> H2,-0.313588361358667,H1,-0.00977161869768466,AX,0.0354820568419853,L1,0.0115677826496567,L2,-0.0...
GetData ===>> H2,-0.346868436910116,H1,-0.0294022250629798,AX,-0.0792586478033593,L1,-0.00736028800915391,L2,0....
GetData ===>> H2,-0.280838091707089,H1,-0.0110001353063048,AX,-0.0688838486352333,L1,0.0125881422245081,L2,-0.0...
Get Checksum: 799532470
GetData ===>> H2,-0.261697179640946,H1,-0.0475743968352703,AX,0.00827211267708986,L1,-0.0416888595174731,L2,0.0...
20:36:28 -- collecting point 25
GetData ===>> H2,-0.33219918030677,H1,-0.147459985916209,AX,-0.0336012553857816,L1,-0.0411643211704671,L2,-0.04...
GetData ===>> H2,-0.278084178047175,H1,-0.0724901866046011,AX,-0.0796991175898002,L1,-0.0234533329750655,L2,-0....
Get Checksum: 799532470
GetData ===>> H2,-0.185753515213499,H1,-0.0724305868543994,AX,-0.068234662416334,L1,-0.0587771716028627,L2,-0.0...
GetData ===>> H2,-0.202990514102051,H1,0.0444770517147532,AX,-0.115683398994137,L1,0.0108139833532563,L2,-0.015...
Get Checksum: 799532470
GetData ===>> H2,-0.157126056709848,H1,0.0572351866266143,AX,-0.209774710790638,L1,0.0504475652631689,L2,0.0012...
GetData ===>> H2,-0.200667708309123,H1,-0.0206726859478089,AX,-0.0974785226062827,L1,0.00270312625471314,L2,-0....
GetData ===>> H2,-0.24002733297676,H1,-0.0197066655688303,AX,0.0707021135714797,L1,-0.0291064630590333,L2,-0.06...
GetData ===>> H2,-0.312406686395176,H1,0.00980318959247235,AX,-0.11654083303489,L1,-0.0177214730366583,L2,-0.05...
GetData ===>> H2,-0.287821082778081,H1,0.0356821654249774,AX,-0.0572789917142454,L1,-0.0148993016668187,L2,0.02...
Get Checksum: 799532470
GetData ===>> H2,-0.322021461536547,H1,0.0322932974027747,AX,-0.0605716192213492,L1,-0.0219166853131731,L2,-0.0...
GetData ===>> H2,-0.323971302815132,H1,-0.0155085427837818,AX,-0.0160305535212831,L1,-0.0361870302230204,L2,-0....
GetData ===>> H2,-0.24705061520351,H1,-0.0141250319269702,AX,-0.0264689767053907,L1,-0.0146869771192854,L2,0.00...
Get Checksum: 799532470
GetData ===>> H2,-0.199838500766511,H1,-0.0500662549892226,AX,-0.0789456812170483,L1,-0.032221635268197,L2,0.05...
GetData ===>> H2,-0.101042350765001,H1,0.00633169207839863,AX,-0.14015943394114,L1,-0.0654416908485384,L2,-0.02...
GetData ===>> H2,-0.180587976673962,H1,0.0315296246719889,AX,-0.0525949211738584,L1,-0.0300263836452137,L2,-0.0...
Get Checksum: 799532470
GetData ===>> H2,-0.19049337572936,H1,-0.0410881210332057,AX,-0.0794904742553114,L1,-0.04374962294267,L2,0.0674...
GetData ===>> H2,-0.274734533930433,H1,0.0516137687526676,AX,0.0213945947046978,L1,-0.0367118283868111,L2,-0.04...
GetData ===>> H2,-0.200310414950309,H1,0.0164602123116754,AX,-0.0393182981177803,L1,0.0245196076648527,L2,-0.04...
Get Checksum: 799532470
GetData ===>> H2,-0.213016378570698,H1,0.0429375925006472,AX,-0.0870477140924504,L1,0.0345968861840924,L2,-0.01...
GetData ===>> H2,-0.321784241295943,H1,0.0108291534854256,AX,-0.115451658766854,L1,0.0353240800929672,L2,-0.131...
GetData ===>> H2,-0.184999539365646,H1,0.0390950146424764,AX,-0.0128640105179224,L1,0.0130287294148297,L2,0.068...
Get Checksum: 799532470
GetData ===>> H2,-0.228539252321858,H1,-0.00292504609598048,AX,-0.0607571160475464,L1,0.0239523241312008,L2,-0....
GetData ===>> H2,-0.176871216609,H1,-0.013588319980795,AX,-0.0581369406002023,L1,0.00332139357557762,L2,-0.0220...
GetData ===>> H2,-0.076538352856226,H1,0.0276516889828439,AX,-0.106900058350137,L1,0.0110516401016285,L2,-0.062...
Get Checksum: 799532470
GetData ===>> H2,-0.0635510561895587,H1,0.0259693082192538,AX,0.00871298079199996,L1,-0.0144551437981193,L2,-0....
20:36:54 -- collecting point 50
GetData ===>> H2,-0.123260140068164,H1,-0.0412431288506763,AX,-0.0629482705483357,L1,-0.0297832357352816,L2,-0....
GetData ===>> H2,-0.172445446602375,H1,-0.00132664987539928,AX,-0.106865294212711,L1,-0.0361151379298546,L2,-0....
Get Checksum: 799532470
GetData ===>> H2,-0.230901617803243,H1,0.00515069459570152,AX,-0.0897250616232528,L1,-0.0140632469689974,L2,-0....
GetData ===>> H2,-0.215588443821513,H1,0.004780890167644,AX,-0.0545659684314727,L1,-0.0124991030324584,L2,-0.06...
Get Checksum: 799532470
GetData ===>> H2,-0.211035085419318,H1,-0.0164388238143463,AX,-0.0601658436813607,L1,-0.00987487038499513,L2,-0...
GetData ===>> H2,-0.266030747733023,H1,-0.00653923598188373,AX,-0.0215978518684584,L1,-0.00156728396196124,L2,0...
GetData ===>> H2,-0.183979771211937,H1,-0.0193608041542113,AX,-0.1261458951515,L1,-0.0132949890237214,L2,0.0243...
Get Checksum: 799532470
GetData ===>> H2,-0.137094720516322,H1,0.0285704478600437,AX,0.0315712472201372,L1,-0.0205548418988353,L2,0.043...
GetData ===>> H2,-0.150499790166722,H1,-0.0111432624742001,AX,-0.0385993375746676,L1,-0.0233754274712885,L2,0.0...
GetData ===>> H2,-0.242061156411604,H1,0.050444171576758,AX,-0.0564790055326662,L1,-0.0404421379672051,L2,-0.04...
Get Checksum: 799532470
GetData ===>> H2,-0.24528948577086,H1,-0.103524913797703,AX,-0.0714921424628155,L1,-0.0230554093027172,L2,0.016...
measurement finished
estimated time: 62.915 actual time: :63.127
flush and close file /Users/jan/PychronDev/data/isotopes/35/a62b95-2988-4bf5-bd29-6e8109e59042.h5
activate_detectors ('H1', 'AX', 'CDD') {'peak_center': True}
peak_center () {'detector': 'H1', 'integration_time': 0.262144, 'isotope': 'Ar40'}
peak center: mean=874.317968134 threshold=3
peak center started
setup peak center. detector=['H1', 'AX', 'CDD'], isotope=Ar40
VersionedUnpickler [<apptools.sweet_pickle.versioned_unpickler.VersionedUnpickler object at 0x14afa5290>] using Updater [<apptools.sweet_pickle.updater.Updater object at 0x133e38fb0>]
VersionedUnpickler [<apptools.sweet_pickle.versioned_unpickler.VersionedUnpickler object at 0x14afa5290>] using Updater [<apptools.sweet_pickle.updater.Updater object at 0x133e38fb0>]
VersionedUnpickler [<apptools.sweet_pickle.versioned_unpickler.VersionedUnpickler object at 0x14aba1890>] using Updater [<apptools.sweet_pickle.updater.Updater object at 0x133e38fb0>]
setting integration time = 0.524288
SetIntegrationTime 0.524288 ===>> OK
Mapping mass to dac mass func: "parabolic"
H1 map mass coeffs = [-0.00063987  0.15840543  0.57074999]
H1 map mass to dac 39.9624 >> 5.87914
GetDeflection H1 ===>> 0
GetHighVoltage ===>> 4500
do peak center. <pychron.spectrometer.jobs.peak_center.PeakCenter object at 0x12d6e98f0>
doing pc
starting peak center. center dac= 5.87914 step_width=0.001
width = 0.001
get scan parameters. half-width=0.015,window=0.015, i=0, scalar=1
Scan parameters center=5.87914 width=0.03000 (5.86414 - 5.89414)
GetData ===>> H2,-0.147841924938957,H1,0.0390592149210669,AX,-0.0672608749670369,L1,0.0030380663640676,L2,0.002...
Moving to starting dac 5.86414
setting magnet DAC
current  : 5.239796
requested: 5.864140
Delta Dac: 0.624344
Checking detector protection. dv=0.62434
Checking detector "CDD". Protection Threshold: 0.1 (V)
ProtectDetector CDD,On ===>> OK
GetDeflection CDD ===>> 2000
SetMagnetDAC 5.86414 ===>> OK
Magnet settling time: 0.500
GetMagnetMoving ===>> True
GetMagnetMoving ===>> True
GetMagnetMoving ===>> True
GetMagnetMoving ===>> True
Get Checksum: 799532470
GetMagnetMoving ===>> True
GetMagnetMoving ===>> True
GetMagnetMoving ===>> True
GetMagnetMoving ===>> True
GetMagnetMoving ===>> True
GetMagnetMoving ===>> False
ProtectDetector CDD,Off ===>> OK
GetDeflection CDD ===>> 50
Wait until signal near baseline. tol= 0.0292944111908. timeout= 10
GetData ===>> H2,42.8632010158802,H1,22.8731786080925,AX,1.59799835415771,L1,0.023975015612342,L2,0.06978089439...
GetData ===>> H2,58.1617687498197,H1,33.9833843742186,AX,5.38856891078359,L1,0.0258266107677195,L2,-0.063335099...
GetData ===>> H2,32.7406869573193,H1,16.2376899753959,AX,2.49505646865349,L1,0.0205080917983695,L2,0.0313871304...
GetData ===>> H2,14.0827084396022,H1,8.07229122645821,AX,1.13670346522462,L1,0.021862066963623,L2,-0.0776263659...
Get Checksum: 799532470
GetData ===>> H2,5.03792701492685,H1,4.19830546749977,AX,0.511895931175552,L1,0.0128749797127489,L2,0.099823078...
GetData ===>> H2,1.5558019476555,H1,2.40889901034167,AX,0.199559720530354,L1,0.0161185259613285,L2,-0.150542302...
GetData ===>> H2,0.458845061181969,H1,1.34077253883154,AX,0.0800343224200287,L1,0.014405457992315,L2,0.01701337...
GetData ===>> H2,0.309537060499839,H1,0.984578992452945,AX,0.0119151354387851,L1,-0.0107297092880733,L2,-0.0625...
GetData ===>> H2,0.309537060499839,H1,0.984578992452945,AX,0.0119151354387851,L1,-0.0107297092880733,L2,-0.0625...
GetData ===>> H2,0.298238214693804,H1,0.856139714977711,AX,0.112255097321052,L1,-0.00686617128071216,L2,-0.0582...
Get Checksum: 799532470
GetData ===>> H2,0.231703495353618,H1,0.73449313904741,AX,0.179187829430955,L1,0.00599309992079609,L2,-0.050839...
GetData ===>> H2,0.220891613395588,H1,0.721685340246814,AX,0.121320560371284,L1,0.011555788430466,L2,-0.0067407...
GetData ===>> H2,0.125607976559289,H1,0.620549143696381,AX,0.0130057483870382,L1,-0.0108855626933592,L2,-0.0669...
GetData ===>> H2,0.0853625095175643,H1,0.585353622845752,AX,0.0170898543586897,L1,0.0133547284561694,L2,0.05679...
GetData ===>> H2,0.0911270533942958,H1,0.533921497372236,AX,-0.0033289622231094,L1,0.0229545021676961,L2,-0.115...
GetData ===>> H2,0.098082756411603,H1,0.473608374220125,AX,0.00119529252791256,L1,0.00658998273295307,L2,0.0650...
Get Checksum: 799532470
GetData ===>> H2,-0.000215849013095032,H1,0.55408969198465,AX,-0.0856104928210709,L1,-0.00375699705659044,L2,0....
GetData ===>> H2,-0.0191081411397775,H1,0.594175254356366,AX,-0.0248336976941281,L1,-0.0077368558322208,L2,-0.0...
GetData ===>> H2,-0.0130160448431852,H1,0.515692363210696,AX,-0.0568384204278508,L1,-0.000855674671813407,L2,-0...
GetData ===>> H2,-0.0226685014229455,H1,0.68047206910935,AX,0.0812163351384267,L1,-0.0174603772779453,L2,0.1047...
GetData ===>> H2,0.0353611116733536,H1,0.634444250459087,AX,0.0155118840124736,L1,-0.028220567727963,L2,0.09665...
Peak center failed to move to a baseline position
_do_sweep sm= 5.86414, em= 5.89414, stm= 0.001
calculated step values: start=5.86414, end=5.89414, width=0.001, nsteps=31.0
setting magnet DAC
current  : 5.864140
requested: 5.864140
Delta Dac: 0.000000
Checking detector protection. dv=0.00000
Checking detector "CDD". Protection Threshold: 0.1 (V)
SetMagnetDAC 5.86414 ===>> OK
GetData ===>> H2,0.0353611116733536,H1,0.634444250459087,AX,0.0155118840124736,L1,-0.028220567727963,L2,0.09665...
setting magnet DAC
current  : 5.864140
requested: 5.865174
Delta Dac: 0.001034
Checking detector protection. dv=0.00103
Checking detector "CDD". Protection Threshold: 0.1 (V)
SetMagnetDAC 5.86517448276 ===>> OK
Magnet settling time: 1.049
Get Checksum: 799532470
GetData ===>> H2,-0.117948238523007,H1,1.08150175823492,AX,0.167936389924024,L1,-0.027107482961904,L2,-0.116524...
setting magnet DAC
current  : 5.865174
requested: 5.866209
Delta Dac: 0.001034
Checking detector protection. dv=0.00103
Checking detector "CDD". Protection Threshold: 0.1 (V)
SetMagnetDAC 5.86620896552 ===>> OK
Magnet settling time: 1.049
GetData ===>> H2,-0.177020505370455,H1,4.10527629811039,AX,0.689459490047931,L1,0.0155882595204033,L2,-0.032970...
setting magnet DAC
current  : 5.866209
requested: 5.867243
Delta Dac: 0.001034
Checking detector protection. dv=0.00103
Checking detector "CDD". Protection Threshold: 0.1 (V)
SetMagnetDAC 5.86724344828 ===>> OK
Magnet settling time: 1.049
GetData ===>> H2,-0.1374900562036,H1,15.6871074441241,AX,2.45419666900793,L1,-0.00618252319522342,L2,-0.0284627...
setting magnet DAC
current  : 5.867243
requested: 5.868278
Delta Dac: 0.001034
Checking detector protection. dv=0.00103
Checking detector "CDD". Protection Threshold: 0.1 (V)
SetMagnetDAC 5.86827793103 ===>> OK
Magnet settling time: 1.049
Get Checksum: 799532470
GetData ===>> H2,-0.0642447047192994,H1,54.7189607051139,AX,8.45958117483285,L1,0.0693828262960409,L2,0.0403860...
setting magnet DAC
current  : 5.868278
requested: 5.869312
Delta Dac: 0.001034
Checking detector protection. dv=0.00103
Checking detector "CDD". Protection Threshold: 0.1 (V)
SetMagnetDAC 5.86931241379 ===>> OK
Magnet settling time: 1.049
GetData ===>> H2,-0.188137529451582,H1,149.113171556717,AX,24.9730192784045,L1,0.143473294218948,L2,-0.02322622...
setting magnet DAC
current  : 5.869312
requested: 5.870347
Delta Dac: 0.001034
Checking detector protection. dv=0.00103
Checking detector "CDD". Protection Threshold: 0.1 (V)
SetMagnetDAC 5.87034689655 ===>> OK
Magnet settling time: 1.049
GetData ===>> H2,-0.140137021930489,H1,427.839414525795,AX,82.4892344805111,L1,0.578091140500712,L2,0.071490173...
setting magnet DAC
current  : 5.870347
requested: 5.871381
Delta Dac: 0.001034
Checking detector protection. dv=0.00103
Checking detector "CDD". Protection Threshold: 0.1 (V)
SetMagnetDAC 5.87138137931 ===>> OK
Magnet settling time: 1.049
Get Checksum: 799532470
GetData ===>> H2,-0.127498950200043,H1,631.143856141285,AX,134.154818684852,L1,1.00604429302275,L2,0.4549347490...
setting magnet DAC
current  : 5.871381
requested: 5.872416
Delta Dac: 0.001034
Checking detector protection. dv=0.00103
Checking detector "CDD". Protection Threshold: 0.1 (V)
SetMagnetDAC 5.87241586207 ===>> OK
Magnet settling time: 1.049
GetData ===>> H2,-0.0750433089059405,H1,757.066945662944,AX,173.195824339686,L1,1.54180648726607,L2,0.691407774...
setting magnet DAC
current  : 5.872416
requested: 5.873450
Delta Dac: 0.001034
Checking detector protection. dv=0.00103
Checking detector "CDD". Protection Threshold: 0.1 (V)
SetMagnetDAC 5.87345034483 ===>> OK
Magnet settling time: 1.049
Get Checksum: 799532470
GetData ===>> H2,0.00567690260797742,H1,811.356421828945,AX,193.46279421581,L1,1.98291798822548,L2,0.8654648650...
setting magnet DAC
current  : 5.873450
requested: 5.874485
Delta Dac: 0.001034
Checking detector protection. dv=0.00103
Checking detector "CDD". Protection Threshold: 0.1 (V)
SetMagnetDAC 5.87448482759 ===>> OK
Magnet settling time: 1.049
GetData ===>> H2,-0.140674442593318,H1,829.930040330631,AX,201.254331512931,L1,2.24855143946175,L2,1.1780729526...
setting magnet DAC
current  : 5.874485
requested: 5.875519
Delta Dac: 0.001034
Checking detector protection. dv=0.00103
Checking detector "CDD". Protection Threshold: 0.1 (V)
SetMagnetDAC 5.87551931034 ===>> OK
Magnet settling time: 1.049
GetData ===>> H2,-0.0730233998685002,H1,834.887595932542,AX,203.164980522765,L1,2.38608655032613,L2,1.120986367...
setting magnet DAC
current  : 5.875519
requested: 5.876554
Delta Dac: 0.001034
Checking detector protection. dv=0.00103
Checking detector "CDD". Protection Threshold: 0.1 (V)
SetMagnetDAC 5.8765537931 ===>> OK
Magnet settling time: 1.049
Get Checksum: 799532470
GetData ===>> H2,-0.0417175796392862,H1,834.941262789384,AX,203.605837248357,L1,2.51823580946721,L2,1.313671792...
setting magnet DAC
current  : 5.876554
requested: 5.877588
Delta Dac: 0.001034
Checking detector protection. dv=0.00103
Checking detector "CDD". Protection Threshold: 0.1 (V)
SetMagnetDAC 5.87758827586 ===>> OK
Magnet settling time: 1.049
GetData ===>> H2,-0.211036432439462,H1,835.043430254694,AX,203.622358171539,L1,2.56836986695269,L2,1.1499035601...
setting magnet DAC
current  : 5.877588
requested: 5.878623
Delta Dac: 0.001034
Checking detector protection. dv=0.00103
Checking detector "CDD". Protection Threshold: 0.1 (V)
SetMagnetDAC 5.87862275862 ===>> OK
Magnet settling time: 1.049
GetData ===>> H2,-0.0297105892896236,H1,835.562602143792,AX,203.933706831385,L1,2.62678572758173,L2,1.232119838...
setting magnet DAC
current  : 5.878623
requested: 5.879657
Delta Dac: 0.001034
Checking detector protection. dv=0.00103
Checking detector "CDD". Protection Threshold: 0.1 (V)
SetMagnetDAC 5.87965724138 ===>> OK
Magnet settling time: 1.049
Get Checksum: 799532470
GetData ===>> H2,-0.0525596957166311,H1,835.109808237696,AX,203.815784359653,L1,2.67666900422685,L2,1.295561017...
setting magnet DAC
current  : 5.879657
requested: 5.880692
Delta Dac: 0.001034
Checking detector protection. dv=0.00103
Checking detector "CDD". Protection Threshold: 0.1 (V)
SetMagnetDAC 5.88069172414 ===>> OK
Magnet settling time: 1.049
GetData ===>> H2,-0.246010653726479,H1,834.761654889958,AX,203.512813961667,L1,2.69202579556606,L2,1.2461123101...
setting magnet DAC
current  : 5.880692
requested: 5.881726
Delta Dac: 0.001034
Checking detector protection. dv=0.00103
Checking detector "CDD". Protection Threshold: 0.1 (V)
SetMagnetDAC 5.8817262069 ===>> OK
Magnet settling time: 1.049
Get Checksum: 799532470
GetData ===>> H2,-0.173519240750492,H1,834.382285733761,AX,203.348136473126,L1,2.69791829652192,L2,1.1778666374...
setting magnet DAC
current  : 5.881726
requested: 5.882761
Delta Dac: 0.001034
Checking detector protection. dv=0.00103
Checking detector "CDD". Protection Threshold: 0.1 (V)
SetMagnetDAC 5.88276068966 ===>> OK
Magnet settling time: 1.049
GetData ===>> H2,-0.173152327566474,H1,833.396782119539,AX,202.767705169685,L1,2.64059088544835,L2,1.1540287490...
setting magnet DAC
current  : 5.882761
requested: 5.883795
Delta Dac: 0.001034
Checking detector protection. dv=0.00103
Checking detector "CDD". Protection Threshold: 0.1 (V)
SetMagnetDAC 5.88379517241 ===>> OK
Magnet settling time: 1.049
GetData ===>> H2,-0.0909081271504129,H1,828.266588063524,AX,200.336031215906,L1,2.64603453710883,L2,1.155403851...
setting magnet DAC
current  : 5.883795
requested: 5.884830
Delta Dac: 0.001034
Checking detector protection. dv=0.00103
Checking detector "CDD". Protection Threshold: 0.1 (V)
SetMagnetDAC 5.88482965517 ===>> OK
Magnet settling time: 1.049
Get Checksum: 799532470
GetData ===>> H2,-0.165428205431247,H1,809.333743770267,AX,192.00338428407,L1,2.53985392262128,L2,1.08836757566...
setting magnet DAC
current  : 5.884830
requested: 5.885864
Delta Dac: 0.001034
Checking detector protection. dv=0.00103
Checking detector "CDD". Protection Threshold: 0.1 (V)
SetMagnetDAC 5.88586413793 ===>> OK
Magnet settling time: 1.049
GetData ===>> H2,-0.275759000297532,H1,750.187358170085,AX,168.25092094953,L1,2.296619351927,L2,0.7293943770288...
setting magnet DAC
current  : 5.885864
requested: 5.886899
Delta Dac: 0.001034
Checking detector protection. dv=0.00103
Checking detector "CDD". Protection Threshold: 0.1 (V)
SetMagnetDAC 5.88689862069 ===>> OK
Magnet settling time: 1.049
GetData ===>> H2,-0.221403732092191,H1,615.664541312201,AX,123.80619063224,L1,1.84655918239346,L2,0.52029801653...
setting magnet DAC
current  : 5.886899
requested: 5.887933
Delta Dac: 0.001034
Checking detector protection. dv=0.00103
Checking detector "CDD". Protection Threshold: 0.1 (V)
SetMagnetDAC 5.88793310345 ===>> OK
Magnet settling time: 1.049
Get Checksum: 799532470
GetData ===>> H2,-0.196724722089871,H1,414.363696589198,AX,71.9813701480595,L1,1.30894598054141,L2,0.4179434904...
setting magnet DAC
current  : 5.887933
requested: 5.888968
Delta Dac: 0.001034
Checking detector protection. dv=0.00103
Checking detector "CDD". Protection Threshold: 0.1 (V)
SetMagnetDAC 5.88896758621 ===>> OK
Magnet settling time: 1.049
GetData ===>> H2,-0.262568690914579,H1,214.581746362678,AX,31.5057488085658,L1,0.845768261274225,L2,-0.01482444...
setting magnet DAC
current  : 5.888968
requested: 5.890002
Delta Dac: 0.001034
Checking detector protection. dv=0.00103
Checking detector "CDD". Protection Threshold: 0.1 (V)
SetMagnetDAC 5.89000206897 ===>> OK
Magnet settling time: 1.049
GetData ===>> H2,-0.132877998770807,H1,84.370107353073,AX,10.1264606238468,L1,0.52637949020253,L2,-0.0209266226...
setting magnet DAC
current  : 5.890002
requested: 5.891037
Delta Dac: 0.001034
Checking detector protection. dv=0.00103
Checking detector "CDD". Protection Threshold: 0.1 (V)
SetMagnetDAC 5.89103655172 ===>> OK
Magnet settling time: 1.049
Get Checksum: 799532470
GetData ===>> H2,-0.117490922766744,H1,25.9223508287797,AX,2.36551406128646,L1,0.319802474840442,L2,-0.16407333...
setting magnet DAC
current  : 5.891037
requested: 5.892071
Delta Dac: 0.001034
Checking detector protection. dv=0.00103
Checking detector "CDD". Protection Threshold: 0.1 (V)
SetMagnetDAC 5.89207103448 ===>> OK
Magnet settling time: 1.049
GetData ===>> H2,-0.0759568949235826,H1,3.30990270754634,AX,0.165036744974298,L1,0.148366253097932,L2,-0.135778...
setting magnet DAC
current  : 5.892071
requested: 5.893106
Delta Dac: 0.001034
Checking detector protection. dv=0.00103
Checking detector "CDD". Protection Threshold: 0.1 (V)
SetMagnetDAC 5.89310551724 ===>> OK
Magnet settling time: 1.049
GetData ===>> H2,-0.0600972493311361,H1,0.561904761904741,AX,-0.217583993495386,L1,0.0890058215382968,L2,-0.150...
setting magnet DAC
current  : 5.893106
requested: 5.894140
Delta Dac: 0.001034
Checking detector protection. dv=0.00103
Checking detector "CDD". Protection Threshold: 0.1 (V)
SetMagnetDAC 5.89414 ===>> OK
Magnet settling time: 1.049
Get Checksum: 799532470
GetData ===>> H2,-0.126671593904207,H1,-0.0226762540483925,AX,-0.171991493536436,L1,0.0655581192713007,L2,-0.04...
result of _do_sweep=True
result of _calculate_peak_center=([5.8713243687374739, 5.8791099398797586, 5.8868955110220433], [619.93970354719636, 835.55987993593942, 615.19906444677633], 5.8786289779559109, 835.55987993593942)
Failed to find a valid peak. No peak greater than 1.0. max = 0.0553697756747
new center pos Detector(H1) (Ar40) @ 5.87910993988
GetHighVoltage ===>> 4500
GetDeflection H1 ===>> 0
dac uncorrected for HV and deflection 5.87910993988
update mftable H1 Ar40 5.87910993988 message=automated run peakcenter
get initial guess parabolic
get initial guess parabolic
get initial guess parabolic
get initial guess parabolic
get initial guess parabolic
get initial guess parabolic
dump mftable to /Users/jan/PychronDev/setupfiles/spectrometer/mftables/mftable.csv
add to repo msg=modified - automated run peakcenter
sweep finished
locally archiving mftable
setting magnet DAC
current  : 5.894140
requested: 5.879110
Delta Dac: 0.015030
Checking detector protection. dv=0.01503
Checking detector "CDD". Protection Threshold: 0.1 (V)
SetMagnetDAC 5.87910993988 ===>> OK
Magnet settling time: 0.500
setting integration time = 1.048576
SetIntegrationTime 1.048576 ===>> OK
Failed to find a valid peak. No peak greater than 1.0. max = 0.0553697756747
flush and close file /Users/jan/PychronDev/data/isotopes/35/a62b95-2988-4bf5-bd29-6e8109e59042.h5
finished measure script
executed 226.132928
jan_unknown120_60.py completed successfully
Measurement Finished
20:37:52 -- ******* Measurement Finished *******
Post Measurement Started jan_pump_ms.py
20:37:52 -- ******* Post Measurement Started jan_pump_ms.py *******
testing...
no interpolation path defined
executed 0
Pumping spectrometer
open () {'name': 'O'}
opening name=O desc=---
checking ownership. requestor=129.138.12.150
check software interlocks O
interlocks []
actuate state mode=None-script, software_lock=False
doing actuation None-script open_channel True
Open O ===>> OK
GetIndicatorState O ===>> OK
change switch state (True, True)
update switch state O True args=() kw={} ncanvase=2
20:37:52 -- OPEN   VALVE-O (Jan Ion Pump)
---------------------------------------- open O () result=[(True, True)], time=0.10 sec
action=open, ok=True, locked=[False]
executed 0
jan_pump_ms.py completed successfully
setting _ms_pumptime
Post Measurement Finished
20:37:52 -- ******* Post Measurement Finished *******
$$$$$$$$$$$$$$$$$$$$ state at run end measurement
state changed from measurement to success
post measurement save measured=True aborted=False
Set filtering
setting fod for Ar40= {'filter_outliers': True, 'std_devs': 2, 'iterations': 1}
setting fod for H1= {'filter_outliers': True, 'std_devs': 2, 'iterations': 1}
setting fod for PM41= {'filter_outliers': False, 'std_devs': 2, 'iterations': 1}
setting fod for H2= {'filter_outliers': True, 'std_devs': 2, 'iterations': 1}
setting fod for Ar36= {'filter_outliers': True, 'std_devs': 2, 'iterations': 1}
setting fod for CDD= {'filter_outliers': True, 'std_devs': 10, 'iterations': 1}
setting fod for Ar37= {'filter_outliers': True, 'std_devs': 2, 'iterations': 1}
setting fod for L2= {'filter_outliers': True, 'std_devs': 2, 'iterations': 1}
setting fod for Ar38= {'filter_outliers': True, 'std_devs': 2, 'iterations': 1}
setting fod for L1= {'filter_outliers': True, 'std_devs': 2, 'iterations': 1}
setting fod for Ar39= {'filter_outliers': True, 'std_devs': 2, 'iterations': 1}
setting fod for AX= {'filter_outliers': True, 'std_devs': 2, 'iterations': 1}
persistence save...
persistence save - db
post measurement save
Get Checksum: 2035211824
5687190928 connecting to database sqlite:////Users/jan/PychronDev/.appdata/local_lab.db
connected to db sqlite:////Users/jan/PychronDev/.appdata/local_lab.db
create new session 5687190928
close session 5687190928
No database instance. Not saving post measurement to isotopedb database
$$$$$$$$$$$$$$$ auto_save_detector_ic=False
massspec enabled True
create new session 5019860144
MassSpec Database Version: 16.0
close session 5019860144
saving post measurement to secondary database
saving to massspec database 129.138.12.160/massspecdata
setting labnumber to 65574
setting aliquot to 9
setting step to 
setting uuid to 35a62b95-2988-4bf5-bd29-6e8109e59042
setting irradpos to 65574
setting extract_device to Fusions CO2
setting tray to 
setting position to 75
setting power_requested to 5.0
setting extract_value to 5.0
setting duration to 30.0
setting duration_at_request to 30.0
setting first_stage_delay to 30.0
setting cleanup to 30.0
setting comment to M:18 w/o inclusions
setting irradiation to NM-289
setting level to M
setting irradiation_level to M
setting sample to NM-2607 WO
setting material to Sanidine
setting project to JoyitaHills
setting mass_spectrometer to Jan
no attribute chron_dosages
no attribute production_ratios
no attribute interference_corrections
no attribute production_name
no attribute j
Reference Isotope=Ar40
Reference Detector=H1
%%%%%%%%%%%%%%%%%%%% Comment: M:18 w/o inclusions %%%%%%%%%%%%%%%%%%%
adding isotope PM41 H2
add baseline dbdet= PM41. original det= H2
get baseline data PM41 H2
Get data baseline <pychron.processing.isotope.Baseline object at 0x14773add0> len t=60
baseline PM41. v=-0.21412681241, e=0.00793327653057
get signal data PM41 H2
Get data signal PM41 0.10+/-0.07 len t=120
adding isotope Ar40 H1
add baseline dbdet= Ar40. original det= H1
get baseline data Ar40 H1
Get data baseline <pychron.processing.isotope.Baseline object at 0x113620050> len t=60
baseline Ar40. v=-0.00550619372289, e=0.00454600655049
get signal data Ar40 H1
Get data signal Ar40 917.48+/-0.06 len t=120
adding isotope Ar39 AX
add baseline dbdet= Ar39. original det= AX
get baseline data Ar39 AX
Get data baseline <pychron.processing.isotope.Baseline object at 0x113620190> len t=60
baseline Ar39. v=-0.0613209355205, e=0.00611337276314
get signal data Ar39 AX
Get data signal Ar39 224.010+/-0.026 len t=120
adding isotope Ar38 L1
add baseline dbdet= Ar38. original det= L1
get baseline data Ar38 L1
Get data baseline <pychron.processing.isotope.Baseline object at 0x113620c90> len t=60
baseline Ar38. v=-0.0234304833923, e=0.0031024481298
get signal data Ar38 L1
Get data signal Ar38 2.979+/-0.006 len t=120
adding isotope Ar37 L2
add baseline dbdet= Ar37. original det= L2
get baseline data Ar37 L2
Get data baseline <pychron.processing.isotope.Baseline object at 0x113620e90> len t=60
baseline Ar37. v=-0.0222657825036, e=0.00591088194766
get signal data Ar37 L2
Get data signal Ar37 1.387+/-0.008 len t=120
adding isotope Ar36 CDD
add baseline dbdet= Ar36. original det= CDD
get baseline data Ar36 CDD
Get data baseline <pychron.processing.isotope.Baseline object at 0x113620310> len t=60
baseline Ar36. v=0.000290287557285, e=2.72766969123e-05
get signal data Ar36 CDD
Get data signal Ar36 0.0470+/-0.0005 len t=120
65574-09 added analysis time 0.538005828857s
analysis added to mass spec database
mass spec save time= 0.546
persistence save - dvc
================= post measurement started
create new session 4983587952
close session 4983587952
---------------- Experiment Queue saving disabled
DVC saving peakcenter
Failed to find a valid peak. No peak greater than 1.0. max = 0.0553697756747
Smart pull ahead: 0 behind: 0
Up-to-date with origin
add to repo msg=modified - ad8224ebc6dbfeb9f5997218dfa5fe690569839d.json
add to repo msg=modified - 74-09.json
add to repo msg=modified - 74-09.dat.json
add to repo msg=modified - 74-09.blan.json
add to repo msg=modified - 74-09.inte.json
add to repo msg=modified - 74-09.icfa.json
Get Checksum: 2035211824
add to repo msg=modified - 74-09.base.json
not at valid file /Users/jan/PychronDev/data/.dvc/repositories/Load1785/655/tags/74-09.tags.json
add to repo msg=modified - 74-09.peak.json
add to repo msg=modified - 74-09.extr.json
not at valid file /Users/jan/PychronDev/data/.dvc/repositories/Load1785/655/monitor/74-09.moni.json
commit message=<COLLECTION>
add to repo msg=modified - 74-09.inte.json
add to repo msg=modified - 74-09.base.json
commit message=<ISOEVO> default collection fits
add to repo msg=modified - 74-09.blan.json
commit message=<BLANKS> preceding bu-FC-J-7504
Get Checksum: 2035211824
add to repo msg=modified - 74-09.icfa.json
commit message=<ICFactor> default
push repository <pychron.git_archive.repo_manager.GitRepoManager object at 0x14a31a410>
pushing to remote=origin, url=https://github.com
Get Checksum: 2035211824
no changes to meta repo
create new session 4983587952
add association Load1785
get identifier "65574"
setting analysis irradiation position=<pychron.dvc.dvc_orm.IrradiationPositionTbl object at 0x146823810>
close session 4983587952
================= post measurement finished
20:38:05 -- ******* Post Run Check *******
loading queue conditionals post_run_actions
loading system conditionals post_run_actions
loading conditionals from /Users/jan/PychronDev/setupfiles/spectrometer/default_conditionals.yaml
loading queue conditionals post_run_terminations
loading system conditionals post_run_terminations
loading conditionals from /Users/jan/PychronDev/setupfiles/spectrometer/default_conditionals.yaml
Checking default post run terminations n=1
GetDeflection CDD ===>> 50
testing CDD==2000
evaluate ot="CDD.deflection==2000" t="CDD==2000", ctx="{'CDD': 50.0}"
20:38:05 -- ******* Post Run Check Passed *******
20:38:05 -- Automated run 65574-09 success duration: 362.998 s
----------------- finish -----------------
----------------- stop -----------------
retroactive repository identifiers disabled
finish run. runs completed=39
update duration runid=65574-09, duration=362.997688055, md5=301e91d8
loading script "jan_unknown120_60.py"
loading script "jan_pump_ms.py"
loading script "jan_co2.py"
loading script "jan_pump_extraction_line.py"
testing...
no interpolation path defined
executed 213.652928
script duration name:unknown120_60 seconds:214.0
loading script "jan_unknown120_60.py"
loading script "jan_pump_ms.py"
loading script "jan_co2.py"
loading script "jan_pump_extraction_line.py"
testing...
no interpolation path defined
executed 0
loading script "jan_unknown120_60.py"
loading script "jan_pump_ms.py"
loading script "jan_co2.py"
loading script "jan_pump_extraction_line.py"
testing...
no interpolation path defined
calculate duration
testing...
no interpolation path defined
executed 0
calculate duration
testing...
no interpolation path defined
executed 0
executed 0.0
script duration name:co2 seconds:0.0
loading script "jan_unknown120_60.py"
loading script "jan_pump_ms.py"
loading script "jan_co2.py"
loading script "jan_pump_extraction_line.py"
testing...
no interpolation path defined
calculate duration
testing...
no interpolation path defined
executed 4.0
executed 4.0
Script duration 214.0
Run total estimated duration= 215.000
loading script "jan_unknown400_120.py"
loading script "jan_pump_ms.py"
loading script "jan_cocktail_x1.py"
loading script "jan_pump_extraction_line.py"
testing...
no interpolation path defined
executed 556.052928
script duration name:unknown400_120 seconds:556.0
pump_ms in script context. using previous estimated duration
loading script "jan_unknown400_120.py"
loading script "jan_pump_ms.py"
loading script "jan_cocktail_x1.py"
loading script "jan_pump_extraction_line.py"
testing...
no interpolation path defined
calculate duration
testing...
no interpolation path defined
executed 0
calculate duration
testing...
no interpolation path defined
executed 0
calculate duration
testing...
no interpolation path defined
executed 32.0
calculate duration
testing...
no interpolation path defined
executed 34.0
calculate duration
testing...
no interpolation path defined
executed 4.0
calculate duration
testing...
no interpolation path defined
executed 38.0
executed 108.0
script duration name:cocktail_x1 seconds:108.0
pump_extraction_line in script context. using previous estimated duration
Script duration 664.0
Run total estimated duration= 665.000
unknown120_60 in script context. using previous estimated duration
script duration name:unknown120_60 seconds:214.0
co2 in script context. using previous estimated duration
script duration name:co2 seconds:0.0
Script duration 214.0
Run total estimated duration= 215.000
script duration name:unknown120_60 seconds:214.0
script duration name:co2 seconds:0.0
Script duration 214.0
Run total estimated duration= 215.000
script duration name:unknown120_60 seconds:214.0
script duration name:co2 seconds:0.0
Script duration 214.0
Run total estimated duration= 215.000
script duration name:unknown120_60 seconds:214.0
script duration name:co2 seconds:0.0
Script duration 214.0
Run total estimated duration= 215.000
script duration name:unknown120_60 seconds:214.0
script duration name:co2 seconds:0.0
Script duration 214.0
Run total estimated duration= 215.000
script duration name:unknown120_60 seconds:214.0
script duration name:co2 seconds:0.0
Script duration 214.0
Run total estimated duration= 215.000
script duration name:unknown120_60 seconds:214.0
script duration name:co2 seconds:0.0
Script duration 214.0
Run total estimated duration= 215.000
script duration name:unknown120_60 seconds:214.0
script duration name:co2 seconds:0.0
Script duration 214.0
Run total estimated duration= 215.000
script duration name:unknown120_60 seconds:214.0
script duration name:co2 seconds:0.0
Script duration 214.0
Run total estimated duration= 215.000
script duration name:unknown120_60 seconds:214.0
script duration name:co2 seconds:0.0
Script duration 214.0
Run total estimated duration= 215.000
unknown400_120 in script context. using previous estimated duration
script duration name:unknown400_120 seconds:556.0
script duration name:co2 seconds:0.0
Script duration 556.0
Run total estimated duration= 557.000
script duration name:unknown400_120 seconds:556.0
loading script "jan_unknown400_120.py"
loading script "jan_pump_ms.py"
loading script "jan_sniffair_x2.py"
loading script "jan_pump_extraction_line.py"
testing...
no interpolation path defined
calculate duration
testing...
no interpolation path defined
executed 0
calculate duration
testing...
no interpolation path defined
executed 0
calculate duration
testing...
no interpolation path defined
executed 32.0
calculate duration
testing...
no interpolation path defined
executed 34.0
calculate duration
testing...
no interpolation path defined
executed 4.0
calculate duration
testing...
no interpolation path defined
executed 36.0
calculate duration
testing...
no interpolation path defined
executed 34.0
calculate duration
testing...
no interpolation path defined
executed 4.0
calculate duration
testing...
no interpolation path defined
executed 36.0
calculate duration
testing...
no interpolation path defined
executed 70.0
executed 250.0
script duration name:sniffair_x2 seconds:250.0
Script duration 806.0
Run total estimated duration= 807.000
loading script "jan_ic_peak_hop3.py"
loading script "jan_pump_ms.py"
loading script "jan_air_x1.py"
loading script "jan_pump_extraction_line.py"
testing...
no interpolation path defined
executed 133.8
script duration name:ic_peak_hop3 seconds:134.0
loading script "jan_ic_peak_hop3.py"
loading script "jan_pump_ms.py"
loading script "jan_air_x1.py"
loading script "jan_pump_extraction_line.py"
testing...
no interpolation path defined
calculate duration
testing...
no interpolation path defined
executed 0
calculate duration
testing...
no interpolation path defined
executed 0
calculate duration
testing...
no interpolation path defined
executed 32.0
calculate duration
testing...
no interpolation path defined
executed 34.0
calculate duration
testing...
no interpolation path defined
executed 4.0
calculate duration
testing...
no interpolation path defined
executed 36.0
executed 106.0
script duration name:air_x1 seconds:106.0
Script duration 240.0
Run total estimated duration= 241.000
script duration name:unknown120_60 seconds:214.0
script duration name:co2 seconds:0.0
Script duration 214.0
Run total estimated duration= 215.000
script duration name:unknown120_60 seconds:214.0
script duration name:co2 seconds:0.0
Script duration 214.0
Run total estimated duration= 215.000
script duration name:unknown120_60 seconds:214.0
script duration name:co2 seconds:0.0
Script duration 214.0
Run total estimated duration= 215.000
script duration name:unknown120_60 seconds:214.0
script duration name:co2 seconds:0.0
Script duration 214.0
Run total estimated duration= 215.000
script duration name:unknown120_60 seconds:214.0
script duration name:co2 seconds:0.0
Script duration 214.0
Run total estimated duration= 215.000
script duration name:unknown120_60 seconds:214.0
script duration name:co2 seconds:0.0
Script duration 214.0
Run total estimated duration= 215.000
script duration name:unknown120_60 seconds:214.0
script duration name:co2 seconds:0.0
Script duration 214.0
Run total estimated duration= 215.000
script duration name:unknown120_60 seconds:214.0
script duration name:co2 seconds:0.0
Script duration 214.0
Run total estimated duration= 215.000
script duration name:unknown120_60 seconds:214.0
script duration name:co2 seconds:0.0
Script duration 214.0
Run total estimated duration= 215.000
script duration name:unknown120_60 seconds:214.0
script duration name:co2 seconds:0.0
Script duration 214.0
Run total estimated duration= 215.000
script duration name:unknown400_120 seconds:556.0
cocktail_x1 in script context. using previous estimated duration
script duration name:cocktail_x1 seconds:108.0
Script duration 664.0
Run total estimated duration= 665.000
script duration name:unknown120_60 seconds:214.0
script duration name:co2 seconds:0.0
Script duration 214.0
Run total estimated duration= 215.000
script duration name:unknown120_60 seconds:214.0
script duration name:co2 seconds:0.0
Script duration 214.0
Run total estimated duration= 215.000
script duration name:unknown120_60 seconds:214.0
script duration name:co2 seconds:0.0
Script duration 214.0
Run total estimated duration= 215.000
script duration name:unknown120_60 seconds:214.0
script duration name:co2 seconds:0.0
Script duration 214.0
Run total estimated duration= 215.000
script duration name:unknown120_60 seconds:214.0
script duration name:co2 seconds:0.0
Script duration 214.0
Run total estimated duration= 215.000
script duration name:unknown400_120 seconds:556.0
script duration name:co2 seconds:0.0
Script duration 556.0
Run total estimated duration= 557.000
script duration name:unknown120_60 seconds:214.0
script duration name:co2 seconds:0.0
Script duration 214.0
Run total estimated duration= 215.000
script duration name:unknown120_60 seconds:214.0
script duration name:co2 seconds:0.0
Script duration 214.0
Run total estimated duration= 215.000
script duration name:unknown120_60 seconds:214.0
script duration name:co2 seconds:0.0
Script duration 214.0
Run total estimated duration= 215.000
script duration name:unknown120_60 seconds:214.0
script duration name:co2 seconds:0.0
Script duration 214.0
Run total estimated duration= 215.000
script duration name:unknown120_60 seconds:214.0
script duration name:co2 seconds:0.0
Script duration 214.0
Run total estimated duration= 215.000
script duration name:unknown120_60 seconds:214.0
script duration name:co2 seconds:0.0
Script duration 214.0
Run total estimated duration= 215.000
script duration name:unknown120_60 seconds:214.0
script duration name:co2 seconds:0.0
Script duration 214.0
Run total estimated duration= 215.000
script duration name:unknown120_60 seconds:214.0
script duration name:co2 seconds:0.0
Script duration 214.0
Run total estimated duration= 215.000
script duration name:unknown120_60 seconds:214.0
script duration name:co2 seconds:0.0
Script duration 214.0
Run total estimated duration= 215.000
script duration name:unknown120_60 seconds:214.0
script duration name:co2 seconds:0.0
Script duration 214.0
Run total estimated duration= 215.000
script duration name:unknown120_60 seconds:214.0
script duration name:co2 seconds:0.0
Script duration 214.0
Run total estimated duration= 215.000
script duration name:unknown120_60 seconds:214.0
script duration name:co2 seconds:0.0
Script duration 214.0
Run total estimated duration= 215.000
script duration name:unknown120_60 seconds:214.0
script duration name:co2 seconds:0.0
Script duration 214.0
Run total estimated duration= 215.000
script duration name:unknown120_60 seconds:214.0
script duration name:co2 seconds:0.0
Script duration 214.0
Run total estimated duration= 215.000
script duration name:unknown120_60 seconds:214.0
script duration name:co2 seconds:0.0
Script duration 214.0
Run total estimated duration= 215.000
script duration name:unknown400_120 seconds:556.0
script duration name:co2 seconds:0.0
Script duration 556.0
Run total estimated duration= 557.000
script duration name:unknown400_120 seconds:556.0
script duration name:cocktail_x1 seconds:108.0
Script duration 664.0
Run total estimated duration= 665.000
script duration name:unknown400_120 seconds:556.0
script duration name:cocktail_x1 seconds:108.0
Script duration 664.0
Run total estimated duration= 665.000
script duration name:unknown400_120 seconds:556.0
sniffair_x2 in script context. using previous estimated duration
script duration name:sniffair_x2 seconds:250.0
Script duration 806.0
Run total estimated duration= 807.000
ic_peak_hop3 in script context. using previous estimated duration
script duration name:ic_peak_hop3 seconds:134.0
air_x1 in script context. using previous estimated duration
script duration name:air_x1 seconds:106.0
Script duration 240.0
Run total estimated duration= 241.000
script duration name:unknown120_60 seconds:214.0
script duration name:co2 seconds:0.0
Script duration 214.0
Run total estimated duration= 215.000
script duration name:unknown120_60 seconds:214.0
script duration name:co2 seconds:0.0
Script duration 214.0
Run total estimated duration= 215.000
script duration name:unknown120_60 seconds:214.0
script duration name:co2 seconds:0.0
Script duration 214.0
Run total estimated duration= 215.000
script duration name:unknown120_60 seconds:214.0
script duration name:co2 seconds:0.0
Script duration 214.0
Run total estimated duration= 215.000
script duration name:unknown120_60 seconds:214.0
script duration name:co2 seconds:0.0
Script duration 214.0
Run total estimated duration= 215.000
script duration name:unknown120_60 seconds:214.0
script duration name:co2 seconds:0.0
Script duration 214.0
Run total estimated duration= 215.000
script duration name:unknown120_60 seconds:214.0
script duration name:co2 seconds:0.0
Script duration 214.0
Run total estimated duration= 215.000
script duration name:unknown120_60 seconds:214.0
script duration name:co2 seconds:0.0
Script duration 214.0
Run total estimated duration= 215.000
script duration name:unknown120_60 seconds:214.0
script duration name:co2 seconds:0.0
Script duration 214.0
Run total estimated duration= 215.000
script duration name:unknown120_60 seconds:214.0
script duration name:co2 seconds:0.0
Script duration 214.0
Run total estimated duration= 215.000
script duration name:unknown120_60 seconds:214.0
script duration name:co2 seconds:0.0
Script duration 214.0
Run total estimated duration= 215.000
nruns=63 before=5.0, run_dur=17607.0, btw=1860.0
write rem/ex queues
/Users/jan/PychronDev/experiments/rem/CurrentExperimentPartial.rem.txt
/Users/jan/PychronDev/experiments/rem/CurrentExperimentPartial.ex.txt
doing event level: 3
