do run
loading script "jan_unknown120_60.py"
loading script "jan_pump_ms.py"
loading script "jan_co2.py"
loading script "jan_pump_extraction_line.py"
testing...
no interpolation path defined
executed 213.652928
script duration name:unknown120_60 seconds:214.0
loading script "jan_unknown120_60.py"
loading script "jan_pump_ms.py"
loading script "jan_co2.py"
loading script "jan_pump_extraction_line.py"
testing...
no interpolation path defined
executed 0
loading script "jan_unknown120_60.py"
loading script "jan_pump_ms.py"
loading script "jan_co2.py"
loading script "jan_pump_extraction_line.py"
testing...
no interpolation path defined
calculate duration
testing...
no interpolation path defined
executed 0
calculate duration
testing...
no interpolation path defined
executed 0
executed 0.0
script duration name:co2 seconds:0.0
loading script "jan_unknown120_60.py"
loading script "jan_pump_ms.py"
loading script "jan_co2.py"
loading script "jan_pump_extraction_line.py"
testing...
no interpolation path defined
calculate duration
testing...
no interpolation path defined
executed 4.0
executed 4.0
Script duration 214.0
Run total estimated duration= 215.000
run duration: 0:03:35
doing event level: 2
19:53:14 -- Setting default integration. t=1.048576
setting integration time = 1.048576
SetIntegrationTime 1.048576 ===>> OK
----------------- start -----------------
**************** Experiment Type: Ar/Ar, Ar/Ar
create new session 4993924272
close session 4993924272
$$$$$ Clearing conditionals
adding conditionals 
Add queue conditionals
add default conditionals
adding default conditionals from /Users/jan/PychronDev/setupfiles/spectrometer/default_conditionals.yaml
Start automated run 65574-05
loading script "jan_unknown120_60.py"
loading script "jan_pump_ms.py"
loading script "jan_co2.py"
loading script "jan_pump_extraction_line.py"
%%%%%%%%%%%%%%%%%% setting automated run 65574-05
No value "sensitivity_multiplier" in metadata
$$$$$$$$$$$$$$$ auto_save_detector_ic=False
============================= Pre Extraction Check =============================
loading queue conditionals pre_run_terminations
loading system conditionals pre_run_terminations
loading conditionals from /Users/jan/PychronDev/setupfiles/spectrometer/default_conditionals.yaml
19:53:14 -- ******* Pre Extraction Check *******
Get a measurement from the spectrometer
GetData ===>> H2,-0.0566231400266675,H1,0.0965021901176534,AX,0.0126692813869237,L1,-0.0139601767666185,L2,-0.0...
Pre Extraction Termination data. keys=H2,H1,AX,L1,L2,CDD, signals=-0.05662,0.09650,0.01267,-0.01396,-0.00815,0.00387
19:53:14 -- testing system defined conditionals
Checking default pre extraction terminations n=2
testing CDD
evaluate ot="CDD.inactive" t="CDD", ctx="{'CDD': False}"
GetDeflection CDD ===>> 50
testing CDD==2000
evaluate ot="CDD.deflection==2000" t="CDD==2000", ctx="{'CDD': 50.0}"
19:53:14 -- ******* Pre Extraction Check Passed *******
=================================================================================
19:53:14 -- stopping status monitor
stop 4977824688
Alive clients [4983939824]
19:53:14 -- starting status monitor
start 4977824688
Monitor already running
start extraction
do extraction
Analysis started at 19:53:14.350031
Extraction Started jan_co2.py
19:53:14 -- ******* Extraction Started jan_co2.py *******
state changed from not run to extraction
DO EXTRACTION <pychron.extraction_line.pyscript_runner.RemotePyScriptRunner object at 0x12c3c43b0>
testing...
no interpolation path defined
calculate duration
testing...
no interpolation path defined
executed 0
calculate duration
testing...
no interpolation path defined
executed 0
executed 100.0
Jan CO2 laser analysis
doing GOSUB
testing...
no interpolation path defined
executed 0
Waiting for CO2 access
wait ('FelixCO2Flag', 0) {}
waiting for FelixCO2Flag = 0
Read FelixCO2Flag ===>> 0
finished waiting
CO2 free
wait ('CO2PumpTimeFlag', 0) {}
waiting for CO2PumpTimeFlag = 0
Read CO2PumpTimeFlag ===>> 0
finished waiting
acquire ('JanCO2Flag',) {'clear': True}
acquire JanCO2Flag
Set JanCO2Flag 1 ===>> OK
JanCO2Flag acquired
set extraction state False (0.75, 'red', 1.5)
CO2 acquired
executed 0
WaitForCO2Access.py completed successfully
gosub finished
doing GOSUB
testing...
no interpolation path defined
executed 0
Prepare for CO2 analysis
close () {'description': 'Jan Inlet'}
closing name=--- desc=Jan Inlet
checking ownership. requestor=129.138.12.150
check software interlocks R
interlocks []
actuate state mode=None-script, software_lock=False
doing actuation None-script close_channel False
Close R ===>> OK
GetIndicatorState R ===>> False
change switch state (True, True)
update switch state R False args=() kw={} ncanvase=2
19:53:14 -- CLOSE  VALVE-R (Jan Inlet)
---------------------------------------- close None (Jan Inlet) result=[(True, True)]
action=close, ok=True, locked=[False]
open () {'description': 'Jan Ion Pump'}
opening name=--- desc=Jan Ion Pump
checking ownership. requestor=129.138.12.150
check software interlocks O
interlocks []
actuate state mode=None-script, software_lock=False
doing actuation None-script open_channel False
Open O ===>> OK
GetIndicatorState O ===>> OK
change switch state (True, True)
update switch state O True args=() kw={} ncanvase=2
19:53:15 -- OPEN   VALVE-O (Jan Ion Pump)
---------------------------------------- open None (Jan Ion Pump) result=[(True, True)], time=0.10 sec
action=open, ok=True, locked=[False]
close () {'description': 'Microbone to Minibone'}
closing name=--- desc=Microbone to Minibone
checking ownership. requestor=129.138.12.150
check software interlocks L
interlocks []
actuate state mode=None-script, software_lock=False
doing actuation None-script close_channel False
Close L ===>> OK
GetIndicatorState L ===>> False
change switch state (True, True)
update switch state L False args=() kw={} ncanvase=2
19:53:15 -- CLOSE  VALVE-L (Microbone to Minibone)
---------------------------------------- close None (Microbone to Minibone) result=[(True, True)]
action=close, ok=True, locked=[False]
open () {'description': 'Microbone to Turbo'}
opening name=--- desc=Microbone to Turbo
checking ownership. requestor=129.138.12.150
check software interlocks U
interlocks []
actuate state mode=None-script, software_lock=False
doing actuation None-script open_channel False
Open U ===>> OK
GetIndicatorState U ===>> OK
change switch state (True, True)
update switch state U True args=() kw={} ncanvase=2
19:53:16 -- OPEN   VALVE-U (Microbone to Turbo)
---------------------------------------- open None (Microbone to Turbo) result=[(True, True)], time=0.12 sec
action=open, ok=True, locked=[False]
open () {'description': 'Microbone to Inlet Pipette'}
opening name=--- desc=Microbone to Inlet Pipette
checking ownership. requestor=129.138.12.150
check software interlocks S
interlocks []
actuate state mode=None-script, software_lock=False
doing actuation None-script open_channel False
Open S ===>> OK
GetIndicatorState S ===>> OK
change switch state (True, True)
update switch state S True args=() kw={} ncanvase=2
19:53:16 -- OPEN   VALVE-S (Microbone to Inlet Pipette)
---------------------------------------- open None (Microbone to Inlet Pipette) result=[(True, True)], time=0.40 sec
Get Checksum: -569565255
action=open, ok=True, locked=[False]
open () {'description': 'Microbone to Getter D-50'}
opening name=--- desc=Microbone to Getter D-50
checking ownership. requestor=129.138.12.150
check software interlocks K
interlocks []
actuate state mode=None-script, software_lock=False
doing actuation None-script open_channel False
Open K ===>> OK
GetIndicatorState K ===>> OK
change switch state (True, True)
update switch state K True args=() kw={} ncanvase=2
19:53:17 -- OPEN   VALVE-K (Microbone to Getter D-50)
---------------------------------------- open None (Microbone to Getter D-50) result=[(True, True)], time=0.42 sec
action=open, ok=True, locked=[False]
open () {'description': 'Microbone to Getter NP-10'}
opening name=--- desc=Microbone to Getter NP-10
checking ownership. requestor=129.138.12.150
check software interlocks M
interlocks []
actuate state mode=None-script, software_lock=False
doing actuation None-script open_channel False
Open M ===>> OK
GetIndicatorState M ===>> OK
change switch state (True, True)
update switch state M True args=() kw={} ncanvase=2
19:53:17 -- OPEN   VALVE-M (Microbone to Getter NP-10)
---------------------------------------- open None (Microbone to Getter NP-10) result=[(True, True)], time=0.15 sec
action=open, ok=True, locked=[False]
close () {'description': 'CO2 Laser to Felix'}
closing name=--- desc=CO2 Laser to Felix
checking ownership. requestor=129.138.12.150
check software interlocks F
interlocks []
actuate state mode=None-script, software_lock=True
VALVE-F(CO2 Laser to Felix) software locked
change switch state (True, False)
---------------------------------------- close None (CO2 Laser to Felix) result=[(True, False)]
action=close, ok=True, locked=[True]
open () {'description': 'CO2 Laser to Jan'}
opening name=--- desc=CO2 Laser to Jan
checking ownership. requestor=129.138.12.150
check software interlocks A
interlocks []
actuate state mode=None-script, software_lock=False
doing actuation None-script open_channel False
Open A ===>> OK
GetIndicatorState A ===>> OK
change switch state (True, True)
update switch state A True args=() kw={} ncanvase=2
19:53:18 -- OPEN   VALVE-A (CO2 Laser to Jan)
---------------------------------------- open None (CO2 Laser to Jan) result=[(True, True)], time=0.12 sec
action=open, ok=True, locked=[False]
open () {'description': 'Microbone to CO2 Laser'}
opening name=--- desc=Microbone to CO2 Laser
checking ownership. requestor=129.138.12.150
check software interlocks T
interlocks []
actuate state mode=None-script, software_lock=False
doing actuation None-script open_channel False
Open T ===>> OK
GetIndicatorState T ===>> OK
change switch state (True, True)
update switch state T True args=() kw={} ncanvase=2
19:53:19 -- OPEN   VALVE-T (Microbone to CO2 Laser)
---------------------------------------- open None (Microbone to CO2 Laser) result=[(True, True)], time=0.41 sec
action=open, ok=True, locked=[False]
executed 0
PrepareForCO2Analysis.py completed successfully
gosub finished
set_motor ('beam', '1.25') {}
setting motor "beam" to 1.25
set motor beam to 1.25
SetMotor beam,1.25 ===>> OK
Get Checksum: -569565255
GetMotorMoving beam ===>> False
GetMotorMoving beam ===>> False
Block completed
move_to_position ('71',) {'autocenter': True}
FusionsCO2 move to position 71
sending GoToHole 71,True
GoToHole 71,True ===>> OK
GetDriveMoving ===>> OK
GetDriveMoving ===>> OK
GetDriveMoving ===>> OK
GetDriveMoving ===>> OK
GetDriveMoving ===>> OK
GetDriveMoving ===>> OK
GetDriveMoving ===>> False
GetDriveMoving ===>> OK
Get Checksum: -569565255
GetDriveMoving ===>> OK
GetDriveMoving ===>> OK
GetDriveMoving ===>> False
Block completed
GetAutoCorrecting ===>> False
GetAutoCorrecting ===>> False
Block completed
update position
GetPosition ===>> -11.96340,3.98780,1.00000
got position (-11.9634, 3.9878, 1.0)
move to position succeeded
sleep (5,) {}
SLEEP 5.0
block started
WaitControl setup for 5.0  
Get Checksum: -569565255
Get Checksum: -569565255
Join finished
block finished. duration 5.01812410355
close () {'description': 'Microbone to Turbo'}
closing name=--- desc=Microbone to Turbo
checking ownership. requestor=129.138.12.150
check software interlocks U
interlocks []
actuate state mode=None-script, software_lock=False
doing actuation None-script close_channel True
Close U ===>> OK
GetIndicatorState U ===>> False
change switch state (True, True)
update switch state U False args=() kw={} ncanvase=2
19:53:29 -- CLOSE  VALVE-U (Microbone to Turbo)
---------------------------------------- close None (Microbone to Turbo) result=[(True, True)]
action=close, ok=True, locked=[False]
enable laser
enable () {}
set extraction state FusionsCO2 Enabled (False, 'red', 1.5)
enabling laser
Enable ===>> OK
begin interval
BEGIN INTERVAL Interval 1 waiting for 30.0
block started
WaitControl setup for 30.0  
set extract to 5.0
extract (5.0,) {}
GetPosition ===>> -11.96340,3.98780,1.00000
set extraction state FusionsCO2 ON! 5.0(watts) (0.75, 'red', 1.5)
extract sample to 5.0 (watts)
set laser output
SetLaserOutput 5.0,watts ===>> OK
executing pattern triangle.lp
execute_pattern ('triangle.lp',) {}
executing pattern triangle.lp
IsPatterning ===>> OK
Get Checksum: 743130707
IsPatterning ===>> OK
IsPatterning ===>> OK
IsPatterning ===>> OK
Get Checksum: 743130707
IsPatterning ===>> OK
IsPatterning ===>> OK
Get Checksum: 743130707
IsPatterning ===>> OK
IsPatterning ===>> OK
IsPatterning ===>> OK
Get Checksum: 743130707
IsPatterning ===>> OK
IsPatterning ===>> OK
set states for children of C. state=False
set states for children of B. state=True
handle state [('C', False), ('B', True)]
update switch state C False args=() kw={'refresh': True} ncanvase=2
update switch state B True args=() kw={'refresh': False} ncanvase=2
IsPatterning ===>> OK
refresh_canvas_needed fired
IsPatterning ===>> OK
Get Checksum: 2118110381
IsPatterning ===>> OK
IsPatterning ===>> OK
Get Checksum: 2118110381
IsPatterning ===>> OK
IsPatterning ===>> OK
IsPatterning ===>> OK
Get Checksum: 2118110381
IsPatterning ===>> OK
IsPatterning ===>> OK
IsPatterning ===>> OK
Get Checksum: 2118110381
IsPatterning ===>> OK
IsPatterning ===>> OK
IsPatterning ===>> OK
Get Checksum: 2118110381
IsPatterning ===>> OK
IsPatterning ===>> OK
IsPatterning ===>> False
IsPatterning ===>> False
Block completed
COMPLETE INTERVAL waiting for Interval 1 to complete
Join finished
block finished. duration 30.0879511833
Interval 1 finished
end_extract () {}
ending extraction. set laser power to 0
set laser power 0
SetLaserPower 0 ===>> OK
disable () {}
%%%%%%%%%%%%%%%%%%%%%%%%%%%%%%%%%%% disable
set extraction state False (0.75, 'red', 1.5)
disabling laser
Disable ===>> OK
sleep (30.0,) {}
SLEEP 30.0
block started
WaitControl setup for 30.0  
Get Checksum: 2118110381
set states for children of B. state=False
handle state [('B', False)]
update switch state B False args=() kw={'refresh': False} ncanvase=2
refresh_canvas_needed fired
Get Checksum: -548444645
Get Checksum: -548444645
Get Checksum: -548444645
Get Checksum: -548444645
Get Checksum: -548444645
Get Checksum: -548444645
Get Checksum: -548444645
Get Checksum: -548444645
Get Checksum: -548444645
Join finished
block finished. duration 30.074021101
executed 166.5
jan_co2.py completed successfully
GetAchievedOutput ===>> No Response
Requested Output= 0.000
Achieved Output=  0.000
GetResponseBlob ===>> No Response
GetOutputBlob ===>> No Response
persistence save...
persistence save - db
AutomatedRunPersister post_extraction_save deprecated
persistence save - dvc
no extraction position for 71
create new session 4983587952
close session 4983587952
Extraction Finished
19:54:31 -- ******* Extraction Finished *******
no overlap. not waiting for min ms pumptime
19:54:31 -- Sending spectrometer configuration
======== Sending configuration ========
SetDeflection CDD,50.0 ===>> OK
SetDeflection H2,0.0 ===>> OK
SetDeflection H1,0.0 ===>> OK
SetDeflection L2,825.0 ===>> OK
SetDeflection L1,400.0 ===>> OK
SetDeflection AX,190.0 ===>> OK
SetZFocus 74.64 ===>> OK
SetZSymmetry -50.72 ===>> OK
SetExtractionLens 26.13 ===>> OK
SetIonRepeller -3.81 ===>> OK
SetElectronEnergy 75.08 ===>> OK
SetYSymmetry -2.81 ===>> OK
SetIonCounterVoltage 1590.0 ===>> OK
send trap current 200.0
GetParameter Trap Current Readback ===>> 198.147042666178
SetParameter Trap Current Set,200.0 ===>> OK
updating mftable name mftable
Using mftable located at /Users/jan/PychronDev/setupfiles/spectrometer/mftables/mftable.csv
============ MFtable ===========
Isotope  H2     H1     AX     L1     L2     CDD    
Ar40     5.7836 5.8791 5.9925 6.1235 6.2307 6.3518
Ar39     5.6829 5.7714 5.8850 6.0096 6.1159 6.2382
Ar36     5.3604 5.4404 5.5483 5.6684 5.7709 5.8894
================================
get initial guess parabolic
get initial guess parabolic
get initial guess parabolic
get initial guess parabolic
get initial guess parabolic
get initial guess parabolic
======== Configuration Finished ========
GetYSymmetry ===>> -2.81
GetZSymmetry ===>> -50.72
GetParameter Trap Current Readback ===>> 197.811389855338
GetHighVoltage ===>> 4500
start measurement
do measurement
L#=65574 analysis type=unknown
Measurement Started jan_unknown120_60.py
19:54:31 -- ******* Measurement Started jan_unknown120_60.py *******
state changed from extraction to measurement
setting spec, defl, and gains
GetExtractionLens ===>> 26.13
GetYSymmetry ===>> -2.81
GetZSymmetry ===>> -50.72
GetZFocus ===>> 74.64
GetDeflection H2 ===>> 0
GetDeflection H1 ===>> 0
GetDeflection AX ===>> 190
GetDeflection L1 ===>> 400
GetDeflection L2 ===>> 825
GetDeflection CDD ===>> 50
GetGain H2 ===>> 0.0113
GetGain H1 ===>> 0.1
GetGain AX ===>> 0.097049
GetGain L1 ===>> 0.010355
GetGain L2 ===>> 0.095649
GetGain CDD ===>> 0
pre measurement save
New frame /Users/jan/PychronDev/data/isotopes/a8/ccbd7a-db5b-468e-acb2-f8fceecfa643.h5
flush and close file /Users/jan/PychronDev/data/isotopes/a8/ccbd7a-db5b-468e-acb2-f8fceecfa643.h5
testing...
no interpolation path defined
executed 226.132928
unknown measurement script
activate_detectors ('H2', 'H1', 'AX', 'L1', 'L2', 'CDD') {}
activate detectors
*************** Set Analysis View Ar/Ar
create graphs
Get Checksum: -548444645
clearing graphs
clear isotope group
setting isotope det=H2, iso=PM41
setting isotope det=H1, iso=Ar40
setting isotope det=AX, iso=Ar39
setting isotope det=L1, iso=Ar38
setting isotope det=L2, iso=Ar37
setting isotope det=CDD, iso=Ar36
setting previous blanks
 - setting Ar40 blank 0.772+/-0.007
 - setting Ar36 blank 0.00642+/-0.00020
 - setting Ar37 blank 0.048+/-0.005
 - setting Ar38 blank 0.0136+/-0.0020
 - setting PM41 blank 0.04+/-0.07
 - setting Ar39 blank 0.034+/-0.009
load analysis view
position_magnet ('Ar40',) {'detector': 'H1'}
detector Detector(H1)
POSITION Ar40 H1
setting detector H2 to PM41 (40.9624)
setting detector H1 to Ar40 (39.9624)
setting detector AX to Ar39 (38.9624)
setting detector L1 to Ar38 (37.9624)
setting detector L2 to Ar37 (36.9624)
setting detector CDD to Ar36 (35.9624)
Mapping mass to dac mass func: "parabolic"
H1 map mass coeffs = [-0.00063987  0.15840543  0.57069999]
H1 map mass to dac 39.9624 >> 5.87909
GetDeflection H1 ===>> 0
GetHighVoltage ===>> 4500
positioning Ar40 (5.87909) on H1
setting magnet DAC
current  : 5.879092
requested: 5.879090
Delta Dac: 0.000002
Checking detector protection. dv=0.00000
Checking detector "CDD". Protection Threshold: 0.1 (V)
SetMagnetDAC 5.87909 ===>> OK
Magnet settling time: 0.500
equilibrate () {'delay': 3, 'inlet': 'R', 'outlet': 'O', 'eqtime': 12.0}
Equilibration Started
19:54:32 -- ******* Equilibration Started *******
checking ownership. requestor=129.138.12.150
check software interlocks O
interlocks []
actuate state mode=None-script, software_lock=False
doing actuation None-script close_channel True
Close O ===>> OK
GetIndicatorState O ===>> False
change switch state (True, True)
update switch state O False args=() kw={} ncanvase=2
19:54:32 -- CLOSE  VALVE-O (Jan Ion Pump)
waiting 3s before opening inlet value ('R',)
Get Checksum: 1944010931
checking ownership. requestor=129.138.12.150
check software interlocks R
interlocks []
actuate state mode=None-script, software_lock=False
doing actuation None-script open_channel True
Open R ===>> OK
GetIndicatorState R ===>> OK
change switch state (True, True)
update switch state R True args=() kw={} ncanvase=2
19:54:36 -- OPEN   VALVE-R (Jan Inlet)
equilibrating for 12.0sec
set_time_zero () {}
sniff (12.0,) {}
py_sniff
build tables- sniff [Detector(H2), Detector(H1), Detector(AX), Detector(L1), Detector(L2), Detector(CDD)]
add group /sniff/PM41 (Group) '' table H2
add group /sniff/Ar40 (Group) '' table H1
add group /sniff/Ar39 (Group) '' table AX
add group /sniff/Ar38 (Group) '' table L1
add group /sniff/Ar37 (Group) '' table L2
add group /sniff/Ar36 (Group) '' table CDD
flush and close file /Users/jan/PychronDev/data/isotopes/a8/ccbd7a-db5b-468e-acb2-f8fceecfa643.h5
measuring sniff. ncounts=12.0
starting measurement
GetData ===>> H2,-0.156578938413768,H1,1.00581644534528,AX,0.159886571494355,L1,-0.0164118344803095,L2,0.011227...
Get Checksum: 714864715
GetData ===>> H2,0.685539532230111,H1,380.847185233879,AX,99.8639381464518,L1,0.443758638184152,L2,0.9623849856...
GetData ===>> H2,0.745445468169406,H1,849.933892190458,AX,214.753633344381,L1,1.55664008785861,L2,1.57494293650...
GetData ===>> H2,0.245408822672073,H1,1001.78452852606,AX,247.360413510418,L1,2.34127677264197,L2,1.70120453129...
Get Checksum: 714864715
GetData ===>> H2,-0.0757712016297952,H1,1052.66338718216,AX,257.152117929624,L1,2.75205379868087,L2,1.643777779...
GetData ===>> H2,0.011182180472585,H1,1072.10058840445,AX,260.881243919339,L1,3.01972703229978,L2,1.76149700051...
GetData ===>> H2,-0.0710939840875795,H1,1079.93640547634,AX,262.220197458762,L1,3.15127205497047,L2,1.684170725...
Get Checksum: 714864715
GetData ===>> H2,-0.0406604841305747,H1,1083.36782266643,AX,263.029884041089,L1,3.24497739731476,L2,1.769316563...
GetData ===>> H2,-0.0708444784648123,H1,1085.05721504439,AX,263.311996208493,L1,3.29323057038897,L2,1.700284329...
GetData ===>> H2,-0.101026106246614,H1,1085.45650718777,AX,263.237863831843,L1,3.36725864104369,L2,1.8419192368...
Get Checksum: 714864715
GetData ===>> H2,-0.0125466453593372,H1,1085.54561612617,AX,263.393743698247,L1,3.33425154023105,L2,1.734202491...
Equilibration Finished
19:54:48 -- ******* Equilibration Finished *******
checking ownership. requestor=129.138.12.150
check software interlocks R
interlocks []
actuate state mode=None-script, software_lock=False
doing actuation None-script close_channel True
GetData ===>> H2,-0.0944641292826918,H1,1085.72984939867,AX,263.203751402372,L1,3.34921944449078,L2,1.660068601...
Close R ===>> OK
set states for children of R. state=False
handle state [('R', False)]
update switch state R False args=() kw={'refresh': False} ncanvase=2
refresh_canvas_needed fired
GetIndicatorState R ===>> False
change switch state (True, True)
update switch state R False args=() kw={} ncanvase=2
19:54:49 -- CLOSE  VALVE-R (Jan Inlet)
Post Equilibration Started jan_pump_extraction_line.py
19:54:49 -- ******* Post Equilibration Started jan_pump_extraction_line.py *******
testing...
no interpolation path defined
calculate duration
testing...
no interpolation path defined
executed 4.0
executed 4.0
Pump after analysis
doing GOSUB
testing...
no interpolation path defined
executed 4.0
Pump Microbone
close () {'description': 'Jan Inlet'}
closing name=--- desc=Jan Inlet
checking ownership. requestor=129.138.12.150
check software interlocks R
interlocks []
actuate state mode=None-script, software_lock=False
doing actuation None-script close_channel False
Close R ===>> OK
measurement finished
estimated time: 12.583 actual time: :12.664
flush and close file /Users/jan/PychronDev/data/isotopes/a8/ccbd7a-db5b-468e-acb2-f8fceecfa643.h5
set_fits () {}
using default fits file=/Users/jan/PychronDev/scripts/measurement/fits/nominal_linear.yaml
set "Ar40" to "('Linear', 'SEM')"
No fit for "PM41". defaulting to linear. check the measurement script "jan_unknown120_60.py"
set "PM41" to "linear"
set "Ar36" to "('Linear', 'SEM')"
set "Ar37" to "('linear', 'SEM')"
set "Ar38" to "('linear', 'SEM')"
set "Ar39" to "('Linear', 'SEM')"
set_baseline_fits () {}
using default fits file=/Users/jan/PychronDev/scripts/measurement/fits/nominal_linear.yaml
GetIndicatorState R ===>> False
change switch state (True, True)
update switch state R False args=() kw={} ncanvase=2
set "H1" to "('average', 'SEM')"
set "H2" to "('average', 'SEM')"
set "CDD" to "('average', 'SEM')"
set "L2" to "('average', 'SEM')"
set "L1" to "('average', 'SEM')"
19:54:49 -- CLOSE  VALVE-R (Jan Inlet)
set "AX" to "('average', 'SEM')"
---------------------------------------- close None (Jan Inlet) result=[(True, True)]
multicollect () {'integration_time': 1, 'ncounts': 120}
build tables- signal [Detector(H2), Detector(H1), Detector(AX), Detector(L1), Detector(L2), Detector(CDD)]
add group /signal/PM41 (Group) '' table H2
add group /signal/Ar40 (Group) '' table H1
add group /signal/Ar39 (Group) '' table AX
add group /signal/Ar38 (Group) '' table L1
add group /signal/Ar37 (Group) '' table L2
add group /signal/Ar36 (Group) '' table CDD
flush and close file /Users/jan/PychronDev/data/isotopes/a8/ccbd7a-db5b-468e-acb2-f8fceecfa643.h5
measuring signal. ncounts=120
action=close, ok=True, locked=[False]
is_closed ('F',) {}
is F () closed?
is closed True
open () {'description': 'CO2 Laser to Jan'}
opening name=--- desc=CO2 Laser to Jan
checking ownership. requestor=129.138.12.150
check software interlocks A
interlocks []
actuate state mode=None-script, software_lock=False
doing actuation None-script open_channel False
Open A ===>> OK
GetIndicatorState A ===>> OK
change switch state (True, True)
update switch state A True args=() kw={} ncanvase=2
19:54:50 -- OPEN   VALVE-A (CO2 Laser to Jan)
---------------------------------------- open None (CO2 Laser to Jan) result=[(True, True)], time=0.12 sec
starting measurement
GetData ===>> H2,0.0310162143084797,H1,1085.06594762229,AX,263.190080567326,L1,3.38843301526438,L2,1.6255242907...
Get Checksum: 1944010931
action=open, ok=True, locked=[False]
sleep (1,) {}
SLEEP 1.0
close () {'description': 'CO2 Laser to Roughing'}
closing name=--- desc=CO2 Laser to Roughing
checking ownership. requestor=129.138.12.150
GetData ===>> H2,0.0245307096651141,H1,1085.03745227994,AX,263.263765382719,L1,3.39928648135231,L2,1.6790991201...
check software interlocks G
interlocks []
actuate state mode=None-script, software_lock=True
VALVE-G(CO2 Laser to Roughing) software locked
change switch state (True, False)
---------------------------------------- close None (CO2 Laser to Roughing) result=[(True, False)]
action=close, ok=True, locked=[True]
open () {'description': 'Microbone to Turbo'}
opening name=--- desc=Microbone to Turbo
checking ownership. requestor=129.138.12.150
check software interlocks U
interlocks []
actuate state mode=None-script, software_lock=False
doing actuation None-script open_channel True
Open U ===>> OK
GetIndicatorState U ===>> OK
change switch state (True, True)
update switch state U True args=() kw={} ncanvase=2
19:54:51 -- OPEN   VALVE-U (Microbone to Turbo)
---------------------------------------- open None (Microbone to Turbo) result=[(True, True)], time=0.17 sec
action=open, ok=True, locked=[False]
open () {'description': 'Microbone to Getter NP-10'}
opening name=--- desc=Microbone to Getter NP-10
checking ownership. requestor=129.138.12.150
check software interlocks M
interlocks []
actuate state mode=None-script, software_lock=False
doing actuation None-script open_channel False
Open M ===>> OK
GetIndicatorState M ===>> OK
change switch state (True, True)
update switch state M True args=() kw={} ncanvase=2
19:54:51 -- OPEN   VALVE-M (Microbone to Getter NP-10)
---------------------------------------- open None (Microbone to Getter NP-10) result=[(True, True)], time=0.14 sec
action=open, ok=True, locked=[False]
open () {'description': 'Microbone to Getter D-50'}
opening name=--- desc=Microbone to Getter D-50
checking ownership. requestor=129.138.12.150
check software interlocks K
interlocks []
actuate state mode=None-script, software_lock=False
doing actuation None-script open_channel False
GetData ===>> H2,-0.113496068345184,H1,1084.75917567685,AX,263.308530432233,L1,3.42688760517021,L2,1.6979033496...
Open K ===>> OK
GetIndicatorState K ===>> OK
change switch state (True, True)
update switch state K True args=() kw={} ncanvase=2
19:54:52 -- OPEN   VALVE-K (Microbone to Getter D-50)
---------------------------------------- open None (Microbone to Getter D-50) result=[(True, True)], time=0.40 sec
action=open, ok=True, locked=[False]
open () {'description': 'Microbone to CO2 Laser'}
opening name=--- desc=Microbone to CO2 Laser
checking ownership. requestor=129.138.12.150
check software interlocks T
interlocks []
actuate state mode=None-script, software_lock=False
doing actuation None-script open_channel False
Open T ===>> OK
GetIndicatorState T ===>> OK
change switch state (True, True)
update switch state T True args=() kw={} ncanvase=2
19:54:53 -- OPEN   VALVE-T (Microbone to CO2 Laser)
---------------------------------------- open None (Microbone to CO2 Laser) result=[(True, True)], time=0.40 sec
Get Checksum: 1334048640
GetData ===>> H2,-0.154879325989201,H1,1084.1120385718,AX,262.916325726299,L1,3.39802954699235,L2,1.70053738442...
action=open, ok=True, locked=[False]
open () {'description': 'Microbone to Inlet Pipette'}
opening name=--- desc=Microbone to Inlet Pipette
checking ownership. requestor=129.138.12.150
check software interlocks S
interlocks []
actuate state mode=None-script, software_lock=False
doing actuation None-script open_channel False
Open S ===>> OK
GetIndicatorState S ===>> OK
change switch state (True, True)
update switch state S True args=() kw={} ncanvase=2
19:54:53 -- OPEN   VALVE-S (Microbone to Inlet Pipette)
---------------------------------------- open None (Microbone to Inlet Pipette) result=[(True, True)], time=0.42 sec
action=open, ok=True, locked=[False]
sleep (1,) {}
SLEEP 1.0
GetData ===>> H2,-0.0487123784256168,H1,1083.88756750584,AX,263.038913309042,L1,3.37160025870448,L2,1.727420302...
set_resource () {'name': 'CO2PumpTimeFlag', 'value': 30}
Set CO2PumpTimeFlag 30 ===>> OK
release ('JanCO2Flag',) {}
release JanCO2Flag
Set JanCO2Flag 0 ===>> OK
executed 6.0
PumpMicrobone.py completed successfully
gosub finished
get_resource_value () {'name': 'JanMiniboneFlag'}
Read JanMiniboneFlag ===>> 0
Get Resource Value JanMiniboneFlag=0.0
get resource value 0.0
get_resource_value () {'name': 'JanMiniboneFlag'}
Read JanMiniboneFlag ===>> 0
Get Resource Value JanMiniboneFlag=0.0
executed 4.0
jan_pump_extraction_line.py completed successfully
Post Equilibration Finished
19:54:55 -- ******* Post Equilibration Finished *******
GetData ===>> H2,-0.0168773373155418,H1,1083.33768159933,AX,262.671656614615,L1,3.39527205644601,L2,1.728546802...
Get Checksum: 1334048640
GetData ===>> H2,-0.105415342552923,H1,1082.99517123434,AX,262.716281625546,L1,3.381791149552,L2,1.655998512040...
GetData ===>> H2,-0.169381336094349,H1,1082.32920480507,AX,262.349559751099,L1,3.36897408865311,L2,1.6339839164...
GetData ===>> H2,-0.17603700479638,H1,1081.68852066303,AX,262.186276593957,L1,3.38243608495135,L2,1.65254941846...
Get Checksum: 1334048640
GetData ===>> H2,-0.109568861154762,H1,1082.00922188646,AX,262.007902189485,L1,3.37395520654876,L2,1.7138811981...
GetData ===>> H2,-0.086169422485709,H1,1080.81581101918,AX,262.175442579692,L1,3.36893067423813,L2,1.6857808150...
GetData ===>> H2,-0.110846943193822,H1,1080.33914627028,AX,262.076921124532,L1,3.38768738234091,L2,1.7624629122...
Get Checksum: 1334048640
GetData ===>> H2,-0.162601188424319,H1,1079.57036609228,AX,262.092246375683,L1,3.38954174106678,L2,1.7428131105...
GetData ===>> H2,-0.153301079286488,H1,1079.18563550848,AX,262.049049769115,L1,3.37991963509395,L2,1.7002613250...
GetData ===>> H2,-0.200012437142089,H1,1078.75456049526,AX,261.918978057358,L1,3.35243825222073,L2,1.6737287989...
Get Checksum: 1334048640
GetData ===>> H2,-0.204151064236206,H1,1078.33479607231,AX,261.831290669973,L1,3.34526431807576,L2,1.7449745078...
GetData ===>> H2,-0.083623245526678,H1,1078.22507490697,AX,261.716052126341,L1,3.38109297674698,L2,1.7550693342...
set states for children of V. state=False
handle state [('V', False)]
update switch state V False args=() kw={'refresh': False} ncanvase=2
refresh_canvas_needed fired
GetData ===>> H2,-0.14635065455123,H1,1077.87592449987,AX,261.681240281056,L1,3.35438675918074,L2,1.75727699965...
Get Checksum: 1459125137
GetData ===>> H2,-0.195116703741524,H1,1077.61664999863,AX,261.634578982154,L1,3.37416957085166,L2,1.6977883278...
set states for children of H. state=True
handle state [('H', True)]
update switch state H True args=() kw={'refresh': False} ncanvase=2
refresh_canvas_needed fired
GetData ===>> H2,-0.0755570406364376,H1,1077.09359472761,AX,261.284408257377,L1,3.3531115144169,L2,1.6626096194...
GetData ===>> H2,-0.148660419339669,H1,1076.54287519744,AX,261.442986628165,L1,3.33995255570066,L2,1.6654841552...
Get Checksum: 1032510184
GetData ===>> H2,-0.320572597769624,H1,1076.3156253902,AX,261.284679951948,L1,3.31500441348861,L2,1.64920391550...
GetData ===>> H2,-0.25643956400644,H1,1075.02783271528,AX,261.336144742461,L1,3.3098708823985,L2,1.651296278339...
GetData ===>> H2,-0.196573663824993,H1,1074.65404516181,AX,261.119700207912,L1,3.27894840465877,L2,1.6667144827...
Get Checksum: 1032510184
19:55:15 -- collecting point 25
GetData ===>> H2,-0.186020564382688,H1,1074.87689872492,AX,260.975722707031,L1,3.31202518274992,L2,1.6023675617...
GetData ===>> H2,-0.0506641198207339,H1,1074.87857050695,AX,260.724154849575,L1,3.32343212513315,L2,1.710499057...
Get Checksum: 1032510184
GetData ===>> H2,-0.0579537246764988,H1,1074.01455858316,AX,260.702745746795,L1,3.38412945804821,L2,1.614962293...
GetData ===>> H2,-0.0280464793100995,H1,1073.84760382078,AX,260.728388066428,L1,3.34140518328151,L2,1.712661773...
GetData ===>> H2,-0.0238260223011054,H1,1072.85224347744,AX,260.468343607157,L1,3.3269512897547,L2,1.7808630759...
Get Checksum: 1032510184
GetData ===>> H2,0.0162694737742915,H1,1072.30359587283,AX,260.526195309046,L1,3.35193438060622,L2,1.6288574785...
GetData ===>> H2,0.0151886766828478,H1,1072.16428842411,AX,260.364957744885,L1,3.32647604305392,L2,1.7303170438...
GetData ===>> H2,-0.0519886160688873,H1,1071.53373075012,AX,260.296102078548,L1,3.32966056355406,L2,1.749895316...
Get Checksum: 1032510184
GetData ===>> H2,-0.103836062441394,H1,1071.26639509502,AX,259.946821087374,L1,3.32825831744079,L2,1.7083478928...
GetData ===>> H2,-0.11182842339525,H1,1071.31095270466,AX,260.195706940562,L1,3.36178899147926,L2,1.67517772129...
GetData ===>> H2,-0.0368085156623092,H1,1070.81265880878,AX,260.137789101704,L1,3.31159764419689,L2,1.603895849...
Get Checksum: 1032510184
GetData ===>> H2,-0.0227314162165922,H1,1070.28899201361,AX,259.718755454551,L1,3.30814716835839,L2,1.633616091...
GetData ===>> H2,-0.0389857572226567,H1,1069.15398004203,AX,259.792737868154,L1,3.30294479782567,L2,1.714870554...
GetData ===>> H2,-0.226964067548116,H1,1069.18567769266,AX,259.502832341352,L1,3.30495882568927,L2,1.6327540063...
Get Checksum: 1032510184
GetData ===>> H2,-0.22916118788911,H1,1068.97318039685,AX,259.460611137369,L1,3.33505161390021,L2,1.64084641334...
GetData ===>> H2,-0.171654874794106,H1,1068.1950718818,AX,259.382860581992,L1,3.31643420993217,L2,1.68101962880...
GetData ===>> H2,-0.154165899214059,H1,1067.90925856006,AX,259.272925679939,L1,3.28797944245543,L2,1.6212487838...
Get Checksum: 1032510184
GetData ===>> H2,-0.119631218349714,H1,1067.55237155234,AX,258.992044991035,L1,3.25222333371938,L2,1.7797244639...
GetData ===>> H2,-0.0986676972431098,H1,1066.92672483072,AX,259.108010943057,L1,3.27762822122078,L2,1.775170150...
GetData ===>> H2,-0.0684725458169685,H1,1066.93201123474,AX,258.915319587106,L1,3.31439788583722,L2,1.685159777...
set states for children of H. state=False
handle state [('H', False)]
update switch state H False args=() kw={'refresh': False} ncanvase=2
refresh_canvas_needed fired
Get Checksum: 1459125137
GetData ===>> H2,-0.250247930270506,H1,1066.74823985764,AX,258.728416743796,L1,3.31187847658772,L2,1.6259725403...
GetData ===>> H2,-0.0878346634833454,H1,1066.08460611979,AX,258.991423081111,L1,3.26514965698681,L2,1.618743332...
set states for children of C. state=True
set states for children of B. state=True
set states for children of D. state=True
handle state [('C', True), ('B', True), ('D', True)]
update switch state C True args=() kw={'refresh': True} ncanvase=2
update switch state B True args=() kw={'refresh': True} ncanvase=2
update switch state D True args=() kw={'refresh': False} ncanvase=2
refresh_canvas_needed fired
GetData ===>> H2,-0.0859148304457956,H1,1065.2989649277,AX,258.879263827904,L1,3.24489522536244,L2,1.6772706475...
Get Checksum: 799532470
GetData ===>> H2,-0.24263179949356,H1,1065.15589415851,AX,258.524041939169,L1,3.29308257974498,L2,1.68112313035...
GetData ===>> H2,-0.14973814857767,H1,1064.94231211886,AX,258.711314231176,L1,3.29118678949279,L2,1.70921065346...
19:55:41 -- collecting point 50
GetData ===>> H2,-0.127786888488263,H1,1064.46284945004,AX,258.44002230084,L1,3.23101373128929,L2,1.71930529216...
GetData ===>> H2,-0.154271294632428,H1,1063.81746415197,AX,258.051584955292,L1,3.23211088524963,L2,1.5715426885...
Get Checksum: 799532470
GetData ===>> H2,-0.134586520233131,H1,1063.14527950996,AX,258.004208373992,L1,3.27472183030012,L2,1.7532411496...
GetData ===>> H2,-0.169988557261961,H1,1062.31827936829,AX,258.087420755516,L1,3.28811620434395,L2,1.5345994994...
GetData ===>> H2,-0.111389813760251,H1,1062.14419309632,AX,258.016105546554,L1,3.27839575161858,L2,1.7408357042...
Get Checksum: 799532470
GetData ===>> H2,-0.158782110638685,H1,1061.96731893982,AX,258.180238904492,L1,3.24666413903325,L2,1.6387082966...
GetData ===>> H2,-0.153314592605248,H1,1061.76509415897,AX,258.031402830186,L1,3.28321838897027,L2,1.6480772773...
GetData ===>> H2,-0.134683883903878,H1,1061.57257376586,AX,257.935589272328,L1,3.29582769155222,L2,1.6587463781...
Get Checksum: 799532470
GetData ===>> H2,-0.105056742084702,H1,1061.13235739316,AX,257.709821781347,L1,3.27099745847085,L2,1.7448135510...
GetData ===>> H2,-0.0592326212364769,H1,1060.47636789078,AX,257.500516992849,L1,3.26518311248985,L2,1.651204305...
GetData ===>> H2,-0.137757171410741,H1,1059.75305215807,AX,257.224038915581,L1,3.24845561093787,L2,1.6270069704...
Get Checksum: 799532470
GetData ===>> H2,-0.202087332307126,H1,1059.80417053371,AX,257.262953424275,L1,3.26861280894221,L2,1.7192422497...
GetData ===>> H2,-0.167782164630221,H1,1059.72361498519,AX,257.329621875271,L1,3.28493899610827,L2,1.6763966727...
GetData ===>> H2,-0.166709176226744,H1,1059.20931571653,AX,257.366291645993,L1,3.29999825254568,L2,1.6526988766...
Get Checksum: 799532470
GetData ===>> H2,-0.149927213320516,H1,1058.28901101684,AX,256.744434746643,L1,3.27343839234897,L2,1.6529518063...
GetData ===>> H2,-0.154321289552326,H1,1058.2950111765,AX,256.803593227724,L1,3.31429586929104,L2,1.66067797945...
GetData ===>> H2,-0.137398911954784,H1,1057.76126622164,AX,256.877203858143,L1,3.31361531586153,L2,1.7846125393...
Get Checksum: 799532470
GetData ===>> H2,-0.106510018865803,H1,1057.12864624175,AX,256.696039528675,L1,3.25563818415001,L2,1.6342942701...
GetData ===>> H2,-0.0778854861634928,H1,1056.96858272872,AX,256.832485767166,L1,3.26618961025806,L2,1.735421037...
GetData ===>> H2,-0.10526378449082,H1,1056.50010488196,AX,256.543267297722,L1,3.26652419932334,L2,1.63274251190...
Get Checksum: 799532470
GetData ===>> H2,-0.0819286383985486,H1,1055.7102491443,AX,256.390446311994,L1,3.27374249862208,L2,1.5623304569...
GetData ===>> H2,-0.177681072201848,H1,1055.64625276028,AX,256.261037330704,L1,3.30283860314742,L2,1.6792946193...
GetData ===>> H2,-0.185622685796092,H1,1055.3374089426,AX,256.207154172905,L1,3.28343758349165,L2,1.63214480428...
Get Checksum: 799532470
GetData ===>> H2,-0.195814295747222,H1,1054.89933272785,AX,256.197775651854,L1,3.27909773710284,L2,1.6352023476...
GetData ===>> H2,-0.136455215916517,H1,1054.1210706499,AX,256.286590727538,L1,3.25440175378194,L2,1.61545646390...
Get Checksum: 799532470
19:56:08 -- collecting point 75
GetData ===>> H2,-0.157238178927132,H1,1053.53802174744,AX,256.42028944757,L1,3.24818951960721,L2,1.59401411641...
GetData ===>> H2,-0.163416694557774,H1,1053.34618953211,AX,256.228331179838,L1,3.24325115720258,L2,1.6932565814...
GetData ===>> H2,-0.142951338039346,H1,1053.46894678541,AX,255.974117090328,L1,3.25454950521417,L2,1.6672664104...
Get Checksum: 799532470
GetData ===>> H2,-0.167752473236508,H1,1052.68101003876,AX,255.804533702029,L1,3.23389467645526,L2,1.5680621534...
GetData ===>> H2,-0.208356892087545,H1,1052.2018463487,AX,255.749423178534,L1,3.22706037603734,L2,1.57737832292...
GetData ===>> H2,-0.0835920919588756,H1,1052.16384331075,AX,255.391055209702,L1,3.23340588222897,L2,1.662034722...
Get Checksum: 799532470
GetData ===>> H2,-0.0634371844332916,H1,1051.68425124749,AX,255.573461190001,L1,3.23269988221376,L2,1.702573347...
GetData ===>> H2,-0.144505206116589,H1,1050.53896384797,AX,255.183260151914,L1,3.22901739811422,L2,1.6642423452...
GetData ===>> H2,-0.143876928575681,H1,1050.66117090637,AX,255.273159377567,L1,3.20904738177245,L2,1.6241565676...
Get Checksum: 799532470
GetData ===>> H2,-0.103951098825799,H1,1049.94333498859,AX,255.074452528025,L1,3.23431525081248,L2,1.6251335107...
GetData ===>> H2,-0.0858444103644503,H1,1049.76722030577,AX,255.063838282471,L1,3.23193683745541,L2,1.671244982...
GetData ===>> H2,-0.14516722435818,H1,1049.31228173956,AX,255.002655317213,L1,3.21070118482985,L2,1.68418222630...
Get Checksum: 799532470
GetData ===>> H2,-0.276475291161175,H1,1048.89626364247,AX,254.816556004737,L1,3.27564403943333,L2,1.6877819634...
GetData ===>> H2,-0.146828855003982,H1,1048.13758138051,AX,254.872944606481,L1,3.26608365904818,L2,1.7162280596...
GetData ===>> H2,-0.223003594673389,H1,1048.33560575333,AX,254.86999758337,L1,3.21048418806577,L2,1.61681257111...
Get Checksum: 799532470
GetData ===>> H2,-0.141771607324964,H1,1047.81050052845,AX,254.812270513717,L1,3.19044105713541,L2,1.6835496985...
GetData ===>> H2,-0.0521690938974102,H1,1046.76983279008,AX,254.617419278676,L1,3.18461076973419,L2,1.628478178...
GetData ===>> H2,-0.124155357183809,H1,1046.72457237543,AX,254.374232561517,L1,3.2073882504595,L2,1.58820045355...
Get Checksum: 799532470
GetData ===>> H2,-0.212760486675413,H1,1046.62220791194,AX,254.281457676581,L1,3.22663032052337,L2,1.7421463062...
GetData ===>> H2,-0.0836191820226759,H1,1045.86506865768,AX,254.076472580711,L1,3.23625120211641,L2,1.792549000...
GetData ===>> H2,-0.00436861031610524,H1,1045.82503791759,AX,254.014300473292,L1,3.2432915751633,L2,1.740985157...
Get Checksum: 799532470
GetData ===>> H2,-0.022190956675284,H1,1045.21410644846,AX,253.912428579796,L1,3.22831305511559,L2,1.5932328132...
GetData ===>> H2,-0.0737934477628186,H1,1044.82976864174,AX,253.947530388644,L1,3.24603454223593,L2,1.610158634...
Get Checksum: 799532470
GetData ===>> H2,-0.0546425731475598,H1,1044.07303797146,AX,254.137823633219,L1,3.2081364296902,L2,1.7156988603...
GetData ===>> H2,-0.0561510909756272,H1,1043.83486248932,AX,253.969214448499,L1,3.19180173100146,L2,1.600276259...
19:56:34 -- collecting point 100
GetData ===>> H2,-0.113757292487736,H1,1043.52073667948,AX,253.711974847373,L1,3.23575395236509,L2,1.6577805920...
Get Checksum: 799532470
GetData ===>> H2,-0.104522203393934,H1,1043.09793646085,AX,253.407706124439,L1,3.23013107051613,L2,1.6022641446...
GetData ===>> H2,-0.125314166331432,H1,1042.55414707331,AX,253.505579463296,L1,3.21021294778199,L2,1.5960133620...
GetData ===>> H2,-0.0496760755791809,H1,1042.08910695988,AX,253.30982738237,L1,3.18563757721199,L2,1.5652020058...
Get Checksum: 799532470
GetData ===>> H2,-0.0770967413539631,H1,1041.46982418678,AX,253.371871028037,L1,3.20887074886718,L2,1.630144809...
GetData ===>> H2,-0.0229670644407853,H1,1041.33321962545,AX,252.734596272204,L1,3.19088162568081,L2,1.712224624...
GetData ===>> H2,-0.0770818332793549,H1,1041.05070121939,AX,252.836798777307,L1,3.18620299844436,L2,1.691439341...
Get Checksum: 799532470
GetData ===>> H2,-0.16746365289225,H1,1040.53909412792,AX,252.99156863108,L1,3.17678900139951,L2,1.678006632340...
GetData ===>> H2,-0.170825119779893,H1,1040.07555506974,AX,253.055523374241,L1,3.20592262566458,L2,1.6752122197...
GetData ===>> H2,-0.113349888482711,H1,1039.94817596343,AX,252.933472903114,L1,3.23776676041574,L2,1.6591257967...
Get Checksum: 799532470
GetData ===>> H2,-0.185065632279863,H1,1039.8577808375,AX,252.852134513985,L1,3.17183153928707,L2,1.59017660003...
GetData ===>> H2,-0.161525008554216,H1,1039.69662044848,AX,252.60456677464,L1,3.20668183527194,L2,1.66346047307...
GetData ===>> H2,-0.257692267543899,H1,1038.86297650337,AX,252.68630067192,L1,3.22126657036526,L2,1.67912212006...
Get Checksum: 799532470
GetData ===>> H2,-0.148888668793636,H1,1038.25932056136,AX,252.677901976912,L1,3.19837661897587,L2,1.5521199219...
GetData ===>> H2,-0.0973610200099888,H1,1037.58434456702,AX,252.414553504656,L1,3.19964363865708,L2,1.613870532...
GetData ===>> H2,-0.053939796059594,H1,1037.52931262815,AX,252.1072197378,L1,3.22985264246476,L2,1.614215297748...
Get Checksum: 799532470
GetData ===>> H2,-0.127904494983596,H1,1036.95975335474,AX,251.961400060743,L1,3.22314490285713,L2,1.6344896784...
GetData ===>> H2,-0.1802290399983,H1,1036.52455865751,AX,252.129720764055,L1,3.19332937727712,L2,1.574380049339...
GetData ===>> H2,-0.042519495523818,H1,1035.98400895528,AX,251.839483728507,L1,3.18945018615602,L2,1.7236730600...
Get Checksum: 799532470
GetData ===>> H2,-0.152155238847982,H1,1035.93724990575,AX,251.997117222845,L1,3.14639336261676,L2,1.6870574048...
GetData ===>> H2,-0.175407930653862,H1,1035.42977259377,AX,251.67323975007,L1,3.19231185086939,L2,1.54640065706...
Get Checksum: 799532470
measurement finished
estimated time: 125.829 actual time: :126.238
flush and close file /Users/jan/PychronDev/data/isotopes/a8/ccbd7a-db5b-468e-acb2-f8fceecfa643.h5
baselines () {'settling_time': 15.0, 'detector': 'H1', 'mass': 34.2, 'ncounts': 60}
%%%%%%%%%%%%%%%%%%%%%%%%%%%%%%%% Baseline
build tables- baseline [Detector(H2), Detector(H1), Detector(AX), Detector(L1), Detector(L2), Detector(CDD)]
add group baseline table H2
add group baseline table H1
add group baseline table AX
add group baseline table L1
add group baseline table L2
add group baseline table CDD
flush and close file /Users/jan/PychronDev/data/isotopes/a8/ccbd7a-db5b-468e-acb2-f8fceecfa643.h5
detector Detector(H1)
POSITION 34.2 H1
Mapping mass to dac mass func: "parabolic"
H1 map mass coeffs = [-0.00063987  0.15840543  0.57069999]
H1 map mass to dac 34.2 >> 5.23974599104
GetDeflection H1 ===>> 0
GetHighVoltage ===>> 4500
positioning 34.2 (5.23974599104) on H1
setting magnet DAC
current  : 5.879090
requested: 5.239746
Delta Dac: 0.639344
Checking detector protection. dv=0.63934
Checking detector "CDD". Protection Threshold: 0.1 (V)
ProtectDetector CDD,On ===>> OK
GetDeflection CDD ===>> 2000
SetMagnetDAC 5.23974599104 ===>> OK
Magnet settling time: 0.500
GetMagnetMoving ===>> True
GetMagnetMoving ===>> True
GetMagnetMoving ===>> True
GetMagnetMoving ===>> True
GetMagnetMoving ===>> True
GetMagnetMoving ===>> True
GetMagnetMoving ===>> True
GetMagnetMoving ===>> True
GetMagnetMoving ===>> False
ProtectDetector CDD,Off ===>> OK
GetDeflection CDD ===>> 50
Delaying 15.0s for detectors to settle
Get Checksum: 799532470
Get Checksum: 799532470
Get Checksum: 799532470
Get Checksum: 799532470
Get Checksum: 799532470
Join finished
measuring baseline. ncounts=60
Get Checksum: 799532470
starting measurement
GetData ===>> H2,-0.0863197374497635,H1,-0.0641816389800763,AX,-0.0794093350599377,L1,-0.0794652034305381,L2,0....
GetData ===>> H2,-0.283459502574071,H1,0.0341428414357249,AX,-0.0875229196813084,L1,-0.0668252411120869,L2,0.02...
GetData ===>> H2,-0.20270069496573,H1,-0.0718465074242001,AX,-0.165155267067824,L1,-0.0491156826158899,L2,-0.01...
Get Checksum: 799532470
GetData ===>> H2,-0.148403802040824,H1,-0.0549305648504859,AX,-0.149910427998873,L1,-0.0460781003052821,L2,-0.0...
GetData ===>> H2,-0.120705272803896,H1,0.00933793036221888,AX,-0.152449468178315,L1,-0.0345729244323284,L2,-0.0...
GetData ===>> H2,-0.126203813492191,H1,0.00855057351409907,AX,-0.0834546211073802,L1,-0.0301102263888215,L2,-0....
Get Checksum: 799532470
GetData ===>> H2,-0.175494329172611,H1,0.0188105572518584,AX,-0.0940712481430203,L1,-0.0407140107035214,L2,-0.0...
GetData ===>> H2,-0.208631745961583,H1,-0.0299865522687124,AX,-0.104582421996116,L1,-0.0565846054507703,L2,0.03...
GetData ===>> H2,-0.378932763090144,H1,-0.0697604816277007,AX,-0.132297734636429,L1,-0.0656497736859758,L2,0.01...
GetData ===>> H2,-0.211739555050369,H1,-0.0462390214768458,AX,-0.0470293957622068,L1,-0.0536858840701816,L2,-0....
GetData ===>> H2,-0.120818894787628,H1,-0.0406111723966649,AX,-0.101094275205314,L1,-0.0599211372240094,L2,-0.1...
Get Checksum: 799532470
GetData ===>> H2,-0.177865981107204,H1,0.00958845429439599,AX,-0.0946854935126363,L1,-0.0333208774139259,L2,-0....
GetData ===>> H2,-0.181672813849089,H1,0.0278545311265922,AX,-0.0608846449104113,L1,-0.0119261220423448,L2,-0.0...
GetData ===>> H2,-0.235214520816877,H1,0.0141576436224035,AX,-0.0816232516975827,L1,-0.0363415969122324,L2,-0.0...
Get Checksum: 799532470
GetData ===>> H2,-0.270569595108802,H1,-0.00359302501420338,AX,-0.0520383829558865,L1,-0.0139637722565634,L2,0....
GetData ===>> H2,-0.258801036089483,H1,-0.0961842346303364,AX,-0.0749233914099337,L1,-0.0330418872481117,L2,-0....
GetData ===>> H2,-0.243849703007891,H1,0.048331770482535,AX,-0.14062323701302,L1,-0.0522600129804645,L2,-0.0199...
Get Checksum: 799532470
GetData ===>> H2,-0.208633093268041,H1,0.0176174818582677,AX,-0.0687215524865602,L1,-0.0465916095733206,L2,-0.0...
GetData ===>> H2,-0.217490827428316,H1,0.0266016891616651,AX,-0.0268632951923576,L1,-0.0593994284836017,L2,0.03...
GetData ===>> H2,-0.178610984938569,H1,0.02199613821825,AX,-0.0801279941501612,L1,-0.0378356190519966,L2,-0.086...
Get Checksum: 799532470
GetData ===>> H2,-0.147566378877661,H1,-0.0111909714846757,AX,-0.182507130164332,L1,-0.00760254026309608,L2,0.0...
GetData ===>> H2,-0.181066990978113,H1,0.02490739449057,AX,-0.106598768746329,L1,0.0232180278036891,L2,-0.01140...
Get Checksum: 799532470
GetData ===>> H2,-0.157042302040701,H1,-0.00578778150372978,AX,-0.0262486215609588,L1,0.0131607892732778,L2,-0....
GetData ===>> H2,-0.209332323660669,H1,-0.00470233729796805,AX,-0.0357698283700384,L1,-0.0142190487593106,L2,-0...
19:57:39 -- collecting point 25
GetData ===>> H2,-0.340149613331462,H1,0.0801492430122732,AX,-0.10554424778513,L1,-0.041602635916133,L2,-0.1429...
Get Checksum: 799532470
GetData ===>> H2,-0.245251811551886,H1,0.0338087277268919,AX,-0.120480297715815,L1,-0.0460685241255955,L2,-0.07...
GetData ===>> H2,-0.1915058169345,H1,0.00930214128020985,AX,-0.0647336192178475,L1,-0.0250892091817379,L2,-0.00...
GetData ===>> H2,-0.291327122609481,H1,0.0390830814005707,AX,-0.0801279941501612,L1,-0.0117954586296793,L2,-0.0...
Get Checksum: 799532470
GetData ===>> H2,-0.208660039363511,H1,0.0400974120397859,AX,0.0285773210981935,L1,-0.0405032201476592,L2,0.032...
GetData ===>> H2,-0.187649697605598,H1,-0.0198497802873952,AX,-0.0338911743583264,L1,-0.0574248265700826,L2,-0....
GetData ===>> H2,-0.129180514697955,H1,0.0279022587495572,AX,-0.0735555431571461,L1,-0.0257722435798024,L2,-0.0...
Get Checksum: 799532470
GetData ===>> H2,-0.126148381587672,H1,-0.0317991374060743,AX,0.0222300380676157,L1,-0.0409283897454223,L2,-0.0...
GetData ===>> H2,-0.182664458388697,H1,-0.0422685591341619,AX,-0.0489193911250251,L1,-0.0498133111834896,L2,-0....
GetData ===>> H2,-0.20802544176625,H1,-0.00773200928387825,AX,-0.0809161947909704,L1,-0.0526464057618999,L2,0.0...
Get Checksum: 799532470
GetData ===>> H2,-0.173697297276699,H1,-0.0099147476222637,AX,-0.207503670015787,L1,-0.0453502846354508,L2,0.02...
GetData ===>> H2,-0.141768904479115,H1,0.0117477579859361,AX,-0.164204708172924,L1,-0.0438657603056593,L2,-0.03...
GetData ===>> H2,-0.248292254856188,H1,-0.00881742063671958,AX,-0.0637945762739165,L1,0.0274815665548088,L2,0.0...
Get Checksum: 799532470
GetData ===>> H2,-0.302663590973956,H1,0.0194190311775479,AX,-0.102658741890773,L1,0.013372088646684,L2,-0.0797...
GetData ===>> H2,-0.154074015229274,H1,0.00295574638793386,AX,-0.0782270133941811,L1,0.0197864123433985,L2,-0.0...
GetData ===>> H2,-0.0654284203083853,H1,0.0447634653429454,AX,-0.0601426564565323,L1,0.0243044688389,L2,-0.0186...
Get Checksum: 799532470
GetData ===>> H2,-0.220728489472578,H1,0.0127260213977688,AX,-0.0591803817539665,L1,-0.0358335548309056,L2,2.27...
GetData ===>> H2,-0.228296930495502,H1,-0.0607841144738995,AX,-0.0250888494198254,L1,-0.022132453441425,L2,-0.0...
GetData ===>> H2,-0.219863586898347,H1,-0.039919592836246,AX,-0.0702865397832727,L1,-0.0530614922811104,L2,0.06...
Get Checksum: 799532470
GetData ===>> H2,-0.225455992625179,H1,0.0228671199490329,AX,-0.0811364261816689,L1,-0.0116599984384669,L2,0.01...
GetData ===>> H2,-0.135849478528202,H1,0.0255278370988822,AX,-0.0408025869534968,L1,0.00567332789890012,L2,-0.0...
Get Checksum: 799532470
GetData ===>> H2,-0.204853267295411,H1,-0.0162957042185273,AX,-0.153156677613662,L1,0.0023766003833495,L2,-0.07...
GetData ===>> H2,-0.176942756185091,H1,0.06261819890121,AX,-0.0816580248555067,L1,-0.0146305964019314,L2,-0.029...
GetData ===>> H2,-0.211443225180781,H1,-0.0243458634951786,AX,-0.163671463749572,L1,0.00609921625312609,L2,-0.0...
Get Checksum: 799532470
GetData ===>> H2,-0.169327359304229,H1,-0.000205371622663386,AX,0.0422944356964901,L1,0.0118978876760157,L2,-0....
19:58:06 -- collecting point 50
GetData ===>> H2,-0.275048857201469,H1,0.119586933768967,AX,-0.113864223368067,L1,0.0150554384835497,L2,0.02494...
GetData ===>> H2,-0.290575248852225,H1,0.00281259926351325,AX,-0.0771605932941464,L1,0.0385940954966271,L2,0.04...
Get Checksum: 799532470
GetData ===>> H2,-0.277712193721906,H1,-0.0383814073685372,AX,-0.0468090871656132,L1,0.0191881620094324,L2,-0.0...
GetData ===>> H2,-0.143589125304322,H1,0.0266016891616651,AX,-0.10180118548983,L1,0.0174104388270337,L2,0.01118...
GetData ===>> H2,-0.134247093125119,H1,0.0179038186560067,AX,-0.031049931186256,L1,0.0121067597153,L2,-0.107043...
Get Checksum: 799532470
GetData ===>> H2,-0.176706538886187,H1,-0.00688514170275028,AX,0.0497224447705634,L1,0.0115713837370571,L2,-0.0...
GetData ===>> H2,-0.193216380625549,H1,0.0936512653601397,AX,-0.0697069177933014,L1,0.00754857123927757,L2,-0.0...
GetData ===>> H2,-0.225096448624699,H1,0.0518285942088916,AX,-0.00893178625556063,L1,0.0234487665502141,L2,0.10...
Get Checksum: 799532470
GetData ===>> H2,-0.141694575965937,H1,0.058321314357346,AX,-0.161260235075193,L1,0.0252850260294108,L2,0.03665...
GetData ===>> H2,-0.22558391750658,H1,0.0726475809390116,AX,-0.036512002677767,L1,0.028337974699019,L2,-0.01179...
GetData ===>> H2,-0.258063213148448,H1,0.0653038453799272,AX,0.0415748774252702,L1,-0.0217272850307412,L2,-0.05...
Get Checksum: 799532470
measurement finished
estimated time: 62.915 actual time: :63.124
flush and close file /Users/jan/PychronDev/data/isotopes/a8/ccbd7a-db5b-468e-acb2-f8fceecfa643.h5
activate_detectors ('H1', 'AX', 'CDD') {'peak_center': True}
peak_center () {'detector': 'H1', 'integration_time': 0.262144, 'isotope': 'Ar40'}
peak center: mean=1037.27679182 threshold=3
peak center started
setup peak center. detector=['H1', 'AX', 'CDD'], isotope=Ar40
VersionedUnpickler [<apptools.sweet_pickle.versioned_unpickler.VersionedUnpickler object at 0x14d878b90>] using Updater [<apptools.sweet_pickle.updater.Updater object at 0x133e38fb0>]
VersionedUnpickler [<apptools.sweet_pickle.versioned_unpickler.VersionedUnpickler object at 0x14d878b90>] using Updater [<apptools.sweet_pickle.updater.Updater object at 0x133e38fb0>]
VersionedUnpickler [<apptools.sweet_pickle.versioned_unpickler.VersionedUnpickler object at 0x145738950>] using Updater [<apptools.sweet_pickle.updater.Updater object at 0x133e38fb0>]
setting integration time = 0.524288
SetIntegrationTime 0.524288 ===>> OK
Mapping mass to dac mass func: "parabolic"
H1 map mass coeffs = [-0.00063987  0.15840543  0.57069999]
H1 map mass to dac 39.9624 >> 5.87909
GetDeflection H1 ===>> 0
GetHighVoltage ===>> 4500
do peak center. <pychron.spectrometer.jobs.peak_center.PeakCenter object at 0x12d6e98f0>
doing pc
starting peak center. center dac= 5.87909 step_width=0.001
width = 0.001
get scan parameters. half-width=0.015,window=0.015, i=0, scalar=1
Scan parameters center=5.87909 width=0.03000 (5.86409 - 5.89409)
GetData ===>> H2,-0.188470918426726,H1,0.00981511934472508,AX,-0.0398401209918936,L1,-0.000555655685266533,L2,-...
Moving to starting dac 5.86409
setting magnet DAC
current  : 5.239746
requested: 5.864090
Delta Dac: 0.624344
Checking detector protection. dv=0.62434
Checking detector "CDD". Protection Threshold: 0.1 (V)
ProtectDetector CDD,On ===>> OK
GetDeflection CDD ===>> 2000
SetMagnetDAC 5.86409 ===>> OK
Magnet settling time: 0.500
GetMagnetMoving ===>> True
GetMagnetMoving ===>> True
GetMagnetMoving ===>> True
GetMagnetMoving ===>> True
GetMagnetMoving ===>> True
GetMagnetMoving ===>> True
GetMagnetMoving ===>> True
Get Checksum: 799532470
GetMagnetMoving ===>> True
GetMagnetMoving ===>> False
ProtectDetector CDD,Off ===>> OK
GetDeflection CDD ===>> 50
Wait until signal near baseline. tol= 0.00736133950854. timeout= 10
GetData ===>> H2,8.57567678023887,H1,4.50175535567172,AX,-0.0167148844422908,L1,0.0192647074280273,L2,0.0680716...
GetData ===>> H2,94.5052225975877,H1,48.4588582573,AX,4.11332606577146,L1,0.0656447548820414,L2,-0.024319082288...
GetData ===>> H2,93.0813655270963,H1,38.5392299491881,AX,5.50540013741758,L1,0.0900819959301492,L2,-0.065383342...
GetData ===>> H2,48.549277516409,H1,18.5020234937982,AX,2.44874997517456,L1,0.0942216396779779,L2,-0.0801749023...
GetData ===>> H2,19.8327554574069,H1,9.17980528917608,AX,1.11383276782499,L1,0.0793376998814654,L2,-0.019993105...
GetData ===>> H2,6.71918601522272,H1,4.83439471026508,AX,0.471265698714403,L1,0.0907946934442988,L2,0.076002818...
Get Checksum: 799532470
GetData ===>> H2,2.072389504319,H1,2.70982026795445,AX,0.202831685428578,L1,0.0601160045291011,L2,-0.0425771000...
GetData ===>> H2,0.757011912017376,H1,1.69834442167136,AX,0.17023296996882,L1,0.0516795481952059,L2,-0.07273389...
GetData ===>> H2,0.546823150747242,H1,1.14950405648468,AX,0.0926895569875535,L1,0.0528139363347699,L2,0.0349182...
GetData ===>> H2,0.475974679213941,H1,0.900219108305733,AX,0.0867094060304612,L1,0.0452937838149622,L2,-0.11376...
GetData ===>> H2,0.516257963088245,H1,0.800233610328438,AX,0.116868872054048,L1,0.00950538849814172,L2,-0.08866...
GetData ===>> H2,0.42054451944713,H1,0.772543127344449,AX,0.103236842181262,L1,0.00297083734827153,L2,-0.073666...
Get Checksum: 799532470
GetData ===>> H2,0.251224407294839,H1,0.645757865813734,AX,0.0985773511712503,L1,0.00803559247284767,L2,-0.1092...
GetData ===>> H2,0.277398704372254,H1,0.69715159431738,AX,0.00987316958260886,L1,0.0179062813030898,L2,-0.08652...
GetData ===>> H2,0.323940167872672,H1,0.638797330025409,AX,-0.00363057172984976,L1,0.0115006260116148,L2,-0.056...
GetData ===>> H2,0.284403151920642,H1,0.598191863720143,AX,-0.0383790098933639,L1,0.0243784470623798,L2,-0.1288...
GetData ===>> H2,0.195092354735406,H1,0.55387460692049,AX,-0.0186634613872357,L1,0.000999786030441283,L2,0.0176...
GetData ===>> H2,0.143631139755299,H1,0.585281905440893,AX,-0.0614759129090467,L1,-0.0503050922591787,L2,0.0253...
Get Checksum: 799532470
GetData ===>> H2,0.114369118781492,H1,0.62222315107261,AX,-0.00263293671756016,L1,-0.0306665275953301,L2,0.0405...
GetData ===>> H2,0.117957581735098,H1,0.678342458265413,AX,0.0345420556177546,L1,-0.00407371613069031,L2,-0.009...
GetData ===>> H2,0.0870135147464427,H1,0.652623196715285,AX,0.00978035397048519,L1,0.0152283660657515,L2,0.0636...
Peak center failed to move to a baseline position
_do_sweep sm= 5.86409, em= 5.89409, stm= 0.001
calculated step values: start=5.86409, end=5.89409, width=0.001, nsteps=31.0
setting magnet DAC
current  : 5.864090
requested: 5.864090
Delta Dac: 0.000000
Checking detector protection. dv=0.00000
Checking detector "CDD". Protection Threshold: 0.1 (V)
SetMagnetDAC 5.86409 ===>> OK
GetData ===>> H2,0.0870135147464427,H1,0.652623196715285,AX,0.00978035397048519,L1,0.0152283660657515,L2,0.0636...
setting magnet DAC
current  : 5.864090
requested: 5.865124
Delta Dac: 0.001034
Checking detector protection. dv=0.00103
Checking detector "CDD". Protection Threshold: 0.1 (V)
SetMagnetDAC 5.86512448276 ===>> OK
Magnet settling time: 1.049
GetData ===>> H2,0.0329551551152589,H1,1.47934271215353,AX,0.20570924890517,L1,0.050105555451754,L2,-0.06743154...
setting magnet DAC
current  : 5.865124
requested: 5.866159
Delta Dac: 0.001034
Checking detector protection. dv=0.00103
Checking detector "CDD". Protection Threshold: 0.1 (V)
SetMagnetDAC 5.86615896552 ===>> OK
Magnet settling time: 1.049
Get Checksum: 799532470
GetData ===>> H2,0.102872547038941,H1,5.17560647900026,AX,0.779282779581178,L1,-0.0137935843237433,L2,0.0031200...
setting magnet DAC
current  : 5.866159
requested: 5.867193
Delta Dac: 0.001034
Checking detector protection. dv=0.00103
Checking detector "CDD". Protection Threshold: 0.1 (V)
SetMagnetDAC 5.86719344828 ===>> OK
Magnet settling time: 1.049
GetData ===>> H2,0.00379752682752572,H1,20.1486287955963,AX,3.13339111875703,L1,-0.00950437767810339,L2,-0.1337...
setting magnet DAC
current  : 5.867193
requested: 5.868228
Delta Dac: 0.001034
Checking detector protection. dv=0.00103
Checking detector "CDD". Protection Threshold: 0.1 (V)
SetMagnetDAC 5.86822793103 ===>> OK
Magnet settling time: 1.049
GetData ===>> H2,-0.0384116248074283,H1,73.0210504053779,AX,11.2559922352572,L1,0.0238933707353246,L2,0.0815641...
setting magnet DAC
current  : 5.868228
requested: 5.869262
Delta Dac: 0.001034
Checking detector protection. dv=0.00103
Checking detector "CDD". Protection Threshold: 0.1 (V)
SetMagnetDAC 5.86926241379 ===>> OK
Magnet settling time: 1.049
Get Checksum: 799532470
GetData ===>> H2,0.0587639310292493,H1,203.091850671949,AX,34.2677118972661,L1,0.206936396313346,L2,0.151130855...
setting magnet DAC
current  : 5.869262
requested: 5.870297
Delta Dac: 0.001034
Checking detector protection. dv=0.00103
Checking detector "CDD". Protection Threshold: 0.1 (V)
SetMagnetDAC 5.87029689655 ===>> OK
Magnet settling time: 1.049
GetData ===>> H2,-0.0931224558320242,H1,421.085907364898,AX,78.9952500237298,L1,0.46516208639945,L2,0.058226966...
setting magnet DAC
current  : 5.870297
requested: 5.871331
Delta Dac: 0.001034
Checking detector protection. dv=0.00103
Checking detector "CDD". Protection Threshold: 0.1 (V)
SetMagnetDAC 5.87133137931 ===>> OK
Magnet settling time: 1.049
Get Checksum: 799532470
GetData ===>> H2,0.0454558609523117,H1,668.720604310822,AX,138.366687599556,L1,0.984494926181964,L2,0.336019870...
setting magnet DAC
current  : 5.871331
requested: 5.872366
Delta Dac: 0.001034
Checking detector protection. dv=0.00103
Checking detector "CDD". Protection Threshold: 0.1 (V)
SetMagnetDAC 5.87236586207 ===>> OK
Magnet settling time: 1.049
GetData ===>> H2,-0.00833888646270699,H1,853.945573346593,AX,190.140934829291,L1,1.59384868613898,L2,0.77512622...
setting magnet DAC
current  : 5.872366
requested: 5.873400
Delta Dac: 0.001034
Checking detector protection. dv=0.00103
Checking detector "CDD". Protection Threshold: 0.1 (V)
SetMagnetDAC 5.87340034483 ===>> OK
Magnet settling time: 1.049
GetData ===>> H2,-0.0718899246947488,H1,945.908992152324,AX,221.830337303353,L1,2.07869185722997,L2,1.166107402...
setting magnet DAC
current  : 5.873400
requested: 5.874435
Delta Dac: 0.001034
Checking detector protection. dv=0.00103
Checking detector "CDD". Protection Threshold: 0.1 (V)
SetMagnetDAC 5.87443482759 ===>> OK
Magnet settling time: 1.049
Get Checksum: 799532470
GetData ===>> H2,-0.196123174524459,H1,978.448440209935,AX,234.908798123082,L1,2.50932337936594,L2,1.4234152353...
setting magnet DAC
current  : 5.874435
requested: 5.875469
Delta Dac: 0.001034
Checking detector protection. dv=0.00103
Checking detector "CDD". Protection Threshold: 0.1 (V)
SetMagnetDAC 5.87546931034 ===>> OK
Magnet settling time: 1.049
GetData ===>> H2,-0.117450331720862,H1,987.928913894267,AX,238.993860146559,L1,2.73187390814468,L2,1.4404833387...
setting magnet DAC
current  : 5.875469
requested: 5.876504
Delta Dac: 0.001034
Checking detector protection. dv=0.00103
Checking detector "CDD". Protection Threshold: 0.1 (V)
SetMagnetDAC 5.8765037931 ===>> OK
Magnet settling time: 1.049
GetData ===>> H2,-0.139577969396939,H1,989.37165385,AX,240.226603753015,L1,2.9666662521482,L2,1.72355961266876,...
setting magnet DAC
current  : 5.876504
requested: 5.877538
Delta Dac: 0.001034
Checking detector protection. dv=0.00103
Checking detector "CDD". Protection Threshold: 0.1 (V)
SetMagnetDAC 5.87753827586 ===>> OK
Magnet settling time: 1.049
Get Checksum: 799532470
GetData ===>> H2,-0.117166190336537,H1,989.526214445623,AX,240.003314449084,L1,3.05365089107481,L2,1.5018295798...
setting magnet DAC
current  : 5.877538
requested: 5.878573
Delta Dac: 0.001034
Checking detector protection. dv=0.00103
Checking detector "CDD". Protection Threshold: 0.1 (V)
SetMagnetDAC 5.87857275862 ===>> OK
Magnet settling time: 1.049
GetData ===>> H2,-0.171622495250301,H1,989.774606962138,AX,240.370252131894,L1,3.04748428366654,L2,1.4935422287...
setting magnet DAC
current  : 5.878573
requested: 5.879607
Delta Dac: 0.001034
Checking detector protection. dv=0.00103
Checking detector "CDD". Protection Threshold: 0.1 (V)
SetMagnetDAC 5.87960724138 ===>> OK
Magnet settling time: 1.049
GetData ===>> H2,-0.230002719518252,H1,989.923122432963,AX,240.090996797015,L1,3.01671092103321,L2,1.5752531002...
setting magnet DAC
current  : 5.879607
requested: 5.880642
Delta Dac: 0.001034
Checking detector protection. dv=0.00103
Checking detector "CDD". Protection Threshold: 0.1 (V)
SetMagnetDAC 5.88064172414 ===>> OK
Magnet settling time: 1.049
Get Checksum: 799532470
GetData ===>> H2,-0.0818568389151896,H1,989.062122544918,AX,240.108610039665,L1,3.03937338525,L2,1.599058269901...
setting magnet DAC
current  : 5.880642
requested: 5.881676
Delta Dac: 0.001034
Checking detector protection. dv=0.00103
Checking detector "CDD". Protection Threshold: 0.1 (V)
SetMagnetDAC 5.8816762069 ===>> OK
Magnet settling time: 1.049
GetData ===>> H2,-0.1196772126884,H1,988.621615614583,AX,240.09985504362,L1,3.07341217917924,L2,1.7103265019644...
setting magnet DAC
current  : 5.881676
requested: 5.882711
Delta Dac: 0.001034
Checking detector protection. dv=0.00103
Checking detector "CDD". Protection Threshold: 0.1 (V)
SetMagnetDAC 5.88271068966 ===>> OK
Magnet settling time: 1.049
GetData ===>> H2,-0.133331992706935,H1,987.280293794564,AX,239.205561816732,L1,3.05724637138239,L2,1.5300716112...
setting magnet DAC
current  : 5.882711
requested: 5.883745
Delta Dac: 0.001034
Checking detector protection. dv=0.00103
Checking detector "CDD". Protection Threshold: 0.1 (V)
SetMagnetDAC 5.88374517241 ===>> OK
Magnet settling time: 1.049
Get Checksum: 799532470
GetData ===>> H2,-0.190214695404268,H1,982.447902793855,AX,237.29271917267,L1,3.06476126468448,L2,1.47534010538...
setting magnet DAC
current  : 5.883745
requested: 5.884780
Delta Dac: 0.001034
Checking detector protection. dv=0.00103
Checking detector "CDD". Protection Threshold: 0.1 (V)
SetMagnetDAC 5.88477965517 ===>> OK
Magnet settling time: 1.049
GetData ===>> H2,-0.0787351551974459,H1,965.166119984074,AX,229.478323819477,L1,2.96319339994794,L2,1.410616141...
setting magnet DAC
current  : 5.884780
requested: 5.885814
Delta Dac: 0.001034
Checking detector protection. dv=0.00103
Checking detector "CDD". Protection Threshold: 0.1 (V)
SetMagnetDAC 5.88581413793 ===>> OK
Magnet settling time: 1.049
Get Checksum: 799532470
GetData ===>> H2,-0.113590813547313,H1,908.187712572486,AX,205.783709790806,L1,2.77794776812223,L2,1.1929517364...
setting magnet DAC
current  : 5.885814
requested: 5.886849
Delta Dac: 0.001034
Checking detector protection. dv=0.00103
Checking detector "CDD". Protection Threshold: 0.1 (V)
SetMagnetDAC 5.88684862069 ===>> OK
Magnet settling time: 1.049
GetData ===>> H2,-0.138065418636917,H1,771.749756052961,AX,158.858240198138,L1,2.1936653643274,L2,0.80452043454...
setting magnet DAC
current  : 5.886849
requested: 5.887883
Delta Dac: 0.001034
Checking detector protection. dv=0.00103
Checking detector "CDD". Protection Threshold: 0.1 (V)
SetMagnetDAC 5.88788310345 ===>> OK
Magnet settling time: 1.049
GetData ===>> H2,-0.270693619382298,H1,549.988816508731,AX,98.5273154913722,L1,1.57847642016091,L2,0.3892736685...
setting magnet DAC
current  : 5.887883
requested: 5.888918
Delta Dac: 0.001034
Checking detector protection. dv=0.00103
Checking detector "CDD". Protection Threshold: 0.1 (V)
SetMagnetDAC 5.88891758621 ===>> OK
Magnet settling time: 1.049
Get Checksum: 799532470
GetData ===>> H2,-0.251460978171565,H1,310.604990783949,AX,47.1502018817024,L1,1.08468639578737,L2,0.2221405630...
setting magnet DAC
current  : 5.888918
requested: 5.889952
Delta Dac: 0.001034
Checking detector protection. dv=0.00103
Checking detector "CDD". Protection Threshold: 0.1 (V)
SetMagnetDAC 5.88995206897 ===>> OK
Magnet settling time: 1.049
GetData ===>> H2,-0.208581895509763,H1,131.874432234572,AX,16.7638165636896,L1,0.623777036362598,L2,0.141779388...
setting magnet DAC
current  : 5.889952
requested: 5.890987
Delta Dac: 0.001034
Checking detector protection. dv=0.00103
Checking detector "CDD". Protection Threshold: 0.1 (V)
SetMagnetDAC 5.89098655172 ===>> OK
Magnet settling time: 1.049
GetData ===>> H2,-0.0881572111043388,H1,22.1028795706085,AX,1.90172488953487,L1,0.330455884475593,L2,-0.1124218...
setting magnet DAC
current  : 5.890987
requested: 5.892021
Delta Dac: 0.001034
Checking detector protection. dv=0.00103
Checking detector "CDD". Protection Threshold: 0.1 (V)
SetMagnetDAC 5.89202103448 ===>> OK
Magnet settling time: 1.049
Get Checksum: 799532470
GetData ===>> H2,-0.0899659592062041,H1,5.5325567246806,AX,0.220841061533187,L1,0.175189084347251,L2,-0.0148927...
setting magnet DAC
current  : 5.892021
requested: 5.893056
Delta Dac: 0.001034
Checking detector protection. dv=0.00103
Checking detector "CDD". Protection Threshold: 0.1 (V)
SetMagnetDAC 5.89305551724 ===>> OK
Magnet settling time: 1.049
GetData ===>> H2,-0.113468998142237,H1,1.11812374272982,AX,-0.0735555431571461,L1,0.0834617391645629,L2,0.01551...
setting magnet DAC
current  : 5.893056
requested: 5.894090
Delta Dac: 0.001034
Checking detector protection. dv=0.00103
Checking detector "CDD". Protection Threshold: 0.1 (V)
SetMagnetDAC 5.89409 ===>> OK
Magnet settling time: 1.049
GetData ===>> H2,-0.0757535809407942,H1,0.115706693629325,AX,-0.241471577426584,L1,0.0620908982197785,L2,-0.050...
result of _do_sweep=True
result of _calculate_peak_center=([5.8716651503006023, 5.879356394858684, 5.8870476394167657], [728.48256826828458, 989.92044379721665, 729.08632880594371], 5.8795885833736445, 989.92044379721665)
Failed to find a valid peak. No peak greater than 1.0. max = 0.0953490266394
new center pos Detector(H1) (Ar40) @ 5.87935639486
GetHighVoltage ===>> 4500
GetDeflection H1 ===>> 0
dac uncorrected for HV and deflection 5.87935639486
update mftable H1 Ar40 5.87935639486 message=automated run peakcenter
get initial guess parabolic
get initial guess parabolic
Get Checksum: 799532470
get initial guess parabolic
get initial guess parabolic
get initial guess parabolic
get initial guess parabolic
dump mftable to /Users/jan/PychronDev/setupfiles/spectrometer/mftables/mftable.csv
add to repo msg=modified - automated run peakcenter
locally archiving mftable
setting magnet DAC
current  : 5.894090
requested: 5.879356
Delta Dac: 0.014734
Checking detector protection. dv=0.01473
Checking detector "CDD". Protection Threshold: 0.1 (V)
SetMagnetDAC 5.87935639486 ===>> OK
Magnet settling time: 0.500
sweep finished
setting integration time = 1.048576
SetIntegrationTime 1.048576 ===>> OK
Failed to find a valid peak. No peak greater than 1.0. max = 0.0955160920275
flush and close file /Users/jan/PychronDev/data/isotopes/a8/ccbd7a-db5b-468e-acb2-f8fceecfa643.h5
finished measure script
executed 226.132928
jan_unknown120_60.py completed successfully
Measurement Finished
19:59:03 -- ******* Measurement Finished *******
Post Measurement Started jan_pump_ms.py
19:59:03 -- ******* Post Measurement Started jan_pump_ms.py *******
testing...
no interpolation path defined
executed 0
Pumping spectrometer
open () {'name': 'O'}
opening name=O desc=---
checking ownership. requestor=129.138.12.150
check software interlocks O
interlocks []
actuate state mode=None-script, software_lock=False
doing actuation None-script open_channel True
Open O ===>> OK
GetIndicatorState O ===>> OK
change switch state (True, True)
update switch state O True args=() kw={} ncanvase=2
19:59:03 -- OPEN   VALVE-O (Jan Ion Pump)
---------------------------------------- open O () result=[(True, True)], time=0.11 sec
action=open, ok=True, locked=[False]
executed 0
jan_pump_ms.py completed successfully
setting _ms_pumptime
Post Measurement Finished
19:59:04 -- ******* Post Measurement Finished *******
$$$$$$$$$$$$$$$$$$$$ state at run end measurement
state changed from measurement to success
post measurement save measured=True aborted=False
Set filtering
setting fod for Ar40= {'filter_outliers': True, 'std_devs': 2, 'iterations': 1}
setting fod for H1= {'filter_outliers': True, 'std_devs': 2, 'iterations': 1}
setting fod for PM41= {'filter_outliers': False, 'std_devs': 2, 'iterations': 1}
setting fod for H2= {'filter_outliers': True, 'std_devs': 2, 'iterations': 1}
setting fod for Ar36= {'filter_outliers': True, 'std_devs': 2, 'iterations': 1}
setting fod for CDD= {'filter_outliers': True, 'std_devs': 10, 'iterations': 1}
setting fod for Ar37= {'filter_outliers': True, 'std_devs': 2, 'iterations': 1}
setting fod for L2= {'filter_outliers': True, 'std_devs': 2, 'iterations': 1}
setting fod for Ar38= {'filter_outliers': True, 'std_devs': 2, 'iterations': 1}
setting fod for L1= {'filter_outliers': True, 'std_devs': 2, 'iterations': 1}
setting fod for Ar39= {'filter_outliers': True, 'std_devs': 2, 'iterations': 1}
setting fod for AX= {'filter_outliers': True, 'std_devs': 2, 'iterations': 1}
persistence save...
persistence save - db
post measurement save
5521428016 connecting to database sqlite:////Users/jan/PychronDev/.appdata/local_lab.db
connected to db sqlite:////Users/jan/PychronDev/.appdata/local_lab.db
create new session 5521428016
close session 5521428016
No database instance. Not saving post measurement to isotopedb database
$$$$$$$$$$$$$$$ auto_save_detector_ic=False
massspec enabled True
create new session 5019860144
MassSpec Database Version: 16.0
close session 5019860144
saving post measurement to secondary database
saving to massspec database 129.138.12.160/massspecdata
setting labnumber to 65574
setting aliquot to 5
setting step to 
setting uuid to a8ccbd7a-db5b-468e-acb2-f8fceecfa643
setting irradpos to 65574
setting extract_device to Fusions CO2
setting tray to 
setting position to 71
setting power_requested to 5.0
setting extract_value to 5.0
setting duration to 30.0
setting duration_at_request to 30.0
setting first_stage_delay to 30.0
setting cleanup to 30.0
setting comment to M:18 w/o inclusions
setting irradiation to NM-289
setting level to M
setting irradiation_level to M
setting sample to NM-2607 WO
setting material to Sanidine
setting project to JoyitaHills
setting mass_spectrometer to Jan
no attribute chron_dosages
no attribute production_ratios
no attribute interference_corrections
no attribute production_name
no attribute j
Reference Isotope=Ar40
Reference Detector=H1
%%%%%%%%%%%%%%%%%%%% Comment: M:18 w/o inclusions %%%%%%%%%%%%%%%%%%%
adding isotope PM41 H2
add baseline dbdet= PM41. original det= H2
get baseline data PM41 H2
Get data baseline <pychron.processing.isotope.Baseline object at 0x1520d7310> len t=60
baseline PM41. v=-0.197849086416, e=0.00671756672015
get signal data PM41 H2
Get data signal PM41 0.08+/-0.07 len t=120
adding isotope Ar40 H1
add baseline dbdet= Ar40. original det= H1
get baseline data Ar40 H1
Get data baseline <pychron.processing.isotope.Baseline object at 0x1520d74d0> len t=60
baseline Ar40. v=0.00491676466354, e=0.00484687028997
get signal data Ar40 H1
Get data signal Ar40 1090.37+/-0.06 len t=120
adding isotope Ar39 AX
add baseline dbdet= Ar39. original det= AX
get baseline data Ar39 AX
Get data baseline <pychron.processing.isotope.Baseline object at 0x1520d7690> len t=60
baseline Ar39. v=-0.0817331860526, e=0.00621094728779
get signal data Ar39 AX
Get data signal Ar39 264.570+/-0.030 len t=120
adding isotope Ar38 L1
add baseline dbdet= Ar38. original det= L1
get baseline data Ar38 L1
Get data baseline <pychron.processing.isotope.Baseline object at 0x1520d7850> len t=60
baseline Ar38. v=-0.0203868992025, e=0.00398481485763
get signal data Ar38 L1
Get data signal Ar38 3.426+/-0.005 len t=120
adding isotope Ar37 L2
add baseline dbdet= Ar37. original det= L2
get baseline data Ar37 L2
Get data baseline <pychron.processing.isotope.Baseline object at 0x1520d7a10> len t=60
baseline Ar37. v=-0.0179401200009, e=0.0063574335903
get signal data Ar37 L2
Get data signal Ar37 1.725+/-0.011 len t=120
adding isotope Ar36 CDD
add baseline dbdet= Ar36. original det= CDD
get baseline data Ar36 CDD
Get data baseline <pychron.processing.isotope.Baseline object at 0x1520d7bd0> len t=60
baseline Ar36. v=0.000225779210065, e=2.27922720714e-05
get signal data Ar36 CDD
Get data signal Ar36 0.0860+/-0.0007 len t=120
65574-05 added analysis time 0.515058040619s
analysis added to mass spec database
mass spec save time= 0.534
persistence save - dvc
================= post measurement started
create new session 4983587952
close session 4983587952
---------------- Experiment Queue saving disabled
DVC saving peakcenter
Failed to find a valid peak. No peak greater than 1.0. max = 0.0955160920275
Smart pull ahead: 0 behind: 0
Up-to-date with origin
add to repo msg=modified - ad8224ebc6dbfeb9f5997218dfa5fe690569839d.json
add to repo msg=modified - 74-05.json
add to repo msg=modified - 74-05.dat.json
add to repo msg=modified - 74-05.blan.json
add to repo msg=modified - 74-05.inte.json
Get Checksum: 2035211824
add to repo msg=modified - 74-05.icfa.json
add to repo msg=modified - 74-05.base.json
not at valid file /Users/jan/PychronDev/data/.dvc/repositories/Load1785/655/tags/74-05.tags.json
add to repo msg=modified - 74-05.peak.json
add to repo msg=modified - 74-05.extr.json
not at valid file /Users/jan/PychronDev/data/.dvc/repositories/Load1785/655/monitor/74-05.moni.json
commit message=<COLLECTION>
add to repo msg=modified - 74-05.inte.json
add to repo msg=modified - 74-05.base.json
commit message=<ISOEVO> default collection fits
add to repo msg=modified - 74-05.blan.json
commit message=<BLANKS> preceding bu-FC-J-7503
add to repo msg=modified - 74-05.icfa.json
Get Checksum: 2035211824
commit message=<ICFactor> default
push repository <pychron.git_archive.repo_manager.GitRepoManager object at 0x14eea6f50>
pushing to remote=origin, url=https://github.com
Get Checksum: 2035211824
no changes to meta repo
create new session 4983587952
add association Load1785
get identifier "65574"
setting analysis irradiation position=<pychron.dvc.dvc_orm.IrradiationPositionTbl object at 0x1463b5b90>
close session 4983587952
================= post measurement finished
19:59:16 -- ******* Post Run Check *******
loading queue conditionals post_run_actions
loading system conditionals post_run_actions
loading conditionals from /Users/jan/PychronDev/setupfiles/spectrometer/default_conditionals.yaml
loading queue conditionals post_run_terminations
loading system conditionals post_run_terminations
loading conditionals from /Users/jan/PychronDev/setupfiles/spectrometer/default_conditionals.yaml
Checking default post run terminations n=1
GetDeflection CDD ===>> 50
testing CDD==2000
evaluate ot="CDD.deflection==2000" t="CDD==2000", ctx="{'CDD': 50.0}"
19:59:16 -- ******* Post Run Check Passed *******
19:59:16 -- Automated run 65574-05 success duration: 361.975 s
----------------- finish -----------------
----------------- stop -----------------
retroactive repository identifiers disabled
finish run. runs completed=34
update duration runid=65574-05, duration=361.974951029, md5=301e91d8
loading script "jan_unknown400_120.py"
loading script "jan_pump_ms.py"
loading script "jan_co2.py"
loading script "jan_pump_extraction_line.py"
testing...
no interpolation path defined
executed 556.052928
script duration name:unknown400_120 seconds:556.0
loading script "jan_unknown400_120.py"
loading script "jan_pump_ms.py"
loading script "jan_co2.py"
loading script "jan_pump_extraction_line.py"
testing...
no interpolation path defined
executed 0
loading script "jan_unknown400_120.py"
loading script "jan_pump_ms.py"
loading script "jan_co2.py"
loading script "jan_pump_extraction_line.py"
testing...
no interpolation path defined
calculate duration
testing...
no interpolation path defined
executed 0
calculate duration
testing...
no interpolation path defined
executed 0
executed 0.0
script duration name:co2 seconds:0.0
loading script "jan_unknown400_120.py"
loading script "jan_pump_ms.py"
loading script "jan_co2.py"
loading script "jan_pump_extraction_line.py"
testing...
no interpolation path defined
calculate duration
testing...
no interpolation path defined
executed 4.0
executed 4.0
Script duration 556.0
Run total estimated duration= 557.000
loading script "jan_unknown120_60.py"
loading script "jan_pump_ms.py"
loading script "jan_co2.py"
loading script "jan_pump_extraction_line.py"
testing...
no interpolation path defined
executed 213.652928
script duration name:unknown120_60 seconds:214.0
pump_ms in script context. using previous estimated duration
co2 in script context. using previous estimated duration
script duration name:co2 seconds:0.0
pump_extraction_line in script context. using previous estimated duration
Script duration 214.0
Run total estimated duration= 215.000
unknown120_60 in script context. using previous estimated duration
script duration name:unknown120_60 seconds:214.0
script duration name:co2 seconds:0.0
Script duration 214.0
Run total estimated duration= 215.000
script duration name:unknown120_60 seconds:214.0
script duration name:co2 seconds:0.0
Script duration 214.0
Run total estimated duration= 215.000
script duration name:unknown120_60 seconds:214.0
script duration name:co2 seconds:0.0
Script duration 214.0
Run total estimated duration= 215.000
script duration name:unknown120_60 seconds:214.0
script duration name:co2 seconds:0.0
Script duration 214.0
Run total estimated duration= 215.000
unknown400_120 in script context. using previous estimated duration
script duration name:unknown400_120 seconds:556.0
loading script "jan_unknown400_120.py"
loading script "jan_pump_ms.py"
loading script "jan_cocktail_x1.py"
loading script "jan_pump_extraction_line.py"
testing...
no interpolation path defined
calculate duration
testing...
no interpolation path defined
executed 0
calculate duration
testing...
no interpolation path defined
executed 0
calculate duration
testing...
no interpolation path defined
executed 32.0
calculate duration
testing...
no interpolation path defined
executed 34.0
calculate duration
testing...
no interpolation path defined
executed 4.0
calculate duration
testing...
no interpolation path defined
executed 38.0
executed 108.0
script duration name:cocktail_x1 seconds:108.0
Script duration 664.0
Run total estimated duration= 665.000
script duration name:unknown120_60 seconds:214.0
script duration name:co2 seconds:0.0
Script duration 214.0
Run total estimated duration= 215.000
script duration name:unknown120_60 seconds:214.0
script duration name:co2 seconds:0.0
Script duration 214.0
Run total estimated duration= 215.000
script duration name:unknown120_60 seconds:214.0
script duration name:co2 seconds:0.0
Script duration 214.0
Run total estimated duration= 215.000
script duration name:unknown120_60 seconds:214.0
script duration name:co2 seconds:0.0
Script duration 214.0
Run total estimated duration= 215.000
script duration name:unknown120_60 seconds:214.0
script duration name:co2 seconds:0.0
Script duration 214.0
Run total estimated duration= 215.000
script duration name:unknown120_60 seconds:214.0
script duration name:co2 seconds:0.0
Script duration 214.0
Run total estimated duration= 215.000
script duration name:unknown120_60 seconds:214.0
script duration name:co2 seconds:0.0
Script duration 214.0
Run total estimated duration= 215.000
script duration name:unknown120_60 seconds:214.0
script duration name:co2 seconds:0.0
Script duration 214.0
Run total estimated duration= 215.000
script duration name:unknown120_60 seconds:214.0
script duration name:co2 seconds:0.0
Script duration 214.0
Run total estimated duration= 215.000
script duration name:unknown120_60 seconds:214.0
script duration name:co2 seconds:0.0
Script duration 214.0
Run total estimated duration= 215.000
script duration name:unknown400_120 seconds:556.0
script duration name:co2 seconds:0.0
Script duration 556.0
Run total estimated duration= 557.000
script duration name:unknown400_120 seconds:556.0
loading script "jan_unknown400_120.py"
loading script "jan_pump_ms.py"
loading script "jan_sniffair_x2.py"
loading script "jan_pump_extraction_line.py"
testing...
no interpolation path defined
calculate duration
testing...
no interpolation path defined
executed 0
calculate duration
testing...
no interpolation path defined
executed 0
calculate duration
testing...
no interpolation path defined
executed 32.0
calculate duration
testing...
no interpolation path defined
executed 34.0
calculate duration
testing...
no interpolation path defined
executed 4.0
calculate duration
testing...
no interpolation path defined
executed 36.0
calculate duration
testing...
no interpolation path defined
executed 34.0
calculate duration
testing...
no interpolation path defined
executed 4.0
calculate duration
testing...
no interpolation path defined
executed 36.0
calculate duration
testing...
no interpolation path defined
executed 70.0
executed 250.0
script duration name:sniffair_x2 seconds:250.0
Script duration 806.0
Run total estimated duration= 807.000
loading script "jan_ic_peak_hop3.py"
loading script "jan_pump_ms.py"
loading script "jan_air_x1.py"
loading script "jan_pump_extraction_line.py"
testing...
no interpolation path defined
executed 133.8
script duration name:ic_peak_hop3 seconds:134.0
loading script "jan_ic_peak_hop3.py"
loading script "jan_pump_ms.py"
loading script "jan_air_x1.py"
loading script "jan_pump_extraction_line.py"
testing...
no interpolation path defined
calculate duration
testing...
no interpolation path defined
executed 0
calculate duration
testing...
no interpolation path defined
executed 0
calculate duration
testing...
no interpolation path defined
executed 32.0
calculate duration
testing...
no interpolation path defined
executed 34.0
calculate duration
testing...
no interpolation path defined
executed 4.0
calculate duration
testing...
no interpolation path defined
executed 36.0
executed 106.0
script duration name:air_x1 seconds:106.0
Script duration 240.0
Run total estimated duration= 241.000
script duration name:unknown120_60 seconds:214.0
script duration name:co2 seconds:0.0
Script duration 214.0
Run total estimated duration= 215.000
script duration name:unknown120_60 seconds:214.0
script duration name:co2 seconds:0.0
Script duration 214.0
Run total estimated duration= 215.000
script duration name:unknown120_60 seconds:214.0
script duration name:co2 seconds:0.0
Script duration 214.0
Run total estimated duration= 215.000
script duration name:unknown120_60 seconds:214.0
script duration name:co2 seconds:0.0
Script duration 214.0
Run total estimated duration= 215.000
script duration name:unknown120_60 seconds:214.0
script duration name:co2 seconds:0.0
Script duration 214.0
Run total estimated duration= 215.000
script duration name:unknown120_60 seconds:214.0
script duration name:co2 seconds:0.0
Script duration 214.0
Run total estimated duration= 215.000
script duration name:unknown120_60 seconds:214.0
script duration name:co2 seconds:0.0
Script duration 214.0
Run total estimated duration= 215.000
script duration name:unknown120_60 seconds:214.0
script duration name:co2 seconds:0.0
Script duration 214.0
Run total estimated duration= 215.000
script duration name:unknown120_60 seconds:214.0
script duration name:co2 seconds:0.0
Script duration 214.0
Run total estimated duration= 215.000
script duration name:unknown120_60 seconds:214.0
script duration name:co2 seconds:0.0
Script duration 214.0
Run total estimated duration= 215.000
script duration name:unknown400_120 seconds:556.0
cocktail_x1 in script context. using previous estimated duration
script duration name:cocktail_x1 seconds:108.0
Script duration 664.0
Run total estimated duration= 665.000
script duration name:unknown120_60 seconds:214.0
script duration name:co2 seconds:0.0
Script duration 214.0
Run total estimated duration= 215.000
script duration name:unknown120_60 seconds:214.0
script duration name:co2 seconds:0.0
Script duration 214.0
Run total estimated duration= 215.000
script duration name:unknown120_60 seconds:214.0
script duration name:co2 seconds:0.0
Script duration 214.0
Run total estimated duration= 215.000
script duration name:unknown120_60 seconds:214.0
script duration name:co2 seconds:0.0
Script duration 214.0
Run total estimated duration= 215.000
script duration name:unknown120_60 seconds:214.0
script duration name:co2 seconds:0.0
Script duration 214.0
Run total estimated duration= 215.000
script duration name:unknown400_120 seconds:556.0
script duration name:co2 seconds:0.0
Script duration 556.0
Run total estimated duration= 557.000
script duration name:unknown120_60 seconds:214.0
script duration name:co2 seconds:0.0
Script duration 214.0
Run total estimated duration= 215.000
script duration name:unknown120_60 seconds:214.0
script duration name:co2 seconds:0.0
Script duration 214.0
Run total estimated duration= 215.000
script duration name:unknown120_60 seconds:214.0
script duration name:co2 seconds:0.0
Script duration 214.0
Run total estimated duration= 215.000
script duration name:unknown120_60 seconds:214.0
script duration name:co2 seconds:0.0
Script duration 214.0
Run total estimated duration= 215.000
script duration name:unknown120_60 seconds:214.0
script duration name:co2 seconds:0.0
Script duration 214.0
Run total estimated duration= 215.000
script duration name:unknown120_60 seconds:214.0
script duration name:co2 seconds:0.0
Script duration 214.0
Run total estimated duration= 215.000
script duration name:unknown120_60 seconds:214.0
script duration name:co2 seconds:0.0
Script duration 214.0
Run total estimated duration= 215.000
script duration name:unknown120_60 seconds:214.0
script duration name:co2 seconds:0.0
Script duration 214.0
Run total estimated duration= 215.000
script duration name:unknown120_60 seconds:214.0
script duration name:co2 seconds:0.0
Script duration 214.0
Run total estimated duration= 215.000
script duration name:unknown120_60 seconds:214.0
script duration name:co2 seconds:0.0
Script duration 214.0
Run total estimated duration= 215.000
script duration name:unknown120_60 seconds:214.0
script duration name:co2 seconds:0.0
Script duration 214.0
Run total estimated duration= 215.000
script duration name:unknown120_60 seconds:214.0
script duration name:co2 seconds:0.0
Script duration 214.0
Run total estimated duration= 215.000
script duration name:unknown120_60 seconds:214.0
script duration name:co2 seconds:0.0
Script duration 214.0
Run total estimated duration= 215.000
script duration name:unknown120_60 seconds:214.0
script duration name:co2 seconds:0.0
Script duration 214.0
Run total estimated duration= 215.000
script duration name:unknown120_60 seconds:214.0
script duration name:co2 seconds:0.0
Script duration 214.0
Run total estimated duration= 215.000
script duration name:unknown400_120 seconds:556.0
script duration name:co2 seconds:0.0
Script duration 556.0
Run total estimated duration= 557.000
script duration name:unknown400_120 seconds:556.0
script duration name:cocktail_x1 seconds:108.0
Script duration 664.0
Run total estimated duration= 665.000
script duration name:unknown400_120 seconds:556.0
script duration name:cocktail_x1 seconds:108.0
Script duration 664.0
Run total estimated duration= 665.000
script duration name:unknown400_120 seconds:556.0
sniffair_x2 in script context. using previous estimated duration
script duration name:sniffair_x2 seconds:250.0
Script duration 806.0
Run total estimated duration= 807.000
ic_peak_hop3 in script context. using previous estimated duration
script duration name:ic_peak_hop3 seconds:134.0
air_x1 in script context. using previous estimated duration
script duration name:air_x1 seconds:106.0
Script duration 240.0
Run total estimated duration= 241.000
script duration name:unknown120_60 seconds:214.0
script duration name:co2 seconds:0.0
Script duration 214.0
Run total estimated duration= 215.000
script duration name:unknown120_60 seconds:214.0
script duration name:co2 seconds:0.0
Script duration 214.0
Run total estimated duration= 215.000
script duration name:unknown120_60 seconds:214.0
script duration name:co2 seconds:0.0
Script duration 214.0
Run total estimated duration= 215.000
script duration name:unknown120_60 seconds:214.0
script duration name:co2 seconds:0.0
Script duration 214.0
Run total estimated duration= 215.000
script duration name:unknown120_60 seconds:214.0
script duration name:co2 seconds:0.0
Script duration 214.0
Run total estimated duration= 215.000
script duration name:unknown120_60 seconds:214.0
script duration name:co2 seconds:0.0
Script duration 214.0
Run total estimated duration= 215.000
script duration name:unknown120_60 seconds:214.0
script duration name:co2 seconds:0.0
Script duration 214.0
Run total estimated duration= 215.000
script duration name:unknown120_60 seconds:214.0
script duration name:co2 seconds:0.0
Script duration 214.0
Run total estimated duration= 215.000
script duration name:unknown120_60 seconds:214.0
script duration name:co2 seconds:0.0
Script duration 214.0
Run total estimated duration= 215.000
script duration name:unknown120_60 seconds:214.0
script duration name:co2 seconds:0.0
Script duration 214.0
Run total estimated duration= 215.000
script duration name:unknown120_60 seconds:214.0
script duration name:co2 seconds:0.0
Script duration 214.0
Run total estimated duration= 215.000
nruns=68 before=5.0, run_dur=19024.0, btw=2010.0
write rem/ex queues
/Users/jan/PychronDev/experiments/rem/CurrentExperimentPartial.rem.txt
/Users/jan/PychronDev/experiments/rem/CurrentExperimentPartial.ex.txt
doing event level: 3
