do run
loading script "jan_unknown120_60.py"
loading script "jan_pump_ms.py"
loading script "jan_co2.py"
loading script "jan_pump_extraction_line.py"
testing...
no interpolation path defined
executed 213.652928
script duration name:unknown120_60 seconds:214.0
loading script "jan_unknown120_60.py"
loading script "jan_pump_ms.py"
loading script "jan_co2.py"
loading script "jan_pump_extraction_line.py"
testing...
no interpolation path defined
executed 0
loading script "jan_unknown120_60.py"
loading script "jan_pump_ms.py"
loading script "jan_co2.py"
loading script "jan_pump_extraction_line.py"
testing...
no interpolation path defined
calculate duration
testing...
no interpolation path defined
executed 0
calculate duration
testing...
no interpolation path defined
executed 0
executed 0.0
script duration name:co2 seconds:0.0
loading script "jan_unknown120_60.py"
loading script "jan_pump_ms.py"
loading script "jan_co2.py"
loading script "jan_pump_extraction_line.py"
testing...
no interpolation path defined
calculate duration
testing...
no interpolation path defined
executed 4.0
executed 4.0
Script duration 214.0
Run total estimated duration= 215.000
run duration: 0:03:35
doing event level: 2
20:12:07 -- Setting default integration. t=1.048576
setting integration time = 1.048576
SetIntegrationTime 1.048576 ===>> OK
----------------- start -----------------
**************** Experiment Type: Ar/Ar, Ar/Ar
create new session 4993924272
close session 4993924272
$$$$$ Clearing conditionals
adding conditionals 
Add queue conditionals
add default conditionals
adding default conditionals from /Users/jan/PychronDev/setupfiles/spectrometer/default_conditionals.yaml
Start automated run 65574-06
loading script "jan_unknown120_60.py"
loading script "jan_pump_ms.py"
loading script "jan_co2.py"
loading script "jan_pump_extraction_line.py"
%%%%%%%%%%%%%%%%%% setting automated run 65574-06
No value "sensitivity_multiplier" in metadata
$$$$$$$$$$$$$$$ auto_save_detector_ic=False
============================= Pre Extraction Check =============================
loading queue conditionals pre_run_terminations
loading system conditionals pre_run_terminations
loading conditionals from /Users/jan/PychronDev/setupfiles/spectrometer/default_conditionals.yaml
20:12:07 -- ******* Pre Extraction Check *******
Get a measurement from the spectrometer
GetData ===>> H2,-0.223974651684708,H1,0.0202422664931536,AX,-0.039167548766516,L1,-0.0351073935059087,L2,-0.03...
Pre Extraction Termination data. keys=H2,H1,AX,L1,L2,CDD, signals=-0.22397,0.02024,-0.03917,-0.03511,-0.03946,0.00476
20:12:07 -- testing system defined conditionals
Checking default pre extraction terminations n=2
testing CDD
evaluate ot="CDD.inactive" t="CDD", ctx="{'CDD': False}"
GetDeflection CDD ===>> 50
testing CDD==2000
evaluate ot="CDD.deflection==2000" t="CDD==2000", ctx="{'CDD': 50.0}"
20:12:07 -- ******* Pre Extraction Check Passed *******
=================================================================================
20:12:07 -- stopping status monitor
stop 4977824688
Alive clients [4983939824]
20:12:07 -- starting status monitor
start 4977824688
Monitor already running
start extraction
do extraction
Analysis started at 20:12:07.478462
Extraction Started jan_co2.py
20:12:07 -- ******* Extraction Started jan_co2.py *******
state changed from not run to extraction
DO EXTRACTION <pychron.extraction_line.pyscript_runner.RemotePyScriptRunner object at 0x12c3c43b0>
testing...
no interpolation path defined
calculate duration
testing...
no interpolation path defined
executed 0
calculate duration
testing...
no interpolation path defined
executed 0
executed 100.0
Jan CO2 laser analysis
doing GOSUB
testing...
no interpolation path defined
executed 0
Waiting for CO2 access
wait ('FelixCO2Flag', 0) {}
waiting for FelixCO2Flag = 0
Read FelixCO2Flag ===>> 0
finished waiting
CO2 free
wait ('CO2PumpTimeFlag', 0) {}
waiting for CO2PumpTimeFlag = 0
Read CO2PumpTimeFlag ===>> 0
finished waiting
acquire ('JanCO2Flag',) {'clear': True}
acquire JanCO2Flag
Set JanCO2Flag 1 ===>> OK
JanCO2Flag acquired
set extraction state False (0.75, 'red', 1.5)
CO2 acquired
executed 0
WaitForCO2Access.py completed successfully
gosub finished
doing GOSUB
testing...
no interpolation path defined
executed 0
Prepare for CO2 analysis
close () {'description': 'Jan Inlet'}
closing name=--- desc=Jan Inlet
checking ownership. requestor=129.138.12.150
check software interlocks R
interlocks []
actuate state mode=None-script, software_lock=False
doing actuation None-script close_channel False
Close R ===>> OK
GetIndicatorState R ===>> False
change switch state (True, True)
update switch state R False args=() kw={} ncanvase=2
20:12:07 -- CLOSE  VALVE-R (Jan Inlet)
---------------------------------------- close None (Jan Inlet) result=[(True, True)]
action=close, ok=True, locked=[False]
open () {'description': 'Jan Ion Pump'}
opening name=--- desc=Jan Ion Pump
checking ownership. requestor=129.138.12.150
check software interlocks O
interlocks []
actuate state mode=None-script, software_lock=False
doing actuation None-script open_channel False
Open O ===>> OK
GetIndicatorState O ===>> OK
change switch state (True, True)
update switch state O True args=() kw={} ncanvase=2
20:12:08 -- OPEN   VALVE-O (Jan Ion Pump)
---------------------------------------- open None (Jan Ion Pump) result=[(True, True)], time=0.10 sec
action=open, ok=True, locked=[False]
close () {'description': 'Microbone to Minibone'}
closing name=--- desc=Microbone to Minibone
checking ownership. requestor=129.138.12.150
check software interlocks L
interlocks []
actuate state mode=None-script, software_lock=False
doing actuation None-script close_channel False
Close L ===>> OK
GetIndicatorState L ===>> False
change switch state (True, True)
update switch state L False args=() kw={} ncanvase=2
Get Checksum: 2035211824
20:12:08 -- CLOSE  VALVE-L (Microbone to Minibone)
---------------------------------------- close None (Microbone to Minibone) result=[(True, True)]
action=close, ok=True, locked=[False]
open () {'description': 'Microbone to Turbo'}
opening name=--- desc=Microbone to Turbo
checking ownership. requestor=129.138.12.150
check software interlocks U
interlocks []
actuate state mode=None-script, software_lock=False
doing actuation None-script open_channel False
Open U ===>> OK
GetIndicatorState U ===>> OK
change switch state (True, True)
update switch state U True args=() kw={} ncanvase=2
20:12:09 -- OPEN   VALVE-U (Microbone to Turbo)
---------------------------------------- open None (Microbone to Turbo) result=[(True, True)], time=0.13 sec
action=open, ok=True, locked=[False]
open () {'description': 'Microbone to Inlet Pipette'}
opening name=--- desc=Microbone to Inlet Pipette
checking ownership. requestor=129.138.12.150
check software interlocks S
interlocks []
actuate state mode=None-script, software_lock=False
doing actuation None-script open_channel False
Open S ===>> OK
GetIndicatorState S ===>> OK
change switch state (True, True)
update switch state S True args=() kw={} ncanvase=2
20:12:10 -- OPEN   VALVE-S (Microbone to Inlet Pipette)
---------------------------------------- open None (Microbone to Inlet Pipette) result=[(True, True)], time=0.42 sec
action=open, ok=True, locked=[False]
open () {'description': 'Microbone to Getter D-50'}
opening name=--- desc=Microbone to Getter D-50
checking ownership. requestor=129.138.12.150
check software interlocks K
interlocks []
actuate state mode=None-script, software_lock=False
doing actuation None-script open_channel False
Open K ===>> OK
GetIndicatorState K ===>> OK
change switch state (True, True)
update switch state K True args=() kw={} ncanvase=2
20:12:10 -- OPEN   VALVE-K (Microbone to Getter D-50)
---------------------------------------- open None (Microbone to Getter D-50) result=[(True, True)], time=0.41 sec
action=open, ok=True, locked=[False]
open () {'description': 'Microbone to Getter NP-10'}
opening name=--- desc=Microbone to Getter NP-10
checking ownership. requestor=129.138.12.150
check software interlocks M
interlocks []
actuate state mode=None-script, software_lock=False
doing actuation None-script open_channel False
Open M ===>> OK
GetIndicatorState M ===>> OK
change switch state (True, True)
update switch state M True args=() kw={} ncanvase=2
20:12:11 -- OPEN   VALVE-M (Microbone to Getter NP-10)
---------------------------------------- open None (Microbone to Getter NP-10) result=[(True, True)], time=0.16 sec
action=open, ok=True, locked=[False]
close () {'description': 'CO2 Laser to Felix'}
closing name=--- desc=CO2 Laser to Felix
checking ownership. requestor=129.138.12.150
check software interlocks F
interlocks []
actuate state mode=None-script, software_lock=True
VALVE-F(CO2 Laser to Felix) software locked
change switch state (True, False)
---------------------------------------- close None (CO2 Laser to Felix) result=[(True, False)]
action=close, ok=True, locked=[True]
open () {'description': 'CO2 Laser to Jan'}
opening name=--- desc=CO2 Laser to Jan
checking ownership. requestor=129.138.12.150
check software interlocks A
interlocks []
actuate state mode=None-script, software_lock=False
doing actuation None-script open_channel False
Open A ===>> OK
GetIndicatorState A ===>> OK
change switch state (True, True)
update switch state A True args=() kw={} ncanvase=2
20:12:11 -- OPEN   VALVE-A (CO2 Laser to Jan)
---------------------------------------- open None (CO2 Laser to Jan) result=[(True, True)], time=0.13 sec
action=open, ok=True, locked=[False]
open () {'description': 'Microbone to CO2 Laser'}
opening name=--- desc=Microbone to CO2 Laser
checking ownership. requestor=129.138.12.150
check software interlocks T
interlocks []
actuate state mode=None-script, software_lock=False
doing actuation None-script open_channel False
Open T ===>> OK
Get Checksum: 2035211824
GetIndicatorState T ===>> OK
change switch state (True, True)
update switch state T True args=() kw={} ncanvase=2
20:12:12 -- OPEN   VALVE-T (Microbone to CO2 Laser)
---------------------------------------- open None (Microbone to CO2 Laser) result=[(True, True)], time=0.42 sec
action=open, ok=True, locked=[False]
executed 0
PrepareForCO2Analysis.py completed successfully
gosub finished
set_motor ('beam', '1.25') {}
setting motor "beam" to 1.25
set motor beam to 1.25
SetMotor beam,1.25 ===>> OK
GetMotorMoving beam ===>> False
GetMotorMoving beam ===>> False
Block completed
move_to_position ('72',) {'autocenter': True}
FusionsCO2 move to position 72
sending GoToHole 72,True
GoToHole 72,True ===>> OK
GetDriveMoving ===>> OK
GetDriveMoving ===>> OK
GetDriveMoving ===>> OK
GetDriveMoving ===>> OK
Get Checksum: 2035211824
GetDriveMoving ===>> OK
GetDriveMoving ===>> OK
GetDriveMoving ===>> False
GetDriveMoving ===>> False
Block completed
GetAutoCorrecting ===>> OK
GetAutoCorrecting ===>> OK
GetAutoCorrecting ===>> False
GetAutoCorrecting ===>> False
Block completed
update position
GetPosition ===>> -9.96950,3.98780,1.00000
got position (-9.9695, 3.9878, 1.0)
move to position succeeded
sleep (5,) {}
SLEEP 5.0
block started
WaitControl setup for 5.0  
Get Checksum: 2035211824
Get Checksum: 2035211824
Join finished
block finished. duration 5.01044797897
close () {'description': 'Microbone to Turbo'}
closing name=--- desc=Microbone to Turbo
checking ownership. requestor=129.138.12.150
check software interlocks U
interlocks []
actuate state mode=None-script, software_lock=False
doing actuation None-script close_channel True
Close U ===>> OK
GetIndicatorState U ===>> False
change switch state (True, True)
update switch state U False args=() kw={} ncanvase=2
20:12:23 -- CLOSE  VALVE-U (Microbone to Turbo)
---------------------------------------- close None (Microbone to Turbo) result=[(True, True)]
action=close, ok=True, locked=[False]
enable laser
enable () {}
set extraction state FusionsCO2 Enabled (False, 'red', 1.5)
enabling laser
Enable ===>> OK
begin interval
BEGIN INTERVAL Interval 1 waiting for 30.0
block started
set extract to 5.0
WaitControl setup for 30.0  
extract (5.0,) {}
GetPosition ===>> -9.96950,3.98780,1.00000
set extraction state FusionsCO2 ON! 5.0(watts) (0.75, 'red', 1.5)
extract sample to 5.0 (watts)
set laser output
SetLaserOutput 5.0,watts ===>> OK
executing pattern triangle.lp
execute_pattern ('triangle.lp',) {}
executing pattern triangle.lp
Get Checksum: 1223320555
IsPatterning ===>> OK
IsPatterning ===>> OK
Get Checksum: 1223320555
IsPatterning ===>> OK
IsPatterning ===>> OK
IsPatterning ===>> OK
Get Checksum: 1223320555
IsPatterning ===>> OK
IsPatterning ===>> OK
IsPatterning ===>> OK
Get Checksum: 1223320555
IsPatterning ===>> OK
IsPatterning ===>> OK
IsPatterning ===>> OK
Get Checksum: 1223320555
IsPatterning ===>> OK
IsPatterning ===>> OK
IsPatterning ===>> OK
Get Checksum: 1223320555
IsPatterning ===>> OK
IsPatterning ===>> OK
IsPatterning ===>> OK
IsPatterning ===>> OK
IsPatterning ===>> OK
Get Checksum: 1223320555
IsPatterning ===>> OK
IsPatterning ===>> OK
IsPatterning ===>> OK
Get Checksum: 1223320555
IsPatterning ===>> OK
IsPatterning ===>> OK
IsPatterning ===>> OK
Get Checksum: 1223320555
IsPatterning ===>> OK
IsPatterning ===>> False
IsPatterning ===>> False
Block completed
COMPLETE INTERVAL waiting for Interval 1 to complete
Get Checksum: 1223320555
Join finished
block finished. duration 30.0668640137
Interval 1 finished
end_extract () {}
ending extraction. set laser power to 0
set laser power 0
SetLaserPower 0 ===>> OK
disable () {}
%%%%%%%%%%%%%%%%%%%%%%%%%%%%%%%%%%% disable
set extraction state False (0.75, 'red', 1.5)
disabling laser
Disable ===>> OK
sleep (30.0,) {}
SLEEP 30.0
block started
WaitControl setup for 30.0  
Get Checksum: 1223320555
Get Checksum: 1223320555
Get Checksum: 1223320555
Get Checksum: 1223320555
Get Checksum: 1223320555
Get Checksum: 1223320555
Get Checksum: 1223320555
Get Checksum: 1223320555
Get Checksum: 1223320555
Get Checksum: 1223320555
Join finished
block finished. duration 30.1078047752
executed 166.5
jan_co2.py completed successfully
GetAchievedOutput ===>> No Response
Requested Output= 0.000
Achieved Output=  0.000
GetResponseBlob ===>> No Response
GetOutputBlob ===>> No Response
persistence save...
persistence save - db
AutomatedRunPersister post_extraction_save deprecated
persistence save - dvc
no extraction position for 72
create new session 4983587952
close session 4983587952
Extraction Finished
20:13:24 -- ******* Extraction Finished *******
no overlap. not waiting for min ms pumptime
20:13:24 -- Sending spectrometer configuration
======== Sending configuration ========
SetDeflection CDD,50.0 ===>> OK
SetDeflection H2,0.0 ===>> OK
SetDeflection H1,0.0 ===>> OK
SetDeflection L2,825.0 ===>> OK
SetDeflection L1,400.0 ===>> OK
SetDeflection AX,190.0 ===>> OK
SetZFocus 74.64 ===>> OK
SetZSymmetry -50.72 ===>> OK
SetExtractionLens 26.13 ===>> OK
SetIonRepeller -3.81 ===>> OK
SetElectronEnergy 75.08 ===>> OK
SetYSymmetry -2.81 ===>> OK
SetIonCounterVoltage 1590.0 ===>> OK
send trap current 200.0
GetParameter Trap Current Readback ===>> 198.147042666178
SetParameter Trap Current Set,200.0 ===>> OK
updating mftable name mftable
Using mftable located at /Users/jan/PychronDev/setupfiles/spectrometer/mftables/mftable.csv
============ MFtable ===========
Isotope  H2     H1     AX     L1     L2     CDD    
Ar40     5.7840 5.8795 5.9929 6.1239 6.2311 6.3521
Ar39     5.6832 5.7717 5.8853 6.0099 6.1162 6.2386
Ar36     5.3607 5.4407 5.5487 5.6688 5.7712 5.8897
================================
get initial guess parabolic
get initial guess parabolic
get initial guess parabolic
get initial guess parabolic
get initial guess parabolic
get initial guess parabolic
======== Configuration Finished ========
GetYSymmetry ===>> -2.81
GetZSymmetry ===>> -50.72
GetParameter Trap Current Readback ===>> 198.147042666178
GetHighVoltage ===>> 4500
start measurement
do measurement
L#=65574 analysis type=unknown
Measurement Started jan_unknown120_60.py
20:13:24 -- ******* Measurement Started jan_unknown120_60.py *******
state changed from extraction to measurement
setting spec, defl, and gains
GetExtractionLens ===>> 26.13
GetYSymmetry ===>> -2.81
GetZSymmetry ===>> -50.72
GetZFocus ===>> 74.64
GetDeflection H2 ===>> 0
GetDeflection H1 ===>> 0
GetDeflection AX ===>> 190
GetDeflection L1 ===>> 400
GetDeflection L2 ===>> 825
GetDeflection CDD ===>> 50
GetGain H2 ===>> 0.0113
GetGain H1 ===>> 0.1
GetGain AX ===>> 0.097049
GetGain L1 ===>> 0.010355
GetGain L2 ===>> 0.095649
GetGain CDD ===>> 0
pre measurement save
New frame /Users/jan/PychronDev/data/isotopes/38/dff1dd-755b-4bf4-8822-aeff1f237001.h5
flush and close file /Users/jan/PychronDev/data/isotopes/38/dff1dd-755b-4bf4-8822-aeff1f237001.h5
testing...
no interpolation path defined
executed 226.132928
unknown measurement script
activate_detectors ('H2', 'H1', 'AX', 'L1', 'L2', 'CDD') {}
activate detectors
*************** Set Analysis View Ar/Ar
create graphs
clearing graphs
clear isotope group
setting isotope det=H2, iso=PM41
setting isotope det=H1, iso=Ar40
setting isotope det=AX, iso=Ar39
setting isotope det=L1, iso=Ar38
setting isotope det=L2, iso=Ar37
setting isotope det=CDD, iso=Ar36
setting previous blanks
 - setting Ar40 blank 0.985+/-0.008
 - setting Ar36 blank 0.00675+/-0.00020
 - setting Ar37 blank 0.054+/-0.004
 - setting Ar38 blank 0.0136+/-0.0022
 - setting PM41 blank 0.04+/-0.07
 - setting Ar39 blank 0.042+/-0.008
load analysis view
position_magnet ('Ar40',) {'detector': 'H1'}
detector Detector(H1)
POSITION Ar40 H1
setting detector H2 to PM41 (40.9624)
setting detector H1 to Ar40 (39.9624)
setting detector AX to Ar39 (38.9624)
setting detector L1 to Ar38 (37.9624)
setting detector L2 to Ar37 (36.9624)
setting detector CDD to Ar36 (35.9624)
Mapping mass to dac mass func: "parabolic"
H1 map mass coeffs = [-0.00063987  0.15840543  0.57105999]
H1 map mass to dac 39.9624 >> 5.87945
GetDeflection H1 ===>> 0
GetHighVoltage ===>> 4500
positioning Ar40 (5.87945) on H1
setting magnet DAC
current  : 5.879452
requested: 5.879450
Delta Dac: 0.000002
Checking detector protection. dv=0.00000
Checking detector "CDD". Protection Threshold: 0.1 (V)
SetMagnetDAC 5.87945 ===>> OK
Magnet settling time: 0.500
equilibrate () {'delay': 3, 'inlet': 'R', 'outlet': 'O', 'eqtime': 12.0}
Equilibration Started
20:13:26 -- ******* Equilibration Started *******
checking ownership. requestor=129.138.12.150
check software interlocks O
interlocks []
actuate state mode=None-script, software_lock=False
doing actuation None-script close_channel True
Close O ===>> OK
GetIndicatorState O ===>> False
change switch state (True, True)
update switch state O False args=() kw={} ncanvase=2
20:13:26 -- CLOSE  VALVE-O (Jan Ion Pump)
waiting 3s before opening inlet value ('R',)
Get Checksum: 1281862853
checking ownership. requestor=129.138.12.150
check software interlocks R
interlocks []
actuate state mode=None-script, software_lock=False
doing actuation None-script open_channel True
Open R ===>> OK
set states for children of R. state=True
handle state [('R', True)]
update switch state R True args=() kw={'refresh': False} ncanvase=2
refresh_canvas_needed fired
Get Checksum: 594863745
GetIndicatorState R ===>> OK
change switch state (True, True)
update switch state R True args=() kw={} ncanvase=2
20:13:30 -- OPEN   VALVE-R (Jan Inlet)
set_time_zero () {}
equilibrating for 12.0sec
sniff (12.0,) {}
py_sniff
build tables- sniff [Detector(H2), Detector(H1), Detector(AX), Detector(L1), Detector(L2), Detector(CDD)]
add group /sniff/PM41 (Group) '' table H2
add group /sniff/Ar40 (Group) '' table H1
add group /sniff/Ar39 (Group) '' table AX
add group /sniff/Ar38 (Group) '' table L1
add group /sniff/Ar37 (Group) '' table L2
add group /sniff/Ar36 (Group) '' table CDD
flush and close file /Users/jan/PychronDev/data/isotopes/38/dff1dd-755b-4bf4-8822-aeff1f237001.h5
measuring sniff. ncounts=12.0
starting measurement
GetData ===>> H2,0.187474893549166,H1,50.8896698263785,AX,14.0708868799527,L1,0.050209444821413,L2,0.2885419101...
GetData ===>> H2,1.13707212320989,H1,354.838187485605,AX,93.2997582722007,L1,0.605045041212333,L2,0.78859482376...
GetData ===>> H2,0.547587660068772,H1,502.64883850534,AX,127.466500192485,L1,1.15246359545164,L2,0.828557170501...
Get Checksum: 594863745
GetData ===>> H2,0.108213674021084,H1,548.750052057106,AX,136.89084456341,L1,1.48385653885076,L2,0.784004225103...
GetData ===>> H2,-0.00644664503145476,H1,564.949782730575,AX,140.109893012044,L1,1.60278272654695,L2,0.86014241...
GetData ===>> H2,0.016114290069754,H1,571.547914512519,AX,141.340498409736,L1,1.66605683267743,L2,0.73950625405...
Get Checksum: 594863745
GetData ===>> H2,-0.00330768751680861,H1,574.567105363285,AX,141.842818141158,L1,1.75503534426011,L2,0.84599643...
GetData ===>> H2,0.0430750171777465,H1,575.831978658644,AX,142.082698982364,L1,1.81845650837428,L2,0.9360695757...
GetData ===>> H2,-0.0702017050806118,H1,576.266031727034,AX,142.118036921318,L1,1.82079266502481,L2,0.813088766...
Get Checksum: 594863745
GetData ===>> H2,-0.15239159591058,H1,576.295933383819,AX,141.985402743734,L1,1.78334175181523,L2,0.84080094243...
GetData ===>> H2,-0.132874405837203,H1,576.306252232834,AX,142.004484973714,L1,1.84260219811989,L2,0.9460243625...
Get Checksum: 594863745
Equilibration Finished
20:13:42 -- ******* Equilibration Finished *******
checking ownership. requestor=129.138.12.150
check software interlocks R
interlocks []
actuate state mode=None-script, software_lock=False
doing actuation None-script close_channel True
GetData ===>> H2,-0.137182598880815,H1,576.336516268537,AX,141.877992701069,L1,1.88107231680743,L2,0.7327555343...
Close R ===>> OK
GetIndicatorState R ===>> False
change switch state (True, True)
update switch state R False args=() kw={} ncanvase=2
20:13:42 -- CLOSE  VALVE-R (Jan Inlet)
Post Equilibration Started jan_pump_extraction_line.py
20:13:42 -- ******* Post Equilibration Started jan_pump_extraction_line.py *******
testing...
no interpolation path defined
calculate duration
testing...
no interpolation path defined
executed 4.0
executed 4.0
Pump after analysis
doing GOSUB
testing...
no interpolation path defined
executed 4.0
Pump Microbone
close () {'description': 'Jan Inlet'}
closing name=--- desc=Jan Inlet
checking ownership. requestor=129.138.12.150
check software interlocks R
interlocks []
actuate state mode=None-script, software_lock=False
doing actuation None-script close_channel False
Close R ===>> OK
measurement finished
estimated time: 12.583 actual time: :12.673
flush and close file /Users/jan/PychronDev/data/isotopes/38/dff1dd-755b-4bf4-8822-aeff1f237001.h5
set_fits () {}
using default fits file=/Users/jan/PychronDev/scripts/measurement/fits/nominal_linear.yaml
set "Ar40" to "('Linear', 'SEM')"
No fit for "PM41". defaulting to linear. check the measurement script "jan_unknown120_60.py"
set "PM41" to "linear"
set "Ar36" to "('Linear', 'SEM')"
set "Ar37" to "('linear', 'SEM')"
set "Ar38" to "('linear', 'SEM')"
set "Ar39" to "('Linear', 'SEM')"
set_baseline_fits () {}
using default fits file=/Users/jan/PychronDev/scripts/measurement/fits/nominal_linear.yaml
set "H1" to "('average', 'SEM')"
set "H2" to "('average', 'SEM')"
set "CDD" to "('average', 'SEM')"
set "L2" to "('average', 'SEM')"
set "L1" to "('average', 'SEM')"
set "AX" to "('average', 'SEM')"
multicollect () {'integration_time': 1, 'ncounts': 120}
build tables- signal [Detector(H2), Detector(H1), Detector(AX), Detector(L1), Detector(L2), Detector(CDD)]
add group /signal/PM41 (Group) '' table H2
add group /signal/Ar40 (Group) '' table H1
add group /signal/Ar39 (Group) '' table AX
GetIndicatorState R ===>> False
add group /signal/Ar38 (Group) '' table L1
change switch state (True, True)
add group /signal/Ar37 (Group) '' table L2
update switch state R False args=() kw={} ncanvase=2
add group /signal/Ar36 (Group) '' table CDD
flush and close file /Users/jan/PychronDev/data/isotopes/38/dff1dd-755b-4bf4-8822-aeff1f237001.h5
measuring signal. ncounts=120
20:13:43 -- CLOSE  VALVE-R (Jan Inlet)
---------------------------------------- close None (Jan Inlet) result=[(True, True)]
action=close, ok=True, locked=[False]
is_closed ('F',) {}
is F () closed?
is closed True
open () {'description': 'CO2 Laser to Jan'}
opening name=--- desc=CO2 Laser to Jan
checking ownership. requestor=129.138.12.150
check software interlocks A
interlocks []
actuate state mode=None-script, software_lock=False
doing actuation None-script open_channel False
Open A ===>> OK
GetIndicatorState A ===>> OK
change switch state (True, True)
update switch state A True args=() kw={} ncanvase=2
20:13:43 -- OPEN   VALVE-A (CO2 Laser to Jan)
---------------------------------------- open None (CO2 Laser to Jan) result=[(True, True)], time=0.14 sec
starting measurement
GetData ===>> H2,-0.0927099258335101,H1,576.093723058144,AX,141.735981263072,L1,1.88317215592771,L2,0.904058579...
action=open, ok=True, locked=[False]
sleep (1,) {}
SLEEP 1.0
GetData ===>> H2,0.182972091130568,H1,576.150672697798,AX,142.243242786025,L1,1.89181005969666,L2,0.94729599183...
close () {'description': 'CO2 Laser to Roughing'}
closing name=--- desc=CO2 Laser to Roughing
checking ownership. requestor=129.138.12.150
check software interlocks G
interlocks []
actuate state mode=None-script, software_lock=True
VALVE-G(CO2 Laser to Roughing) software locked
change switch state (True, False)
---------------------------------------- close None (CO2 Laser to Roughing) result=[(True, False)]
action=close, ok=True, locked=[True]
open () {'description': 'Microbone to Turbo'}
opening name=--- desc=Microbone to Turbo
checking ownership. requestor=129.138.12.150
check software interlocks U
interlocks []
actuate state mode=None-script, software_lock=False
doing actuation None-script open_channel True
Open U ===>> OK
GetIndicatorState U ===>> OK
change switch state (True, True)
update switch state U True args=() kw={} ncanvase=2
20:13:45 -- OPEN   VALVE-U (Microbone to Turbo)
---------------------------------------- open None (Microbone to Turbo) result=[(True, True)], time=0.18 sec
Get Checksum: 799532470
action=open, ok=True, locked=[False]
open () {'description': 'Microbone to Getter NP-10'}
opening name=--- desc=Microbone to Getter NP-10
checking ownership. requestor=129.138.12.150
check software interlocks M
interlocks []
actuate state mode=None-script, software_lock=False
doing actuation None-script open_channel False
Open M ===>> OK
GetIndicatorState M ===>> OK
change switch state (True, True)
update switch state M True args=() kw={} ncanvase=2
20:13:45 -- OPEN   VALVE-M (Microbone to Getter NP-10)
---------------------------------------- open None (Microbone to Getter NP-10) result=[(True, True)], time=0.13 sec
action=open, ok=True, locked=[False]
open () {'description': 'Microbone to Getter D-50'}
opening name=--- desc=Microbone to Getter D-50
checking ownership. requestor=129.138.12.150
check software interlocks K
interlocks []
actuate state mode=None-script, software_lock=False
doing actuation None-script open_channel False
GetData ===>> H2,-0.0182725379247864,H1,576.112181043209,AX,141.983115429175,L1,1.85009312729514,L2,0.799883363...
Open K ===>> OK
GetIndicatorState K ===>> OK
change switch state (True, True)
update switch state K True args=() kw={} ncanvase=2
20:13:46 -- OPEN   VALVE-K (Microbone to Getter D-50)
---------------------------------------- open None (Microbone to Getter D-50) result=[(True, True)], time=0.41 sec
action=open, ok=True, locked=[False]
open () {'description': 'Microbone to CO2 Laser'}
opening name=--- desc=Microbone to CO2 Laser
checking ownership. requestor=129.138.12.150
check software interlocks T
interlocks []
actuate state mode=None-script, software_lock=False
doing actuation None-script open_channel False
Open T ===>> OK
GetIndicatorState T ===>> OK
change switch state (True, True)
update switch state T True args=() kw={} ncanvase=2
20:13:46 -- OPEN   VALVE-T (Microbone to CO2 Laser)
---------------------------------------- open None (Microbone to CO2 Laser) result=[(True, True)], time=0.41 sec
GetData ===>> H2,-0.112725895874091,H1,575.877908666487,AX,141.706556895111,L1,1.82656963941259,L2,0.8691163502...
action=open, ok=True, locked=[False]
open () {'description': 'Microbone to Inlet Pipette'}
opening name=--- desc=Microbone to Inlet Pipette
checking ownership. requestor=129.138.12.150
check software interlocks S
interlocks []
actuate state mode=None-script, software_lock=False
doing actuation None-script open_channel False
Open S ===>> OK
GetIndicatorState S ===>> OK
change switch state (True, True)
update switch state S True args=() kw={} ncanvase=2
20:13:47 -- OPEN   VALVE-S (Microbone to Inlet Pipette)
---------------------------------------- open None (Microbone to Inlet Pipette) result=[(True, True)], time=0.45 sec
action=open, ok=True, locked=[False]
sleep (1,) {}
SLEEP 1.0
GetData ===>> H2,-0.0837370230492474,H1,575.888455296803,AX,141.810727866197,L1,1.83299325511967,L2,0.774262808...
Get Checksum: 799532470
set_resource () {'name': 'CO2PumpTimeFlag', 'value': 30}
Set CO2PumpTimeFlag 30 ===>> OK
release ('JanCO2Flag',) {}
release JanCO2Flag
Set JanCO2Flag 0 ===>> OK
executed 6.0
PumpMicrobone.py completed successfully
gosub finished
get_resource_value () {'name': 'JanMiniboneFlag'}
Read JanMiniboneFlag ===>> 0
Get Resource Value JanMiniboneFlag=0.0
get resource value 0.0
get_resource_value () {'name': 'JanMiniboneFlag'}
Read JanMiniboneFlag ===>> 0
Get Resource Value JanMiniboneFlag=0.0
executed 4.0
jan_pump_extraction_line.py completed successfully
Post Equilibration Finished
20:13:48 -- ******* Post Equilibration Finished *******
GetData ===>> H2,-0.049391046885838,H1,575.583973817768,AX,141.664874504626,L1,1.83055843549245,L2,0.7715500401...
GetData ===>> H2,-0.136605293171935,H1,575.192445883076,AX,141.856879797676,L1,1.83309929984955,L2,0.7650145286...
GetData ===>> H2,-0.109716443650054,H1,575.067997297051,AX,141.571510574102,L1,1.80326595459883,L2,0.6970303910...
Get Checksum: 799532470
GetData ===>> H2,-0.155649452224215,H1,574.653819466855,AX,141.382506717853,L1,1.86179974782772,L2,0.9313388359...
GetData ===>> H2,-0.215484764551514,H1,574.378355533396,AX,141.660987346785,L1,1.87586004389098,L2,0.8908907826...
GetData ===>> H2,-0.28398883882183,H1,574.268430512478,AX,141.5736946242,L1,1.81546930791542,L2,0.8162463153904...
Get Checksum: 799532470
GetData ===>> H2,-0.203221016113606,H1,573.847940341671,AX,141.364464684878,L1,1.80419253058325,L2,0.6964585308...
GetData ===>> H2,-0.193399688109266,H1,573.67504268482,AX,141.507404312787,L1,1.84450325831893,L2,0.86388526860...
GetData ===>> H2,-0.171144886227604,H1,573.702622815681,AX,141.388654667728,L1,1.83961581358185,L2,0.7233625259...
Get Checksum: 799532470
GetData ===>> H2,-0.148174192166245,H1,573.479774499139,AX,141.207417627181,L1,1.81627523550905,L2,0.7556641411...
GetData ===>> H2,-0.0893402830829978,H1,573.364999139967,AX,141.161287798723,L1,1.82300476658437,L2,0.809096217...
Get Checksum: 799532470
GetData ===>> H2,-0.178362655774104,H1,572.758929166768,AX,140.943955566924,L1,1.79486602293713,L2,0.8298844572...
GetData ===>> H2,-0.196864988672915,H1,572.514243402841,AX,140.800089400379,L1,1.81713748654287,L2,0.8433757659...
GetData ===>> H2,-0.191488292091412,H1,572.284598218862,AX,140.87130604577,L1,1.85456654529131,L2,0.83030781984...
Get Checksum: 799532470
GetData ===>> H2,-0.210833030580685,H1,572.259759227392,AX,140.952433796364,L1,1.84951803070962,L2,0.8425174837...
GetData ===>> H2,-0.155030653169326,H1,571.88345172133,AX,141.177476824593,L1,1.82973516965146,L2,0.79238423635...
GetData ===>> H2,-0.158371496662272,H1,571.58263887159,AX,140.866546663614,L1,1.78163238548323,L2,0.79649437249...
Get Checksum: 799532470
GetData ===>> H2,-0.238527641515619,H1,571.476276461704,AX,140.73961298499,L1,1.76626974269717,L2,0.81433575719...
GetData ===>> H2,-0.169496035919432,H1,571.155259988556,AX,140.893744951752,L1,1.82617581128679,L2,0.8792244768...
20:14:09 -- collecting point 25
GetData ===>> H2,0.00820407640965779,H1,570.660675026359,AX,140.716327793259,L1,1.85339363667582,L2,0.791548492...
Get Checksum: 799532470
GetData ===>> H2,0.0405455803803501,H1,570.801807720817,AX,140.731840941401,L1,1.82332915485757,L2,0.8378371199...
GetData ===>> H2,-0.122366204797969,H1,570.576565255535,AX,140.644538200208,L1,1.77032831677298,L2,0.8545913577...
GetData ===>> H2,-0.00980225275561805,H1,570.393633961707,AX,140.675732518403,L1,1.76526642358708,L2,0.78432475...
Get Checksum: 799532470
GetData ===>> H2,-0.103206725133888,H1,570.416365562211,AX,140.746307086527,L1,1.83526493091535,L2,0.6971790752...
GetData ===>> H2,-0.169644469263254,H1,569.975075118534,AX,140.717007462989,L1,1.81945896625604,L2,0.9508933045...
GetData ===>> H2,-0.114821075896621,H1,569.532271415256,AX,140.211701108178,L1,1.79568292657788,L2,0.7404674120...
Get Checksum: 799532470
GetData ===>> H2,-0.156882896283107,H1,569.466813029223,AX,140.362650621545,L1,1.7944033557047,L2,0.87535510232...
GetData ===>> H2,-0.114796715559408,H1,569.471399799334,AX,140.495631142356,L1,1.77684867264215,L2,0.7393002928...
GetData ===>> H2,-0.15504686667595,H1,569.483279788084,AX,140.262706595929,L1,1.7927397447013,L2,0.824346588996...
Get Checksum: 799532470
GetData ===>> H2,-0.173739113176212,H1,568.832746893015,AX,140.246461378223,L1,1.80054378081704,L2,0.8503681904...
GetData ===>> H2,-0.20236233857911,H1,568.607921572914,AX,140.249494763592,L1,1.82309763482882,L2,0.81009147944...
GetData ===>> H2,-0.0976738237825475,H1,568.226886024665,AX,140.113783512657,L1,1.79543980969509,L2,0.798143055...
Get Checksum: 799532470
GetData ===>> H2,-0.198291832594055,H1,568.176784970596,AX,139.708289683765,L1,1.78308063008828,L2,0.7449643863...
GetData ===>> H2,-0.187544512309351,H1,568.006263763254,AX,139.677707228693,L1,1.77842777241854,L2,0.8606689243...
GetData ===>> H2,-0.131166091117449,H1,567.84433944575,AX,139.966683157284,L1,1.76118175133366,L2,0.81403830843...
GetData ===>> H2,-0.202095420822323,H1,567.689359846036,AX,139.718870324075,L1,1.79494575005311,L2,0.8409153775...
Get Checksum: 799532470
GetData ===>> H2,-0.208449858116093,H1,567.6888563849,AX,139.690118847043,L1,1.76264774175864,L2,0.893352451134...
GetData ===>> H2,-0.189192302993623,H1,567.205024629215,AX,139.840120093062,L1,1.7933029657323,L2,0.87488575092...
GetData ===>> H2,-0.187014525370223,H1,567.121872857598,AX,139.715502778342,L1,1.81214548187388,L2,0.8120705937...
Get Checksum: 799532470
GetData ===>> H2,-0.106424775919278,H1,566.69117567948,AX,139.604288503357,L1,1.7955339188169,L2,0.776426210652...
GetData ===>> H2,-0.166599847175427,H1,566.335819313832,AX,139.543790632233,L1,1.79278809432768,L2,0.7824130214...
GetData ===>> H2,-0.214672801803567,H1,566.116407810782,AX,139.460400435707,L1,1.77568245305385,L2,0.8301247439...
Get Checksum: 799532470
GetData ===>> H2,-0.17092766190245,H1,566.115905411814,AX,139.526762748194,L1,1.74307610080592,L2,0.84006856079...
GetData ===>> H2,-0.144971325026911,H1,565.96358770357,AX,139.468960549421,L1,1.73163637041336,L2,0.89136021226...
20:14:35 -- collecting point 50
GetData ===>> H2,-0.135311318629068,H1,565.653215797463,AX,139.425882686017,L1,1.74178747411312,L2,0.7942961719...
Get Checksum: 799532470
GetData ===>> H2,-0.0892169680025888,H1,565.487885760416,AX,139.511787610556,L1,1.82390863033692,L2,0.667469680...
GetData ===>> H2,-0.0854909491368952,H1,565.281850765485,AX,139.330404137774,L1,1.81081544858881,L2,0.721268959...
GetData ===>> H2,-0.107964462634262,H1,565.011806210158,AX,139.191232159845,L1,1.78068775680929,L2,0.8343355786...
Get Checksum: 799532470
GetData ===>> H2,-0.215947947691744,H1,564.406710131939,AX,139.363206291611,L1,1.75744912667844,L2,0.8211201269...
GetData ===>> H2,-0.261066434784102,H1,564.447635232656,AX,139.094800787999,L1,1.78454690918239,L2,0.7479281562...
GetData ===>> H2,-0.149831330880653,H1,564.613614826704,AX,139.076845405285,L1,1.77798236226415,L2,0.8454127863...
Get Checksum: 799532470
GetData ===>> H2,-0.0920935198045031,H1,564.52437085747,AX,139.200683362855,L1,1.76462847002802,L2,0.7250785977...
GetData ===>> H2,-0.193092376820486,H1,564.161911920306,AX,139.038675501996,L1,1.78452993421503,L2,0.7653578894...
GetData ===>> H2,-0.18926241642523,H1,563.879262494712,AX,139.074996289546,L1,1.80567730630291,L2,0.80401672062...
Get Checksum: 799532470
GetData ===>> H2,-0.135227482376824,H1,563.637355329974,AX,139.099732394054,L1,1.8004561670192,L2,0.84549289476...
GetData ===>> H2,-0.124600234896457,H1,563.487371204347,AX,138.76129425019,L1,1.77867987475121,L2,0.76128342030...
GetData ===>> H2,-0.1427716160828,H1,563.312074500587,AX,138.749771485649,L1,1.80074385673996,L2,0.799333789330...
Get Checksum: 799532470
GetData ===>> H2,-0.140675550508082,H1,563.089303418048,AX,138.937329238447,L1,1.78872877492978,L2,0.8430553397...
GetData ===>> H2,-0.1719125586975,H1,562.768064478048,AX,138.745818168896,L1,1.77247044063263,L2,0.762164681293...
Get Checksum: 799532470
GetData ===>> H2,-0.196726070815298,H1,562.373679015762,AX,138.720749568443,L1,1.79228762067411,L2,0.8022076394...
GetData ===>> H2,-0.216474391532335,H1,562.343348136062,AX,138.59277594737,L1,1.76097942612586,L2,0.77913911689...
GetData ===>> H2,-0.131413630086127,H1,562.220379584469,AX,138.57970958933,L1,1.77061155957918,L2,0.83401518260...
Get Checksum: 799532470
GetData ===>> H2,-0.218060820214148,H1,561.804920566684,AX,138.64314462728,L1,1.75319209479513,L2,0.88375802507...
GetData ===>> H2,-0.211001409863607,H1,561.652727622275,AX,138.46045018934,L1,1.73995783278774,L2,0.75496604589...
GetData ===>> H2,-0.148252530175417,H1,561.706986914736,AX,138.449709671567,L1,1.74542463729195,L2,0.7508805739...
Get Checksum: 799532470
GetData ===>> H2,-0.160090843413195,H1,561.437470504038,AX,138.392861978249,L1,1.76947080140326,L2,0.7437399984...
GetData ===>> H2,-0.135050342451669,H1,561.149043945045,AX,138.276245078905,L1,1.77038052687798,L2,0.7837638257...
GetData ===>> H2,-0.14289458404495,H1,560.810286453498,AX,138.195722643929,L1,1.77619437290943,L2,0.76175266216...
Get Checksum: 799532470
GetData ===>> H2,-0.125692748114562,H1,560.91568479255,AX,138.161275939413,L1,1.76851678023245,L2,0.73428870699...
20:15:01 -- collecting point 75
GetData ===>> H2,-0.190350467279699,H1,560.621234904033,AX,138.13865042761,L1,1.78369688734623,L2,0.81470184923...
GetData ===>> H2,-0.179528675905057,H1,560.327107932024,AX,138.042962360076,L1,1.73904638654235,L2,0.7880796583...
Get Checksum: 799532470
GetData ===>> H2,-0.303433445920731,H1,559.943208615783,AX,138.048057725777,L1,1.75226080438615,L2,0.7949602064...
GetData ===>> H2,-0.226716326198427,H1,559.649107775699,AX,138.217084371776,L1,1.7799091199723,L2,0.71192283116...
GetData ===>> H2,-0.0964076601671887,H1,559.405729249451,AX,137.925572652045,L1,1.75499098783327,L2,0.804818223...
Get Checksum: 799532470
GetData ===>> H2,-0.118949398063545,H1,559.214609958496,AX,137.842158318258,L1,1.75606472476058,L2,0.8800258460...
GetData ===>> H2,-0.0939345102855551,H1,559.050097489901,AX,138.000143663534,L1,1.74081979959776,L2,0.761523763...
GetData ===>> H2,-0.133619599542582,H1,558.899237205399,AX,137.941808530493,L1,1.74315827546922,L2,0.7760026836...
Get Checksum: 799532470
GetData ===>> H2,-0.191224068091294,H1,558.89163623585,AX,137.814501505811,L1,1.74896409920011,L2,0.81506794266...
GetData ===>> H2,-0.13091989946485,H1,558.742724137191,AX,137.927297267187,L1,1.73875041103378,L2,0.83369478758...
GetData ===>> H2,-0.108888445052635,H1,558.127645319709,AX,137.781541228921,L1,1.70661340602989,L2,0.8214748036...
Get Checksum: 799532470
GetData ===>> H2,0.0108814777910322,H1,558.129724424819,AX,137.629117417464,L1,1.74275914717126,L2,0.6592034590...
GetData ===>> H2,-0.154737454923064,H1,557.749445401391,AX,137.553552130373,L1,1.76443278619939,L2,0.7478022799...
GetData ===>> H2,-0.0665382885057594,H1,557.445599137804,AX,137.476406416649,L1,1.80438073047049,L2,0.832916689...
Get Checksum: 799532470
GetData ===>> H2,-0.0768961583494189,H1,557.239102114297,AX,137.380674359499,L1,1.79505815320113,L2,0.897027896...
GetData ===>> H2,-0.169767262650416,H1,557.191574221388,AX,137.413837218684,L1,1.79029640605164,L2,0.7967577019...
GetData ===>> H2,-0.228162305012994,H1,557.151895543227,AX,137.184443197128,L1,1.83370416713687,L2,0.7501596263...
Get Checksum: 799532470
GetData ===>> H2,-0.136145590801177,H1,557.020385265189,AX,137.214311938132,L1,1.79166434730162,L2,0.8154797994...
GetData ===>> H2,-0.0640458428521871,H1,556.59060372372,AX,137.288670767092,L1,1.7673958136465,L2,0.73378527446...
Get Checksum: 799532470
GetData ===>> H2,-0.26378685839904,H1,556.394333743545,AX,137.040476143981,L1,1.77523454279708,L2,0.75132687756...
GetData ===>> H2,-0.232369939075802,H1,555.867770489372,AX,137.017739191869,L1,1.77759052079135,L2,0.9213855699...
GetData ===>> H2,-0.173790536728261,H1,555.69557190167,AX,137.001172756447,L1,1.78259930965278,L2,0.78765608000...
Get Checksum: 799532470
GetData ===>> H2,-0.169452854945121,H1,555.699355642995,AX,137.160868491033,L1,1.71046429448756,L2,0.8592610922...
GetData ===>> H2,-0.127352950530383,H1,555.453018752871,AX,137.200741764202,L1,1.72944105014106,L2,0.8729969209...
GetData ===>> H2,-0.0974828926334807,H1,555.495199837391,AX,137.062907174435,L1,1.7630383140169,L2,0.8216921868...
Get Checksum: 799532470
20:15:27 -- collecting point 100
GetData ===>> H2,-0.0559069199931091,H1,555.353047322004,AX,136.802470639986,L1,1.74787019851165,L2,0.775006830...
GetData ===>> H2,-0.124556964881375,H1,554.936411412047,AX,136.795378612134,L1,1.71428008189437,L2,0.7823443369...
GetData ===>> H2,-0.145068599600594,H1,554.687103682185,AX,136.750502397236,L1,1.78116724694425,L2,0.6998668682...
Get Checksum: 799532470
GetData ===>> H2,-0.179690613649595,H1,554.717924669495,AX,136.812546187424,L1,1.74804490236963,L2,0.8476444031...
GetData ===>> H2,-0.209391601320566,H1,554.595825333562,AX,136.836216255332,L1,1.69350226987707,L2,0.8248385767...
GetData ===>> H2,-0.0733325098628703,H1,554.135611876685,AX,136.668918868192,L1,1.7179122410579,L2,0.7443006974...
Get Checksum: 799532470
GetData ===>> H2,-0.117458449941647,H1,554.023946109698,AX,136.86822676893,L1,1.76031112684518,L2,0.68696614845...
GetData ===>> H2,-0.212641966361555,H1,553.643531698782,AX,136.775901790454,L1,1.75791759260142,L2,0.8089360616...
GetData ===>> H2,-0.111439902754323,H1,553.507852980959,AX,136.868365034281,L1,1.78895345496458,L2,0.8035816220...
Get Checksum: 799532470
GetData ===>> H2,-0.0693568232276863,H1,553.469089066613,AX,136.395230886406,L1,1.76267124097701,L2,0.744163383...
GetData ===>> H2,-0.167902279019735,H1,553.062583463014,AX,136.519366731312,L1,1.71929431529554,L2,0.8664607108...
GetData ===>> H2,-0.217325079451356,H1,552.878750507146,AX,136.213225403829,L1,1.71964995739005,L2,0.8123794764...
Get Checksum: 799532470
GetData ===>> H2,-0.107309647743216,H1,552.81024392189,AX,136.143713524507,L1,1.71222556198026,L2,0.80993132169...
GetData ===>> H2,-0.228154227433037,H1,552.746561391464,AX,136.338934193534,L1,1.75007506138057,L2,0.7449186145...
GetData ===>> H2,-0.170386606809657,H1,552.454871712759,AX,136.136834895673,L1,1.72537207903688,L2,0.6535787194...
Get Checksum: 799532470
GetData ===>> H2,-0.0773312021389755,H1,552.379302972531,AX,136.182211532493,L1,1.73039338718563,L2,0.878606282...
GetData ===>> H2,-0.184700093164703,H1,552.036868785424,AX,136.123512061441,L1,1.74184094649405,L2,0.6924098577...
Get Checksum: 799532470
GetData ===>> H2,-0.168923874651431,H1,551.885848196863,AX,136.035729653587,L1,1.7334124920158,L2,0.78787359298...
GetData ===>> H2,-0.118661235514201,H1,551.328643180086,AX,135.796543224079,L1,1.70460716124955,L2,0.7375610827...
GetData ===>> H2,-0.118661235514201,H1,551.328643180086,AX,135.796543224079,L1,1.70460716124955,L2,0.7375610827...
Get Checksum: 799532470
GetData ===>> H2,-0.0905476161202819,H1,550.702344608888,AX,135.91256173494,L1,1.74092934336008,L2,0.8403660901...
measurement finished
estimated time: 125.829 actual time: :126.366
flush and close file /Users/jan/PychronDev/data/isotopes/38/dff1dd-755b-4bf4-8822-aeff1f237001.h5
baselines () {'settling_time': 15.0, 'detector': 'H1', 'mass': 34.2, 'ncounts': 60}
%%%%%%%%%%%%%%%%%%%%%%%%%%%%%%%% Baseline
build tables- baseline [Detector(H2), Detector(H1), Detector(AX), Detector(L1), Detector(L2), Detector(CDD)]
add group baseline table H2
add group baseline table H1
add group baseline table AX
add group baseline table L1
add group baseline table L2
add group baseline table CDD
flush and close file /Users/jan/PychronDev/data/isotopes/38/dff1dd-755b-4bf4-8822-aeff1f237001.h5
detector Detector(H1)
POSITION 34.2 H1
Mapping mass to dac mass func: "parabolic"
H1 map mass coeffs = [-0.00063987  0.15840543  0.57105999]
H1 map mass to dac 34.2 >> 5.24010599104
GetDeflection H1 ===>> 0
GetHighVoltage ===>> 4500
positioning 34.2 (5.24010599104) on H1
setting magnet DAC
current  : 5.879450
requested: 5.240106
Delta Dac: 0.639344
Checking detector protection. dv=0.63934
Checking detector "CDD". Protection Threshold: 0.1 (V)
ProtectDetector CDD,On ===>> OK
GetDeflection CDD ===>> 2000
SetMagnetDAC 5.24010599104 ===>> OK
Magnet settling time: 0.500
GetMagnetMoving ===>> True
GetMagnetMoving ===>> True
GetMagnetMoving ===>> True
GetMagnetMoving ===>> True
GetMagnetMoving ===>> True
GetMagnetMoving ===>> True
Get Checksum: 799532470
GetMagnetMoving ===>> True
GetMagnetMoving ===>> True
GetMagnetMoving ===>> False
ProtectDetector CDD,Off ===>> OK
GetDeflection CDD ===>> 50
Delaying 15.0s for detectors to settle
Get Checksum: 799532470
Get Checksum: 799532470
Get Checksum: 799532470
Get Checksum: 799532470
Join finished
measuring baseline. ncounts=60
starting measurement
GetData ===>> H2,-0.17031104593718,H1,-0.0799517948921967,AX,-0.0779604094648956,L1,-0.0387819977359368,L2,-0.0...
Get Checksum: 799532470
GetData ===>> H2,-0.232060409678,H1,-0.126355160997637,AX,-0.0883921921914338,L1,-0.0277743455518428,L2,-0.0078...
GetData ===>> H2,-0.154082122669659,H1,-0.0481586179515102,AX,-0.0639221011560824,L1,-0.0508255642530596,L2,0.0...
GetData ===>> H2,-0.24274484800243,H1,-0.074504637282957,AX,-0.0646872469394888,L1,-0.0632158913662865,L2,-0.06...
Get Checksum: 799532470
GetData ===>> H2,-0.217388414331079,H1,-0.0016964303748644,AX,-0.0350740348162731,L1,-0.0483653487619152,L2,-0....
GetData ===>> H2,-0.155384642789737,H1,-0.0809172339039986,AX,-0.0558993012916565,L1,0.0177275232299669,L2,-0.0...
GetData ===>> H2,-0.169497385322222,H1,-0.0217341049966844,AX,0.0203270941743651,L1,0.0286695070559278,L2,-0.02...
Get Checksum: 799532470
GetData ===>> H2,-0.143335095691509,H1,-0.0106661711186227,AX,-0.157052034139675,L1,-0.0413739002782128,L2,-0.0...
GetData ===>> H2,-0.180000987853359,H1,0.00122606567531949,AX,-0.145319118565856,L1,-0.0579155214849894,L2,-0.0...
GetData ===>> H2,-0.20251062350034,H1,-0.129109772152946,AX,-0.132042863889763,L1,-0.0680806748259343,L2,-0.034...
Get Checksum: 799532470
GetData ===>> H2,-0.265281937943771,H1,0.0505038445713037,AX,-0.0584615679359125,L1,-0.0395833550714664,L2,0.08...
GetData ===>> H2,-0.231859883932628,H1,0.0438087564353264,AX,-0.134825539658093,L1,-0.0406589181440893,L2,-0.03...
GetData ===>> H2,-0.124264887965078,H1,-0.082240227791197,AX,-0.0858423041395322,L1,-0.0238488439172206,L2,-0.0...
Get Checksum: 799532470
GetData ===>> H2,-0.140276835258778,H1,-0.0900348096048774,AX,-0.0481657163927896,L1,-0.0648509034215257,L2,0.0...
GetData ===>> H2,-0.182765641723618,H1,-0.0863640424383803,AX,-0.112195650208566,L1,-0.0668467641559009,L2,-0.0...
GetData ===>> H2,-0.172377993823072,H1,-0.0312625202268489,AX,-0.0933063333934016,L1,-0.0230961612456995,L2,0.0...
Get Checksum: 799532470
GetData ===>> H2,-0.250871953454903,H1,-0.0152819345565323,AX,-0.0417882350007009,L1,0.0192181938102485,L2,-0.0...
GetData ===>> H2,-0.0764312800850483,H1,-0.0203626063483895,AX,-0.0433884423354629,L1,-0.00551082372160056,L2,-...
GetData ===>> H2,-0.0527349344102064,H1,0.0407537491058598,AX,-0.0158913669824102,L1,-0.0359905234036936,L2,-0....
Get Checksum: 799532470
GetData ===>> H2,-0.184391196666899,H1,0.0394172127114125,AX,0.0362712006799856,L1,-0.0306623732810367,L2,0.005...
GetData ===>> H2,-0.137492195695028,H1,-0.060331102490818,AX,-0.111917551899585,L1,-0.0573613935259738,L2,-0.01...
Get Checksum: 799532470
GetData ===>> H2,-0.125723845342671,H1,0.00486439427394032,AX,-0.040292365219539,L1,-0.0453993659683319,L2,-0.0...
GetData ===>> H2,-0.179696011534526,H1,0.0326393385267078,AX,-0.156611495690048,L1,-0.00867341725882443,L2,-0.0...
GetData ===>> H2,-0.290099931343703,H1,0.025647153425923,AX,-0.114501518063706,L1,-0.0153611220771331,L2,-0.078...
Get Checksum: 799532470
20:16:33 -- collecting point 25
GetData ===>> H2,-0.238453594138967,H1,-0.0468947883884184,AX,-0.13139409897583,L1,-0.0725941561003921,L2,-0.12...
GetData ===>> H2,-0.223846708584784,H1,-0.0629656960953405,AX,-0.0762796287436219,L1,-0.0215175020745695,L2,-0....
GetData ===>> H2,-0.250707881736306,H1,0.00468545698868463,AX,-0.0433420598844132,L1,-0.037484597721453,L2,-0.0...
Get Checksum: 799532470
GetData ===>> H2,-0.245667566507106,H1,-0.0356388474940904,AX,-0.134396496321654,L1,-0.0395893440486739,L2,0.00...
GetData ===>> H2,-0.251220261738837,H1,0.0332598290544663,AX,-0.01844308857017,L1,0.0117598424402682,L2,0.01580...
GetData ===>> H2,-0.262175930447709,H1,-0.0459051748530335,AX,-0.0379847380608609,L1,-0.0237433758532833,L2,0.0...
Get Checksum: 799532470
GetData ===>> H2,-0.267573918839759,H1,-0.0713577852811341,AX,-0.124396430953068,L1,-0.0168567949039164,L2,0.02...
GetData ===>> H2,-0.200584116157148,H1,0.029978432370892,AX,-0.083593711046546,L1,-0.0300096150125995,L2,-0.101...
GetData ===>> H2,-0.181564874508149,H1,0.0313864366834562,AX,-0.110967376678961,L1,-0.0203582225142113,L2,-0.09...
Get Checksum: 799532470
GetData ===>> H2,-0.221818280252631,H1,-0.0803927990532969,AX,0.0153146395175911,L1,-0.0421403237965421,L2,-0.0...
GetData ===>> H2,-0.110986386239813,H1,-0.0763521747365157,AX,-0.0239058675982972,L1,-0.0581082024436856,L2,0.0...
GetData ===>> H2,-0.147116576067825,H1,0.045563041057828,AX,0.0331494778939603,L1,-0.0407786841922738,L2,-0.037...
Get Checksum: 799532470
GetData ===>> H2,-0.180528604475421,H1,0.0721824725397059,AX,-0.024903284594718,L1,-0.0174132675788717,L2,0.070...
GetData ===>> H2,-0.256879101363101,H1,-0.0346014248201907,AX,-0.110179419457044,L1,-0.0431066526368661,L2,-0.1...
GetData ===>> H2,-0.168745743074856,H1,-0.0104276245880939,AX,-0.0401300213796265,L1,-0.0312588015843987,L2,-0....
Get Checksum: 799532470
GetData ===>> H2,-0.213363843557336,H1,-0.0396334205857716,AX,-0.0205656060151888,L1,0.00261068954777765,L2,-0....
GetData ===>> H2,-0.245364833831674,H1,0.0154222602843703,AX,0.0217542986070272,L1,-0.0123792352308383,L2,-0.11...
GetData ===>> H2,-0.222037842190877,H1,0.0244182020681773,AX,-0.0248916867814153,L1,-0.0464635339608217,L2,-0.0...
Get Checksum: 799532470
GetData ===>> H2,-0.179442308161001,H1,-0.0273391649904252,AX,-0.0358857934786823,L1,-0.0234593256811354,L2,0.0...
GetData ===>> H2,-0.249984323905885,H1,-0.111746788315581,AX,-0.161955787943023,L1,-0.0205740240720786,L2,0.024...
Get Checksum: 799532470
GetData ===>> H2,-0.192758098925263,H1,0.00986283836808006,AX,-0.123886647386073,L1,-0.0121323030596336,L2,0.00...
GetData ===>> H2,-0.177133076253126,H1,-0.0724663467087659,AX,-0.102114078566021,L1,0.0595893815775253,L2,-0.02...
GetData ===>> H2,-0.211922736903723,H1,0.065805174033984,AX,-0.0436899277282533,L1,-0.0257135284100812,L2,-0.03...
Get Checksum: 799532470
GetData ===>> H2,-0.368807646123181,H1,-0.0303681518677433,AX,-0.0132235865200201,L1,-0.0326766738283844,L2,-0....
GetData ===>> H2,-0.327893364653804,H1,0.00950494624734084,AX,-0.0466351589738428,L1,0.0209169381263387,L2,-0.0...
20:16:59 -- collecting point 50
GetData ===>> H2,-0.228214809141977,H1,0.0282960125071121,AX,-0.0408953542540657,L1,-0.00730632012884704,L2,-0....
Get Checksum: 799532470
GetData ===>> H2,-0.175036679517689,H1,0.02199613821825,AX,-0.140982682872604,L1,-0.0481044540042903,L2,0.11634...
GetData ===>> H2,-0.309217825221781,H1,-0.0016367884511979,AX,-0.00133367579105046,L1,-0.0309510106729581,L2,0....
GetData ===>> H2,-0.121005557006499,H1,-0.0591389558937337,AX,-0.0800700379687283,L1,-0.0125470497533574,L2,-0....
Get Checksum: 799532470
GetData ===>> H2,-0.134164601337974,H1,-0.0666611629998258,AX,-0.158350451646993,L1,-0.0116060536069306,L2,-0.0...
GetData ===>> H2,-0.280966976109996,H1,-0.00470233729796805,AX,-0.0443972551758916,L1,-0.0341039243292407,L2,-0...
GetData ===>> H2,-0.250329969770768,H1,0.0669391409633181,AX,-0.159648851820949,L1,-0.0294526409681431,L2,-0.02...
Get Checksum: 799532470
GetData ===>> H2,-0.095524647611432,H1,-0.045058630207495,AX,-0.100317826842436,L1,0.0188614217990862,L2,-0.074...
GetData ===>> H2,-0.0293125834564961,H1,-0.123934379484924,AX,-0.0272344170149093,L1,-0.0379482308065629,L2,0.0...
GetData ===>> H2,-0.174745070091704,H1,0.0285823798489961,AX,-0.0436783321534821,L1,-0.0100691038309651,L2,-0.0...
Get Checksum: 799532470
GetData ===>> H2,-0.257115664841377,H1,0.0524372688380794,AX,-0.116297507926458,L1,-0.0065303499525258,L2,-0.01...
measurement finished
estimated time: 62.915 actual time: :63.123
flush and close file /Users/jan/PychronDev/data/isotopes/38/dff1dd-755b-4bf4-8822-aeff1f237001.h5
activate_detectors ('H1', 'AX', 'CDD') {'peak_center': True}
peak_center () {'detector': 'H1', 'integration_time': 0.262144, 'isotope': 'Ar40'}
peak center: mean=552.055207846 threshold=3
peak center started
setup peak center. detector=['H1', 'AX', 'CDD'], isotope=Ar40
VersionedUnpickler [<apptools.sweet_pickle.versioned_unpickler.VersionedUnpickler object at 0x14eea63b0>] using Updater [<apptools.sweet_pickle.updater.Updater object at 0x133e38fb0>]
VersionedUnpickler [<apptools.sweet_pickle.versioned_unpickler.VersionedUnpickler object at 0x14eea63b0>] using Updater [<apptools.sweet_pickle.updater.Updater object at 0x133e38fb0>]
VersionedUnpickler [<apptools.sweet_pickle.versioned_unpickler.VersionedUnpickler object at 0x145738590>] using Updater [<apptools.sweet_pickle.updater.Updater object at 0x133e38fb0>]
setting integration time = 0.524288
SetIntegrationTime 0.524288 ===>> OK
Mapping mass to dac mass func: "parabolic"
H1 map mass coeffs = [-0.00063987  0.15840543  0.57105999]
H1 map mass to dac 39.9624 >> 5.87945
GetDeflection H1 ===>> 0
GetHighVoltage ===>> 4500
do peak center. <pychron.spectrometer.jobs.peak_center.PeakCenter object at 0x12d6e98f0>
doing pc
starting peak center. center dac= 5.87945 step_width=0.001
width = 0.001
get scan parameters. half-width=0.015,window=0.015, i=0, scalar=1
Scan parameters center=5.87945 width=0.03000 (5.86445 - 5.89445)
GetData ===>> H2,-0.243577872948608,H1,0.0537978490358306,AX,-0.053592044187983,L1,0.0349021810442793,L2,-0.028...
Moving to starting dac 5.86445
setting magnet DAC
current  : 5.240106
requested: 5.864450
Delta Dac: 0.624344
Checking detector protection. dv=0.62434
Checking detector "CDD". Protection Threshold: 0.1 (V)
ProtectDetector CDD,On ===>> OK
GetDeflection CDD ===>> 2000
SetMagnetDAC 5.86445 ===>> OK
Magnet settling time: 0.500
GetMagnetMoving ===>> True
GetMagnetMoving ===>> True
GetMagnetMoving ===>> True
Get Checksum: 799532470
GetMagnetMoving ===>> True
GetMagnetMoving ===>> True
GetMagnetMoving ===>> True
GetMagnetMoving ===>> True
GetMagnetMoving ===>> True
GetMagnetMoving ===>> False
ProtectDetector CDD,Off ===>> OK
GetDeflection CDD ===>> 50
Wait until signal near baseline. tol= 0.0403483867769. timeout= 10
GetData ===>> H2,3.68418808328994,H1,1.60674148746798,AX,0.0886795702405822,L1,0.0469198723904346,L2,0.02988359...
GetData ===>> H2,37.5353447931356,H1,21.4554150915394,AX,2.00720131990428,L1,0.0404207161427763,L2,-0.044785127...
GetData ===>> H2,37.3465169935135,H1,19.3817820028951,AX,2.90836968031015,L1,0.039237403426066,L2,-0.0568942289...
GetData ===>> H2,19.4543046836161,H1,9.41232082166124,AX,1.26054343986039,L1,0.0539051841768411,L2,-0.180472026...
Get Checksum: 799532470
GetData ===>> H2,7.9159288005544,H1,4.7485747645639,AX,0.618627921874728,L1,0.0506966750966984,L2,-0.0192189632...
GetData ===>> H2,2.61360739512508,H1,2.51833570913729,AX,0.255081978810347,L1,0.0323303007223044,L2,-0.08984506...
GetData ===>> H2,0.792251568000227,H1,1.55376077448273,AX,0.151699489705164,L1,0.0190198891962735,L2,0.01070417...
GetData ===>> H2,0.154050333839245,H1,0.932106152897316,AX,-0.0198001132566679,L1,0.00297804043563959,L2,0.0581...
GetData ===>> H2,0.0888203418774103,H1,0.651785936111193,AX,-0.0908492938177589,L1,-0.0379566167378131,L2,0.029...
GetData ===>> H2,0.151890011610658,H1,0.681883858490262,AX,-0.0637250171768459,L1,-0.0571970658185968,L2,-0.051...
Get Checksum: 799532470
GetData ===>> H2,0.199596956835334,H1,0.531030417702438,AX,0.0865471589895429,L1,-0.024670234968638,L2,-0.08531...
GetData ===>> H2,0.1572313955999,H1,0.483590379849397,AX,0.162183578584782,L1,-0.0138654950690305,L2,-0.0831556...
GetData ===>> H2,0.0862330098937558,H1,0.521091473305213,AX,-0.0334157067900716,L1,-0.0190560933416791,L2,0.040...
GetData ===>> H2,0.0586930154045641,H1,0.433679161810852,AX,-0.0768012534538578,L1,-0.00159728324890472,L2,-0.0...
GetData ===>> H2,-0.0744305958730745,H1,0.428202756539986,AX,0.120949578573497,L1,-0.0197173069119925,L2,0.0603...
GetData ===>> H2,-0.172717951741295,H1,0.444345857353468,AX,0.020570761742664,L1,-0.0486776955005012,L2,-0.0591...
Get Checksum: 799532470
GetData ===>> H2,-0.175947043145007,H1,0.51540569291928,AX,0.0916001222869649,L1,-0.0504103853212721,L2,0.01817...
GetData ===>> H2,-0.131751042457872,H1,0.444130598921278,AX,-0.00952336996899684,L1,-0.0267627607591572,L2,-0.0...
GetData ===>> H2,-0.120634934815512,H1,0.551819372883933,AX,0.109658496100053,L1,-0.0440261952795751,L2,-0.0147...
GetData ===>> H2,-0.110986386239813,H1,0.477381360089058,AX,0.13759877789064,L1,-0.0568024778762237,L2,-0.06797...
GetData ===>> H2,-0.110986386239813,H1,0.477381360089058,AX,0.13759877789064,L1,-0.0568024778762237,L2,-0.06797...
Peak center failed to move to a baseline position
_do_sweep sm= 5.86445, em= 5.89445, stm= 0.001
calculated step values: start=5.86445, end=5.89445, width=0.001, nsteps=31.0
setting magnet DAC
current  : 5.864450
requested: 5.864450
Delta Dac: 0.000000
Checking detector protection. dv=0.00000
Checking detector "CDD". Protection Threshold: 0.1 (V)
SetMagnetDAC 5.86445 ===>> OK
GetData ===>> H2,-0.0863319250624599,H1,0.507618129953413,AX,0.124102968894799,L1,-0.0792081900024273,L2,-0.022...
setting magnet DAC
current  : 5.864450
requested: 5.865484
Delta Dac: 0.001034
Checking detector protection. dv=0.00103
Checking detector "CDD". Protection Threshold: 0.1 (V)
SetMagnetDAC 5.86548448276 ===>> OK
Magnet settling time: 1.049
Get Checksum: 799532470
GetData ===>> H2,-0.0481394635259782,H1,1.27533551749039,AX,0.163320195832181,L1,-0.00866502336927006,L2,-0.082...
setting magnet DAC
current  : 5.865484
requested: 5.866519
Delta Dac: 0.001034
Checking detector protection. dv=0.00103
Checking detector "CDD". Protection Threshold: 0.1 (V)
SetMagnetDAC 5.86651896552 ===>> OK
Magnet settling time: 1.049
GetData ===>> H2,-0.144913501839769,H1,4.4901732397854,AX,0.823396940401725,L1,0.0418062342107089,L2,0.00731059...
setting magnet DAC
current  : 5.866519
requested: 5.867553
Delta Dac: 0.001034
Checking detector protection. dv=0.00103
Checking detector "CDD". Protection Threshold: 0.1 (V)
SetMagnetDAC 5.86755344828 ===>> OK
Magnet settling time: 1.049
GetData ===>> H2,-0.110190319432132,H1,17.5194459974272,AX,2.77189736882865,L1,-0.0105810468679793,L2,-0.010839...
setting magnet DAC
current  : 5.867553
requested: 5.868588
Delta Dac: 0.001034
Checking detector protection. dv=0.00103
Checking detector "CDD". Protection Threshold: 0.1 (V)
SetMagnetDAC 5.86858793103 ===>> OK
Magnet settling time: 1.049
Get Checksum: 799532470
GetData ===>> H2,-0.120556480391269,H1,58.1592236362489,AX,9.2517359649357,L1,0.0464346604894155,L2,-0.05322979...
setting magnet DAC
current  : 5.868588
requested: 5.869622
Delta Dac: 0.001034
Checking detector protection. dv=0.00103
Checking detector "CDD". Protection Threshold: 0.1 (V)
SetMagnetDAC 5.86962241379 ===>> OK
Magnet settling time: 1.049
GetData ===>> H2,-0.241330314310739,H1,148.301347690267,AX,26.2109699355378,L1,0.169219443654331,L2,-0.00808427...
setting magnet DAC
current  : 5.869622
requested: 5.870657
Delta Dac: 0.001034
Checking detector protection. dv=0.00103
Checking detector "CDD". Protection Threshold: 0.1 (V)
SetMagnetDAC 5.87065689655 ===>> OK
Magnet settling time: 1.049
GetData ===>> H2,-0.1902766542921,H1,281.014360835938,AX,55.6378362006503,L1,0.376688324798966,L2,0.07969514019...
setting magnet DAC
current  : 5.870657
requested: 5.871691
Delta Dac: 0.001034
Checking detector protection. dv=0.00103
Checking detector "CDD". Protection Threshold: 0.1 (V)
Get Checksum: 799532470
SetMagnetDAC 5.87169137931 ===>> OK
Magnet settling time: 1.049
GetData ===>> H2,-0.176249133255388,H1,403.723069389436,AX,87.1990218118046,L1,0.678821377169447,L2,0.299028870...
setting magnet DAC
current  : 5.871691
requested: 5.872726
Delta Dac: 0.001034
Checking detector protection. dv=0.00103
Checking detector "CDD". Protection Threshold: 0.1 (V)
SetMagnetDAC 5.87272586207 ===>> OK
Magnet settling time: 1.049
GetData ===>> H2,-0.188180639233319,H1,480.664698166672,AX,111.189850470767,L1,1.01679804132369,L2,0.4698494600...
setting magnet DAC
current  : 5.872726
requested: 5.873760
Delta Dac: 0.001034
Checking detector protection. dv=0.00103
Checking detector "CDD". Protection Threshold: 0.1 (V)
SetMagnetDAC 5.87376034483 ===>> OK
Magnet settling time: 1.049
Get Checksum: 799532470
GetData ===>> H2,-0.129177811418011,H1,513.374190048243,AX,123.399234800089,L1,1.25493301435279,L2,0.4922829958...
setting magnet DAC
current  : 5.873760
requested: 5.874795
Delta Dac: 0.001034
Checking detector protection. dv=0.00103
Checking detector "CDD". Protection Threshold: 0.1 (V)
SetMagnetDAC 5.87479482759 ===>> OK
Magnet settling time: 1.049
GetData ===>> H2,-0.204401759775403,H1,524.118103041783,AX,127.842854542935,L1,1.39278777873707,L2,0.7533780159...
setting magnet DAC
current  : 5.874795
requested: 5.875829
Delta Dac: 0.001034
Checking detector protection. dv=0.00103
Checking detector "CDD". Protection Threshold: 0.1 (V)
SetMagnetDAC 5.87582931034 ===>> OK
Magnet settling time: 1.049
GetData ===>> H2,-0.125527796175668,H1,526.753735840421,AX,129.292222710237,L1,1.49647895626121,L2,0.7022399668...
setting magnet DAC
current  : 5.875829
requested: 5.876864
Delta Dac: 0.001034
Checking detector protection. dv=0.00103
Checking detector "CDD". Protection Threshold: 0.1 (V)
SetMagnetDAC 5.8768637931 ===>> OK
Magnet settling time: 1.049
Get Checksum: 799532470
GetData ===>> H2,-0.0192574163743063,H1,527.542129267913,AX,129.910950539114,L1,1.60002364957904,L2,0.784160842...
setting magnet DAC
current  : 5.876864
requested: 5.877898
Delta Dac: 0.001034
Checking detector protection. dv=0.00103
Checking detector "CDD". Protection Threshold: 0.1 (V)
SetMagnetDAC 5.87789827586 ===>> OK
Magnet settling time: 1.049
GetData ===>> H2,-0.142529563483842,H1,527.342071750405,AX,129.58802144052,L1,1.6355128623543,L2,0.910620251638...
setting magnet DAC
current  : 5.877898
requested: 5.878933
Delta Dac: 0.001034
Checking detector protection. dv=0.00103
Checking detector "CDD". Protection Threshold: 0.1 (V)
SetMagnetDAC 5.87893275862 ===>> OK
Magnet settling time: 1.049
GetData ===>> H2,-0.276888804024216,H1,527.456785689131,AX,129.572986789685,L1,1.71443998981921,L2,0.7673274056...
setting magnet DAC
current  : 5.878933
requested: 5.879967
Delta Dac: 0.001034
Checking detector protection. dv=0.00103
Checking detector "CDD". Protection Threshold: 0.1 (V)
SetMagnetDAC 5.87996724138 ===>> OK
Magnet settling time: 1.049
Get Checksum: 799532470
GetData ===>> H2,-0.0293492603432696,H1,527.078014487163,AX,129.55745116026,L1,1.64566199163349,L2,0.6692672861...
setting magnet DAC
current  : 5.879967
requested: 5.881002
Delta Dac: 0.001034
Checking detector protection. dv=0.00103
Checking detector "CDD". Protection Threshold: 0.1 (V)
SetMagnetDAC 5.88100172414 ===>> OK
Magnet settling time: 1.049
GetData ===>> H2,-0.0492758711019608,H1,527.20241621951,AX,129.496057482751,L1,1.637099579952,L2,0.774485829959...
setting magnet DAC
current  : 5.881002
requested: 5.882036
Delta Dac: 0.001034
Checking detector protection. dv=0.00103
Checking detector "CDD". Protection Threshold: 0.1 (V)
SetMagnetDAC 5.8820362069 ===>> OK
Magnet settling time: 1.049
GetData ===>> H2,-0.143925429647053,H1,526.784842523369,AX,129.455849306888,L1,1.66836466840562,L2,0.8258912102...
setting magnet DAC
current  : 5.882036
requested: 5.883071
Delta Dac: 0.001034
Checking detector protection. dv=0.00103
Checking detector "CDD". Protection Threshold: 0.1 (V)
SetMagnetDAC 5.88307068966 ===>> OK
Magnet settling time: 1.049
Get Checksum: 799532470
GetData ===>> H2,-0.225644851561954,H1,525.416146961101,AX,128.612465191261,L1,1.65265490696464,L2,0.6560859531...
setting magnet DAC
current  : 5.883071
requested: 5.884105
Delta Dac: 0.001034
Checking detector protection. dv=0.00103
Checking detector "CDD". Protection Threshold: 0.1 (V)
SetMagnetDAC 5.88410517241 ===>> OK
Magnet settling time: 1.049
GetData ===>> H2,-0.169069616585304,H1,520.89818754249,AX,126.801217235729,L1,1.5968891454625,L2,0.743088781269...
setting magnet DAC
current  : 5.884105
requested: 5.885140
Delta Dac: 0.001034
Checking detector protection. dv=0.00103
Checking detector "CDD". Protection Threshold: 0.1 (V)
SetMagnetDAC 5.88513965517 ===>> OK
Magnet settling time: 1.049
Get Checksum: 799532470
GetData ===>> H2,-0.191906320630541,H1,504.753785687421,AX,119.806518197462,L1,1.54575271990821,L2,0.6418558009...
setting magnet DAC
current  : 5.885140
requested: 5.886174
Delta Dac: 0.001034
Checking detector protection. dv=0.00103
Checking detector "CDD". Protection Threshold: 0.1 (V)
SetMagnetDAC 5.88617413793 ===>> OK
Magnet settling time: 1.049
GetData ===>> H2,-0.238737664160765,H1,457.472126616182,AX,101.284551235361,L1,1.4002637087741,L2,0.40856094071...
setting magnet DAC
current  : 5.886174
requested: 5.887209
Delta Dac: 0.001034
Checking detector protection. dv=0.00103
Checking detector "CDD". Protection Threshold: 0.1 (V)
SetMagnetDAC 5.88720862069 ===>> OK
Magnet settling time: 1.049
GetData ===>> H2,-0.159746454703623,H1,358.980758231562,AX,70.4571650153003,L1,1.11468636986589,L2,0.3163823023...
setting magnet DAC
current  : 5.887209
requested: 5.888243
Delta Dac: 0.001034
Checking detector protection. dv=0.00103
Checking detector "CDD". Protection Threshold: 0.1 (V)
SetMagnetDAC 5.88824310345 ===>> OK
Magnet settling time: 1.049
GetData ===>> H2,-0.218402232321644,H1,226.750029334946,AX,38.0451040506322,L1,0.763455794758781,L2,0.111541631...
setting magnet DAC
current  : 5.888243
requested: 5.889278
Delta Dac: 0.001034
Checking detector protection. dv=0.00103
Checking detector "CDD". Protection Threshold: 0.1 (V)
SetMagnetDAC 5.88927758621 ===>> OK
Magnet settling time: 1.049
GetData ===>> H2,-0.18790311713974,H1,110.183858132842,AX,15.5638200829712,L1,0.466222578911465,L2,-0.007401124...
setting magnet DAC
current  : 5.889278
requested: 5.890312
Delta Dac: 0.001034
Checking detector protection. dv=0.00103
Checking detector "CDD". Protection Threshold: 0.1 (V)
SetMagnetDAC 5.89031206897 ===>> OK
Magnet settling time: 1.049
Get Checksum: 799532470
GetData ===>> H2,-0.245816911636948,H1,40.9169657734372,AX,4.72378756847124,L1,0.262437974603837,L2,-0.01525707...
setting magnet DAC
current  : 5.890312
requested: 5.891347
Delta Dac: 0.001034
Checking detector protection. dv=0.00103
Checking detector "CDD". Protection Threshold: 0.1 (V)
SetMagnetDAC 5.89134655172 ===>> OK
Magnet settling time: 1.049
GetData ===>> H2,-0.191014747128162,H1,12.1346615368341,AX,1.00501347519101,L1,0.155259058607244,L2,0.022594051...
setting magnet DAC
current  : 5.891347
requested: 5.892381
Delta Dac: 0.001034
Checking detector protection. dv=0.00103
Checking detector "CDD". Protection Threshold: 0.1 (V)
SetMagnetDAC 5.89238103448 ===>> OK
Magnet settling time: 1.049
GetData ===>> H2,-0.200255134592432,H1,1.32587276488787,AX,-0.0307716008638604,L1,0.0687496879509413,L2,-0.0858...
setting magnet DAC
current  : 5.892381
requested: 5.893416
Delta Dac: 0.001034
Checking detector protection. dv=0.00103
Checking detector "CDD". Protection Threshold: 0.1 (V)
SetMagnetDAC 5.89341551724 ===>> OK
Magnet settling time: 1.049
Get Checksum: 799532470
GetData ===>> H2,-0.244110761359802,H1,0.164636974798715,AX,-0.122994519715518,L1,0.0164016660750267,L2,0.02505...
setting magnet DAC
current  : 5.893416
requested: 5.894450
Delta Dac: 0.001034
Checking detector protection. dv=0.00103
Checking detector "CDD". Protection Threshold: 0.1 (V)
SetMagnetDAC 5.89445 ===>> OK
Magnet settling time: 1.049
GetData ===>> H2,-0.253238624384194,H1,-0.118562090927221,AX,-0.131915428266006,L1,-0.0264156327122907,L2,-0.03...
result of _do_sweep=True
result of _calculate_peak_center=([5.8715607732706783, 5.8792229942643903, 5.8868852152581024], [388.23078754800929, 527.54052560043795, 389.77164694498629], 5.8768720855504109, 527.54052560043795)
Failed to find a valid peak. No peak greater than 1.0. max = 0.0326466405259
new center pos Detector(H1) (Ar40) @ 5.87922299426
GetHighVoltage ===>> 4500
GetDeflection H1 ===>> 0
dac uncorrected for HV and deflection 5.87922299426
update mftable H1 Ar40 5.87922299426 message=automated run peakcenter
get initial guess parabolic
get initial guess parabolic
get initial guess parabolic
get initial guess parabolic
get initial guess parabolic
get initial guess parabolic
dump mftable to /Users/jan/PychronDev/setupfiles/spectrometer/mftables/mftable.csv
add to repo msg=modified - automated run peakcenter
Get Checksum: 799532470
locally archiving mftable
setting magnet DAC
current  : 5.894450
requested: 5.879223
Delta Dac: 0.015227
Checking detector protection. dv=0.01523
Checking detector "CDD". Protection Threshold: 0.1 (V)
SetMagnetDAC 5.87922299426 ===>> OK
Magnet settling time: 0.500
sweep finished
setting integration time = 1.048576
SetIntegrationTime 1.048576 ===>> OK
Failed to find a valid peak. No peak greater than 1.0. max = 0.0326120344128
flush and close file /Users/jan/PychronDev/data/isotopes/38/dff1dd-755b-4bf4-8822-aeff1f237001.h5
finished measure script
executed 226.132928
jan_unknown120_60.py completed successfully
Measurement Finished
20:17:57 -- ******* Measurement Finished *******
Post Measurement Started jan_pump_ms.py
20:17:57 -- ******* Post Measurement Started jan_pump_ms.py *******
testing...
no interpolation path defined
executed 0
Pumping spectrometer
open () {'name': 'O'}
opening name=O desc=---
checking ownership. requestor=129.138.12.150
check software interlocks O
interlocks []
actuate state mode=None-script, software_lock=False
doing actuation None-script open_channel True
Open O ===>> OK
GetIndicatorState O ===>> OK
change switch state (True, True)
update switch state O True args=() kw={} ncanvase=2
20:17:57 -- OPEN   VALVE-O (Jan Ion Pump)
---------------------------------------- open O () result=[(True, True)], time=0.11 sec
action=open, ok=True, locked=[False]
executed 0
jan_pump_ms.py completed successfully
setting _ms_pumptime
Post Measurement Finished
20:17:58 -- ******* Post Measurement Finished *******
$$$$$$$$$$$$$$$$$$$$ state at run end measurement
state changed from measurement to success
post measurement save measured=True aborted=False
Set filtering
setting fod for Ar40= {'filter_outliers': True, 'std_devs': 2, 'iterations': 1}
setting fod for H1= {'filter_outliers': True, 'std_devs': 2, 'iterations': 1}
setting fod for PM41= {'filter_outliers': False, 'std_devs': 2, 'iterations': 1}
setting fod for H2= {'filter_outliers': True, 'std_devs': 2, 'iterations': 1}
setting fod for Ar36= {'filter_outliers': True, 'std_devs': 2, 'iterations': 1}
setting fod for CDD= {'filter_outliers': True, 'std_devs': 10, 'iterations': 1}
setting fod for Ar37= {'filter_outliers': True, 'std_devs': 2, 'iterations': 1}
setting fod for L2= {'filter_outliers': True, 'std_devs': 2, 'iterations': 1}
setting fod for Ar38= {'filter_outliers': True, 'std_devs': 2, 'iterations': 1}
setting fod for L1= {'filter_outliers': True, 'std_devs': 2, 'iterations': 1}
setting fod for Ar39= {'filter_outliers': True, 'std_devs': 2, 'iterations': 1}
setting fod for AX= {'filter_outliers': True, 'std_devs': 2, 'iterations': 1}
persistence save...
persistence save - db
post measurement save
5365954320 connecting to database sqlite:////Users/jan/PychronDev/.appdata/local_lab.db
connected to db sqlite:////Users/jan/PychronDev/.appdata/local_lab.db
create new session 5365954320
close session 5365954320
No database instance. Not saving post measurement to isotopedb database
$$$$$$$$$$$$$$$ auto_save_detector_ic=False
massspec enabled True
create new session 5019860144
MassSpec Database Version: 16.0
close session 5019860144
saving post measurement to secondary database
saving to massspec database 129.138.12.160/massspecdata
setting labnumber to 65574
setting aliquot to 6
setting step to 
setting uuid to 38dff1dd-755b-4bf4-8822-aeff1f237001
setting irradpos to 65574
setting extract_device to Fusions CO2
setting tray to 
setting position to 72
setting power_requested to 5.0
setting extract_value to 5.0
setting duration to 30.0
setting duration_at_request to 30.0
setting first_stage_delay to 30.0
setting cleanup to 30.0
setting comment to M:18 w/o inclusions
setting irradiation to NM-289
setting level to M
setting irradiation_level to M
setting sample to NM-2607 WO
setting material to Sanidine
setting project to JoyitaHills
setting mass_spectrometer to Jan
no attribute chron_dosages
no attribute production_ratios
no attribute interference_corrections
no attribute production_name
no attribute j
Reference Isotope=Ar40
Reference Detector=H1
%%%%%%%%%%%%%%%%%%%% Comment: M:18 w/o inclusions %%%%%%%%%%%%%%%%%%%
adding isotope PM41 H2
add baseline dbdet= PM41. original det= H2
get baseline data PM41 H2
Get data baseline <pychron.processing.isotope.Baseline object at 0x1468d6290> len t=60
baseline PM41. v=-0.201455104276, e=0.00726964889238
get signal data PM41 H2
Get data signal PM41 0.07+/-0.07 len t=120
adding isotope Ar40 H1
add baseline dbdet= Ar40. original det= H1
get baseline data Ar40 H1
Get data baseline <pychron.processing.isotope.Baseline object at 0x1468d6d50> len t=60
baseline Ar40. v=-0.0186085303778, e=0.00669774234735
get signal data Ar40 H1
Get data signal Ar40 579.01+/-0.04 len t=120
adding isotope Ar39 AX
add baseline dbdet= Ar39. original det= AX
get baseline data Ar39 AX
Get data baseline <pychron.processing.isotope.Baseline object at 0x1468d6910> len t=60
baseline Ar39. v=-0.0699448594604, e=0.00688549750011
get signal data Ar39 AX
Get data signal Ar39 142.708+/-0.025 len t=120
adding isotope Ar38 L1
add baseline dbdet= Ar38. original det= L1
get baseline data Ar38 L1
Get data baseline <pychron.processing.isotope.Baseline object at 0x1468d6690> len t=60
baseline Ar38. v=-0.0286217224699, e=0.00296910073199
get signal data Ar38 L1
Get data signal Ar38 1.874+/-0.005 len t=120
adding isotope Ar37 L2
add baseline dbdet= Ar37. original det= L2
get baseline data Ar37 L2
Get data baseline <pychron.processing.isotope.Baseline object at 0x1468d6cd0> len t=60
baseline Ar37. v=-0.0229918309167, e=0.00592847707125
get signal data Ar37 L2
Get data signal Ar37 0.852+/-0.011 len t=120
adding isotope Ar36 CDD
add baseline dbdet= Ar36. original det= CDD
get baseline data Ar36 CDD
Get data baseline <pychron.processing.isotope.Baseline object at 0x1468d6450> len t=60
baseline Ar36. v=0.000166233044354, e=2.09608637297e-05
get signal data Ar36 CDD
Get data signal Ar36 0.01887+/-0.00035 len t=120
65574-06 added analysis time 0.464811086655s
analysis added to mass spec database
mass spec save time= 0.475
persistence save - dvc
================= post measurement started
create new session 4983587952
close session 4983587952
---------------- Experiment Queue saving disabled
DVC saving peakcenter
Failed to find a valid peak. No peak greater than 1.0. max = 0.0326120344128
Get Checksum: 2035211824
Smart pull ahead: 0 behind: 0
Up-to-date with origin
add to repo msg=modified - ad8224ebc6dbfeb9f5997218dfa5fe690569839d.json
add to repo msg=modified - 74-06.json
add to repo msg=modified - 74-06.dat.json
add to repo msg=modified - 74-06.blan.json
add to repo msg=modified - 74-06.inte.json
add to repo msg=modified - 74-06.icfa.json
add to repo msg=modified - 74-06.base.json
not at valid file /Users/jan/PychronDev/data/.dvc/repositories/Load1785/655/tags/74-06.tags.json
add to repo msg=modified - 74-06.peak.json
add to repo msg=modified - 74-06.extr.json
not at valid file /Users/jan/PychronDev/data/.dvc/repositories/Load1785/655/monitor/74-06.moni.json
commit message=<COLLECTION>
add to repo msg=modified - 74-06.inte.json
add to repo msg=modified - 74-06.base.json
commit message=<ISOEVO> default collection fits
add to repo msg=modified - 74-06.blan.json
Get Checksum: 2035211824
commit message=<BLANKS> preceding bu-FC-J-7504
add to repo msg=modified - 74-06.icfa.json
commit message=<ICFactor> default
push repository <pychron.git_archive.repo_manager.GitRepoManager object at 0x13d3361d0>
pushing to remote=origin, url=https://github.com
Get Checksum: 2035211824
no changes to meta repo
Get Checksum: 2035211824
create new session 4983587952
add association Load1785
get identifier "65574"
setting analysis irradiation position=<pychron.dvc.dvc_orm.IrradiationPositionTbl object at 0x145746150>
close session 4983587952
================= post measurement finished
20:18:10 -- ******* Post Run Check *******
loading queue conditionals post_run_actions
loading system conditionals post_run_actions
loading conditionals from /Users/jan/PychronDev/setupfiles/spectrometer/default_conditionals.yaml
loading queue conditionals post_run_terminations
loading system conditionals post_run_terminations
loading conditionals from /Users/jan/PychronDev/setupfiles/spectrometer/default_conditionals.yaml
Checking default post run terminations n=1
GetDeflection CDD ===>> 50
testing CDD==2000
evaluate ot="CDD.deflection==2000" t="CDD==2000", ctx="{'CDD': 50.0}"
20:18:10 -- ******* Post Run Check Passed *******
20:18:10 -- Automated run 65574-06 success duration: 363.160 s
----------------- finish -----------------
----------------- stop -----------------
retroactive repository identifiers disabled
finish run. runs completed=36
update duration runid=65574-06, duration=363.160060883, md5=301e91d8
loading script "jan_unknown120_60.py"
loading script "jan_pump_ms.py"
loading script "jan_co2.py"
loading script "jan_pump_extraction_line.py"
testing...
no interpolation path defined
executed 213.652928
script duration name:unknown120_60 seconds:214.0
loading script "jan_unknown120_60.py"
loading script "jan_pump_ms.py"
loading script "jan_co2.py"
loading script "jan_pump_extraction_line.py"
testing...
no interpolation path defined
executed 0
loading script "jan_unknown120_60.py"
loading script "jan_pump_ms.py"
loading script "jan_co2.py"
loading script "jan_pump_extraction_line.py"
testing...
no interpolation path defined
calculate duration
testing...
no interpolation path defined
executed 0
calculate duration
testing...
no interpolation path defined
executed 0
executed 0.0
script duration name:co2 seconds:0.0
loading script "jan_unknown120_60.py"
loading script "jan_pump_ms.py"
loading script "jan_co2.py"
loading script "jan_pump_extraction_line.py"
testing...
no interpolation path defined
calculate duration
testing...
no interpolation path defined
executed 4.0
executed 4.0
Script duration 214.0
Run total estimated duration= 215.000
unknown120_60 in script context. using previous estimated duration
script duration name:unknown120_60 seconds:214.0
pump_ms in script context. using previous estimated duration
co2 in script context. using previous estimated duration
script duration name:co2 seconds:0.0
pump_extraction_line in script context. using previous estimated duration
Script duration 214.0
Run total estimated duration= 215.000
script duration name:unknown120_60 seconds:214.0
script duration name:co2 seconds:0.0
Script duration 214.0
Run total estimated duration= 215.000
script duration name:unknown120_60 seconds:214.0
script duration name:co2 seconds:0.0
Script duration 214.0
Run total estimated duration= 215.000
loading script "jan_unknown400_120.py"
loading script "jan_pump_ms.py"
loading script "jan_cocktail_x1.py"
loading script "jan_pump_extraction_line.py"
testing...
no interpolation path defined
executed 556.052928
script duration name:unknown400_120 seconds:556.0
loading script "jan_unknown400_120.py"
loading script "jan_pump_ms.py"
loading script "jan_cocktail_x1.py"
loading script "jan_pump_extraction_line.py"
testing...
no interpolation path defined
calculate duration
testing...
no interpolation path defined
executed 0
calculate duration
testing...
no interpolation path defined
executed 0
calculate duration
testing...
no interpolation path defined
executed 32.0
calculate duration
testing...
no interpolation path defined
executed 34.0
calculate duration
testing...
no interpolation path defined
executed 4.0
calculate duration
testing...
no interpolation path defined
executed 38.0
executed 108.0
script duration name:cocktail_x1 seconds:108.0
Script duration 664.0
Run total estimated duration= 665.000
script duration name:unknown120_60 seconds:214.0
script duration name:co2 seconds:0.0
Script duration 214.0
Run total estimated duration= 215.000
script duration name:unknown120_60 seconds:214.0
script duration name:co2 seconds:0.0
Script duration 214.0
Run total estimated duration= 215.000
script duration name:unknown120_60 seconds:214.0
script duration name:co2 seconds:0.0
Script duration 214.0
Run total estimated duration= 215.000
script duration name:unknown120_60 seconds:214.0
script duration name:co2 seconds:0.0
Script duration 214.0
Run total estimated duration= 215.000
script duration name:unknown120_60 seconds:214.0
script duration name:co2 seconds:0.0
Script duration 214.0
Run total estimated duration= 215.000
script duration name:unknown120_60 seconds:214.0
script duration name:co2 seconds:0.0
Script duration 214.0
Run total estimated duration= 215.000
script duration name:unknown120_60 seconds:214.0
script duration name:co2 seconds:0.0
Script duration 214.0
Run total estimated duration= 215.000
script duration name:unknown120_60 seconds:214.0
script duration name:co2 seconds:0.0
Script duration 214.0
Run total estimated duration= 215.000
script duration name:unknown120_60 seconds:214.0
script duration name:co2 seconds:0.0
Script duration 214.0
Run total estimated duration= 215.000
script duration name:unknown120_60 seconds:214.0
script duration name:co2 seconds:0.0
Script duration 214.0
Run total estimated duration= 215.000
unknown400_120 in script context. using previous estimated duration
script duration name:unknown400_120 seconds:556.0
script duration name:co2 seconds:0.0
Script duration 556.0
Run total estimated duration= 557.000
script duration name:unknown400_120 seconds:556.0
loading script "jan_unknown400_120.py"
loading script "jan_pump_ms.py"
loading script "jan_sniffair_x2.py"
loading script "jan_pump_extraction_line.py"
testing...
no interpolation path defined
calculate duration
testing...
no interpolation path defined
executed 0
calculate duration
testing...
no interpolation path defined
executed 0
calculate duration
testing...
no interpolation path defined
executed 32.0
calculate duration
testing...
no interpolation path defined
executed 34.0
calculate duration
testing...
no interpolation path defined
executed 4.0
calculate duration
testing...
no interpolation path defined
executed 36.0
calculate duration
testing...
no interpolation path defined
executed 34.0
calculate duration
testing...
no interpolation path defined
executed 4.0
calculate duration
testing...
no interpolation path defined
executed 36.0
calculate duration
testing...
no interpolation path defined
executed 70.0
executed 250.0
script duration name:sniffair_x2 seconds:250.0
Script duration 806.0
Run total estimated duration= 807.000
loading script "jan_ic_peak_hop3.py"
loading script "jan_pump_ms.py"
loading script "jan_air_x1.py"
loading script "jan_pump_extraction_line.py"
testing...
no interpolation path defined
executed 133.8
script duration name:ic_peak_hop3 seconds:134.0
loading script "jan_ic_peak_hop3.py"
loading script "jan_pump_ms.py"
loading script "jan_air_x1.py"
loading script "jan_pump_extraction_line.py"
testing...
no interpolation path defined
calculate duration
testing...
no interpolation path defined
executed 0
calculate duration
testing...
no interpolation path defined
executed 0
calculate duration
testing...
no interpolation path defined
executed 32.0
calculate duration
testing...
no interpolation path defined
executed 34.0
calculate duration
testing...
no interpolation path defined
executed 4.0
calculate duration
testing...
no interpolation path defined
executed 36.0
executed 106.0
script duration name:air_x1 seconds:106.0
Script duration 240.0
Run total estimated duration= 241.000
script duration name:unknown120_60 seconds:214.0
script duration name:co2 seconds:0.0
Script duration 214.0
Run total estimated duration= 215.000
script duration name:unknown120_60 seconds:214.0
script duration name:co2 seconds:0.0
Script duration 214.0
Run total estimated duration= 215.000
script duration name:unknown120_60 seconds:214.0
script duration name:co2 seconds:0.0
Script duration 214.0
Run total estimated duration= 215.000
script duration name:unknown120_60 seconds:214.0
script duration name:co2 seconds:0.0
Script duration 214.0
Run total estimated duration= 215.000
script duration name:unknown120_60 seconds:214.0
script duration name:co2 seconds:0.0
Script duration 214.0
Run total estimated duration= 215.000
script duration name:unknown120_60 seconds:214.0
script duration name:co2 seconds:0.0
Script duration 214.0
Run total estimated duration= 215.000
script duration name:unknown120_60 seconds:214.0
script duration name:co2 seconds:0.0
Script duration 214.0
Run total estimated duration= 215.000
script duration name:unknown120_60 seconds:214.0
script duration name:co2 seconds:0.0
Script duration 214.0
Run total estimated duration= 215.000
script duration name:unknown120_60 seconds:214.0
script duration name:co2 seconds:0.0
Script duration 214.0
Run total estimated duration= 215.000
script duration name:unknown120_60 seconds:214.0
script duration name:co2 seconds:0.0
Script duration 214.0
Run total estimated duration= 215.000
script duration name:unknown400_120 seconds:556.0
cocktail_x1 in script context. using previous estimated duration
script duration name:cocktail_x1 seconds:108.0
Script duration 664.0
Run total estimated duration= 665.000
script duration name:unknown120_60 seconds:214.0
script duration name:co2 seconds:0.0
Script duration 214.0
Run total estimated duration= 215.000
script duration name:unknown120_60 seconds:214.0
script duration name:co2 seconds:0.0
Script duration 214.0
Run total estimated duration= 215.000
script duration name:unknown120_60 seconds:214.0
script duration name:co2 seconds:0.0
Script duration 214.0
Run total estimated duration= 215.000
script duration name:unknown120_60 seconds:214.0
script duration name:co2 seconds:0.0
Script duration 214.0
Run total estimated duration= 215.000
script duration name:unknown120_60 seconds:214.0
script duration name:co2 seconds:0.0
Script duration 214.0
Run total estimated duration= 215.000
script duration name:unknown400_120 seconds:556.0
script duration name:co2 seconds:0.0
Script duration 556.0
Run total estimated duration= 557.000
script duration name:unknown120_60 seconds:214.0
script duration name:co2 seconds:0.0
Script duration 214.0
Run total estimated duration= 215.000
script duration name:unknown120_60 seconds:214.0
script duration name:co2 seconds:0.0
Script duration 214.0
Run total estimated duration= 215.000
script duration name:unknown120_60 seconds:214.0
script duration name:co2 seconds:0.0
Script duration 214.0
Run total estimated duration= 215.000
script duration name:unknown120_60 seconds:214.0
script duration name:co2 seconds:0.0
Script duration 214.0
Run total estimated duration= 215.000
script duration name:unknown120_60 seconds:214.0
script duration name:co2 seconds:0.0
Script duration 214.0
Run total estimated duration= 215.000
script duration name:unknown120_60 seconds:214.0
script duration name:co2 seconds:0.0
Script duration 214.0
Run total estimated duration= 215.000
script duration name:unknown120_60 seconds:214.0
script duration name:co2 seconds:0.0
Script duration 214.0
Run total estimated duration= 215.000
script duration name:unknown120_60 seconds:214.0
script duration name:co2 seconds:0.0
Script duration 214.0
Run total estimated duration= 215.000
script duration name:unknown120_60 seconds:214.0
script duration name:co2 seconds:0.0
Script duration 214.0
Run total estimated duration= 215.000
script duration name:unknown120_60 seconds:214.0
script duration name:co2 seconds:0.0
Script duration 214.0
Run total estimated duration= 215.000
script duration name:unknown120_60 seconds:214.0
script duration name:co2 seconds:0.0
Script duration 214.0
Run total estimated duration= 215.000
script duration name:unknown120_60 seconds:214.0
script duration name:co2 seconds:0.0
Script duration 214.0
Run total estimated duration= 215.000
script duration name:unknown120_60 seconds:214.0
script duration name:co2 seconds:0.0
Script duration 214.0
Run total estimated duration= 215.000
script duration name:unknown120_60 seconds:214.0
script duration name:co2 seconds:0.0
Script duration 214.0
Run total estimated duration= 215.000
script duration name:unknown120_60 seconds:214.0
script duration name:co2 seconds:0.0
Script duration 214.0
Run total estimated duration= 215.000
script duration name:unknown400_120 seconds:556.0
script duration name:co2 seconds:0.0
Script duration 556.0
Run total estimated duration= 557.000
script duration name:unknown400_120 seconds:556.0
script duration name:cocktail_x1 seconds:108.0
Script duration 664.0
Run total estimated duration= 665.000
script duration name:unknown400_120 seconds:556.0
script duration name:cocktail_x1 seconds:108.0
Script duration 664.0
Run total estimated duration= 665.000
script duration name:unknown400_120 seconds:556.0
sniffair_x2 in script context. using previous estimated duration
script duration name:sniffair_x2 seconds:250.0
Script duration 806.0
Run total estimated duration= 807.000
ic_peak_hop3 in script context. using previous estimated duration
script duration name:ic_peak_hop3 seconds:134.0
air_x1 in script context. using previous estimated duration
script duration name:air_x1 seconds:106.0
Script duration 240.0
Run total estimated duration= 241.000
script duration name:unknown120_60 seconds:214.0
script duration name:co2 seconds:0.0
Script duration 214.0
Run total estimated duration= 215.000
script duration name:unknown120_60 seconds:214.0
script duration name:co2 seconds:0.0
Script duration 214.0
Run total estimated duration= 215.000
script duration name:unknown120_60 seconds:214.0
script duration name:co2 seconds:0.0
Script duration 214.0
Run total estimated duration= 215.000
script duration name:unknown120_60 seconds:214.0
script duration name:co2 seconds:0.0
Script duration 214.0
Run total estimated duration= 215.000
script duration name:unknown120_60 seconds:214.0
script duration name:co2 seconds:0.0
Script duration 214.0
Run total estimated duration= 215.000
script duration name:unknown120_60 seconds:214.0
script duration name:co2 seconds:0.0
Script duration 214.0
Run total estimated duration= 215.000
script duration name:unknown120_60 seconds:214.0
script duration name:co2 seconds:0.0
Script duration 214.0
Run total estimated duration= 215.000
script duration name:unknown120_60 seconds:214.0
script duration name:co2 seconds:0.0
Script duration 214.0
Run total estimated duration= 215.000
script duration name:unknown120_60 seconds:214.0
script duration name:co2 seconds:0.0
Script duration 214.0
Run total estimated duration= 215.000
script duration name:unknown120_60 seconds:214.0
script duration name:co2 seconds:0.0
Script duration 214.0
Run total estimated duration= 215.000
script duration name:unknown120_60 seconds:214.0
script duration name:co2 seconds:0.0
Script duration 214.0
Run total estimated duration= 215.000
nruns=66 before=5.0, run_dur=18252.0, btw=1950.0
write rem/ex queues
/Users/jan/PychronDev/experiments/rem/CurrentExperimentPartial.rem.txt
/Users/jan/PychronDev/experiments/rem/CurrentExperimentPartial.ex.txt
doing event level: 3
