do run
loading script "jan_unknown120_60.py"
loading script "jan_pump_ms.py"
loading script "jan_co2.py"
loading script "jan_pump_extraction_line.py"
testing...
no interpolation path defined
executed 213.652928
script duration name:unknown120_60 seconds:214.0
loading script "jan_unknown120_60.py"
loading script "jan_pump_ms.py"
loading script "jan_co2.py"
loading script "jan_pump_extraction_line.py"
testing...
no interpolation path defined
executed 0
loading script "jan_unknown120_60.py"
loading script "jan_pump_ms.py"
loading script "jan_co2.py"
loading script "jan_pump_extraction_line.py"
testing...
no interpolation path defined
calculate duration
testing...
no interpolation path defined
executed 0
calculate duration
testing...
Get Checksum: 2035211824
no interpolation path defined
executed 0
executed 0.0
script duration name:co2 seconds:0.0
loading script "jan_unknown120_60.py"
loading script "jan_pump_ms.py"
loading script "jan_co2.py"
loading script "jan_pump_extraction_line.py"
testing...
no interpolation path defined
calculate duration
testing...
no interpolation path defined
executed 4.0
executed 4.0
Script duration 214.0
Run total estimated duration= 215.000
run duration: 0:03:35
doing event level: 2
20:38:41 -- Setting default integration. t=1.048576
setting integration time = 1.048576
SetIntegrationTime 1.048576 ===>> OK
----------------- start -----------------
**************** Experiment Type: Ar/Ar, Ar/Ar
create new session 4993924272
close session 4993924272
$$$$$ Clearing conditionals
adding conditionals 
Add queue conditionals
add default conditionals
adding default conditionals from /Users/jan/PychronDev/setupfiles/spectrometer/default_conditionals.yaml
Start automated run 65574-10
loading script "jan_unknown120_60.py"
loading script "jan_pump_ms.py"
loading script "jan_co2.py"
loading script "jan_pump_extraction_line.py"
%%%%%%%%%%%%%%%%%% setting automated run 65574-10
No value "sensitivity_multiplier" in metadata
$$$$$$$$$$$$$$$ auto_save_detector_ic=False
============================= Pre Extraction Check =============================
loading queue conditionals pre_run_terminations
loading system conditionals pre_run_terminations
loading conditionals from /Users/jan/PychronDev/setupfiles/spectrometer/default_conditionals.yaml
20:38:41 -- ******* Pre Extraction Check *******
Get a measurement from the spectrometer
GetData ===>> H2,-0.252699443579166,H1,-0.0497085758144998,AX,-0.0953808609491097,L1,0.0204015179791745,L2,0.00...
Pre Extraction Termination data. keys=H2,H1,AX,L1,L2,CDD, signals=-0.25270,-0.04971,-0.09538,0.02040,0.00473,0.00342
20:38:41 -- testing system defined conditionals
Checking default pre extraction terminations n=2
testing CDD
evaluate ot="CDD.inactive" t="CDD", ctx="{'CDD': False}"
GetDeflection CDD ===>> 50
testing CDD==2000
evaluate ot="CDD.deflection==2000" t="CDD==2000", ctx="{'CDD': 50.0}"
20:38:41 -- ******* Pre Extraction Check Passed *******
=================================================================================
20:38:41 -- stopping status monitor
stop 4977824688
Alive clients [4983939824]
20:38:41 -- starting status monitor
start 4977824688
Monitor already running
start extraction
do extraction
Analysis started at 20:38:41.661059
Extraction Started jan_co2.py
20:38:41 -- ******* Extraction Started jan_co2.py *******
state changed from not run to extraction
DO EXTRACTION <pychron.extraction_line.pyscript_runner.RemotePyScriptRunner object at 0x12c3c43b0>
testing...
no interpolation path defined
calculate duration
testing...
no interpolation path defined
executed 0
calculate duration
testing...
no interpolation path defined
executed 0
executed 100.0
Jan CO2 laser analysis
doing GOSUB
testing...
no interpolation path defined
executed 0
Waiting for CO2 access
wait ('FelixCO2Flag', 0) {}
waiting for FelixCO2Flag = 0
Read FelixCO2Flag ===>> 0
finished waiting
CO2 free
wait ('CO2PumpTimeFlag', 0) {}
waiting for CO2PumpTimeFlag = 0
Read CO2PumpTimeFlag ===>> 0
finished waiting
acquire ('JanCO2Flag',) {'clear': True}
acquire JanCO2Flag
Set JanCO2Flag 1 ===>> OK
JanCO2Flag acquired
set extraction state False (0.75, 'red', 1.5)
CO2 acquired
executed 0
WaitForCO2Access.py completed successfully
gosub finished
doing GOSUB
testing...
no interpolation path defined
executed 0
Prepare for CO2 analysis
close () {'description': 'Jan Inlet'}
closing name=--- desc=Jan Inlet
checking ownership. requestor=129.138.12.150
check software interlocks R
interlocks []
actuate state mode=None-script, software_lock=False
doing actuation None-script close_channel False
Close R ===>> OK
GetIndicatorState R ===>> False
change switch state (True, True)
update switch state R False args=() kw={} ncanvase=2
20:38:42 -- CLOSE  VALVE-R (Jan Inlet)
---------------------------------------- close None (Jan Inlet) result=[(True, True)]
action=close, ok=True, locked=[False]
open () {'description': 'Jan Ion Pump'}
opening name=--- desc=Jan Ion Pump
checking ownership. requestor=129.138.12.150
check software interlocks O
interlocks []
actuate state mode=None-script, software_lock=False
doing actuation None-script open_channel False
Open O ===>> OK
GetIndicatorState O ===>> OK
change switch state (True, True)
update switch state O True args=() kw={} ncanvase=2
20:38:42 -- OPEN   VALVE-O (Jan Ion Pump)
---------------------------------------- open None (Jan Ion Pump) result=[(True, True)], time=0.09 sec
action=open, ok=True, locked=[False]
close () {'description': 'Microbone to Minibone'}
closing name=--- desc=Microbone to Minibone
checking ownership. requestor=129.138.12.150
check software interlocks L
interlocks []
actuate state mode=None-script, software_lock=False
doing actuation None-script close_channel False
Close L ===>> OK
GetIndicatorState L ===>> False
change switch state (True, True)
update switch state L False args=() kw={} ncanvase=2
20:38:43 -- CLOSE  VALVE-L (Microbone to Minibone)
---------------------------------------- close None (Microbone to Minibone) result=[(True, True)]
action=close, ok=True, locked=[False]
open () {'description': 'Microbone to Turbo'}
opening name=--- desc=Microbone to Turbo
checking ownership. requestor=129.138.12.150
check software interlocks U
interlocks []
actuate state mode=None-script, software_lock=False
doing actuation None-script open_channel False
Open U ===>> OK
GetIndicatorState U ===>> OK
change switch state (True, True)
update switch state U True args=() kw={} ncanvase=2
20:38:43 -- OPEN   VALVE-U (Microbone to Turbo)
---------------------------------------- open None (Microbone to Turbo) result=[(True, True)], time=0.13 sec
action=open, ok=True, locked=[False]
open () {'description': 'Microbone to Inlet Pipette'}
opening name=--- desc=Microbone to Inlet Pipette
checking ownership. requestor=129.138.12.150
check software interlocks S
interlocks []
actuate state mode=None-script, software_lock=False
doing actuation None-script open_channel False
Open S ===>> OK
GetIndicatorState S ===>> OK
change switch state (True, True)
update switch state S True args=() kw={} ncanvase=2
20:38:44 -- OPEN   VALVE-S (Microbone to Inlet Pipette)
---------------------------------------- open None (Microbone to Inlet Pipette) result=[(True, True)], time=0.41 sec
action=open, ok=True, locked=[False]
open () {'description': 'Microbone to Getter D-50'}
opening name=--- desc=Microbone to Getter D-50
checking ownership. requestor=129.138.12.150
check software interlocks K
interlocks []
actuate state mode=None-script, software_lock=False
doing actuation None-script open_channel False
Open K ===>> OK
Get Checksum: 2035211824
GetIndicatorState K ===>> OK
change switch state (True, True)
update switch state K True args=() kw={} ncanvase=2
20:38:44 -- OPEN   VALVE-K (Microbone to Getter D-50)
---------------------------------------- open None (Microbone to Getter D-50) result=[(True, True)], time=0.41 sec
action=open, ok=True, locked=[False]
open () {'description': 'Microbone to Getter NP-10'}
opening name=--- desc=Microbone to Getter NP-10
checking ownership. requestor=129.138.12.150
check software interlocks M
interlocks []
actuate state mode=None-script, software_lock=False
doing actuation None-script open_channel False
Open M ===>> OK
GetIndicatorState M ===>> OK
change switch state (True, True)
update switch state M True args=() kw={} ncanvase=2
20:38:45 -- OPEN   VALVE-M (Microbone to Getter NP-10)
---------------------------------------- open None (Microbone to Getter NP-10) result=[(True, True)], time=0.17 sec
action=open, ok=True, locked=[False]
close () {'description': 'CO2 Laser to Felix'}
closing name=--- desc=CO2 Laser to Felix
checking ownership. requestor=129.138.12.150
check software interlocks F
interlocks []
actuate state mode=None-script, software_lock=True
VALVE-F(CO2 Laser to Felix) software locked
change switch state (True, False)
---------------------------------------- close None (CO2 Laser to Felix) result=[(True, False)]
action=close, ok=True, locked=[True]
open () {'description': 'CO2 Laser to Jan'}
opening name=--- desc=CO2 Laser to Jan
checking ownership. requestor=129.138.12.150
check software interlocks A
interlocks []
actuate state mode=None-script, software_lock=False
doing actuation None-script open_channel False
Open A ===>> OK
GetIndicatorState A ===>> OK
change switch state (True, True)
update switch state A True args=() kw={} ncanvase=2
20:38:45 -- OPEN   VALVE-A (CO2 Laser to Jan)
---------------------------------------- open None (CO2 Laser to Jan) result=[(True, True)], time=0.13 sec
action=open, ok=True, locked=[False]
open () {'description': 'Microbone to CO2 Laser'}
opening name=--- desc=Microbone to CO2 Laser
checking ownership. requestor=129.138.12.150
check software interlocks T
interlocks []
actuate state mode=None-script, software_lock=False
doing actuation None-script open_channel False
Open T ===>> OK
GetIndicatorState T ===>> OK
change switch state (True, True)
update switch state T True args=() kw={} ncanvase=2
20:38:46 -- OPEN   VALVE-T (Microbone to CO2 Laser)
---------------------------------------- open None (Microbone to CO2 Laser) result=[(True, True)], time=0.41 sec
action=open, ok=True, locked=[False]
executed 0
PrepareForCO2Analysis.py completed successfully
gosub finished
set_motor ('beam', '1.25') {}
setting motor "beam" to 1.25
set motor beam to 1.25
SetMotor beam,1.25 ===>> OK
GetMotorMoving beam ===>> False
GetMotorMoving beam ===>> False
Block completed
move_to_position ('76',) {'autocenter': True}
FusionsCO2 move to position 76
sending GoToHole 76,True
GoToHole 76,True ===>> OK
Get Checksum: 2035211824
GetDriveMoving ===>> OK
GetDriveMoving ===>> OK
GetDriveMoving ===>> OK
GetDriveMoving ===>> False
GetDriveMoving ===>> OK
GetDriveMoving ===>> OK
GetDriveMoving ===>> OK
GetDriveMoving ===>> False
Block completed
GetAutoCorrecting ===>> False
Get Checksum: 2035211824
GetAutoCorrecting ===>> False
Block completed
update position
GetPosition ===>> -1.99390,3.98780,1.00000
got position (-1.9939, 3.9878, 1.0)
move to position succeeded
sleep (5,) {}
SLEEP 5.0
block started
WaitControl setup for 5.0  
Get Checksum: 2035211824
Join finished
block finished. duration 5.01665282249
close () {'description': 'Microbone to Turbo'}
closing name=--- desc=Microbone to Turbo
checking ownership. requestor=129.138.12.150
check software interlocks U
interlocks []
actuate state mode=None-script, software_lock=False
doing actuation None-script close_channel True
Close U ===>> OK
GetIndicatorState U ===>> False
change switch state (True, True)
update switch state U False args=() kw={} ncanvase=2
20:38:56 -- CLOSE  VALVE-U (Microbone to Turbo)
---------------------------------------- close None (Microbone to Turbo) result=[(True, True)]
action=close, ok=True, locked=[False]
enable laser
enable () {}
set extraction state FusionsCO2 Enabled (False, 'red', 1.5)
enabling laser
Get Checksum: 1223320555
Enable ===>> OK
begin interval
BEGIN INTERVAL Interval 1 waiting for 30.0
block started
set extract to 5.0
WaitControl setup for 30.0  
extract (5.0,) {}
GetPosition ===>> -1.99390,3.98780,1.00000
set extraction state FusionsCO2 ON! 5.0(watts) (0.75, 'red', 1.5)
extract sample to 5.0 (watts)
set laser output
SetLaserOutput 5.0,watts ===>> OK
executing pattern triangle.lp
execute_pattern ('triangle.lp',) {}
executing pattern triangle.lp
IsPatterning ===>> OK
IsPatterning ===>> OK
Get Checksum: 1223320555
IsPatterning ===>> OK
IsPatterning ===>> OK
IsPatterning ===>> OK
Get Checksum: 1223320555
IsPatterning ===>> OK
IsPatterning ===>> OK
IsPatterning ===>> OK
Get Checksum: 1223320555
IsPatterning ===>> OK
IsPatterning ===>> OK
IsPatterning ===>> OK
Get Checksum: 1223320555
IsPatterning ===>> OK
IsPatterning ===>> OK
IsPatterning ===>> OK
Get Checksum: 1223320555
IsPatterning ===>> OK
IsPatterning ===>> OK
IsPatterning ===>> OK
Get Checksum: 1223320555
IsPatterning ===>> OK
IsPatterning ===>> OK
IsPatterning ===>> OK
Get Checksum: 1223320555
IsPatterning ===>> OK
IsPatterning ===>> OK
IsPatterning ===>> OK
Get Checksum: 1223320555
IsPatterning ===>> OK
IsPatterning ===>> OK
IsPatterning ===>> OK
Get Checksum: 1223320555
IsPatterning ===>> OK
IsPatterning ===>> False
IsPatterning ===>> False
Block completed
COMPLETE INTERVAL waiting for Interval 1 to complete
Join finished
block finished. duration 30.0820970535
Interval 1 finished
Get Checksum: 1223320555
end_extract () {}
ending extraction. set laser power to 0
set laser power 0
SetLaserPower 0 ===>> OK
disable () {}
%%%%%%%%%%%%%%%%%%%%%%%%%%%%%%%%%%% disable
set extraction state False (0.75, 'red', 1.5)
disabling laser
Disable ===>> OK
sleep (30.0,) {}
SLEEP 30.0
block started
WaitControl setup for 30.0  
Get Checksum: 1223320555
Get Checksum: 1223320555
Get Checksum: 1223320555
Get Checksum: 1223320555
Get Checksum: 1223320555
Get Checksum: 1223320555
Get Checksum: 1223320555
Get Checksum: 1223320555
Get Checksum: 1223320555
Get Checksum: 1223320555
Join finished
block finished. duration 30.0749471188
executed 165.5
jan_co2.py completed successfully
GetAchievedOutput ===>> No Response
Requested Output= 0.000
Achieved Output=  0.000
GetResponseBlob ===>> No Response
GetOutputBlob ===>> No Response
persistence save...
persistence save - db
AutomatedRunPersister post_extraction_save deprecated
persistence save - dvc
no extraction position for 76
create new session 4983587952
close session 4983587952
Extraction Finished
20:39:57 -- ******* Extraction Finished *******
no overlap. not waiting for min ms pumptime
20:39:57 -- Sending spectrometer configuration
======== Sending configuration ========
SetDeflection CDD,50.0 ===>> OK
SetDeflection H2,0.0 ===>> OK
SetDeflection H1,0.0 ===>> OK
SetDeflection L2,825.0 ===>> OK
SetDeflection L1,400.0 ===>> OK
SetDeflection AX,190.0 ===>> OK
SetZFocus 74.64 ===>> OK
SetZSymmetry -50.72 ===>> OK
SetExtractionLens 26.13 ===>> OK
SetIonRepeller -3.81 ===>> OK
SetElectronEnergy 75.08 ===>> OK
SetYSymmetry -2.81 ===>> OK
SetIonCounterVoltage 1590.0 ===>> OK
send trap current 200.0
GetParameter Trap Current Readback ===>> 198.370811206739
SetParameter Trap Current Set,200.0 ===>> OK
updating mftable name mftable
Using mftable located at /Users/jan/PychronDev/setupfiles/spectrometer/mftables/mftable.csv
============ MFtable ===========
Isotope  H2     H1     AX     L1     L2     CDD    
Ar40     5.7836 5.8791 5.9926 6.1235 6.2308 6.3518
Ar39     5.6829 5.7714 5.8850 6.0096 6.1159 6.2383
Ar36     5.3604 5.4404 5.5484 5.6685 5.7709 5.8894
================================
get initial guess parabolic
get initial guess parabolic
get initial guess parabolic
get initial guess parabolic
get initial guess parabolic
get initial guess parabolic
======== Configuration Finished ========
GetYSymmetry ===>> -2.81
GetZSymmetry ===>> -50.72
GetParameter Trap Current Readback ===>> 198.035158395898
GetHighVoltage ===>> 4500
start measurement
do measurement
L#=65574 analysis type=unknown
Measurement Started jan_unknown120_60.py
20:39:57 -- ******* Measurement Started jan_unknown120_60.py *******
state changed from extraction to measurement
setting spec, defl, and gains
GetExtractionLens ===>> 26.13
GetYSymmetry ===>> -2.81
GetZSymmetry ===>> -50.72
GetZFocus ===>> 74.64
GetDeflection H2 ===>> 0
GetDeflection H1 ===>> 0
GetDeflection AX ===>> 190
GetDeflection L1 ===>> 400
GetDeflection L2 ===>> 825
GetDeflection CDD ===>> 50
GetGain H2 ===>> 0.0113
GetGain H1 ===>> 0.1
GetGain AX ===>> 0.097049
GetGain L1 ===>> 0.010355
GetGain L2 ===>> 0.095649
GetGain CDD ===>> 0
pre measurement save
New frame /Users/jan/PychronDev/data/isotopes/d1/6d2a0a-94a9-4cbb-8794-6e48f7c86fb1.h5
flush and close file /Users/jan/PychronDev/data/isotopes/d1/6d2a0a-94a9-4cbb-8794-6e48f7c86fb1.h5
testing...
no interpolation path defined
executed 226.132928
unknown measurement script
activate_detectors ('H2', 'H1', 'AX', 'L1', 'L2', 'CDD') {}
activate detectors
*************** Set Analysis View Ar/Ar
create graphs
clearing graphs
clear isotope group
setting isotope det=H2, iso=PM41
setting isotope det=H1, iso=Ar40
setting isotope det=AX, iso=Ar39
setting isotope det=L1, iso=Ar38
setting isotope det=L2, iso=Ar37
setting isotope det=CDD, iso=Ar36
setting previous blanks
 - setting Ar40 blank 0.985+/-0.008
 - setting Ar36 blank 0.00675+/-0.00020
 - setting Ar37 blank 0.054+/-0.004
 - setting Ar38 blank 0.0136+/-0.0022
 - setting PM41 blank 0.04+/-0.07
 - setting Ar39 blank 0.042+/-0.008
load analysis view
position_magnet ('Ar40',) {'detector': 'H1'}
detector Detector(H1)
POSITION Ar40 H1
setting detector H2 to PM41 (40.9624)
setting detector H1 to Ar40 (39.9624)
setting detector AX to Ar39 (38.9624)
setting detector L1 to Ar38 (37.9624)
setting detector L2 to Ar37 (36.9624)
setting detector CDD to Ar36 (35.9624)
Mapping mass to dac mass func: "parabolic"
H1 map mass coeffs = [-0.00063987  0.15840543  0.57071999]
H1 map mass to dac 39.9624 >> 5.87911
GetDeflection H1 ===>> 0
GetHighVoltage ===>> 4500
positioning Ar40 (5.87911) on H1
setting magnet DAC
current  : 5.879110
requested: 5.879110
Delta Dac: 0.000000
Checking detector protection. dv=0.00000
Checking detector "CDD". Protection Threshold: 0.1 (V)
SetMagnetDAC 5.87911 ===>> OK
equilibrate () {'delay': 3, 'inlet': 'R', 'outlet': 'O', 'eqtime': 12.0}
Equilibration Started
20:39:59 -- ******* Equilibration Started *******
checking ownership. requestor=129.138.12.150
check software interlocks O
interlocks []
actuate state mode=None-script, software_lock=False
doing actuation None-script close_channel True
Close O ===>> OK
GetIndicatorState O ===>> False
change switch state (True, True)
update switch state O False args=() kw={} ncanvase=2
20:39:59 -- CLOSE  VALVE-O (Jan Ion Pump)
waiting 3s before opening inlet value ('R',)
checking ownership. requestor=129.138.12.150
check software interlocks R
interlocks []
actuate state mode=None-script, software_lock=False
doing actuation None-script open_channel True
Open R ===>> OK
Get Checksum: 594863745
State checksums do not match. Local:1281862853 Remote:594863745
State checksum failed
GetIndicatorState R ===>> OK
change switch state (True, True)
update switch state R True args=() kw={} ncanvase=2
20:40:02 -- OPEN   VALVE-R (Jan Inlet)
set_time_zero () {}
equilibrating for 12.0sec
sniff (12.0,) {}
py_sniff
build tables- sniff [Detector(H2), Detector(H1), Detector(AX), Detector(L1), Detector(L2), Detector(CDD)]
add group /sniff/PM41 (Group) '' table H2
add group /sniff/Ar40 (Group) '' table H1
add group /sniff/Ar39 (Group) '' table AX
add group /sniff/Ar38 (Group) '' table L1
add group /sniff/Ar37 (Group) '' table L2
add group /sniff/Ar36 (Group) '' table CDD
flush and close file /Users/jan/PychronDev/data/isotopes/d1/6d2a0a-94a9-4cbb-8794-6e48f7c86fb1.h5
measuring sniff. ncounts=12.0
starting measurement
GetData ===>> H2,-0.205873473135501,H1,0.00683272552290966,AX,-0.0625888782192218,L1,-0.0118805698525594,L2,0.0...
GetData ===>> H2,0.484437836898095,H1,211.007453421184,AX,56.9484269401667,L1,0.299224781762839,L2,0.5887704459...
GetData ===>> H2,0.741933297078984,H1,550.506603663545,AX,142.345184107471,L1,1.09846414958907,L2,1.18680736815...
Get Checksum: 594863745
GetData ===>> H2,0.228978967229758,H1,664.244035895738,AX,167.032738322915,L1,1.63100687279855,L2,1.13690496251...
GetData ===>> H2,0.0744062582477451,H1,701.835145282129,AX,174.373361164276,L1,1.91768698034648,L2,1.2256748108...
GetData ===>> H2,0.0569148134319302,H1,715.994279817109,AX,177.328732633288,L1,2.08361780393753,L2,1.0529390682...
Get Checksum: 594863745
GetData ===>> H2,0.027164491514213,H1,721.558357055845,AX,178.717327303477,L1,2.15639592015959,L2,1.13602193637...
GetData ===>> H2,-0.00653775438524235,H1,723.646770934777,AX,178.98504720774,L1,2.20796473015491,L2,1.215927812...
GetData ===>> H2,-0.0395232166691178,H1,725.014509260281,AX,178.962446187407,L1,2.26024259754916,L2,1.171826383...
Get Checksum: 594863745
GetData ===>> H2,-0.117566692330798,H1,725.475517024413,AX,178.990436229064,L1,2.25677549270621,L2,1.0938754653...
GetData ===>> H2,-0.200713548904416,H1,725.383770528463,AX,179.062409576588,L1,2.29579314712376,L2,1.1622409431...
Get Checksum: 594863745
GetData ===>> H2,0.0146660104996685,H1,725.39077665861,AX,179.068622048746,L1,2.29012450621392,L2,1.17707576667...
Equilibration Finished
20:40:15 -- ******* Equilibration Finished *******
checking ownership. requestor=129.138.12.150
check software interlocks R
interlocks []
actuate state mode=None-script, software_lock=False
doing actuation None-script close_channel True
Close R ===>> OK
set states for children of R. state=False
handle state [('R', False)]
update switch state R False args=() kw={'refresh': False} ncanvase=2
refresh_canvas_needed fired
GetIndicatorState R ===>> False
change switch state (True, True)
update switch state R False args=() kw={} ncanvase=2
20:40:16 -- CLOSE  VALVE-R (Jan Inlet)
Post Equilibration Started jan_pump_extraction_line.py
20:40:16 -- ******* Post Equilibration Started jan_pump_extraction_line.py *******
testing...
no interpolation path defined
calculate duration
testing...
no interpolation path defined
executed 4.0
executed 4.0
Pump after analysis
doing GOSUB
testing...
no interpolation path defined
executed 4.0
Pump Microbone
close () {'description': 'Jan Inlet'}
closing name=--- desc=Jan Inlet
checking ownership. requestor=129.138.12.150
check software interlocks R
interlocks []
actuate state mode=None-script, software_lock=False
doing actuation None-script close_channel False
measurement finished
estimated time: 12.583 actual time: :13.190
flush and close file /Users/jan/PychronDev/data/isotopes/d1/6d2a0a-94a9-4cbb-8794-6e48f7c86fb1.h5
set_fits () {}
using default fits file=/Users/jan/PychronDev/scripts/measurement/fits/nominal_linear.yaml
set "Ar40" to "('Linear', 'SEM')"
No fit for "PM41". defaulting to linear. check the measurement script "jan_unknown120_60.py"
set "PM41" to "linear"
set "Ar36" to "('Linear', 'SEM')"
set "Ar37" to "('linear', 'SEM')"
set "Ar38" to "('linear', 'SEM')"
set "Ar39" to "('Linear', 'SEM')"
set_baseline_fits () {}
using default fits file=/Users/jan/PychronDev/scripts/measurement/fits/nominal_linear.yaml
set "H1" to "('average', 'SEM')"
set "H2" to "('average', 'SEM')"
set "CDD" to "('average', 'SEM')"
set "L2" to "('average', 'SEM')"
set "L1" to "('average', 'SEM')"
set "AX" to "('average', 'SEM')"
multicollect () {'integration_time': 1, 'ncounts': 120}
build tables- signal [Detector(H2), Detector(H1), Detector(AX), Detector(L1), Detector(L2), Detector(CDD)]
add group /signal/PM41 (Group) '' table H2
add group /signal/Ar40 (Group) '' table H1
add group /signal/Ar39 (Group) '' table AX
add group /signal/Ar38 (Group) '' table L1
add group /signal/Ar37 (Group) '' table L2
add group /signal/Ar36 (Group) '' table CDD
flush and close file /Users/jan/PychronDev/data/isotopes/d1/6d2a0a-94a9-4cbb-8794-6e48f7c86fb1.h5
measuring signal. ncounts=120
Close R ===>> OK
GetIndicatorState R ===>> False
change switch state (True, True)
update switch state R False args=() kw={} ncanvase=2
20:40:16 -- CLOSE  VALVE-R (Jan Inlet)
---------------------------------------- close None (Jan Inlet) result=[(True, True)]
action=close, ok=True, locked=[False]
is_closed ('F',) {}
is F () closed?
is closed True
open () {'description': 'CO2 Laser to Jan'}
opening name=--- desc=CO2 Laser to Jan
checking ownership. requestor=129.138.12.150
check software interlocks A
interlocks []
actuate state mode=None-script, software_lock=False
doing actuation None-script open_channel False
Open A ===>> OK
GetIndicatorState A ===>> OK
change switch state (True, True)
update switch state A True args=() kw={} ncanvase=2
20:40:17 -- OPEN   VALVE-A (CO2 Laser to Jan)
---------------------------------------- open None (CO2 Laser to Jan) result=[(True, True)], time=0.12 sec
starting measurement
GetData ===>> H2,-0.141633761365569,H1,724.85151559439,AX,179.113273309863,L1,2.31374062408144,L2,1.05268699434...
action=open, ok=True, locked=[False]
sleep (1,) {}
SLEEP 1.0
GetData ===>> H2,-0.0682026376425018,H1,725.135303230813,AX,179.499351910915,L1,2.33118168956475,L2,1.225800954...
Get Checksum: 1281862853
close () {'description': 'CO2 Laser to Roughing'}
closing name=--- desc=CO2 Laser to Roughing
checking ownership. requestor=129.138.12.150
check software interlocks G
interlocks []
actuate state mode=None-script, software_lock=True
VALVE-G(CO2 Laser to Roughing) software locked
change switch state (True, False)
---------------------------------------- close None (CO2 Laser to Roughing) result=[(True, False)]
action=close, ok=True, locked=[True]
open () {'description': 'Microbone to Turbo'}
opening name=--- desc=Microbone to Turbo
checking ownership. requestor=129.138.12.150
check software interlocks U
interlocks []
actuate state mode=None-script, software_lock=False
doing actuation None-script open_channel True
Open U ===>> OK
GetIndicatorState U ===>> OK
change switch state (True, True)
update switch state U True args=() kw={} ncanvase=2
20:40:18 -- OPEN   VALVE-U (Microbone to Turbo)
---------------------------------------- open None (Microbone to Turbo) result=[(True, True)], time=0.20 sec
action=open, ok=True, locked=[False]
open () {'description': 'Microbone to Getter NP-10'}
opening name=--- desc=Microbone to Getter NP-10
checking ownership. requestor=129.138.12.150
check software interlocks M
interlocks []
actuate state mode=None-script, software_lock=False
doing actuation None-script open_channel False
Open M ===>> OK
GetIndicatorState M ===>> OK
change switch state (True, True)
update switch state M True args=() kw={} ncanvase=2
20:40:18 -- OPEN   VALVE-M (Microbone to Getter NP-10)
---------------------------------------- open None (Microbone to Getter NP-10) result=[(True, True)], time=0.14 sec
action=open, ok=True, locked=[False]
open () {'description': 'Microbone to Getter D-50'}
opening name=--- desc=Microbone to Getter D-50
checking ownership. requestor=129.138.12.150
check software interlocks K
interlocks []
actuate state mode=None-script, software_lock=False
doing actuation None-script open_channel False
GetData ===>> H2,0.0116366511369541,H1,724.958926762722,AX,179.001281548929,L1,2.34154327110921,L2,1.1533054922...
Open K ===>> OK
GetIndicatorState K ===>> OK
change switch state (True, True)
update switch state K True args=() kw={} ncanvase=2
20:40:19 -- OPEN   VALVE-K (Microbone to Getter D-50)
---------------------------------------- open None (Microbone to Getter D-50) result=[(True, True)], time=0.47 sec
action=open, ok=True, locked=[False]
open () {'description': 'Microbone to CO2 Laser'}
opening name=--- desc=Microbone to CO2 Laser
checking ownership. requestor=129.138.12.150
check software interlocks T
interlocks []
actuate state mode=None-script, software_lock=False
doing actuation None-script open_channel False
Open T ===>> OK
GetData ===>> H2,0.015319346966243,H1,724.729514351813,AX,178.545391528258,L1,2.30766530331979,L2,1.15186029832...
GetIndicatorState T ===>> OK
change switch state (True, True)
update switch state T True args=() kw={} ncanvase=2
20:40:20 -- OPEN   VALVE-T (Microbone to CO2 Laser)
---------------------------------------- open None (Microbone to CO2 Laser) result=[(True, True)], time=0.43 sec
action=open, ok=True, locked=[False]
open () {'description': 'Microbone to Inlet Pipette'}
opening name=--- desc=Microbone to Inlet Pipette
checking ownership. requestor=129.138.12.150
check software interlocks S
interlocks []
actuate state mode=None-script, software_lock=False
doing actuation None-script open_channel False
Open S ===>> OK
GetIndicatorState S ===>> OK
change switch state (True, True)
update switch state S True args=() kw={} ncanvase=2
20:40:21 -- OPEN   VALVE-S (Microbone to Inlet Pipette)
---------------------------------------- open None (Microbone to Inlet Pipette) result=[(True, True)], time=0.45 sec
action=open, ok=True, locked=[False]
sleep (1,) {}
SLEEP 1.0
GetData ===>> H2,-0.170907423399154,H1,724.352342788079,AX,178.797123827696,L1,2.31499329013254,L2,1.0684543420...
Get Checksum: 799532470
set_resource () {'name': 'CO2PumpTimeFlag', 'value': 30}
Set CO2PumpTimeFlag 30 ===>> OK
release ('JanCO2Flag',) {}
release JanCO2Flag
Set JanCO2Flag 0 ===>> OK
executed 6.0
PumpMicrobone.py completed successfully
gosub finished
get_resource_value () {'name': 'JanMiniboneFlag'}
Read JanMiniboneFlag ===>> 0
Get Resource Value JanMiniboneFlag=0.0
get resource value 0.0
get_resource_value () {'name': 'JanMiniboneFlag'}
Read JanMiniboneFlag ===>> 0
Get Resource Value JanMiniboneFlag=0.0
executed 4.0
jan_pump_extraction_line.py completed successfully
Post Equilibration Finished
20:40:22 -- ******* Post Equilibration Finished *******
GetData ===>> H2,-0.234396474189343,H1,724.155354752,AX,178.644755208052,L1,2.30303710201783,L2,1.1673112342142...
GetData ===>> H2,-0.0270791461870501,H1,724.089302694793,AX,178.74062187162,L1,2.29809541873571,L2,1.1203237724...
Get Checksum: 799532470
GetData ===>> H2,-0.0374546731544153,H1,723.242215727316,AX,178.565028732667,L1,2.32531106963752,L2,1.147662477...
GetData ===>> H2,-0.0985079250844908,H1,723.182891028018,AX,178.383535721308,L1,2.3085360624249,L2,1.1226284556...
GetData ===>> H2,-0.168489336645606,H1,723.110270443987,AX,178.38838187131,L1,2.31436158636424,L2,1.12503639263...
Get Checksum: 799532470
GetData ===>> H2,-0.116683133663876,H1,723.103611697047,AX,178.392805760365,L1,2.31369646212377,L2,1.0876055200...
GetData ===>> H2,-0.0977239257513274,H1,722.560583336607,AX,178.123555500359,L1,2.27985071523631,L2,1.175780586...
GetData ===>> H2,-0.211168439634996,H1,722.219262391165,AX,178.167380590561,L1,2.31508697803988,L2,1.1232705662...
Get Checksum: 799532470
GetData ===>> H2,-0.0444928680534557,H1,721.874622607646,AX,178.040550294913,L1,2.31308088928566,L2,1.057762973...
GetData ===>> H2,-0.093582320308587,H1,721.436961589581,AX,178.009279921298,L1,2.29637162154996,L2,1.1243369380...
GetData ===>> H2,-0.200495130284361,H1,721.297335432623,AX,177.954991204829,L1,2.28113809711828,L2,1.1062102252...
Get Checksum: 799532470
GetData ===>> H2,-0.233823268062794,H1,721.032916720211,AX,177.810313993948,L1,2.30148899958351,L2,1.0816569003...
GetData ===>> H2,-0.135370814948379,H1,720.600138224917,AX,177.863965885192,L1,2.2610645081191,L2,1.14596504945...
GetData ===>> H2,-0.0711590716110513,H1,720.336557722244,AX,177.881727466433,L1,2.2945281501686,L2,1.1322032283...
Get Checksum: 799532470
GetData ===>> H2,-0.0560330756546005,H1,720.188142135697,AX,177.648609969647,L1,2.31343417043986,L2,1.177087228...
GetData ===>> H2,-0.152775398685391,H1,719.88962481648,AX,177.68748439014,L1,2.2678916316643,L2,1.0884881018768...
GetData ===>> H2,-0.172782704473641,H1,719.786426195298,AX,177.795089172775,L1,2.25294918182189,L2,1.0873648172...
Get Checksum: 799532470
GetData ===>> H2,-0.191988413488371,H1,719.294027955665,AX,177.477504599216,L1,2.28154944946531,L2,1.1052357675...
GetData ===>> H2,-0.116652011660984,H1,718.915477709626,AX,177.616176454209,L1,2.26159424543233,L2,1.1007075347...
20:40:42 -- collecting point 25
GetData ===>> H2,-0.162655197267742,H1,718.522852217722,AX,177.581663816765,L1,2.27208740434572,L2,1.1500136932...
Get Checksum: 799532470
GetData ===>> H2,-0.175537528184816,H1,718.351945581138,AX,177.355117057302,L1,2.24083021733371,L2,1.1739696558...
GetData ===>> H2,-0.156785630651766,H1,718.138008465303,AX,177.352811042425,L1,2.27144899004586,L2,1.2118458335...
GetData ===>> H2,-0.158025704932912,H1,718.112284107512,AX,177.325894867738,L1,2.27819095865543,L2,1.1675865517...
Get Checksum: 799532470
GetData ===>> H2,-0.184098479107382,H1,717.683470945927,AX,177.404845037041,L1,2.23186062274358,L2,1.0528359470...
GetData ===>> H2,-0.133837332928552,H1,717.729587691581,AX,177.46858969289,L1,2.25289179724022,L2,1.15089684775...
Get Checksum: 799532470
GetData ===>> H2,-0.132499761839257,H1,717.084228432378,AX,177.238078560917,L1,2.23391926042082,L2,1.1629750864...
GetData ===>> H2,-0.107842702391648,H1,716.938616674285,AX,177.044384728318,L1,2.24264469244719,L2,1.0062937361...
GetData ===>> H2,-0.253916261484335,H1,716.875489362585,AX,176.846007296378,L1,2.28613544736692,L2,0.9843753911...
Get Checksum: 799532470
GetData ===>> H2,-0.25721781571936,H1,716.505015667966,AX,177.041129096076,L1,2.29230472220716,L2,1.10689808370...
GetData ===>> H2,-0.296623725352343,H1,716.264903524724,AX,176.795257346514,L1,2.28904591718026,L2,1.0740124898...
GetData ===>> H2,-0.215541316998475,H1,716.294487249188,AX,176.649767853641,L1,2.24550632149541,L2,1.0794448869...
Get Checksum: 799532470
GetData ===>> H2,-0.0498905210362068,H1,715.53802564846,AX,176.878083300119,L1,2.25184024349442,L2,1.1889051214...
GetData ===>> H2,-0.119505409353775,H1,715.164373124687,AX,176.482484538038,L1,2.25404755271004,L2,1.1660608435...
GetData ===>> H2,-0.0619865754624009,H1,715.145444577204,AX,176.443325386728,L1,2.24904770012125,L2,1.150885378...
Get Checksum: 799532470
GetData ===>> H2,-0.0354875797173586,H1,714.924164854431,AX,176.521341969399,L1,2.28846055540646,L2,1.108961688...
GetData ===>> H2,-0.0702261148597745,H1,714.471777048754,AX,176.730355038976,L1,2.31472695306617,L2,1.010817525...
GetData ===>> H2,-0.126762173432199,H1,714.20138681032,AX,176.202100582873,L1,2.2522779340702,L2,1.091135896031...
Get Checksum: 799532470
GetData ===>> H2,-0.199309933509068,H1,713.561112906107,AX,176.061968227421,L1,2.27711084684171,L2,1.0851985197...
GetData ===>> H2,-0.169232899302652,H1,713.376704652298,AX,176.177657263637,L1,2.27933794038923,L2,1.0804763894...
GetData ===>> H2,-0.139778083572258,H1,713.041192798548,AX,176.204620240185,L1,2.22640120136111,L2,1.1013380354...
Get Checksum: 799532470
GetData ===>> H2,-0.222794826721137,H1,713.038743805688,AX,175.93003319293,L1,2.21197066221365,L2,1.11971607908...
GetData ===>> H2,-0.21448293145503,H1,712.479331101494,AX,175.882440341618,L1,2.22715411253633,L2,1.08680317990...
GetData ===>> H2,-0.106393655319086,H1,711.851496006675,AX,175.914753971289,L1,2.21858857652582,L2,1.2165240711...
Get Checksum: 799532470
GetData ===>> H2,-0.156869387217555,H1,712.062774784174,AX,175.61288218036,L1,2.21220243227655,L2,1.09291259530...
20:41:08 -- collecting point 50
GetData ===>> H2,-0.0685634179828181,H1,711.802302891637,AX,175.771557306772,L1,2.24476484131928,L2,1.057854641...
GetData ===>> H2,-0.128752036789503,H1,711.383493115715,AX,175.745071779838,L1,2.24062625726171,L2,1.0785738490...
Get Checksum: 799532470
GetData ===>> H2,-0.179596150246732,H1,711.248081854389,AX,175.776722425816,L1,2.24458614660799,L2,1.0674115088...
GetData ===>> H2,-0.167015561897581,H1,711.171548387651,AX,175.496781580506,L1,2.2719939104387,L2,1.09839191326...
Get Checksum: 799532470
GetData ===>> H2,-0.15762316845942,H1,710.540949750226,AX,175.436341136034,L1,2.26220540927612,L2,1.06506231063...
GetData ===>> H2,-0.171884227246264,H1,710.467781718178,AX,175.474720736746,L1,2.27421660530781,L2,1.0757430303...
GetData ===>> H2,-0.138270882207623,H1,710.095247578899,AX,175.572684174394,L1,2.23168464279951,L2,1.2335419316...
Get Checksum: 799532470
GetData ===>> H2,-0.123675302403683,H1,709.861464191539,AX,175.307503375936,L1,2.23331389629058,L2,1.1378568049...
GetData ===>> H2,-0.155779152547311,H1,709.566309143527,AX,175.478095875463,L1,2.22929185696486,L2,1.1207021494...
GetData ===>> H2,-0.110735929059383,H1,709.661374748141,AX,175.170200985387,L1,2.25323610914182,L2,1.1168840494...
Get Checksum: 799532470
GetData ===>> H2,-0.0674227162368046,H1,709.002745345986,AX,175.373451093067,L1,2.24712414568249,L2,1.082161200...
GetData ===>> H2,-0.139014369792246,H1,708.921574628318,AX,175.353477172218,L1,2.22946913217416,L2,1.0437273424...
GetData ===>> H2,-0.123142485439846,H1,709.029841602415,AX,175.228358554753,L1,2.23635704928458,L2,1.1502660222...
Get Checksum: 799532470
GetData ===>> H2,-0.0954555747177337,H1,708.67593824373,AX,174.983663631529,L1,2.2048281077823,L2,1.09527393674...
GetData ===>> H2,-0.139653730142767,H1,708.258295323451,AX,175.072063311553,L1,2.21825567884254,L2,1.1833914524...
GetData ===>> H2,-0.18784523177682,H1,707.436993359483,AX,175.059218171519,L1,2.25014168572464,L2,1.02283236997...
Get Checksum: 799532470
GetData ===>> H2,-0.11107302960019,H1,707.311503037317,AX,175.035381014259,L1,2.27598545874121,L2,1.11357056586...
GetData ===>> H2,-0.116481515696662,H1,707.324597463546,AX,174.829113809662,L1,2.24232337159798,L2,1.0893248428...
GetData ===>> H2,-0.144534930213197,H1,706.964450195138,AX,174.67121527786,L1,2.2457277081925,L2,1.086023770203...
Get Checksum: 799532470
GetData ===>> H2,-0.207181951198329,H1,706.484851858216,AX,174.645159788126,L1,2.20433958754285,L2,1.1326160543...
GetData ===>> H2,-0.16841511264876,H1,706.442973928174,AX,174.618073898691,L1,2.22221514019908,L2,1.03956860614...
GetData ===>> H2,-0.162167758133904,H1,706.226170361945,AX,174.109177780656,L1,2.25318539587126,L2,1.0909524966...
Get Checksum: 799532470
GetData ===>> H2,-0.13528021815616,H1,705.781960468669,AX,174.385722451189,L1,2.19352896658912,L2,1.08867149652...
GetData ===>> H2,-0.202394691818622,H1,705.266272281246,AX,174.410029531598,L1,2.19204901844151,L2,1.1546360074...
GetData ===>> H2,-0.11429731712982,H1,705.337345131098,AX,174.387262171254,L1,2.2294158160263,L2,1.104788666724...
Get Checksum: 799532470
20:41:34 -- collecting point 75
GetData ===>> H2,-0.121557409964146,H1,705.070765971202,AX,174.261179663339,L1,2.24522492665236,L2,0.9614798084...
GetData ===>> H2,-0.182694138927334,H1,704.858487450084,AX,174.292131601367,L1,2.23094342433315,L2,1.0821726620...
Get Checksum: 799532470
GetData ===>> H2,-0.179559714152164,H1,704.256311751328,AX,174.10295924972,L1,2.18723255986991,L2,1.05204535469...
GetData ===>> H2,-0.0998821630106646,H1,703.895670427475,AX,174.124384400485,L1,2.19677036550694,L2,1.141996855...
GetData ===>> H2,-0.180002337287843,H1,704.029306811372,AX,174.175375282897,L1,2.1845817332772,L2,1.15090831734...
Get Checksum: 799532470
GetData ===>> H2,-0.188216063168702,H1,703.649148835849,AX,173.976590390631,L1,2.20380982679345,L2,1.0912734457...
GetData ===>> H2,-0.256983942607416,H1,703.220367246959,AX,173.994364333478,L1,2.21466695145918,L2,1.0291324592...
GetData ===>> H2,-0.175532128317301,H1,703.119235659557,AX,173.641242469676,L1,2.19926396836252,L2,1.0262000027...
GetData ===>> H2,-0.0932436658083163,H1,702.946812786007,AX,173.576212271988,L1,2.19481875760726,L2,1.130689548...
GetData ===>> H2,-0.203854535457743,H1,702.335316975119,AX,173.35179409641,L1,2.20717916058326,L2,1.11093361897...
Get Checksum: 799532470
GetData ===>> H2,-0.139199558209976,H1,702.368048521376,AX,173.3489654288,L1,2.2165976490161,L2,1.0584848609475...
GetData ===>> H2,-0.0926692847070602,H1,702.173695005867,AX,173.599210540595,L1,2.20789682280787,L2,1.052560957...
GetData ===>> H2,-0.110559928817565,H1,701.572449914693,AX,173.49431434126,L1,2.17892838525021,L2,1.15791649426...
Get Checksum: 799532470
GetData ===>> H2,-0.0506885484000812,H1,701.231495669864,AX,173.49745180326,L1,2.15995251387892,L2,1.1119081344...
GetData ===>> H2,-0.00787711390559284,H1,701.379785167909,AX,173.566601251268,L1,2.19885950852716,L2,1.01317685...
GetData ===>> H2,-0.172481870936175,H1,701.135440454449,AX,173.476715444276,L1,2.19781915610777,L2,0.9763876741...
Get Checksum: 799532470
GetData ===>> H2,-0.165459252800569,H1,700.737894895625,AX,173.247848480719,L1,2.16381810679228,L2,1.0646612337...
GetData ===>> H2,-0.0978011094331325,H1,700.460597266887,AX,172.998331964933,L1,2.12635227535931,L2,1.048562242...
GetData ===>> H2,-0.157725830126192,H1,700.064691170587,AX,173.242213465874,L1,2.13385218285666,L2,1.0237716298...
Get Checksum: 799532470
GetData ===>> H2,-0.128972360258288,H1,699.879066797261,AX,172.908762515004,L1,2.20571601805885,L2,1.1125616385...
GetData ===>> H2,-0.123893019904335,H1,699.786036055822,AX,173.072592339027,L1,2.23433663406425,L2,1.1292217598...
GetData ===>> H2,-0.152692963269609,H1,699.496873139797,AX,172.706899961087,L1,2.24900901234369,L2,1.0029382524...
Get Checksum: 799532470
GetData ===>> H2,-0.157638027442429,H1,699.34842006618,AX,172.853518572034,L1,2.21147650186417,L2,0.95333359653...
GetData ===>> H2,-0.0559869543920844,H1,699.195504095232,AX,172.891915952581,L1,2.18984809145616,L2,1.050922495...
Get Checksum: 799532470
GetData ===>> H2,-0.104289434381952,H1,699.136814187296,AX,172.536656234418,L1,2.19654669873178,L2,1.1001687465...
20:42:01 -- collecting point 100
GetData ===>> H2,-0.108356792315559,H1,698.374981792689,AX,172.408756321154,L1,2.20438750683944,L2,1.1746688085...
GetData ===>> H2,-0.140178167966027,H1,697.955535137993,AX,172.522431005609,L1,2.17092180345573,L2,1.0746542760...
Get Checksum: 799532470
GetData ===>> H2,-0.213885021016317,H1,698.04347273132,AX,172.617327150729,L1,2.16004681308532,L2,1.14289140536...
GetData ===>> H2,-0.19821226853048,H1,697.709893249828,AX,172.380881597566,L1,2.19836459733818,L2,1.11195399419...
GetData ===>> H2,-0.126332252230571,H1,697.41249878207,AX,172.321513553561,L1,2.21113020305039,L2,1.18833196025...
Get Checksum: 799532470
GetData ===>> H2,-0.172539879818568,H1,697.397517587826,AX,172.517200775518,L1,2.17119966387703,L2,1.0435898607...
GetData ===>> H2,-0.162742961089287,H1,696.680067618807,AX,172.391960490054,L1,2.17837277794553,L2,1.1055109075...
GetData ===>> H2,-0.188349559495712,H1,696.529711418762,AX,172.164488266443,L1,2.19821692647315,L2,1.1572856227...
Get Checksum: 799532470
GetData ===>> H2,-0.173196843402499,H1,696.450355644174,AX,172.1143620751,L1,2.2028089403763,L2,1.0518505720827...
GetData ===>> H2,-0.137331314562246,H1,696.173661943282,AX,171.923357025739,L1,2.21182014744817,L2,1.0431430463...
GetData ===>> H2,-0.0947743038857091,H1,696.071314675674,AX,172.155546306474,L1,2.22199801936995,L2,1.031824441...
Get Checksum: 799532470
GetData ===>> H2,-0.0739303698351712,H1,695.750255499224,AX,171.748210388335,L1,2.20104962070732,L2,1.060444298...
GetData ===>> H2,-0.0479915882362103,H1,695.263355200583,AX,171.825198315217,L1,2.1930684581055,L2,1.1697432333...
GetData ===>> H2,-0.0523020757301583,H1,695.070493777963,AX,172.083829631778,L1,2.17343875351913,L2,1.065635280...
Get Checksum: 799532470
GetData ===>> H2,-0.0928684248382061,H1,694.692880945464,AX,171.802131304101,L1,2.13998938459108,L2,1.061968332...
GetData ===>> H2,-0.0601845803228208,H1,693.867144313806,AX,171.74021860171,L1,2.18026301916876,L2,1.0096951479...
GetData ===>> H2,-0.0728485049671159,H1,694.595230309472,AX,171.680225828283,L1,2.17450394141446,L2,1.120025658...
Get Checksum: 799532470
GetData ===>> H2,-0.144280921784976,H1,694.049011232287,AX,171.611603243578,L1,2.17543623049904,L2,1.0136578872...
GetData ===>> H2,-0.163361339210079,H1,693.423936716417,AX,171.539445146337,L1,2.16195156215258,L2,1.1023697726...
GetData ===>> H2,-0.29055645136545,H1,692.96414376524,AX,171.442311982838,L1,2.16449970594014,L2,0.935645746949...
Get Checksum: 799532470
GetData ===>> H2,-0.200527488864546,H1,692.879030843337,AX,171.53612821627,L1,2.17374194271639,L2,1.06202562727...
measurement finished
estimated time: 125.829 actual time: :126.231
flush and close file /Users/jan/PychronDev/data/isotopes/d1/6d2a0a-94a9-4cbb-8794-6e48f7c86fb1.h5
baselines () {'settling_time': 15.0, 'detector': 'H1', 'mass': 34.2, 'ncounts': 60}
%%%%%%%%%%%%%%%%%%%%%%%%%%%%%%%% Baseline
build tables- baseline [Detector(H2), Detector(H1), Detector(AX), Detector(L1), Detector(L2), Detector(CDD)]
add group baseline table H2
add group baseline table H1
add group baseline table AX
add group baseline table L1
add group baseline table L2
add group baseline table CDD
flush and close file /Users/jan/PychronDev/data/isotopes/d1/6d2a0a-94a9-4cbb-8794-6e48f7c86fb1.h5
detector Detector(H1)
POSITION 34.2 H1
Mapping mass to dac mass func: "parabolic"
H1 map mass coeffs = [-0.00063987  0.15840543  0.57071999]
H1 map mass to dac 34.2 >> 5.23976599104
GetDeflection H1 ===>> 0
GetHighVoltage ===>> 4500
positioning 34.2 (5.23976599104) on H1
setting magnet DAC
current  : 5.879110
requested: 5.239766
Delta Dac: 0.639344
Checking detector protection. dv=0.63934
Checking detector "CDD". Protection Threshold: 0.1 (V)
ProtectDetector CDD,On ===>> OK
GetDeflection CDD ===>> 2000
SetMagnetDAC 5.23976599104 ===>> OK
Magnet settling time: 0.500
GetMagnetMoving ===>> True
GetMagnetMoving ===>> True
GetMagnetMoving ===>> True
Get Checksum: 799532470
GetMagnetMoving ===>> True
GetMagnetMoving ===>> True
GetMagnetMoving ===>> True
GetMagnetMoving ===>> True
GetMagnetMoving ===>> True
GetMagnetMoving ===>> False
ProtectDetector CDD,Off ===>> OK
GetDeflection CDD ===>> 50
Delaying 15.0s for detectors to settle
Get Checksum: 799532470
Get Checksum: 799532470
Get Checksum: 799532470
Get Checksum: 799532470
Get Checksum: 799532470
Join finished
measuring baseline. ncounts=60
starting measurement
GetData ===>> H2,-0.0668150186817986,H1,-0.0143039352694661,AX,-0.0967599916616932,L1,-0.0339566586944627,L2,-0...
GetData ===>> H2,-0.0699318379210787,H1,0.00523419901046225,AX,-0.155602886988919,L1,-0.0707070124456537,L2,-0....
Get Checksum: 799532470
GetData ===>> H2,-0.215457834715434,H1,-0.0273630156389036,AX,-0.0691156998066685,L1,-0.039141358702974,L2,0.01...
GetData ===>> H2,-0.279759969661645,H1,-0.0515088813510143,AX,-0.0749697588103708,L1,-0.0261472936168046,L2,-0....
Get Checksum: 799532470
GetData ===>> H2,-0.214812845974747,H1,-0.0229863264801232,AX,-0.100283060352914,L1,-0.0167968283390855,L2,0.01...
GetData ===>> H2,-0.331939162242956,H1,-0.0138030051046066,AX,-0.0239290634585393,L1,-0.0445817115174286,L2,-0....
GetData ===>> H2,-0.2020374530023,H1,0.00604538837889486,AX,-0.0533369671801523,L1,-0.0217440674782431,L2,-0.04...
Get Checksum: 799532470
GetData ===>> H2,-0.0928304936536371,H1,-0.0709405815631168,AX,-0.118058704495103,L1,-0.0544717730610783,L2,-0....
GetData ===>> H2,-0.161506103602911,H1,0.00507911943847823,AX,-0.0651277826916723,L1,-0.0405211854241967,L2,-0....
GetData ===>> H2,-0.167043905527717,H1,-0.0516638730287287,AX,-0.0149170556372863,L1,-0.00411090597439323,L2,-0...
Get Checksum: 799532470
GetData ===>> H2,-0.226786340608738,H1,-0.0276730735513152,AX,-0.104188418325089,L1,-0.0263785475315015,L2,-0.0...
GetData ===>> H2,-0.190527080289415,H1,-0.0278400274140054,AX,-0.0904436445238851,L1,-0.0507681341843186,L2,-0....
GetData ===>> H2,-0.0958943836104495,H1,-0.0378209773299386,AX,-0.214502013300098,L1,-0.0453263424348454,L2,-0....
Get Checksum: 799532470
GetData ===>> H2,-0.139214427221889,H1,-0.0556816504472256,AX,-0.0292175752679909,L1,-0.0700424239151309,L2,-0....
GetData ===>> H2,-0.286662010102708,H1,-0.0032709643065008,AX,0.00348070114899284,L1,-0.0715783217322408,L2,-0....
GetData ===>> H2,-0.276508867941035,H1,0.0510409031226679,AX,-0.132112374159606,L1,-0.0682121873658916,L2,-0.03...
Get Checksum: 799532470
GetData ===>> H2,-0.148596940864274,H1,0.0708663467339889,AX,0.0440121124236553,L1,-0.0426468497585164,L2,-0.08...
GetData ===>> H2,-0.0817918125768018,H1,-0.0178342291485166,AX,-0.0387037031443051,L1,-0.0428312523980763,L2,-0...
GetData ===>> H2,-0.152791615417935,H1,-0.0814059093591222,AX,-0.101071097731933,L1,-0.0576103360033135,L2,-0.0...
Get Checksum: 799532470
GetData ===>> H2,-0.308910562870626,H1,-0.00396279714143228,AX,-0.132320904671197,L1,-0.0533976160563803,L2,-0....
GetData ===>> H2,-0.284780109849778,H1,0.0326274060542755,AX,-0.0464264447334558,L1,-0.0318037001310265,L2,-0.0...
GetData ===>> H2,-0.153974022987833,H1,-0.0350784020977322,AX,-0.0462988969217701,L1,-0.00774045354603289,L2,-0...
Get Checksum: 799532470
GetData ===>> H2,-0.149010219882316,H1,0.0500264616106751,AX,-0.123921405441407,L1,-0.0396887605490159,L2,-0.00...
GetData ===>> H2,-0.151877097155746,H1,0.0182020870244994,AX,-0.105045953683921,L1,-0.00992282960903112,L2,0.01...
20:43:06 -- collecting point 25
GetData ===>> H2,-0.101872144018913,H1,-0.0216864010113891,AX,-0.0361409162313848,L1,-0.0314025139583353,L2,-0....
Get Checksum: 799532470
GetData ===>> H2,-0.203478471871552,H1,0.0540007441581782,AX,-0.134095005277455,L1,-0.0512610649217429,L2,-0.05...
GetData ===>> H2,-0.191128352773266,H1,-0.0151268865264729,AX,-0.135787981339774,L1,-0.0323341993555003,L2,0.08...
Get Checksum: 799532470
GetData ===>> H2,-0.209340406996222,H1,-0.0434132130868513,AX,-0.217340601671126,L1,-0.00359863378332832,L2,0.0...
GetData ===>> H2,-0.156984213761535,H1,-0.0794869505641892,AX,-0.066936276985053,L1,0.00614600508557094,L2,-0.0...
GetData ===>> H2,-0.187882989710435,H1,0.0121533782404761,AX,0.0865581207265886,L1,0.00165756051360863,L2,-0.11...
Get Checksum: 799532470
GetData ===>> H2,-0.168350334945023,H1,0.0270550968244133,AX,0.00197255745902362,L1,-0.0191916150538196,L2,0.01...
GetData ===>> H2,-0.203490603150135,H1,0.110137651277875,AX,-0.0934685885397955,L1,-0.0387927787519009,L2,0.004...
GetData ===>> H2,-0.226082137451714,H1,0.015601216762673,AX,-0.0818898455907991,L1,-0.0444272715077458,L2,-0.13...
Get Checksum: 799532470
GetData ===>> H2,-0.177743158740343,H1,-0.0544775263681128,AX,-0.094836156878945,L1,0.0104383050795292,L2,-0.12...
GetData ===>> H2,-0.150263470680325,H1,0.102645672052559,AX,-0.0854482245695269,L1,0.0116794169574255,L2,-0.047...
GetData ===>> H2,-0.247261824653429,H1,-0.010177150119106,AX,-0.14275670265964,L1,0.0177623550792855,L2,-0.0693...
Get Checksum: 799532470
GetData ===>> H2,-0.231610904060525,H1,0.00592609541245643,AX,0.0182733489042033,L1,-0.00385537298721213,L2,0.1...
GetData ===>> H2,-0.168512278509885,H1,-0.0104514792666819,AX,0.0320470346558543,L1,-0.00135608645246603,L2,-0....
GetData ===>> H2,-0.238838635196083,H1,-0.00985511059521367,AX,-0.0242654028100737,L1,-0.0367405836588086,L2,0....
Get Checksum: 799532470
GetData ===>> H2,-0.278809310761872,H1,-0.0202671970476185,AX,0.0384645899439447,L1,-0.0589506894181658,L2,-0.0...
GetData ===>> H2,-0.186855389587752,H1,0.00645098552818375,AX,-0.0464496352267386,L1,-0.00962667774937295,L2,-0...
GetData ===>> H2,-0.163550356355678,H1,-0.0292948992870244,AX,-0.0491976695506814,L1,-0.0288513139262664,L2,-0....
GetData ===>> H2,-0.231033518807978,H1,-0.0246440051085316,AX,-0.0643394541473989,L1,-0.0328970008888473,L2,0.0...
GetData ===>> H2,-0.310386418962657,H1,0.0238574234515233,AX,-0.0765578289370807,L1,0.01106244281429,L2,-0.0578...
Get Checksum: 799532470
GetData ===>> H2,-0.198189343187984,H1,-0.0480751580008707,AX,-0.0770099025549575,L1,0.0108727968750749,L2,-0.0...
GetData ===>> H2,-0.211169786639247,H1,-0.0248825177597166,AX,-0.0407330114199841,L1,-0.0606486124124706,L2,-0....
GetData ===>> H2,-0.24639005568802,H1,0.00862215115347027,AX,-0.108510783096004,L1,-0.0136473642236252,L2,-0.11...
Get Checksum: 799532470
GetData ===>> H2,-0.250477908346154,H1,0.0611381400735358,AX,-0.159996634638557,L1,0.0322762261658138,L2,-0.002...
GetData ===>> H2,-0.116803561480097,H1,0.0279977140636991,AX,-0.0663218564115932,L1,-9.96097058584771E-05,L2,0....
Get Checksum: 799532470
20:43:33 -- collecting point 50
GetData ===>> H2,-0.308267834155666,H1,0.0266613479473544,AX,-0.15388706884585,L1,0.0134957488579525,L2,-0.0782...
GetData ===>> H2,-0.282097086331245,H1,0.0288687480100027,AX,-0.0687215524865602,L1,-0.0170522834236563,L2,0.01...
GetData ===>> H2,-0.223705296104892,H1,0.0492626536078735,AX,-0.0925877716353427,L1,-0.0386059061715453,L2,0.07...
Get Checksum: 799532470
GetData ===>> H2,-0.214820925393232,H1,-0.0137075895508819,AX,-0.171414813125817,L1,-0.0306779431443036,L2,-0.0...
GetData ===>> H2,-0.290842438309081,H1,-0.0226524022830297,AX,-0.0789109070897547,L1,0.00782454822165334,L2,-0....
GetData ===>> H2,-0.272273375363461,H1,0.0485704576383085,AX,-0.00374657513742477,L1,-0.0086170581518233,L2,-0....
Get Checksum: 799532470
GetData ===>> H2,-0.167242308953255,H1,0.00544892496827671,AX,-0.0335084811321456,L1,0.0147240292673451,L2,-0.0...
GetData ===>> H2,-0.190381475870181,H1,0.0194428929755076,AX,-0.0289972263464958,L1,0.0291355927139131,L2,0.062...
GetData ===>> H2,-0.120004578774873,H1,-0.0340052000266099,AX,-0.0626816247538114,L1,0.0131439815588104,L2,-0.0...
Get Checksum: 799532470
GetData ===>> H2,-0.162440510593067,H1,0.000736988963035046,AX,-0.059887596618851,L1,-0.0185944707128146,L2,-0....
GetData ===>> H2,-0.222590095693652,H1,0.0406224813484403,AX,-0.0445943783027104,L1,-0.0305893143698769,L2,-0.0...
measurement finished
estimated time: 62.915 actual time: :63.136
flush and close file /Users/jan/PychronDev/data/isotopes/d1/6d2a0a-94a9-4cbb-8794-6e48f7c86fb1.h5
activate_detectors ('H1', 'AX', 'CDD') {'peak_center': True}
peak_center () {'detector': 'H1', 'integration_time': 0.262144, 'isotope': 'Ar40'}
peak center: mean=694.25554826 threshold=3
peak center started
setup peak center. detector=['H1', 'AX', 'CDD'], isotope=Ar40
VersionedUnpickler [<apptools.sweet_pickle.versioned_unpickler.VersionedUnpickler object at 0x13fd0a9b0>] using Updater [<apptools.sweet_pickle.updater.Updater object at 0x133e38fb0>]
VersionedUnpickler [<apptools.sweet_pickle.versioned_unpickler.VersionedUnpickler object at 0x13fd0a9b0>] using Updater [<apptools.sweet_pickle.updater.Updater object at 0x133e38fb0>]
VersionedUnpickler [<apptools.sweet_pickle.versioned_unpickler.VersionedUnpickler object at 0x14afa5290>] using Updater [<apptools.sweet_pickle.updater.Updater object at 0x133e38fb0>]
setting integration time = 0.524288
SetIntegrationTime 0.524288 ===>> OK
Mapping mass to dac mass func: "parabolic"
H1 map mass coeffs = [-0.00063987  0.15840543  0.57071999]
H1 map mass to dac 39.9624 >> 5.87911
GetDeflection H1 ===>> 0
GetHighVoltage ===>> 4500
do peak center. <pychron.spectrometer.jobs.peak_center.PeakCenter object at 0x12d6e98f0>
doing pc
starting peak center. center dac= 5.87911 step_width=0.001
width = 0.001
get scan parameters. half-width=0.015,window=0.015, i=0, scalar=1
Scan parameters center=5.87911 width=0.03000 (5.86411 - 5.89411)
GetData ===>> H2,-0.249539137956292,H1,-0.00412979055759415,AX,-0.11802394434497,L1,0.0132880485925081,L2,-0.03...
Moving to starting dac 5.86411
setting magnet DAC
current  : 5.239766
requested: 5.864110
Delta Dac: 0.624344
Checking detector protection. dv=0.62434
Checking detector "CDD". Protection Threshold: 0.1 (V)
ProtectDetector CDD,On ===>> OK
GetDeflection CDD ===>> 2000
SetMagnetDAC 5.86411 ===>> OK
Magnet settling time: 0.500
Get Checksum: 799532470
GetMagnetMoving ===>> True
GetMagnetMoving ===>> True
GetMagnetMoving ===>> True
GetMagnetMoving ===>> True
GetMagnetMoving ===>> True
GetMagnetMoving ===>> True
GetMagnetMoving ===>> True
GetMagnetMoving ===>> True
GetMagnetMoving ===>> False
ProtectDetector CDD,Off ===>> OK
GetDeflection CDD ===>> 50
Wait until signal near baseline. tol= -0.0030973429182. timeout= 10
GetData ===>> H2,2.69067563443269,H1,1.22822703417163,AX,0.0193408269140632,L1,0.0357772505776168,L2,-0.1113279...
GetData ===>> H2,39.3639434629076,H1,20.9314974653279,AX,1.56933743466053,L1,0.0338108545368421,L2,-0.083496999...
Get Checksum: 799532470
GetData ===>> H2,47.2109589180076,H1,26.2599806327155,AX,4.36763583887416,L1,0.0107331802083134,L2,-0.061924062...
GetData ===>> H2,25.7536014005387,H1,12.6033842602723,AX,1.9733719453566,L1,-0.00858588063791494,L2,-0.12377072...
GetData ===>> H2,10.7919726853972,H1,6.36535785566486,AX,0.785457233238825,L1,-0.00958830925952964,L2,-0.028553...
GetData ===>> H2,3.72671227619261,H1,3.32408237294215,AX,0.300066125911346,L1,0.0257233351583073,L2,-0.03301597...
GetData ===>> H2,1.18956532679914,H1,1.79943711713453,AX,0.0762797889521064,L1,0.0356113661814306,L2,-0.0167371...
GetData ===>> H2,0.434362776081605,H1,1.13158153249848,AX,0.104117766036066,L1,0.0638688733398584,L2,-0.0522283...
Get Checksum: 799532470
GetData ===>> H2,0.261384485709696,H1,0.748188517140824,AX,-0.0377064275703296,L1,0.0624469493682321,L2,-0.2962...
GetData ===>> H2,0.1953854838512,H1,0.60883187344849,AX,-0.090756574128223,L1,0.00625198450810853,L2,-0.0438290...
GetData ===>> H2,0.217078559869528,H1,0.562334966908274,AX,-0.0408837583463594,L1,0.00165996122909452,L2,0.0827...
GetData ===>> H2,0.24026342851131,H1,0.523361097446418,AX,-0.0165525012693007,L1,-0.00352185069361336,L2,0.0811...
GetData ===>> H2,0.146793375044446,H1,0.4164617773317,AX,-0.0302381321876105,L1,-0.0117487070883043,L2,-0.08818...
GetData ===>> H2,0.10040226247391,H1,0.323443384948186,AX,-0.0199392942060214,L1,-0.0323941367523821,L2,0.00949...
Get Checksum: 799532470
GetData ===>> H2,0.12332325306724,H1,0.405845863153975,AX,0.00697272353241126,L1,-0.0530064673887852,L2,-0.0839...
GetData ===>> H2,0.149637146221743,H1,0.456822694876835,AX,0.0855505045255552,L1,-0.0135227159033824,L2,-0.0451...
GetData ===>> H2,0.0737957756169724,H1,0.516886831572561,AX,-0.0220965734706768,L1,-0.00866262511382571,L2,-0.0...
GetData ===>> H2,0.0408498940198363,H1,0.546084058613494,AX,-0.121187067147948,L1,-0.00776563750672748,L2,-0.00...
GetData ===>> H2,0.0348221769367734,H1,0.466826908203078,AX,0.0672648645049217,L1,-0.0424097556781693,L2,0.0122...
GetData ===>> H2,0.0398178235616437,H1,0.448651122992305,AX,0.0390448599196009,L1,-0.080664113942061,L2,-0.1005...
Get Checksum: 799532470
GetData ===>> H2,-0.0324677224567963,H1,0.421722331288321,AX,-0.010474536244799,L1,-0.0685354392276125,L2,-0.08...
Peak center failed to move to a baseline position
_do_sweep sm= 5.86411, em= 5.89411, stm= 0.001
calculated step values: start=5.86411, end=5.89411, width=0.001, nsteps=31.0
setting magnet DAC
current  : 5.864110
requested: 5.864110
Delta Dac: 0.000000
Checking detector protection. dv=0.00000
Checking detector "CDD". Protection Threshold: 0.1 (V)
SetMagnetDAC 5.86411 ===>> OK
GetData ===>> H2,-0.0324677224567963,H1,0.421722331288321,AX,-0.010474536244799,L1,-0.0685354392276125,L2,-0.08...
setting magnet DAC
current  : 5.864110
requested: 5.865144
Delta Dac: 0.001034
Checking detector protection. dv=0.00103
Checking detector "CDD". Protection Threshold: 0.1 (V)
SetMagnetDAC 5.86514448276 ===>> OK
Magnet settling time: 1.049
GetData ===>> H2,-0.0788571120504512,H1,1.00990315701626,AX,0.170650535793377,L1,-0.0312504065578774,L2,-0.0999...
setting magnet DAC
current  : 5.865144
requested: 5.866179
Delta Dac: 0.001034
Checking detector protection. dv=0.00103
Checking detector "CDD". Protection Threshold: 0.1 (V)
SetMagnetDAC 5.86617896552 ===>> OK
Magnet settling time: 1.049
GetData ===>> H2,-0.175251126335332,H1,3.51116042063502,AX,0.652408451576027,L1,0.00908336965193491,L2,-0.12367...
setting magnet DAC
current  : 5.866179
requested: 5.867213
Delta Dac: 0.001034
Checking detector protection. dv=0.00103
Checking detector "CDD". Protection Threshold: 0.1 (V)
SetMagnetDAC 5.86721344828 ===>> OK
Magnet settling time: 1.049
Get Checksum: 799532470
GetData ===>> H2,-0.104260642930987,H1,14.0604992588927,AX,2.13836791457406,L1,0.00403214775637889,L2,0.0699632...
setting magnet DAC
current  : 5.867213
requested: 5.868248
Delta Dac: 0.001034
Checking detector protection. dv=0.00103
Checking detector "CDD". Protection Threshold: 0.1 (V)
SetMagnetDAC 5.86824793103 ===>> OK
Magnet settling time: 1.049
GetData ===>> H2,-0.215141404336317,H1,49.0110341614885,AX,7.66334813522965,L1,0.0174911098467457,L2,-0.0392991...
setting magnet DAC
current  : 5.868248
requested: 5.869282
Delta Dac: 0.001034
Checking detector protection. dv=0.00103
Checking detector "CDD". Protection Threshold: 0.1 (V)
SetMagnetDAC 5.86928241379 ===>> OK
Magnet settling time: 1.049
GetData ===>> H2,-0.126996054541968,H1,137.886080689703,AX,23.4383185862711,L1,0.12002478170709,L2,0.0501377680...
setting magnet DAC
current  : 5.869282
requested: 5.870317
Delta Dac: 0.001034
Checking detector protection. dv=0.00103
Checking detector "CDD". Protection Threshold: 0.1 (V)
SetMagnetDAC 5.87031689655 ===>> OK
Magnet settling time: 1.049
Get Checksum: 799532470
GetData ===>> H2,-0.108364706925237,H1,287.3580842522,AX,54.990106660878,L1,0.326682082625263,L2,-0.00963273563...
setting magnet DAC
current  : 5.870317
requested: 5.871351
Delta Dac: 0.001034
Checking detector protection. dv=0.00103
Checking detector "CDD". Protection Threshold: 0.1 (V)
SetMagnetDAC 5.87135137931 ===>> OK
Magnet settling time: 1.049
GetData ===>> H2,-0.0977446271145599,H1,450.780713695288,AX,94.7640919649123,L1,0.693800665165608,L2,0.18071943...
setting magnet DAC
current  : 5.871351
requested: 5.872386
Delta Dac: 0.001034
Checking detector protection. dv=0.00103
Checking detector "CDD". Protection Threshold: 0.1 (V)
SetMagnetDAC 5.87238586207 ===>> OK
Magnet settling time: 1.049
GetData ===>> H2,-0.075569239788654,H1,572.151347395531,AX,129.421442737393,L1,1.08985554075799,L2,0.5201151839...
setting magnet DAC
current  : 5.872386
requested: 5.873420
Delta Dac: 0.001034
Checking detector protection. dv=0.00103
Checking detector "CDD". Protection Threshold: 0.1 (V)
SetMagnetDAC 5.87342034483 ===>> OK
Magnet settling time: 1.049
Get Checksum: 799532470
GetData ===>> H2,-0.210680813551083,H1,632.973061913386,AX,150.899254213736,L1,1.42409514619885,L2,0.7990526595...
setting magnet DAC
current  : 5.873420
requested: 5.874455
Delta Dac: 0.001034
Checking detector protection. dv=0.00103
Checking detector "CDD". Protection Threshold: 0.1 (V)
SetMagnetDAC 5.87445482759 ===>> OK
Magnet settling time: 1.049
GetData ===>> H2,-0.16215290508873,H1,655.019750254948,AX,160.024280046362,L1,1.67064385460788,L2,0.96929440439...
setting magnet DAC
current  : 5.874455
requested: 5.875489
Delta Dac: 0.001034
Checking detector protection. dv=0.00103
Checking detector "CDD". Protection Threshold: 0.1 (V)
SetMagnetDAC 5.87548931034 ===>> OK
Magnet settling time: 1.049
Get Checksum: 799532470
GetData ===>> H2,-0.195245729968353,H1,662.706884201438,AX,163.008793930327,L1,1.93645052482838,L2,1.0311510700...
setting magnet DAC
current  : 5.875489
requested: 5.876524
Delta Dac: 0.001034
Checking detector protection. dv=0.00103
Checking detector "CDD". Protection Threshold: 0.1 (V)
SetMagnetDAC 5.8765237931 ===>> OK
Magnet settling time: 1.049
GetData ===>> H2,-0.138289612998639,H1,662.776090118652,AX,163.642658318403,L1,1.9759678542313,L2,1.02275119176...
setting magnet DAC
current  : 5.876524
requested: 5.877558
Delta Dac: 0.001034
Checking detector protection. dv=0.00103
Checking detector "CDD". Protection Threshold: 0.1 (V)
SetMagnetDAC 5.87755827586 ===>> OK
Magnet settling time: 1.049
GetData ===>> H2,-0.0595390831402624,H1,662.98264270537,AX,163.408417293186,L1,2.03429797641136,L2,1.0194784133...
setting magnet DAC
current  : 5.877558
requested: 5.878593
Delta Dac: 0.001034
Checking detector protection. dv=0.00103
Checking detector "CDD". Protection Threshold: 0.1 (V)
SetMagnetDAC 5.87859275862 ===>> OK
Magnet settling time: 1.049
Get Checksum: 799532470
GetData ===>> H2,-0.0681605910691169,H1,662.612111410328,AX,163.563832406669,L1,2.06910562731137,L2,1.063635977...
setting magnet DAC
current  : 5.878593
requested: 5.879627
Delta Dac: 0.001034
Checking detector protection. dv=0.00103
Checking detector "CDD". Protection Threshold: 0.1 (V)
SetMagnetDAC 5.87962724138 ===>> OK
Magnet settling time: 1.049
GetData ===>> H2,-0.095098204027691,H1,662.364733466973,AX,163.706453685006,L1,2.06572702541059,L2,0.9171709187...
setting magnet DAC
current  : 5.879627
requested: 5.880662
Delta Dac: 0.001034
Checking detector protection. dv=0.00103
Checking detector "CDD". Protection Threshold: 0.1 (V)
SetMagnetDAC 5.88066172414 ===>> OK
Magnet settling time: 1.049
GetData ===>> H2,-0.197212950188775,H1,662.799126942719,AX,163.582532274476,L1,2.09040017746622,L2,1.0031619563...
setting magnet DAC
current  : 5.880662
requested: 5.881696
Delta Dac: 0.001034
Checking detector protection. dv=0.00103
Checking detector "CDD". Protection Threshold: 0.1 (V)
SetMagnetDAC 5.8816962069 ===>> OK
Magnet settling time: 1.049
Get Checksum: 799532470
GetData ===>> H2,-0.0160299216609477,H1,662.44306474733,AX,163.51482922993,L1,2.13635858563885,L2,1.01812813859...
setting magnet DAC
current  : 5.881696
requested: 5.882731
Delta Dac: 0.001034
Checking detector protection. dv=0.00103
Checking detector "CDD". Protection Threshold: 0.1 (V)
SetMagnetDAC 5.88273068966 ===>> OK
Magnet settling time: 1.049
GetData ===>> H2,-0.171441707762942,H1,661.173326120269,AX,162.682101202733,L1,2.10250613274018,L2,0.8888184502...
setting magnet DAC
current  : 5.882731
requested: 5.883765
Delta Dac: 0.001034
Checking detector protection. dv=0.00103
Checking detector "CDD". Protection Threshold: 0.1 (V)
SetMagnetDAC 5.88376517241 ===>> OK
Magnet settling time: 1.049
GetData ===>> H2,-0.225112107975669,H1,657.978596978115,AX,161.054702484906,L1,2.06560014959333,L2,1.0230258355...
setting magnet DAC
current  : 5.883765
requested: 5.884800
Delta Dac: 0.001034
Checking detector protection. dv=0.00103
Checking detector "CDD". Protection Threshold: 0.1 (V)
SetMagnetDAC 5.88479965517 ===>> OK
Magnet settling time: 1.049
Get Checksum: 799532470
GetData ===>> H2,-0.16014351370492,H1,645.992117595536,AX,155.143755846643,L1,2.02344302135147,L2,0.76508621952...
setting magnet DAC
current  : 5.884800
requested: 5.885834
Delta Dac: 0.001034
Checking detector protection. dv=0.00103
Checking detector "CDD". Protection Threshold: 0.1 (V)
SetMagnetDAC 5.88583413793 ===>> OK
Magnet settling time: 1.049
GetData ===>> H2,-0.0719522958819433,H1,609.570840668862,AX,140.737910404383,L1,1.84179840517696,L2,0.729897308...
setting magnet DAC
current  : 5.885834
requested: 5.886869
Delta Dac: 0.001034
Checking detector protection. dv=0.00103
Checking detector "CDD". Protection Threshold: 0.1 (V)
SetMagnetDAC 5.88686862069 ===>> OK
Magnet settling time: 1.049
Get Checksum: 799532470
GetData ===>> H2,-0.295932596884385,H1,462.038557905961,AX,91.2690994990994,L1,1.29955710610267,L2,0.4338114488...
setting magnet DAC
current  : 5.886869
requested: 5.887903
Delta Dac: 0.001034
Checking detector protection. dv=0.00103
Checking detector "CDD". Protection Threshold: 0.1 (V)
SetMagnetDAC 5.88790310345 ===>> OK
Magnet settling time: 1.049
GetData ===>> H2,-0.190866593668382,H1,290.933360295462,AX,48.8487026725257,L1,0.908314748887407,L2,0.065222965...
setting magnet DAC
current  : 5.887903
requested: 5.888938
Delta Dac: 0.001034
Checking detector protection. dv=0.00103
Checking detector "CDD". Protection Threshold: 0.1 (V)
SetMagnetDAC 5.88893758621 ===>> OK
Magnet settling time: 1.049
GetData ===>> H2,-0.181836347172347,H1,142.581347490063,AX,20.151517969911,L1,0.593648164963239,L2,0.0455124211...
setting magnet DAC
current  : 5.888938
requested: 5.889972
Delta Dac: 0.001034
Checking detector protection. dv=0.00103
Checking detector "CDD". Protection Threshold: 0.1 (V)
SetMagnetDAC 5.88997206897 ===>> OK
Magnet settling time: 1.049
Get Checksum: 799532470
GetData ===>> H2,-0.201328334231135,H1,55.2210253438653,AX,6.54109098538331,L1,0.366954972968934,L2,0.089131721...
setting magnet DAC
current  : 5.889972
requested: 5.891007
Delta Dac: 0.001034
Checking detector protection. dv=0.00103
Checking detector "CDD". Protection Threshold: 0.1 (V)
SetMagnetDAC 5.89100655172 ===>> OK
Magnet settling time: 1.049
GetData ===>> H2,-0.247859108970951,H1,17.3023441138964,AX,1.56819304036854,L1,0.203091921829181,L2,-0.01614509...
setting magnet DAC
current  : 5.891007
requested: 5.892041
Delta Dac: 0.001034
Checking detector protection. dv=0.00103
Checking detector "CDD". Protection Threshold: 0.1 (V)
SetMagnetDAC 5.89204103448 ===>> OK
Magnet settling time: 1.049
GetData ===>> H2,-0.30822164408044,H1,4.49241641041402,AX,0.338517663753444,L1,0.0912521946617703,L2,-0.0057159...
setting magnet DAC
current  : 5.892041
requested: 5.893076
Delta Dac: 0.001034
Checking detector protection. dv=0.00103
Checking detector "CDD". Protection Threshold: 0.1 (V)
SetMagnetDAC 5.89307551724 ===>> OK
Magnet settling time: 1.049
Get Checksum: 799532470
GetData ===>> H2,-0.186218977928421,H1,1.00178052143847,AX,-0.0682926256476759,L1,0.0723082960585296,L2,0.02888...
setting magnet DAC
current  : 5.893076
requested: 5.894110
Delta Dac: 0.001034
Checking detector protection. dv=0.00103
Checking detector "CDD". Protection Threshold: 0.1 (V)
SetMagnetDAC 5.89411 ===>> OK
Magnet settling time: 1.049
GetData ===>> H2,-0.125895554589879,H1,0.0011544933242515,AX,-0.173867482721767,L1,0.0658854132544031,L2,0.0315...
result of _do_sweep=True
result of _calculate_peak_center=([5.8717152104208425, 5.8792001803607228, 5.8866851503006021], [493.46717905481938, 662.97595977620085, 488.20410304531299], 5.8775769338677364, 662.97595977620085)
Failed to find a valid peak. No peak greater than 1.0. max = 0.0267564404218
new center pos Detector(H1) (Ar40) @ 5.87920018036
GetHighVoltage ===>> 4500
GetDeflection H1 ===>> 0
dac uncorrected for HV and deflection 5.87920018036
update mftable H1 Ar40 5.87920018036 message=automated run peakcenter
get initial guess parabolic
get initial guess parabolic
get initial guess parabolic
get initial guess parabolic
get initial guess parabolic
get initial guess parabolic
dump mftable to /Users/jan/PychronDev/setupfiles/spectrometer/mftables/mftable.csv
add to repo msg=modified - automated run peakcenter
locally archiving mftable
setting magnet DAC
current  : 5.894110
requested: 5.879200
Delta Dac: 0.014910
Checking detector protection. dv=0.01491
Checking detector "CDD". Protection Threshold: 0.1 (V)
Get Checksum: 799532470
SetMagnetDAC 5.87920018036 ===>> OK
Magnet settling time: 0.500
sweep finished
setting integration time = 1.048576
SetIntegrationTime 1.048576 ===>> OK
Failed to find a valid peak. No peak greater than 1.0. max = 0.0267564404218
flush and close file /Users/jan/PychronDev/data/isotopes/d1/6d2a0a-94a9-4cbb-8794-6e48f7c86fb1.h5
finished measure script
executed 226.132928
jan_unknown120_60.py completed successfully
Measurement Finished
20:44:31 -- ******* Measurement Finished *******
Post Measurement Started jan_pump_ms.py
20:44:31 -- ******* Post Measurement Started jan_pump_ms.py *******
testing...
no interpolation path defined
executed 0
Pumping spectrometer
open () {'name': 'O'}
opening name=O desc=---
checking ownership. requestor=129.138.12.150
check software interlocks O
interlocks []
actuate state mode=None-script, software_lock=False
doing actuation None-script open_channel True
Open O ===>> OK
GetIndicatorState O ===>> OK
change switch state (True, True)
update switch state O True args=() kw={} ncanvase=2
20:44:31 -- OPEN   VALVE-O (Jan Ion Pump)
---------------------------------------- open O () result=[(True, True)], time=0.12 sec
action=open, ok=True, locked=[False]
executed 0
jan_pump_ms.py completed successfully
setting _ms_pumptime
Post Measurement Finished
20:44:31 -- ******* Post Measurement Finished *******
$$$$$$$$$$$$$$$$$$$$ state at run end measurement
state changed from measurement to success
post measurement save measured=True aborted=False
Set filtering
setting fod for Ar40= {'filter_outliers': True, 'std_devs': 2, 'iterations': 1}
setting fod for H1= {'filter_outliers': True, 'std_devs': 2, 'iterations': 1}
setting fod for PM41= {'filter_outliers': False, 'std_devs': 2, 'iterations': 1}
setting fod for H2= {'filter_outliers': True, 'std_devs': 2, 'iterations': 1}
setting fod for Ar36= {'filter_outliers': True, 'std_devs': 2, 'iterations': 1}
setting fod for CDD= {'filter_outliers': True, 'std_devs': 10, 'iterations': 1}
setting fod for Ar37= {'filter_outliers': True, 'std_devs': 2, 'iterations': 1}
setting fod for L2= {'filter_outliers': True, 'std_devs': 2, 'iterations': 1}
setting fod for Ar38= {'filter_outliers': True, 'std_devs': 2, 'iterations': 1}
setting fod for L1= {'filter_outliers': True, 'std_devs': 2, 'iterations': 1}
setting fod for Ar39= {'filter_outliers': True, 'std_devs': 2, 'iterations': 1}
setting fod for AX= {'filter_outliers': True, 'std_devs': 2, 'iterations': 1}
persistence save...
persistence save - db
post measurement save
5521560880 connecting to database sqlite:////Users/jan/PychronDev/.appdata/local_lab.db
connected to db sqlite:////Users/jan/PychronDev/.appdata/local_lab.db
create new session 5521560880
close session 5521560880
No database instance. Not saving post measurement to isotopedb database
$$$$$$$$$$$$$$$ auto_save_detector_ic=False
massspec enabled True
create new session 5019860144
MassSpec Database Version: 16.0
close session 5019860144
saving post measurement to secondary database
saving to massspec database 129.138.12.160/massspecdata
setting labnumber to 65574
setting aliquot to 10
setting step to 
setting uuid to d16d2a0a-94a9-4cbb-8794-6e48f7c86fb1
setting irradpos to 65574
setting extract_device to Fusions CO2
setting tray to 
setting position to 76
setting power_requested to 5.0
setting extract_value to 5.0
setting duration to 30.0
setting duration_at_request to 30.0
setting first_stage_delay to 30.0
setting cleanup to 30.0
setting comment to M:18 w/o inclusions
setting irradiation to NM-289
setting level to M
setting irradiation_level to M
setting sample to NM-2607 WO
setting material to Sanidine
setting project to JoyitaHills
setting mass_spectrometer to Jan
no attribute chron_dosages
no attribute production_ratios
no attribute interference_corrections
no attribute production_name
no attribute j
Reference Isotope=Ar40
Reference Detector=H1
%%%%%%%%%%%%%%%%%%%% Comment: M:18 w/o inclusions %%%%%%%%%%%%%%%%%%%
adding isotope PM41 H2
add baseline dbdet= PM41. original det= H2
get baseline data PM41 H2
Get data baseline <pychron.processing.isotope.Baseline object at 0x1564c4c50> len t=60
baseline PM41. v=-0.201613080691, e=0.0077430594072
get signal data PM41 H2
Get data signal PM41 0.07+/-0.06 len t=120
adding isotope Ar40 H1
add baseline dbdet= Ar40. original det= H1
get baseline data Ar40 H1
Get data baseline <pychron.processing.isotope.Baseline object at 0x1564c4e50> len t=60
baseline Ar40. v=-0.00523796522987, e=0.00469384492236
get signal data Ar40 H1
Get data signal Ar40 729.03+/-0.05 len t=120
adding isotope Ar39 AX
add baseline dbdet= Ar39. original det= AX
get baseline data Ar39 AX
Get data baseline <pychron.processing.isotope.Baseline object at 0x1564d2050> len t=60
baseline Ar39. v=-0.0696014196051, e=0.00673266530814
get signal data Ar39 AX
Get data signal Ar39 179.918+/-0.028 len t=120
adding isotope Ar38 L1
add baseline dbdet= Ar38. original det= L1
get baseline data Ar38 L1
Get data baseline <pychron.processing.isotope.Baseline object at 0x1564d2210> len t=60
baseline Ar38. v=-0.0243051208843, e=0.00338009070385
get signal data Ar38 L1
Get data signal Ar38 2.347+/-0.005 len t=120
adding isotope Ar37 L2
add baseline dbdet= Ar37. original det= L2
get baseline data Ar37 L2
Get data baseline <pychron.processing.isotope.Baseline object at 0x1564d23d0> len t=60
baseline Ar37. v=-0.035973040342, e=0.00576209871084
get signal data Ar37 L2
Get data signal Ar37 1.172+/-0.010 len t=120
adding isotope Ar36 CDD
add baseline dbdet= Ar36. original det= CDD
get baseline data Ar36 CDD
Get data baseline <pychron.processing.isotope.Baseline object at 0x1564d2590> len t=60
baseline Ar36. v=0.000153827592758, e=1.73225168226e-05
get signal data Ar36 CDD
Get data signal Ar36 0.01434+/-0.00031 len t=120
65574-10 added analysis time 0.508279085159s
analysis added to mass spec database
mass spec save time= 0.518
persistence save - dvc
================= post measurement started
create new session 4983587952
close session 4983587952
---------------- Experiment Queue saving disabled
DVC saving peakcenter
Failed to find a valid peak. No peak greater than 1.0. max = 0.0267564404218
Get Checksum: 2035211824
Smart pull ahead: 0 behind: 0
Up-to-date with origin
add to repo msg=modified - ad8224ebc6dbfeb9f5997218dfa5fe690569839d.json
add to repo msg=modified - 74-10.json
add to repo msg=modified - 74-10.dat.json
add to repo msg=modified - 74-10.blan.json
add to repo msg=modified - 74-10.inte.json
add to repo msg=modified - 74-10.icfa.json
add to repo msg=modified - 74-10.base.json
not at valid file /Users/jan/PychronDev/data/.dvc/repositories/Load1785/655/tags/74-10.tags.json
add to repo msg=modified - 74-10.peak.json
add to repo msg=modified - 74-10.extr.json
not at valid file /Users/jan/PychronDev/data/.dvc/repositories/Load1785/655/monitor/74-10.moni.json
commit message=<COLLECTION>
add to repo msg=modified - 74-10.inte.json
add to repo msg=modified - 74-10.base.json
commit message=<ISOEVO> default collection fits
Get Checksum: 2035211824
add to repo msg=modified - 74-10.blan.json
commit message=<BLANKS> preceding bu-FC-J-7504
add to repo msg=modified - 74-10.icfa.json
commit message=<ICFactor> default
push repository <pychron.git_archive.repo_manager.GitRepoManager object at 0x150b5d6b0>
pushing to remote=origin, url=https://github.com
Get Checksum: 2035211824
no changes to meta repo
Get Checksum: 2035211824
create new session 4983587952
add association Load1785
get identifier "65574"
setting analysis irradiation position=<pychron.dvc.dvc_orm.IrradiationPositionTbl object at 0x13cba9f10>
close session 4983587952
================= post measurement finished
20:44:43 -- ******* Post Run Check *******
loading queue conditionals post_run_actions
loading system conditionals post_run_actions
loading conditionals from /Users/jan/PychronDev/setupfiles/spectrometer/default_conditionals.yaml
loading queue conditionals post_run_terminations
loading system conditionals post_run_terminations
loading conditionals from /Users/jan/PychronDev/setupfiles/spectrometer/default_conditionals.yaml
Checking default post run terminations n=1
GetDeflection CDD ===>> 50
testing CDD==2000
evaluate ot="CDD.deflection==2000" t="CDD==2000", ctx="{'CDD': 50.0}"
20:44:43 -- ******* Post Run Check Passed *******
20:44:43 -- Automated run 65574-10 success duration: 362.115 s
----------------- finish -----------------
----------------- stop -----------------
retroactive repository identifiers disabled
finish run. runs completed=40
update duration runid=65574-10, duration=362.115092039, md5=301e91d8
loading script "jan_unknown400_120.py"
loading script "jan_pump_ms.py"
loading script "jan_cocktail_x1.py"
loading script "jan_pump_extraction_line.py"
testing...
no interpolation path defined
executed 556.052928
script duration name:unknown400_120 seconds:556.0
loading script "jan_unknown400_120.py"
loading script "jan_pump_ms.py"
loading script "jan_cocktail_x1.py"
loading script "jan_pump_extraction_line.py"
testing...
no interpolation path defined
executed 0
loading script "jan_unknown400_120.py"
loading script "jan_pump_ms.py"
loading script "jan_cocktail_x1.py"
loading script "jan_pump_extraction_line.py"
testing...
no interpolation path defined
calculate duration
testing...
no interpolation path defined
executed 0
calculate duration
testing...
no interpolation path defined
executed 0
calculate duration
testing...
no interpolation path defined
executed 32.0
calculate duration
testing...
no interpolation path defined
executed 34.0
calculate duration
testing...
no interpolation path defined
executed 4.0
calculate duration
testing...
no interpolation path defined
executed 38.0
executed 108.0
script duration name:cocktail_x1 seconds:108.0
loading script "jan_unknown400_120.py"
loading script "jan_pump_ms.py"
loading script "jan_cocktail_x1.py"
loading script "jan_pump_extraction_line.py"
testing...
no interpolation path defined
calculate duration
testing...
no interpolation path defined
executed 4.0
executed 4.0
Script duration 664.0
Run total estimated duration= 665.000
loading script "jan_unknown120_60.py"
loading script "jan_pump_ms.py"
loading script "jan_co2.py"
loading script "jan_pump_extraction_line.py"
testing...
no interpolation path defined
executed 213.652928
script duration name:unknown120_60 seconds:214.0
pump_ms in script context. using previous estimated duration
loading script "jan_unknown120_60.py"
loading script "jan_pump_ms.py"
loading script "jan_co2.py"
loading script "jan_pump_extraction_line.py"
testing...
no interpolation path defined
calculate duration
testing...
no interpolation path defined
executed 0
calculate duration
testing...
no interpolation path defined
executed 0
executed 0.0
script duration name:co2 seconds:0.0
pump_extraction_line in script context. using previous estimated duration
Script duration 214.0
Run total estimated duration= 215.000
unknown120_60 in script context. using previous estimated duration
script duration name:unknown120_60 seconds:214.0
co2 in script context. using previous estimated duration
script duration name:co2 seconds:0.0
Script duration 214.0
Run total estimated duration= 215.000
script duration name:unknown120_60 seconds:214.0
script duration name:co2 seconds:0.0
Script duration 214.0
Run total estimated duration= 215.000
script duration name:unknown120_60 seconds:214.0
script duration name:co2 seconds:0.0
Script duration 214.0
Run total estimated duration= 215.000
script duration name:unknown120_60 seconds:214.0
script duration name:co2 seconds:0.0
Script duration 214.0
Run total estimated duration= 215.000
script duration name:unknown120_60 seconds:214.0
script duration name:co2 seconds:0.0
Script duration 214.0
Run total estimated duration= 215.000
script duration name:unknown120_60 seconds:214.0
script duration name:co2 seconds:0.0
Script duration 214.0
Run total estimated duration= 215.000
script duration name:unknown120_60 seconds:214.0
script duration name:co2 seconds:0.0
Script duration 214.0
Run total estimated duration= 215.000
script duration name:unknown120_60 seconds:214.0
script duration name:co2 seconds:0.0
Script duration 214.0
Run total estimated duration= 215.000
script duration name:unknown120_60 seconds:214.0
script duration name:co2 seconds:0.0
Script duration 214.0
Run total estimated duration= 215.000
unknown400_120 in script context. using previous estimated duration
script duration name:unknown400_120 seconds:556.0
script duration name:co2 seconds:0.0
Script duration 556.0
Run total estimated duration= 557.000
script duration name:unknown400_120 seconds:556.0
loading script "jan_unknown400_120.py"
loading script "jan_pump_ms.py"
loading script "jan_sniffair_x2.py"
loading script "jan_pump_extraction_line.py"
testing...
no interpolation path defined
calculate duration
testing...
no interpolation path defined
executed 0
calculate duration
testing...
no interpolation path defined
executed 0
calculate duration
testing...
no interpolation path defined
executed 32.0
calculate duration
testing...
no interpolation path defined
executed 34.0
calculate duration
testing...
no interpolation path defined
executed 4.0
calculate duration
testing...
no interpolation path defined
executed 36.0
calculate duration
testing...
no interpolation path defined
executed 34.0
calculate duration
testing...
no interpolation path defined
executed 4.0
calculate duration
testing...
no interpolation path defined
executed 36.0
calculate duration
testing...
no interpolation path defined
executed 70.0
executed 250.0
script duration name:sniffair_x2 seconds:250.0
Script duration 806.0
Run total estimated duration= 807.000
loading script "jan_ic_peak_hop3.py"
loading script "jan_pump_ms.py"
loading script "jan_air_x1.py"
loading script "jan_pump_extraction_line.py"
testing...
no interpolation path defined
executed 133.8
script duration name:ic_peak_hop3 seconds:134.0
loading script "jan_ic_peak_hop3.py"
loading script "jan_pump_ms.py"
loading script "jan_air_x1.py"
loading script "jan_pump_extraction_line.py"
testing...
no interpolation path defined
calculate duration
testing...
no interpolation path defined
executed 0
calculate duration
testing...
no interpolation path defined
executed 0
calculate duration
testing...
no interpolation path defined
executed 32.0
calculate duration
testing...
no interpolation path defined
executed 34.0
calculate duration
testing...
no interpolation path defined
executed 4.0
calculate duration
testing...
no interpolation path defined
executed 36.0
executed 106.0
script duration name:air_x1 seconds:106.0
Script duration 240.0
Run total estimated duration= 241.000
script duration name:unknown120_60 seconds:214.0
script duration name:co2 seconds:0.0
Script duration 214.0
Run total estimated duration= 215.000
script duration name:unknown120_60 seconds:214.0
script duration name:co2 seconds:0.0
Script duration 214.0
Run total estimated duration= 215.000
script duration name:unknown120_60 seconds:214.0
script duration name:co2 seconds:0.0
Script duration 214.0
Run total estimated duration= 215.000
script duration name:unknown120_60 seconds:214.0
script duration name:co2 seconds:0.0
Script duration 214.0
Run total estimated duration= 215.000
script duration name:unknown120_60 seconds:214.0
script duration name:co2 seconds:0.0
Script duration 214.0
Run total estimated duration= 215.000
script duration name:unknown120_60 seconds:214.0
script duration name:co2 seconds:0.0
Script duration 214.0
Run total estimated duration= 215.000
script duration name:unknown120_60 seconds:214.0
script duration name:co2 seconds:0.0
Script duration 214.0
Run total estimated duration= 215.000
script duration name:unknown120_60 seconds:214.0
script duration name:co2 seconds:0.0
Script duration 214.0
Run total estimated duration= 215.000
script duration name:unknown120_60 seconds:214.0
script duration name:co2 seconds:0.0
Script duration 214.0
Run total estimated duration= 215.000
script duration name:unknown120_60 seconds:214.0
script duration name:co2 seconds:0.0
Script duration 214.0
Run total estimated duration= 215.000
script duration name:unknown400_120 seconds:556.0
cocktail_x1 in script context. using previous estimated duration
script duration name:cocktail_x1 seconds:108.0
Script duration 664.0
Run total estimated duration= 665.000
script duration name:unknown120_60 seconds:214.0
script duration name:co2 seconds:0.0
Script duration 214.0
Run total estimated duration= 215.000
script duration name:unknown120_60 seconds:214.0
script duration name:co2 seconds:0.0
Script duration 214.0
Run total estimated duration= 215.000
script duration name:unknown120_60 seconds:214.0
script duration name:co2 seconds:0.0
Script duration 214.0
Run total estimated duration= 215.000
script duration name:unknown120_60 seconds:214.0
script duration name:co2 seconds:0.0
Script duration 214.0
Run total estimated duration= 215.000
script duration name:unknown120_60 seconds:214.0
script duration name:co2 seconds:0.0
Script duration 214.0
Run total estimated duration= 215.000
script duration name:unknown400_120 seconds:556.0
script duration name:co2 seconds:0.0
Script duration 556.0
Run total estimated duration= 557.000
script duration name:unknown120_60 seconds:214.0
script duration name:co2 seconds:0.0
Script duration 214.0
Run total estimated duration= 215.000
script duration name:unknown120_60 seconds:214.0
script duration name:co2 seconds:0.0
Script duration 214.0
Run total estimated duration= 215.000
script duration name:unknown120_60 seconds:214.0
script duration name:co2 seconds:0.0
Script duration 214.0
Run total estimated duration= 215.000
script duration name:unknown120_60 seconds:214.0
script duration name:co2 seconds:0.0
Script duration 214.0
Run total estimated duration= 215.000
script duration name:unknown120_60 seconds:214.0
script duration name:co2 seconds:0.0
Script duration 214.0
Run total estimated duration= 215.000
script duration name:unknown120_60 seconds:214.0
script duration name:co2 seconds:0.0
Script duration 214.0
Run total estimated duration= 215.000
script duration name:unknown120_60 seconds:214.0
script duration name:co2 seconds:0.0
Script duration 214.0
Run total estimated duration= 215.000
script duration name:unknown120_60 seconds:214.0
script duration name:co2 seconds:0.0
Script duration 214.0
Run total estimated duration= 215.000
script duration name:unknown120_60 seconds:214.0
script duration name:co2 seconds:0.0
Script duration 214.0
Run total estimated duration= 215.000
script duration name:unknown120_60 seconds:214.0
script duration name:co2 seconds:0.0
Script duration 214.0
Run total estimated duration= 215.000
script duration name:unknown120_60 seconds:214.0
script duration name:co2 seconds:0.0
Script duration 214.0
Run total estimated duration= 215.000
script duration name:unknown120_60 seconds:214.0
script duration name:co2 seconds:0.0
Script duration 214.0
Run total estimated duration= 215.000
script duration name:unknown120_60 seconds:214.0
script duration name:co2 seconds:0.0
Script duration 214.0
Run total estimated duration= 215.000
script duration name:unknown120_60 seconds:214.0
script duration name:co2 seconds:0.0
Script duration 214.0
Run total estimated duration= 215.000
script duration name:unknown120_60 seconds:214.0
script duration name:co2 seconds:0.0
Script duration 214.0
Run total estimated duration= 215.000
script duration name:unknown400_120 seconds:556.0
script duration name:co2 seconds:0.0
Script duration 556.0
Run total estimated duration= 557.000
script duration name:unknown400_120 seconds:556.0
script duration name:cocktail_x1 seconds:108.0
Script duration 664.0
Run total estimated duration= 665.000
script duration name:unknown400_120 seconds:556.0
script duration name:cocktail_x1 seconds:108.0
Script duration 664.0
Run total estimated duration= 665.000
script duration name:unknown400_120 seconds:556.0
sniffair_x2 in script context. using previous estimated duration
script duration name:sniffair_x2 seconds:250.0
Script duration 806.0
Run total estimated duration= 807.000
ic_peak_hop3 in script context. using previous estimated duration
script duration name:ic_peak_hop3 seconds:134.0
air_x1 in script context. using previous estimated duration
script duration name:air_x1 seconds:106.0
Script duration 240.0
Run total estimated duration= 241.000
script duration name:unknown120_60 seconds:214.0
script duration name:co2 seconds:0.0
Script duration 214.0
Run total estimated duration= 215.000
script duration name:unknown120_60 seconds:214.0
script duration name:co2 seconds:0.0
Script duration 214.0
Run total estimated duration= 215.000
script duration name:unknown120_60 seconds:214.0
script duration name:co2 seconds:0.0
Script duration 214.0
Run total estimated duration= 215.000
script duration name:unknown120_60 seconds:214.0
script duration name:co2 seconds:0.0
Script duration 214.0
Run total estimated duration= 215.000
script duration name:unknown120_60 seconds:214.0
script duration name:co2 seconds:0.0
Script duration 214.0
Run total estimated duration= 215.000
script duration name:unknown120_60 seconds:214.0
script duration name:co2 seconds:0.0
Script duration 214.0
Run total estimated duration= 215.000
script duration name:unknown120_60 seconds:214.0
script duration name:co2 seconds:0.0
Script duration 214.0
Run total estimated duration= 215.000
script duration name:unknown120_60 seconds:214.0
script duration name:co2 seconds:0.0
Script duration 214.0
Run total estimated duration= 215.000
script duration name:unknown120_60 seconds:214.0
script duration name:co2 seconds:0.0
Script duration 214.0
Run total estimated duration= 215.000
script duration name:unknown120_60 seconds:214.0
script duration name:co2 seconds:0.0
Script duration 214.0
Run total estimated duration= 215.000
script duration name:unknown120_60 seconds:214.0
script duration name:co2 seconds:0.0
Script duration 214.0
Run total estimated duration= 215.000
nruns=62 before=5.0, run_dur=17392.0, btw=1830.0
write rem/ex queues
/Users/jan/PychronDev/experiments/rem/CurrentExperimentPartial.rem.txt
/Users/jan/PychronDev/experiments/rem/CurrentExperimentPartial.ex.txt
doing event level: 3
