do run
loading script "jan_unknown120_60.py"
loading script "jan_pump_ms.py"
loading script "jan_co2.py"
loading script "jan_pump_extraction_line.py"
testing...
no interpolation path defined
executed 213.652928
script duration name:unknown120_60 seconds:214.0
loading script "jan_unknown120_60.py"
loading script "jan_pump_ms.py"
loading script "jan_co2.py"
loading script "jan_pump_extraction_line.py"
testing...
no interpolation path defined
executed 0
loading script "jan_unknown120_60.py"
loading script "jan_pump_ms.py"
loading script "jan_co2.py"
loading script "jan_pump_extraction_line.py"
testing...
no interpolation path defined
calculate duration
testing...
no interpolation path defined
executed 0
calculate duration
testing...
no interpolation path defined
executed 0
executed 0.0
script duration name:co2 seconds:0.0
loading script "jan_unknown120_60.py"
loading script "jan_pump_ms.py"
loading script "jan_co2.py"
loading script "jan_pump_extraction_line.py"
testing...
no interpolation path defined
calculate duration
testing...
no interpolation path defined
executed 4.0
executed 4.0
Script duration 214.0
Run total estimated duration= 215.000
run duration: 0:03:35
doing event level: 2
20:57:42 -- Setting default integration. t=1.048576
setting integration time = 1.048576
SetIntegrationTime 1.048576 ===>> OK
----------------- start -----------------
**************** Experiment Type: Ar/Ar, Ar/Ar
create new session 4993924272
close session 4993924272
$$$$$ Clearing conditionals
adding conditionals 
Add queue conditionals
add default conditionals
adding default conditionals from /Users/jan/PychronDev/setupfiles/spectrometer/default_conditionals.yaml
Start automated run 65574-11
loading script "jan_unknown120_60.py"
loading script "jan_pump_ms.py"
loading script "jan_co2.py"
loading script "jan_pump_extraction_line.py"
%%%%%%%%%%%%%%%%%% setting automated run 65574-11
No value "sensitivity_multiplier" in metadata
$$$$$$$$$$$$$$$ auto_save_detector_ic=False
============================= Pre Extraction Check =============================
loading queue conditionals pre_run_terminations
loading system conditionals pre_run_terminations
loading conditionals from /Users/jan/PychronDev/setupfiles/spectrometer/default_conditionals.yaml
20:57:42 -- ******* Pre Extraction Check *******
Get a measurement from the spectrometer
GetData ===>> H2,-0.28272457067875,H1,-0.0150672526047611,AX,0.00843453753977897,L1,-0.00183007467787435,L2,-0....
Pre Extraction Termination data. keys=H2,H1,AX,L1,L2,CDD, signals=-0.28272,-0.01507,0.00843,-0.00183,-0.05916,0.00342
20:57:42 -- testing system defined conditionals
Checking default pre extraction terminations n=2
testing CDD
evaluate ot="CDD.inactive" t="CDD", ctx="{'CDD': False}"
GetDeflection CDD ===>> 50
testing CDD==2000
evaluate ot="CDD.deflection==2000" t="CDD==2000", ctx="{'CDD': 50.0}"
20:57:42 -- ******* Pre Extraction Check Passed *******
=================================================================================
20:57:42 -- stopping status monitor
stop 4977824688
Alive clients [4983939824]
20:57:42 -- starting status monitor
start 4977824688
Monitor already running
start extraction
do extraction
Analysis started at 20:57:43.006167
Extraction Started jan_co2.py
20:57:43 -- ******* Extraction Started jan_co2.py *******
state changed from not run to extraction
DO EXTRACTION <pychron.extraction_line.pyscript_runner.RemotePyScriptRunner object at 0x12c3c43b0>
testing...
no interpolation path defined
calculate duration
testing...
no interpolation path defined
executed 0
calculate duration
testing...
no interpolation path defined
executed 0
executed 100.0
Jan CO2 laser analysis
doing GOSUB
testing...
no interpolation path defined
executed 0
Waiting for CO2 access
wait ('FelixCO2Flag', 0) {}
waiting for FelixCO2Flag = 0
Read FelixCO2Flag ===>> 0
finished waiting
CO2 free
wait ('CO2PumpTimeFlag', 0) {}
waiting for CO2PumpTimeFlag = 0
Read CO2PumpTimeFlag ===>> 0
finished waiting
acquire ('JanCO2Flag',) {'clear': True}
acquire JanCO2Flag
Set JanCO2Flag 1 ===>> OK
JanCO2Flag acquired
set extraction state False (0.75, 'red', 1.5)
CO2 acquired
executed 0
WaitForCO2Access.py completed successfully
gosub finished
doing GOSUB
testing...
no interpolation path defined
executed 0
Prepare for CO2 analysis
close () {'description': 'Jan Inlet'}
closing name=--- desc=Jan Inlet
checking ownership. requestor=129.138.12.150
check software interlocks R
interlocks []
actuate state mode=None-script, software_lock=False
doing actuation None-script close_channel False
Close R ===>> OK
GetIndicatorState R ===>> False
change switch state (True, True)
update switch state R False args=() kw={} ncanvase=2
20:57:43 -- CLOSE  VALVE-R (Jan Inlet)
---------------------------------------- close None (Jan Inlet) result=[(True, True)]
action=close, ok=True, locked=[False]
open () {'description': 'Jan Ion Pump'}
opening name=--- desc=Jan Ion Pump
checking ownership. requestor=129.138.12.150
check software interlocks O
interlocks []
actuate state mode=None-script, software_lock=False
doing actuation None-script open_channel False
Open O ===>> OK
GetIndicatorState O ===>> OK
change switch state (True, True)
update switch state O True args=() kw={} ncanvase=2
20:57:43 -- OPEN   VALVE-O (Jan Ion Pump)
---------------------------------------- open None (Jan Ion Pump) result=[(True, True)], time=0.08 sec
action=open, ok=True, locked=[False]
close () {'description': 'Microbone to Minibone'}
closing name=--- desc=Microbone to Minibone
checking ownership. requestor=129.138.12.150
check software interlocks L
interlocks []
actuate state mode=None-script, software_lock=False
doing actuation None-script close_channel False
Close L ===>> OK
GetIndicatorState L ===>> False
change switch state (True, True)
update switch state L False args=() kw={} ncanvase=2
20:57:44 -- CLOSE  VALVE-L (Microbone to Minibone)
---------------------------------------- close None (Microbone to Minibone) result=[(True, True)]
Get Checksum: 2035439760
action=close, ok=True, locked=[False]
open () {'description': 'Microbone to Turbo'}
opening name=--- desc=Microbone to Turbo
checking ownership. requestor=129.138.12.150
check software interlocks U
interlocks []
actuate state mode=None-script, software_lock=False
doing actuation None-script open_channel False
Open U ===>> OK
GetIndicatorState U ===>> OK
change switch state (True, True)
update switch state U True args=() kw={} ncanvase=2
20:57:44 -- OPEN   VALVE-U (Microbone to Turbo)
---------------------------------------- open None (Microbone to Turbo) result=[(True, True)], time=0.14 sec
action=open, ok=True, locked=[False]
open () {'description': 'Microbone to Inlet Pipette'}
opening name=--- desc=Microbone to Inlet Pipette
checking ownership. requestor=129.138.12.150
check software interlocks S
interlocks []
actuate state mode=None-script, software_lock=False
doing actuation None-script open_channel False
Open S ===>> OK
GetIndicatorState S ===>> OK
change switch state (True, True)
update switch state S True args=() kw={} ncanvase=2
20:57:45 -- OPEN   VALVE-S (Microbone to Inlet Pipette)
---------------------------------------- open None (Microbone to Inlet Pipette) result=[(True, True)], time=0.43 sec
action=open, ok=True, locked=[False]
open () {'description': 'Microbone to Getter D-50'}
opening name=--- desc=Microbone to Getter D-50
checking ownership. requestor=129.138.12.150
check software interlocks K
interlocks []
actuate state mode=None-script, software_lock=False
doing actuation None-script open_channel False
Open K ===>> OK
GetIndicatorState K ===>> OK
change switch state (True, True)
update switch state K True args=() kw={} ncanvase=2
20:57:46 -- OPEN   VALVE-K (Microbone to Getter D-50)
---------------------------------------- open None (Microbone to Getter D-50) result=[(True, True)], time=0.42 sec
action=open, ok=True, locked=[False]
open () {'description': 'Microbone to Getter NP-10'}
opening name=--- desc=Microbone to Getter NP-10
checking ownership. requestor=129.138.12.150
check software interlocks M
interlocks []
actuate state mode=None-script, software_lock=False
doing actuation None-script open_channel False
Open M ===>> OK
GetIndicatorState M ===>> OK
change switch state (True, True)
update switch state M True args=() kw={} ncanvase=2
20:57:46 -- OPEN   VALVE-M (Microbone to Getter NP-10)
---------------------------------------- open None (Microbone to Getter NP-10) result=[(True, True)], time=0.15 sec
action=open, ok=True, locked=[False]
close () {'description': 'CO2 Laser to Felix'}
closing name=--- desc=CO2 Laser to Felix
checking ownership. requestor=129.138.12.150
check software interlocks F
interlocks []
actuate state mode=None-script, software_lock=True
VALVE-F(CO2 Laser to Felix) software locked
change switch state (True, False)
---------------------------------------- close None (CO2 Laser to Felix) result=[(True, False)]
action=close, ok=True, locked=[True]
open () {'description': 'CO2 Laser to Jan'}
opening name=--- desc=CO2 Laser to Jan
checking ownership. requestor=129.138.12.150
check software interlocks A
interlocks []
actuate state mode=None-script, software_lock=False
doing actuation None-script open_channel False
Open A ===>> OK
GetIndicatorState A ===>> OK
change switch state (True, True)
update switch state A True args=() kw={} ncanvase=2
20:57:47 -- OPEN   VALVE-A (CO2 Laser to Jan)
---------------------------------------- open None (CO2 Laser to Jan) result=[(True, True)], time=0.12 sec
action=open, ok=True, locked=[False]
open () {'description': 'Microbone to CO2 Laser'}
opening name=--- desc=Microbone to CO2 Laser
checking ownership. requestor=129.138.12.150
check software interlocks T
interlocks []
actuate state mode=None-script, software_lock=False
doing actuation None-script open_channel False
Open T ===>> OK
GetIndicatorState T ===>> OK
change switch state (True, True)
update switch state T True args=() kw={} ncanvase=2
Get Checksum: 2035439760
20:57:47 -- OPEN   VALVE-T (Microbone to CO2 Laser)
---------------------------------------- open None (Microbone to CO2 Laser) result=[(True, True)], time=0.46 sec
action=open, ok=True, locked=[False]
executed 0
PrepareForCO2Analysis.py completed successfully
gosub finished
set_motor ('beam', '1.25') {}
setting motor "beam" to 1.25
set motor beam to 1.25
SetMotor beam,1.25 ===>> OK
GetMotorMoving beam ===>> False
GetMotorMoving beam ===>> False
Block completed
move_to_position ('77',) {'autocenter': True}
FusionsCO2 move to position 77
sending GoToHole 77,True
GoToHole 77,True ===>> OK
GetDriveMoving ===>> OK
GetDriveMoving ===>> OK
GetDriveMoving ===>> OK
GetDriveMoving ===>> False
Get Checksum: 2035439760
GetDriveMoving ===>> OK
GetDriveMoving ===>> OK
GetDriveMoving ===>> OK
GetDriveMoving ===>> OK
GetDriveMoving ===>> OK
GetDriveMoving ===>> False
Block completed
GetAutoCorrecting ===>> False
GetAutoCorrecting ===>> False
Block completed
update position
GetPosition ===>> 0.00000,3.98780,1.00000
got position (0.0, 3.9878, 1.0)
move to position succeeded
sleep (5,) {}
SLEEP 5.0
block started
WaitControl setup for 5.0  
Get Checksum: 2035439760
Get Checksum: 2035439760
Join finished
block finished. duration 5.01565003395
close () {'description': 'Microbone to Turbo'}
closing name=--- desc=Microbone to Turbo
checking ownership. requestor=129.138.12.150
check software interlocks U
interlocks []
actuate state mode=None-script, software_lock=False
doing actuation None-script close_channel True
Close U ===>> OK
GetIndicatorState U ===>> False
change switch state (True, True)
update switch state U False args=() kw={} ncanvase=2
20:57:58 -- CLOSE  VALVE-U (Microbone to Turbo)
---------------------------------------- close None (Microbone to Turbo) result=[(True, True)]
action=close, ok=True, locked=[False]
enable laser
enable () {}
set extraction state FusionsCO2 Enabled (False, 'red', 1.5)
enabling laser
Enable ===>> OK
begin interval
BEGIN INTERVAL Interval 1 waiting for 30.0
set extract to 5.0
block started
WaitControl setup for 30.0  
extract (5.0,) {}
GetPosition ===>> 0.00000,3.98780,1.00000
set extraction state FusionsCO2 ON! 5.0(watts) (0.75, 'red', 1.5)
extract sample to 5.0 (watts)
set laser output
SetLaserOutput 5.0,watts ===>> OK
executing pattern triangle.lp
execute_pattern ('triangle.lp',) {}
executing pattern triangle.lp
Get Checksum: -1640178555
IsPatterning ===>> OK
IsPatterning ===>> OK
IsPatterning ===>> OK
Get Checksum: -1640178555
IsPatterning ===>> OK
IsPatterning ===>> OK
IsPatterning ===>> OK
Get Checksum: -1640178555
IsPatterning ===>> OK
IsPatterning ===>> OK
IsPatterning ===>> OK
Get Checksum: -1640178555
IsPatterning ===>> OK
IsPatterning ===>> OK
IsPatterning ===>> OK
Get Checksum: -1640178555
IsPatterning ===>> OK
IsPatterning ===>> OK
IsPatterning ===>> OK
Get Checksum: -1640178555
IsPatterning ===>> OK
IsPatterning ===>> OK
IsPatterning ===>> OK
Get Checksum: -1640178555
IsPatterning ===>> OK
IsPatterning ===>> OK
IsPatterning ===>> OK
Get Checksum: -1640178555
IsPatterning ===>> OK
IsPatterning ===>> OK
IsPatterning ===>> OK
Get Checksum: -1640178555
IsPatterning ===>> OK
IsPatterning ===>> OK
IsPatterning ===>> False
Get Checksum: -1640178555
IsPatterning ===>> False
Block completed
COMPLETE INTERVAL waiting for Interval 1 to complete
Join finished
block finished. duration 30.0677189827
Interval 1 finished
end_extract () {}
ending extraction. set laser power to 0
set laser power 0
SetLaserPower 0 ===>> OK
disable () {}
%%%%%%%%%%%%%%%%%%%%%%%%%%%%%%%%%%% disable
set extraction state False (0.75, 'red', 1.5)
disabling laser
Disable ===>> OK
sleep (30.0,) {}
SLEEP 30.0
block started
WaitControl setup for 30.0  
Get Checksum: -1640178555
Get Checksum: -1640178555
Get Checksum: -1640178555
Get Checksum: -1640178555
Get Checksum: -1640178555
Get Checksum: -1640178555
Get Checksum: -1640178555
set states for children of V. state=True
handle state [('V', True)]
update switch state V True args=() kw={'refresh': False} ncanvase=2
refresh_canvas_needed fired
Get Checksum: 1551197106
Get Checksum: 1551197106
Get Checksum: 1551197106
Join finished
block finished. duration 30.0607290268
executed 166.5
jan_co2.py completed successfully
GetAchievedOutput ===>> No Response
Requested Output= 0.000
Achieved Output=  0.000
GetResponseBlob ===>> No Response
GetOutputBlob ===>> No Response
persistence save...
persistence save - db
AutomatedRunPersister post_extraction_save deprecated
persistence save - dvc
no extraction position for 77
create new session 4983587952
close session 4983587952
Extraction Finished
20:58:59 -- ******* Extraction Finished *******
no overlap. not waiting for min ms pumptime
20:58:59 -- Sending spectrometer configuration
======== Sending configuration ========
SetDeflection CDD,50.0 ===>> OK
SetDeflection H2,0.0 ===>> OK
SetDeflection H1,0.0 ===>> OK
SetDeflection L2,825.0 ===>> OK
SetDeflection L1,400.0 ===>> OK
SetDeflection AX,190.0 ===>> OK
SetZFocus 74.64 ===>> OK
SetZSymmetry -50.72 ===>> OK
SetExtractionLens 26.13 ===>> OK
SetIonRepeller -3.81 ===>> OK
SetElectronEnergy 75.08 ===>> OK
SetYSymmetry -2.81 ===>> OK
SetIonCounterVoltage 1590.0 ===>> OK
send trap current 200.0
GetParameter Trap Current Readback ===>> 198.035158395898
SetParameter Trap Current Set,200.0 ===>> OK
updating mftable name mftable
Using mftable located at /Users/jan/PychronDev/setupfiles/spectrometer/mftables/mftable.csv
============ MFtable ===========
Isotope  H2     H1     AX     L1     L2     CDD    
Ar40     5.7835 5.8790 5.9925 6.1234 6.2307 6.3517
Ar39     5.6828 5.7713 5.8849 6.0095 6.1158 6.2382
Ar36     5.3603 5.4403 5.5483 5.6684 5.7708 5.8893
================================
get initial guess parabolic
get initial guess parabolic
get initial guess parabolic
get initial guess parabolic
get initial guess parabolic
get initial guess parabolic
======== Configuration Finished ========
GetYSymmetry ===>> -2.81
GetZSymmetry ===>> -50.72
GetParameter Trap Current Readback ===>> 198.035158395898
GetHighVoltage ===>> 4500
start measurement
do measurement
L#=65574 analysis type=unknown
Measurement Started jan_unknown120_60.py
20:58:59 -- ******* Measurement Started jan_unknown120_60.py *******
state changed from extraction to measurement
setting spec, defl, and gains
GetExtractionLens ===>> 26.13
GetYSymmetry ===>> -2.81
GetZSymmetry ===>> -50.72
GetZFocus ===>> 74.64
GetDeflection H2 ===>> 0
GetDeflection H1 ===>> 0
GetDeflection AX ===>> 190
GetDeflection L1 ===>> 400
GetDeflection L2 ===>> 825
GetDeflection CDD ===>> 50
GetGain H2 ===>> 0.0113
GetGain H1 ===>> 0.1
GetGain AX ===>> 0.097049
GetGain L1 ===>> 0.010355
GetGain L2 ===>> 0.095649
GetGain CDD ===>> 0
pre measurement save
New frame /Users/jan/PychronDev/data/isotopes/92/1c3533-c583-48eb-805c-6e8a4e1087d2.h5
flush and close file /Users/jan/PychronDev/data/isotopes/92/1c3533-c583-48eb-805c-6e8a4e1087d2.h5
testing...
no interpolation path defined
executed 226.132928
unknown measurement script
activate_detectors ('H2', 'H1', 'AX', 'L1', 'L2', 'CDD') {}
activate detectors
*************** Set Analysis View Ar/Ar
create graphs
clearing graphs
clear isotope group
setting isotope det=H2, iso=PM41
setting isotope det=H1, iso=Ar40
setting isotope det=AX, iso=Ar39
setting isotope det=L1, iso=Ar38
setting isotope det=L2, iso=Ar37
setting isotope det=CDD, iso=Ar36
setting previous blanks
 - setting Ar40 blank 0.985+/-0.008
 - setting Ar36 blank 0.00675+/-0.00020
 - setting Ar37 blank 0.054+/-0.004
 - setting Ar38 blank 0.0136+/-0.0022
 - setting PM41 blank 0.04+/-0.07
 - setting Ar39 blank 0.042+/-0.008
load analysis view
position_magnet ('Ar40',) {'detector': 'H1'}
detector Detector(H1)
POSITION Ar40 H1
setting detector H2 to PM41 (40.9624)
setting detector H1 to Ar40 (39.9624)
setting detector AX to Ar39 (38.9624)
setting detector L1 to Ar38 (37.9624)
setting detector L2 to Ar37 (36.9624)
setting detector CDD to Ar36 (35.9624)
Mapping mass to dac mass func: "parabolic"
H1 map mass coeffs = [-0.00063987  0.15840543  0.57060999]
H1 map mass to dac 39.9624 >> 5.879
GetDeflection H1 ===>> 0
GetHighVoltage ===>> 4500
positioning Ar40 (5.879) on H1
setting magnet DAC
current  : 5.879002
requested: 5.879000
Delta Dac: 0.000002
Checking detector protection. dv=0.00000
Checking detector "CDD". Protection Threshold: 0.1 (V)
SetMagnetDAC 5.879 ===>> OK
Magnet settling time: 0.500
equilibrate () {'delay': 3, 'inlet': 'R', 'outlet': 'O', 'eqtime': 12.0}
Equilibration Started
20:59:01 -- ******* Equilibration Started *******
checking ownership. requestor=129.138.12.150
check software interlocks O
interlocks []
actuate state mode=None-script, software_lock=False
doing actuation None-script close_channel True
Close O ===>> OK
GetIndicatorState O ===>> False
change switch state (True, True)
update switch state O False args=() kw={} ncanvase=2
20:59:01 -- CLOSE  VALVE-O (Jan Ion Pump)
waiting 3s before opening inlet value ('R',)
Get Checksum: -598318598
checking ownership. requestor=129.138.12.150
check software interlocks R
interlocks []
actuate state mode=None-script, software_lock=False
doing actuation None-script open_channel True
Open R ===>> OK
Get Checksum: -1449001502
State checksums do not match. Local:-598318598 Remote:-1449001502
State checksum failed
GetIndicatorState R ===>> OK
change switch state (True, True)
update switch state R True args=() kw={} ncanvase=2
20:59:05 -- OPEN   VALVE-R (Jan Inlet)
equilibrating for 12.0sec
set_time_zero () {}
sniff (12.0,) {}
py_sniff
build tables- sniff [Detector(H2), Detector(H1), Detector(AX), Detector(L1), Detector(L2), Detector(CDD)]
add group /sniff/PM41 (Group) '' table H2
add group /sniff/Ar40 (Group) '' table H1
add group /sniff/Ar39 (Group) '' table AX
add group /sniff/Ar38 (Group) '' table L1
add group /sniff/Ar37 (Group) '' table L2
add group /sniff/Ar36 (Group) '' table CDD
flush and close file /Users/jan/PychronDev/data/isotopes/92/1c3533-c583-48eb-805c-6e8a4e1087d2.h5
measuring sniff. ncounts=12.0
starting measurement
GetData ===>> H2,-0.198490066047556,H1,0.027890326841651,AX,-0.168180764632519,L1,-0.0148009371791811,L2,-0.048...
GetData ===>> H2,0.383542772069371,H1,22.9593244924333,AX,6.79194372598184,L1,0.0411844113390293,L2,0.213638071...
GetData ===>> H2,0.92766382037863,H1,82.1579149912737,AX,21.7288017090183,L1,0.280682392807716,L2,0.28461684907...
Get Checksum: -1449001502
GetData ===>> H2,0.258326724804195,H1,103.999732394828,AX,26.1326214610175,L1,0.377289443984103,L2,0.2897285881...
GetData ===>> H2,0.002761418668967,H1,110.968162844672,AX,27.4655096228629,L1,0.380334590884427,L2,0.2239895267...
GetData ===>> H2,-0.0269147457399444,H1,113.595803243264,AX,27.9780586540399,L1,0.350737383959659,L2,0.19863216...
Get Checksum: -1449001502
GetData ===>> H2,-0.0348562458697041,H1,114.815339895557,AX,28.0463459215481,L1,0.398854772338259,L2,0.17372640...
GetData ===>> H2,-0.0288955453698202,H1,115.258766973908,AX,28.2122823176729,L1,0.419929313528773,L2,0.11311485...
GetData ===>> H2,-0.0364922109264667,H1,115.430792549159,AX,28.1194319502452,L1,0.35346741465666,L2,0.211093177...
Get Checksum: -1449001502
GetData ===>> H2,-0.0740456000051429,H1,115.480740210335,AX,28.1022012519273,L1,0.332882014927505,L2,0.22047424...
GetData ===>> H2,-0.0615296631356114,H1,115.461589080732,AX,28.118330061571,L1,0.354724010419519,L2,0.198369721...
Get Checksum: -1449001502
Equilibration Finished
20:59:17 -- ******* Equilibration Finished *******
checking ownership. requestor=129.138.12.150
check software interlocks R
interlocks []
actuate state mode=None-script, software_lock=False
doing actuation None-script close_channel True
GetData ===>> H2,-0.110688544647188,H1,115.591430820271,AX,28.1785250753744,L1,0.377809134007981,L2,0.269032292...
Close R ===>> OK
GetIndicatorState R ===>> False
change switch state (True, True)
update switch state R False args=() kw={} ncanvase=2
20:59:18 -- CLOSE  VALVE-R (Jan Inlet)
Post Equilibration Started jan_pump_extraction_line.py
20:59:18 -- ******* Post Equilibration Started jan_pump_extraction_line.py *******
testing...
no interpolation path defined
calculate duration
testing...
no interpolation path defined
executed 4.0
executed 4.0
Pump after analysis
doing GOSUB
testing...
no interpolation path defined
executed 4.0
Pump Microbone
close () {'description': 'Jan Inlet'}
closing name=--- desc=Jan Inlet
checking ownership. requestor=129.138.12.150
check software interlocks R
interlocks []
actuate state mode=None-script, software_lock=False
doing actuation None-script close_channel False
measurement finished
estimated time: 12.583 actual time: :12.661
flush and close file /Users/jan/PychronDev/data/isotopes/92/1c3533-c583-48eb-805c-6e8a4e1087d2.h5
set_fits () {}
Close R ===>> OK
using default fits file=/Users/jan/PychronDev/scripts/measurement/fits/nominal_linear.yaml
set "Ar40" to "('Linear', 'SEM')"
No fit for "PM41". defaulting to linear. check the measurement script "jan_unknown120_60.py"
set "PM41" to "linear"
set "Ar36" to "('Linear', 'SEM')"
set "Ar37" to "('linear', 'SEM')"
set "Ar38" to "('linear', 'SEM')"
set "Ar39" to "('Linear', 'SEM')"
set_baseline_fits () {}
using default fits file=/Users/jan/PychronDev/scripts/measurement/fits/nominal_linear.yaml
set "H1" to "('average', 'SEM')"
set "H2" to "('average', 'SEM')"
set "CDD" to "('average', 'SEM')"
set "L2" to "('average', 'SEM')"
set "L1" to "('average', 'SEM')"
set "AX" to "('average', 'SEM')"
multicollect () {'integration_time': 1, 'ncounts': 120}
build tables- signal [Detector(H2), Detector(H1), Detector(AX), Detector(L1), Detector(L2), Detector(CDD)]
add group /signal/PM41 (Group) '' table H2
add group /signal/Ar40 (Group) '' table H1
add group /signal/Ar39 (Group) '' table AX
add group /signal/Ar38 (Group) '' table L1
add group /signal/Ar37 (Group) '' table L2
add group /signal/Ar36 (Group) '' table CDD
flush and close file /Users/jan/PychronDev/data/isotopes/92/1c3533-c583-48eb-805c-6e8a4e1087d2.h5
measuring signal. ncounts=120
GetIndicatorState R ===>> False
change switch state (True, True)
update switch state R False args=() kw={} ncanvase=2
20:59:18 -- CLOSE  VALVE-R (Jan Inlet)
---------------------------------------- close None (Jan Inlet) result=[(True, True)]
action=close, ok=True, locked=[False]
is_closed ('F',) {}
is F () closed?
is closed True
open () {'description': 'CO2 Laser to Jan'}
opening name=--- desc=CO2 Laser to Jan
checking ownership. requestor=129.138.12.150
check software interlocks A
interlocks []
actuate state mode=None-script, software_lock=False
doing actuation None-script open_channel False
Open A ===>> OK
GetIndicatorState A ===>> OK
change switch state (True, True)
update switch state A True args=() kw={} ncanvase=2
20:59:19 -- OPEN   VALVE-A (CO2 Laser to Jan)
---------------------------------------- open None (CO2 Laser to Jan) result=[(True, True)], time=0.11 sec
starting measurement
GetData ===>> H2,-0.0287067185468073,H1,115.578841590061,AX,28.1944807926419,L1,0.383284219076797,L2,0.29864055...
action=open, ok=True, locked=[False]
sleep (1,) {}
SLEEP 1.0
GetData ===>> H2,0.173374556093841,H1,115.722445996649,AX,28.2396605321165,L1,0.371275183530525,L2,0.1815180240...
close () {'description': 'CO2 Laser to Roughing'}
closing name=--- desc=CO2 Laser to Roughing
checking ownership. requestor=129.138.12.150
check software interlocks G
interlocks []
actuate state mode=None-script, software_lock=True
VALVE-G(CO2 Laser to Roughing) software locked
change switch state (True, False)
---------------------------------------- close None (CO2 Laser to Roughing) result=[(True, False)]
action=close, ok=True, locked=[True]
open () {'description': 'Microbone to Turbo'}
opening name=--- desc=Microbone to Turbo
checking ownership. requestor=129.138.12.150
check software interlocks U
interlocks []
actuate state mode=None-script, software_lock=False
doing actuation None-script open_channel True
Open U ===>> OK
GetIndicatorState U ===>> OK
change switch state (True, True)
update switch state U True args=() kw={} ncanvase=2
20:59:20 -- OPEN   VALVE-U (Microbone to Turbo)
---------------------------------------- open None (Microbone to Turbo) result=[(True, True)], time=0.26 sec
Get Checksum: -860229079
action=open, ok=True, locked=[False]
open () {'description': 'Microbone to Getter NP-10'}
opening name=--- desc=Microbone to Getter NP-10
checking ownership. requestor=129.138.12.150
check software interlocks M
interlocks []
actuate state mode=None-script, software_lock=False
doing actuation None-script open_channel False
Open M ===>> OK
GetIndicatorState M ===>> OK
change switch state (True, True)
update switch state M True args=() kw={} ncanvase=2
20:59:20 -- OPEN   VALVE-M (Microbone to Getter NP-10)
---------------------------------------- open None (Microbone to Getter NP-10) result=[(True, True)], time=0.13 sec
action=open, ok=True, locked=[False]
open () {'description': 'Microbone to Getter D-50'}
opening name=--- desc=Microbone to Getter D-50
checking ownership. requestor=129.138.12.150
check software interlocks K
interlocks []
actuate state mode=None-script, software_lock=False
doing actuation None-script open_channel False
GetData ===>> H2,-0.14238378531499,H1,115.619153246846,AX,28.1270127087091,L1,0.36447671629183,L2,0.24381677093...
Open K ===>> OK
GetIndicatorState K ===>> OK
change switch state (True, True)
update switch state K True args=() kw={} ncanvase=2
20:59:21 -- OPEN   VALVE-K (Microbone to Getter D-50)
---------------------------------------- open None (Microbone to Getter D-50) result=[(True, True)], time=0.44 sec
action=open, ok=True, locked=[False]
open () {'description': 'Microbone to CO2 Laser'}
opening name=--- desc=Microbone to CO2 Laser
checking ownership. requestor=129.138.12.150
check software interlocks T
interlocks []
actuate state mode=None-script, software_lock=False
doing actuation None-script open_channel False
Open T ===>> OK
GetIndicatorState T ===>> OK
change switch state (True, True)
update switch state T True args=() kw={} ncanvase=2
20:59:22 -- OPEN   VALVE-T (Microbone to CO2 Laser)
---------------------------------------- open None (Microbone to CO2 Laser) result=[(True, True)], time=0.41 sec
GetData ===>> H2,-0.154419927531416,H1,115.641703657016,AX,28.0556332958662,L1,0.36998599934057,L2,0.1663802671...
action=open, ok=True, locked=[False]
open () {'description': 'Microbone to Inlet Pipette'}
opening name=--- desc=Microbone to Inlet Pipette
checking ownership. requestor=129.138.12.150
check software interlocks S
interlocks []
actuate state mode=None-script, software_lock=False
doing actuation None-script open_channel False
Open S ===>> OK
GetIndicatorState S ===>> OK
change switch state (True, True)
update switch state S True args=() kw={} ncanvase=2
20:59:22 -- OPEN   VALVE-S (Microbone to Inlet Pipette)
---------------------------------------- open None (Microbone to Inlet Pipette) result=[(True, True)], time=0.40 sec
action=open, ok=True, locked=[False]
sleep (1,) {}
SLEEP 1.0
GetData ===>> H2,-0.0445010153324713,H1,115.318625101377,AX,28.1046038319205,L1,0.380485517082779,L2,0.17342980...
Get Checksum: -860229079
set_resource () {'name': 'CO2PumpTimeFlag', 'value': 30}
Set CO2PumpTimeFlag 30 ===>> OK
release ('JanCO2Flag',) {}
release JanCO2Flag
Set JanCO2Flag 0 ===>> OK
executed 6.0
PumpMicrobone.py completed successfully
gosub finished
get_resource_value () {'name': 'JanMiniboneFlag'}
Read JanMiniboneFlag ===>> 0
Get Resource Value JanMiniboneFlag=0.0
get resource value 0.0
get_resource_value () {'name': 'JanMiniboneFlag'}
Read JanMiniboneFlag ===>> 0
Get Resource Value JanMiniboneFlag=0.0
executed 4.0
jan_pump_extraction_line.py completed successfully
Post Equilibration Finished
20:59:24 -- ******* Post Equilibration Finished *******
GetData ===>> H2,-0.062364836181371,H1,115.52134659873,AX,28.0390227096854,L1,0.417937564702879,L2,0.1370469827...
GetData ===>> H2,-0.163268179599808,H1,115.46017799038,AX,28.1789501282185,L1,0.34278829931681,L2,0.18164351659...
GetData ===>> H2,-0.152548361993988,H1,115.419694478229,AX,28.0279459402284,L1,0.347688325991505,L2,0.278889286...
Get Checksum: -860229079
GetData ===>> H2,-0.130242853862548,H1,115.442117148045,AX,28.0790011016955,L1,0.335102346150274,L2,0.242983418...
GetData ===>> H2,-0.156277674349192,H1,115.449491742333,AX,28.0293255017447,L1,0.355658314137363,L2,0.284548390...
GetData ===>> H2,-0.159572230546613,H1,115.151426359263,AX,28.1254195117513,L1,0.36016493035479,L2,0.1558183367...
Get Checksum: -860229079
GetData ===>> H2,-0.152305108484129,H1,115.185682462487,AX,28.0973697009879,L1,0.34100261750755,L2,0.3009799389...
GetData ===>> H2,-0.301048626525828,H1,115.047580738835,AX,28.0116975835605,L1,0.339465113425694,L2,0.117937283...
GetData ===>> H2,-0.189052074827416,H1,114.993330314637,AX,28.0958698390649,L1,0.357220562525353,L2,0.168296595...
Get Checksum: -860229079
GetData ===>> H2,-0.235861650600931,H1,115.159092465552,AX,27.9334670760973,L1,0.371777459342423,L2,0.234136636...
GetData ===>> H2,-0.182727866717698,H1,115.177864725968,AX,27.9395026770048,L1,0.349143167599074,L2,0.136282977...
Get Checksum: -860229079
GetData ===>> H2,-0.0455818360157153,H1,115.125499644181,AX,27.9220600209624,L1,0.347479636631715,L2,0.26114970...
GetData ===>> H2,-0.0238069954544355,H1,115.08189137187,AX,28.0172416542906,L1,0.363255546626131,L2,0.136111932...
GetData ===>> H2,-0.153690256418447,H1,115.10096712829,AX,27.8693109653365,L1,0.359307189015591,L2,0.2523333587...
Get Checksum: -860229079
GetData ===>> H2,-0.179405871571397,H1,115.05582888932,AX,27.9094473012712,L1,0.323803189097094,L2,0.2236014697...
GetData ===>> H2,-0.174766671047409,H1,115.03022157712,AX,27.8828870154951,L1,0.320989066326125,L2,0.2148021268...
GetData ===>> H2,-0.129379204010621,H1,115.062611860385,AX,27.9283470207016,L1,0.357689649965823,L2,0.310189685...
Get Checksum: -860229079
GetData ===>> H2,-0.0864267171596675,H1,114.983470314443,AX,27.9165028211066,L1,0.346958541996978,L2,0.15181514...
GetData ===>> H2,-0.0263862026188274,H1,114.844401153121,AX,27.9545599431863,L1,0.37034646580184,L2,0.153240763...
20:59:44 -- collecting point 25
GetData ===>> H2,-0.107539649009887,H1,114.888453823693,AX,27.8719358927454,L1,0.385718121487177,L2,0.178631741...
Get Checksum: -860229079
GetData ===>> H2,-0.154137523357065,H1,114.884228289204,AX,27.9250708393952,L1,0.356567052013547,L2,0.183833958...
GetData ===>> H2,-0.124716522244645,H1,114.740214738897,AX,27.7699310190694,L1,0.354827817737314,L2,0.166482926...
GetData ===>> H2,-0.136982505615125,H1,114.712542131854,AX,27.8807921653143,L1,0.338037094033485,L2,0.169551354...
Get Checksum: -860229079
GetData ===>> H2,-0.16441844460886,H1,114.572751375522,AX,27.8206549645959,L1,0.344169244900216,L2,0.1090564490...
GetData ===>> H2,-0.236920387986882,H1,114.698566923038,AX,27.9842691928397,L1,0.367042867675379,L2,0.273025165...
GetData ===>> H2,-0.268041667687028,H1,114.591337828032,AX,27.7777127011068,L1,0.355232065666093,L2,0.229411076...
Get Checksum: -860229079
GetData ===>> H2,-0.131773431198516,H1,114.618611934278,AX,27.9069408426872,L1,0.343492167925366,L2,0.219709572...
GetData ===>> H2,-0.122070014046152,H1,114.768680385258,AX,27.8743222441235,L1,0.332024510410899,L2,0.174205515...
GetData ===>> H2,-0.137667945585395,H1,114.614578670335,AX,27.7950941988226,L1,0.32698705493795,L2,0.1464321996...
Get Checksum: -860229079
GetData ===>> H2,-0.0916261127306376,H1,114.623752150663,AX,27.8015781532245,L1,0.307036729404668,L2,0.20649428...
GetData ===>> H2,-0.174056518041876,H1,114.650281337248,AX,27.7560526071404,L1,0.348958859959947,L2,0.121790841...
GetData ===>> H2,-0.180142677596187,H1,114.516349023481,AX,27.782498639649,L1,0.359142246986669,L2,0.1914438511...
Get Checksum: -860229079
GetData ===>> H2,-0.134175419967185,H1,114.566843931542,AX,27.763157289354,L1,0.315534078874964,L2,0.2330408336...
GetData ===>> H2,-0.292876361391811,H1,114.46587936628,AX,27.8206152108331,L1,0.340062011315368,L2,0.1672243593...
GetData ===>> H2,-0.208899856784578,H1,114.509785721975,AX,27.7718134203407,L1,0.329713387274493,L2,0.151222093...
Get Checksum: -860229079
GetData ===>> H2,-0.13968211528479,H1,114.321639575176,AX,27.7940069469465,L1,0.363469240817618,L2,0.1957795927...
GetData ===>> H2,-0.231750871799073,H1,114.292996856977,AX,27.7402410163022,L1,0.372656195652124,L2,0.164019129...
Get Checksum: -860229079
GetData ===>> H2,-0.329385572707798,H1,114.378628183373,AX,27.9358282172599,L1,0.362867245153322,L2,0.235072644...
GetData ===>> H2,-0.248120074631077,H1,114.454384339365,AX,27.8427072410309,L1,0.32508783044629,L2,0.2029454066...
GetData ===>> H2,-0.121777873131689,H1,114.432352989374,AX,27.7476230132334,L1,0.338826751937615,L2,0.234456247...
Get Checksum: -860229079
GetData ===>> H2,-0.174789622017708,H1,114.297682808632,AX,27.6687259624289,L1,0.38111363091947,L2,0.2118691921...
GetData ===>> H2,-0.165339112507808,H1,114.457628364669,AX,27.6439356300664,L1,0.376305162091143,L2,0.188682770...
GetData ===>> H2,-0.178126468091982,H1,114.388655670919,AX,27.8145074112763,L1,0.346480183373885,L2,0.139772364...
Get Checksum: -860229079
GetData ===>> H2,-0.124082336075781,H1,114.216785404168,AX,27.6401619457244,L1,0.321792451983806,L2,0.179133697...
21:00:10 -- collecting point 50
GetData ===>> H2,-0.241960214185467,H1,114.264921559572,AX,27.6509801836134,L1,0.327489347819978,L2,0.193931173...
GetData ===>> H2,-0.293807950083298,H1,114.166697480974,AX,27.4565526071842,L1,0.3508350469305,L2,0.17892835108...
Get Checksum: 1823859597
State checksums do not match. Local:-860229079 Remote:1823859597
State checksum failed
GetData ===>> H2,-0.193498079872194,H1,114.121705905721,AX,27.6635740975151,L1,0.34722579799488,L2,0.2987546684...
set states for children of B. state=False
set states for children of D. state=False
handle state [('B', False), ('D', False)]
update switch state B False args=() kw={'refresh': True} ncanvase=2
update switch state D False args=() kw={'refresh': False} ncanvase=2
refresh_canvas_needed fired
GetData ===>> H2,-0.183195998072234,H1,114.032405300217,AX,27.6732158285994,L1,0.333467550034854,L2,0.286431028...
GetData ===>> H2,-0.17473291953601,H1,113.962150466609,AX,27.6892033435226,L1,0.325945972957572,L2,0.2613208146...
Get Checksum: -2064761812
GetData ===>> H2,-0.246238027354895,H1,113.81983823188,AX,27.6684213468088,L1,0.347495501755364,L2,0.1738176601...
GetData ===>> H2,-0.230492445704761,H1,114.034090454204,AX,27.5669449567655,L1,0.328027023587303,L2,0.247264413...
GetData ===>> H2,-0.0918130778665331,H1,114.04238542005,AX,27.5571322746342,L1,0.327239417454854,L2,0.286853201...
Get Checksum: -2064761812
GetData ===>> H2,-0.147400237575525,H1,114.094337218943,AX,27.6599056914189,L1,0.321270943502244,L2,0.162924129...
GetData ===>> H2,-0.244436403008276,H1,113.881873678587,AX,27.5328228031895,L1,0.341810038887866,L2,0.197776381...
GetData ===>> H2,-0.136841897425154,H1,113.892486721064,AX,27.7104131971526,L1,0.351307504696641,L2,0.216924851...
Get Checksum: -2064761812
GetData ===>> H2,-0.123592812073484,H1,113.899262971658,AX,27.7007947359402,L1,0.346837729930174,L2,0.204531543...
GetData ===>> H2,-0.112138418136501,H1,113.844350064827,AX,27.6160346173029,L1,0.336528735997902,L2,0.170053263...
GetData ===>> H2,-0.13547493275642,H1,113.867536915331,AX,27.5496905752865,L1,0.350666578887918,L2,0.1143916912...
Get Checksum: -2064761812
GetData ===>> H2,-0.13317600555549,H1,113.569520941518,AX,27.4864165465995,L1,0.380006796726718,L2,0.2306095663...
GetData ===>> H2,-0.234158314612433,H1,113.664333643412,AX,27.3928498071785,L1,0.341240446496541,L2,0.184678204...
GetData ===>> H2,-0.198036955907238,H1,113.541514779079,AX,27.5129528342655,L1,0.342164982930324,L2,0.238519972...
GetData ===>> H2,-0.148429464032059,H1,113.759734949931,AX,27.5352588067307,L1,0.328932967513944,L2,0.196943430...
Get Checksum: -2064761812
GetData ===>> H2,-0.157370562767825,H1,113.593503833444,AX,27.4594632272947,L1,0.348038591958128,L2,0.239866975...
GetData ===>> H2,-0.0997183463277295,H1,113.551444484471,AX,27.4806998322683,L1,0.338836516249576,L2,0.18186027...
GetData ===>> H2,-0.141836475432055,H1,113.785322330026,AX,27.5002066840333,L1,0.30839480769343,L2,0.2558383943...
Get Checksum: -2064761812
GetData ===>> H2,-0.199181833134603,H1,113.776530873882,AX,27.4691085090854,L1,0.354212316773207,L2,0.213763606...
GetData ===>> H2,-0.134616270332281,H1,113.436421863628,AX,27.3732661766213,L1,0.334294675441657,L2,0.204942345...
GetData ===>> H2,-0.107894112431063,H1,113.464828513706,AX,27.511814489313,L1,0.348023946451329,L2,0.1891505513...
Get Checksum: -2064761812
GetData ===>> H2,-0.125397996243315,H1,113.442943724925,AX,27.4097500809227,L1,0.393024517042006,L2,0.197057533...
21:00:37 -- collecting point 75
GetData ===>> H2,-0.197794210867247,H1,113.513468159007,AX,27.4227347321697,L1,0.350311340138247,L2,0.193919763...
GetData ===>> H2,-0.201178685616343,H1,113.45234390478,AX,27.442035826616,L1,0.325774094901498,L2,0.21229143794...
Get Checksum: -2064761812
GetData ===>> H2,-0.145606296773702,H1,113.248842918087,AX,27.4260572467149,L1,0.347268510786884,L2,0.213033225...
GetData ===>> H2,-0.200663663541795,H1,113.326049426957,AX,27.4713975672422,L1,0.342150345819408,L2,0.146283944...
GetData ===>> H2,-0.253808702756346,H1,113.260459758691,AX,27.4072883304967,L1,0.363603565160744,L2,0.183891001...
Get Checksum: -2064761812
GetData ===>> H2,-0.163875728485247,H1,113.148804493494,AX,27.3916191124676,L1,0.360927179198587,L2,0.173395584...
GetData ===>> H2,-0.0564400198736317,H1,113.142492355363,AX,27.3432226048697,L1,0.347829895462803,L2,0.21746124...
GetData ===>> H2,-0.105520890723207,H1,112.969267142552,AX,27.3857834232461,L1,0.327780737756871,L2,0.184518481...
Get Checksum: -2064761812
GetData ===>> H2,-0.128107261941148,H1,113.12187696586,AX,27.3756080911385,L1,0.328072135990561,L2,0.1353251291...
GetData ===>> H2,-0.217520473151724,H1,113.157638178852,AX,27.3722606239647,L1,0.294451880691094,L2,0.270663646...
GetData ===>> H2,-0.34377862953107,H1,113.240999236178,AX,27.3381433856898,L1,0.305381701203588,L2,0.1899834349...
Get Checksum: -2064761812
GetData ===>> H2,-0.274383932252323,H1,113.116032697713,AX,27.3259621430007,L1,0.350748370997403,L2,0.254616755...
GetData ===>> H2,-0.183387562094288,H1,113.10759343644,AX,27.4983140782199,L1,0.337102276382257,L2,0.3142984078...
GetData ===>> H2,-0.204471845706497,H1,113.022572709745,AX,27.3267159921817,L1,0.324025003692444,L2,0.142075884...
Get Checksum: -2064761812
GetData ===>> H2,-0.126763525359976,H1,112.935094694403,AX,27.3908780555656,L1,0.302686003794463,L2,0.117925882...
GetData ===>> H2,-0.13034286540484,H1,112.859273803057,AX,27.2990253140652,L1,0.315979001293094,L2,0.2400382057...
Get Checksum: -2064761812
GetData ===>> H2,-0.130712932019961,H1,112.915613578243,AX,27.4070103943611,L1,0.337251158074766,L2,0.212964752...
GetData ===>> H2,-0.0556301865489218,H1,112.941719572603,AX,27.3149327246235,L1,0.343482408584499,L2,0.21487060...
GetData ===>> H2,-0.0815208654978731,H1,112.778300361899,AX,27.3490957417591,L1,0.332496555930093,L2,0.19504934...
Get Checksum: -2064761812
GetData ===>> H2,-0.111282866249739,H1,112.747281982653,AX,27.2574894700347,L1,0.301167950733902,L2,0.204463076...
GetData ===>> H2,-0.20706471989408,H1,112.706984061003,AX,27.2552539189803,L1,0.327286964712711,L2,0.2007088848...
set states for children of C. state=False
handle state [('C', False)]
update switch state C False args=() kw={'refresh': False} ncanvase=2
refresh_canvas_needed fired
GetData ===>> H2,-0.172504804715885,H1,112.76673536455,AX,27.1467846146024,L1,0.333457790841952,L2,0.1274802543...
Get Checksum: 968834110
GetData ===>> H2,-0.114967236822479,H1,112.597102859882,AX,27.2511136386355,L1,0.364083483781453,L2,0.270389850...
set states for children of B. state=True
handle state [('B', True)]
update switch state B True args=() kw={'refresh': False} ncanvase=2
refresh_canvas_needed fired
GetData ===>> H2,-0.258375013064212,H1,112.732511710685,AX,27.1843878122641,L1,0.380387759632255,L2,0.160471829...
GetData ===>> H2,0.129430986332526,H1,112.703683858116,AX,27.3109920231292,L1,0.359693285920731,L2,0.1579853765...
Get Checksum: -1735986017
21:01:03 -- collecting point 100
GetData ===>> H2,-0.0229011532484223,H1,112.715206903203,AX,27.2434155088389,L1,0.393565304026954,L2,0.19779920...
GetData ===>> H2,-0.20058950921785,H1,112.596748630382,AX,27.254566066178,L1,0.339930178112964,L2,0.20066324212...
GetData ===>> H2,-0.254099108969427,H1,112.455158399039,AX,27.2459153584137,L1,0.305549749240771,L2,0.168102679...
Get Checksum: -1735986017
GetData ===>> H2,-0.238303189004176,H1,112.715374720809,AX,27.1251933205623,L1,0.328489130321213,L2,0.242549622...
GetData ===>> H2,-0.196012572612589,H1,112.639092209013,AX,27.1956646472415,L1,0.366065675771158,L2,0.227619078...
GetData ===>> H2,-0.137598997876041,H1,112.702005815549,AX,27.2280208512839,L1,0.312409196668823,L2,0.164623666...
Get Checksum: -1735986017
GetData ===>> H2,-0.202383907415734,H1,112.471606695343,AX,27.1249687086281,L1,0.298419601825844,L2,0.188853909...
GetData ===>> H2,-0.257643882435595,H1,112.603553705861,AX,27.0281975115752,L1,0.315064798119437,L2,0.224822713...
GetData ===>> H2,-0.199211498613537,H1,112.433478351263,AX,27.1637804742191,L1,0.350844813278787,L2,0.181654925...
Get Checksum: -1735986017
GetData ===>> H2,-0.168760587479881,H1,112.388114320902,AX,27.2401618207323,L1,0.370204721546212,L2,0.124093930...
GetData ===>> H2,-0.19092748278374,H1,112.352292677857,AX,27.0912424442378,L1,0.327521046741468,L2,0.1915807662...
GetData ===>> H2,-0.141191832142162,H1,112.254183801912,AX,27.1329228907718,L1,0.353433223728156,L2,0.208046241...
Get Checksum: -1735986017
GetData ===>> H2,-0.113624650927939,H1,112.288661055082,AX,27.0883762507468,L1,0.376928733445596,L2,0.172676918...
GetData ===>> H2,-0.135086852433514,H1,112.259023561977,AX,27.0463522119903,L1,0.368899788894345,L2,0.156799201...
Get Checksum: -1735986017
GetData ===>> H2,-0.200345470647045,H1,112.401640383783,AX,27.0993923485196,L1,0.339360141116257,L2,0.311399457...
GetData ===>> H2,-0.217055565357121,H1,112.309235610799,AX,27.0600032279293,L1,0.35681135013139,L2,0.2001611732...
GetData ===>> H2,-0.22685096891013,H1,112.213427101865,AX,27.0660297678186,L1,0.320936624124478,L2,0.2428920931...
set states for children of B. state=False
handle state [('B', False)]
update switch state B False args=() kw={'refresh': False} ncanvase=2
refresh_canvas_needed fired
Get Checksum: 968834110
GetData ===>> H2,-0.175155481205344,H1,112.296629882812,AX,27.0328746391578,L1,0.321820477724957,L2,0.101019947...
GetData ===>> H2,-0.128124834906875,H1,112.116759837552,AX,27.1692392615875,L1,0.336828925468451,L2,0.242880677...
GetData ===>> H2,-0.0733447114008683,H1,111.966006239864,AX,27.1601722707201,L1,0.346391103750655,L2,0.10282097...
Get Checksum: 968834110
GetData ===>> H2,-0.0581029140743728,H1,111.974805495621,AX,27.1834492293764,L1,0.345162372100145,L2,0.24008386...
measurement finished
estimated time: 125.829 actual time: :126.209
flush and close file /Users/jan/PychronDev/data/isotopes/92/1c3533-c583-48eb-805c-6e8a4e1087d2.h5
baselines () {'settling_time': 15.0, 'detector': 'H1', 'mass': 34.2, 'ncounts': 60}
%%%%%%%%%%%%%%%%%%%%%%%%%%%%%%%% Baseline
build tables- baseline [Detector(H2), Detector(H1), Detector(AX), Detector(L1), Detector(L2), Detector(CDD)]
add group baseline table H2
add group baseline table H1
add group baseline table AX
add group baseline table L1
add group baseline table L2
add group baseline table CDD
flush and close file /Users/jan/PychronDev/data/isotopes/92/1c3533-c583-48eb-805c-6e8a4e1087d2.h5
detector Detector(H1)
POSITION 34.2 H1
Mapping mass to dac mass func: "parabolic"
H1 map mass coeffs = [-0.00063987  0.15840543  0.57060999]
H1 map mass to dac 34.2 >> 5.23965599104
GetDeflection H1 ===>> 0
GetHighVoltage ===>> 4500
positioning 34.2 (5.23965599104) on H1
setting magnet DAC
current  : 5.879000
requested: 5.239656
Delta Dac: 0.639344
Checking detector protection. dv=0.63934
Checking detector "CDD". Protection Threshold: 0.1 (V)
ProtectDetector CDD,On ===>> OK
GetDeflection CDD ===>> 2000
SetMagnetDAC 5.23965599104 ===>> OK
Magnet settling time: 0.500
GetMagnetMoving ===>> True
GetMagnetMoving ===>> True
GetMagnetMoving ===>> True
GetMagnetMoving ===>> True
GetMagnetMoving ===>> True
Get Checksum: 968834110
GetMagnetMoving ===>> True
GetMagnetMoving ===>> True
GetMagnetMoving ===>> True
GetMagnetMoving ===>> False
ProtectDetector CDD,Off ===>> OK
GetDeflection CDD ===>> 50
Delaying 15.0s for detectors to settle
Get Checksum: 968834110
Get Checksum: 968834110
Get Checksum: 968834110
Get Checksum: 968834110
Get Checksum: 968834110
Join finished
measuring baseline. ncounts=60
starting measurement
GetData ===>> H2,-0.251186641716767,H1,-0.0152103739570862,AX,-0.0208439655255542,L1,0.00885172898897175,L2,0.0...
GetData ===>> H2,-0.203758835874532,H1,-0.0217818089592868,AX,-0.00626381503312665,L1,-0.0333663772217083,L2,-0...
Get Checksum: 968834110
GetData ===>> H2,-0.135410028260977,H1,-0.0684850044314843,AX,-0.117803796438916,L1,-0.0430324150546945,L2,-0.0...
GetData ===>> H2,-0.200094685194622,H1,-0.0983888783048002,AX,-0.0575920279950443,L1,-0.00551202322489143,L2,-0...
GetData ===>> H2,-0.222897190844121,H1,0.0144081796166653,AX,-0.136112658313177,L1,-0.0452748665103569,L2,-0.02...
Get Checksum: 968834110
GetData ===>> H2,-0.163550356355678,H1,-0.0256696054760529,AX,-0.146408994462191,L1,-0.0925892322154223,L2,-0.0...
GetData ===>> H2,-0.151608400400078,H1,-0.0329558357629044,AX,-0.00701781431344141,L1,-0.0504199573630995,L2,-0...
GetData ===>> H2,-0.187788594640241,H1,0.00411285982522283,AX,-0.126702009630868,L1,-0.0161923454071752,L2,-0.0...
Get Checksum: 968834110
GetData ===>> H2,-0.203510821918856,H1,0.00264559454377107,AX,-0.0125740289035143,L1,-0.0206951106964976,L2,-0....
GetData ===>> H2,-0.15532654601488,H1,-0.0492197455416619,AX,-0.122067625157989,L1,-0.00845157639713268,L2,0.02...
GetData ===>> H2,-0.191197106111775,H1,-0.028233560417079,AX,-0.106679885269911,L1,-0.029137607580241,L2,0.0159...
Get Checksum: 968834110
GetData ===>> H2,-0.28244509588325,H1,-0.0401580690865931,AX,-0.0779372264800461,L1,-0.0443171267948717,L2,-0.0...
GetData ===>> H2,-0.194674671244524,H1,0.0231534717622719,AX,-0.0101729479442022,L1,-0.054976977955328,L2,-0.00...
GetData ===>> H2,-0.247061377564022,H1,-0.116250659204486,AX,-0.0172716246929553,L1,-0.0185537005295476,L2,0.01...
Get Checksum: 968834110
GetData ===>> H2,-0.186367179414103,H1,0.017736788757783,AX,0.0421087427302739,L1,0.00836452505424157,L2,-0.059...
GetData ===>> H2,-0.230702417448511,H1,-0.00205428117052693,AX,-0.0382050666347759,L1,-0.0160748028421025,L2,-0...
GetData ===>> H2,-0.0623024714802506,H1,-0.083062620580132,AX,-0.0904436445238851,L1,-0.0502225321544264,L2,-0....
Get Checksum: 968834110
GetData ===>> H2,-0.0464412596643423,H1,-0.0160690977734077,AX,-0.0189882204187256,L1,-0.0161395713641327,L2,-0...
GetData ===>> H2,-0.226351436384362,H1,0.0051029778185498,AX,-0.103493113836478,L1,0.0109436136119992,L2,-0.069...
GetData ===>> H2,-0.255585979256675,H1,-0.014637887319968,AX,-0.0805800511808808,L1,0.004253068056954,L2,-0.133...
Get Checksum: 968834110
GetData ===>> H2,-0.279037583630575,H1,-0.00903211599350125,AX,-0.0220733771737616,L1,0.0222602781071153,L2,-0....
GetData ===>> H2,-0.257896557936152,H1,-0.0648968925987202,AX,-0.108476019534114,L1,-0.00958711024187015,L2,0.0...
Get Checksum: 968834110
GetData ===>> H2,-0.200960275976858,H1,-0.06542140866983,AX,0.026268115395034,L1,-0.0605146077856758,L2,-0.0129...
GetData ===>> H2,-0.235596614402961,H1,-0.0616424473442343,AX,-0.0110777100426996,L1,-0.00891443881566551,L2,0....
21:02:08 -- collecting point 25
GetData ===>> H2,-0.297022279191554,H1,-0.018991088906639,AX,-0.152345125367269,L1,-0.0264360606327835,L2,-0.00...
GetData ===>> H2,-0.181589160949578,H1,-0.042781270335923,AX,-0.0779835924442717,L1,-0.0609225984484173,L2,0.00...
GetData ===>> H2,-0.261048950948919,H1,0.0537978490358306,AX,-0.0831764406325231,L1,-0.0426540343402913,L2,-0.0...
Get Checksum: 968834110
GetData ===>> H2,-0.27132611606391,H1,0.0111631905103106,AX,-0.104559245353758,L1,0.0263418037353503,L2,-0.1007...
GetData ===>> H2,-0.22593940641523,H1,0.0371976470460613,AX,-0.0477366989382838,L1,0.00328417641088463,L2,-0.00...
GetData ===>> H2,-0.213657429680366,H1,0.0505277137790696,AX,-0.0383094326272088,L1,0.0160797539781116,L2,-0.14...
Get Checksum: 968834110
GetData ===>> H2,-0.228411360894459,H1,-0.0134332693272342,AX,-0.0909999631246668,L1,0.00883852857183356,L2,-0....
GetData ===>> H2,-0.282070212559881,H1,-0.0327173423503744,AX,-0.0024241280953968,L1,-0.0241736306674571,L2,-0....
GetData ===>> H2,-0.177193816027079,H1,-0.0495416584288087,AX,-0.0407793951145091,L1,-0.0278378407689807,L2,0.0...
Get Checksum: 968834110
GetData ===>> H2,-0.187416400692424,H1,-0.0592820142352178,AX,-0.184373111426586,L1,-0.0454316876907647,L2,-0.0...
GetData ===>> H2,-0.170298902178524,H1,-0.0276730735513152,AX,-0.0590296631675998,L1,-0.0140824227041344,L2,0.0...
GetData ===>> H2,-0.178388298711705,H1,-0.00571621411638008,AX,-0.0818318904587695,L1,-0.0179001559241631,L2,-0...
Get Checksum: 968834110
GetData ===>> H2,-0.240326170494428,H1,-0.0506981517403247,AX,-0.105335659867271,L1,0.00119903434893458,L2,-0.1...
GetData ===>> H2,-0.182648268971188,H1,-0.0895223404587807,AX,-0.063249695349325,L1,0.00946496743190756,L2,-0.0...
GetData ===>> H2,-0.142462163333829,H1,-0.0221395879541174,AX,-0.107247699041202,L1,-0.0096530560013046,L2,-0.0...
Get Checksum: 2052577745
State checksums do not match. Local:968834110 Remote:2052577745
State checksum failed
GetData ===>> H2,-0.100100130307202,H1,-0.0211497296096262,AX,-0.155742006052226,L1,-0.0395713771063459,L2,-0.0...
set states for children of V. state=False
handle state [('V', False)]
update switch state V False args=() kw={'refresh': False} ncanvase=2
refresh_canvas_needed fired
GetData ===>> H2,-0.105062155006101,H1,-0.0064795969437313,AX,-0.0589253193940368,L1,-0.0367477724639574,L2,-0....
GetData ===>> H2,-0.225453299454215,H1,-0.0278758032054903,AX,0.0307821414773421,L1,-0.0133165633701336,L2,0.00...
set states for children of H. state=True
handle state [('H', True)]
update switch state H True args=() kw={'refresh': False} ncanvase=2
refresh_canvas_needed fired
Get Checksum: 1671910529
GetData ===>> H2,-0.191922360985697,H1,-0.0118469680729259,AX,-0.059412256046494,L1,-0.0199074221026006,L2,-0.0...
GetData ===>> H2,-0.136278095160003,H1,-0.0275895965155425,AX,-0.0593195063958028,L1,-0.069282157164221,L2,0.03...
Get Checksum: 1671910529
GetData ===>> H2,-0.223884418280572,H1,-0.0770315831567057,AX,-0.101731653558465,L1,-0.0387748103855351,L2,0.01...
GetData ===>> H2,-0.188735206707425,H1,-0.0420420114873864,AX,0.00947870384232623,L1,-0.0043616339162414,L2,-0....
GetData ===>> H2,-0.206415209502224,H1,-6.22288139904947E-05,AX,-0.0295886881133153,L1,0.0165805416469095,L2,-0...
Get Checksum: 1671910529
GetData ===>> H2,-0.191664887346054,H1,-0.0251210298425118,AX,-0.0828866684588215,L1,-0.0189506032300653,L2,-0....
GetData ===>> H2,-0.182772387247133,H1,0.00763199835163166,AX,-0.0244277731155582,L1,0.00583168428265163,L2,-0....
21:02:35 -- collecting point 50
GetData ===>> H2,-0.246386019564039,H1,-0.0623219556453279,AX,-0.0835357569293548,L1,0.00617479832124663,L2,0.0...
Get Checksum: 1671910529
GetData ===>> H2,-0.168989998538978,H1,-0.00971198158532511,AX,-0.13729540098053,L1,-0.0139649707529275,L2,0.00...
GetData ===>> H2,-0.250040811502253,H1,0.0119386379010102,AX,-0.141574026396599,L1,-0.0318492068054029,L2,-0.09...
GetData ===>> H2,-0.134892131172682,H1,-0.00906789850823027,AX,-0.163288917036147,L1,-0.00901875978951332,L2,-0...
Get Checksum: 1671910529
GetData ===>> H2,-0.240969586594379,H1,-0.0898679594734329,AX,-0.20900997849393,L1,0.0137995031972837,L2,-0.068...
GetData ===>> H2,-0.279977482038285,H1,-0.0314056184226306,AX,-0.07907318624412,L1,0.024244375015015,L2,0.01265...
GetData ===>> H2,-0.248071648469601,H1,-0.0498874155616445,AX,-0.0850773246927296,L1,-0.00587066829878123,L2,-0...
Get Checksum: 1671910529
GetData ===>> H2,-0.173535427823088,H1,0.0545139513028705,AX,-0.108441255959855,L1,-0.01629909205717,L2,-0.0309...
GetData ===>> H2,-0.214183980188218,H1,-0.014649814158285,AX,-0.181324937172855,L1,-0.00807383611253442,L2,-0.1...
GetData ===>> H2,-0.286108621660292,H1,-0.017345243168587,AX,-0.114918654149326,L1,-0.0427055236927001,L2,0.009...
Get Checksum: 1671910529
GetData ===>> H2,-0.194608634419471,H1,-0.0648968925987202,AX,-0.0167496808012547,L1,-0.031354610061927,L2,-0.0...
measurement finished
estimated time: 62.915 actual time: :63.131
flush and close file /Users/jan/PychronDev/data/isotopes/92/1c3533-c583-48eb-805c-6e8a4e1087d2.h5
activate_detectors ('H1', 'AX', 'CDD') {'peak_center': True}
peak_center () {'detector': 'H1', 'integration_time': 0.262144, 'isotope': 'Ar40'}
peak center: mean=112.208037297 threshold=3
peak center started
setup peak center. detector=['H1', 'AX', 'CDD'], isotope=Ar40
VersionedUnpickler [<apptools.sweet_pickle.versioned_unpickler.VersionedUnpickler object at 0x133d6fb90>] using Updater [<apptools.sweet_pickle.updater.Updater object at 0x133e38fb0>]
VersionedUnpickler [<apptools.sweet_pickle.versioned_unpickler.VersionedUnpickler object at 0x133d6fb90>] using Updater [<apptools.sweet_pickle.updater.Updater object at 0x133e38fb0>]
VersionedUnpickler [<apptools.sweet_pickle.versioned_unpickler.VersionedUnpickler object at 0x133d6fb90>] using Updater [<apptools.sweet_pickle.updater.Updater object at 0x133e38fb0>]
setting integration time = 0.524288
SetIntegrationTime 0.524288 ===>> OK
Mapping mass to dac mass func: "parabolic"
H1 map mass coeffs = [-0.00063987  0.15840543  0.57060999]
H1 map mass to dac 39.9624 >> 5.879
GetDeflection H1 ===>> 0
GetHighVoltage ===>> 4500
do peak center. <pychron.spectrometer.jobs.peak_center.PeakCenter object at 0x12d6e98f0>
doing pc
starting peak center. center dac= 5.879 step_width=0.001
width = 0.001
get scan parameters. half-width=0.015,window=0.015, i=0, scalar=1
Scan parameters center=5.87900 width=0.03000 (5.86400 - 5.89400)
GetData ===>> H2,-0.253839625995634,H1,-0.0411238920893229,AX,-0.0557833600290202,L1,-0.007157607139365,L2,0.01...
Moving to starting dac 5.864
setting magnet DAC
current  : 5.239656
requested: 5.864000
Delta Dac: 0.624344
Checking detector protection. dv=0.62434
Checking detector "CDD". Protection Threshold: 0.1 (V)
ProtectDetector CDD,On ===>> OK
GetDeflection CDD ===>> 2000
SetMagnetDAC 5.864 ===>> OK
Magnet settling time: 0.500
GetMagnetMoving ===>> True
GetMagnetMoving ===>> True
GetMagnetMoving ===>> True
Get Checksum: 1671910529
GetMagnetMoving ===>> True
GetMagnetMoving ===>> True
GetMagnetMoving ===>> True
GetMagnetMoving ===>> True
GetMagnetMoving ===>> True
GetMagnetMoving ===>> False
ProtectDetector CDD,Off ===>> OK
GetDeflection CDD ===>> 50
Wait until signal near baseline. tol= -0.030842919067. timeout= 10
GetData ===>> H2,0.913043239883943,H1,0.662335929869706,AX,-0.010683327597859,L1,0.029206468450837,L2,0.0446466...
GetData ===>> H2,7.75000352521542,H1,4.21606391815732,AX,0.308243068609161,L1,-1.19707473038083E-06,L2,-0.21974...
GetData ===>> H2,6.46381536628946,H1,3.35108979881229,AX,0.586719312654005,L1,-0.0613333272628038,L2,0.00291506...
GetData ===>> H2,3.14857611470875,H1,1.6870006555376,AX,0.202344364544367,L1,-0.0389005882755005,L2,-0.01045249...
Get Checksum: 1671910529
GetData ===>> H2,1.20339078711865,H1,0.87092641263451,AX,0.0333815727980014,L1,-0.0473348946797963,L2,-0.078786...
GetData ===>> H2,0.289745866219065,H1,0.52434063530018,AX,0.00667108210435678,L1,-0.000198021375240287,L2,0.028...
GetData ===>> H2,0.0636623305045777,H1,0.164088403511786,AX,0.00483805044826075,L1,-0.00693333420204797,L2,-0.0...
GetData ===>> H2,0.0479625479033673,H1,0.0765463099652976,AX,-0.0521311395465859,L1,-0.0105211017225329,L2,0.00...
set states for children of C. state=True
set states for children of H. state=False
handle state [('C', True), ('H', False)]
update switch state C True args=() kw={'refresh': True} ncanvase=2
update switch state H False args=() kw={'refresh': False} ncanvase=2
refresh_canvas_needed fired
GetData ===>> H2,-0.00471698158142614,H1,-0.00721911850589656,AX,-0.0403503450967814,L1,-0.00291476377389458,L2...
GetData ===>> H2,-0.0645453432559537,H1,-0.00385544408387766,AX,-0.00571861191496543,L1,-0.000730867859207188,L...
Get Checksum: 678048056
State checksums do not match. Local:-1990985319 Remote:678048056
State checksum failed
GetData ===>> H2,-0.139750819499609,H1,-0.00588320460732632,AX,-0.113053114990125,L1,0.00259868484288865,L2,-0....
GetData ===>> H2,-0.113988734764605,H1,-0.00817333180325159,AX,-0.159020701769188,L1,-0.00978254823537949,L2,-0...
set states for children of B. state=True
set states for children of D. state=True
handle state [('B', True), ('D', True)]
update switch state B True args=() kw={'refresh': True} ncanvase=2
update switch state D True args=() kw={'refresh': False} ncanvase=2
refresh_canvas_needed fired
GetData ===>> H2,-0.0781145100623972,H1,-0.001302793022062,AX,-0.10897429606716,L1,-0.0101086694437689,L2,-0.01...
GetData ===>> H2,-0.0300202906985982,H1,0.062773367625968,AX,-0.127582517721395,L1,-0.0330903606723194,L2,0.038...
GetData ===>> H2,-0.157099039142254,H1,0.0634895340870358,AX,-0.0625425049187844,L1,-0.0289601623762854,L2,0.07...
GetData ===>> H2,-0.184372873511388,H1,0.00690430193393006,AX,-0.0876504134687447,L1,-0.0401774442285483,L2,-0....
Get Checksum: -110011688
GetData ===>> H2,-0.144840614209196,H1,0.0569964788144751,AX,-0.066994240989796,L1,-0.0454556296403425,L2,-0.08...
GetData ===>> H2,-0.214963660834453,H1,0.0153745386108241,AX,-0.072187675675527,L1,-0.0275623066766435,L2,0.031...
GetData ===>> H2,-0.267605493113067,H1,-0.0928712192705959,AX,-0.182737410661487,L1,-0.0315327620898282,L2,-0.0...
Peak center baseline intensity achieved
_do_sweep sm= 5.864, em= 5.894, stm= 0.001
calculated step values: start=5.864, end=5.894, width=0.001, nsteps=31.0
setting magnet DAC
current  : 5.864000
requested: 5.864000
Delta Dac: 0.000000
Checking detector protection. dv=0.00000
Checking detector "CDD". Protection Threshold: 0.1 (V)
SetMagnetDAC 5.864 ===>> OK
GetData ===>> H2,-0.267605493113067,H1,-0.0928712192705959,AX,-0.182737410661487,L1,-0.0315327620898282,L2,-0.0...
setting magnet DAC
current  : 5.864000
requested: 5.865034
Delta Dac: 0.001034
Checking detector protection. dv=0.00103
Checking detector "CDD". Protection Threshold: 0.1 (V)
SetMagnetDAC 5.86503448276 ===>> OK
Magnet settling time: 1.049
GetData ===>> H2,-0.210128504468312,H1,0.0517211814232034,AX,-0.0372425749841477,L1,-0.0469040114620926,L2,0.01...
setting magnet DAC
current  : 5.865034
requested: 5.866069
Delta Dac: 0.001034
Checking detector protection. dv=0.00103
Checking detector "CDD". Protection Threshold: 0.1 (V)
SetMagnetDAC 5.86606896552 ===>> OK
Magnet settling time: 1.049
Get Checksum: -110011688
GetData ===>> H2,-0.176944988742254,H1,0.447981402869391,AX,0.00611420807755205,L1,-0.0321213760935226,L2,-0.03...
setting magnet DAC
current  : 5.866069
requested: 5.867103
Delta Dac: 0.001034
Checking detector protection. dv=0.00103
Checking detector "CDD". Protection Threshold: 0.1 (V)
SetMagnetDAC 5.86710344828 ===>> OK
Magnet settling time: 1.049
GetData ===>> H2,-0.240458087243054,H1,1.732864228367,AX,0.246816628878676,L1,-0.0241985185676062,L2,-0.1189168...
setting magnet DAC
current  : 5.867103
requested: 5.868138
Delta Dac: 0.001034
Checking detector protection. dv=0.00103
Checking detector "CDD". Protection Threshold: 0.1 (V)
SetMagnetDAC 5.86813793103 ===>> OK
Magnet settling time: 1.049
GetData ===>> H2,-0.237243284741246,H1,6.38171930446851,AX,0.836286901434117,L1,-0.0106409916564016,L2,-0.14912...
setting magnet DAC
current  : 5.868138
requested: 5.869172
Delta Dac: 0.001034
Checking detector protection. dv=0.00103
Checking detector "CDD". Protection Threshold: 0.1 (V)
SetMagnetDAC 5.86917241379 ===>> OK
Magnet settling time: 1.049
Get Checksum: -110011688
GetData ===>> H2,-0.299445505053253,H1,18.2893515634989,AX,2.85244992571678,L1,0.0101312558111912,L2,0.00521529...
setting magnet DAC
current  : 5.869172
requested: 5.870207
Delta Dac: 0.001034
Checking detector protection. dv=0.00103
Checking detector "CDD". Protection Threshold: 0.1 (V)
SetMagnetDAC 5.87020689655 ===>> OK
Magnet settling time: 1.049
GetData ===>> H2,-0.234807875500916,H1,39.9419410401505,AX,7.20270354629144,L1,0.0169055791731984,L2,-0.0017080...
setting magnet DAC
current  : 5.870207
requested: 5.871241
Delta Dac: 0.001034
Checking detector protection. dv=0.00103
Checking detector "CDD". Protection Threshold: 0.1 (V)
SetMagnetDAC 5.87124137931 ===>> OK
Magnet settling time: 1.049
Get Checksum: -110011688
GetData ===>> H2,-0.224643918635117,H1,67.1190114916668,AX,13.2665197834273,L1,0.0717399903880911,L2,0.11065243...
setting magnet DAC
current  : 5.871241
requested: 5.872276
Delta Dac: 0.001034
Checking detector protection. dv=0.00103
Checking detector "CDD". Protection Threshold: 0.1 (V)
SetMagnetDAC 5.87227586207 ===>> OK
Magnet settling time: 1.049
GetData ===>> H2,-0.241664111783158,H1,97.4809070787,AX,21.6050979997047,L1,0.168765033946638,L2,0.047585824855...
setting magnet DAC
current  : 5.872276
requested: 5.873310
Delta Dac: 0.001034
Checking detector protection. dv=0.00103
Checking detector "CDD". Protection Threshold: 0.1 (V)
SetMagnetDAC 5.87331034483 ===>> OK
Magnet settling time: 1.049
GetData ===>> H2,-0.197838714514466,H1,105.13470911842,AX,24.3847884203518,L1,0.200344070954188,L2,0.0883567013...
setting magnet DAC
current  : 5.873310
requested: 5.874345
Delta Dac: 0.001034
Checking detector protection. dv=0.00103
Checking detector "CDD". Protection Threshold: 0.1 (V)
SetMagnetDAC 5.87434482759 ===>> OK
Magnet settling time: 1.049
Get Checksum: -110011688
GetData ===>> H2,-0.103479134652188,H1,107.759397382917,AX,25.6117620925635,L1,0.273346899290945,L2,0.267317382...
setting magnet DAC
current  : 5.874345
requested: 5.875379
Delta Dac: 0.001034
Checking detector protection. dv=0.00103
Checking detector "CDD". Protection Threshold: 0.1 (V)
SetMagnetDAC 5.87537931034 ===>> OK
Magnet settling time: 1.049
GetData ===>> H2,-0.143388163008296,H1,108.271258481232,AX,25.8754699799306,L1,0.273458796236167,L2,0.212622388...
setting magnet DAC
current  : 5.875379
requested: 5.876414
Delta Dac: 0.001034
Checking detector protection. dv=0.00103
Checking detector "CDD". Protection Threshold: 0.1 (V)
SetMagnetDAC 5.8764137931 ===>> OK
Magnet settling time: 1.049
GetData ===>> H2,-0.0695656762646043,H1,108.461160780313,AX,25.883775234665,L1,0.319253738064377,L2,0.144812813...
setting magnet DAC
current  : 5.876414
requested: 5.877448
Delta Dac: 0.001034
Checking detector protection. dv=0.00103
Checking detector "CDD". Protection Threshold: 0.1 (V)
SetMagnetDAC 5.87744827586 ===>> OK
Magnet settling time: 1.049
Get Checksum: -110011688
GetData ===>> H2,-0.308227006377406,H1,108.483546845408,AX,25.8211595747766,L1,0.314613821318786,L2,0.190827735...
setting magnet DAC
current  : 5.877448
requested: 5.878483
Delta Dac: 0.001034
Checking detector protection. dv=0.00103
Checking detector "CDD". Protection Threshold: 0.1 (V)
SetMagnetDAC 5.87848275862 ===>> OK
Magnet settling time: 1.049
GetData ===>> H2,-0.101840226464627,H1,108.651969110037,AX,26.0271386488,L1,0.339466009483788,L2,0.135781246269...
setting magnet DAC
current  : 5.878483
requested: 5.879517
Delta Dac: 0.001034
Checking detector protection. dv=0.00103
Checking detector "CDD". Protection Threshold: 0.1 (V)
SetMagnetDAC 5.87951724138 ===>> OK
Magnet settling time: 1.049
GetData ===>> H2,-0.0674986761493741,H1,108.67662809681,AX,25.8335852850795,L1,0.330373035927101,L2,0.266132109...
setting magnet DAC
current  : 5.879517
requested: 5.880552
Delta Dac: 0.001034
Checking detector protection. dv=0.00103
Checking detector "CDD". Protection Threshold: 0.1 (V)
SetMagnetDAC 5.88055172414 ===>> OK
Magnet settling time: 1.049
Get Checksum: -110011688
GetData ===>> H2,-0.0906780071297944,H1,108.575624832851,AX,26.09181677186,L1,0.335537731677855,L2,0.1751295302...
setting magnet DAC
current  : 5.880552
requested: 5.881586
Delta Dac: 0.001034
Checking detector protection. dv=0.00103
Checking detector "CDD". Protection Threshold: 0.1 (V)
SetMagnetDAC 5.8815862069 ===>> OK
Magnet settling time: 1.049
GetData ===>> H2,-0.127512468592969,H1,108.532042741283,AX,25.9005979201393,L1,0.292832183255701,L2,0.320076868...
setting magnet DAC
current  : 5.881586
requested: 5.882621
Delta Dac: 0.001034
Checking detector protection. dv=0.00103
Checking detector "CDD". Protection Threshold: 0.1 (V)
SetMagnetDAC 5.88262068966 ===>> OK
Magnet settling time: 1.049
GetData ===>> H2,-0.187587865341859,H1,108.484907022963,AX,25.7754880795744,L1,0.340075746978222,L2,0.218146010...
setting magnet DAC
current  : 5.882621
requested: 5.883655
Delta Dac: 0.001034
Checking detector protection. dv=0.00103
Checking detector "CDD". Protection Threshold: 0.1 (V)
SetMagnetDAC 5.88365517241 ===>> OK
Magnet settling time: 1.049
Get Checksum: -110011688
GetData ===>> H2,-0.170883137147464,H1,107.99825720656,AX,25.6869566278839,L1,0.328811222604053,L2,0.1880894909...
setting magnet DAC
current  : 5.883655
requested: 5.884690
Delta Dac: 0.001034
Checking detector protection. dv=0.00103
Checking detector "CDD". Protection Threshold: 0.1 (V)
SetMagnetDAC 5.88468965517 ===>> OK
Magnet settling time: 1.049
GetData ===>> H2,-0.143517757290563,H1,106.165296318639,AX,24.9063453010776,L1,0.318363627672563,L2,0.242572453...
setting magnet DAC
current  : 5.884690
requested: 5.885724
Delta Dac: 0.001034
Checking detector protection. dv=0.00103
Checking detector "CDD". Protection Threshold: 0.1 (V)
SetMagnetDAC 5.88572413793 ===>> OK
Magnet settling time: 1.049
Get Checksum: -110011688
GetData ===>> H2,0.0825413422342289,H1,100.946656396549,AX,22.4773662649512,L1,0.270532851261975,L2,0.164178818...
setting magnet DAC
current  : 5.885724
requested: 5.886759
Delta Dac: 0.001034
Checking detector protection. dv=0.00103
Checking detector "CDD". Protection Threshold: 0.1 (V)
SetMagnetDAC 5.88675862069 ===>> OK
Magnet settling time: 1.049
GetData ===>> H2,-0.072942053737194,H1,78.4058416946648,AX,15.0363483128681,L1,0.233232963573643,L2,0.005033091...
setting magnet DAC
current  : 5.886759
requested: 5.887793
Delta Dac: 0.001034
Checking detector protection. dv=0.00103
Checking detector "CDD". Protection Threshold: 0.1 (V)
SetMagnetDAC 5.88779310345 ===>> OK
Magnet settling time: 1.049
GetData ===>> H2,-0.118659882621132,H1,50.2195993357878,AX,8.25507462625465,L1,0.171980177902292,L2,0.151404570...
setting magnet DAC
current  : 5.887793
requested: 5.888828
Delta Dac: 0.001034
Checking detector protection. dv=0.00103
Checking detector "CDD". Protection Threshold: 0.1 (V)
SetMagnetDAC 5.88882758621 ===>> OK
Magnet settling time: 1.049
Get Checksum: -110011688
GetData ===>> H2,-0.116240651955542,H1,24.6220982022449,AX,3.40116195871261,L1,0.0766944752967066,L2,0.08240749...
setting magnet DAC
current  : 5.888828
requested: 5.889862
Delta Dac: 0.001034
Checking detector protection. dv=0.00103
Checking detector "CDD". Protection Threshold: 0.1 (V)
SetMagnetDAC 5.88986206897 ===>> OK
Magnet settling time: 1.049
GetData ===>> H2,-0.0349607917405038,H1,9.29974199392574,AX,0.954935704865519,L1,0.0362701116140993,L2,-0.01760...
setting magnet DAC
current  : 5.889862
requested: 5.890897
Delta Dac: 0.001034
Checking detector protection. dv=0.00103
Checking detector "CDD". Protection Threshold: 0.1 (V)
SetMagnetDAC 5.89089655172 ===>> OK
Magnet settling time: 1.049
GetData ===>> H2,-0.0981504657234943,H1,2.81808475005187,AX,0.213228444913302,L1,0.0282094487822519,L2,-0.01033...
setting magnet DAC
current  : 5.890897
requested: 5.891931
Delta Dac: 0.001034
Checking detector protection. dv=0.00103
Checking detector "CDD". Protection Threshold: 0.1 (V)
SetMagnetDAC 5.89193103448 ===>> OK
Magnet settling time: 1.049
Get Checksum: -110011688
GetData ===>> H2,-0.19524842264274,H1,0.711248790172125,AX,-0.162472027768114,L1,-0.0107153226982223,L2,-0.1962...
setting magnet DAC
current  : 5.891931
requested: 5.892966
Delta Dac: 0.001034
Checking detector protection. dv=0.00103
Checking detector "CDD". Protection Threshold: 0.1 (V)
SetMagnetDAC 5.89296551724 ===>> OK
Magnet settling time: 1.049
GetData ===>> H2,-0.238635345924095,H1,0.169073357317662,AX,-0.0817855263282953,L1,0.014220732762183,L2,-0.0867...
setting magnet DAC
current  : 5.892966
requested: 5.894000
Delta Dac: 0.001034
Checking detector protection. dv=0.00103
Checking detector "CDD". Protection Threshold: 0.1 (V)
SetMagnetDAC 5.894 ===>> OK
Magnet settling time: 1.049
GetData ===>> H2,-0.0995166825120341,H1,-0.00492896947796846,AX,0.052736138724445,L1,-0.00103088162563889,L2,2....
result of _do_sweep=True
result of _calculate_peak_center=([5.8716912445580807, 5.8791793241655714, 5.8866674037730622], [80.322481115686969, 108.67618334554555, 80.393408522092145], 5.8794985833736435, 108.67618334554555)
Failed to find a valid peak. No peak greater than 1.0. max = 0.0160524212577
new center pos Detector(H1) (Ar40) @ 5.87917932417
GetHighVoltage ===>> 4500
GetDeflection H1 ===>> 0
dac uncorrected for HV and deflection 5.87917932417
update mftable H1 Ar40 5.87917932417 message=automated run peakcenter
get initial guess parabolic
get initial guess parabolic
get initial guess parabolic
get initial guess parabolic
get initial guess parabolic
get initial guess parabolic
dump mftable to /Users/jan/PychronDev/setupfiles/spectrometer/mftables/mftable.csv
add to repo msg=modified - automated run peakcenter
Get Checksum: -110011688
locally archiving mftable
setting magnet DAC
current  : 5.894000
requested: 5.879179
Delta Dac: 0.014821
Checking detector protection. dv=0.01482
Checking detector "CDD". Protection Threshold: 0.1 (V)
sweep finished
SetMagnetDAC 5.87917932417 ===>> OK
Magnet settling time: 0.500
setting integration time = 1.048576
SetIntegrationTime 1.048576 ===>> OK
Failed to find a valid peak. No peak greater than 1.0. max = 0.0160721109104
flush and close file /Users/jan/PychronDev/data/isotopes/92/1c3533-c583-48eb-805c-6e8a4e1087d2.h5
finished measure script
executed 226.132928
jan_unknown120_60.py completed successfully
Measurement Finished
21:03:32 -- ******* Measurement Finished *******
Post Measurement Started jan_pump_ms.py
21:03:32 -- ******* Post Measurement Started jan_pump_ms.py *******
testing...
no interpolation path defined
executed 0
Pumping spectrometer
open () {'name': 'O'}
opening name=O desc=---
checking ownership. requestor=129.138.12.150
check software interlocks O
interlocks []
actuate state mode=None-script, software_lock=False
doing actuation None-script open_channel True
Open O ===>> OK
GetIndicatorState O ===>> OK
change switch state (True, True)
update switch state O True args=() kw={} ncanvase=2
21:03:32 -- OPEN   VALVE-O (Jan Ion Pump)
---------------------------------------- open O () result=[(True, True)], time=0.10 sec
action=open, ok=True, locked=[False]
executed 0
jan_pump_ms.py completed successfully
setting _ms_pumptime
Post Measurement Finished
21:03:32 -- ******* Post Measurement Finished *******
$$$$$$$$$$$$$$$$$$$$ state at run end measurement
state changed from measurement to success
post measurement save measured=True aborted=False
Set filtering
setting fod for Ar40= {'filter_outliers': True, 'std_devs': 2, 'iterations': 1}
setting fod for H1= {'filter_outliers': True, 'std_devs': 2, 'iterations': 1}
setting fod for PM41= {'filter_outliers': False, 'std_devs': 2, 'iterations': 1}
setting fod for H2= {'filter_outliers': True, 'std_devs': 2, 'iterations': 1}
setting fod for Ar36= {'filter_outliers': True, 'std_devs': 2, 'iterations': 1}
setting fod for CDD= {'filter_outliers': True, 'std_devs': 10, 'iterations': 1}
setting fod for Ar37= {'filter_outliers': True, 'std_devs': 2, 'iterations': 1}
setting fod for L2= {'filter_outliers': True, 'std_devs': 2, 'iterations': 1}
setting fod for Ar38= {'filter_outliers': True, 'std_devs': 2, 'iterations': 1}
setting fod for L1= {'filter_outliers': True, 'std_devs': 2, 'iterations': 1}
setting fod for Ar39= {'filter_outliers': True, 'std_devs': 2, 'iterations': 1}
setting fod for AX= {'filter_outliers': True, 'std_devs': 2, 'iterations': 1}
persistence save...
persistence save - db
post measurement save
5420305200 connecting to database sqlite:////Users/jan/PychronDev/.appdata/local_lab.db
connected to db sqlite:////Users/jan/PychronDev/.appdata/local_lab.db
create new session 5420305200
close session 5420305200
No database instance. Not saving post measurement to isotopedb database
$$$$$$$$$$$$$$$ auto_save_detector_ic=False
massspec enabled True
create new session 5019860144
MassSpec Database Version: 16.0
close session 5019860144
saving post measurement to secondary database
saving to massspec database 129.138.12.160/massspecdata
setting labnumber to 65574
setting aliquot to 11
setting step to 
setting uuid to 921c3533-c583-48eb-805c-6e8a4e1087d2
setting irradpos to 65574
setting extract_device to Fusions CO2
setting tray to 
setting position to 77
setting power_requested to 5.0
setting extract_value to 5.0
setting duration to 30.0
setting duration_at_request to 30.0
setting first_stage_delay to 30.0
setting cleanup to 30.0
setting comment to M:18 w/o inclusions
setting irradiation to NM-289
setting level to M
setting irradiation_level to M
setting sample to NM-2607 WO
setting material to Sanidine
setting project to JoyitaHills
setting mass_spectrometer to Jan
no attribute chron_dosages
no attribute production_ratios
no attribute interference_corrections
no attribute production_name
no attribute j
Reference Isotope=Ar40
Reference Detector=H1
%%%%%%%%%%%%%%%%%%%% Comment: M:18 w/o inclusions %%%%%%%%%%%%%%%%%%%
adding isotope PM41 H2
add baseline dbdet= PM41. original det= H2
get baseline data PM41 H2
Get data baseline <pychron.processing.isotope.Baseline object at 0x13dbffc50> len t=60
baseline PM41. v=-0.208497583199, e=0.00606380277472
get signal data PM41 H2
Get data signal PM41 0.07+/-0.08 len t=120
adding isotope Ar40 H1
add baseline dbdet= Ar40. original det= H1
get baseline data Ar40 H1
Get data baseline <pychron.processing.isotope.Baseline object at 0x13dbffe10> len t=60
baseline Ar40. v=-0.027904957597, e=0.00413790986626
get signal data Ar40 H1
Get data signal Ar40 116.039+/-0.019 len t=120
adding isotope Ar39 AX
add baseline dbdet= Ar39. original det= AX
get baseline data Ar39 AX
Get data baseline <pychron.processing.isotope.Baseline object at 0x13dbfffd0> len t=60
baseline Ar39. v=-0.0740508864706, e=0.00693808408367
get signal data Ar39 AX
Get data signal Ar39 28.324+/-0.012 len t=120
adding isotope Ar38 L1
add baseline dbdet= Ar38. original det= L1
get baseline data Ar38 L1
Get data baseline <pychron.processing.isotope.Baseline object at 0x13dbf31d0> len t=60
baseline Ar38. v=-0.0162884328363, e=0.00296961800543
get signal data Ar38 L1
Get data signal Ar38 0.373+/-0.004 len t=120
adding isotope Ar37 L2
add baseline dbdet= Ar37. original det= L2
get baseline data Ar37 L2
Get data baseline <pychron.processing.isotope.Baseline object at 0x13dbf3390> len t=60
baseline Ar37. v=-0.0340756469867, e=0.00560250052876
get signal data Ar37 L2
Get data signal Ar37 0.240+/-0.010 len t=120
adding isotope Ar36 CDD
add baseline dbdet= Ar36. original det= CDD
get baseline data Ar36 CDD
Get data baseline <pychron.processing.isotope.Baseline object at 0x13dbf3550> len t=60
baseline Ar36. v=4.21785332211e-05, e=9.42282935489e-06
get signal data Ar36 CDD
Get data signal Ar36 0.00940+/-0.00025 len t=120
65574-11 added analysis time 0.461873054504s
analysis added to mass spec database
mass spec save time= 0.470
persistence save - dvc
================= post measurement started
create new session 4983587952
close session 4983587952
---------------- Experiment Queue saving disabled
DVC saving peakcenter
Failed to find a valid peak. No peak greater than 1.0. max = 0.0160721109104
Get Checksum: 2035439760
Smart pull ahead: 0 behind: 0
Up-to-date with origin
add to repo msg=modified - ad8224ebc6dbfeb9f5997218dfa5fe690569839d.json
add to repo msg=modified - 74-11.json
add to repo msg=modified - 74-11.dat.json
add to repo msg=modified - 74-11.blan.json
add to repo msg=modified - 74-11.inte.json
add to repo msg=modified - 74-11.icfa.json
add to repo msg=modified - 74-11.base.json
not at valid file /Users/jan/PychronDev/data/.dvc/repositories/Load1785/655/tags/74-11.tags.json
add to repo msg=modified - 74-11.peak.json
add to repo msg=modified - 74-11.extr.json
not at valid file /Users/jan/PychronDev/data/.dvc/repositories/Load1785/655/monitor/74-11.moni.json
commit message=<COLLECTION>
add to repo msg=modified - 74-11.inte.json
add to repo msg=modified - 74-11.base.json
commit message=<ISOEVO> default collection fits
Get Checksum: 2035439760
add to repo msg=modified - 74-11.blan.json
commit message=<BLANKS> preceding bu-FC-J-7504
add to repo msg=modified - 74-11.icfa.json
commit message=<ICFactor> default
push repository <pychron.git_archive.repo_manager.GitRepoManager object at 0x13dba7770>
pushing to remote=origin, url=https://github.com
Get Checksum: 2035439760
no changes to meta repo
Get Checksum: 2035439760
create new session 4983587952
add association Load1785
get identifier "65574"
setting analysis irradiation position=<pychron.dvc.dvc_orm.IrradiationPositionTbl object at 0x149155b50>
close session 4983587952
================= post measurement finished
21:03:44 -- ******* Post Run Check *******
loading queue conditionals post_run_actions
loading system conditionals post_run_actions
loading conditionals from /Users/jan/PychronDev/setupfiles/spectrometer/default_conditionals.yaml
loading queue conditionals post_run_terminations
loading system conditionals post_run_terminations
loading conditionals from /Users/jan/PychronDev/setupfiles/spectrometer/default_conditionals.yaml
Checking default post run terminations n=1
GetDeflection CDD ===>> 50
testing CDD==2000
evaluate ot="CDD.deflection==2000" t="CDD==2000", ctx="{'CDD': 50.0}"
21:03:44 -- ******* Post Run Check Passed *******
21:03:44 -- Automated run 65574-11 success duration: 361.371 s
----------------- finish -----------------
----------------- stop -----------------
retroactive repository identifiers disabled
finish run. runs completed=42
update duration runid=65574-11, duration=361.370981932, md5=301e91d8
loading script "jan_unknown120_60.py"
loading script "jan_pump_ms.py"
loading script "jan_co2.py"
loading script "jan_pump_extraction_line.py"
testing...
no interpolation path defined
executed 213.652928
script duration name:unknown120_60 seconds:214.0
loading script "jan_unknown120_60.py"
loading script "jan_pump_ms.py"
loading script "jan_co2.py"
loading script "jan_pump_extraction_line.py"
testing...
no interpolation path defined
executed 0
loading script "jan_unknown120_60.py"
loading script "jan_pump_ms.py"
loading script "jan_co2.py"
loading script "jan_pump_extraction_line.py"
testing...
no interpolation path defined
calculate duration
testing...
no interpolation path defined
executed 0
calculate duration
testing...
no interpolation path defined
executed 0
executed 0.0
script duration name:co2 seconds:0.0
loading script "jan_unknown120_60.py"
loading script "jan_pump_ms.py"
loading script "jan_co2.py"
loading script "jan_pump_extraction_line.py"
testing...
no interpolation path defined
calculate duration
testing...
no interpolation path defined
executed 4.0
executed 4.0
Script duration 214.0
Run total estimated duration= 215.000
unknown120_60 in script context. using previous estimated duration
script duration name:unknown120_60 seconds:214.0
pump_ms in script context. using previous estimated duration
co2 in script context. using previous estimated duration
script duration name:co2 seconds:0.0
pump_extraction_line in script context. using previous estimated duration
Script duration 214.0
Run total estimated duration= 215.000
script duration name:unknown120_60 seconds:214.0
script duration name:co2 seconds:0.0
Script duration 214.0
Run total estimated duration= 215.000
script duration name:unknown120_60 seconds:214.0
script duration name:co2 seconds:0.0
Script duration 214.0
Run total estimated duration= 215.000
script duration name:unknown120_60 seconds:214.0
script duration name:co2 seconds:0.0
Script duration 214.0
Run total estimated duration= 215.000
script duration name:unknown120_60 seconds:214.0
script duration name:co2 seconds:0.0
Script duration 214.0
Run total estimated duration= 215.000
script duration name:unknown120_60 seconds:214.0
script duration name:co2 seconds:0.0
Script duration 214.0
Run total estimated duration= 215.000
script duration name:unknown120_60 seconds:214.0
script duration name:co2 seconds:0.0
Script duration 214.0
Run total estimated duration= 215.000
script duration name:unknown120_60 seconds:214.0
script duration name:co2 seconds:0.0
Script duration 214.0
Run total estimated duration= 215.000
loading script "jan_unknown400_120.py"
loading script "jan_pump_ms.py"
loading script "jan_co2.py"
loading script "jan_pump_extraction_line.py"
testing...
no interpolation path defined
executed 556.052928
script duration name:unknown400_120 seconds:556.0
script duration name:co2 seconds:0.0
Script duration 556.0
Run total estimated duration= 557.000
unknown400_120 in script context. using previous estimated duration
script duration name:unknown400_120 seconds:556.0
loading script "jan_unknown400_120.py"
loading script "jan_pump_ms.py"
loading script "jan_sniffair_x2.py"
loading script "jan_pump_extraction_line.py"
testing...
no interpolation path defined
calculate duration
testing...
no interpolation path defined
executed 0
calculate duration
testing...
no interpolation path defined
executed 0
calculate duration
testing...
no interpolation path defined
executed 32.0
calculate duration
testing...
no interpolation path defined
executed 34.0
calculate duration
testing...
no interpolation path defined
executed 4.0
calculate duration
testing...
no interpolation path defined
executed 36.0
calculate duration
testing...
no interpolation path defined
executed 34.0
calculate duration
testing...
no interpolation path defined
executed 4.0
calculate duration
testing...
no interpolation path defined
executed 36.0
calculate duration
testing...
no interpolation path defined
executed 70.0
executed 250.0
script duration name:sniffair_x2 seconds:250.0
Script duration 806.0
Run total estimated duration= 807.000
loading script "jan_ic_peak_hop3.py"
loading script "jan_pump_ms.py"
loading script "jan_air_x1.py"
loading script "jan_pump_extraction_line.py"
testing...
no interpolation path defined
executed 133.8
script duration name:ic_peak_hop3 seconds:134.0
loading script "jan_ic_peak_hop3.py"
loading script "jan_pump_ms.py"
loading script "jan_air_x1.py"
loading script "jan_pump_extraction_line.py"
testing...
no interpolation path defined
calculate duration
testing...
no interpolation path defined
executed 0
calculate duration
testing...
no interpolation path defined
executed 0
calculate duration
testing...
no interpolation path defined
executed 32.0
calculate duration
testing...
no interpolation path defined
executed 34.0
calculate duration
testing...
no interpolation path defined
executed 4.0
calculate duration
testing...
no interpolation path defined
executed 36.0
executed 106.0
script duration name:air_x1 seconds:106.0
Script duration 240.0
Run total estimated duration= 241.000
script duration name:unknown120_60 seconds:214.0
script duration name:co2 seconds:0.0
Script duration 214.0
Run total estimated duration= 215.000
script duration name:unknown120_60 seconds:214.0
script duration name:co2 seconds:0.0
Script duration 214.0
Run total estimated duration= 215.000
script duration name:unknown120_60 seconds:214.0
script duration name:co2 seconds:0.0
Script duration 214.0
Run total estimated duration= 215.000
script duration name:unknown120_60 seconds:214.0
script duration name:co2 seconds:0.0
Script duration 214.0
Run total estimated duration= 215.000
script duration name:unknown120_60 seconds:214.0
script duration name:co2 seconds:0.0
Script duration 214.0
Run total estimated duration= 215.000
script duration name:unknown120_60 seconds:214.0
script duration name:co2 seconds:0.0
Script duration 214.0
Run total estimated duration= 215.000
script duration name:unknown120_60 seconds:214.0
script duration name:co2 seconds:0.0
Script duration 214.0
Run total estimated duration= 215.000
script duration name:unknown120_60 seconds:214.0
script duration name:co2 seconds:0.0
Script duration 214.0
Run total estimated duration= 215.000
script duration name:unknown120_60 seconds:214.0
script duration name:co2 seconds:0.0
Script duration 214.0
Run total estimated duration= 215.000
script duration name:unknown120_60 seconds:214.0
script duration name:co2 seconds:0.0
Script duration 214.0
Run total estimated duration= 215.000
script duration name:unknown400_120 seconds:556.0
loading script "jan_unknown400_120.py"
loading script "jan_pump_ms.py"
loading script "jan_cocktail_x1.py"
loading script "jan_pump_extraction_line.py"
testing...
no interpolation path defined
calculate duration
testing...
no interpolation path defined
executed 0
calculate duration
testing...
no interpolation path defined
executed 0
calculate duration
testing...
no interpolation path defined
executed 32.0
calculate duration
testing...
no interpolation path defined
executed 34.0
calculate duration
testing...
no interpolation path defined
executed 4.0
calculate duration
testing...
no interpolation path defined
executed 38.0
executed 108.0
script duration name:cocktail_x1 seconds:108.0
Script duration 664.0
Run total estimated duration= 665.000
script duration name:unknown120_60 seconds:214.0
script duration name:co2 seconds:0.0
Script duration 214.0
Run total estimated duration= 215.000
script duration name:unknown120_60 seconds:214.0
script duration name:co2 seconds:0.0
Script duration 214.0
Run total estimated duration= 215.000
script duration name:unknown120_60 seconds:214.0
script duration name:co2 seconds:0.0
Script duration 214.0
Run total estimated duration= 215.000
script duration name:unknown120_60 seconds:214.0
script duration name:co2 seconds:0.0
Script duration 214.0
Run total estimated duration= 215.000
script duration name:unknown120_60 seconds:214.0
script duration name:co2 seconds:0.0
Script duration 214.0
Run total estimated duration= 215.000
script duration name:unknown400_120 seconds:556.0
script duration name:co2 seconds:0.0
Script duration 556.0
Run total estimated duration= 557.000
script duration name:unknown120_60 seconds:214.0
script duration name:co2 seconds:0.0
Script duration 214.0
Run total estimated duration= 215.000
script duration name:unknown120_60 seconds:214.0
script duration name:co2 seconds:0.0
Script duration 214.0
Run total estimated duration= 215.000
script duration name:unknown120_60 seconds:214.0
script duration name:co2 seconds:0.0
Script duration 214.0
Run total estimated duration= 215.000
script duration name:unknown120_60 seconds:214.0
script duration name:co2 seconds:0.0
Script duration 214.0
Run total estimated duration= 215.000
script duration name:unknown120_60 seconds:214.0
script duration name:co2 seconds:0.0
Script duration 214.0
Run total estimated duration= 215.000
script duration name:unknown120_60 seconds:214.0
script duration name:co2 seconds:0.0
Script duration 214.0
Run total estimated duration= 215.000
script duration name:unknown120_60 seconds:214.0
script duration name:co2 seconds:0.0
Script duration 214.0
Run total estimated duration= 215.000
script duration name:unknown120_60 seconds:214.0
script duration name:co2 seconds:0.0
Script duration 214.0
Run total estimated duration= 215.000
script duration name:unknown120_60 seconds:214.0
script duration name:co2 seconds:0.0
Script duration 214.0
Run total estimated duration= 215.000
script duration name:unknown120_60 seconds:214.0
script duration name:co2 seconds:0.0
Script duration 214.0
Run total estimated duration= 215.000
script duration name:unknown120_60 seconds:214.0
script duration name:co2 seconds:0.0
Script duration 214.0
Run total estimated duration= 215.000
script duration name:unknown120_60 seconds:214.0
script duration name:co2 seconds:0.0
Script duration 214.0
Run total estimated duration= 215.000
script duration name:unknown120_60 seconds:214.0
script duration name:co2 seconds:0.0
Script duration 214.0
Run total estimated duration= 215.000
script duration name:unknown120_60 seconds:214.0
script duration name:co2 seconds:0.0
Script duration 214.0
Run total estimated duration= 215.000
script duration name:unknown120_60 seconds:214.0
script duration name:co2 seconds:0.0
Script duration 214.0
Run total estimated duration= 215.000
script duration name:unknown400_120 seconds:556.0
script duration name:co2 seconds:0.0
Script duration 556.0
Run total estimated duration= 557.000
script duration name:unknown400_120 seconds:556.0
cocktail_x1 in script context. using previous estimated duration
script duration name:cocktail_x1 seconds:108.0
Script duration 664.0
Run total estimated duration= 665.000
script duration name:unknown400_120 seconds:556.0
script duration name:cocktail_x1 seconds:108.0
Script duration 664.0
Run total estimated duration= 665.000
script duration name:unknown400_120 seconds:556.0
sniffair_x2 in script context. using previous estimated duration
script duration name:sniffair_x2 seconds:250.0
Script duration 806.0
Run total estimated duration= 807.000
ic_peak_hop3 in script context. using previous estimated duration
script duration name:ic_peak_hop3 seconds:134.0
air_x1 in script context. using previous estimated duration
script duration name:air_x1 seconds:106.0
Script duration 240.0
Run total estimated duration= 241.000
script duration name:unknown120_60 seconds:214.0
script duration name:co2 seconds:0.0
Script duration 214.0
Run total estimated duration= 215.000
script duration name:unknown120_60 seconds:214.0
script duration name:co2 seconds:0.0
Script duration 214.0
Run total estimated duration= 215.000
script duration name:unknown120_60 seconds:214.0
script duration name:co2 seconds:0.0
Script duration 214.0
Run total estimated duration= 215.000
script duration name:unknown120_60 seconds:214.0
script duration name:co2 seconds:0.0
Script duration 214.0
Run total estimated duration= 215.000
script duration name:unknown120_60 seconds:214.0
script duration name:co2 seconds:0.0
Script duration 214.0
Run total estimated duration= 215.000
script duration name:unknown120_60 seconds:214.0
script duration name:co2 seconds:0.0
Script duration 214.0
Run total estimated duration= 215.000
script duration name:unknown120_60 seconds:214.0
script duration name:co2 seconds:0.0
Script duration 214.0
Run total estimated duration= 215.000
script duration name:unknown120_60 seconds:214.0
script duration name:co2 seconds:0.0
Script duration 214.0
Run total estimated duration= 215.000
script duration name:unknown120_60 seconds:214.0
script duration name:co2 seconds:0.0
Script duration 214.0
Run total estimated duration= 215.000
script duration name:unknown120_60 seconds:214.0
script duration name:co2 seconds:0.0
Script duration 214.0
Run total estimated duration= 215.000
script duration name:unknown120_60 seconds:214.0
script duration name:co2 seconds:0.0
Script duration 214.0
Run total estimated duration= 215.000
nruns=60 before=5.0, run_dur=16512.0, btw=1770.0
write rem/ex queues
/Users/jan/PychronDev/experiments/rem/CurrentExperimentPartial.rem.txt
/Users/jan/PychronDev/experiments/rem/CurrentExperimentPartial.ex.txt
doing event level: 3
