do run
loading script "jan_unknown120_60.py"
loading script "jan_pump_ms.py"
loading script "jan_co2.py"
loading script "jan_pump_extraction_line.py"
testing...
no interpolation path defined
executed 213.652928
script duration name:unknown120_60 seconds:214.0
loading script "jan_unknown120_60.py"
loading script "jan_pump_ms.py"
loading script "jan_co2.py"
loading script "jan_pump_extraction_line.py"
testing...
no interpolation path defined
executed 0
loading script "jan_unknown120_60.py"
loading script "jan_pump_ms.py"
loading script "jan_co2.py"
loading script "jan_pump_extraction_line.py"
testing...
no interpolation path defined
calculate duration
testing...
no interpolation path defined
executed 0
calculate duration
testing...
no interpolation path defined
executed 0
executed 0.0
script duration name:co2 seconds:0.0
loading script "jan_unknown120_60.py"
loading script "jan_pump_ms.py"
loading script "jan_co2.py"
loading script "jan_pump_extraction_line.py"
testing...
no interpolation path defined
calculate duration
testing...
no interpolation path defined
executed 4.0
executed 4.0
Script duration 214.0
Run total estimated duration= 215.000
run duration: 0:03:35
doing event level: 2
00:58:33 -- Setting default integration. t=1.048576
setting integration time = 1.048576
SetIntegrationTime 1.048576 ===>> OK
----------------- start -----------------
**************** Experiment Type: Ar/Ar, Ar/Ar
create new session 4993924272
close session 4993924272
$$$$$ Clearing conditionals
adding conditionals 
Add queue conditionals
add default conditionals
adding default conditionals from /Users/jan/PychronDev/setupfiles/spectrometer/default_conditionals.yaml
Start automated run 65575-09B
loading script "jan_unknown120_60.py"
loading script "jan_pump_ms.py"
loading script "jan_co2.py"
loading script "jan_pump_extraction_line.py"
%%%%%%%%%%%%%%%%%% setting automated run 65575-09B
No value "sensitivity_multiplier" in metadata
$$$$$$$$$$$$$$$ auto_save_detector_ic=False
============================= Pre Extraction Check =============================
loading queue conditionals pre_run_terminations
loading system conditionals pre_run_terminations
loading conditionals from /Users/jan/PychronDev/setupfiles/spectrometer/default_conditionals.yaml
00:58:33 -- ******* Pre Extraction Check *******
Get a measurement from the spectrometer
GetData ===>> H2,-0.139108991989263,H1,-0.073336499225962,AX,0.0690899794640839,L1,0.00157833722363712,L2,-0.00...
Pre Extraction Termination data. keys=H2,H1,AX,L1,L2,CDD, signals=-0.13911,-0.07334,0.06909,0.00158,-0.00947,0.00357
00:58:33 -- testing system defined conditionals
Checking default pre extraction terminations n=2
testing CDD
evaluate ot="CDD.inactive" t="CDD", ctx="{'CDD': False}"
GetDeflection CDD ===>> 50
testing CDD==2000
evaluate ot="CDD.deflection==2000" t="CDD==2000", ctx="{'CDD': 50.0}"
00:58:33 -- ******* Pre Extraction Check Passed *******
=================================================================================
00:58:33 -- stopping status monitor
stop 4977824688
Alive clients [4983939824]
00:58:33 -- starting status monitor
start 4977824688
Monitor already running
start extraction
do extraction
Analysis started at 00:58:33.928670
Extraction Started jan_co2.py
00:58:33 -- ******* Extraction Started jan_co2.py *******
state changed from not run to extraction
DO EXTRACTION <pychron.extraction_line.pyscript_runner.RemotePyScriptRunner object at 0x12c3c43b0>
testing...
no interpolation path defined
calculate duration
testing...
no interpolation path defined
executed 0
calculate duration
testing...
no interpolation path defined
executed 0
executed 100.0
Jan CO2 laser analysis
doing GOSUB
testing...
no interpolation path defined
executed 0
Waiting for CO2 access
wait ('FelixCO2Flag', 0) {}
waiting for FelixCO2Flag = 0
Read FelixCO2Flag ===>> 0
finished waiting
CO2 free
wait ('CO2PumpTimeFlag', 0) {}
waiting for CO2PumpTimeFlag = 0
Read CO2PumpTimeFlag ===>> 0
finished waiting
acquire ('JanCO2Flag',) {'clear': True}
acquire JanCO2Flag
Set JanCO2Flag 1 ===>> OK
JanCO2Flag acquired
set extraction state False (0.75, 'red', 1.5)
CO2 acquired
executed 0
WaitForCO2Access.py completed successfully
gosub finished
doing GOSUB
testing...
no interpolation path defined
executed 0
Prepare for CO2 analysis
close () {'description': 'Jan Inlet'}
closing name=--- desc=Jan Inlet
checking ownership. requestor=129.138.12.150
check software interlocks R
interlocks []
actuate state mode=None-script, software_lock=False
doing actuation None-script close_channel False
Close R ===>> OK
GetIndicatorState R ===>> False
change switch state (True, True)
update switch state R False args=() kw={} ncanvase=2
00:58:34 -- CLOSE  VALVE-R (Jan Inlet)
---------------------------------------- close None (Jan Inlet) result=[(True, True)]
action=close, ok=True, locked=[False]
open () {'description': 'Jan Ion Pump'}
opening name=--- desc=Jan Ion Pump
checking ownership. requestor=129.138.12.150
check software interlocks O
interlocks []
actuate state mode=None-script, software_lock=False
doing actuation None-script open_channel False
Open O ===>> OK
GetIndicatorState O ===>> OK
change switch state (True, True)
update switch state O True args=() kw={} ncanvase=2
00:58:34 -- OPEN   VALVE-O (Jan Ion Pump)
---------------------------------------- open None (Jan Ion Pump) result=[(True, True)], time=0.09 sec
action=open, ok=True, locked=[False]
close () {'description': 'Microbone to Minibone'}
closing name=--- desc=Microbone to Minibone
checking ownership. requestor=129.138.12.150
check software interlocks L
interlocks []
actuate state mode=None-script, software_lock=False
doing actuation None-script close_channel False
Close L ===>> OK
GetIndicatorState L ===>> False
change switch state (True, True)
update switch state L False args=() kw={} ncanvase=2
00:58:35 -- CLOSE  VALVE-L (Microbone to Minibone)
---------------------------------------- close None (Microbone to Minibone) result=[(True, True)]
action=close, ok=True, locked=[False]
open () {'description': 'Microbone to Turbo'}
opening name=--- desc=Microbone to Turbo
checking ownership. requestor=129.138.12.150
check software interlocks U
interlocks []
actuate state mode=None-script, software_lock=False
doing actuation None-script open_channel False
Open U ===>> OK
GetIndicatorState U ===>> OK
change switch state (True, True)
update switch state U True args=() kw={} ncanvase=2
00:58:35 -- OPEN   VALVE-U (Microbone to Turbo)
---------------------------------------- open None (Microbone to Turbo) result=[(True, True)], time=0.13 sec
action=open, ok=True, locked=[False]
open () {'description': 'Microbone to Inlet Pipette'}
opening name=--- desc=Microbone to Inlet Pipette
checking ownership. requestor=129.138.12.150
check software interlocks S
interlocks []
actuate state mode=None-script, software_lock=False
doing actuation None-script open_channel False
Open S ===>> OK
GetIndicatorState S ===>> OK
change switch state (True, True)
update switch state S True args=() kw={} ncanvase=2
00:58:36 -- OPEN   VALVE-S (Microbone to Inlet Pipette)
---------------------------------------- open None (Microbone to Inlet Pipette) result=[(True, True)], time=0.41 sec
Get Checksum: 2035211824
action=open, ok=True, locked=[False]
open () {'description': 'Microbone to Getter D-50'}
opening name=--- desc=Microbone to Getter D-50
checking ownership. requestor=129.138.12.150
check software interlocks K
interlocks []
actuate state mode=None-script, software_lock=False
doing actuation None-script open_channel False
Open K ===>> OK
GetIndicatorState K ===>> OK
change switch state (True, True)
update switch state K True args=() kw={} ncanvase=2
00:58:37 -- OPEN   VALVE-K (Microbone to Getter D-50)
---------------------------------------- open None (Microbone to Getter D-50) result=[(True, True)], time=0.42 sec
action=open, ok=True, locked=[False]
open () {'description': 'Microbone to Getter NP-10'}
opening name=--- desc=Microbone to Getter NP-10
checking ownership. requestor=129.138.12.150
check software interlocks M
interlocks []
actuate state mode=None-script, software_lock=False
doing actuation None-script open_channel False
Open M ===>> OK
GetIndicatorState M ===>> OK
change switch state (True, True)
update switch state M True args=() kw={} ncanvase=2
00:58:37 -- OPEN   VALVE-M (Microbone to Getter NP-10)
---------------------------------------- open None (Microbone to Getter NP-10) result=[(True, True)], time=0.14 sec
action=open, ok=True, locked=[False]
close () {'description': 'CO2 Laser to Felix'}
closing name=--- desc=CO2 Laser to Felix
checking ownership. requestor=129.138.12.150
check software interlocks F
interlocks []
actuate state mode=None-script, software_lock=True
VALVE-F(CO2 Laser to Felix) software locked
change switch state (True, False)
---------------------------------------- close None (CO2 Laser to Felix) result=[(True, False)]
action=close, ok=True, locked=[True]
open () {'description': 'CO2 Laser to Jan'}
opening name=--- desc=CO2 Laser to Jan
checking ownership. requestor=129.138.12.150
check software interlocks A
interlocks []
actuate state mode=None-script, software_lock=False
doing actuation None-script open_channel False
Open A ===>> OK
GetIndicatorState A ===>> OK
change switch state (True, True)
update switch state A True args=() kw={} ncanvase=2
00:58:37 -- OPEN   VALVE-A (CO2 Laser to Jan)
---------------------------------------- open None (CO2 Laser to Jan) result=[(True, True)], time=0.15 sec
action=open, ok=True, locked=[False]
open () {'description': 'Microbone to CO2 Laser'}
opening name=--- desc=Microbone to CO2 Laser
checking ownership. requestor=129.138.12.150
check software interlocks T
interlocks []
actuate state mode=None-script, software_lock=False
doing actuation None-script open_channel False
Open T ===>> OK
GetIndicatorState T ===>> OK
change switch state (True, True)
update switch state T True args=() kw={} ncanvase=2
00:58:38 -- OPEN   VALVE-T (Microbone to CO2 Laser)
---------------------------------------- open None (Microbone to CO2 Laser) result=[(True, True)], time=0.41 sec
action=open, ok=True, locked=[False]
executed 0
PrepareForCO2Analysis.py completed successfully
gosub finished
set_motor ('beam', '1.25') {}
setting motor "beam" to 1.25
set motor beam to 1.25
SetMotor beam,1.25 ===>> OK
Get Checksum: 2035211824
GetMotorMoving beam ===>> False
GetMotorMoving beam ===>> False
Block completed
move_to_position ('90',) {'autocenter': True}
FusionsCO2 move to position 90
sending GoToHole 90,True
GoToHole 90,True ===>> OK
GetDriveMoving ===>> False
GetDriveMoving ===>> OK
GetDriveMoving ===>> OK
GetDriveMoving ===>> False
Block completed
GetAutoCorrecting ===>> False
Get Checksum: 2035211824
GetAutoCorrecting ===>> False
Block completed
update position
GetPosition ===>> -7.97560,1.99390,1.00000
got position (-7.9756, 1.9939, 1.0)
move to position succeeded
sleep (5,) {}
SLEEP 5.0
block started
WaitControl setup for 5.0  
Get Checksum: 2035211824
Join finished
block finished. duration 5.01468110085
close () {'description': 'Microbone to Turbo'}
closing name=--- desc=Microbone to Turbo
checking ownership. requestor=129.138.12.150
check software interlocks U
interlocks []
actuate state mode=None-script, software_lock=False
doing actuation None-script close_channel True
Close U ===>> OK
GetIndicatorState U ===>> False
change switch state (True, True)
update switch state U False args=() kw={} ncanvase=2
00:58:47 -- CLOSE  VALVE-U (Microbone to Turbo)
---------------------------------------- close None (Microbone to Turbo) result=[(True, True)]
action=close, ok=True, locked=[False]
enable laser
enable () {}
set extraction state FusionsCO2 Enabled (False, 'red', 1.5)
enabling laser
Enable ===>> OK
begin interval
BEGIN INTERVAL Interval 1 waiting for 30.0
block started
set extract to 0.4
WaitControl setup for 30.0  
extract (0.4,) {}
GetPosition ===>> -7.97560,1.99390,1.00000
set extraction state FusionsCO2 ON! 0.4(watts) (0.75, 'red', 1.5)
extract sample to 0.4 (watts)
set laser output
SetLaserOutput 0.4,watts ===>> OK
executing pattern triangle.lp
execute_pattern ('triangle.lp',) {}
executing pattern triangle.lp
Get Checksum: 1223320555
IsPatterning ===>> OK
IsPatterning ===>> OK
Get Checksum: 1223320555
IsPatterning ===>> OK
IsPatterning ===>> OK
IsPatterning ===>> OK
Get Checksum: 1223320555
IsPatterning ===>> OK
IsPatterning ===>> OK
IsPatterning ===>> OK
Get Checksum: 1223320555
IsPatterning ===>> OK
IsPatterning ===>> OK
IsPatterning ===>> OK
Get Checksum: 1223320555
IsPatterning ===>> OK
IsPatterning ===>> OK
IsPatterning ===>> OK
Get Checksum: 1223320555
IsPatterning ===>> OK
IsPatterning ===>> OK
IsPatterning ===>> OK
Get Checksum: 1223320555
IsPatterning ===>> OK
IsPatterning ===>> OK
IsPatterning ===>> OK
Get Checksum: 1223320555
IsPatterning ===>> OK
IsPatterning ===>> OK
IsPatterning ===>> OK
Get Checksum: 1223320555
IsPatterning ===>> OK
IsPatterning ===>> OK
IsPatterning ===>> OK
Get Checksum: 1223320555
IsPatterning ===>> False
IsPatterning ===>> False
Block completed
COMPLETE INTERVAL waiting for Interval 1 to complete
Join finished
block finished. duration 30.0778288841
Interval 1 finished
end_extract () {}
ending extraction. set laser power to 0
set laser power 0
SetLaserPower 0 ===>> OK
disable () {}
%%%%%%%%%%%%%%%%%%%%%%%%%%%%%%%%%%% disable
set extraction state False (0.75, 'red', 1.5)
disabling laser
Disable ===>> OK
sleep (30.0,) {}
SLEEP 30.0
block started
WaitControl setup for 30.0  
Get Checksum: 1223320555
Get Checksum: 1223320555
Get Checksum: 1223320555
Get Checksum: 1223320555
Get Checksum: 1223320555
Get Checksum: 1223320555
Get Checksum: 1223320555
Get Checksum: 1223320555
Get Checksum: 1223320555
Get Checksum: 1223320555
Join finished
block finished. duration 30.0658628941
executed 166.5
jan_co2.py completed successfully
GetAchievedOutput ===>> No Response
Requested Output= 0.000
Achieved Output=  0.000
GetResponseBlob ===>> No Response
GetOutputBlob ===>> No Response
persistence save...
persistence save - db
AutomatedRunPersister post_extraction_save deprecated
persistence save - dvc
no extraction position for 90
create new session 4983587952
close session 4983587952
Extraction Finished
00:59:49 -- ******* Extraction Finished *******
no overlap. not waiting for min ms pumptime
00:59:49 -- Sending spectrometer configuration
======== Sending configuration ========
SetDeflection CDD,50.0 ===>> OK
SetDeflection H2,0.0 ===>> OK
SetDeflection H1,0.0 ===>> OK
SetDeflection L2,825.0 ===>> OK
SetDeflection L1,400.0 ===>> OK
SetDeflection AX,190.0 ===>> OK
SetZFocus 74.64 ===>> OK
SetZSymmetry -50.72 ===>> OK
SetExtractionLens 26.13 ===>> OK
SetIonRepeller -3.81 ===>> OK
SetElectronEnergy 75.08 ===>> OK
SetYSymmetry -2.81 ===>> OK
SetIonCounterVoltage 1590.0 ===>> OK
send trap current 200.0
GetParameter Trap Current Readback ===>> 198.258926936459
SetParameter Trap Current Set,200.0 ===>> OK
updating mftable name mftable
Using mftable located at /Users/jan/PychronDev/setupfiles/spectrometer/mftables/mftable.csv
============ MFtable ===========
Isotope  H2     H1     AX     L1     L2     CDD    
Ar40     5.7839 5.8791 5.9925 6.1238 6.2310 6.3520
Ar39     5.6831 5.7714 5.8850 6.0099 6.1162 6.2385
Ar36     5.3606 5.4404 5.5483 5.6687 5.7711 5.8896
================================
get initial guess parabolic
get initial guess parabolic
get initial guess parabolic
get initial guess parabolic
get initial guess parabolic
get initial guess parabolic
======== Configuration Finished ========
GetYSymmetry ===>> -2.81
GetZSymmetry ===>> -50.72
GetParameter Trap Current Readback ===>> 198.035158395898
GetHighVoltage ===>> 4500
start measurement
do measurement
L#=65575 analysis type=unknown
Measurement Started jan_unknown120_60.py
00:59:49 -- ******* Measurement Started jan_unknown120_60.py *******
state changed from extraction to measurement
setting spec, defl, and gains
GetExtractionLens ===>> 26.13
GetYSymmetry ===>> -2.81
GetZSymmetry ===>> -50.72
GetZFocus ===>> 74.64
GetDeflection H2 ===>> 0
GetDeflection H1 ===>> 0
GetDeflection AX ===>> 190
GetDeflection L1 ===>> 400
GetDeflection L2 ===>> 825
GetDeflection CDD ===>> 50
GetGain H2 ===>> 0.0113
GetGain H1 ===>> 0.1
GetGain AX ===>> 0.097049
GetGain L1 ===>> 0.010355
GetGain L2 ===>> 0.095649
GetGain CDD ===>> 0
pre measurement save
New frame /Users/jan/PychronDev/data/isotopes/84/9f73b2-cd30-4054-8196-97a98de42151.h5
flush and close file /Users/jan/PychronDev/data/isotopes/84/9f73b2-cd30-4054-8196-97a98de42151.h5
testing...
no interpolation path defined
executed 226.132928
unknown measurement script
activate_detectors ('H2', 'H1', 'AX', 'L1', 'L2', 'CDD') {}
activate detectors
*************** Set Analysis View Ar/Ar
create graphs
clearing graphs
clear isotope group
setting isotope det=H2, iso=PM41
setting isotope det=H1, iso=Ar40
setting isotope det=AX, iso=Ar39
setting isotope det=L1, iso=Ar38
setting isotope det=L2, iso=Ar37
setting isotope det=CDD, iso=Ar36
setting previous blanks
 - setting Ar40 blank 0.606+/-0.006
 - setting Ar36 blank 0.00602+/-0.00019
 - setting Ar37 blank 0.043+/-0.005
 - setting Ar38 blank 0.0055+/-0.0021
 - setting PM41 blank 0.03+/-0.06
 - setting Ar39 blank 0.023+/-0.009
load analysis view
position_magnet ('Ar40',) {'detector': 'H1'}
detector Detector(H1)
POSITION Ar40 H1
setting detector H2 to PM41 (40.9624)
setting detector H1 to Ar40 (39.9624)
setting detector AX to Ar39 (38.9624)
setting detector L1 to Ar38 (37.9624)
setting detector L2 to Ar37 (36.9624)
setting detector CDD to Ar36 (35.9624)
Mapping mass to dac mass func: "parabolic"
H1 map mass coeffs = [-0.00063987  0.15840543  0.57073999]
H1 map mass to dac 39.9624 >> 5.87913
GetDeflection H1 ===>> 0
GetHighVoltage ===>> 4500
positioning Ar40 (5.87913) on H1
setting magnet DAC
current  : 5.879130
requested: 5.879130
Delta Dac: 0.000000
Checking detector protection. dv=0.00000
Checking detector "CDD". Protection Threshold: 0.1 (V)
SetMagnetDAC 5.87913 ===>> OK
equilibrate () {'delay': 3, 'inlet': 'R', 'outlet': 'O', 'eqtime': 12.0}
Equilibration Started
00:59:50 -- ******* Equilibration Started *******
checking ownership. requestor=129.138.12.150
check software interlocks O
interlocks []
actuate state mode=None-script, software_lock=False
doing actuation None-script close_channel True
Close O ===>> OK
GetIndicatorState O ===>> False
change switch state (True, True)
update switch state O False args=() kw={} ncanvase=2
00:59:50 -- CLOSE  VALVE-O (Jan Ion Pump)
waiting 3s before opening inlet value ('R',)
Get Checksum: 1281862853
checking ownership. requestor=129.138.12.150
check software interlocks R
interlocks []
actuate state mode=None-script, software_lock=False
doing actuation None-script open_channel True
Open R ===>> OK
set states for children of R. state=True
handle state [('R', True)]
update switch state R True args=() kw={'refresh': False} ncanvase=2
refresh_canvas_needed fired
Get Checksum: 594863745
GetIndicatorState R ===>> OK
change switch state (True, True)
update switch state R True args=() kw={} ncanvase=2
00:59:54 -- OPEN   VALVE-R (Jan Inlet)
set_time_zero () {}
sniff (12.0,) {}
equilibrating for 12.0sec
py_sniff
build tables- sniff [Detector(H2), Detector(H1), Detector(AX), Detector(L1), Detector(L2), Detector(CDD)]
add group /sniff/PM41 (Group) '' table H2
add group /sniff/Ar40 (Group) '' table H1
add group /sniff/Ar39 (Group) '' table AX
add group /sniff/Ar38 (Group) '' table L1
add group /sniff/Ar37 (Group) '' table L2
add group /sniff/Ar36 (Group) '' table CDD
flush and close file /Users/jan/PychronDev/data/isotopes/84/9f73b2-cd30-4054-8196-97a98de42151.h5
measuring sniff. ncounts=12.0
starting measurement
GetData ===>> H2,-0.187061726231431,H1,0.0225688376811696,AX,-0.120827889881514,L1,-0.0296610606744632,L2,0.084...
GetData ===>> H2,0.361683045199884,H1,32.4220623792983,AX,9.34158790662794,L1,0.047148053037426,L2,0.2801328918...
GetData ===>> H2,1.06748820365435,H1,115.685406706631,AX,30.3679196346522,L1,0.356975033128295,L2,0.48097419300...
Get Checksum: 594863745
GetData ===>> H2,0.408506320395466,H1,146.642088233915,AX,36.9393893991218,L1,0.49132529425551,L2,0.56129558534...
GetData ===>> H2,0.0715974133238865,H1,156.461502902673,AX,38.879656010694,L1,0.517941910595314,L2,0.4301912693...
GetData ===>> H2,0.0878991519575616,H1,160.272154151911,AX,39.3939426693414,L1,0.518377798416443,L2,0.426374669...
Get Checksum: 594863745
GetData ===>> H2,-0.0779925452464491,H1,161.818639956592,AX,39.6257637216696,L1,0.514269608889271,L2,0.47675943...
GetData ===>> H2,-0.0845713567639273,H1,162.322064668997,AX,39.8334245073437,L1,0.543112966034786,L2,0.44358467...
GetData ===>> H2,0.0381703289437246,H1,162.675418235431,AX,39.8863064261544,L1,0.539308196082586,L2,0.462117731...
Get Checksum: 594863745
GetData ===>> H2,0.0402757335122325,H1,162.674920895222,AX,39.7695942316336,L1,0.530488073794025,L2,0.495024724...
GetData ===>> H2,-0.169988557261961,H1,162.87514781958,AX,39.78413743478,L1,0.530440040954979,L2,0.467805116676...
Get Checksum: 594863745
Equilibration Finished
01:00:06 -- ******* Equilibration Finished *******
GetData ===>> H2,-0.144311997589607,H1,162.86063067245,AX,39.7279444352682,L1,0.506840362478044,L2,0.4155084758...
checking ownership. requestor=129.138.12.150
check software interlocks R
interlocks []
actuate state mode=None-script, software_lock=False
doing actuation None-script close_channel True
Close R ===>> OK
GetIndicatorState R ===>> False
change switch state (True, True)
update switch state R False args=() kw={} ncanvase=2
01:00:07 -- CLOSE  VALVE-R (Jan Inlet)
Post Equilibration Started jan_pump_extraction_line.py
01:00:07 -- ******* Post Equilibration Started jan_pump_extraction_line.py *******
testing...
no interpolation path defined
calculate duration
testing...
no interpolation path defined
executed 4.0
executed 4.0
Pump after analysis
doing GOSUB
testing...
no interpolation path defined
executed 4.0
Pump Microbone
close () {'description': 'Jan Inlet'}
closing name=--- desc=Jan Inlet
checking ownership. requestor=129.138.12.150
check software interlocks R
interlocks []
actuate state mode=None-script, software_lock=False
doing actuation None-script close_channel False
measurement finished
estimated time: 12.583 actual time: :12.666
flush and close file /Users/jan/PychronDev/data/isotopes/84/9f73b2-cd30-4054-8196-97a98de42151.h5
set_fits () {}
using default fits file=/Users/jan/PychronDev/scripts/measurement/fits/nominal_linear.yaml
Close R ===>> OK
set "Ar40" to "('Linear', 'SEM')"
No fit for "PM41". defaulting to linear. check the measurement script "jan_unknown120_60.py"
set "PM41" to "linear"
set "Ar36" to "('Linear', 'SEM')"
set "Ar37" to "('linear', 'SEM')"
set "Ar38" to "('linear', 'SEM')"
set "Ar39" to "('Linear', 'SEM')"
set_baseline_fits () {}
using default fits file=/Users/jan/PychronDev/scripts/measurement/fits/nominal_linear.yaml
set "H1" to "('average', 'SEM')"
set "H2" to "('average', 'SEM')"
set "CDD" to "('average', 'SEM')"
set "L2" to "('average', 'SEM')"
set "L1" to "('average', 'SEM')"
set "AX" to "('average', 'SEM')"
multicollect () {'integration_time': 1, 'ncounts': 120}
build tables- signal [Detector(H2), Detector(H1), Detector(AX), Detector(L1), Detector(L2), Detector(CDD)]
add group /signal/PM41 (Group) '' table H2
add group /signal/Ar40 (Group) '' table H1
add group /signal/Ar39 (Group) '' table AX
add group /signal/Ar38 (Group) '' table L1
add group /signal/Ar37 (Group) '' table L2
add group /signal/Ar36 (Group) '' table CDD
flush and close file /Users/jan/PychronDev/data/isotopes/84/9f73b2-cd30-4054-8196-97a98de42151.h5
measuring signal. ncounts=120
GetIndicatorState R ===>> False
change switch state (True, True)
update switch state R False args=() kw={} ncanvase=2
01:00:07 -- CLOSE  VALVE-R (Jan Inlet)
---------------------------------------- close None (Jan Inlet) result=[(True, True)]
action=close, ok=True, locked=[False]
is_closed ('F',) {}
is F () closed?
is closed True
open () {'description': 'CO2 Laser to Jan'}
opening name=--- desc=CO2 Laser to Jan
checking ownership. requestor=129.138.12.150
check software interlocks A
interlocks []
actuate state mode=None-script, software_lock=False
doing actuation None-script open_channel False
Open A ===>> OK
GetIndicatorState A ===>> OK
change switch state (True, True)
update switch state A True args=() kw={} ncanvase=2
01:00:07 -- OPEN   VALVE-A (CO2 Laser to Jan)
---------------------------------------- open None (CO2 Laser to Jan) result=[(True, True)], time=0.13 sec
starting measurement
GetData ===>> H2,0.00860129345395817,H1,162.833806212354,AX,40.0781619347822,L1,0.498166157576586,L2,0.39403108...
action=open, ok=True, locked=[False]
sleep (1,) {}
SLEEP 1.0
GetData ===>> H2,0.082854678848777,H1,162.910958861331,AX,39.9973699720885,L1,0.526685549014806,L2,0.4053403883...
close () {'description': 'CO2 Laser to Roughing'}
closing name=--- desc=CO2 Laser to Roughing
checking ownership. requestor=129.138.12.150
check software interlocks G
interlocks []
actuate state mode=None-script, software_lock=True
VALVE-G(CO2 Laser to Roughing) software locked
change switch state (True, False)
---------------------------------------- close None (CO2 Laser to Roughing) result=[(True, False)]
action=close, ok=True, locked=[True]
open () {'description': 'Microbone to Turbo'}
opening name=--- desc=Microbone to Turbo
checking ownership. requestor=129.138.12.150
check software interlocks U
interlocks []
actuate state mode=None-script, software_lock=False
doing actuation None-script open_channel True
Open U ===>> OK
GetIndicatorState U ===>> OK
change switch state (True, True)
update switch state U True args=() kw={} ncanvase=2
01:00:09 -- OPEN   VALVE-U (Microbone to Turbo)
---------------------------------------- open None (Microbone to Turbo) result=[(True, True)], time=0.17 sec
Get Checksum: 799532470
action=open, ok=True, locked=[False]
open () {'description': 'Microbone to Getter NP-10'}
opening name=--- desc=Microbone to Getter NP-10
checking ownership. requestor=129.138.12.150
check software interlocks M
interlocks []
actuate state mode=None-script, software_lock=False
doing actuation None-script open_channel False
Open M ===>> OK
GetIndicatorState M ===>> OK
change switch state (True, True)
update switch state M True args=() kw={} ncanvase=2
01:00:09 -- OPEN   VALVE-M (Microbone to Getter NP-10)
---------------------------------------- open None (Microbone to Getter NP-10) result=[(True, True)], time=0.13 sec
action=open, ok=True, locked=[False]
open () {'description': 'Microbone to Getter D-50'}
opening name=--- desc=Microbone to Getter D-50
checking ownership. requestor=129.138.12.150
check software interlocks K
interlocks []
actuate state mode=None-script, software_lock=False
doing actuation None-script open_channel False
GetData ===>> H2,0.00746273224861962,H1,162.608786793179,AX,39.7561423272942,L1,0.542784042653526,L2,0.41444591...
Open K ===>> OK
GetIndicatorState K ===>> OK
change switch state (True, True)
update switch state K True args=() kw={} ncanvase=2
01:00:10 -- OPEN   VALVE-K (Microbone to Getter D-50)
---------------------------------------- open None (Microbone to Getter D-50) result=[(True, True)], time=0.42 sec
action=open, ok=True, locked=[False]
open () {'description': 'Microbone to CO2 Laser'}
opening name=--- desc=Microbone to CO2 Laser
checking ownership. requestor=129.138.12.150
check software interlocks T
interlocks []
actuate state mode=None-script, software_lock=False
doing actuation None-script open_channel False
Open T ===>> OK
GetIndicatorState T ===>> OK
change switch state (True, True)
update switch state T True args=() kw={} ncanvase=2
01:00:11 -- OPEN   VALVE-T (Microbone to CO2 Laser)
---------------------------------------- open None (Microbone to CO2 Laser) result=[(True, True)], time=0.41 sec
GetData ===>> H2,-0.189784208512478,H1,162.557817674145,AX,39.6581075025699,L1,0.51788896502242,L2,0.5066779467...
action=open, ok=True, locked=[False]
open () {'description': 'Microbone to Inlet Pipette'}
opening name=--- desc=Microbone to Inlet Pipette
checking ownership. requestor=129.138.12.150
check software interlocks S
interlocks []
actuate state mode=None-script, software_lock=False
doing actuation None-script open_channel False
Open S ===>> OK
GetIndicatorState S ===>> OK
change switch state (True, True)
update switch state S True args=() kw={} ncanvase=2
01:00:11 -- OPEN   VALVE-S (Microbone to Inlet Pipette)
---------------------------------------- open None (Microbone to Inlet Pipette) result=[(True, True)], time=0.40 sec
action=open, ok=True, locked=[False]
sleep (1,) {}
SLEEP 1.0
GetData ===>> H2,-0.18755395205535,H1,162.800583989582,AX,39.7707397402927,L1,0.513612351723398,L2,0.3461584007...
Get Checksum: 799532470
set_resource () {'name': 'CO2PumpTimeFlag', 'value': 30}
Set CO2PumpTimeFlag 30 ===>> OK
release ('JanCO2Flag',) {}
release JanCO2Flag
Set JanCO2Flag 0 ===>> OK
executed 6.0
PumpMicrobone.py completed successfully
gosub finished
get_resource_value () {'name': 'JanMiniboneFlag'}
Read JanMiniboneFlag ===>> 0
Get Resource Value JanMiniboneFlag=0.0
get resource value 0.0
get_resource_value () {'name': 'JanMiniboneFlag'}
Read JanMiniboneFlag ===>> 0
Get Resource Value JanMiniboneFlag=0.0
executed 4.0
jan_pump_extraction_line.py completed successfully
Post Equilibration Finished
01:00:12 -- ******* Post Equilibration Finished *******
GetData ===>> H2,-0.118757290509961,H1,162.665796025518,AX,39.7451500687976,L1,0.487807637530099,L2,0.378405882...
GetData ===>> H2,-0.109193803432353,H1,162.564390536274,AX,39.7127798752959,L1,0.538703552577173,L2,0.372307261...
GetData ===>> H2,-0.0532478302916027,H1,162.451409376562,AX,39.6394067925684,L1,0.573490322365394,L2,0.40480345...
Get Checksum: 799532470
GetData ===>> H2,-0.128833137950328,H1,162.35816876656,AX,39.4374369812366,L1,0.521022529230123,L2,0.4340308765...
GetData ===>> H2,-0.392234258023562,H1,162.220618463588,AX,39.663736455999,L1,0.477970166824779,L2,0.3632970887...
Get Checksum: 799532470
GetData ===>> H2,-0.288463020748422,H1,162.410682525959,AX,39.7484183073513,L1,0.494469093302737,L2,0.405568872...
GetData ===>> H2,-0.128942623598085,H1,162.21368755093,AX,39.6317681528287,L1,0.513074515089107,L2,0.3143326479...
GetData ===>> H2,-0.166896787819178,H1,162.20120825821,AX,39.6171067114886,L1,0.500753793169983,L2,0.4705804090...
Get Checksum: 799532470
GetData ===>> H2,-0.198130006791698,H1,162.349547206416,AX,39.5742778871808,L1,0.483717504343771,L2,0.361298749...
GetData ===>> H2,-0.194162538833173,H1,162.175159373549,AX,39.4292474328478,L1,0.485255567790261,L2,0.416810982...
GetData ===>> H2,-0.212752405784385,H1,162.024252319695,AX,39.4898527047288,L1,0.514561326314982,L2,0.366745749...
Get Checksum: 799532470
GetData ===>> H2,-0.265445954393255,H1,161.944332108665,AX,39.5127981643982,L1,0.485597117795331,L2,0.420444385...
GetData ===>> H2,-0.255409877361017,H1,161.790928651323,AX,39.5258700200656,L1,0.467706715231304,L2,0.449739127...
GetData ===>> H2,-0.161674896694678,H1,161.979513923242,AX,39.4716104620746,L1,0.445020253658782,L2,0.516047250...
Get Checksum: 799532470
GetData ===>> H2,-0.202363686632604,H1,161.87895094345,AX,39.4900619135317,L1,0.459647812374802,L2,0.3781546209...
GetData ===>> H2,-0.21463779048972,H1,161.932138780372,AX,39.5265815503489,L1,0.46794488438811,L2,0.41142968648...
GetData ===>> H2,-0.168425908896707,H1,161.725266508416,AX,39.4420133327653,L1,0.493420234139106,L2,0.375539254...
Get Checksum: 799532470
GetData ===>> H2,-0.189223314757323,H1,161.523995248201,AX,39.4733410302593,L1,0.513723122472173,L2,0.340518490...
GetData ===>> H2,-0.153249728528284,H1,161.610427762275,AX,39.3974573245341,L1,0.512296732248864,L2,0.473789797...
01:00:33 -- collecting point 25
GetData ===>> H2,-0.204024366527485,H1,161.506924914352,AX,39.4019065830748,L1,0.465871524165083,L2,0.421107096...
Get Checksum: 799532470
GetData ===>> H2,-0.156882896283107,H1,161.379701380889,AX,39.4034826932841,L1,0.463397295718179,L2,0.413623299...
GetData ===>> H2,-0.12843303326699,H1,161.513024356222,AX,39.3181800978739,L1,0.497306342787968,L2,0.4311968658...
GetData ===>> H2,-0.208307040424123,H1,161.52377970364,AX,39.3787834415068,L1,0.49869758107912,L2,0.54934996277...
Get Checksum: 799532470
GetData ===>> H2,-0.25352501169405,H1,161.327475033409,AX,39.276539849759,L1,0.509048399293957,L2,0.34564462999...
GetData ===>> H2,-0.262666763413296,H1,161.198471434651,AX,39.3427968564853,L1,0.466412840852376,L2,0.425780481...
GetData ===>> H2,-0.111293696423212,H1,161.343503297672,AX,39.3273097183954,L1,0.464773021031014,L2,0.361915375...
Get Checksum: 799532470
GetData ===>> H2,-0.128652011226282,H1,161.147475701259,AX,39.3723549598877,L1,0.497057883187513,L2,0.418193487...
GetData ===>> H2,-0.151434216688962,H1,161.16082623389,AX,39.2396780638349,L1,0.498233814141106,L2,0.3816837661...
Get Checksum: 799532470
GetData ===>> H2,-0.22479075989647,H1,161.057600618046,AX,39.3482756958967,L1,0.459983934180332,L2,0.4313682754...
GetData ===>> H2,-0.136334882268601,H1,160.979927530411,AX,39.2154676977139,L1,0.471897577297329,L2,0.435779320...
GetData ===>> H2,-0.125000474716435,H1,160.840049960085,AX,39.3488891188224,L1,0.500967684449226,L2,0.344251754...
Get Checksum: 799532470
GetData ===>> H2,-0.13968211528479,H1,161.049936223365,AX,39.3333035970938,L1,0.506075347903125,L2,0.4327167079...
GetData ===>> H2,-0.0966419449268506,H1,161.036414595076,AX,39.2260599873337,L1,0.499972021378011,L2,0.35353416...
GetData ===>> H2,-0.295784971715834,H1,160.964732425964,AX,39.2029533076637,L1,0.45348651717045,L2,0.4086077685...
Get Checksum: 799532470
GetData ===>> H2,-0.291353974315765,H1,160.961740905899,AX,39.0189912518039,L1,0.45113680521028,L2,0.4383734747...
GetData ===>> H2,-0.24174217589743,H1,160.686452370477,AX,39.2175303315261,L1,0.507895732860431,L2,0.4864913514...
GetData ===>> H2,-0.242604883015104,H1,160.629734363066,AX,39.1842956962477,L1,0.518930914062537,L2,0.406197208...
Get Checksum: 799532470
GetData ===>> H2,-0.225330759496391,H1,160.555816326525,AX,39.0931193705988,L1,0.523382871811672,L2,0.421027114...
GetData ===>> H2,-0.178513813305381,H1,160.561706298475,AX,39.2671978292897,L1,0.47850105881507,L2,0.3569025495...
GetData ===>> H2,-0.157375966157053,H1,160.436355818256,AX,39.1870265721359,L1,0.484315749366389,L2,0.362566262...
Get Checksum: 799532470
GetData ===>> H2,-0.0753062773868007,H1,160.14133762184,AX,39.1101266531179,L1,0.488669118977688,L2,0.443196470...
GetData ===>> H2,-0.149216853742606,H1,160.359942822362,AX,39.1073598035346,L1,0.435248411534409,L2,0.420547219...
GetData ===>> H2,-0.0294361976775374,H1,160.228631167982,AX,39.1456801369076,L1,0.469399800046473,L2,0.38385385...
Get Checksum: 799532470
GetData ===>> H2,-0.183421287818947,H1,160.357858894557,AX,39.0277777548106,L1,0.4773840053431,L2,0.31383046114...
01:00:59 -- collecting point 50
GetData ===>> H2,-0.329435175505912,H1,160.346344016457,AX,38.8644439438836,L1,0.464631881074873,L2,0.381329703...
GetData ===>> H2,-0.283296934929606,H1,160.261519481193,AX,38.8936172265491,L1,0.501459405348141,L2,0.399240053...
GetData ===>> H2,-0.20839865952825,H1,160.114546019758,AX,39.1046146927358,L1,0.497206712229697,L2,0.3478481551...
GetData ===>> H2,-0.0788747279322397,H1,159.965079633674,AX,39.0124470592248,L1,0.50160077944254,L2,0.386754998...
Get Checksum: 799532470
GetData ===>> H2,-0.0426646756133435,H1,159.952740796438,AX,39.0000976346888,L1,0.499930230213855,L2,0.57024720...
GetData ===>> H2,-0.0645189201202612,H1,159.844886422215,AX,39.1720214753643,L1,0.528589099290459,L2,0.45283362...
Get Checksum: 799532470
GetData ===>> H2,-0.218947418534522,H1,159.73501914657,AX,38.972730281414,L1,0.519586651361814,L2,0.40205027194...
GetData ===>> H2,-0.173404581657301,H1,159.832077275317,AX,38.9288250603348,L1,0.485433712964318,L2,0.344183252...
GetData ===>> H2,-0.135818379530512,H1,159.990360796359,AX,38.7722536335661,L1,0.46201561917439,L2,0.4699750915...
Get Checksum: 799532470
GetData ===>> H2,-0.145506324856862,H1,159.720395254741,AX,38.952772582164,L1,0.497934898487293,L2,0.3821977301...
GetData ===>> H2,-0.172465682357841,H1,159.708814040735,AX,38.8684938065389,L1,0.510544474196519,L2,0.361721251...
GetData ===>> H2,-0.151713719485284,H1,159.633598413452,AX,38.9282267830237,L1,0.505669495019647,L2,0.424832074...
Get Checksum: 799532470
GetData ===>> H2,-0.189692525856762,H1,159.582593217171,AX,38.8827738244225,L1,0.508273379940123,L2,0.393825474...
GetData ===>> H2,-0.234602336896145,H1,159.506934687432,AX,38.7737832846127,L1,0.483910363938108,L2,0.349389511...
GetData ===>> H2,-0.274053470116057,H1,159.384516392727,AX,38.8951067070268,L1,0.455095428180108,L2,0.406677030...
Get Checksum: 799532470
GetData ===>> H2,-0.167579721765995,H1,159.280322087694,AX,38.8014456153106,L1,0.479750556271338,L2,0.345245032...
GetData ===>> H2,-0.258579291096159,H1,159.492528209002,AX,38.885641173024,L1,0.484617956144476,L2,0.3937912064...
GetData ===>> H2,-0.228632140977378,H1,159.413056065661,AX,38.6590006221367,L1,0.498193220149168,L2,0.304688838...
Get Checksum: 799532470
GetData ===>> H2,-0.219747722648263,H1,159.340151767979,AX,38.8542572814936,L1,0.486329399813721,L2,0.370228794...
GetData ===>> H2,-0.175432230303882,H1,159.240050559963,AX,38.6623652827164,L1,0.452666817841207,L2,0.380233260...
GetData ===>> H2,-0.16811956136523,H1,159.019569744474,AX,38.5693028587803,L1,0.463983889398068,L2,0.5127793160...
Get Checksum: 799532470
GetData ===>> H2,-0.236394394905153,H1,158.901628514205,AX,38.7070744249421,L1,0.495547574337132,L2,0.374100261...
GetData ===>> H2,-0.234953505795958,H1,159.048295823047,AX,38.7750487383567,L1,0.462811962515808,L2,0.353351480...
GetData ===>> H2,-0.218320878296426,H1,159.039240833003,AX,38.8087760493992,L1,0.496265804399216,L2,0.269454388...
Get Checksum: 799532470
GetData ===>> H2,-0.241991169897409,H1,158.869829416207,AX,38.6185627697199,L1,0.496238746881067,L2,0.378600039...
01:01:25 -- collecting point 75
GetData ===>> H2,-0.351463078833643,H1,158.893132510706,AX,38.6131285682833,L1,0.450264542115134,L2,0.412423661...
GetData ===>> H2,-0.268028226898889,H1,158.856948746492,AX,38.6922760967579,L1,0.464984120921888,L2,0.438807745...
Get Checksum: 799532470
GetData ===>> H2,-0.312061951938026,H1,158.986525453043,AX,38.5391308056026,L1,0.436275973765556,L2,0.452194166...
GetData ===>> H2,-0.156707277175061,H1,159.017258158447,AX,38.7213877512833,L1,0.470608088668215,L2,0.345838720...
Get Checksum: 799532470
GetData ===>> H2,-0.225400782492151,H1,158.727349335471,AX,38.8367110302456,L1,0.497328483042668,L2,0.399045854...
GetData ===>> H2,-0.199847939243104,H1,158.815467289113,AX,38.63939853754,L1,0.489967007192598,L2,0.35469881616...
GetData ===>> H2,-0.112513378633995,H1,158.69327573306,AX,38.7082845216209,L1,0.497563418671739,L2,0.4047920277...
Get Checksum: 799532470
GetData ===>> H2,-0.120350873120968,H1,158.57508429046,AX,38.6972689319229,L1,0.495712369281108,L2,0.3649528872...
GetData ===>> H2,-0.109617604209326,H1,158.606612923127,AX,38.6435828195318,L1,0.469042497931692,L2,0.428042984...
GetData ===>> H2,-0.176780779139639,H1,158.364594881312,AX,38.4795563087583,L1,0.473964779963964,L2,0.294669434...
Get Checksum: 799532470
GetData ===>> H2,-0.157127407586531,H1,158.426815350148,AX,38.5371987080341,L1,0.469008119000134,L2,0.323749138...
GetData ===>> H2,-0.23082220727202,H1,158.198532853666,AX,38.672974331325,L1,0.475018807572148,L2,0.47415528674...
GetData ===>> H2,-0.226749987026764,H1,158.21821984704,AX,38.4937280271996,L1,0.505931452782358,L2,0.4320196345...
Get Checksum: 799532470
GetData ===>> H2,-0.17461951372094,H1,158.282740867509,AX,38.5186994520989,L1,0.49426251002921,L2,0.42576905516...
GetData ===>> H2,-0.199616020109161,H1,158.252111310344,AX,38.3999904890428,L1,0.481489439130609,L2,0.441104841...
GetData ===>> H2,-0.218765523333283,H1,158.25529363572,AX,38.5738319566637,L1,0.454705142919658,L2,0.3295136289...
Get Checksum: 799532470
GetData ===>> H2,-0.173169864128825,H1,158.115609141601,AX,38.5169066674431,L1,0.469926566996559,L2,0.578810900...
GetData ===>> H2,-0.216205113858251,H1,158.028148100839,AX,38.4058772488496,L1,0.496709803808857,L2,0.391563779...
GetData ===>> H2,-0.178990216251694,H1,158.153599788497,AX,38.3199850108404,L1,0.50356915386549,L2,0.3219114235...
Get Checksum: 799532470
GetData ===>> H2,-0.150073061110898,H1,157.880977686912,AX,38.3676758849801,L1,0.481663834806446,L2,0.475571569...
GetData ===>> H2,-0.171124648112411,H1,157.849040254481,AX,38.411611572006,L1,0.475266974269583,L2,0.4278144466...
GetData ===>> H2,-0.113008794819294,H1,157.721571174633,AX,38.3772237454751,L1,0.476381340958646,L2,0.315656607...
Get Checksum: 799532470
GetData ===>> H2,-0.0496258567557003,H1,157.804771886993,AX,38.4321491503999,L1,0.501769201543525,L2,0.37041151...
GetData ===>> H2,-0.138134345555143,H1,157.743306295098,AX,38.4871421320127,L1,0.48880553704694,L2,0.3556122746...
GetData ===>> H2,-0.207109187083566,H1,157.754868151046,AX,38.4374403501508,L1,0.46558553386007,L2,0.3252558629...
Get Checksum: 799532470
01:01:52 -- collecting point 100
GetData ===>> H2,-0.251924914356168,H1,157.780981068382,AX,38.3646060825332,L1,0.453276677744772,L2,0.304255174...
GetData ===>> H2,-0.148286296391766,H1,157.685614838239,AX,38.5658853123953,L1,0.459422101697823,L2,0.347551304...
GetData ===>> H2,-0.0387428063745958,H1,157.631118296118,AX,38.482848995588,L1,0.501357371335365,L2,0.363034447...
Get Checksum: 799532470
GetData ===>> H2,-0.0177997918916354,H1,157.340535860303,AX,38.219445420301,L1,0.521104972149796,L2,0.385624227...
GetData ===>> H2,-0.151628654146296,H1,157.169929425279,AX,38.4129723002755,L1,0.477785835722378,L2,0.435059368...
Get Checksum: 799532470
GetData ===>> H2,-0.159751856960251,H1,157.312542135832,AX,38.3302325968262,L1,0.455216935101326,L2,0.326408751...
GetData ===>> H2,-0.0464426173123236,H1,157.256290989438,AX,38.2820157045928,L1,0.462202122417978,L2,0.41190953...
GetData ===>> H2,-0.0312087596612846,H1,157.456437604376,AX,38.1830838180069,L1,0.507414775634874,L2,0.30966469...
Get Checksum: 799532470
GetData ===>> H2,-0.130127974651937,H1,157.357389599836,AX,38.2888173394512,L1,0.494435892140518,L2,0.395938723...
GetData ===>> H2,-0.176942756185091,H1,157.351636564494,AX,38.3036157374557,L1,0.490238650297419,L2,0.403181236...
GetData ===>> H2,-0.19487817005724,H1,157.149464273754,AX,38.346800045401,L1,0.49821290206471,L2,0.343772244276...
Get Checksum: 799532470
GetData ===>> H2,-0.164079587589881,H1,157.047003406679,AX,38.1686220480743,L1,0.473119670185016,L2,0.490398102...
GetData ===>> H2,-0.176666043997351,H1,157.023318214599,AX,38.2208604776544,L1,0.503109300128104,L2,0.394465156...
GetData ===>> H2,-0.243040922066623,H1,157.109924830138,AX,38.1812239503966,L1,0.500924659985181,L2,0.431653958...
Get Checksum: 799532470
GetData ===>> H2,-0.108745050073019,H1,156.838234811168,AX,38.2553959818014,L1,0.477363115507032,L2,0.452650924...
GetData ===>> H2,-0.153902406380938,H1,156.856348729482,AX,38.2952723194198,L1,0.47928886828693,L2,0.3086261343...
GetData ===>> H2,-0.129437323356033,H1,156.901916801259,AX,38.12184872111,L1,0.477941902508474,L2,0.44742117169...
Get Checksum: 799532470
GetData ===>> H2,-0.100729639706461,H1,156.681937099678,AX,38.1382332034378,L1,0.48969045481919,L2,0.4021987817...
GetData ===>> H2,-0.0186189342149253,H1,156.650167869538,AX,38.0904180590079,L1,0.490321005049992,L2,0.40568311...
GetData ===>> H2,-0.0713380603806914,H1,156.768875167262,AX,38.1069368236916,L1,0.488835033082921,L2,0.34546195...
Get Checksum: 799532470
GetData ===>> H2,-0.124443380306989,H1,156.835787616632,AX,37.9689265232937,L1,0.489898175686617,L2,0.275352517...
measurement finished
estimated time: 125.829 actual time: :126.214
flush and close file /Users/jan/PychronDev/data/isotopes/84/9f73b2-cd30-4054-8196-97a98de42151.h5
baselines () {'settling_time': 15.0, 'detector': 'H1', 'mass': 34.2, 'ncounts': 60}
%%%%%%%%%%%%%%%%%%%%%%%%%%%%%%%% Baseline
build tables- baseline [Detector(H2), Detector(H1), Detector(AX), Detector(L1), Detector(L2), Detector(CDD)]
add group baseline table H2
add group baseline table H1
add group baseline table AX
add group baseline table L1
add group baseline table L2
add group baseline table CDD
flush and close file /Users/jan/PychronDev/data/isotopes/84/9f73b2-cd30-4054-8196-97a98de42151.h5
detector Detector(H1)
POSITION 34.2 H1
Mapping mass to dac mass func: "parabolic"
H1 map mass coeffs = [-0.00063987  0.15840543  0.57073999]
H1 map mass to dac 34.2 >> 5.23978599104
GetDeflection H1 ===>> 0
GetHighVoltage ===>> 4500
positioning 34.2 (5.23978599104) on H1
setting magnet DAC
current  : 5.879130
requested: 5.239786
Delta Dac: 0.639344
Checking detector protection. dv=0.63934
Checking detector "CDD". Protection Threshold: 0.1 (V)
ProtectDetector CDD,On ===>> OK
GetDeflection CDD ===>> 2000
SetMagnetDAC 5.23978599104 ===>> OK
Magnet settling time: 0.500
GetMagnetMoving ===>> True
GetMagnetMoving ===>> True
GetMagnetMoving ===>> True
Get Checksum: 799532470
GetMagnetMoving ===>> True
GetMagnetMoving ===>> True
GetMagnetMoving ===>> True
GetMagnetMoving ===>> True
GetMagnetMoving ===>> True
GetMagnetMoving ===>> False
ProtectDetector CDD,Off ===>> OK
GetDeflection CDD ===>> 50
Delaying 15.0s for detectors to settle
Get Checksum: 799532470
Get Checksum: 799532470
Get Checksum: 799532470
Get Checksum: 799532470
Get Checksum: 799532470
Join finished
measuring baseline. ncounts=60
starting measurement
GetData ===>> H2,-0.305911295623839,H1,-0.064122034281122,AX,0.0699946269717432,L1,-0.0666996891032903,L2,0.006...
GetData ===>> H2,-0.194197580210533,H1,-0.0563969648222472,AX,-0.113377559152836,L1,-0.0125302684270242,L2,-0.0...
Get Checksum: 799532470
GetData ===>> H2,-0.12296938216055,H1,0.0121772383066212,AX,-0.143104545882735,L1,0.00791094256994927,L2,-0.004...
GetData ===>> H2,-0.0711970391611239,H1,-0.042053935060493,AX,-0.0610469541304885,L1,-0.0133812861318846,L2,-0....
Get Checksum: 799532470
GetData ===>> H2,-0.107432766647544,H1,-0.0441643851283978,AX,-0.109275578314198,L1,-0.0311114942693029,L2,0.08...
GetData ===>> H2,-0.115239253536904,H1,-0.0893912432788689,AX,-0.0779604094648956,L1,-0.039930709850483,L2,0.02...
GetData ===>> H2,-0.172847456835803,H1,-0.0155681764425484,AX,-0.0734164388678892,L1,-0.0317078959327836,L2,-0....
Get Checksum: 799532470
GetData ===>> H2,-0.188140549397638,H1,-0.00568043040349837,AX,-0.112207237620842,L1,-0.0352104492971043,L2,-0....
GetData ===>> H2,-0.250258689583198,H1,-0.0821448774652954,AX,0.000800861951668615,L1,-0.0124919110046249,L2,-0...
GetData ===>> H2,-0.254940706989487,H1,-0.12261067615047,AX,-0.0994950165908481,L1,0.00124704658134335,L2,-0.14...
GetData ===>> H2,-0.17840989271938,H1,-0.0926090335146011,AX,-0.0700546914015978,L1,0.00674468137815352,L2,-0.0...
GetData ===>> H2,-0.161110442742139,H1,-0.0951951084380507,AX,-0.131811162631505,L1,0.00881572789205794,L2,-0.0...
Get Checksum: 799532470
GetData ===>> H2,-0.147084157157969,H1,-0.0671260669137251,AX,-0.108047267916442,L1,0.0147360366573583,L2,0.006...
GetData ===>> H2,-0.21410856780932,H1,-0.0168443282243523,AX,-0.0766969287355259,L1,0.0114813569382231,L2,0.031...
GetData ===>> H2,-0.343160038749221,H1,0.0109126626371526,AX,-0.0910810926548765,L1,-0.0379709926036691,L2,-0.0...
Get Checksum: 799532470
GetData ===>> H2,-0.224326151060875,H1,0.0617110634761221,AX,-0.100248293850937,L1,-0.0230374304518601,L2,-0.07...
GetData ===>> H2,-0.148748208134954,H1,-0.0216267709977068,AX,-0.0809741504684105,L1,0.00135027365612882,L2,-0....
GetData ===>> H2,-0.185316512074532,H1,-0.0635140643234998,AX,-0.0291363941444116,L1,-0.0230494163560053,L2,-0....
Get Checksum: 799532470
GetData ===>> H2,-0.134635202172946,H1,-0.0153892753596672,AX,-0.077230142787425,L1,-0.0406122089984323,L2,0.01...
GetData ===>> H2,-0.12454614735183,H1,0.0161142271067895,AX,-0.106332242549817,L1,-0.0421343363393418,L2,-0.041...
GetData ===>> H2,-0.270185268399725,H1,-0.0565638707740178,AX,-0.012168053191909,L1,-0.0626991386860464,L2,0.01...
Get Checksum: 799532470
GetData ===>> H2,-0.228506943045281,H1,-0.0374632543878704,AX,-0.0288464610075301,L1,-0.0138774801432856,L2,0.0...
GetData ===>> H2,-0.171269012543135,H1,-0.115488113312634,AX,-0.0387037031443051,L1,-0.0209408760965606,L2,-0.0...
GetData ===>> H2,-0.0931678058170112,H1,-0.0311790461848148,AX,0.0438148101779759,L1,-0.00440122196786952,L2,0....
Get Checksum: 799532470
01:02:57 -- collecting point 25
GetData ===>> H2,-0.143293207283346,H1,-0.0437828381293357,AX,-0.126053209095837,L1,0.00110781173795941,L2,-0.0...
GetData ===>> H2,-0.0940889286032823,H1,-0.00980740094800299,AX,-0.0654987586202319,L1,0.0186824399238834,L2,-0...
Get Checksum: 799532470
GetData ===>> H2,-0.169983159883844,H1,0.00526998663807916,AX,-0.105185012759624,L1,0.0248549449331351,L2,-0.04...
GetData ===>> H2,-0.235717697701536,H1,0.0120817980761025,AX,-0.0268748927707741,L1,0.0195137115023756,L2,-0.06...
GetData ===>> H2,-0.102856175903988,H1,0.0677627670996774,AX,-0.048467186986102,L1,-0.0113123488960275,L2,-0.08...
Get Checksum: 799532470
GetData ===>> H2,-0.187721169108136,H1,0.0313387073994199,AX,-0.0582528790587265,L1,-0.0329484896689054,L2,0.05...
GetData ===>> H2,-0.352563906456341,H1,-0.0244889715804273,AX,-0.112682320336338,L1,-0.0178497892569165,L2,-0.0...
GetData ===>> H2,-0.234078926970938,H1,-0.105312335301533,AX,-0.152171220433515,L1,-0.0331736003082966,L2,-0.05...
Get Checksum: 799532470
GetData ===>> H2,-0.183656016079543,H1,-0.0426381884042868,AX,-0.142965408742747,L1,-0.00801987205756996,L2,-0....
GetData ===>> H2,-0.237065670761138,H1,-0.0430912804859183,AX,-0.0144646934831579,L1,0.00913614217728098,L2,0.0...
GetData ===>> H2,-0.248239793972024,H1,-0.0194204355178805,AX,-0.0686288117086257,L1,-0.00977175727950209,L2,-0...
Get Checksum: 799532470
GetData ===>> H2,-0.265796834035187,H1,0.00756042142027193,AX,-0.0699503594495851,L1,-0.00883409893795478,L2,-0...
GetData ===>> H2,-0.180032024805824,H1,-0.0103202784637933,AX,-0.141597216265471,L1,-0.036298462261303,L2,0.076...
GetData ===>> H2,-0.133968511895646,H1,-0.0161883643874148,AX,0.025444241190361,L1,-0.0420337465250317,L2,0.002...
Get Checksum: 799532470
GetData ===>> H2,-0.229482911684192,H1,-0.0501139454492481,AX,-0.047365655290221,L1,-0.00646078556248103,L2,0.0...
GetData ===>> H2,-0.23515801292183,H1,-0.0813105582382122,AX,-0.180571571396856,L1,0.0657747096911365,L2,-0.090...
GetData ===>> H2,-0.245666221046505,H1,-0.0519380884859143,AX,-0.0880908452673817,L1,0.0305087486100996,L2,-0.1...
Get Checksum: 799532470
GetData ===>> H2,-0.296837094313041,H1,-0.0375586472974419,AX,-0.112682320336338,L1,-0.00255721324335989,L2,0.0...
GetData ===>> H2,-0.239900795788853,H1,-0.00915139099275635,AX,-0.0569775484180028,L1,0.00516108604209923,L2,0....
GetData ===>> H2,-0.188143246326708,H1,-0.0627511164054571,AX,-0.0376716387030767,L1,-0.0161911460001801,L2,-0....
Get Checksum: 799532470
GetData ===>> H2,-0.125154617369234,H1,-0.0579467950943212,AX,-0.0887398990209361,L1,-0.0243881519578574,L2,0.0...
GetData ===>> H2,-0.270792659849097,H1,-0.0490766728149293,AX,-0.136054680361744,L1,-0.0158996858617955,L2,-0.0...
GetData ===>> H2,-0.248142942468454,H1,-0.0293425996461093,AX,-0.093109308923291,L1,-0.0153251368325607,L2,0.02...
Get Checksum: 799532470
GetData ===>> H2,-0.171359408025641,H1,-0.00880549310335859,AX,-0.0540442245132225,L1,0.0054357979909512,L2,0.0...
GetData ===>> H2,-0.280009705737152,H1,-0.0982577927419957,AX,-0.0273155997249413,L1,0.00474415282092269,L2,-0....
Get Checksum: 799532470
01:03:23 -- collecting point 50
GetData ===>> H2,-0.408452136668661,H1,-0.0213643985156107,AX,-0.0564210352639997,L1,-0.0680842615544279,L2,-0....
GetData ===>> H2,-0.310652052513327,H1,-0.0356626961647731,AX,-0.159834336145115,L1,-0.0528449795511652,L2,-0.0...
GetData ===>> H2,-0.312587768359325,H1,0.0117238980221536,AX,-0.055516694600798,L1,0.000375660186073116,L2,-0.0...
Get Checksum: 799532470
GetData ===>> H2,-0.23342227559416,H1,-2.64430798367687E-05,AX,0.0547791101427683,L1,-0.00419488253550737,L2,-0...
GetData ===>> H2,-0.155734568228643,H1,-0.0334566700794124,AX,-0.016784477147763,L1,-0.0163626597489512,L2,-0.0...
GetData ===>> H2,-0.116043085746999,H1,0.0213399241113744,AX,-0.1307337445306,L1,0.00817972972506248,L2,0.00405...
Get Checksum: 799532470
GetData ===>> H2,-0.131024058123584,H1,-0.0281977847534918,AX,-0.0579630326534376,L1,-0.0191148755971412,L2,0.1...
GetData ===>> H2,-0.23104024840979,H1,-0.0102964237539414,AX,-0.0342506726848426,L1,-0.0180248723007821,L2,-0.0...
GetData ===>> H2,-0.111261205871807,H1,-0.0542629284764338,AX,-0.0286725007108031,L1,-0.0099851762586436,L2,-0....
Get Checksum: 799532470
GetData ===>> H2,-0.131121452368085,H1,-0.0315367915890484,AX,0.00280783415425566,L1,-0.0279744140284231,L2,-0....
GetData ===>> H2,-0.0747803343458623,H1,-0.0904400159087214,AX,-0.0503223700804357,L1,-0.0124151957212288,L2,-0...
measurement finished
estimated time: 62.915 actual time: :63.135
flush and close file /Users/jan/PychronDev/data/isotopes/84/9f73b2-cd30-4054-8196-97a98de42151.h5
activate_detectors ('H1', 'AX', 'CDD') {'peak_center': True}
peak_center () {'detector': 'H1', 'integration_time': 0.262144, 'isotope': 'Ar40'}
peak center: mean=156.871351455 threshold=3
peak center started
setup peak center. detector=['H1', 'AX', 'CDD'], isotope=Ar40
VersionedUnpickler [<apptools.sweet_pickle.versioned_unpickler.VersionedUnpickler object at 0x13def42f0>] using Updater [<apptools.sweet_pickle.updater.Updater object at 0x133e38fb0>]
VersionedUnpickler [<apptools.sweet_pickle.versioned_unpickler.VersionedUnpickler object at 0x13def42f0>] using Updater [<apptools.sweet_pickle.updater.Updater object at 0x133e38fb0>]
VersionedUnpickler [<apptools.sweet_pickle.versioned_unpickler.VersionedUnpickler object at 0x165ce17d0>] using Updater [<apptools.sweet_pickle.updater.Updater object at 0x133e38fb0>]
setting integration time = 0.524288
SetIntegrationTime 0.524288 ===>> OK
Mapping mass to dac mass func: "parabolic"
H1 map mass coeffs = [-0.00063987  0.15840543  0.57073999]
H1 map mass to dac 39.9624 >> 5.87913
GetDeflection H1 ===>> 0
GetHighVoltage ===>> 4500
do peak center. <pychron.spectrometer.jobs.peak_center.PeakCenter object at 0x12d6e98f0>
doing pc
starting peak center. center dac= 5.87913 step_width=0.001
width = 0.001
get scan parameters. half-width=0.015,window=0.015, i=0, scalar=1
Scan parameters center=5.87913 width=0.03000 (5.86413 - 5.89413)
GetData ===>> H2,-0.12678650810757,H1,0.0142888766840656,AX,-0.0852975466650889,L1,-0.0544394486601477,L2,-0.06...
Moving to starting dac 5.86413
setting magnet DAC
current  : 5.239786
requested: 5.864130
Delta Dac: 0.624344
Checking detector protection. dv=0.62434
Checking detector "CDD". Protection Threshold: 0.1 (V)
ProtectDetector CDD,On ===>> OK
GetDeflection CDD ===>> 2000
SetMagnetDAC 5.86413 ===>> OK
Magnet settling time: 0.500
Get Checksum: 799532470
GetMagnetMoving ===>> True
GetMagnetMoving ===>> True
GetMagnetMoving ===>> True
GetMagnetMoving ===>> True
GetMagnetMoving ===>> True
GetMagnetMoving ===>> True
GetMagnetMoving ===>> True
GetMagnetMoving ===>> True
GetMagnetMoving ===>> False
ProtectDetector CDD,Off ===>> OK
GetDeflection CDD ===>> 50
Wait until signal near baseline. tol= 0.010716657513. timeout= 10
GetData ===>> H2,0.945027226559867,H1,0.57055701686195,AX,-0.103411994655792,L1,0.00688004698948367,L2,-0.00271...
GetData ===>> H2,11.8108653850324,H1,6.25687201173795,AX,0.460071546359515,L1,-0.00416729031411441,L2,-0.052137...
Get Checksum: 799532470
GetData ===>> H2,11.456601204944,H1,5.53454076966864,AX,0.65806294621998,L1,-0.0221246195880596,L2,-0.113219517...
GetData ===>> H2,5.85503988205819,H1,2.71743880145212,AX,0.296512157258848,L1,-0.0229628519552163,L2,-0.0814718...
GetData ===>> H2,2.34079791852978,H1,1.26895720177143,AX,0.0360971242835018,L1,-0.00427765874597058,L2,-0.04988...
GetData ===>> H2,0.803556228072527,H1,0.777165661840429,AX,0.00706553646752015,L1,0.00516375520922572,L2,0.0952...
GetData ===>> H2,0.227373130002809,H1,0.396617625449447,AX,-0.0719326474081235,L1,-0.0167870337662089,L2,-0.048...
GetData ===>> H2,0.0983067636114413,H1,0.239222926474603,AX,0.025745940794206,L1,0.00133346917650252,L2,-0.1548...
Get Checksum: 799532470
GetData ===>> H2,-0.071892636492609,H1,0.189731359659562,AX,-0.16386178888425,L1,0.0201768276931543,L2,-0.02914...
GetData ===>> H2,-0.105334115105148,H1,0.222993489824908,AX,-0.152326169964997,L1,0.021621987181273,L2,-0.09118...
GetData ===>> H2,-0.0882086615087488,H1,0.102619749300437,AX,-0.0942798602128423,L1,0.0143670732502087,L2,-0.05...
GetData ===>> H2,-0.0748426896883057,H1,0.0695055345908415,AX,-0.00142648071804309,L1,-0.0255609284538959,L2,0....
GetData ===>> H2,-0.0479116259269505,H1,0.0473292906417512,AX,-0.166479118401283,L1,-0.0193555613933462,L2,0.03...
GetData ===>> H2,-0.0231396766746514,H1,0.0103638894867643,AX,-0.0343898329709202,L1,0.00354229828697892,L2,-0....
Peak center baseline intensity achieved
_do_sweep sm= 5.86413, em= 5.89413, stm= 0.001
calculated step values: start=5.86413, end=5.89413, width=0.001, nsteps=31.0
setting magnet DAC
current  : 5.864130
requested: 5.864130
Delta Dac: 0.000000
Checking detector protection. dv=0.00000
Checking detector "CDD". Protection Threshold: 0.1 (V)
SetMagnetDAC 5.86413 ===>> OK
GetData ===>> H2,-0.0231396766746514,H1,0.0103638894867643,AX,-0.0343898329709202,L1,0.00354229828697892,L2,-0....
setting magnet DAC
current  : 5.864130
requested: 5.865164
Delta Dac: 0.001034
Checking detector protection. dv=0.00103
Checking detector "CDD". Protection Threshold: 0.1 (V)
SetMagnetDAC 5.86516448276 ===>> OK
Magnet settling time: 1.049
Get Checksum: 799532470
GetData ===>> H2,-0.0479387496896489,H1,0.229747480190112,AX,0.0421551659386314,L1,0.049274201841419,L2,-0.0643...
setting magnet DAC
current  : 5.865164
requested: 5.866199
Delta Dac: 0.001034
Checking detector protection. dv=0.00103
Checking detector "CDD". Protection Threshold: 0.1 (V)
SetMagnetDAC 5.86619896552 ===>> OK
Magnet settling time: 1.049
GetData ===>> H2,-0.190645706727053,H1,0.775728581706558,AX,0.11930336389279,L1,-0.00120368549811513,L2,-0.0176...
setting magnet DAC
current  : 5.866199
requested: 5.867233
Delta Dac: 0.001034
Checking detector protection. dv=0.00103
Checking detector "CDD". Protection Threshold: 0.1 (V)
SetMagnetDAC 5.86723344828 ===>> OK
Magnet settling time: 1.049
GetData ===>> H2,-0.230847198255803,H1,3.2665033981335,AX,0.472519895370535,L1,-0.0367537631309825,L2,0.0661117...
setting magnet DAC
current  : 5.867233
requested: 5.868268
Delta Dac: 0.001034
Checking detector protection. dv=0.00103
Checking detector "CDD". Protection Threshold: 0.1 (V)
SetMagnetDAC 5.86826793103 ===>> OK
Magnet settling time: 1.049
Get Checksum: 799532470
GetData ===>> H2,-0.221422573071048,H1,11.5388685656441,AX,1.76480410064721,L1,0.0077718671000741,L2,-0.0011614...
setting magnet DAC
current  : 5.868268
requested: 5.869302
Delta Dac: 0.001034
Checking detector protection. dv=0.00103
Checking detector "CDD". Protection Threshold: 0.1 (V)
SetMagnetDAC 5.86930241379 ===>> OK
Magnet settling time: 1.049
GetData ===>> H2,0.00305238967818486,H1,32.0221315270023,AX,5.33543094723448,L1,0.0378089546705038,L2,-0.060581...
setting magnet DAC
current  : 5.869302
requested: 5.870337
Delta Dac: 0.001034
Checking detector protection. dv=0.00103
Checking detector "CDD". Protection Threshold: 0.1 (V)
SetMagnetDAC 5.87033689655 ===>> OK
Magnet settling time: 1.049
GetData ===>> H2,-0.0310552843522963,H1,66.0123322243139,AX,12.2815142021524,L1,0.105604151946997,L2,0.03701421...
setting magnet DAC
current  : 5.870337
requested: 5.871371
Delta Dac: 0.001034
Checking detector protection. dv=0.00103
Checking detector "CDD". Protection Threshold: 0.1 (V)
SetMagnetDAC 5.87137137931 ===>> OK
Magnet settling time: 1.049
Get Checksum: 799532470
GetData ===>> H2,-0.0833062878536525,H1,103.659132507435,AX,21.425659718469,L1,0.182084286000443,L2,-0.00079707...
setting magnet DAC
current  : 5.871371
requested: 5.872406
Delta Dac: 0.001034
Checking detector protection. dv=0.00103
Checking detector "CDD". Protection Threshold: 0.1 (V)
SetMagnetDAC 5.87240586207 ===>> OK
Magnet settling time: 1.049
GetData ===>> H2,-0.0928653126590671,H1,130.855538690507,AX,29.0570573766287,L1,0.265806413350169,L2,0.15322935...
setting magnet DAC
current  : 5.872406
requested: 5.873440
Delta Dac: 0.001034
Checking detector protection. dv=0.00103
Checking detector "CDD". Protection Threshold: 0.1 (V)
SetMagnetDAC 5.87344034483 ===>> OK
Magnet settling time: 1.049
Get Checksum: 799532470
GetData ===>> H2,-0.22612107077998,H1,144.421325755667,AX,33.8909843080466,L1,0.284995339395013,L2,0.2697791490...
setting magnet DAC
current  : 5.873440
requested: 5.874475
Delta Dac: 0.001034
Checking detector protection. dv=0.00103
Checking detector "CDD". Protection Threshold: 0.1 (V)
SetMagnetDAC 5.87447482759 ===>> OK
Magnet settling time: 1.049
GetData ===>> H2,-0.218725301963237,H1,150.053644475638,AX,36.2607339257733,L1,0.360483852490735,L2,0.321285615...
setting magnet DAC
current  : 5.874475
requested: 5.875509
Delta Dac: 0.001034
Checking detector protection. dv=0.00103
Checking detector "CDD". Protection Threshold: 0.1 (V)
SetMagnetDAC 5.87550931034 ===>> OK
Magnet settling time: 1.049
GetData ===>> H2,-0.165989744704125,H1,150.882169809792,AX,36.3517884858499,L1,0.403204005670029,L2,0.422806340...
setting magnet DAC
current  : 5.875509
requested: 5.876544
Delta Dac: 0.001034
Checking detector protection. dv=0.00103
Checking detector "CDD". Protection Threshold: 0.1 (V)
SetMagnetDAC 5.8765437931 ===>> OK
Magnet settling time: 1.049
Get Checksum: 799532470
GetData ===>> H2,-0.0827996790397081,H1,150.832324702995,AX,36.2940125554232,L1,0.413885390807565,L2,0.34466532...
setting magnet DAC
current  : 5.876544
requested: 5.877578
Delta Dac: 0.001034
Checking detector protection. dv=0.00103
Checking detector "CDD". Protection Threshold: 0.1 (V)
SetMagnetDAC 5.87757827586 ===>> OK
Magnet settling time: 1.049
GetData ===>> H2,-0.0881680427877801,H1,150.789599646533,AX,36.5006562075647,L1,0.458641965929804,L2,0.31533325...
setting magnet DAC
current  : 5.877578
requested: 5.878613
Delta Dac: 0.001034
Checking detector protection. dv=0.00103
Checking detector "CDD". Protection Threshold: 0.1 (V)
SetMagnetDAC 5.87861275862 ===>> OK
Magnet settling time: 1.049
GetData ===>> H2,-0.0832521061706534,H1,150.784876281761,AX,36.3171398312775,L1,0.484167373960924,L2,0.36695549...
setting magnet DAC
current  : 5.878613
requested: 5.879647
Delta Dac: 0.001034
Checking detector protection. dv=0.00103
Checking detector "CDD". Protection Threshold: 0.1 (V)
SetMagnetDAC 5.87964724138 ===>> OK
Magnet settling time: 1.049
Get Checksum: 799532470
GetData ===>> H2,-0.213533531879297,H1,150.657748277442,AX,36.5629293183256,L1,0.447375841386112,L2,0.341540097...
setting magnet DAC
current  : 5.879647
requested: 5.880682
Delta Dac: 0.001034
Checking detector protection. dv=0.00103
Checking detector "CDD". Protection Threshold: 0.1 (V)
SetMagnetDAC 5.88068172414 ===>> OK
Magnet settling time: 1.049
GetData ===>> H2,-0.309409330493942,H1,150.641106994263,AX,36.556152289272,L1,0.485308800774251,L2,0.4657836579...
setting magnet DAC
current  : 5.880682
requested: 5.881716
Delta Dac: 0.001034
Checking detector protection. dv=0.00103
Checking detector "CDD". Protection Threshold: 0.1 (V)
SetMagnetDAC 5.8817162069 ===>> OK
Magnet settling time: 1.049
GetData ===>> H2,-0.228698225438081,H1,150.634584710881,AX,36.4593337553801,L1,0.465775784037412,L2,0.441004266...
setting magnet DAC
current  : 5.881716
requested: 5.882751
Delta Dac: 0.001034
Checking detector protection. dv=0.00103
Checking detector "CDD". Protection Threshold: 0.1 (V)
SetMagnetDAC 5.88275068966 ===>> OK
Magnet settling time: 1.049
Get Checksum: 799532470
GetData ===>> H2,-0.23342058650022,H1,150.450889758767,AX,36.3353175079572,L1,0.473486940485366,L2,0.4297928397...
setting magnet DAC
current  : 5.882751
requested: 5.883785
Delta Dac: 0.001034
Checking detector protection. dv=0.00103
Checking detector "CDD". Protection Threshold: 0.1 (V)
SetMagnetDAC 5.88378517241 ===>> OK
Magnet settling time: 1.049
GetData ===>> H2,-0.15283215714781,H1,149.584346935912,AX,35.9632219204921,L1,0.46071509832288,L2,0.38735656595...
setting magnet DAC
current  : 5.883785
requested: 5.884820
Delta Dac: 0.001034
Checking detector protection. dv=0.00103
Checking detector "CDD". Protection Threshold: 0.1 (V)
SetMagnetDAC 5.88481965517 ===>> OK
Magnet settling time: 1.049
Get Checksum: 799532470
GetData ===>> H2,-0.124097210784032,H1,146.83357204206,AX,34.8224075958075,L1,0.394741185793633,L2,0.3105670702...
setting magnet DAC
current  : 5.884820
requested: 5.885854
Delta Dac: 0.001034
Checking detector protection. dv=0.00103
Checking detector "CDD". Protection Threshold: 0.1 (V)
SetMagnetDAC 5.88585413793 ===>> OK
Magnet settling time: 1.049
GetData ===>> H2,-0.182286547949683,H1,138.831812000377,AX,31.2954225982944,L1,0.360618267091197,L2,0.422052925...
setting magnet DAC
current  : 5.885854
requested: 5.886889
Delta Dac: 0.001034
Checking detector protection. dv=0.00103
Checking detector "CDD". Protection Threshold: 0.1 (V)
SetMagnetDAC 5.88688862069 ===>> OK
Magnet settling time: 1.049
GetData ===>> H2,-0.0585500321421127,H1,103.557438061364,AX,19.8413449747482,L1,0.256418385042782,L2,0.10014224...
setting magnet DAC
current  : 5.886889
requested: 5.887923
Delta Dac: 0.001034
Checking detector protection. dv=0.00103
Checking detector "CDD". Protection Threshold: 0.1 (V)
SetMagnetDAC 5.88792310345 ===>> OK
Magnet settling time: 1.049
Get Checksum: 799532470
GetData ===>> H2,-0.198294529671147,H1,63.6506393766815,AX,10.287398967693,L1,0.226631829724138,L2,0.1713422673...
setting magnet DAC
current  : 5.887923
requested: 5.888958
Delta Dac: 0.001034
Checking detector protection. dv=0.00103
Checking detector "CDD". Protection Threshold: 0.1 (V)
SetMagnetDAC 5.88895758621 ===>> OK
Magnet settling time: 1.049
GetData ===>> H2,-0.225717496468703,H1,30.1323982038172,AX,4.05715684713286,L1,0.161026404139474,L2,0.079490007...
setting magnet DAC
current  : 5.888958
requested: 5.889992
Delta Dac: 0.001034
Checking detector protection. dv=0.00103
Checking detector "CDD". Protection Threshold: 0.1 (V)
SetMagnetDAC 5.88999206897 ===>> OK
Magnet settling time: 1.049
GetData ===>> H2,-0.324232798475014,H1,11.1681050528045,AX,1.25126028697545,L1,0.0651273587926343,L2,0.02197902...
setting magnet DAC
current  : 5.889992
requested: 5.891027
Delta Dac: 0.001034
Checking detector protection. dv=0.00103
Checking detector "CDD". Protection Threshold: 0.1 (V)
SetMagnetDAC 5.89102655172 ===>> OK
Magnet settling time: 1.049
Get Checksum: 799532470
GetData ===>> H2,-0.270188835683907,H1,3.37900176952182,AX,0.25921491663386,L1,0.0574705888925319,L2,0.08983836...
setting magnet DAC
current  : 5.891027
requested: 5.892061
Delta Dac: 0.001034
Checking detector protection. dv=0.00103
Checking detector "CDD". Protection Threshold: 0.1 (V)
SetMagnetDAC 5.89206103448 ===>> OK
Magnet settling time: 1.049
GetData ===>> H2,-0.260926879042303,H1,0.810559610108164,AX,0.153207087894761,L1,0.0301651417573758,L2,-0.03627...
setting magnet DAC
current  : 5.892061
requested: 5.893096
Delta Dac: 0.001034
Checking detector protection. dv=0.00103
Checking detector "CDD". Protection Threshold: 0.1 (V)
SetMagnetDAC 5.89309551724 ===>> OK
Magnet settling time: 1.049
GetData ===>> H2,-0.214029114937393,H1,0.174464064973168,AX,-0.056351470895993,L1,0.0436875719200652,L2,-0.0222...
setting magnet DAC
current  : 5.893096
requested: 5.894130
Delta Dac: 0.001034
Checking detector protection. dv=0.00103
Checking detector "CDD". Protection Threshold: 0.1 (V)
SetMagnetDAC 5.89413 ===>> OK
Magnet settling time: 1.049
Get Checksum: 799532470
GetData ===>> H2,-0.266246449648448,H1,-0.0567784637315992,AX,-0.0304700754496244,L1,0.019396719726464,L2,0.025...
result of _do_sweep=True
result of _calculate_peak_center=([5.8716750901803607, 5.8791600601202401, 5.8866450300601194], [111.64364855117682, 150.88007211992678, 111.86352811715763], 5.8755528456913817, 150.88007211992678)
Failed to find a valid peak. No peak greater than 1.0. max = 0.0172457337081
new center pos Detector(H1) (Ar40) @ 5.87916006012
GetHighVoltage ===>> 4500
GetDeflection H1 ===>> 0
dac uncorrected for HV and deflection 5.87916006012
update mftable H1 Ar40 5.87916006012 message=automated run peakcenter
get initial guess parabolic
get initial guess parabolic
get initial guess parabolic
get initial guess parabolic
get initial guess parabolic
get initial guess parabolic
dump mftable to /Users/jan/PychronDev/setupfiles/spectrometer/mftables/mftable.csv
add to repo msg=modified - automated run peakcenter
sweep finished
locally archiving mftable
setting magnet DAC
current  : 5.894130
requested: 5.879160
Delta Dac: 0.014970
Checking detector protection. dv=0.01497
Checking detector "CDD". Protection Threshold: 0.1 (V)
SetMagnetDAC 5.87916006012 ===>> OK
Magnet settling time: 0.500
setting integration time = 1.048576
SetIntegrationTime 1.048576 ===>> OK
Failed to find a valid peak. No peak greater than 1.0. max = 0.0172457337081
flush and close file /Users/jan/PychronDev/data/isotopes/84/9f73b2-cd30-4054-8196-97a98de42151.h5
finished measure script
executed 226.132928
jan_unknown120_60.py completed successfully
Measurement Finished
01:04:18 -- ******* Measurement Finished *******
Post Measurement Started jan_pump_ms.py
01:04:18 -- ******* Post Measurement Started jan_pump_ms.py *******
testing...
no interpolation path defined
executed 0
Pumping spectrometer
open () {'name': 'O'}
opening name=O desc=---
checking ownership. requestor=129.138.12.150
check software interlocks O
interlocks []
actuate state mode=None-script, software_lock=False
doing actuation None-script open_channel True
Open O ===>> OK
GetIndicatorState O ===>> OK
change switch state (True, True)
update switch state O True args=() kw={} ncanvase=2
01:04:18 -- OPEN   VALVE-O (Jan Ion Pump)
---------------------------------------- open O () result=[(True, True)], time=0.10 sec
action=open, ok=True, locked=[False]
executed 0
jan_pump_ms.py completed successfully
setting _ms_pumptime
Post Measurement Finished
01:04:18 -- ******* Post Measurement Finished *******
$$$$$$$$$$$$$$$$$$$$ state at run end measurement
state changed from measurement to success
post measurement save measured=True aborted=False
Set filtering
setting fod for Ar40= {'filter_outliers': True, 'std_devs': 2, 'iterations': 1}
setting fod for H1= {'filter_outliers': True, 'std_devs': 2, 'iterations': 1}
setting fod for PM41= {'filter_outliers': False, 'std_devs': 2, 'iterations': 1}
setting fod for H2= {'filter_outliers': True, 'std_devs': 2, 'iterations': 1}
setting fod for Ar36= {'filter_outliers': True, 'std_devs': 2, 'iterations': 1}
setting fod for CDD= {'filter_outliers': True, 'std_devs': 10, 'iterations': 1}
setting fod for Ar37= {'filter_outliers': True, 'std_devs': 2, 'iterations': 1}
setting fod for L2= {'filter_outliers': True, 'std_devs': 2, 'iterations': 1}
setting fod for Ar38= {'filter_outliers': True, 'std_devs': 2, 'iterations': 1}
setting fod for L1= {'filter_outliers': True, 'std_devs': 2, 'iterations': 1}
setting fod for Ar39= {'filter_outliers': True, 'std_devs': 2, 'iterations': 1}
setting fod for AX= {'filter_outliers': True, 'std_devs': 2, 'iterations': 1}
persistence save...
persistence save - db
post measurement save
5802553072 connecting to database sqlite:////Users/jan/PychronDev/.appdata/local_lab.db
connected to db sqlite:////Users/jan/PychronDev/.appdata/local_lab.db
create new session 5802553072
close session 5802553072
No database instance. Not saving post measurement to isotopedb database
$$$$$$$$$$$$$$$ auto_save_detector_ic=False
massspec enabled True
create new session 5019860144
MassSpec Database Version: 16.0
close session 5019860144
saving post measurement to secondary database
saving to massspec database 129.138.12.160/massspecdata
setting labnumber to 65575
setting aliquot to 9
setting step to B
setting uuid to 849f73b2-cd30-4054-8196-97a98de42151
setting irradpos to 65575
setting extract_device to Fusions CO2
setting tray to 
setting position to 90
setting power_requested to 0.4
setting extract_value to 0.4
setting duration to 30.0
setting duration_at_request to 30.0
setting first_stage_delay to 30.0
setting cleanup to 30.0
setting comment to M:20 w/ inclusions
setting irradiation to NM-289
setting level to M
setting irradiation_level to M
setting sample to NM-2607 W
setting material to Sanidine
setting project to JoyitaHills
setting mass_spectrometer to Jan
no attribute chron_dosages
no attribute production_ratios
no attribute interference_corrections
no attribute production_name
no attribute j
Reference Isotope=Ar40
Reference Detector=H1
Get Checksum: 2035211824
%%%%%%%%%%%%%%%%%%%% Comment: M:20 w/ inclusions %%%%%%%%%%%%%%%%%%%
adding isotope PM41 H2
add baseline dbdet= PM41. original det= H2
get baseline data PM41 H2
Get data baseline <pychron.processing.isotope.Baseline object at 0x15bbbc210> len t=60
baseline PM41. v=-0.192457273311, e=0.00877275392154
get signal data PM41 H2
Get data signal PM41 0.01+/-0.08 len t=120
adding isotope Ar40 H1
add baseline dbdet= Ar40. original det= H1
get baseline data Ar40 H1
Get data baseline <pychron.processing.isotope.Baseline object at 0x15bbbc1d0> len t=60
baseline Ar40. v=-0.0343760955017, e=0.00450563890112
get signal data Ar40 H1
Get data signal Ar40 163.538+/-0.021 len t=120
adding isotope Ar39 AX
add baseline dbdet= Ar39. original det= AX
get baseline data Ar39 AX
Get data baseline <pychron.processing.isotope.Baseline object at 0x15bbbc110> len t=60
baseline Ar39. v=-0.0745982846661, e=0.00582043618134
get signal data Ar39 AX
Get data signal Ar39 40.011+/-0.017 len t=120
adding isotope Ar38 L1
add baseline dbdet= Ar38. original det= L1
get baseline data Ar38 L1
Get data baseline <pychron.processing.isotope.Baseline object at 0x15bbbcf10> len t=60
baseline Ar38. v=-0.0115068397668, e=0.00252668546644
get signal data Ar38 L1
Get data signal Ar38 0.509+/-0.004 len t=120
adding isotope Ar37 L2
add baseline dbdet= Ar37. original det= L2
get baseline data Ar37 L2
Get data baseline <pychron.processing.isotope.Baseline object at 0x15bbbc290> len t=60
baseline Ar37. v=-0.025641548556, e=0.00683403648754
get signal data Ar37 L2
Get data signal Ar37 0.437+/-0.010 len t=120
adding isotope Ar36 CDD
add baseline dbdet= Ar36. original det= CDD
get baseline data Ar36 CDD
Get data baseline <pychron.processing.isotope.Baseline object at 0x15bbbcb90> len t=60
baseline Ar36. v=8.93192471942e-05, e=1.4674773127e-05
get signal data Ar36 CDD
Get data signal Ar36 0.01173+/-0.00030 len t=120
65575-09B added analysis time 0.520791053772s
analysis added to mass spec database
mass spec save time= 0.529
persistence save - dvc
================= post measurement started
create new session 4983587952
close session 4983587952
---------------- Experiment Queue saving disabled
DVC saving peakcenter
Failed to find a valid peak. No peak greater than 1.0. max = 0.0172457337081
Smart pull ahead: 0 behind: 0
Up-to-date with origin
add to repo msg=modified - ad8224ebc6dbfeb9f5997218dfa5fe690569839d.json
add to repo msg=modified - 75-09B.json
add to repo msg=modified - 75-09B.dat.json
add to repo msg=modified - 75-09B.blan.json
Get Checksum: 2035211824
add to repo msg=modified - 75-09B.inte.json
add to repo msg=modified - 75-09B.icfa.json
add to repo msg=modified - 75-09B.base.json
not at valid file /Users/jan/PychronDev/data/.dvc/repositories/Load1785/655/tags/75-09B.tags.json
add to repo msg=modified - 75-09B.peak.json
add to repo msg=modified - 75-09B.extr.json
not at valid file /Users/jan/PychronDev/data/.dvc/repositories/Load1785/655/monitor/75-09B.moni.json
commit message=<COLLECTION>
add to repo msg=modified - 75-09B.inte.json
add to repo msg=modified - 75-09B.base.json
commit message=<ISOEVO> default collection fits
add to repo msg=modified - 75-09B.blan.json
commit message=<BLANKS> preceding bu-FC-J-7506
add to repo msg=modified - 75-09B.icfa.json
commit message=<ICFactor> default
push repository <pychron.git_archive.repo_manager.GitRepoManager object at 0x146aa1350>
pushing to remote=origin, url=https://github.com
Get Checksum: 2035211824
Get Checksum: 2035211824
no changes to meta repo
Get Checksum: 2035211824
create new session 4983587952
add association Load1785
get identifier "65575"
setting analysis irradiation position=<pychron.dvc.dvc_orm.IrradiationPositionTbl object at 0x15a890cd0>
close session 4983587952
================= post measurement finished
01:04:33 -- ******* Post Run Check *******
loading queue conditionals post_run_actions
loading system conditionals post_run_actions
loading conditionals from /Users/jan/PychronDev/setupfiles/spectrometer/default_conditionals.yaml
loading queue conditionals post_run_terminations
loading system conditionals post_run_terminations
loading conditionals from /Users/jan/PychronDev/setupfiles/spectrometer/default_conditionals.yaml
Checking default post run terminations n=1
GetDeflection CDD ===>> 50
testing CDD==2000
evaluate ot="CDD.deflection==2000" t="CDD==2000", ctx="{'CDD': 50.0}"
01:04:33 -- ******* Post Run Check Passed *******
01:04:33 -- Automated run 65575-09B success duration: 360.084 s
----------------- finish -----------------
----------------- stop -----------------
retroactive repository identifiers disabled
finish run. runs completed=74
update duration runid=65575-09B, duration=360.084220171, md5=301e91d8
loading script "jan_unknown120_60.py"
loading script "jan_pump_ms.py"
loading script "jan_co2.py"
loading script "jan_pump_extraction_line.py"
testing...
no interpolation path defined
executed 213.652928
script duration name:unknown120_60 seconds:214.0
loading script "jan_unknown120_60.py"
loading script "jan_pump_ms.py"
loading script "jan_co2.py"
loading script "jan_pump_extraction_line.py"
testing...
no interpolation path defined
executed 0
loading script "jan_unknown120_60.py"
loading script "jan_pump_ms.py"
loading script "jan_co2.py"
loading script "jan_pump_extraction_line.py"
testing...
no interpolation path defined
calculate duration
testing...
no interpolation path defined
executed 0
calculate duration
testing...
no interpolation path defined
executed 0
executed 0.0
script duration name:co2 seconds:0.0
loading script "jan_unknown120_60.py"
loading script "jan_pump_ms.py"
loading script "jan_co2.py"
loading script "jan_pump_extraction_line.py"
testing...
no interpolation path defined
calculate duration
testing...
no interpolation path defined
executed 4.0
executed 4.0
Script duration 214.0
Run total estimated duration= 215.000
unknown120_60 in script context. using previous estimated duration
script duration name:unknown120_60 seconds:214.0
pump_ms in script context. using previous estimated duration
co2 in script context. using previous estimated duration
script duration name:co2 seconds:0.0
pump_extraction_line in script context. using previous estimated duration
Script duration 214.0
Run total estimated duration= 215.000
script duration name:unknown120_60 seconds:214.0
script duration name:co2 seconds:0.0
Script duration 214.0
Run total estimated duration= 215.000
script duration name:unknown120_60 seconds:214.0
script duration name:co2 seconds:0.0
Script duration 214.0
Run total estimated duration= 215.000
script duration name:unknown120_60 seconds:214.0
script duration name:co2 seconds:0.0
Script duration 214.0
Run total estimated duration= 215.000
script duration name:unknown120_60 seconds:214.0
script duration name:co2 seconds:0.0
Script duration 214.0
Run total estimated duration= 215.000
script duration name:unknown120_60 seconds:214.0
script duration name:co2 seconds:0.0
Script duration 214.0
Run total estimated duration= 215.000
script duration name:unknown120_60 seconds:214.0
script duration name:co2 seconds:0.0
Script duration 214.0
Run total estimated duration= 215.000
script duration name:unknown120_60 seconds:214.0
script duration name:co2 seconds:0.0
Script duration 214.0
Run total estimated duration= 215.000
script duration name:unknown120_60 seconds:214.0
script duration name:co2 seconds:0.0
Script duration 214.0
Run total estimated duration= 215.000
script duration name:unknown120_60 seconds:214.0
script duration name:co2 seconds:0.0
Script duration 214.0
Run total estimated duration= 215.000
script duration name:unknown120_60 seconds:214.0
script duration name:co2 seconds:0.0
Script duration 214.0
Run total estimated duration= 215.000
loading script "jan_unknown400_120.py"
loading script "jan_pump_ms.py"
loading script "jan_co2.py"
loading script "jan_pump_extraction_line.py"
testing...
no interpolation path defined
executed 556.052928
script duration name:unknown400_120 seconds:556.0
script duration name:co2 seconds:0.0
Script duration 556.0
Run total estimated duration= 557.000
unknown400_120 in script context. using previous estimated duration
script duration name:unknown400_120 seconds:556.0
loading script "jan_unknown400_120.py"
loading script "jan_pump_ms.py"
loading script "jan_cocktail_x1.py"
loading script "jan_pump_extraction_line.py"
testing...
no interpolation path defined
calculate duration
testing...
no interpolation path defined
executed 0
calculate duration
testing...
no interpolation path defined
executed 0
calculate duration
testing...
no interpolation path defined
executed 32.0
calculate duration
testing...
no interpolation path defined
executed 34.0
calculate duration
testing...
no interpolation path defined
executed 4.0
calculate duration
testing...
no interpolation path defined
executed 38.0
executed 108.0
script duration name:cocktail_x1 seconds:108.0
Script duration 664.0
Run total estimated duration= 665.000
script duration name:unknown400_120 seconds:556.0
cocktail_x1 in script context. using previous estimated duration
script duration name:cocktail_x1 seconds:108.0
Script duration 664.0
Run total estimated duration= 665.000
script duration name:unknown400_120 seconds:556.0
loading script "jan_unknown400_120.py"
loading script "jan_pump_ms.py"
loading script "jan_sniffair_x2.py"
loading script "jan_pump_extraction_line.py"
testing...
no interpolation path defined
calculate duration
testing...
no interpolation path defined
executed 0
calculate duration
testing...
no interpolation path defined
executed 0
calculate duration
testing...
no interpolation path defined
executed 32.0
calculate duration
testing...
no interpolation path defined
executed 34.0
calculate duration
testing...
no interpolation path defined
executed 4.0
calculate duration
testing...
no interpolation path defined
executed 36.0
calculate duration
testing...
no interpolation path defined
executed 34.0
calculate duration
testing...
no interpolation path defined
executed 4.0
calculate duration
testing...
no interpolation path defined
executed 36.0
calculate duration
testing...
no interpolation path defined
executed 70.0
executed 250.0
script duration name:sniffair_x2 seconds:250.0
Script duration 806.0
Run total estimated duration= 807.000
loading script "jan_ic_peak_hop3.py"
loading script "jan_pump_ms.py"
loading script "jan_air_x1.py"
loading script "jan_pump_extraction_line.py"
testing...
no interpolation path defined
executed 133.8
script duration name:ic_peak_hop3 seconds:134.0
loading script "jan_ic_peak_hop3.py"
loading script "jan_pump_ms.py"
loading script "jan_air_x1.py"
loading script "jan_pump_extraction_line.py"
testing...
no interpolation path defined
calculate duration
testing...
no interpolation path defined
executed 0
calculate duration
testing...
no interpolation path defined
executed 0
calculate duration
testing...
no interpolation path defined
executed 32.0
calculate duration
testing...
no interpolation path defined
executed 34.0
calculate duration
testing...
no interpolation path defined
executed 4.0
calculate duration
testing...
no interpolation path defined
executed 36.0
executed 106.0
script duration name:air_x1 seconds:106.0
Script duration 240.0
Run total estimated duration= 241.000
script duration name:unknown120_60 seconds:214.0
script duration name:co2 seconds:0.0
Script duration 214.0
Run total estimated duration= 215.000
script duration name:unknown120_60 seconds:214.0
script duration name:co2 seconds:0.0
Script duration 214.0
Run total estimated duration= 215.000
script duration name:unknown120_60 seconds:214.0
script duration name:co2 seconds:0.0
Script duration 214.0
Run total estimated duration= 215.000
script duration name:unknown120_60 seconds:214.0
script duration name:co2 seconds:0.0
Script duration 214.0
Run total estimated duration= 215.000
script duration name:unknown120_60 seconds:214.0
script duration name:co2 seconds:0.0
Script duration 214.0
Run total estimated duration= 215.000
script duration name:unknown120_60 seconds:214.0
script duration name:co2 seconds:0.0
Script duration 214.0
Run total estimated duration= 215.000
script duration name:unknown120_60 seconds:214.0
script duration name:co2 seconds:0.0
Script duration 214.0
Run total estimated duration= 215.000
script duration name:unknown120_60 seconds:214.0
script duration name:co2 seconds:0.0
Script duration 214.0
Run total estimated duration= 215.000
script duration name:unknown120_60 seconds:214.0
script duration name:co2 seconds:0.0
Script duration 214.0
Run total estimated duration= 215.000
script duration name:unknown120_60 seconds:214.0
script duration name:co2 seconds:0.0
Script duration 214.0
Run total estimated duration= 215.000
script duration name:unknown120_60 seconds:214.0
script duration name:co2 seconds:0.0
Script duration 214.0
Run total estimated duration= 215.000
nruns=28 before=5.0, run_dur=7880.0, btw=810.0
write rem/ex queues
/Users/jan/PychronDev/experiments/rem/CurrentExperimentPartial.rem.txt
/Users/jan/PychronDev/experiments/rem/CurrentExperimentPartial.ex.txt
doing event level: 3
