do run
loading script "jan_unknown120_60.py"
loading script "jan_pump_ms.py"
loading script "jan_co2.py"
loading script "jan_pump_extraction_line.py"
testing...
no interpolation path defined
executed 213.652928
script duration name:unknown120_60 seconds:214.0
loading script "jan_unknown120_60.py"
loading script "jan_pump_ms.py"
loading script "jan_co2.py"
loading script "jan_pump_extraction_line.py"
testing...
no interpolation path defined
executed 0
loading script "jan_unknown120_60.py"
loading script "jan_pump_ms.py"
loading script "jan_co2.py"
loading script "jan_pump_extraction_line.py"
testing...
no interpolation path defined
calculate duration
testing...
no interpolation path defined
executed 0
calculate duration
testing...
no interpolation path defined
executed 0
executed 0.0
script duration name:co2 seconds:0.0
loading script "jan_unknown120_60.py"
loading script "jan_pump_ms.py"
loading script "jan_co2.py"
loading script "jan_pump_extraction_line.py"
testing...
no interpolation path defined
calculate duration
testing...
no interpolation path defined
executed 4.0
executed 4.0
Script duration 214.0
Run total estimated duration= 215.000
run duration: 0:03:35
doing event level: 2
23:07:40 -- Setting default integration. t=1.048576
setting integration time = 1.048576
SetIntegrationTime 1.048576 ===>> OK
----------------- start -----------------
**************** Experiment Type: Ar/Ar, Ar/Ar
create new session 4993924272
close session 4993924272
$$$$$ Clearing conditionals
adding conditionals 
Add queue conditionals
add default conditionals
adding default conditionals from /Users/jan/PychronDev/setupfiles/spectrometer/default_conditionals.yaml
Start automated run 65575-05A
loading script "jan_unknown120_60.py"
loading script "jan_pump_ms.py"
loading script "jan_co2.py"
loading script "jan_pump_extraction_line.py"
%%%%%%%%%%%%%%%%%% setting automated run 65575-05A
No value "sensitivity_multiplier" in metadata
$$$$$$$$$$$$$$$ auto_save_detector_ic=False
============================= Pre Extraction Check =============================
loading queue conditionals pre_run_terminations
loading system conditionals pre_run_terminations
loading conditionals from /Users/jan/PychronDev/setupfiles/spectrometer/default_conditionals.yaml
23:07:40 -- ******* Pre Extraction Check *******
Get a measurement from the spectrometer
GetData ===>> H2,-0.116407092052445,H1,-0.00668236952863206,AX,-0.063852542150122,L1,0.0178164047389497,L2,-0.0...
Pre Extraction Termination data. keys=H2,H1,AX,L1,L2,CDD, signals=-0.11641,-0.00668,-0.06385,0.01782,-0.08395,0.00387
23:07:40 -- testing system defined conditionals
Checking default pre extraction terminations n=2
testing CDD
evaluate ot="CDD.inactive" t="CDD", ctx="{'CDD': False}"
GetDeflection CDD ===>> 50
testing CDD==2000
evaluate ot="CDD.deflection==2000" t="CDD==2000", ctx="{'CDD': 50.0}"
23:07:40 -- ******* Pre Extraction Check Passed *******
=================================================================================
23:07:40 -- stopping status monitor
stop 4977824688
Alive clients [4983939824]
23:07:40 -- starting status monitor
start 4977824688
Monitor already running
start extraction
do extraction
Analysis started at 23:07:40.353225
Extraction Started jan_co2.py
23:07:40 -- ******* Extraction Started jan_co2.py *******
state changed from not run to extraction
DO EXTRACTION <pychron.extraction_line.pyscript_runner.RemotePyScriptRunner object at 0x12c3c43b0>
testing...
no interpolation path defined
calculate duration
testing...
no interpolation path defined
executed 0
calculate duration
testing...
no interpolation path defined
executed 0
executed 100.0
Jan CO2 laser analysis
doing GOSUB
testing...
no interpolation path defined
executed 0
Waiting for CO2 access
wait ('FelixCO2Flag', 0) {}
waiting for FelixCO2Flag = 0
Read FelixCO2Flag ===>> 0
finished waiting
CO2 free
wait ('CO2PumpTimeFlag', 0) {}
waiting for CO2PumpTimeFlag = 0
Read CO2PumpTimeFlag ===>> 0
finished waiting
acquire ('JanCO2Flag',) {'clear': True}
acquire JanCO2Flag
Set JanCO2Flag 1 ===>> OK
JanCO2Flag acquired
set extraction state False (0.75, 'red', 1.5)
CO2 acquired
executed 0
WaitForCO2Access.py completed successfully
gosub finished
doing GOSUB
testing...
no interpolation path defined
executed 0
Prepare for CO2 analysis
close () {'description': 'Jan Inlet'}
closing name=--- desc=Jan Inlet
checking ownership. requestor=129.138.12.150
check software interlocks R
interlocks []
actuate state mode=None-script, software_lock=False
doing actuation None-script close_channel False
Close R ===>> OK
GetIndicatorState R ===>> False
change switch state (True, True)
update switch state R False args=() kw={} ncanvase=2
23:07:40 -- CLOSE  VALVE-R (Jan Inlet)
---------------------------------------- close None (Jan Inlet) result=[(True, True)]
action=close, ok=True, locked=[False]
open () {'description': 'Jan Ion Pump'}
opening name=--- desc=Jan Ion Pump
checking ownership. requestor=129.138.12.150
check software interlocks O
interlocks []
actuate state mode=None-script, software_lock=False
doing actuation None-script open_channel False
Open O ===>> OK
GetIndicatorState O ===>> OK
change switch state (True, True)
update switch state O True args=() kw={} ncanvase=2
23:07:41 -- OPEN   VALVE-O (Jan Ion Pump)
---------------------------------------- open None (Jan Ion Pump) result=[(True, True)], time=0.17 sec
action=open, ok=True, locked=[False]
close () {'description': 'Microbone to Minibone'}
closing name=--- desc=Microbone to Minibone
checking ownership. requestor=129.138.12.150
check software interlocks L
interlocks []
actuate state mode=None-script, software_lock=False
doing actuation None-script close_channel False
Close L ===>> OK
Get Checksum: 2035439760
GetIndicatorState L ===>> False
change switch state (True, True)
update switch state L False args=() kw={} ncanvase=2
23:07:41 -- CLOSE  VALVE-L (Microbone to Minibone)
---------------------------------------- close None (Microbone to Minibone) result=[(True, True)]
action=close, ok=True, locked=[False]
open () {'description': 'Microbone to Turbo'}
opening name=--- desc=Microbone to Turbo
checking ownership. requestor=129.138.12.150
check software interlocks U
interlocks []
actuate state mode=None-script, software_lock=False
doing actuation None-script open_channel False
Open U ===>> OK
GetIndicatorState U ===>> OK
change switch state (True, True)
update switch state U True args=() kw={} ncanvase=2
23:07:42 -- OPEN   VALVE-U (Microbone to Turbo)
---------------------------------------- open None (Microbone to Turbo) result=[(True, True)], time=0.12 sec
action=open, ok=True, locked=[False]
open () {'description': 'Microbone to Inlet Pipette'}
opening name=--- desc=Microbone to Inlet Pipette
checking ownership. requestor=129.138.12.150
check software interlocks S
interlocks []
actuate state mode=None-script, software_lock=False
doing actuation None-script open_channel False
Open S ===>> OK
GetIndicatorState S ===>> OK
change switch state (True, True)
update switch state S True args=() kw={} ncanvase=2
23:07:42 -- OPEN   VALVE-S (Microbone to Inlet Pipette)
---------------------------------------- open None (Microbone to Inlet Pipette) result=[(True, True)], time=0.40 sec
action=open, ok=True, locked=[False]
open () {'description': 'Microbone to Getter D-50'}
opening name=--- desc=Microbone to Getter D-50
checking ownership. requestor=129.138.12.150
check software interlocks K
interlocks []
actuate state mode=None-script, software_lock=False
doing actuation None-script open_channel False
Open K ===>> OK
GetIndicatorState K ===>> OK
change switch state (True, True)
update switch state K True args=() kw={} ncanvase=2
23:07:43 -- OPEN   VALVE-K (Microbone to Getter D-50)
---------------------------------------- open None (Microbone to Getter D-50) result=[(True, True)], time=0.41 sec
action=open, ok=True, locked=[False]
open () {'description': 'Microbone to Getter NP-10'}
opening name=--- desc=Microbone to Getter NP-10
checking ownership. requestor=129.138.12.150
check software interlocks M
interlocks []
actuate state mode=None-script, software_lock=False
doing actuation None-script open_channel False
Open M ===>> OK
GetIndicatorState M ===>> OK
change switch state (True, True)
update switch state M True args=() kw={} ncanvase=2
23:07:43 -- OPEN   VALVE-M (Microbone to Getter NP-10)
---------------------------------------- open None (Microbone to Getter NP-10) result=[(True, True)], time=0.14 sec
action=open, ok=True, locked=[False]
close () {'description': 'CO2 Laser to Felix'}
closing name=--- desc=CO2 Laser to Felix
checking ownership. requestor=129.138.12.150
check software interlocks F
interlocks []
actuate state mode=None-script, software_lock=True
VALVE-F(CO2 Laser to Felix) software locked
change switch state (True, False)
---------------------------------------- close None (CO2 Laser to Felix) result=[(True, False)]
action=close, ok=True, locked=[True]
open () {'description': 'CO2 Laser to Jan'}
opening name=--- desc=CO2 Laser to Jan
checking ownership. requestor=129.138.12.150
check software interlocks A
interlocks []
actuate state mode=None-script, software_lock=False
doing actuation None-script open_channel False
Open A ===>> OK
GetIndicatorState A ===>> OK
change switch state (True, True)
update switch state A True args=() kw={} ncanvase=2
23:07:44 -- OPEN   VALVE-A (CO2 Laser to Jan)
---------------------------------------- open None (CO2 Laser to Jan) result=[(True, True)], time=0.14 sec
action=open, ok=True, locked=[False]
open () {'description': 'Microbone to CO2 Laser'}
opening name=--- desc=Microbone to CO2 Laser
checking ownership. requestor=129.138.12.150
check software interlocks T
interlocks []
actuate state mode=None-script, software_lock=False
doing actuation None-script open_channel False
Open T ===>> OK
Get Checksum: 2035439760
GetIndicatorState T ===>> OK
change switch state (True, True)
update switch state T True args=() kw={} ncanvase=2
23:07:45 -- OPEN   VALVE-T (Microbone to CO2 Laser)
---------------------------------------- open None (Microbone to CO2 Laser) result=[(True, True)], time=0.50 sec
action=open, ok=True, locked=[False]
executed 0
PrepareForCO2Analysis.py completed successfully
gosub finished
set_motor ('beam', '1.25') {}
setting motor "beam" to 1.25
set motor beam to 1.25
SetMotor beam,1.25 ===>> OK
GetMotorMoving beam ===>> False
GetMotorMoving beam ===>> False
Block completed
move_to_position ('86',) {'autocenter': True}
FusionsCO2 move to position 86
sending GoToHole 86,True
GoToHole 86,True ===>> OK
GetDriveMoving ===>> OK
GetDriveMoving ===>> OK
GetDriveMoving ===>> OK
GetDriveMoving ===>> OK
Get Checksum: 2035439760
GetDriveMoving ===>> OK
GetDriveMoving ===>> OK
GetDriveMoving ===>> OK
GetDriveMoving ===>> OK
GetDriveMoving ===>> OK
GetDriveMoving ===>> OK
GetDriveMoving ===>> OK
GetDriveMoving ===>> OK
GetDriveMoving ===>> OK
GetDriveMoving ===>> OK
GetDriveMoving ===>> OK
GetDriveMoving ===>> OK
Get Checksum: 2035439760
GetDriveMoving ===>> OK
GetDriveMoving ===>> OK
GetDriveMoving ===>> OK
GetDriveMoving ===>> OK
GetDriveMoving ===>> OK
GetDriveMoving ===>> OK
GetDriveMoving ===>> OK
GetDriveMoving ===>> OK
GetDriveMoving ===>> OK
GetDriveMoving ===>> OK
GetDriveMoving ===>> OK
Get Checksum: 2035439760
GetDriveMoving ===>> OK
GetDriveMoving ===>> OK
GetDriveMoving ===>> OK
GetDriveMoving ===>> OK
GetDriveMoving ===>> OK
GetDriveMoving ===>> OK
GetDriveMoving ===>> OK
GetDriveMoving ===>> OK
GetDriveMoving ===>> OK
GetDriveMoving ===>> OK
GetDriveMoving ===>> OK
GetDriveMoving ===>> OK
Get Checksum: 2035439760
GetDriveMoving ===>> OK
GetDriveMoving ===>> OK
GetDriveMoving ===>> OK
GetDriveMoving ===>> OK
GetDriveMoving ===>> OK
GetDriveMoving ===>> OK
GetDriveMoving ===>> OK
GetDriveMoving ===>> OK
GetDriveMoving ===>> OK
GetDriveMoving ===>> OK
GetDriveMoving ===>> OK
Get Checksum: 2035439760
GetDriveMoving ===>> OK
GetDriveMoving ===>> False
GetDriveMoving ===>> False
Block completed
GetAutoCorrecting ===>> OK
GetAutoCorrecting ===>> OK
GetAutoCorrecting ===>> OK
GetAutoCorrecting ===>> OK
Get Checksum: 2035439760
GetAutoCorrecting ===>> OK
GetAutoCorrecting ===>> False
GetAutoCorrecting ===>> False
Block completed
update position
GetPosition ===>> -15.95120,1.99390,1.00000
got position (-15.9512, 1.9939, 1.0)
move to position succeeded
sleep (5,) {}
SLEEP 5.0
block started
WaitControl setup for 5.0  
Get Checksum: 2035439760
Get Checksum: 2035439760
Join finished
block finished. duration 5.02131795883
close () {'description': 'Microbone to Turbo'}
closing name=--- desc=Microbone to Turbo
checking ownership. requestor=129.138.12.150
check software interlocks U
interlocks []
actuate state mode=None-script, software_lock=False
doing actuation None-script close_channel True
Close U ===>> OK
GetIndicatorState U ===>> False
change switch state (True, True)
update switch state U False args=() kw={} ncanvase=2
23:08:09 -- CLOSE  VALVE-U (Microbone to Turbo)
---------------------------------------- close None (Microbone to Turbo) result=[(True, True)]
action=close, ok=True, locked=[False]
enable laser
enable () {}
set extraction state FusionsCO2 Enabled (False, 'red', 1.5)
enabling laser
Enable ===>> OK
begin interval
BEGIN INTERVAL Interval 1 waiting for 30.0
block started
set extract to 0.3
WaitControl setup for 30.0  
extract (0.3,) {}
GetPosition ===>> -15.95120,1.99390,1.00000
set extraction state FusionsCO2 ON! 0.3(watts) (0.75, 'red', 1.5)
extract sample to 0.3 (watts)
set laser output
SetLaserOutput 0.3,watts ===>> OK
executing pattern triangle.lp
execute_pattern ('triangle.lp',) {}
executing pattern triangle.lp
IsPatterning ===>> OK
Get Checksum: -1640178555
IsPatterning ===>> OK
IsPatterning ===>> OK
IsPatterning ===>> OK
Get Checksum: -1640178555
IsPatterning ===>> OK
IsPatterning ===>> OK
IsPatterning ===>> OK
Get Checksum: -1640178555
IsPatterning ===>> OK
IsPatterning ===>> OK
IsPatterning ===>> OK
IsPatterning ===>> OK
IsPatterning ===>> OK
Get Checksum: -1640178555
IsPatterning ===>> OK
IsPatterning ===>> OK
IsPatterning ===>> OK
Get Checksum: -1640178555
IsPatterning ===>> OK
IsPatterning ===>> OK
IsPatterning ===>> OK
Get Checksum: -1640178555
IsPatterning ===>> OK
IsPatterning ===>> OK
IsPatterning ===>> OK
Get Checksum: -1640178555
IsPatterning ===>> OK
IsPatterning ===>> OK
IsPatterning ===>> OK
Get Checksum: -1640178555
IsPatterning ===>> OK
IsPatterning ===>> OK
IsPatterning ===>> False
Get Checksum: -1640178555
IsPatterning ===>> False
Block completed
COMPLETE INTERVAL waiting for Interval 1 to complete
Join finished
block finished. duration 30.0958120823
Interval 1 finished
end_extract () {}
ending extraction. set laser power to 0
set laser power 0
SetLaserPower 0 ===>> OK
disable () {}
%%%%%%%%%%%%%%%%%%%%%%%%%%%%%%%%%%% disable
set extraction state False (0.75, 'red', 1.5)
disabling laser
Disable ===>> OK
sleep (30.0,) {}
SLEEP 30.0
block started
WaitControl setup for 30.0  
Get Checksum: -1640178555
Get Checksum: -1640178555
Get Checksum: -1640178555
Get Checksum: -1640178555
Get Checksum: -1640178555
Get Checksum: -1640178555
Get Checksum: -1640178555
Get Checksum: -1640178555
Get Checksum: -1640178555
Get Checksum: -1640178555
Join finished
block finished. duration 30.0968880653
executed 166.5
jan_co2.py completed successfully
GetAchievedOutput ===>> No Response
Requested Output= 0.000
Achieved Output=  0.000
GetResponseBlob ===>> No Response
GetOutputBlob ===>> No Response
persistence save...
persistence save - db
AutomatedRunPersister post_extraction_save deprecated
persistence save - dvc
no extraction position for 86
create new session 4983587952
close session 4983587952
Extraction Finished
23:09:10 -- ******* Extraction Finished *******
no overlap. not waiting for min ms pumptime
23:09:10 -- Sending spectrometer configuration
======== Sending configuration ========
SetDeflection CDD,50.0 ===>> OK
SetDeflection H2,0.0 ===>> OK
SetDeflection H1,0.0 ===>> OK
SetDeflection L2,825.0 ===>> OK
SetDeflection L1,400.0 ===>> OK
SetDeflection AX,190.0 ===>> OK
SetZFocus 74.64 ===>> OK
SetZSymmetry -50.72 ===>> OK
SetExtractionLens 26.13 ===>> OK
SetIonRepeller -3.81 ===>> OK
SetElectronEnergy 75.08 ===>> OK
SetYSymmetry -2.81 ===>> OK
SetIonCounterVoltage 1590.0 ===>> OK
send trap current 200.0
GetParameter Trap Current Readback ===>> 198.147042666178
SetParameter Trap Current Set,200.0 ===>> OK
updating mftable name mftable
Using mftable located at /Users/jan/PychronDev/setupfiles/spectrometer/mftables/mftable.csv
============ MFtable ===========
Isotope  H2     H1     AX     L1     L2     CDD    
Ar40     5.7840 5.8792 5.9927 6.1239 6.2312 6.3521
Ar39     5.6833 5.7715 5.8851 6.0100 6.1163 6.2386
Ar36     5.3608 5.4405 5.5484 5.6688 5.7713 5.8898
================================
get initial guess parabolic
get initial guess parabolic
get initial guess parabolic
get initial guess parabolic
get initial guess parabolic
get initial guess parabolic
======== Configuration Finished ========
GetYSymmetry ===>> -2.81
GetZSymmetry ===>> -50.72
GetParameter Trap Current Readback ===>> 198.258926936459
GetHighVoltage ===>> 4500
start measurement
do measurement
L#=65575 analysis type=unknown
Measurement Started jan_unknown120_60.py
23:09:10 -- ******* Measurement Started jan_unknown120_60.py *******
state changed from extraction to measurement
setting spec, defl, and gains
GetExtractionLens ===>> 26.13
GetYSymmetry ===>> -2.81
GetZSymmetry ===>> -50.72
GetZFocus ===>> 74.64
GetDeflection H2 ===>> 0
GetDeflection H1 ===>> 0
GetDeflection AX ===>> 190
GetDeflection L1 ===>> 400
GetDeflection L2 ===>> 825
GetDeflection CDD ===>> 50
GetGain H2 ===>> 0.0113
GetGain H1 ===>> 0.1
GetGain AX ===>> 0.097049
GetGain L1 ===>> 0.010355
GetGain L2 ===>> 0.095649
GetGain CDD ===>> 0
pre measurement save
New frame /Users/jan/PychronDev/data/isotopes/79/aa3328-faa4-407c-93a3-913c0fa700b9.h5
flush and close file /Users/jan/PychronDev/data/isotopes/79/aa3328-faa4-407c-93a3-913c0fa700b9.h5
testing...
no interpolation path defined
executed 226.132928
unknown measurement script
activate_detectors ('H2', 'H1', 'AX', 'L1', 'L2', 'CDD') {}
activate detectors
*************** Set Analysis View Ar/Ar
create graphs
Get Checksum: -1640178555
clearing graphs
clear isotope group
setting isotope det=H2, iso=PM41
setting isotope det=H1, iso=Ar40
setting isotope det=AX, iso=Ar39
setting isotope det=L1, iso=Ar38
setting isotope det=L2, iso=Ar37
setting isotope det=CDD, iso=Ar36
setting previous blanks
 - setting Ar40 blank 0.711+/-0.008
 - setting Ar36 blank 0.00632+/-0.00020
 - setting Ar37 blank 0.046+/-0.005
 - setting Ar38 blank 0.0102+/-0.0021
 - setting PM41 blank 0.03+/-0.06
 - setting Ar39 blank 0.018+/-0.009
load analysis view
position_magnet ('Ar40',) {'detector': 'H1'}
detector Detector(H1)
POSITION Ar40 H1
setting detector H2 to PM41 (40.9624)
setting detector H1 to Ar40 (39.9624)
setting detector AX to Ar39 (38.9624)
setting detector L1 to Ar38 (37.9624)
setting detector L2 to Ar37 (36.9624)
setting detector CDD to Ar36 (35.9624)
Mapping mass to dac mass func: "parabolic"
H1 map mass coeffs = [-0.00063987  0.15840543  0.57085999]
H1 map mass to dac 39.9624 >> 5.87925
GetDeflection H1 ===>> 0
GetHighVoltage ===>> 4500
positioning Ar40 (5.87925) on H1
setting magnet DAC
current  : 5.879250
requested: 5.879250
Delta Dac: 0.000000
Checking detector protection. dv=0.00000
Checking detector "CDD". Protection Threshold: 0.1 (V)
SetMagnetDAC 5.87925 ===>> OK
Magnet settling time: 0.500
equilibrate () {'delay': 3, 'inlet': 'R', 'outlet': 'O', 'eqtime': 12.0}
Equilibration Started
23:09:12 -- ******* Equilibration Started *******
checking ownership. requestor=129.138.12.150
check software interlocks O
interlocks []
actuate state mode=None-script, software_lock=False
doing actuation None-script close_channel True
Close O ===>> OK
GetIndicatorState O ===>> False
change switch state (True, True)
update switch state O False args=() kw={} ncanvase=2
23:09:12 -- CLOSE  VALVE-O (Jan Ion Pump)
waiting 3s before opening inlet value ('R',)
Get Checksum: -423938523
checking ownership. requestor=129.138.12.150
check software interlocks R
interlocks []
actuate state mode=None-script, software_lock=False
doing actuation None-script open_channel True
Open R ===>> OK
GetIndicatorState R ===>> OK
change switch state (True, True)
update switch state R True args=() kw={} ncanvase=2
23:09:16 -- OPEN   VALVE-R (Jan Inlet)
set_time_zero () {}
equilibrating for 12.0sec
sniff (12.0,) {}
py_sniff
build tables- sniff [Detector(H2), Detector(H1), Detector(AX), Detector(L1), Detector(L2), Detector(CDD)]
add group /sniff/PM41 (Group) '' table H2
add group /sniff/Ar40 (Group) '' table H1
add group /sniff/Ar39 (Group) '' table AX
add group /sniff/Ar38 (Group) '' table L1
add group /sniff/Ar37 (Group) '' table L2
add group /sniff/Ar36 (Group) '' table CDD
flush and close file /Users/jan/PychronDev/data/isotopes/79/aa3328-faa4-407c-93a3-913c0fa700b9.h5
measuring sniff. ncounts=12.0
starting measurement
GetData ===>> H2,-0.24580480264596,H1,-0.00508403330548008,AX,0.0058009678374751,L1,0.00981300585213676,L2,0.00...
Get Checksum: -173909521
GetData ===>> H2,0.555095600895638,H1,24.8479836153625,AX,4.97317003219333,L1,0.0768799844618769,L2,0.276835662...
GetData ===>> H2,0.845263322063727,H1,68.4540039951319,AX,11.4291673377957,L1,0.243474308415199,L2,0.2624957483...
GetData ===>> H2,0.364852156004869,H1,83.2563904035143,AX,13.0614403869636,L1,0.307230381558832,L2,0.2264776948...
Get Checksum: -173909521
GetData ===>> H2,0.167228381631602,H1,88.0920673205831,AX,13.4806425515496,L1,0.293035906409147,L2,0.1102420327...
GetData ===>> H2,0.0417640591792771,H1,89.9282988512102,AX,13.613700142533,L1,0.277423415445717,L2,0.1097404378...
GetData ===>> H2,0.00728726517151734,H1,90.8686527448041,AX,13.700487486277,L1,0.286011291001562,L2,0.168673021...
Get Checksum: -173909521
GetData ===>> H2,-0.00956706606435154,H1,91.2185532346649,AX,13.8451901400348,L1,0.29322582793531,L2,0.16474913...
GetData ===>> H2,0.0583889014594491,H1,91.2632679615996,AX,13.7916698657147,L1,0.237371774542925,L2,0.112875448...
GetData ===>> H2,-0.056038501673202,H1,91.3252476069881,AX,13.6390635636986,L1,0.220228346016651,L2,0.163882253...
Get Checksum: -173909521
GetData ===>> H2,-0.164526444716356,H1,91.3687480826471,AX,13.6998417757167,L1,0.232827550080182,L2,0.245038272...
Equilibration Finished
23:09:28 -- ******* Equilibration Finished *******
GetData ===>> H2,-0.130753514169418,H1,91.3674797141366,AX,13.6880085966209,L1,0.240129891747778,L2,0.172174996...
checking ownership. requestor=129.138.12.150
check software interlocks R
interlocks []
actuate state mode=None-script, software_lock=False
doing actuation None-script close_channel True
Close R ===>> OK
set states for children of R. state=False
handle state [('R', False)]
update switch state R False args=() kw={'refresh': False} ncanvase=2
refresh_canvas_needed fired
GetIndicatorState R ===>> False
change switch state (True, True)
update switch state R False args=() kw={} ncanvase=2
23:09:29 -- CLOSE  VALVE-R (Jan Inlet)
Post Equilibration Started jan_pump_extraction_line.py
23:09:29 -- ******* Post Equilibration Started jan_pump_extraction_line.py *******
testing...
no interpolation path defined
calculate duration
testing...
no interpolation path defined
executed 4.0
executed 4.0
Pump after analysis
doing GOSUB
testing...
no interpolation path defined
executed 4.0
Pump Microbone
close () {'description': 'Jan Inlet'}
closing name=--- desc=Jan Inlet
checking ownership. requestor=129.138.12.150
check software interlocks R
interlocks []
actuate state mode=None-script, software_lock=False
doing actuation None-script close_channel False
measurement finished
estimated time: 12.583 actual time: :12.661
flush and close file /Users/jan/PychronDev/data/isotopes/79/aa3328-faa4-407c-93a3-913c0fa700b9.h5
set_fits () {}
using default fits file=/Users/jan/PychronDev/scripts/measurement/fits/nominal_linear.yaml
Close R ===>> OK
set "Ar40" to "('Linear', 'SEM')"
No fit for "PM41". defaulting to linear. check the measurement script "jan_unknown120_60.py"
set "PM41" to "linear"
set "Ar36" to "('Linear', 'SEM')"
set "Ar37" to "('linear', 'SEM')"
set "Ar38" to "('linear', 'SEM')"
set "Ar39" to "('Linear', 'SEM')"
set_baseline_fits () {}
using default fits file=/Users/jan/PychronDev/scripts/measurement/fits/nominal_linear.yaml
set "H1" to "('average', 'SEM')"
set "H2" to "('average', 'SEM')"
set "CDD" to "('average', 'SEM')"
set "L2" to "('average', 'SEM')"
set "L1" to "('average', 'SEM')"
set "AX" to "('average', 'SEM')"
multicollect () {'integration_time': 1, 'ncounts': 120}
build tables- signal [Detector(H2), Detector(H1), Detector(AX), Detector(L1), Detector(L2), Detector(CDD)]
add group /signal/PM41 (Group) '' table H2
add group /signal/Ar40 (Group) '' table H1
add group /signal/Ar39 (Group) '' table AX
add group /signal/Ar38 (Group) '' table L1
add group /signal/Ar37 (Group) '' table L2
add group /signal/Ar36 (Group) '' table CDD
flush and close file /Users/jan/PychronDev/data/isotopes/79/aa3328-faa4-407c-93a3-913c0fa700b9.h5
measuring signal. ncounts=120
GetIndicatorState R ===>> False
change switch state (True, True)
update switch state R False args=() kw={} ncanvase=2
23:09:29 -- CLOSE  VALVE-R (Jan Inlet)
---------------------------------------- close None (Jan Inlet) result=[(True, True)]
action=close, ok=True, locked=[False]
is_closed ('F',) {}
is F () closed?
is closed True
open () {'description': 'CO2 Laser to Jan'}
opening name=--- desc=CO2 Laser to Jan
checking ownership. requestor=129.138.12.150
check software interlocks A
interlocks []
actuate state mode=None-script, software_lock=False
doing actuation None-script open_channel False
Open A ===>> OK
GetIndicatorState A ===>> OK
change switch state (True, True)
update switch state A True args=() kw={} ncanvase=2
23:09:29 -- OPEN   VALVE-A (CO2 Laser to Jan)
---------------------------------------- open None (CO2 Laser to Jan) result=[(True, True)], time=0.14 sec
Get Checksum: -423938523
starting measurement
GetData ===>> H2,0.151132099845694,H1,91.4906937144647,AX,13.863591363446,L1,0.257387596202269,L2,0.15016145377...
action=open, ok=True, locked=[False]
sleep (1,) {}
SLEEP 1.0
GetData ===>> H2,0.0445323398171991,H1,91.5473401294891,AX,13.8169174789134,L1,0.295656161123122,L2,0.100940155...
close () {'description': 'CO2 Laser to Roughing'}
closing name=--- desc=CO2 Laser to Roughing
checking ownership. requestor=129.138.12.150
check software interlocks G
interlocks []
actuate state mode=None-script, software_lock=True
VALVE-G(CO2 Laser to Roughing) software locked
change switch state (True, False)
---------------------------------------- close None (CO2 Laser to Roughing) result=[(True, False)]
action=close, ok=True, locked=[True]
open () {'description': 'Microbone to Turbo'}
opening name=--- desc=Microbone to Turbo
checking ownership. requestor=129.138.12.150
check software interlocks U
interlocks []
actuate state mode=None-script, software_lock=False
doing actuation None-script open_channel True
Open U ===>> OK
GetIndicatorState U ===>> OK
change switch state (True, True)
update switch state U True args=() kw={} ncanvase=2
23:09:31 -- OPEN   VALVE-U (Microbone to Turbo)
---------------------------------------- open None (Microbone to Turbo) result=[(True, True)], time=0.21 sec
action=open, ok=True, locked=[False]
open () {'description': 'Microbone to Getter NP-10'}
opening name=--- desc=Microbone to Getter NP-10
checking ownership. requestor=129.138.12.150
check software interlocks M
interlocks []
actuate state mode=None-script, software_lock=False
doing actuation None-script open_channel False
Open M ===>> OK
GetIndicatorState M ===>> OK
change switch state (True, True)
update switch state M True args=() kw={} ncanvase=2
23:09:31 -- OPEN   VALVE-M (Microbone to Getter NP-10)
---------------------------------------- open None (Microbone to Getter NP-10) result=[(True, True)], time=0.15 sec
action=open, ok=True, locked=[False]
open () {'description': 'Microbone to Getter D-50'}
opening name=--- desc=Microbone to Getter D-50
checking ownership. requestor=129.138.12.150
check software interlocks K
interlocks []
actuate state mode=None-script, software_lock=False
doing actuation None-script open_channel False
GetData ===>> H2,0.00453455338887075,H1,91.2091051041888,AX,13.6823097800066,L1,0.227629006106793,L2,0.12369487...
Open K ===>> OK
GetIndicatorState K ===>> OK
change switch state (True, True)
update switch state K True args=() kw={} ncanvase=2
23:09:32 -- OPEN   VALVE-K (Microbone to Getter D-50)
---------------------------------------- open None (Microbone to Getter D-50) result=[(True, True)], time=0.40 sec
action=open, ok=True, locked=[False]
open () {'description': 'Microbone to CO2 Laser'}
opening name=--- desc=Microbone to CO2 Laser
checking ownership. requestor=129.138.12.150
check software interlocks T
interlocks []
actuate state mode=None-script, software_lock=False
doing actuation None-script open_channel False
Open T ===>> OK
GetIndicatorState T ===>> OK
change switch state (True, True)
update switch state T True args=() kw={} ncanvase=2
23:09:33 -- OPEN   VALVE-T (Microbone to CO2 Laser)
---------------------------------------- open None (Microbone to CO2 Laser) result=[(True, True)], time=0.40 sec
Get Checksum: -110011688
GetData ===>> H2,-0.132939324839297,H1,91.2322228459952,AX,13.6124470220664,L1,0.241812333292209,L2,0.140148678...
action=open, ok=True, locked=[False]
open () {'description': 'Microbone to Inlet Pipette'}
opening name=--- desc=Microbone to Inlet Pipette
checking ownership. requestor=129.138.12.150
check software interlocks S
interlocks []
actuate state mode=None-script, software_lock=False
doing actuation None-script open_channel False
Open S ===>> OK
GetIndicatorState S ===>> OK
change switch state (True, True)
update switch state S True args=() kw={} ncanvase=2
23:09:33 -- OPEN   VALVE-S (Microbone to Inlet Pipette)
---------------------------------------- open None (Microbone to Inlet Pipette) result=[(True, True)], time=0.42 sec
action=open, ok=True, locked=[False]
sleep (1,) {}
SLEEP 1.0
GetData ===>> H2,-0.174628964248905,H1,91.3504881152716,AX,13.6257234210372,L1,0.217409859944562,L2,0.099902869...
set_resource () {'name': 'CO2PumpTimeFlag', 'value': 30}
Set CO2PumpTimeFlag 30 ===>> OK
release ('JanCO2Flag',) {}
release JanCO2Flag
Set JanCO2Flag 0 ===>> OK
executed 6.0
PumpMicrobone.py completed successfully
gosub finished
get_resource_value () {'name': 'JanMiniboneFlag'}
Read JanMiniboneFlag ===>> 0
Get Resource Value JanMiniboneFlag=0.0
get resource value 0.0
get_resource_value () {'name': 'JanMiniboneFlag'}
Read JanMiniboneFlag ===>> 0
Get Resource Value JanMiniboneFlag=0.0
executed 4.0
jan_pump_extraction_line.py completed successfully
Post Equilibration Finished
23:09:35 -- ******* Post Equilibration Finished *******
GetData ===>> H2,-0.208086073648569,H1,91.2600559497513,AX,13.621566609465,L1,0.191413559351166,L2,0.2000927094...
Get Checksum: -110011688
GetData ===>> H2,-0.141631058486876,H1,91.1604673494355,AX,13.6610319867984,L1,0.228713637259557,L2,0.089029144...
GetData ===>> H2,-0.102012918590945,H1,91.3202625588971,AX,13.6458273585133,L1,0.245652244331483,L2,0.121562816...
GetData ===>> H2,-0.174622213872593,H1,91.3662808554152,AX,13.7028468473483,L1,0.162950387888571,L2,0.090750165...
Get Checksum: -110011688
GetData ===>> H2,-0.20197813678595,H1,91.3309797545415,AX,13.6079185440999,L1,0.188628166412707,L2,0.0327168230...
GetData ===>> H2,-0.253675597411308,H1,91.5243417090673,AX,13.5945575800205,L1,0.218991901549255,L2,0.269043700...
GetData ===>> H2,-0.304995923867049,H1,91.4441103139082,AX,13.6743642379486,L1,0.207747033001044,L2,0.170589395...
Get Checksum: -110011688
GetData ===>> H2,-0.202022623977376,H1,91.1566825857357,AX,13.7117756500045,L1,0.215493298444743,L2,0.074672284...
GetData ===>> H2,-0.184733814979501,H1,90.9366513720226,AX,13.5391485969233,L1,0.219243061136338,L2,0.115862355...
GetData ===>> H2,-0.227856699214238,H1,91.0818408564363,AX,13.5555922826519,L1,0.239696267722885,L2,0.191546537...
Get Checksum: -110011688
GetData ===>> H2,-0.132555215340944,H1,91.0906213129584,AX,13.6257978729061,L1,0.23692976792755,L2,0.1033453335...
GetData ===>> H2,-0.130372598396086,H1,91.0365825189389,AX,13.6302774916141,L1,0.220029339907363,L2,0.088219933...
GetData ===>> H2,-0.269775395065128,H1,91.0016100950845,AX,13.6627573868676,L1,0.231289795872503,L2,0.179453124...
Get Checksum: -110011688
GetData ===>> H2,-0.234818959614904,H1,91.3254560447679,AX,13.7103226494641,L1,0.191856870536789,L2,0.184643978...
GetData ===>> H2,-0.209956070741135,H1,91.1350349326771,AX,13.5570940618632,L1,0.171504458876111,L2,0.118837953...
GetData ===>> H2,-0.228593100910846,H1,90.9976013860968,AX,13.5959593462731,L1,0.227892267258091,L2,0.077940129...
Get Checksum: -110011688
GetData ===>> H2,-0.120748557503218,H1,90.9081543287861,AX,13.5655464959592,L1,0.193308062576311,L2,0.146580454...
GetData ===>> H2,-0.0747993120949616,H1,90.9047204908556,AX,13.5708296570667,L1,0.198748847979049,L2,0.13637420...
Get Checksum: -110011688
GetData ===>> H2,-0.0817511709264962,H1,90.9019110473485,AX,13.6221125692821,L1,0.169365386085954,L2,0.09211788...
23:09:55 -- collecting point 25
GetData ===>> H2,-0.154153738141185,H1,90.7819664116999,AX,13.5678035883292,L1,0.161418431623407,L2,0.062981295...
GetData ===>> H2,-0.164699242747193,H1,90.7643509085367,AX,13.5673075198771,L1,0.182553018728904,L2,0.142805724...
Get Checksum: -110011688
GetData ===>> H2,-0.257447651813891,H1,90.9101834529144,AX,13.6339879034024,L1,0.202903916036976,L2,0.066984585...
GetData ===>> H2,-0.303865699484183,H1,90.8768712429228,AX,13.6028071836187,L1,0.21851750590242,L2,0.0268338095...
GetData ===>> H2,-0.176620149614957,H1,90.9446481972376,AX,13.4982306069456,L1,0.223017580526256,L2,0.262438712...
Get Checksum: -110011688
GetData ===>> H2,-0.0781063791153506,H1,90.8840498045381,AX,13.5287128575951,L1,0.245033051324131,L2,0.12789072...
GetData ===>> H2,-0.11310760475201,H1,90.7944684711796,AX,13.5496350247965,L1,0.192928891409988,L2,0.0706572669...
GetData ===>> H2,-0.0524011326166918,H1,90.729282295596,AX,13.5409976063213,L1,0.216851836445647,L2,0.081894646...
GetData ===>> H2,-0.167448806787739,H1,90.9124727551218,AX,13.6015790057399,L1,0.244226942673881,L2,0.163460221...
GetData ===>> H2,-0.162185311707644,H1,90.8056536095917,AX,13.4490708909106,L1,0.202329964038081,L2,0.117606660...
Get Checksum: -110011688
GetData ===>> H2,-0.154695568840233,H1,90.846326204689,AX,13.4475954662601,L1,0.191976785900561,L2,0.1093186441...
GetData ===>> H2,-0.127569245667434,H1,90.8107869222022,AX,13.5912951351672,L1,0.170783318384459,L2,0.079125328...
GetData ===>> H2,-0.00311453454764245,H1,90.7310155924417,AX,13.5265538697135,L1,0.189416476279635,L2,0.0772730...
Get Checksum: -110011688
GetData ===>> H2,-0.0790834063020555,H1,90.5625223315151,AX,13.4940875957126,L1,0.202792467883322,L2,0.13117456...
GetData ===>> H2,-0.127370524664127,H1,90.6345575104181,AX,13.4839292331375,L1,0.163858863179042,L2,0.150754498...
GetData ===>> H2,-0.120154731136075,H1,90.8102839883022,AX,13.4722216787741,L1,0.168822220444422,L2,0.125758572...
Get Checksum: -110011688
GetData ===>> H2,-0.125323631029903,H1,90.7506726238308,AX,13.5463834986818,L1,0.222367907409106,L2,0.235483577...
GetData ===>> H2,-0.172848805839414,H1,90.5501359465415,AX,13.5358353535025,L1,0.197794985402127,L2,0.089553426...
GetData ===>> H2,-0.152790264024443,H1,90.704602389371,AX,13.457638686124,L1,0.170477212147313,L2,0.00488971280...
Get Checksum: -110011688
GetData ===>> H2,-0.12857090877105,H1,90.7258157638635,AX,13.4797619865639,L1,0.198968236906643,L2,0.1288599022...
GetData ===>> H2,-0.238860175566783,H1,90.4646336989667,AX,13.5332543230794,L1,0.203507210933777,L2,0.012367239...
GetData ===>> H2,-0.260196244873903,H1,90.4535640523143,AX,13.5708048528671,L1,0.208995445355321,L2,0.117743469...
Get Checksum: -110011688
GetData ===>> H2,-0.218923166010138,H1,90.5184212178695,AX,13.4529889268066,L1,0.200015550931595,L2,0.128688870...
GetData ===>> H2,-0.22254025929016,H1,90.4374028429997,AX,13.5357857176986,L1,0.22500040740507,L2,0.12844942645...
Get Checksum: -110011688
GetData ===>> H2,-0.219687095532454,H1,90.4183858439384,AX,13.4421898874378,L1,0.215670383299153,L2,0.115748349...
23:10:21 -- collecting point 50
GetData ===>> H2,-0.192268795330624,H1,90.3430004891832,AX,13.3977408912189,L1,0.230479139673517,L2,0.092471217...
GetData ===>> H2,-0.210115033178063,H1,90.4838217774601,AX,13.5381558537486,L1,0.200892032019731,L2,0.161372900...
Get Checksum: -110011688
GetData ===>> H2,-0.126159197590302,H1,90.35989559672,AX,13.5117151415218,L1,0.171919500864546,L2,0.17092020215...
GetData ===>> H2,-0.155535963224096,H1,90.5289342907927,AX,13.461904248044,L1,0.170767589380608,L2,0.1261234298...
GetData ===>> H2,-0.317321692682724,H1,90.3348133006418,AX,13.4803572972878,L1,0.171608520288768,L2,0.127218009...
Get Checksum: -110011688
GetData ===>> H2,-0.173397836968615,H1,90.2550912064506,AX,13.4993222062154,L1,0.232402732893092,L2,0.186446581...
GetData ===>> H2,-0.139034646043768,H1,90.3848610221058,AX,13.4963575485093,L1,0.226113870306201,L2,0.080823378...
GetData ===>> H2,-0.0234916888007603,H1,90.3890512018408,AX,13.52814208633,L1,0.196413437144475,L2,0.1133086586...
Get Checksum: -110011688
GetData ===>> H2,-0.132015546578047,H1,90.3510496549885,AX,13.54984600519,L1,0.195333778780645,L2,0.14027411633...
GetData ===>> H2,-0.255596733481879,H1,90.1876307834722,AX,13.4825277298057,L1,0.225207807933983,L2,0.132223590...
GetData ===>> H2,-0.203319416126538,H1,90.2287297991998,AX,13.4078288748667,L1,0.194194869523581,L2,0.077860357...
Get Checksum: -110011688
GetData ===>> H2,-0.190675379161233,H1,90.2567010862864,AX,13.5636102969389,L1,0.201429111003952,L2,0.073006944...
GetData ===>> H2,-0.120345462353043,H1,90.3815539821017,AX,13.4265326509097,L1,0.211150832217355,L2,0.114118081...
GetData ===>> H2,-0.0798069756693188,H1,90.0660913552686,AX,13.4437024293661,L1,0.175012884419422,L2,0.13072987...
Get Checksum: -110011688
GetData ===>> H2,-0.149666573245195,H1,90.0495022957625,AX,13.360140001341,L1,0.182637811968375,L2,0.1883176750...
GetData ===>> H2,-0.025610327582531,H1,90.1330692678133,AX,13.573632569678,L1,0.207856111468221,L2,0.2244688936...
GetData ===>> H2,-0.0282624877139081,H1,90.0561446112562,AX,13.3366340729717,L1,0.199594915325196,L2,0.11040163...
Get Checksum: -110011688
GetData ===>> H2,-0.103961925719647,H1,90.1191467371591,AX,13.4201613383517,L1,0.199288238082716,L2,0.040458781...
GetData ===>> H2,-0.280250037919145,H1,89.9743995566356,AX,13.393849719146,L1,0.204222004209754,L2,0.1278337159...
GetData ===>> H2,-0.170151826734482,H1,89.9868649928013,AX,13.2811385160779,L1,0.189449172479315,L2,0.075025888...
Get Checksum: -110011688
GetData ===>> H2,-0.134406665699642,H1,90.0189930645145,AX,13.3052515265981,L1,0.165136961780107,L2,0.070759921...
GetData ===>> H2,-0.237467879063542,H1,90.0130614588009,AX,13.4328671635563,L1,0.198902783361045,L2,0.070771327...
Get Checksum: -110011688
GetData ===>> H2,-0.206195553356806,H1,90.0787549792576,AX,13.2813491399574,L1,0.207947011084201,L2,0.139532892...
GetData ===>> H2,-0.221073354285629,H1,90.1023550016101,AX,13.3806530378255,L1,0.15274533787235,L2,0.0231742103...
GetData ===>> H2,-0.275782244093181,H1,90.1999160071156,AX,13.3501220574433,L1,0.17921757184907,L2,0.0112387338...
Get Checksum: -110011688
23:10:47 -- collecting point 75
GetData ===>> H2,-0.295927228730331,H1,89.9321702629776,AX,13.2680063403275,L1,0.181569468856925,L2,0.142942570...
GetData ===>> H2,-0.0999457936473721,H1,89.8056032476433,AX,13.2727139107322,L1,0.20670478662249,L2,0.146090073...
GetData ===>> H2,-0.128270824647083,H1,89.8588168863672,AX,13.3994014994039,L1,0.24886536727452,L2,0.1577572647...
Get Checksum: -110011688
GetData ===>> H2,-0.215203344597048,H1,89.942506055855,AX,13.4564607274481,L1,0.238735558653753,L2,0.1477550988...
GetData ===>> H2,-0.172836664801148,H1,89.9769409664136,AX,13.4078660559768,L1,0.17937620483382,L2,0.0620004577...
GetData ===>> H2,-0.242046351608235,H1,89.7517527479797,AX,13.3615783002123,L1,0.186351977239367,L2,0.141927636...
Get Checksum: -110011688
GetData ===>> H2,-0.199305888256263,H1,89.9098419335002,AX,13.2912489435637,L1,0.239335535745831,L2,0.161418524...
GetData ===>> H2,-0.156100694864704,H1,89.8640719067118,AX,13.293813877449,L1,0.218470188879079,L2,0.0471864708...
GetData ===>> H2,-0.207537680131404,H1,89.8215877549778,AX,13.2825881125901,L1,0.235339188501751,L2,0.106924715...
Get Checksum: -110011688
GetData ===>> H2,-0.250894815718185,H1,89.8202743668543,AX,13.2422052073333,L1,0.200141623781423,L2,0.171467746...
GetData ===>> H2,-0.217207841609998,H1,89.8486531110001,AX,13.2486703725229,L1,0.176821425235629,L2,0.118575732...
GetData ===>> H2,-0.167977855960399,H1,89.7753843833076,AX,13.3880504079344,L1,0.173364414894695,L2,0.060825746...
Get Checksum: -110011688
GetData ===>> H2,-0.168137105720612,H1,89.9132462632224,AX,13.4029458712036,L1,0.159913322204929,L2,0.118780948...
GetData ===>> H2,-0.158344482063329,H1,89.8766916476782,AX,13.3516594020039,L1,0.203061399205513,L2,0.094215096...
GetData ===>> H2,-0.21660364253763,H1,89.6874975467734,AX,13.3038635757792,L1,0.196088679363751,L2,0.0927561628...
Get Checksum: -110011688
GetData ===>> H2,-0.227572626499775,H1,89.4982151328697,AX,13.3273868884507,L1,0.169454908379119,L2,0.131448221...
GetData ===>> H2,-0.185804767562771,H1,89.6379213710954,AX,13.1983468301809,L1,0.173499961764898,L2,0.184267489...
GetData ===>> H2,-0.212756446230619,H1,89.5787976169745,AX,13.3086347343282,L1,0.192485533476539,L2,0.111370630...
Get Checksum: -110011688
GetData ===>> H2,-0.298876643925941,H1,89.6412892502848,AX,13.4059326558713,L1,0.187238177532768,L2,0.112864048...
GetData ===>> H2,-0.295323295067147,H1,89.541149879213,AX,13.295189302838,L1,0.210086416513549,L2,0.10675372276...
Get Checksum: -110011688
GetData ===>> H2,-0.20061108143495,H1,89.5625876942881,AX,13.2693442597101,L1,0.195059944267778,L2,0.0879919882...
GetData ===>> H2,-0.29426834659899,H1,89.5118211339433,AX,13.3565939356359,L1,0.158785846257023,L2,0.1685361390...
GetData ===>> H2,-0.27277183022005,H1,89.492465772896,AX,13.2692327657706,L1,0.182715337835076,L2,0.14516633904...
Get Checksum: -110011688
GetData ===>> H2,-0.221229617689815,H1,89.4037335812474,AX,13.3694148985923,L1,0.16850407677947,L2,0.0723225664...
GetData ===>> H2,-0.163828475851321,H1,89.5437560786471,AX,13.3325557897172,L1,0.194242119605095,L2,0.199077169...
23:11:14 -- collecting point 100
GetData ===>> H2,-0.177354437414992,H1,89.5957690532675,AX,13.3410472283101,L1,0.227286898096723,L2,0.156879039...
Get Checksum: -110011688
GetData ===>> H2,-0.245040564495384,H1,89.5395447598453,AX,13.2847191800521,L1,0.167293286536015,L2,0.135610202...
GetData ===>> H2,-0.159739701879218,H1,89.6601335466205,AX,13.2532036591641,L1,0.189305067796356,L2,0.106970313...
GetData ===>> H2,-0.208779948709756,H1,89.6109811549576,AX,13.2596695083566,L1,0.195275618621259,L2,0.154244412...
Get Checksum: -110011688
GetData ===>> H2,-0.226390484196827,H1,89.5157235985162,AX,13.4103448266183,L1,0.1830306244113,L2,0.11546333556...
GetData ===>> H2,-0.249536447957614,H1,89.3232182708605,AX,13.2531293413959,L1,0.213681388020709,L2,0.108087473...
GetData ===>> H2,-0.103592452135214,H1,89.4260970464312,AX,13.3168515542114,L1,0.23449057633878,L2,0.1660038500...
Get Checksum: -110011688
GetData ===>> H2,-0.212998870362427,H1,89.4201089590794,AX,13.3252425515671,L1,0.199111266490865,L2,0.138232913...
GetData ===>> H2,-0.150989968596252,H1,89.31767913817,AX,13.3478904686729,L1,0.175135138409967,L2,0.03654781698...
GetData ===>> H2,-0.123736155541731,H1,89.3625876177324,AX,13.1896571389343,L1,0.162241254590249,L2,0.081256442...
Get Checksum: -110011688
GetData ===>> H2,-0.1883239391106,H1,89.3326749747175,AX,13.2888699310078,L1,0.138902924637647,L2,0.06296989017...
GetData ===>> H2,-0.190365297485749,H1,89.3296032038988,AX,13.2785243375548,L1,0.179090425061728,L2,0.120969952...
GetData ===>> H2,-0.194189493748466,H1,89.2454654854635,AX,13.2571549636661,L1,0.192200873957486,L2,0.146363774...
Get Checksum: -110011688
GetData ===>> H2,-0.258139819960598,H1,89.2121482560439,AX,13.278908407058,L1,0.202687077817893,L2,0.2008001704...
GetData ===>> H2,-0.305707289594277,H1,89.163703655254,AX,13.2344896456133,L1,0.212777978915039,L2,0.1381758969...
GetData ===>> H2,-0.124755735151592,H1,89.2098549608356,AX,13.2601154438131,L1,0.217926665513275,L2,0.202842708...
Get Checksum: -110011688
GetData ===>> H2,-0.0591932935789591,H1,89.1404760885821,AX,13.1649920688497,L1,0.13836395779433,L2,0.168285188...
GetData ===>> H2,-0.108811336656517,H1,89.1763735414346,AX,13.2590501567288,L1,0.171938861837832,L2,0.097041843...
Get Checksum: -110011688
GetData ===>> H2,-0.127862589360651,H1,89.1413556260008,AX,13.131936924482,L1,0.199137933245999,L2,0.0376766212...
GetData ===>> H2,-0.153436211749234,H1,89.1477256664764,AX,13.228656912426,L1,0.162332011207196,L2,0.1353593378...
GetData ===>> H2,-0.208988776558371,H1,89.1468466697593,AX,13.2982871743986,L1,0.195641548495418,L2,0.194547309...
Get Checksum: -110011688
measurement finished
estimated time: 125.829 actual time: :126.192
flush and close file /Users/jan/PychronDev/data/isotopes/79/aa3328-faa4-407c-93a3-913c0fa700b9.h5
baselines () {'settling_time': 15.0, 'detector': 'H1', 'mass': 34.2, 'ncounts': 60}
%%%%%%%%%%%%%%%%%%%%%%%%%%%%%%%% Baseline
build tables- baseline [Detector(H2), Detector(H1), Detector(AX), Detector(L1), Detector(L2), Detector(CDD)]
add group baseline table H2
add group baseline table H1
add group baseline table AX
add group baseline table L1
add group baseline table L2
add group baseline table CDD
flush and close file /Users/jan/PychronDev/data/isotopes/79/aa3328-faa4-407c-93a3-913c0fa700b9.h5
detector Detector(H1)
POSITION 34.2 H1
Mapping mass to dac mass func: "parabolic"
H1 map mass coeffs = [-0.00063987  0.15840543  0.57085999]
H1 map mass to dac 34.2 >> 5.23990599104
GetDeflection H1 ===>> 0
GetHighVoltage ===>> 4500
positioning 34.2 (5.23990599104) on H1
setting magnet DAC
current  : 5.879250
requested: 5.239906
Delta Dac: 0.639344
Checking detector protection. dv=0.63934
Checking detector "CDD". Protection Threshold: 0.1 (V)
ProtectDetector CDD,On ===>> OK
GetDeflection CDD ===>> 2000
SetMagnetDAC 5.23990599104 ===>> OK
Magnet settling time: 0.500
GetMagnetMoving ===>> True
GetMagnetMoving ===>> True
GetMagnetMoving ===>> True
GetMagnetMoving ===>> True
GetMagnetMoving ===>> True
GetMagnetMoving ===>> True
GetMagnetMoving ===>> True
GetMagnetMoving ===>> True
GetMagnetMoving ===>> False
ProtectDetector CDD,Off ===>> OK
GetDeflection CDD ===>> 50
Delaying 15.0s for detectors to settle
Get Checksum: -110011688
Get Checksum: -110011688
Get Checksum: -110011688
Get Checksum: -110011688
Get Checksum: -110011688
Join finished
measuring baseline. ncounts=60
starting measurement
GetData ===>> H2,-0.209930474885631,H1,-0.0704756953711748,AX,-0.0363728454261625,L1,-0.0124115996779734,L2,0.0...
GetData ===>> H2,-0.117198663997486,H1,0.00456616564286101,AX,-0.150316215125913,L1,-0.0153503265172742,L2,0.01...
Get Checksum: -110011688
GetData ===>> H2,-0.160048977109244,H1,-0.0254668713530524,AX,-0.143336440673687,L1,-0.0044312128124431,L2,-0.0...
GetData ===>> H2,-0.0765329314743133,H1,-0.0277446252409107,AX,-0.0729179801981459,L1,0.00438394160743687,L2,-0...
GetData ===>> H2,-0.0251048254200971,H1,-0.0908213850485005,AX,-0.0482816667314778,L1,0.0177863771144643,L2,0.0...
Get Checksum: -110011688
GetData ===>> H2,-0.145944033217912,H1,-0.0501974036996476,AX,-0.075085677214772,L1,0.0142701604159409,L2,-0.00...
GetData ===>> H2,-0.288327384182473,H1,-0.0610821475549138,AX,0.0499893993956494,L1,-0.00203646257790601,L2,-0....
GetData ===>> H2,-0.339343303830857,H1,-0.0378329014060207,AX,-0.0772417343647752,L1,-0.00972379733563545,L2,0....
Get Checksum: -110011688
GetData ===>> H2,-0.217715863474762,H1,-0.0660293670393884,AX,-0.164413368238389,L1,-0.0225064405670131,L2,0.00...
GetData ===>> H2,-0.240130984723236,H1,-0.027124508898768,AX,-0.0399444852309538,L1,-0.0533569468739328,L2,-0.0...
GetData ===>> H2,-0.229787127431511,H1,-0.0851364506424755,AX,-0.0254947712412605,L1,-0.0254055677224532,L2,0.0...
Get Checksum: -110011688
GetData ===>> H2,-0.223390141926538,H1,-0.0702730519962057,AX,-0.0316297834682052,L1,0.0179257060475325,L2,-0.0...
GetData ===>> H2,-0.252991222923446,H1,-0.0229147713888487,AX,-0.136866368537862,L1,-0.00914466297327858,L2,-0....
GetData ===>> H2,-0.199590400843461,H1,-0.0555028210545537,AX,0.0309097905021185,L1,-0.0233562506393551,L2,0.01...
Get Checksum: -110011688
GetData ===>> H2,-0.187443371679642,H1,-0.0382502431727215,AX,-0.0490933152342983,L1,-0.0132949890237214,L2,-0....
GetData ===>> H2,-0.246951062882431,H1,-0.0254549458036156,AX,-0.157330267921882,L1,0.0215285081034274,L2,-0.10...
GetData ===>> H2,-0.141385093829336,H1,-0.0123479080271103,AX,-0.0435739719184802,L1,-0.00578910465524171,L2,0....
Get Checksum: -110011688
GetData ===>> H2,-0.319632948093933,H1,-0.109387536927419,AX,-0.091938743550514,L1,-0.0128539033580314,L2,0.023...
GetData ===>> H2,-0.259763224488553,H1,0.0309330094041772,AX,-0.0554007528823099,L1,-0.03718747793745,L2,0.0810...
Get Checksum: -110011688
GetData ===>> H2,-0.0441055216138475,H1,-0.00490511348318883,AX,-0.0905943144590386,L1,-0.0496063012434778,L2,-...
GetData ===>> H2,-0.0767402974916379,H1,0.0181424332797111,AX,0.00351550474077564,L1,-0.0482229345734621,L2,-0....
GetData ===>> H2,-0.142293244515551,H1,-0.0880802620322417,AX,-0.058507943181209,L1,-0.0315665830740532,L2,-0.0...
Get Checksum: -110011688
GetData ===>> H2,-0.255865585781408,H1,-0.0504120103096416,AX,-0.0112865001019022,L1,-0.0295257081385588,L2,-0....
GetData ===>> H2,-0.166725373033509,H1,-0.0863282875504854,AX,-0.0620903640812598,L1,-0.0384825204481062,L2,-0....
23:12:19 -- collecting point 25
GetData ===>> H2,-0.0848178527370386,H1,-0.0493389726576197,AX,-0.035387142531055,L1,0.014423849166582,L2,0.001...
Get Checksum: -110011688
GetData ===>> H2,-0.121327474491923,H1,-0.0837181462227886,AX,-0.159451774338927,L1,-0.0344914333774876,L2,0.00...
GetData ===>> H2,-0.193263555629376,H1,-0.0148406433783997,AX,-0.138292604212095,L1,-0.0387364777632663,L2,-0.0...
GetData ===>> H2,-0.156955844958867,H1,-0.0571122740842476,AX,-8.08006160666958E-05,L1,-0.0246110575018395,L2,0...
Get Checksum: -110011688
GetData ===>> H2,-0.142882422437772,H1,-0.0108689352226186,AX,-0.0807191452293512,L1,-0.0214108107786003,L2,-0....
GetData ===>> H2,-0.233533962846162,H1,0.0241915039512765,AX,-0.0116692807138231,L1,-1.19985080563051E-05,L2,0....
GetData ===>> H2,-0.181965594130211,H1,-0.0216864010113891,AX,-0.0204612209935133,L1,-0.0272052667456506,L2,0.0...
Get Checksum: -110011688
GetData ===>> H2,-0.155849406269338,H1,0.0212564062608724,AX,-0.076673745449591,L1,-0.0102777207647072,L2,-0.11...
GetData ===>> H2,-0.203847796076982,H1,-0.0239046122776586,AX,-0.118974050645757,L1,-0.00979094119306427,L2,-0....
GetData ===>> H2,-0.120419860185971,H1,0.0067969373365397,AX,0.0293315961350026,L1,-0.026261123928459,L2,-0.012...
Get Checksum: -110011688
GetData ===>> H2,-0.21861865766468,H1,-0.0231771398068179,AX,0.0652859126916278,L1,-0.0179097495464804,L2,0.039...
GetData ===>> H2,-0.299217427391228,H1,-0.0308570742277191,AX,0.00755280582878427,L1,-0.0244456764421402,L2,-0....
GetData ===>> H2,-0.281915687131164,H1,0.00165550085629036,AX,-0.094418934677566,L1,0.00519227566800394,L2,-0.0...
Get Checksum: -110011688
GetData ===>> H2,-0.216805594275,H1,0.056900995848941,AX,-0.122994519715518,L1,0.00713821944412628,L2,-0.039564...
GetData ===>> H2,-0.264110898752269,H1,-0.018323212739557,AX,-0.0689534040446743,L1,0.0399264497475126,L2,0.020...
Get Checksum: -110011688
GetData ===>> H2,-0.239330014681217,H1,-0.0370101368256879,AX,-0.11270549504362,L1,0.00908693932140135,L2,-0.08...
GetData ===>> H2,-0.166935929414392,H1,-0.0325861707312079,AX,-0.0817971173629933,L1,0.0179172982124849,L2,0.01...
GetData ===>> H2,-0.14040523661481,H1,0.0522343768839086,AX,-0.0723615582018992,L1,0.0204904230701174,L2,-0.076...
Get Checksum: -110011688
GetData ===>> H2,-0.248180607040802,H1,0.0667242830853844,AX,-0.107525810699658,L1,0.00307528261935258,L2,-0.09...
GetData ===>> H2,-0.195839923564797,H1,-0.0411358157718532,AX,-0.0927963868860001,L1,0.0273878825597046,L2,-0.0...
GetData ===>> H2,-0.0618170997363027,H1,-0.0705948971647661,AX,-0.0928775149182382,L1,0.0169996852272872,L2,0.0...
Get Checksum: -110011688
GetData ===>> H2,-0.152580796085418,H1,-0.00676586400303307,AX,-0.142594375396498,L1,-0.025993920212091,L2,-0.0...
GetData ===>> H2,-0.193516949427593,H1,-0.0215671409485417,AX,-0.0348189092668282,L1,-0.00911468616760618,L2,-0...
GetData ===>> H2,-0.209502072493949,H1,-0.049899338200121,AX,0.0104648711901182,L1,-0.0223709917076541,L2,-0.04...
Get Checksum: -110011688
GetData ===>> H2,-0.129772517492928,H1,-0.0348637626041313,AX,0.0346581046605162,L1,-0.0537313363628575,L2,0.01...
23:12:45 -- collecting point 50
GetData ===>> H2,-0.20997762510083,H1,-0.0475267051650573,AX,0.0547791101427683,L1,-0.0136425700860105,L2,-0.03...
GetData ===>> H2,-0.141274272845023,H1,-0.0762329798011717,AX,-0.0816696159054186,L1,0.0235148645600174,L2,-0.0...
Get Checksum: -110011688
GetData ===>> H2,-0.222714012284914,H1,0.032269432541754,AX,-0.191465831501557,L1,-0.0512479044639244,L2,-0.064...
GetData ===>> H2,-0.174809872835235,H1,-0.074743031129265,AX,-0.0848571022218944,L1,-0.0279552459635512,L2,-0.0...
GetData ===>> H2,-0.165530796414672,H1,-0.0651949134309547,AX,-0.0791890997600405,L1,-0.00626888130471594,L2,0....
Get Checksum: -110011688
GetData ===>> H2,-0.0787798728620559,H1,0.0385580201651027,AX,-0.0710864124594042,L1,-0.0190141541719428,L2,0.0...
GetData ===>> H2,-0.0196988080564428,H1,0.00878916584439184,AX,-0.0457539180249594,L1,-0.0347910295937976,L2,0....
GetData ===>> H2,-0.0485237014090266,H1,-0.0809053149606108,AX,-0.0364076347577146,L1,-0.0564876523359815,L2,-0...
Get Checksum: -110011688
GetData ===>> H2,-0.206512234171277,H1,-0.0485282254677475,AX,-0.144240825076003,L1,-0.0283589656106362,L2,0.06...
GetData ===>> H2,-0.182812860303788,H1,-0.0504477780331801,AX,0.00306305901856448,L1,-0.00396934390009411,L2,0....
GetData ===>> H2,-0.103470645023255,H1,-0.0521765360988134,AX,0.0227289868288589,L1,0.00196245595910047,L2,-0.0...
Get Checksum: -110011688
measurement finished
estimated time: 62.915 actual time: :63.104
flush and close file /Users/jan/PychronDev/data/isotopes/79/aa3328-faa4-407c-93a3-913c0fa700b9.h5
activate_detectors ('H1', 'AX', 'CDD') {'peak_center': True}
peak_center () {'detector': 'H1', 'integration_time': 0.262144, 'isotope': 'Ar40'}
peak center: mean=89.1913553154 threshold=3
peak center started
setup peak center. detector=['H1', 'AX', 'CDD'], isotope=Ar40
VersionedUnpickler [<apptools.sweet_pickle.versioned_unpickler.VersionedUnpickler object at 0x15c438410>] using Updater [<apptools.sweet_pickle.updater.Updater object at 0x133e38fb0>]
VersionedUnpickler [<apptools.sweet_pickle.versioned_unpickler.VersionedUnpickler object at 0x15c438410>] using Updater [<apptools.sweet_pickle.updater.Updater object at 0x133e38fb0>]
VersionedUnpickler [<apptools.sweet_pickle.versioned_unpickler.VersionedUnpickler object at 0x13dba70b0>] using Updater [<apptools.sweet_pickle.updater.Updater object at 0x133e38fb0>]
setting integration time = 0.524288
SetIntegrationTime 0.524288 ===>> OK
Mapping mass to dac mass func: "parabolic"
H1 map mass coeffs = [-0.00063987  0.15840543  0.57085999]
H1 map mass to dac 39.9624 >> 5.87925
GetDeflection H1 ===>> 0
GetHighVoltage ===>> 4500
do peak center. <pychron.spectrometer.jobs.peak_center.PeakCenter object at 0x12d6e98f0>
doing pc
starting peak center. center dac= 5.87925 step_width=0.001
width = 0.001
get scan parameters. half-width=0.015,window=0.015, i=0, scalar=1
Scan parameters center=5.87925 width=0.03000 (5.86425 - 5.89425)
GetData ===>> H2,-0.224850012983261,H1,-0.0773772453192432,AX,-0.0949288726807453,L1,0.0105919353963551,L2,0.02...
Moving to starting dac 5.86425
setting magnet DAC
current  : 5.239906
requested: 5.864250
Delta Dac: 0.624344
Checking detector protection. dv=0.62434
Checking detector "CDD". Protection Threshold: 0.1 (V)
ProtectDetector CDD,On ===>> OK
GetDeflection CDD ===>> 2000
SetMagnetDAC 5.86425 ===>> OK
Magnet settling time: 0.500
GetMagnetMoving ===>> True
GetMagnetMoving ===>> True
GetMagnetMoving ===>> True
GetMagnetMoving ===>> True
GetMagnetMoving ===>> True
GetMagnetMoving ===>> True
Get Checksum: -110011688
GetMagnetMoving ===>> True
GetMagnetMoving ===>> True
GetMagnetMoving ===>> False
ProtectDetector CDD,Off ===>> OK
GetDeflection CDD ===>> 50
Wait until signal near baseline. tol= -0.0580329339894. timeout= 10
GetData ===>> H2,0.517517409386398,H1,0.231274947483873,AX,0.039555500359001,L1,0.0127598434129284,L2,-0.023567...
GetData ===>> H2,8.65047304829615,H1,3.12239474108342,AX,0.112231913075315,L1,-0.0219018775268195,L2,-0.0408015...
GetData ===>> H2,8.60291501138841,H1,3.04849631147357,AX,0.0919709923061724,L1,-0.0446463601189931,L2,-0.043396...
GetData ===>> H2,4.36818496082777,H1,1.3814522200277,AX,-0.0494179727400186,L1,-0.0446750926972851,L2,0.0142573...
GetData ===>> H2,1.74411653854036,H1,0.6709729175568,AX,-0.0711443739920223,L1,-0.0440070389994513,L2,0.0669093...
Get Checksum: -110011688
GetData ===>> H2,0.478237027873986,H1,0.316205335646669,AX,-0.0113792955399601,L1,-0.00782320060886099,L2,-0.17...
GetData ===>> H2,0.0786872339640238,H1,0.235499470451139,AX,-0.0339259645769729,L1,-0.0118613899214949,L2,-0.10...
GetData ===>> H2,0.00666975132324279,H1,0.221728658842602,AX,-0.0337636101167925,L1,-0.00931253143528366,L2,0.0...
GetData ===>> H2,-0.0360577866783599,H1,0.152115987115686,AX,-0.0752711463745459,L1,-0.0194154539340064,L2,-0.0...
GetData ===>> H2,-0.130286102205219,H1,0.160916289323487,AX,-0.0986142542441602,L1,0.002670713286862,L2,-0.0466...
GetData ===>> H2,-0.0904884930266735,H1,0.0863647608326136,AX,-0.0909883731862631,L1,-0.000685264984122989,L2,0...
Get Checksum: -110011688
GetData ===>> H2,-0.0654959588011566,H1,-0.000777940810370148,AX,0.0124952471880538,L1,-0.0376882634675641,L2,-...
GetData ===>> H2,-0.148128190182465,H1,-0.0531780098686373,AX,-0.0434812071711904,L1,-0.0387927787519009,L2,-0....
GetData ===>> H2,-0.120640345445477,H1,0.037018651959131,AX,-0.123110380914188,L1,-0.00458716376410872,L2,-0.12...
GetData ===>> H2,-0.145240140652628,H1,0.0219603446106166,AX,0.0444531424184916,L1,0.0220781436562451,L2,0.0060...
GetData ===>> H2,-0.150918372980743,H1,-0.0251806577744372,AX,-0.0711675585954327,L1,0.00422665341814354,L2,-0....
GetData ===>> H2,-0.198421291569414,H1,0.00320625434822048,AX,-0.0472844893036665,L1,0.0156986294215355,L2,0.05...
Get Checksum: -110011688
GetData ===>> H2,-0.22180207752868,H1,0.0523179205799586,AX,-0.129204485446152,L1,0.0166440211345973,L2,-0.0511...
GetData ===>> H2,-0.175388694677209,H1,0.114109470375534,AX,-0.230986761815997,L1,-0.0186320313323235,L2,-0.021...
GetData ===>> H2,-0.140617731061784,H1,0.0632030668879182,AX,-0.181648977410681,L1,-0.0393725407999528,L2,0.058...
GetData ===>> H2,-0.140617731061784,H1,0.0632030668879182,AX,-0.181648977410681,L1,-0.0393725407999528,L2,0.058...
Peak center failed to move to a baseline position
_do_sweep sm= 5.86425, em= 5.89425, stm= 0.001
calculated step values: start=5.86425, end=5.89425, width=0.001, nsteps=31.0
setting magnet DAC
current  : 5.864250
requested: 5.864250
Delta Dac: 0.000000
Checking detector protection. dv=0.00000
Checking detector "CDD". Protection Threshold: 0.1 (V)
SetMagnetDAC 5.86425 ===>> OK
GetData ===>> H2,-0.158784811997167,H1,0.0100298551289903,AX,-0.102786215845612,L1,-0.0471601498246117,L2,0.027...
setting magnet DAC
current  : 5.864250
requested: 5.865284
Delta Dac: 0.001034
Checking detector protection. dv=0.00103
Checking detector "CDD". Protection Threshold: 0.1 (V)
SetMagnetDAC 5.86528448276 ===>> OK
Magnet settling time: 1.049
GetData ===>> H2,-0.171298694721411,H1,0.150255859608195,AX,-0.0737410152336051,L1,0.00313410859365989,L2,0.025...
setting magnet DAC
current  : 5.865284
requested: 5.866319
Delta Dac: 0.001034
Checking detector protection. dv=0.00103
Checking detector "CDD". Protection Threshold: 0.1 (V)
SetMagnetDAC 5.86631896552 ===>> OK
Magnet settling time: 1.049
Get Checksum: -110011688
GetData ===>> H2,-0.130248259914397,H1,0.516170148849438,AX,-0.131104470385054,L1,0.0138944730950873,L2,-0.0348...
setting magnet DAC
current  : 5.866319
requested: 5.867353
Delta Dac: 0.001034
Checking detector protection. dv=0.00103
Checking detector "CDD". Protection Threshold: 0.1 (V)
SetMagnetDAC 5.86735344828 ===>> OK
Magnet settling time: 1.049
GetData ===>> H2,-0.134304775690474,H1,2.40648771585106,AX,0.123198677406327,L1,0.0179518792104868,L2,-0.083201...
setting magnet DAC
current  : 5.867353
requested: 5.868388
Delta Dac: 0.001034
Checking detector protection. dv=0.00103
Checking detector "CDD". Protection Threshold: 0.1 (V)
SetMagnetDAC 5.86838793103 ===>> OK
Magnet settling time: 1.049
GetData ===>> H2,-0.298495598235552,H1,8.12755604426625,AX,0.706919310172299,L1,-0.0255274091597168,L2,-0.00439...
setting magnet DAC
current  : 5.868388
requested: 5.869422
Delta Dac: 0.001034
Checking detector protection. dv=0.00103
Checking detector "CDD". Protection Threshold: 0.1 (V)
SetMagnetDAC 5.86942241379 ===>> OK
Magnet settling time: 1.049
Get Checksum: -110011688
GetData ===>> H2,-0.158833436339761,H1,21.553409351507,AX,2.29777107197759,L1,-0.0325640102654168,L2,0.03977092...
setting magnet DAC
current  : 5.869422
requested: 5.870457
Delta Dac: 0.001034
Checking detector protection. dv=0.00103
Checking detector "CDD". Protection Threshold: 0.1 (V)
SetMagnetDAC 5.87045689655 ===>> OK
Magnet settling time: 1.049
GetData ===>> H2,-0.170562014034818,H1,42.4500855774856,AX,4.91398731945456,L1,-0.0125422550915432,L2,0.0468794...
setting magnet DAC
current  : 5.870457
requested: 5.871491
Delta Dac: 0.001034
Checking detector protection. dv=0.00103
Checking detector "CDD". Protection Threshold: 0.1 (V)
SetMagnetDAC 5.87149137931 ===>> OK
Magnet settling time: 1.049
Get Checksum: -110011688
GetData ===>> H2,-0.19981018528947,H1,63.3026958618565,AX,8.1304973827673,L1,0.0388670454403266,L2,-0.087319544...
setting magnet DAC
current  : 5.871491
requested: 5.872526
Delta Dac: 0.001034
Checking detector protection. dv=0.00103
Checking detector "CDD". Protection Threshold: 0.1 (V)
SetMagnetDAC 5.87252586207 ===>> OK
Magnet settling time: 1.049
GetData ===>> H2,-0.25032593505519,H1,77.0189731982733,AX,10.5167884609789,L1,0.107699852088273,L2,0.0575433455...
setting magnet DAC
current  : 5.872526
requested: 5.873560
Delta Dac: 0.001034
Checking detector protection. dv=0.00103
Checking detector "CDD". Protection Threshold: 0.1 (V)
SetMagnetDAC 5.87356034483 ===>> OK
Magnet settling time: 1.049
GetData ===>> H2,-0.189261024516858,H1,83.7269816977857,AX,11.8522957443018,L1,0.134893966296773,L2,0.112362440...
setting magnet DAC
current  : 5.873560
requested: 5.874595
Delta Dac: 0.001034
Checking detector protection. dv=0.00103
Checking detector "CDD". Protection Threshold: 0.1 (V)
SetMagnetDAC 5.87459482759 ===>> OK
Magnet settling time: 1.049
Get Checksum: -110011688
GetData ===>> H2,-0.188309967593383,H1,85.842689964526,AX,12.4649922937018,L1,0.196926042359376,L2,0.0870346228...
setting magnet DAC
current  : 5.874595
requested: 5.875629
Delta Dac: 0.001034
Checking detector protection. dv=0.00103
Checking detector "CDD". Protection Threshold: 0.1 (V)
SetMagnetDAC 5.87562931034 ===>> OK
Magnet settling time: 1.049
GetData ===>> H2,-0.0654390866000388,H1,86.4556915401788,AX,12.7420002484967,L1,0.216267949892426,L2,-0.0337900...
setting magnet DAC
current  : 5.875629
requested: 5.876664
Delta Dac: 0.001034
Checking detector protection. dv=0.00103
Checking detector "CDD". Protection Threshold: 0.1 (V)
SetMagnetDAC 5.8766637931 ===>> OK
Magnet settling time: 1.049
GetData ===>> H2,-0.141438670337528,H1,86.5066480104008,AX,12.7458527217065,L1,0.21168589206729,L2,0.2546738406...
setting magnet DAC
current  : 5.876664
requested: 5.877698
Delta Dac: 0.001034
Checking detector protection. dv=0.00103
Checking detector "CDD". Protection Threshold: 0.1 (V)
SetMagnetDAC 5.87769827586 ===>> OK
Magnet settling time: 1.049
Get Checksum: -110011688
GetData ===>> H2,-0.151193576245731,H1,86.4941462878803,AX,12.7921429785126,L1,0.177840159011134,L2,0.129487021...
setting magnet DAC
current  : 5.877698
requested: 5.878733
Delta Dac: 0.001034
Checking detector protection. dv=0.00103
Checking detector "CDD". Protection Threshold: 0.1 (V)
SetMagnetDAC 5.87873275862 ===>> OK
Magnet settling time: 1.049
GetData ===>> H2,-0.226266354003682,H1,86.5907384611241,AX,12.7434078663475,L1,0.172988443945923,L2,0.147618246...
setting magnet DAC
current  : 5.878733
requested: 5.879767
Delta Dac: 0.001034
Checking detector protection. dv=0.00103
Checking detector "CDD". Protection Threshold: 0.1 (V)
SetMagnetDAC 5.87976724138 ===>> OK
Magnet settling time: 1.049
GetData ===>> H2,-0.200759389313955,H1,86.4540183439989,AX,12.6251694690947,L1,0.167822440351285,L2,0.046902280...
setting magnet DAC
current  : 5.879767
requested: 5.880802
Delta Dac: 0.001034
Checking detector protection. dv=0.00103
Checking detector "CDD". Protection Threshold: 0.1 (V)
SetMagnetDAC 5.88080172414 ===>> OK
Magnet settling time: 1.049
GetData ===>> H2,-0.113929182816586,H1,86.5328505122621,AX,12.7875229054086,L1,0.190110384863094,L2,0.022935735...
setting magnet DAC
current  : 5.880802
requested: 5.881836
Delta Dac: 0.001034
Checking detector protection. dv=0.00103
Checking detector "CDD". Protection Threshold: 0.1 (V)
SetMagnetDAC 5.8818362069 ===>> OK
Magnet settling time: 1.049
GetData ===>> H2,-0.109315664700408,H1,86.5241044250523,AX,12.7114571770828,L1,0.181433275707093,L2,0.087285360...
setting magnet DAC
current  : 5.881836
requested: 5.882871
Delta Dac: 0.001034
Checking detector protection. dv=0.00103
Checking detector "CDD". Protection Threshold: 0.1 (V)
Get Checksum: -110011688
SetMagnetDAC 5.88287068966 ===>> OK
Magnet settling time: 1.049
GetData ===>> H2,-0.118800582636738,H1,86.3110834331371,AX,12.7507673022975,L1,0.198814300533902,L2,0.109900035...
setting magnet DAC
current  : 5.882871
requested: 5.883905
Delta Dac: 0.001034
Checking detector protection. dv=0.00103
Checking detector "CDD". Protection Threshold: 0.1 (V)
SetMagnetDAC 5.88390517241 ===>> OK
Magnet settling time: 1.049
GetData ===>> H2,-0.0423580313819654,H1,85.5474188078475,AX,12.4549755612819,L1,0.156935218430776,L2,0.02819783...
setting magnet DAC
current  : 5.883905
requested: 5.884940
Delta Dac: 0.001034
Checking detector protection. dv=0.00103
Checking detector "CDD". Protection Threshold: 0.1 (V)
SetMagnetDAC 5.88493965517 ===>> OK
Magnet settling time: 1.049
Get Checksum: -110011688
GetData ===>> H2,-0.251651933924794,H1,83.2166342534322,AX,11.7943680061812,L1,0.169712549533121,L2,0.107939277...
setting magnet DAC
current  : 5.884940
requested: 5.885974
Delta Dac: 0.001034
Checking detector protection. dv=0.00103
Checking detector "CDD". Protection Threshold: 0.1 (V)
SetMagnetDAC 5.88597413793 ===>> OK
Magnet settling time: 1.049
GetData ===>> H2,-0.219672919646911,H1,76.0933296716528,AX,10.3212486786511,L1,0.162282397489391,L2,0.002527899...
setting magnet DAC
current  : 5.885974
requested: 5.887009
Delta Dac: 0.001034
Checking detector protection. dv=0.00103
Checking detector "CDD". Protection Threshold: 0.1 (V)
SetMagnetDAC 5.88700862069 ===>> OK
Magnet settling time: 1.049
GetData ===>> H2,-0.22897796468965,H1,60.7306367326532,AX,7.16365227716486,L1,0.12250509458968,L2,0.05403416964...
setting magnet DAC
current  : 5.887009
requested: 5.888043
Delta Dac: 0.001034
Checking detector protection. dv=0.00103
Checking detector "CDD". Protection Threshold: 0.1 (V)
SetMagnetDAC 5.88804310345 ===>> OK
Magnet settling time: 1.049
Get Checksum: -110011688
GetData ===>> H2,-0.210319795057908,H1,39.2399088755761,AX,3.97039506960835,L1,0.0575138719358314,L2,0.04337071...
setting magnet DAC
current  : 5.888043
requested: 5.889078
Delta Dac: 0.001034
Checking detector protection. dv=0.00103
Checking detector "CDD". Protection Threshold: 0.1 (V)
SetMagnetDAC 5.88907758621 ===>> OK
Magnet settling time: 1.049
GetData ===>> H2,-0.141760008675482,H1,19.431704608703,AX,1.56198084709041,L1,0.0421526434540281,L2,0.005488588...
setting magnet DAC
current  : 5.889078
requested: 5.890112
Delta Dac: 0.001034
Checking detector protection. dv=0.00103
Checking detector "CDD". Protection Threshold: 0.1 (V)
SetMagnetDAC 5.89011206897 ===>> OK
Magnet settling time: 1.049
GetData ===>> H2,-0.227078829451118,H1,7.14292683455555,AX,0.335217903787365,L1,0.0100784992115311,L2,0.0615767...
setting magnet DAC
current  : 5.890112
requested: 5.891147
Delta Dac: 0.001034
Checking detector protection. dv=0.00103
Checking detector "CDD". Protection Threshold: 0.1 (V)
SetMagnetDAC 5.89114655172 ===>> OK
Magnet settling time: 1.049
Get Checksum: -110011688
GetData ===>> H2,-0.118776230835738,H1,2.13774399131206,AX,0.0143748330015207,L1,0.0288581009774812,L2,-0.02568...
setting magnet DAC
current  : 5.891147
requested: 5.892181
Delta Dac: 0.001034
Checking detector protection. dv=0.00103
Checking detector "CDD". Protection Threshold: 0.1 (V)
SetMagnetDAC 5.89218103448 ===>> OK
Magnet settling time: 1.049
GetData ===>> H2,-0.127758500530935,H1,0.568573146655704,AX,-0.0324183770275121,L1,0.0241311032468599,L2,-0.115...
setting magnet DAC
current  : 5.892181
requested: 5.893216
Delta Dac: 0.001034
Checking detector protection. dv=0.00103
Checking detector "CDD". Protection Threshold: 0.1 (V)
SetMagnetDAC 5.89321551724 ===>> OK
Magnet settling time: 1.049
GetData ===>> H2,-0.188169861803275,H1,-0.0349114603091614,AX,-0.037404923640782,L1,-1.55989832594944E-05,L2,0....
setting magnet DAC
current  : 5.893216
requested: 5.894250
Delta Dac: 0.001034
Checking detector protection. dv=0.00103
Checking detector "CDD". Protection Threshold: 0.1 (V)
SetMagnetDAC 5.89425 ===>> OK
Magnet settling time: 1.049
Get Checksum: -110011688
GetData ===>> H2,-0.108567438451369,H1,-0.0628345641173088,AX,-0.0536152329737066,L1,-0.0363703532433551,L2,-0....
result of _do_sweep=True
result of _calculate_peak_center=([5.8715349146569, 5.8791681120862407, 5.8868013095155813], [63.879933986242726, 86.588028460271616, 63.809332712414609], 5.8787037350563187, 86.588028460271616)
Failed to find a valid peak. No peak greater than 1.0. max = 0.137203801883
new center pos Detector(H1) (Ar40) @ 5.87916811209
GetHighVoltage ===>> 4500
GetDeflection H1 ===>> 0
dac uncorrected for HV and deflection 5.87916811209
update mftable H1 Ar40 5.87916811209 message=automated run peakcenter
get initial guess parabolic
get initial guess parabolic
get initial guess parabolic
get initial guess parabolic
get initial guess parabolic
get initial guess parabolic
dump mftable to /Users/jan/PychronDev/setupfiles/spectrometer/mftables/mftable.csv
add to repo msg=modified - automated run peakcenter
locally archiving mftable
setting magnet DAC
current  : 5.894250
requested: 5.879168
Delta Dac: 0.015082
Checking detector protection. dv=0.01508
Checking detector "CDD". Protection Threshold: 0.1 (V)
SetMagnetDAC 5.87916811209 ===>> OK
Magnet settling time: 0.500
sweep finished
setting integration time = 1.048576
SetIntegrationTime 1.048576 ===>> OK
Failed to find a valid peak. No peak greater than 1.0. max = 0.137203801883
flush and close file /Users/jan/PychronDev/data/isotopes/79/aa3328-faa4-407c-93a3-913c0fa700b9.h5
finished measure script
executed 226.132928
jan_unknown120_60.py completed successfully
Measurement Finished
23:13:43 -- ******* Measurement Finished *******
Post Measurement Started jan_pump_ms.py
23:13:43 -- ******* Post Measurement Started jan_pump_ms.py *******
testing...
no interpolation path defined
executed 0
Pumping spectrometer
open () {'name': 'O'}
opening name=O desc=---
checking ownership. requestor=129.138.12.150
check software interlocks O
interlocks []
actuate state mode=None-script, software_lock=False
doing actuation None-script open_channel True
Open O ===>> OK
GetIndicatorState O ===>> OK
change switch state (True, True)
update switch state O True args=() kw={} ncanvase=2
23:13:43 -- OPEN   VALVE-O (Jan Ion Pump)
---------------------------------------- open O () result=[(True, True)], time=0.09 sec
action=open, ok=True, locked=[False]
executed 0
jan_pump_ms.py completed successfully
setting _ms_pumptime
Post Measurement Finished
23:13:43 -- ******* Post Measurement Finished *******
$$$$$$$$$$$$$$$$$$$$ state at run end measurement
state changed from measurement to success
post measurement save measured=True aborted=False
Set filtering
setting fod for Ar40= {'filter_outliers': True, 'std_devs': 2, 'iterations': 1}
setting fod for H1= {'filter_outliers': True, 'std_devs': 2, 'iterations': 1}
Get Checksum: 2035439760
setting fod for PM41= {'filter_outliers': False, 'std_devs': 2, 'iterations': 1}
setting fod for H2= {'filter_outliers': True, 'std_devs': 2, 'iterations': 1}
setting fod for Ar36= {'filter_outliers': True, 'std_devs': 2, 'iterations': 1}
setting fod for CDD= {'filter_outliers': True, 'std_devs': 10, 'iterations': 1}
setting fod for Ar37= {'filter_outliers': True, 'std_devs': 2, 'iterations': 1}
setting fod for L2= {'filter_outliers': True, 'std_devs': 2, 'iterations': 1}
setting fod for Ar38= {'filter_outliers': True, 'std_devs': 2, 'iterations': 1}
setting fod for L1= {'filter_outliers': True, 'std_devs': 2, 'iterations': 1}
setting fod for Ar39= {'filter_outliers': True, 'std_devs': 2, 'iterations': 1}
setting fod for AX= {'filter_outliers': True, 'std_devs': 2, 'iterations': 1}
persistence save...
persistence save - db
post measurement save
5834180368 connecting to database sqlite:////Users/jan/PychronDev/.appdata/local_lab.db
connected to db sqlite:////Users/jan/PychronDev/.appdata/local_lab.db
create new session 5834180368
close session 5834180368
No database instance. Not saving post measurement to isotopedb database
$$$$$$$$$$$$$$$ auto_save_detector_ic=False
massspec enabled True
create new session 5019860144
MassSpec Database Version: 16.0
close session 5019860144
saving post measurement to secondary database
saving to massspec database 129.138.12.160/massspecdata
setting labnumber to 65575
setting aliquot to 5
setting step to A
setting uuid to 79aa3328-faa4-407c-93a3-913c0fa700b9
setting irradpos to 65575
setting extract_device to Fusions CO2
setting tray to 
setting position to 86
setting power_requested to 0.3
setting extract_value to 0.3
setting duration to 30.0
setting duration_at_request to 30.0
setting first_stage_delay to 30.0
setting cleanup to 30.0
setting comment to M:20 w/ inclusions
setting irradiation to NM-289
setting level to M
setting irradiation_level to M
setting sample to NM-2607 W
setting material to Sanidine
setting project to JoyitaHills
setting mass_spectrometer to Jan
no attribute chron_dosages
no attribute production_ratios
no attribute interference_corrections
no attribute production_name
no attribute j
Reference Isotope=Ar40
Reference Detector=H1
%%%%%%%%%%%%%%%%%%%% Comment: M:20 w/ inclusions %%%%%%%%%%%%%%%%%%%
adding isotope PM41 H2
add baseline dbdet= PM41. original det= H2
get baseline data PM41 H2
Get data baseline <pychron.processing.isotope.Baseline object at 0x15c5a4310> len t=60
baseline PM41. v=-0.181584438673, e=0.0085961256354
get signal data PM41 H2
Get data signal PM41 0.05+/-0.08 len t=120
adding isotope Ar40 H1
add baseline dbdet= Ar40. original det= H1
get baseline data Ar40 H1
Get data baseline <pychron.processing.isotope.Baseline object at 0x15c5a44d0> len t=60
baseline Ar40. v=-0.0358353641172, e=0.00462632892021
get signal data Ar40 H1
Get data signal Ar40 91.678+/-0.019 len t=120
adding isotope Ar39 AX
add baseline dbdet= Ar39. original det= AX
get baseline data Ar39 AX
Get data baseline <pychron.processing.isotope.Baseline object at 0x15c5a4690> len t=60
baseline Ar39. v=-0.0617841841464, e=0.00743672823016
get signal data Ar39 AX
Get data signal Ar39 13.779+/-0.012 len t=120
adding isotope Ar38 L1
add baseline dbdet= Ar38. original det= L1
get baseline data Ar38 L1
Get data baseline <pychron.processing.isotope.Baseline object at 0x15c5a4850> len t=60
baseline Ar38. v=-0.013716404398, e=0.00284175743867
get signal data Ar38 L1
Get data signal Ar38 0.233+/-0.005 len t=120
adding isotope Ar37 L2
add baseline dbdet= Ar37. original det= L2
get baseline data Ar37 L2
Get data baseline <pychron.processing.isotope.Baseline object at 0x15c5a4a10> len t=60
baseline Ar37. v=-0.0187666391737, e=0.00665565480523
get signal data Ar37 L2
Get data signal Ar37 0.130+/-0.009 len t=120
adding isotope Ar36 CDD
add baseline dbdet= Ar36. original det= CDD
get baseline data Ar36 CDD
Get data baseline <pychron.processing.isotope.Baseline object at 0x15c5a4bd0> len t=60
baseline Ar36. v=2.72919920536e-05, e=7.49913078502e-06
get signal data Ar36 CDD
Get data signal Ar36 0.1268+/-0.0008 len t=120
65575-05A added analysis time 0.491547107697s
analysis added to mass spec database
mass spec save time= 0.507
persistence save - dvc
================= post measurement started
create new session 4983587952
close session 4983587952
---------------- Experiment Queue saving disabled
DVC saving peakcenter
Failed to find a valid peak. No peak greater than 1.0. max = 0.137203801883
Smart pull ahead: 0 behind: 0
Up-to-date with origin
add to repo msg=modified - ad8224ebc6dbfeb9f5997218dfa5fe690569839d.json
add to repo msg=modified - 75-05A.json
add to repo msg=modified - 75-05A.dat.json
add to repo msg=modified - 75-05A.blan.json
add to repo msg=modified - 75-05A.inte.json
Get Checksum: 2035439760
add to repo msg=modified - 75-05A.icfa.json
add to repo msg=modified - 75-05A.base.json
not at valid file /Users/jan/PychronDev/data/.dvc/repositories/Load1785/655/tags/75-05A.tags.json
add to repo msg=modified - 75-05A.peak.json
add to repo msg=modified - 75-05A.extr.json
not at valid file /Users/jan/PychronDev/data/.dvc/repositories/Load1785/655/monitor/75-05A.moni.json
commit message=<COLLECTION>
add to repo msg=modified - 75-05A.inte.json
add to repo msg=modified - 75-05A.base.json
commit message=<ISOEVO> default collection fits
add to repo msg=modified - 75-05A.blan.json
Get Checksum: 2035439760
commit message=<BLANKS> preceding bu-FC-J-7505
add to repo msg=modified - 75-05A.icfa.json
commit message=<ICFactor> default
push repository <pychron.git_archive.repo_manager.GitRepoManager object at 0x1581711d0>
pushing to remote=origin, url=https://github.com
Get Checksum: 2035439760
no changes to meta repo
create new session 4983587952
add association Load1785
get identifier "65575"
setting analysis irradiation position=<pychron.dvc.dvc_orm.IrradiationPositionTbl object at 0x15aa7f090>
Get Checksum: 2035439760
close session 4983587952
================= post measurement finished
23:13:56 -- ******* Post Run Check *******
loading queue conditionals post_run_actions
loading system conditionals post_run_actions
loading conditionals from /Users/jan/PychronDev/setupfiles/spectrometer/default_conditionals.yaml
loading queue conditionals post_run_terminations
loading system conditionals post_run_terminations
loading conditionals from /Users/jan/PychronDev/setupfiles/spectrometer/default_conditionals.yaml
Checking default post run terminations n=1
GetDeflection CDD ===>> 50
testing CDD==2000
evaluate ot="CDD.deflection==2000" t="CDD==2000", ctx="{'CDD': 50.0}"
23:13:56 -- ******* Post Run Check Passed *******
23:13:56 -- Automated run 65575-05A success duration: 376.243 s
----------------- finish -----------------
----------------- stop -----------------
retroactive repository identifiers disabled
finish run. runs completed=59
update duration runid=65575-05A, duration=376.243185043, md5=301e91d8
loading script "jan_unknown120_60.py"
loading script "jan_pump_ms.py"
loading script "jan_co2.py"
loading script "jan_pump_extraction_line.py"
testing...
no interpolation path defined
executed 213.652928
script duration name:unknown120_60 seconds:214.0
loading script "jan_unknown120_60.py"
loading script "jan_pump_ms.py"
loading script "jan_co2.py"
loading script "jan_pump_extraction_line.py"
testing...
no interpolation path defined
executed 0
loading script "jan_unknown120_60.py"
loading script "jan_pump_ms.py"
loading script "jan_co2.py"
loading script "jan_pump_extraction_line.py"
testing...
no interpolation path defined
calculate duration
testing...
no interpolation path defined
executed 0
calculate duration
testing...
no interpolation path defined
executed 0
executed 0.0
script duration name:co2 seconds:0.0
loading script "jan_unknown120_60.py"
loading script "jan_pump_ms.py"
loading script "jan_co2.py"
loading script "jan_pump_extraction_line.py"
testing...
no interpolation path defined
calculate duration
testing...
no interpolation path defined
executed 4.0
executed 4.0
Script duration 214.0
Run total estimated duration= 215.000
unknown120_60 in script context. using previous estimated duration
script duration name:unknown120_60 seconds:214.0
pump_ms in script context. using previous estimated duration
co2 in script context. using previous estimated duration
script duration name:co2 seconds:0.0
pump_extraction_line in script context. using previous estimated duration
Script duration 214.0
Run total estimated duration= 215.000
script duration name:unknown120_60 seconds:214.0
script duration name:co2 seconds:0.0
Script duration 214.0
Run total estimated duration= 215.000
script duration name:unknown120_60 seconds:214.0
script duration name:co2 seconds:0.0
Script duration 214.0
Run total estimated duration= 215.000
script duration name:unknown120_60 seconds:214.0
script duration name:co2 seconds:0.0
Script duration 214.0
Run total estimated duration= 215.000
loading script "jan_unknown400_120.py"
loading script "jan_pump_ms.py"
loading script "jan_cocktail_x1.py"
loading script "jan_pump_extraction_line.py"
testing...
no interpolation path defined
executed 556.052928
script duration name:unknown400_120 seconds:556.0
loading script "jan_unknown400_120.py"
loading script "jan_pump_ms.py"
loading script "jan_cocktail_x1.py"
loading script "jan_pump_extraction_line.py"
testing...
no interpolation path defined
calculate duration
testing...
no interpolation path defined
executed 0
calculate duration
testing...
no interpolation path defined
executed 0
calculate duration
testing...
no interpolation path defined
executed 32.0
calculate duration
testing...
no interpolation path defined
executed 34.0
calculate duration
testing...
no interpolation path defined
executed 4.0
calculate duration
testing...
no interpolation path defined
executed 38.0
executed 108.0
script duration name:cocktail_x1 seconds:108.0
Script duration 664.0
Run total estimated duration= 665.000
script duration name:unknown120_60 seconds:214.0
script duration name:co2 seconds:0.0
Script duration 214.0
Run total estimated duration= 215.000
script duration name:unknown120_60 seconds:214.0
script duration name:co2 seconds:0.0
Script duration 214.0
Run total estimated duration= 215.000
script duration name:unknown120_60 seconds:214.0
script duration name:co2 seconds:0.0
Script duration 214.0
Run total estimated duration= 215.000
script duration name:unknown120_60 seconds:214.0
script duration name:co2 seconds:0.0
Script duration 214.0
Run total estimated duration= 215.000
script duration name:unknown120_60 seconds:214.0
script duration name:co2 seconds:0.0
Script duration 214.0
Run total estimated duration= 215.000
unknown400_120 in script context. using previous estimated duration
script duration name:unknown400_120 seconds:556.0
script duration name:co2 seconds:0.0
Script duration 556.0
Run total estimated duration= 557.000
script duration name:unknown120_60 seconds:214.0
script duration name:co2 seconds:0.0
Script duration 214.0
Run total estimated duration= 215.000
script duration name:unknown120_60 seconds:214.0
script duration name:co2 seconds:0.0
Script duration 214.0
Run total estimated duration= 215.000
script duration name:unknown120_60 seconds:214.0
script duration name:co2 seconds:0.0
Script duration 214.0
Run total estimated duration= 215.000
script duration name:unknown120_60 seconds:214.0
script duration name:co2 seconds:0.0
Script duration 214.0
Run total estimated duration= 215.000
script duration name:unknown120_60 seconds:214.0
script duration name:co2 seconds:0.0
Script duration 214.0
Run total estimated duration= 215.000
script duration name:unknown120_60 seconds:214.0
script duration name:co2 seconds:0.0
Script duration 214.0
Run total estimated duration= 215.000
script duration name:unknown120_60 seconds:214.0
script duration name:co2 seconds:0.0
Script duration 214.0
Run total estimated duration= 215.000
script duration name:unknown120_60 seconds:214.0
script duration name:co2 seconds:0.0
Script duration 214.0
Run total estimated duration= 215.000
script duration name:unknown120_60 seconds:214.0
script duration name:co2 seconds:0.0
Script duration 214.0
Run total estimated duration= 215.000
script duration name:unknown120_60 seconds:214.0
script duration name:co2 seconds:0.0
Script duration 214.0
Run total estimated duration= 215.000
script duration name:unknown120_60 seconds:214.0
script duration name:co2 seconds:0.0
Script duration 214.0
Run total estimated duration= 215.000
script duration name:unknown120_60 seconds:214.0
script duration name:co2 seconds:0.0
Script duration 214.0
Run total estimated duration= 215.000
script duration name:unknown120_60 seconds:214.0
script duration name:co2 seconds:0.0
Script duration 214.0
Run total estimated duration= 215.000
script duration name:unknown120_60 seconds:214.0
script duration name:co2 seconds:0.0
Script duration 214.0
Run total estimated duration= 215.000
script duration name:unknown120_60 seconds:214.0
script duration name:co2 seconds:0.0
Script duration 214.0
Run total estimated duration= 215.000
script duration name:unknown400_120 seconds:556.0
script duration name:co2 seconds:0.0
Script duration 556.0
Run total estimated duration= 557.000
script duration name:unknown400_120 seconds:556.0
cocktail_x1 in script context. using previous estimated duration
script duration name:cocktail_x1 seconds:108.0
Script duration 664.0
Run total estimated duration= 665.000
script duration name:unknown400_120 seconds:556.0
script duration name:cocktail_x1 seconds:108.0
Script duration 664.0
Run total estimated duration= 665.000
script duration name:unknown400_120 seconds:556.0
loading script "jan_unknown400_120.py"
loading script "jan_pump_ms.py"
loading script "jan_sniffair_x2.py"
loading script "jan_pump_extraction_line.py"
testing...
no interpolation path defined
calculate duration
testing...
no interpolation path defined
executed 0
calculate duration
testing...
no interpolation path defined
executed 0
calculate duration
testing...
no interpolation path defined
executed 32.0
calculate duration
testing...
no interpolation path defined
executed 34.0
calculate duration
testing...
no interpolation path defined
executed 4.0
calculate duration
testing...
no interpolation path defined
executed 36.0
calculate duration
testing...
no interpolation path defined
executed 34.0
calculate duration
testing...
no interpolation path defined
executed 4.0
calculate duration
testing...
no interpolation path defined
executed 36.0
calculate duration
testing...
no interpolation path defined
executed 70.0
executed 250.0
script duration name:sniffair_x2 seconds:250.0
Script duration 806.0
Run total estimated duration= 807.000
loading script "jan_ic_peak_hop3.py"
loading script "jan_pump_ms.py"
loading script "jan_air_x1.py"
loading script "jan_pump_extraction_line.py"
testing...
no interpolation path defined
executed 133.8
script duration name:ic_peak_hop3 seconds:134.0
loading script "jan_ic_peak_hop3.py"
loading script "jan_pump_ms.py"
loading script "jan_air_x1.py"
loading script "jan_pump_extraction_line.py"
testing...
no interpolation path defined
calculate duration
testing...
no interpolation path defined
executed 0
calculate duration
testing...
no interpolation path defined
executed 0
calculate duration
testing...
no interpolation path defined
executed 32.0
calculate duration
testing...
no interpolation path defined
executed 34.0
calculate duration
testing...
no interpolation path defined
executed 4.0
calculate duration
testing...
no interpolation path defined
executed 36.0
executed 106.0
script duration name:air_x1 seconds:106.0
Script duration 240.0
Run total estimated duration= 241.000
script duration name:unknown120_60 seconds:214.0
script duration name:co2 seconds:0.0
Script duration 214.0
Run total estimated duration= 215.000
script duration name:unknown120_60 seconds:214.0
script duration name:co2 seconds:0.0
Script duration 214.0
Run total estimated duration= 215.000
script duration name:unknown120_60 seconds:214.0
script duration name:co2 seconds:0.0
Script duration 214.0
Run total estimated duration= 215.000
script duration name:unknown120_60 seconds:214.0
script duration name:co2 seconds:0.0
Script duration 214.0
Run total estimated duration= 215.000
script duration name:unknown120_60 seconds:214.0
script duration name:co2 seconds:0.0
Script duration 214.0
Run total estimated duration= 215.000
script duration name:unknown120_60 seconds:214.0
script duration name:co2 seconds:0.0
Script duration 214.0
Run total estimated duration= 215.000
script duration name:unknown120_60 seconds:214.0
script duration name:co2 seconds:0.0
Script duration 214.0
Run total estimated duration= 215.000
script duration name:unknown120_60 seconds:214.0
script duration name:co2 seconds:0.0
Script duration 214.0
Run total estimated duration= 215.000
script duration name:unknown120_60 seconds:214.0
script duration name:co2 seconds:0.0
Script duration 214.0
Run total estimated duration= 215.000
script duration name:unknown120_60 seconds:214.0
script duration name:co2 seconds:0.0
Script duration 214.0
Run total estimated duration= 215.000
script duration name:unknown120_60 seconds:214.0
script duration name:co2 seconds:0.0
Script duration 214.0
Run total estimated duration= 215.000
nruns=43 before=5.0, run_dur=11897.0, btw=1260.0
write rem/ex queues
/Users/jan/PychronDev/experiments/rem/CurrentExperimentPartial.rem.txt
/Users/jan/PychronDev/experiments/rem/CurrentExperimentPartial.ex.txt
doing event level: 3
