do run
loading script "jan_unknown120_60.py"
loading script "jan_pump_ms.py"
loading script "jan_co2.py"
loading script "jan_pump_extraction_line.py"
testing...
no interpolation path defined
executed 213.652928
script duration name:unknown120_60 seconds:214.0
loading script "jan_unknown120_60.py"
loading script "jan_pump_ms.py"
loading script "jan_co2.py"
loading script "jan_pump_extraction_line.py"
testing...
no interpolation path defined
executed 0
loading script "jan_unknown120_60.py"
loading script "jan_pump_ms.py"
loading script "jan_co2.py"
loading script "jan_pump_extraction_line.py"
testing...
no interpolation path defined
calculate duration
testing...
no interpolation path defined
executed 0
calculate duration
testing...
no interpolation path defined
executed 0
executed 0.0
script duration name:co2 seconds:0.0
loading script "jan_unknown120_60.py"
loading script "jan_pump_ms.py"
loading script "jan_co2.py"
loading script "jan_pump_extraction_line.py"
testing...
no interpolation path defined
calculate duration
testing...
no interpolation path defined
executed 4.0
executed 4.0
Script duration 214.0
Run total estimated duration= 215.000
run duration: 0:03:35
doing event level: 2
01:24:57 -- Setting default integration. t=1.048576
setting integration time = 1.048576
SetIntegrationTime 1.048576 ===>> OK
----------------- start -----------------
**************** Experiment Type: Ar/Ar, Ar/Ar
create new session 4993924272
close session 4993924272
$$$$$ Clearing conditionals
adding conditionals 
Add queue conditionals
add default conditionals
adding default conditionals from /Users/jan/PychronDev/setupfiles/spectrometer/default_conditionals.yaml
Start automated run 65575-10C
loading script "jan_unknown120_60.py"
loading script "jan_pump_ms.py"
loading script "jan_co2.py"
loading script "jan_pump_extraction_line.py"
%%%%%%%%%%%%%%%%%% setting automated run 65575-10C
No value "sensitivity_multiplier" in metadata
$$$$$$$$$$$$$$$ auto_save_detector_ic=False
============================= Pre Extraction Check =============================
loading queue conditionals pre_run_terminations
loading system conditionals pre_run_terminations
loading conditionals from /Users/jan/PychronDev/setupfiles/spectrometer/default_conditionals.yaml
01:24:57 -- ******* Pre Extraction Check *******
Get a measurement from the spectrometer
GetData ===>> H2,-0.18152034923022,H1,0.0477231208107167,AX,0.0113930378202575,L1,-0.00652435304128518,L2,0.085...
Pre Extraction Termination data. keys=H2,H1,AX,L1,L2,CDD, signals=-0.18152,0.04772,0.01139,-0.00652,0.08593,0.00357
01:24:57 -- testing system defined conditionals
Checking default pre extraction terminations n=2
testing CDD
evaluate ot="CDD.inactive" t="CDD", ctx="{'CDD': False}"
GetDeflection CDD ===>> 50
testing CDD==2000
evaluate ot="CDD.deflection==2000" t="CDD==2000", ctx="{'CDD': 50.0}"
01:24:57 -- ******* Pre Extraction Check Passed *******
=================================================================================
01:24:57 -- stopping status monitor
stop 4977824688
Alive clients [4983939824]
01:24:57 -- starting status monitor
start 4977824688
Monitor already running
start extraction
do extraction
Analysis started at 01:24:57.549818
Extraction Started jan_co2.py
01:24:57 -- ******* Extraction Started jan_co2.py *******
state changed from not run to extraction
DO EXTRACTION <pychron.extraction_line.pyscript_runner.RemotePyScriptRunner object at 0x12c3c43b0>
testing...
no interpolation path defined
calculate duration
testing...
no interpolation path defined
executed 0
calculate duration
testing...
no interpolation path defined
executed 0
executed 100.0
Jan CO2 laser analysis
doing GOSUB
testing...
no interpolation path defined
executed 0
Waiting for CO2 access
wait ('FelixCO2Flag', 0) {}
waiting for FelixCO2Flag = 0
Read FelixCO2Flag ===>> 0
finished waiting
CO2 free
wait ('CO2PumpTimeFlag', 0) {}
waiting for CO2PumpTimeFlag = 0
Read CO2PumpTimeFlag ===>> 0
finished waiting
acquire ('JanCO2Flag',) {'clear': True}
acquire JanCO2Flag
Set JanCO2Flag 1 ===>> OK
JanCO2Flag acquired
set extraction state False (0.75, 'red', 1.5)
CO2 acquired
executed 0
WaitForCO2Access.py completed successfully
gosub finished
doing GOSUB
testing...
no interpolation path defined
executed 0
Prepare for CO2 analysis
close () {'description': 'Jan Inlet'}
closing name=--- desc=Jan Inlet
checking ownership. requestor=129.138.12.150
check software interlocks R
interlocks []
actuate state mode=None-script, software_lock=False
doing actuation None-script close_channel False
Close R ===>> OK
GetIndicatorState R ===>> False
change switch state (True, True)
update switch state R False args=() kw={} ncanvase=2
01:24:57 -- CLOSE  VALVE-R (Jan Inlet)
---------------------------------------- close None (Jan Inlet) result=[(True, True)]
action=close, ok=True, locked=[False]
open () {'description': 'Jan Ion Pump'}
opening name=--- desc=Jan Ion Pump
checking ownership. requestor=129.138.12.150
check software interlocks O
interlocks []
actuate state mode=None-script, software_lock=False
doing actuation None-script open_channel False
Open O ===>> OK
GetIndicatorState O ===>> OK
change switch state (True, True)
update switch state O True args=() kw={} ncanvase=2
01:24:58 -- OPEN   VALVE-O (Jan Ion Pump)
---------------------------------------- open None (Jan Ion Pump) result=[(True, True)], time=0.11 sec
action=open, ok=True, locked=[False]
close () {'description': 'Microbone to Minibone'}
closing name=--- desc=Microbone to Minibone
checking ownership. requestor=129.138.12.150
check software interlocks L
interlocks []
actuate state mode=None-script, software_lock=False
doing actuation None-script close_channel False
Close L ===>> OK
GetIndicatorState L ===>> False
change switch state (True, True)
update switch state L False args=() kw={} ncanvase=2
01:24:59 -- CLOSE  VALVE-L (Microbone to Minibone)
---------------------------------------- close None (Microbone to Minibone) result=[(True, True)]
action=close, ok=True, locked=[False]
open () {'description': 'Microbone to Turbo'}
opening name=--- desc=Microbone to Turbo
checking ownership. requestor=129.138.12.150
check software interlocks U
interlocks []
actuate state mode=None-script, software_lock=False
doing actuation None-script open_channel False
Open U ===>> OK
GetIndicatorState U ===>> OK
change switch state (True, True)
update switch state U True args=() kw={} ncanvase=2
01:24:59 -- OPEN   VALVE-U (Microbone to Turbo)
---------------------------------------- open None (Microbone to Turbo) result=[(True, True)], time=0.14 sec
Get Checksum: -476524439
action=open, ok=True, locked=[False]
open () {'description': 'Microbone to Inlet Pipette'}
opening name=--- desc=Microbone to Inlet Pipette
checking ownership. requestor=129.138.12.150
check software interlocks S
interlocks []
actuate state mode=None-script, software_lock=False
doing actuation None-script open_channel False
Open S ===>> OK
GetIndicatorState S ===>> OK
change switch state (True, True)
update switch state S True args=() kw={} ncanvase=2
01:25:00 -- OPEN   VALVE-S (Microbone to Inlet Pipette)
---------------------------------------- open None (Microbone to Inlet Pipette) result=[(True, True)], time=0.41 sec
action=open, ok=True, locked=[False]
open () {'description': 'Microbone to Getter D-50'}
opening name=--- desc=Microbone to Getter D-50
checking ownership. requestor=129.138.12.150
check software interlocks K
interlocks []
actuate state mode=None-script, software_lock=False
doing actuation None-script open_channel False
Open K ===>> OK
GetIndicatorState K ===>> OK
change switch state (True, True)
update switch state K True args=() kw={} ncanvase=2
01:25:00 -- OPEN   VALVE-K (Microbone to Getter D-50)
---------------------------------------- open None (Microbone to Getter D-50) result=[(True, True)], time=0.42 sec
action=open, ok=True, locked=[False]
open () {'description': 'Microbone to Getter NP-10'}
opening name=--- desc=Microbone to Getter NP-10
checking ownership. requestor=129.138.12.150
check software interlocks M
interlocks []
actuate state mode=None-script, software_lock=False
doing actuation None-script open_channel False
Open M ===>> OK
GetIndicatorState M ===>> OK
change switch state (True, True)
update switch state M True args=() kw={} ncanvase=2
01:25:01 -- OPEN   VALVE-M (Microbone to Getter NP-10)
---------------------------------------- open None (Microbone to Getter NP-10) result=[(True, True)], time=0.14 sec
action=open, ok=True, locked=[False]
close () {'description': 'CO2 Laser to Felix'}
closing name=--- desc=CO2 Laser to Felix
checking ownership. requestor=129.138.12.150
check software interlocks F
interlocks []
actuate state mode=None-script, software_lock=True
VALVE-F(CO2 Laser to Felix) software locked
change switch state (True, False)
---------------------------------------- close None (CO2 Laser to Felix) result=[(True, False)]
action=close, ok=True, locked=[True]
open () {'description': 'CO2 Laser to Jan'}
opening name=--- desc=CO2 Laser to Jan
checking ownership. requestor=129.138.12.150
check software interlocks A
interlocks []
actuate state mode=None-script, software_lock=False
doing actuation None-script open_channel False
Open A ===>> OK
GetIndicatorState A ===>> OK
change switch state (True, True)
update switch state A True args=() kw={} ncanvase=2
01:25:01 -- OPEN   VALVE-A (CO2 Laser to Jan)
---------------------------------------- open None (CO2 Laser to Jan) result=[(True, True)], time=0.12 sec
action=open, ok=True, locked=[False]
open () {'description': 'Microbone to CO2 Laser'}
opening name=--- desc=Microbone to CO2 Laser
checking ownership. requestor=129.138.12.150
check software interlocks T
interlocks []
actuate state mode=None-script, software_lock=False
doing actuation None-script open_channel False
Open T ===>> OK
GetIndicatorState T ===>> OK
change switch state (True, True)
update switch state T True args=() kw={} ncanvase=2
01:25:02 -- OPEN   VALVE-T (Microbone to CO2 Laser)
---------------------------------------- open None (Microbone to CO2 Laser) result=[(True, True)], time=0.42 sec
action=open, ok=True, locked=[False]
executed 0
PrepareForCO2Analysis.py completed successfully
gosub finished
set_motor ('beam', '1.25') {}
setting motor "beam" to 1.25
set motor beam to 1.25
SetMotor beam,1.25 ===>> OK
Get Checksum: -476524439
GetMotorMoving beam ===>> False
GetMotorMoving beam ===>> False
Block completed
move_to_position ('91',) {'autocenter': True}
FusionsCO2 move to position 91
sending GoToHole 91,True
GoToHole 91,True ===>> OK
GetDriveMoving ===>> False
GetDriveMoving ===>> OK
GetDriveMoving ===>> OK
GetDriveMoving ===>> OK
GetDriveMoving ===>> False
Block completed
Get Checksum: -476524439
GetAutoCorrecting ===>> False
GetAutoCorrecting ===>> False
Block completed
update position
GetPosition ===>> -5.98170,1.99390,1.00000
got position (-5.9817, 1.9939, 1.0)
move to position succeeded
sleep (5,) {}
SLEEP 5.0
block started
WaitControl setup for 5.0  
Get Checksum: -476524439
Join finished
block finished. duration 5.0154800415
close () {'description': 'Microbone to Turbo'}
closing name=--- desc=Microbone to Turbo
checking ownership. requestor=129.138.12.150
check software interlocks U
interlocks []
actuate state mode=None-script, software_lock=False
doing actuation None-script close_channel True
Close U ===>> OK
GetIndicatorState U ===>> False
change switch state (True, True)
update switch state U False args=() kw={} ncanvase=2
01:25:11 -- CLOSE  VALVE-U (Microbone to Turbo)
---------------------------------------- close None (Microbone to Turbo) result=[(True, True)]
action=close, ok=True, locked=[False]
enable laser
enable () {}
set extraction state FusionsCO2 Enabled (False, 'red', 1.5)
enabling laser
Get Checksum: 1523014837
Enable ===>> OK
begin interval
BEGIN INTERVAL Interval 1 waiting for 30.0
block started
set extract to 5.0
WaitControl setup for 30.0  
extract (5.0,) {}
GetPosition ===>> -5.98170,1.99390,1.00000
set extraction state FusionsCO2 ON! 5.0(watts) (0.75, 'red', 1.5)
extract sample to 5.0 (watts)
set laser output
SetLaserOutput 5.0,watts ===>> OK
executing pattern triangle.lp
execute_pattern ('triangle.lp',) {}
executing pattern triangle.lp
IsPatterning ===>> OK
IsPatterning ===>> OK
Get Checksum: 1523014837
IsPatterning ===>> OK
IsPatterning ===>> OK
IsPatterning ===>> OK
Get Checksum: 834010572
State checksums do not match. Local:1523014837 Remote:834010572
State checksum failed
IsPatterning ===>> OK
set states for children of H. state=False
handle state [('H', False)]
update switch state H False args=() kw={'refresh': False} ncanvase=2
refresh_canvas_needed fired
IsPatterning ===>> OK
IsPatterning ===>> OK
set states for children of C. state=True
set states for children of B. state=True
set states for children of D. state=True
handle state [('C', True), ('B', True), ('D', True)]
update switch state C True args=() kw={'refresh': True} ncanvase=2
update switch state B True args=() kw={'refresh': True} ncanvase=2
update switch state D True args=() kw={'refresh': False} ncanvase=2
refresh_canvas_needed fired
Get Checksum: 1223320555
IsPatterning ===>> OK
IsPatterning ===>> OK
IsPatterning ===>> OK
Get Checksum: 1223320555
IsPatterning ===>> OK
IsPatterning ===>> OK
IsPatterning ===>> OK
Get Checksum: 1223320555
IsPatterning ===>> OK
IsPatterning ===>> OK
IsPatterning ===>> OK
Get Checksum: 1223320555
IsPatterning ===>> OK
IsPatterning ===>> OK
IsPatterning ===>> OK
Get Checksum: 1223320555
IsPatterning ===>> OK
IsPatterning ===>> OK
IsPatterning ===>> OK
IsPatterning ===>> OK
Get Checksum: 1223320555
IsPatterning ===>> OK
IsPatterning ===>> OK
IsPatterning ===>> False
Get Checksum: 1223320555
IsPatterning ===>> False
Block completed
COMPLETE INTERVAL waiting for Interval 1 to complete
Join finished
block finished. duration 30.0884349346
Interval 1 finished
end_extract () {}
ending extraction. set laser power to 0
set laser power 0
SetLaserPower 0 ===>> OK
disable () {}
%%%%%%%%%%%%%%%%%%%%%%%%%%%%%%%%%%% disable
set extraction state False (0.75, 'red', 1.5)
disabling laser
Disable ===>> OK
sleep (30.0,) {}
SLEEP 30.0
block started
WaitControl setup for 30.0  
Get Checksum: 1223320555
Get Checksum: 1223320555
Get Checksum: 1223320555
Get Checksum: 1223320555
Get Checksum: 1223320555
Get Checksum: 1223320555
Get Checksum: 1223320555
Get Checksum: 1223320555
Get Checksum: 1223320555
Get Checksum: 1223320555
Join finished
block finished. duration 30.0680310726
executed 166.5
jan_co2.py completed successfully
GetAchievedOutput ===>> No Response
Requested Output= 0.000
Achieved Output=  0.000
GetResponseBlob ===>> No Response
GetOutputBlob ===>> No Response
persistence save...
persistence save - db
AutomatedRunPersister post_extraction_save deprecated
persistence save - dvc
no extraction position for 91
create new session 4983587952
close session 4983587952
Extraction Finished
01:26:12 -- ******* Extraction Finished *******
no overlap. not waiting for min ms pumptime
01:26:12 -- Sending spectrometer configuration
======== Sending configuration ========
SetDeflection CDD,50.0 ===>> OK
SetDeflection H2,0.0 ===>> OK
SetDeflection H1,0.0 ===>> OK
SetDeflection L2,825.0 ===>> OK
SetDeflection L1,400.0 ===>> OK
SetDeflection AX,190.0 ===>> OK
SetZFocus 74.64 ===>> OK
SetZSymmetry -50.72 ===>> OK
SetExtractionLens 26.13 ===>> OK
SetIonRepeller -3.81 ===>> OK
SetElectronEnergy 75.08 ===>> OK
SetYSymmetry -2.81 ===>> OK
SetIonCounterVoltage 1590.0 ===>> OK
send trap current 200.0
GetParameter Trap Current Readback ===>> 198.370811206739
SetParameter Trap Current Set,200.0 ===>> OK
updating mftable name mftable
Using mftable located at /Users/jan/PychronDev/setupfiles/spectrometer/mftables/mftable.csv
============ MFtable ===========
Isotope  H2     H1     AX     L1     L2     CDD    
Ar40     5.7840 5.8793 5.9927 6.1240 6.2312 6.3522
Ar39     5.6833 5.7716 5.8851 6.0100 6.1163 6.2387
Ar36     5.3608 5.4406 5.5485 5.6689 5.7713 5.8898
================================
get initial guess parabolic
get initial guess parabolic
get initial guess parabolic
get initial guess parabolic
get initial guess parabolic
get initial guess parabolic
======== Configuration Finished ========
GetYSymmetry ===>> -2.81
GetZSymmetry ===>> -50.72
GetParameter Trap Current Readback ===>> 197.811389855338
GetHighVoltage ===>> 4500
start measurement
do measurement
L#=65575 analysis type=unknown
Measurement Started jan_unknown120_60.py
01:26:12 -- ******* Measurement Started jan_unknown120_60.py *******
state changed from extraction to measurement
setting spec, defl, and gains
GetExtractionLens ===>> 26.13
GetYSymmetry ===>> -2.81
GetZSymmetry ===>> -50.72
GetZFocus ===>> 74.64
GetDeflection H2 ===>> 0
GetDeflection H1 ===>> 0
GetDeflection AX ===>> 190
GetDeflection L1 ===>> 400
GetDeflection L2 ===>> 825
GetDeflection CDD ===>> 50
GetGain H2 ===>> 0.0113
GetGain H1 ===>> 0.1
GetGain AX ===>> 0.097049
GetGain L1 ===>> 0.010355
GetGain L2 ===>> 0.095649
GetGain CDD ===>> 0
pre measurement save
New frame /Users/jan/PychronDev/data/isotopes/7e/cccb35-5f93-48c2-bd32-9f0a3c5ceff9.h5
flush and close file /Users/jan/PychronDev/data/isotopes/7e/cccb35-5f93-48c2-bd32-9f0a3c5ceff9.h5
testing...
no interpolation path defined
executed 226.132928
unknown measurement script
activate_detectors ('H2', 'H1', 'AX', 'L1', 'L2', 'CDD') {}
activate detectors
*************** Set Analysis View Ar/Ar
create graphs
clearing graphs
Get Checksum: 1223320555
clear isotope group
setting isotope det=H2, iso=PM41
setting isotope det=H1, iso=Ar40
setting isotope det=AX, iso=Ar39
setting isotope det=L1, iso=Ar38
setting isotope det=L2, iso=Ar37
setting isotope det=CDD, iso=Ar36
setting previous blanks
 - setting Ar40 blank 0.606+/-0.006
 - setting Ar36 blank 0.00602+/-0.00019
 - setting Ar37 blank 0.043+/-0.005
 - setting Ar38 blank 0.0055+/-0.0021
 - setting PM41 blank 0.03+/-0.06
 - setting Ar39 blank 0.023+/-0.009
load analysis view
position_magnet ('Ar40',) {'detector': 'H1'}
detector Detector(H1)
POSITION Ar40 H1
setting detector H2 to PM41 (40.9624)
setting detector H1 to Ar40 (39.9624)
setting detector AX to Ar39 (38.9624)
setting detector L1 to Ar38 (37.9624)
setting detector L2 to Ar37 (36.9624)
setting detector CDD to Ar36 (35.9624)
Mapping mass to dac mass func: "parabolic"
H1 map mass coeffs = [-0.00063987  0.15840543  0.57089999]
H1 map mass to dac 39.9624 >> 5.87929
GetDeflection H1 ===>> 0
GetHighVoltage ===>> 4500
positioning Ar40 (5.87929) on H1
setting magnet DAC
current  : 5.879287
requested: 5.879290
Delta Dac: 0.000003
Checking detector protection. dv=0.00000
Checking detector "CDD". Protection Threshold: 0.1 (V)
SetMagnetDAC 5.87929 ===>> OK
Magnet settling time: 0.500
equilibrate () {'delay': 3, 'inlet': 'R', 'outlet': 'O', 'eqtime': 12.0}
Equilibration Started
01:26:14 -- ******* Equilibration Started *******
checking ownership. requestor=129.138.12.150
check software interlocks O
interlocks []
actuate state mode=None-script, software_lock=False
doing actuation None-script close_channel True
Close O ===>> OK
GetIndicatorState O ===>> False
change switch state (True, True)
update switch state O False args=() kw={} ncanvase=2
01:26:14 -- CLOSE  VALVE-O (Jan Ion Pump)
waiting 3s before opening inlet value ('R',)
Get Checksum: 1281862853
checking ownership. requestor=129.138.12.150
check software interlocks R
interlocks []
actuate state mode=None-script, software_lock=False
doing actuation None-script open_channel True
Open R ===>> OK
GetIndicatorState R ===>> OK
change switch state (True, True)
update switch state R True args=() kw={} ncanvase=2
01:26:17 -- OPEN   VALVE-R (Jan Inlet)
set_time_zero () {}
equilibrating for 12.0sec
sniff (12.0,) {}
py_sniff
build tables- sniff [Detector(H2), Detector(H1), Detector(AX), Detector(L1), Detector(L2), Detector(CDD)]
add group /sniff/PM41 (Group) '' table H2
add group /sniff/Ar40 (Group) '' table H1
add group /sniff/Ar39 (Group) '' table AX
add group /sniff/Ar38 (Group) '' table L1
add group /sniff/Ar37 (Group) '' table L2
add group /sniff/Ar36 (Group) '' table CDD
flush and close file /Users/jan/PychronDev/data/isotopes/7e/cccb35-5f93-48c2-bd32-9f0a3c5ceff9.h5
measuring sniff. ncounts=12.0
starting measurement
GetData ===>> H2,0.173580016203799,H1,71.6967059456668,AX,19.6113127116561,L1,0.0653800372933915,L2,0.262415897...
GetData ===>> H2,1.00872807923057,H1,423.065028827855,AX,110.66380114756,L1,0.707046335847954,L2,0.882578824014...
Get Checksum: 594863745
GetData ===>> H2,0.401089674946899,H1,582.520314270598,AX,147.281495897406,L1,1.34724134281986,L2,0.99153277382...
GetData ===>> H2,0.12713889109418,H1,633.557450860969,AX,157.715596491619,L1,1.66294997546215,L2,0.970234032028...
GetData ===>> H2,0.0244735490385682,H1,651.659091407513,AX,161.226976654635,L1,1.77253963260257,L2,1.0968443755...
Get Checksum: 594863745
GetData ===>> H2,-0.0317343629812893,H1,658.843096274361,AX,162.349324607991,L1,1.86039493826872,L2,0.956873848...
GetData ===>> H2,-0.0676831481117664,H1,661.90061686923,AX,163.02507094026,L1,1.94748610527063,L2,0.99930804869...
GetData ===>> H2,0.0552064180243436,H1,662.943186403159,AX,163.301868069343,L1,2.01852644587298,L2,0.9976246884...
Get Checksum: 594863745
GetData ===>> H2,0.0688138035700798,H1,663.639142854181,AX,163.205388626633,L1,2.09857047272477,L2,0.9496789100...
GetData ===>> H2,-0.0340361384951513,H1,664.096189269328,AX,163.451491174831,L1,2.07152909919265,L2,1.026795650...
Get Checksum: 594863745
GetData ===>> H2,-0.127308339145583,H1,664.218278904448,AX,163.438429486851,L1,2.06744686204828,L2,1.0571671333...
Equilibration Finished
01:26:30 -- ******* Equilibration Finished *******
checking ownership. requestor=129.138.12.150
check software interlocks R
interlocks []
actuate state mode=None-script, software_lock=False
doing actuation None-script close_channel True
GetData ===>> H2,-0.0944681927601576,H1,664.118956962311,AX,163.364473913979,L1,2.06767839127105,L2,0.928498213...
Close R ===>> OK
GetIndicatorState R ===>> False
change switch state (True, True)
update switch state R False args=() kw={} ncanvase=2
01:26:30 -- CLOSE  VALVE-R (Jan Inlet)
Post Equilibration Started jan_pump_extraction_line.py
01:26:30 -- ******* Post Equilibration Started jan_pump_extraction_line.py *******
testing...
no interpolation path defined
calculate duration
testing...
no interpolation path defined
executed 4.0
executed 4.0
Pump after analysis
doing GOSUB
testing...
no interpolation path defined
executed 4.0
Pump Microbone
close () {'description': 'Jan Inlet'}
closing name=--- desc=Jan Inlet
checking ownership. requestor=129.138.12.150
check software interlocks R
interlocks []
actuate state mode=None-script, software_lock=False
doing actuation None-script close_channel False
Close R ===>> OK
measurement finished
estimated time: 12.583 actual time: :12.669
flush and close file /Users/jan/PychronDev/data/isotopes/7e/cccb35-5f93-48c2-bd32-9f0a3c5ceff9.h5
set_fits () {}
using default fits file=/Users/jan/PychronDev/scripts/measurement/fits/nominal_linear.yaml
set "Ar40" to "('Linear', 'SEM')"
No fit for "PM41". defaulting to linear. check the measurement script "jan_unknown120_60.py"
set "PM41" to "linear"
set "Ar36" to "('Linear', 'SEM')"
set "Ar37" to "('linear', 'SEM')"
set "Ar38" to "('linear', 'SEM')"
set "Ar39" to "('Linear', 'SEM')"
set_baseline_fits () {}
using default fits file=/Users/jan/PychronDev/scripts/measurement/fits/nominal_linear.yaml
set "H1" to "('average', 'SEM')"
set "H2" to "('average', 'SEM')"
set "CDD" to "('average', 'SEM')"
set "L2" to "('average', 'SEM')"
set "L1" to "('average', 'SEM')"
set "AX" to "('average', 'SEM')"
multicollect () {'integration_time': 1, 'ncounts': 120}
build tables- signal [Detector(H2), Detector(H1), Detector(AX), Detector(L1), Detector(L2), Detector(CDD)]
add group /signal/PM41 (Group) '' table H2
add group /signal/Ar40 (Group) '' table H1
add group /signal/Ar39 (Group) '' table AX
add group /signal/Ar38 (Group) '' table L1
add group /signal/Ar37 (Group) '' table L2
add group /signal/Ar36 (Group) '' table CDD
flush and close file /Users/jan/PychronDev/data/isotopes/7e/cccb35-5f93-48c2-bd32-9f0a3c5ceff9.h5
GetIndicatorState R ===>> False
measuring signal. ncounts=120
change switch state (True, True)
update switch state R False args=() kw={} ncanvase=2
01:26:31 -- CLOSE  VALVE-R (Jan Inlet)
---------------------------------------- close None (Jan Inlet) result=[(True, True)]
action=close, ok=True, locked=[False]
is_closed ('F',) {}
is F () closed?
is closed True
open () {'description': 'CO2 Laser to Jan'}
opening name=--- desc=CO2 Laser to Jan
checking ownership. requestor=129.138.12.150
check software interlocks A
interlocks []
actuate state mode=None-script, software_lock=False
doing actuation None-script open_channel False
Open A ===>> OK
GetIndicatorState A ===>> OK
change switch state (True, True)
update switch state A True args=() kw={} ncanvase=2
01:26:31 -- OPEN   VALVE-A (CO2 Laser to Jan)
---------------------------------------- open None (CO2 Laser to Jan) result=[(True, True)], time=0.12 sec
starting measurement
GetData ===>> H2,-0.0157605104269252,H1,663.979024860226,AX,163.296704686084,L1,2.10793625850537,L2,0.991006047...
action=open, ok=True, locked=[False]
sleep (1,) {}
SLEEP 1.0
Get Checksum: 1281862853
GetData ===>> H2,0.0242476312657198,H1,663.913925344424,AX,163.505674634971,L1,2.10039946784194,L2,0.9373181633...
close () {'description': 'CO2 Laser to Roughing'}
closing name=--- desc=CO2 Laser to Roughing
checking ownership. requestor=129.138.12.150
check software interlocks G
interlocks []
actuate state mode=None-script, software_lock=True
VALVE-G(CO2 Laser to Roughing) software locked
change switch state (True, False)
---------------------------------------- close None (CO2 Laser to Roughing) result=[(True, False)]
action=close, ok=True, locked=[True]
open () {'description': 'Microbone to Turbo'}
opening name=--- desc=Microbone to Turbo
checking ownership. requestor=129.138.12.150
check software interlocks U
interlocks []
actuate state mode=None-script, software_lock=False
doing actuation None-script open_channel True
Open U ===>> OK
GetIndicatorState U ===>> OK
change switch state (True, True)
update switch state U True args=() kw={} ncanvase=2
01:26:33 -- OPEN   VALVE-U (Microbone to Turbo)
---------------------------------------- open None (Microbone to Turbo) result=[(True, True)], time=0.17 sec
action=open, ok=True, locked=[False]
open () {'description': 'Microbone to Getter NP-10'}
opening name=--- desc=Microbone to Getter NP-10
checking ownership. requestor=129.138.12.150
check software interlocks M
interlocks []
actuate state mode=None-script, software_lock=False
doing actuation None-script open_channel False
Open M ===>> OK
GetIndicatorState M ===>> OK
change switch state (True, True)
update switch state M True args=() kw={} ncanvase=2
01:26:33 -- OPEN   VALVE-M (Microbone to Getter NP-10)
---------------------------------------- open None (Microbone to Getter NP-10) result=[(True, True)], time=0.14 sec
action=open, ok=True, locked=[False]
open () {'description': 'Microbone to Getter D-50'}
opening name=--- desc=Microbone to Getter D-50
checking ownership. requestor=129.138.12.150
check software interlocks K
interlocks []
actuate state mode=None-script, software_lock=False
doing actuation None-script open_channel False
GetData ===>> H2,-0.0500357444637902,H1,663.567147143897,AX,163.113164724431,L1,2.11290129837232,L2,1.004392662...
Open K ===>> OK
GetIndicatorState K ===>> OK
change switch state (True, True)
update switch state K True args=() kw={} ncanvase=2
01:26:34 -- OPEN   VALVE-K (Microbone to Getter D-50)
---------------------------------------- open None (Microbone to Getter D-50) result=[(True, True)], time=0.42 sec
action=open, ok=True, locked=[False]
open () {'description': 'Microbone to CO2 Laser'}
opening name=--- desc=Microbone to CO2 Laser
checking ownership. requestor=129.138.12.150
check software interlocks T
interlocks []
actuate state mode=None-script, software_lock=False
doing actuation None-script open_channel False
Open T ===>> OK
GetIndicatorState T ===>> OK
change switch state (True, True)
update switch state T True args=() kw={} ncanvase=2
01:26:34 -- OPEN   VALVE-T (Microbone to CO2 Laser)
---------------------------------------- open None (Microbone to CO2 Laser) result=[(True, True)], time=0.43 sec
GetData ===>> H2,-0.184280585391193,H1,663.329336462785,AX,163.240173250094,L1,2.10969398720583,L2,0.9001996559...
action=open, ok=True, locked=[False]
open () {'description': 'Microbone to Inlet Pipette'}
opening name=--- desc=Microbone to Inlet Pipette
checking ownership. requestor=129.138.12.150
check software interlocks S
interlocks []
actuate state mode=None-script, software_lock=False
doing actuation None-script open_channel False
Open S ===>> OK
GetIndicatorState S ===>> OK
change switch state (True, True)
update switch state S True args=() kw={} ncanvase=2
01:26:35 -- OPEN   VALVE-S (Microbone to Inlet Pipette)
---------------------------------------- open None (Microbone to Inlet Pipette) result=[(True, True)], time=0.41 sec
action=open, ok=True, locked=[False]
sleep (1,) {}
SLEEP 1.0
GetData ===>> H2,-0.145853520837494,H1,662.928577683509,AX,162.962693867016,L1,2.0738812019994,L2,1.04018724975...
set_resource () {'name': 'CO2PumpTimeFlag', 'value': 30}
Set CO2PumpTimeFlag 30 ===>> OK
release ('JanCO2Flag',) {}
release JanCO2Flag
Set JanCO2Flag 0 ===>> OK
executed 6.0
PumpMicrobone.py completed successfully
gosub finished
get_resource_value () {'name': 'JanMiniboneFlag'}
Read JanMiniboneFlag ===>> 0
Get Resource Value JanMiniboneFlag=0.0
get resource value 0.0
get_resource_value () {'name': 'JanMiniboneFlag'}
Read JanMiniboneFlag ===>> 0
Get Resource Value JanMiniboneFlag=0.0
executed 4.0
jan_pump_extraction_line.py completed successfully
Post Equilibration Finished
01:26:36 -- ******* Post Equilibration Finished *******
GetData ===>> H2,-0.315460545792652,H1,662.538479537852,AX,162.973923117844,L1,2.09783614616258,L2,0.9496559971...
Get Checksum: 799532470
GetData ===>> H2,-0.292097741144207,H1,662.291793292598,AX,162.930305224325,L1,2.06559877041417,L2,0.9290021884...
GetData ===>> H2,-0.234152932417085,H1,661.930972135027,AX,162.875961827836,L1,2.03982718799401,L2,0.9383720297...
GetData ===>> H2,-0.255282168160412,H1,661.666633099832,AX,162.663612096019,L1,2.06298656718867,L2,0.9926892918...
Get Checksum: 799532470
GetData ===>> H2,-0.205213112620983,H1,661.666992671973,AX,162.601083685299,L1,2.07353834902619,L2,1.0194419473...
GetData ===>> H2,-0.164117388875052,H1,661.455627280064,AX,162.696258193492,L1,2.03264883475099,L2,0.9660974474...
Get Checksum: 799532470
GetData ===>> H2,-0.155746727605669,H1,661.394315394079,AX,162.661461453619,L1,2.09203879032321,L2,0.9105400888...
GetData ===>> H2,-0.0934441504910344,H1,661.185337939577,AX,162.607043911197,L1,2.08729714504696,L2,1.000464660...
GetData ===>> H2,-0.068168729127702,H1,660.588055373901,AX,162.497370497886,L1,2.07675416978319,L2,0.9223705422...
Get Checksum: 799532470
GetData ===>> H2,-0.118308124953601,H1,660.253843156685,AX,162.478470566873,L1,2.08187057667286,L2,1.0126156481...
GetData ===>> H2,-0.0147590775102647,H1,659.676454737863,AX,162.105849133121,L1,2.05365236895391,L2,0.967942273...
GetData ===>> H2,-0.12759628226973,H1,659.405855838405,AX,162.222211259132,L1,2.06800254029345,L2,1.04693530604...
Get Checksum: 799532470
GetData ===>> H2,-0.177760704874318,H1,659.070653272027,AX,162.323345796226,L1,2.08331996168374,L2,0.9570915381...
GetData ===>> H2,-0.142435136491963,H1,659.219892764433,AX,162.000347576167,L1,2.06665440713494,L2,1.0834792707...
GetData ===>> H2,-0.110111792812074,H1,659.084632671195,AX,162.030306286654,L1,2.02337117373052,L2,0.9358404788...
Get Checksum: 799532470
GetData ===>> H2,-0.159218371689067,H1,658.562333578891,AX,162.225464538146,L1,2.02826854695222,L2,0.9594517839...
GetData ===>> H2,-0.158287751195942,H1,658.132268602125,AX,161.999773592697,L1,2.05480171821687,L2,0.9440653989...
GetData ===>> H2,-0.203061956748287,H1,657.890474521029,AX,161.755916431973,L1,2.06381711504013,L2,0.9990561153...
Get Checksum: 799532470
GetData ===>> H2,-0.172690971326887,H1,657.685019232917,AX,161.617392152184,L1,2.09719199347671,L2,1.0232447268...
01:26:57 -- collecting point 25
GetData ===>> H2,-0.130207714462759,H1,657.748929488693,AX,161.843421287157,L1,2.07830084904059,L2,1.0569723403...
GetData ===>> H2,-0.217011094913984,H1,657.457795111904,AX,161.887181014958,L1,2.05392349355231,L2,0.9750583624...
Get Checksum: 799532470
GetData ===>> H2,-0.274938710727684,H1,656.743443616166,AX,161.703162647684,L1,2.05004902477818,L2,0.9759407483...
GetData ===>> H2,-0.0739168132678534,H1,656.881708539653,AX,161.65384221831,L1,2.04336246826604,L2,0.9600475833...
GetData ===>> H2,-0.152322672205097,H1,656.783848064144,AX,161.529012375943,L1,2.02929345315167,L2,0.9725602228...
Get Checksum: 799532470
GetData ===>> H2,-0.178204747983846,H1,655.848380368479,AX,161.494738005727,L1,2.00606991284486,L2,1.0329356220...
GetData ===>> H2,-0.181093977096468,H1,656.033517668666,AX,161.390899109166,L1,2.05737727470558,L2,0.9382345682...
GetData ===>> H2,-0.139806468403097,H1,655.752507318741,AX,161.483937109851,L1,2.0705179936883,L2,0.95895910651...
Get Checksum: 799532470
GetData ===>> H2,-0.152283480107259,H1,655.499414364622,AX,161.428949074447,L1,2.02456725874939,L2,1.0196023024...
GetData ===>> H2,-0.114359573958897,H1,655.38111236988,AX,161.388968178829,L1,1.99804193484866,L2,0.96303809356...
Get Checksum: 799532470
GetData ===>> H2,-0.039027831982915,H1,655.262926225262,AX,161.363380024843,L1,2.02296986728341,L2,0.9240198208...
GetData ===>> H2,-0.0287433973831195,H1,654.813429318111,AX,161.252600930072,L1,2.05019974673523,L2,1.026795650...
GetData ===>> H2,-0.0330136372042301,H1,654.211111921657,AX,160.97000298987,L1,2.04433103576648,L2,0.9450735155...
Get Checksum: 799532470
GetData ===>> H2,-0.153811871532256,H1,654.158207199386,AX,161.149468716296,L1,2.05727805113685,L2,1.0266238287...
GetData ===>> H2,-0.147947279016399,H1,654.202302499776,AX,161.013810229921,L1,2.05092297618716,L2,0.8811592225...
GetData ===>> H2,-0.176925208783732,H1,654.152657420556,AX,160.79368758527,L1,2.01375046776504,L2,0.91313968614...
Get Checksum: 799532470
GetData ===>> H2,-0.127136651271099,H1,653.660640436009,AX,160.885340378543,L1,1.975870323326,L2,0.966177656527...
GetData ===>> H2,-0.146854520559756,H1,653.242675709663,AX,160.746248393004,L1,1.99789943568549,L2,1.0324315797...
GetData ===>> H2,-0.109576985011713,H1,652.54528049307,AX,160.827771142316,L1,2.04279299534475,L2,0.85261136729...
Get Checksum: 799532470
GetData ===>> H2,-0.0064126488175374,H1,652.769135408135,AX,160.61634731613,L1,2.01444224306593,L2,0.9373754383...
GetData ===>> H2,-0.00490311482074228,H1,652.488867616168,AX,160.504567682218,L1,1.99547459227327,L2,1.00872166...
GetData ===>> H2,-0.0521541672682185,H1,652.016267040318,AX,160.725222480066,L1,2.02883381854867,L2,1.006671664...
Get Checksum: 799532470
GetData ===>> H2,-0.0734111417670369,H1,651.905040826855,AX,160.60398392335,L1,2.02790007935207,L2,0.9463565883...
GetData ===>> H2,-0.126125397547863,H1,651.58519244825,AX,160.609361046668,L1,2.05083042134171,L2,0.88531505058...
GetData ===>> H2,-0.214162433845571,H1,651.48803326227,AX,160.296566959139,L1,2.05816051054396,L2,1.00053337027...
Get Checksum: 799532470
01:27:23 -- collecting point 50
GetData ===>> H2,-0.166132824781249,H1,650.660414951807,AX,160.236729908733,L1,2.0588736736787,L2,1.04858515754...
GetData ===>> H2,-0.109269628375028,H1,650.655647790393,AX,160.308181364972,L1,2.05111998835749,L2,1.0087445729...
GetData ===>> H2,-0.0875099992889951,H1,650.686218639571,AX,160.448268035567,L1,2.03836721210714,L2,0.956736360...
Get Checksum: 799532470
GetData ===>> H2,-0.124471776557142,H1,650.652199238839,AX,160.074492520212,L1,2.04479090369803,L2,0.8706502444...
GetData ===>> H2,-0.0999336090849433,H1,650.315520746184,AX,160.040165399987,L1,1.98843658486874,L2,0.989013673...
GetData ===>> H2,-0.0734572360788652,H1,649.787240417589,AX,160.195454315876,L1,1.99489418625196,L2,0.894932532...
Get Checksum: 799532470
GetData ===>> H2,-0.00830812307170758,H1,650.024565467995,AX,160.02953464057,L1,1.98652916848698,L2,1.067468807...
GetData ===>> H2,-0.0955828852152283,H1,649.533939693633,AX,159.940087277794,L1,2.01425477297276,L2,0.943721725...
Get Checksum: 799532470
GetData ===>> H2,-0.147941876267008,H1,649.094862831751,AX,159.877793879963,L1,2.00701715723909,L2,1.0003043370...
GetData ===>> H2,-0.190132056540113,H1,648.801720959098,AX,159.656764686073,L1,1.98344003615603,L2,0.9918648419...
GetData ===>> H2,-0.126522879678589,H1,648.492846139139,AX,159.874962881875,L1,1.96009314253392,L2,0.9390249744...
Get Checksum: 799532470
GetData ===>> H2,-0.149801620664309,H1,648.846247345985,AX,159.767424574185,L1,1.97018338695821,L2,0.9709903243...
GetData ===>> H2,-0.1999382785493,H1,648.214702017041,AX,159.499101978589,L1,1.96766631002713,L2,1.028800262422...
GetData ===>> H2,-0.178065733320324,H1,648.002976612264,AX,159.598064908301,L1,2.00734567735223,L2,0.9467117276...
Get Checksum: 799532470
GetData ===>> H2,-0.0883090026029076,H1,647.671105856414,AX,159.644562540192,L1,2.00164215839057,L2,0.926608329...
GetData ===>> H2,-0.192851104653688,H1,647.396076792653,AX,159.52877660879,L1,2.02965007933599,L2,0.85499193881...
GetData ===>> H2,-0.0849031770212086,H1,647.229693930277,AX,159.42056435439,L1,2.01721902021767,L2,0.9471699737...
Get Checksum: 799532470
GetData ===>> H2,-0.103593805540236,H1,646.562507134576,AX,159.287691089491,L1,1.99060935739109,L2,1.0199802834...
GetData ===>> H2,-0.172600586470376,H1,646.565686441617,AX,159.363103099407,L1,1.99743500670119,L2,0.9893150432...
GetData ===>> H2,-0.185389347102562,H1,646.826618409895,AX,159.392116275347,L1,1.99368730300197,L2,0.8378485630...
Get Checksum: 799532470
GetData ===>> H2,-0.132721574219961,H1,646.12615451507,AX,159.166896780903,L1,1.97540904015913,L2,0.92899073439...
GetData ===>> H2,-0.18504270212885,H1,646.141083752344,AX,159.086617962541,L1,1.98766540595897,L2,0.87741569657...
GetData ===>> H2,-0.113492007818851,H1,645.509965612635,AX,159.070199866488,L1,1.99807492102752,L2,0.9931931258...
Get Checksum: 799532470
GetData ===>> H2,-0.110523374579144,H1,645.389457879469,AX,159.120301959133,L1,2.01066440886988,L2,0.9920938550...
GetData ===>> H2,-0.0971348751237419,H1,644.863975786657,AX,158.865446858623,L1,2.0164702913695,L2,0.9857735964...
01:27:49 -- collecting point 75
GetData ===>> H2,-0.241968289596761,H1,645.070006741944,AX,158.795499879701,L1,1.98275748590492,L2,0.9126357939...
Get Checksum: 799532470
GetData ===>> H2,-0.19258152072896,H1,644.591291975269,AX,158.8549109045,L1,1.98722249673256,L2,0.8494984012274...
GetData ===>> H2,-0.12086894220541,H1,644.416348482431,AX,158.770666933935,L1,1.96552507255033,L2,1.02227110931...
GetData ===>> H2,-0.0698179222240118,H1,644.088329613826,AX,158.796890122296,L1,1.97264438038039,L2,0.936848509...
Get Checksum: 799532470
GetData ===>> H2,-0.167435310312208,H1,644.054064548987,AX,158.606076066492,L1,2.00457269317357,L2,0.9269404877...
GetData ===>> H2,-0.159641110184627,H1,643.652386379984,AX,158.653872049966,L1,2.00700660253761,L2,0.9583518563...
Get Checksum: 799532470
GetData ===>> H2,-0.130394222340794,H1,643.615878421864,AX,158.71042099894,L1,1.99423203291664,L2,0.87682040924...
GetData ===>> H2,-0.156557323321515,H1,643.108577314282,AX,158.75845183729,L1,1.98188393573613,L2,0.96424119863...
GetData ===>> H2,-0.23128116551404,H1,642.599741548088,AX,158.508671260044,L1,1.99266650122528,L2,0.93092648226...
Get Checksum: 799532470
GetData ===>> H2,-0.165733275892858,H1,642.60903444939,AX,158.275427753289,L1,1.99545348606648,L2,1.01725427181...
GetData ===>> H2,-0.151076389041901,H1,642.515009788409,AX,158.329736487162,L1,1.96903475956771,L2,0.9438591945...
GetData ===>> H2,-0.113713981128355,H1,641.824006862543,AX,158.389452875139,L1,1.98196298721101,L2,1.0121002592...
Get Checksum: 799532470
GetData ===>> H2,-0.122992372591844,H1,641.821497652764,AX,158.218326152337,L1,1.99928096322193,L2,0.9792984726...
GetData ===>> H2,-0.256260787033988,H1,641.926440775053,AX,158.129537066249,L1,1.98941744390667,L2,0.9271810172...
GetData ===>> H2,-0.232194988719134,H1,641.530596389917,AX,158.057044173629,L1,1.94784136979229,L2,0.9269977566...
Get Checksum: 799532470
GetData ===>> H2,-0.075513665767032,H1,640.895877837499,AX,158.052062432689,L1,1.97935956518587,L2,0.9359206627...
GetData ===>> H2,-0.105036443606493,H1,640.889561436044,AX,158.028563965687,L1,2.00742484028246,L2,0.9617891718...
GetData ===>> H2,-0.128666879946868,H1,640.304316894158,AX,158.040901321389,L1,2.02606980895066,L2,0.8358689176...
Get Checksum: 799532470
GetData ===>> H2,-0.0998144704527933,H1,640.3439432218,AX,157.938862565258,L1,2.00428250661554,L2,0.97345404517...
GetData ===>> H2,-0.158382302483826,H1,640.465976998259,AX,157.711522216122,L1,1.98184309269546,L2,0.9521535415...
GetData ===>> H2,-0.179036101029679,H1,640.062815748158,AX,157.677041657195,L1,1.98168235703229,L2,0.9472730794...
Get Checksum: 799532470
GetData ===>> H2,-0.064024154024623,H1,639.496844742082,AX,157.628566097906,L1,1.98972068405415,L2,0.9519816900...
GetData ===>> H2,-0.110524728441921,H1,639.506353086342,AX,157.543382344247,L1,2.00205096232067,L2,0.8943256862...
GetData ===>> H2,-0.162221769043148,H1,639.258706937769,AX,157.54518767981,L1,1.962166562113,L2,0.8808386702453...
Get Checksum: 799532470
GetData ===>> H2,-0.228208077857025,H1,638.787055205978,AX,157.551926363219,L1,1.94183498909439,L2,1.0259709083...
01:28:15 -- collecting point 100
GetData ===>> H2,-0.185307070462512,H1,638.774654344922,AX,157.449677257108,L1,1.95326649419901,L2,0.9402163236...
GetData ===>> H2,-0.262151724433868,H1,638.399613027379,AX,157.366161808764,L1,1.95839662156364,L2,0.8839641005...
GetData ===>> H2,-0.169487939499283,H1,638.245671257201,AX,157.324538297444,L1,1.95669904416445,L2,0.9949107615...
Get Checksum: 799532470
GetData ===>> H2,-0.12640931477595,H1,638.113161740711,AX,157.229327968805,L1,1.98388015845835,L2,0.96638390877...
GetData ===>> H2,-0.201677506633763,H1,637.465429594687,AX,157.475464792534,L1,1.99800630988588,L2,1.0412412443...
GetData ===>> H2,-0.148433515920104,H1,637.367885078516,AX,157.215050861636,L1,1.99722258971141,L2,0.8899519303...
Get Checksum: 799532470
GetData ===>> H2,-0.0700321912807216,H1,637.636929336236,AX,157.041478269559,L1,1.9552729646794,L2,0.8869522443...
GetData ===>> H2,-0.0889757544176301,H1,637.141851997897,AX,157.213960733658,L1,1.9821448077473,L2,1.0243099902...
GetData ===>> H2,-0.198027515919683,H1,636.854289807877,AX,157.030980425698,L1,1.97825085031679,L2,0.9628547645...
Get Checksum: 799532470
GetData ===>> H2,-0.165845312982408,H1,636.567173955574,AX,157.063062631816,L1,1.9615623755379,L2,0.97031424456...
GetData ===>> H2,-0.146614072549535,H1,636.353437032295,AX,157.004486231105,L1,1.97237559428071,L2,1.0281473271...
GetData ===>> H2,-0.218549940045179,H1,635.916006089448,AX,156.830744240996,L1,1.98311983841934,L2,0.9106660589...
Get Checksum: 799532470
GetData ===>> H2,-0.236491254806292,H1,635.655243573889,AX,156.926339939473,L1,1.96619926740851,L2,0.9019745127...
GetData ===>> H2,-0.255696209579213,H1,635.253372545865,AX,156.857568928705,L1,1.98414107755177,L2,0.9874468851...
GetData ===>> H2,-0.248172536071594,H1,634.920298552169,AX,156.589048459965,L1,1.93909658320026,L2,0.9254286020...
Get Checksum: 799532470
GetData ===>> H2,-0.316041181563146,H1,634.846694275108,AX,156.509707230935,L1,1.9270293404055,L2,0.86562511536...
GetData ===>> H2,-0.243569798688354,H1,634.821006056787,AX,156.553653364438,L1,2.01968344815319,L2,0.9223705422...
GetData ===>> H2,-0.13407129023288,H1,634.412680996553,AX,156.386756640194,L1,2.01122928607025,L2,0.97942453286...
Get Checksum: 799532470
GetData ===>> H2,-0.154442897896482,H1,634.376866691675,AX,156.334881501555,L1,1.98141622606955,L2,0.9344200903...
GetData ===>> H2,-0.20198622537922,H1,634.222055443769,AX,156.17095809087,L1,1.96731994398756,L2,1.011951369695...
GetData ===>> H2,-0.144182289319271,H1,633.857606573663,AX,156.442832497988,L1,1.96896099858404,L2,0.9205838557...
Get Checksum: 799532470
measurement finished
estimated time: 125.829 actual time: :126.202
flush and close file /Users/jan/PychronDev/data/isotopes/7e/cccb35-5f93-48c2-bd32-9f0a3c5ceff9.h5
baselines () {'settling_time': 15.0, 'detector': 'H1', 'mass': 34.2, 'ncounts': 60}
%%%%%%%%%%%%%%%%%%%%%%%%%%%%%%%% Baseline
build tables- baseline [Detector(H2), Detector(H1), Detector(AX), Detector(L1), Detector(L2), Detector(CDD)]
add group baseline table H2
add group baseline table H1
add group baseline table AX
add group baseline table L1
add group baseline table L2
add group baseline table CDD
flush and close file /Users/jan/PychronDev/data/isotopes/7e/cccb35-5f93-48c2-bd32-9f0a3c5ceff9.h5
detector Detector(H1)
POSITION 34.2 H1
Mapping mass to dac mass func: "parabolic"
H1 map mass coeffs = [-0.00063987  0.15840543  0.57089999]
H1 map mass to dac 34.2 >> 5.23994599104
GetDeflection H1 ===>> 0
GetHighVoltage ===>> 4500
positioning 34.2 (5.23994599104) on H1
setting magnet DAC
current  : 5.879290
requested: 5.239946
Delta Dac: 0.639344
Checking detector protection. dv=0.63934
Checking detector "CDD". Protection Threshold: 0.1 (V)
ProtectDetector CDD,On ===>> OK
GetDeflection CDD ===>> 2000
SetMagnetDAC 5.23994599104 ===>> OK
Magnet settling time: 0.500
GetMagnetMoving ===>> True
GetMagnetMoving ===>> True
GetMagnetMoving ===>> True
GetMagnetMoving ===>> True
GetMagnetMoving ===>> True
GetMagnetMoving ===>> True
GetMagnetMoving ===>> True
Get Checksum: 799532470
GetMagnetMoving ===>> True
GetMagnetMoving ===>> False
ProtectDetector CDD,Off ===>> OK
GetDeflection CDD ===>> 50
Delaying 15.0s for detectors to settle
Get Checksum: 799532470
Get Checksum: 799532470
Get Checksum: 799532470
Get Checksum: 799532470
Get Checksum: 799532470
Join finished
measuring baseline. ncounts=60
starting measurement
GetData ===>> H2,-0.267228471175174,H1,-0.0809768285994881,AX,-0.016250931800728,L1,-0.0380979785258079,L2,-0.0...
GetData ===>> H2,-0.311435500824116,H1,-0.0458694055059048,AX,-0.0343318495425409,L1,-0.0314073043354243,L2,-0....
Get Checksum: 799532470
GetData ===>> H2,-0.356861726216772,H1,-0.000181514502073221,AX,-0.146397400102019,L1,-0.0484622849959212,L2,0....
GetData ===>> H2,-0.363825790410182,H1,-0.0907498784455062,AX,-0.11664511503791,L1,-0.0311354468251897,L2,0.005...
GetData ===>> H2,-0.207729014550978,H1,-0.0477413175022033,AX,-0.0755725330052526,L1,-0.0165341705742211,L2,-0....
Get Checksum: 799532470
GetData ===>> H2,-0.177084484199399,H1,-0.0329319864472709,AX,-0.0274083798820687,L1,-0.0352823480606557,L2,-0....
GetData ===>> H2,-0.238879023357446,H1,-0.0216625490101706,AX,-0.0593079126832711,L1,-0.0616081290013706,L2,-0....
GetData ===>> H2,-0.22396926463602,H1,-0.0545132926386803,AX,-0.094117606419437,L1,-0.0551397873879119,L2,0.093...
Get Checksum: 799532470
GetData ===>> H2,-0.17691306056686,H1,-0.000217300180760227,AX,-0.1032845215209,L1,-0.0254319304850041,L2,-0.05...
GetData ===>> H2,-0.192150173091285,H1,0.012475489613384,AX,-0.0470873716258233,L1,-0.0122150140248037,L2,-0.06...
GetData ===>> H2,-0.167570274343984,H1,0.0172476313733629,AX,-0.0543224882843837,L1,-0.0360983629874658,L2,-0.0...
Get Checksum: 799532470
GetData ===>> H2,-0.109796326953108,H1,0.0224733875431539,AX,-0.0459046571740535,L1,-0.047970413695971,L2,-0.03...
GetData ===>> H2,-0.0773583071203879,H1,-0.00323517971947391,AX,-0.0564210352639997,L1,-0.0260993646790859,L2,-...
GetData ===>> H2,-0.172415767428972,H1,-0.00287733314554544,AX,-0.148832185407169,L1,-0.00200646459937015,L2,-0...
Get Checksum: 799532470
GetData ===>> H2,-0.195454151329493,H1,-0.0552763033650592,AX,-0.066391413652372,L1,-3.00008711962555E-05,L2,-0...
GetData ===>> H2,-0.208121105254629,H1,-0.0252760623916213,AX,-0.103157048219002,L1,0.0229404272478578,L2,-0.04...
GetData ===>> H2,-0.243495784366967,H1,-0.0687591737986491,AX,-0.0115068891229371,L1,0.0379760775378868,L2,-0.0...
Get Checksum: 799532470
GetData ===>> H2,-0.244165932713122,H1,0.00734569093314721,AX,-0.118638038502379,L1,-0.0357029455242509,L2,0.05...
GetData ===>> H2,-0.235745950284434,H1,0.0707350394929974,AX,-0.140565261749936,L1,-0.0564098497767642,L2,0.042...
GetData ===>> H2,-0.25549053505888,H1,0.0167465457993067,AX,0.00549933004037577,L1,0.0170525297813694,L2,-0.086...
Get Checksum: 799532470
GetData ===>> H2,-0.276046842671699,H1,-0.0195874031471142,AX,-0.0517253288095452,L1,0.0195245232895413,L2,-0.0...
GetData ===>> H2,-0.247283348961491,H1,-0.0559677768108056,AX,-0.0948825147908784,L1,-0.0749204739614645,L2,-0....
GetData ===>> H2,-0.16537016012126,H1,-0.0504239328855459,AX,-0.126759938039683,L1,-0.0527098062537796,L2,0.014...
Get Checksum: 799532470
GetData ===>> H2,-0.233737150075152,H1,-0.0194085092479533,AX,-0.12285548609486,L1,0.0260019415501359,L2,0.0151...
01:29:21 -- collecting point 25
GetData ===>> H2,-0.267918011831997,H1,0.00791830658901667,AX,-0.135927128746796,L1,0.028897742186636,L2,0.0693...
Get Checksum: 799532470
GetData ===>> H2,-0.416858817059486,H1,0.0332836941515203,AX,-0.000788445057882156,L1,-0.00568235124098911,L2,-...
GetData ===>> H2,-0.360082005061117,H1,0.0237023150269746,AX,-0.0124232381225637,L1,-0.071285503320535,L2,-0.10...
GetData ===>> H2,-0.218792470955197,H1,0.0241437780973409,AX,-0.000127203687854109,L1,-0.0735847943310153,L2,0....
Get Checksum: 799532470
GetData ===>> H2,-0.212926143668657,H1,-0.00646766913179313,AX,-0.0457423226961078,L1,-0.0673178681088597,L2,-0...
GetData ===>> H2,-0.224516036980023,H1,0.0174504524377951,AX,-0.139370963643555,L1,-0.0253348672453491,L2,0.019...
GetData ===>> H2,-0.224653399273068,H1,-0.0564684959785787,AX,0.00277303081554674,L1,-0.047236750683225,L2,-0.0...
Get Checksum: 799532470
GetData ===>> H2,-0.219348924987583,H1,0.0243704761061505,AX,-0.0127016209202949,L1,-0.0229427413070087,L2,0.03...
GetData ===>> H2,-0.246224573421505,H1,0.0265062351785474,AX,-0.150235057835929,L1,-0.0423462901520028,L2,-0.08...
GetData ===>> H2,-0.202038801094515,H1,0.035717963938864,AX,-0.0928427457698889,L1,0.00207889484438073,L2,-0.06...
Get Checksum: 799532470
GetData ===>> H2,-0.29739934913495,H1,0.010685995101656,AX,0.0239241535631249,L1,0.0164700539786876,L2,-0.01888...
GetData ===>> H2,-0.311207447866109,H1,-0.0190387941765955,AX,-0.00786460654197577,L1,0.0295272174202298,L2,-0....
GetData ===>> H2,-0.302003683316922,H1,0.0354077105769292,AX,-0.0403851330065167,L1,0.0447474459921704,L2,-0.10...
Get Checksum: 799532470
GetData ===>> H2,-0.228321162912005,H1,-0.0553716792967894,AX,-0.0920778213617432,L1,0.0212918056955706,L2,0.03...
GetData ===>> H2,-0.151195216079064,H1,-0.0532495433258838,AX,-0.0455915832955345,L1,0.0484104941100619,L2,0.02...
GetData ===>> H2,-0.190231824931738,H1,0.00101134877568145,AX,-0.0265965505083507,L1,0.0159764771223147,L2,-0.0...
Get Checksum: 799532470
GetData ===>> H2,-0.243221254283247,H1,0.0165795178319829,AX,-0.10402618105553,L1,-0.00585507530037171,L2,-0.04...
GetData ===>> H2,-0.126777044628905,H1,0.0259215815178184,AX,-0.00330576145305299,L1,-0.0160340224476771,L2,0.0...
GetData ===>> H2,-0.0348847584750405,H1,0.0196457184876266,AX,-0.047446821209111,L1,0.00531223666768297,L2,-0.0...
Get Checksum: 799532470
GetData ===>> H2,-0.118712645331319,H1,-0.067924742953873,AX,-0.123840303292999,L1,0.0393396150040242,L2,-0.027...
GetData ===>> H2,-0.182301540055771,H1,-0.0110001353063048,AX,-0.0642583023170355,L1,0.0244066291615308,L2,0.01...
GetData ===>> H2,-0.217023223234008,H1,-0.0372009234176794,AX,-0.0123536422987058,L1,-0.0249118523134512,L2,-0....
Get Checksum: 799532470
GetData ===>> H2,-0.267751343099758,H1,-0.0721683475319644,AX,-0.0319892901480558,L1,-0.0400397049100214,L2,-0....
GetData ===>> H2,-0.21169241218149,H1,-0.105514907723969,AX,-0.0972583282033323,L1,0.0137406725905413,L2,0.0516...
GetData ===>> H2,-0.231123695139198,H1,-0.0758992332268836,AX,-0.0981275137370661,L1,0.0451549199235316,L2,-0.0...
Get Checksum: 799532470
01:29:47 -- collecting point 50
GetData ===>> H2,-0.229311954992296,H1,0.000820489695940907,AX,-0.111361352896643,L1,0.0195233219792824,L2,0.01...
GetData ===>> H2,-0.161676247029279,H1,-0.00938994056480775,AX,-0.0116692807138231,L1,0.00244622633556666,L2,-0...
Get Checksum: 799532470
GetData ===>> H2,-0.150995369893404,H1,-0.0952546946299869,AX,-0.115834029845795,L1,-0.00720198140651489,L2,-0....
GetData ===>> H2,-0.303966377279704,H1,-0.0707856197390775,AX,-0.106042539334094,L1,-0.0292537997504339,L2,-0.0...
GetData ===>> H2,-0.256227182023692,H1,0.0278664630301463,AX,0.00962952878954427,L1,-0.0202035618834087,L2,-0.0...
Get Checksum: 799532470
GetData ===>> H2,-0.228684642923139,H1,0.0317682717746017,AX,-0.10559060059503,L1,-0.016185148963059,L2,-0.0932...
GetData ===>> H2,-0.299558200546134,H1,-0.0661128120175157,AX,-0.0529195669978399,L1,-0.010218972755226,L2,-0.0...
GetData ===>> H2,-0.171317583339823,H1,0.0271624831505559,AX,0.0161848388261333,L1,0.00233218407909699,L2,-0.09...
Get Checksum: 799532470
GetData ===>> H2,-0.207793690242443,H1,0.0387012184108084,AX,-0.0782733792203623,L1,0.0111836740507151,L2,0.035...
GetData ===>> H2,-0.273184281596143,H1,0.0539410690795219,AX,-0.185624805501006,L1,0.0110936507159366,L2,-0.006...
GetData ===>> H2,-0.359279029401205,H1,-0.0691287052354326,AX,-0.101650532909029,L1,-0.0355651448747732,L2,-0.0...
measurement finished
estimated time: 62.915 actual time: :63.114
flush and close file /Users/jan/PychronDev/data/isotopes/7e/cccb35-5f93-48c2-bd32-9f0a3c5ceff9.h5
activate_detectors ('H1', 'AX', 'CDD') {'peak_center': True}
peak_center () {'detector': 'H1', 'integration_time': 0.262144, 'isotope': 'Ar40'}
peak center: mean=634.82818308 threshold=3
peak center started
setup peak center. detector=['H1', 'AX', 'CDD'], isotope=Ar40
VersionedUnpickler [<apptools.sweet_pickle.versioned_unpickler.VersionedUnpickler object at 0x13401abf0>] using Updater [<apptools.sweet_pickle.updater.Updater object at 0x133e38fb0>]
VersionedUnpickler [<apptools.sweet_pickle.versioned_unpickler.VersionedUnpickler object at 0x13401abf0>] using Updater [<apptools.sweet_pickle.updater.Updater object at 0x133e38fb0>]
VersionedUnpickler [<apptools.sweet_pickle.versioned_unpickler.VersionedUnpickler object at 0x15dc1dbf0>] using Updater [<apptools.sweet_pickle.updater.Updater object at 0x133e38fb0>]
setting integration time = 0.524288
SetIntegrationTime 0.524288 ===>> OK
Mapping mass to dac mass func: "parabolic"
H1 map mass coeffs = [-0.00063987  0.15840543  0.57089999]
H1 map mass to dac 39.9624 >> 5.87929
GetDeflection H1 ===>> 0
GetHighVoltage ===>> 4500
do peak center. <pychron.spectrometer.jobs.peak_center.PeakCenter object at 0x12d6e98f0>
doing pc
starting peak center. center dac= 5.87929 step_width=0.001
width = 0.001
get scan parameters. half-width=0.015,window=0.015, i=0, scalar=1
Scan parameters center=5.87929 width=0.03000 (5.86429 - 5.89429)
GetData ===>> H2,-0.235132449733587,H1,-0.0321568805938586,AX,-0.0553311877849488,L1,-0.0276832951068836,L2,-0....
Moving to starting dac 5.86429
setting magnet DAC
current  : 5.239946
requested: 5.864290
Delta Dac: 0.624344
Checking detector protection. dv=0.62434
Checking detector "CDD". Protection Threshold: 0.1 (V)
ProtectDetector CDD,On ===>> OK
GetDeflection CDD ===>> 2000
SetMagnetDAC 5.86429 ===>> OK
Magnet settling time: 0.500
GetMagnetMoving ===>> True
GetMagnetMoving ===>> True
GetMagnetMoving ===>> True
GetMagnetMoving ===>> True
Get Checksum: 799532470
GetMagnetMoving ===>> True
GetMagnetMoving ===>> True
GetMagnetMoving ===>> True
GetMagnetMoving ===>> True
GetMagnetMoving ===>> False
ProtectDetector CDD,Off ===>> OK
GetDeflection CDD ===>> 50
Wait until signal near baseline. tol= -0.0241176604454. timeout= 10
GetData ===>> H2,4.57205797946089,H1,2.20363850081224,AX,0.123685602549224,L1,0.0486062852462774,L2,-0.00532886...
GetData ===>> H2,50.3043462921311,H1,27.3422612941252,AX,2.51767753636689,L1,0.0745649775801942,L2,-0.127758452...
GetData ===>> H2,50.5094329102364,H1,23.3276433675574,AX,3.58499925635626,L1,0.0451929125037155,L2,-0.224415742...
GetData ===>> H2,26.444254953998,H1,11.2974087994831,AX,1.55892160320723,L1,0.0222077918948666,L2,0.11024203273...
Get Checksum: 799532470
GetData ===>> H2,10.7710010845696,H1,5.78198873464479,AX,0.683430756998681,L1,0.0273926868459743,L2,-0.04724349...
GetData ===>> H2,3.4820208065912,H1,3.09205354056667,AX,0.306895684267042,L1,0.0282526909639216,L2,-0.080584482...
GetData ===>> H2,0.982578669354333,H1,1.80193926625896,AX,0.119674339420448,L1,0.00425066672328815,L2,-0.092120...
GetData ===>> H2,0.301141082692438,H1,1.02293908158926,AX,-0.00272574040586137,L1,0.00869733380246094,L2,-0.108...
GetData ===>> H2,0.0984187688530647,H1,0.77271078031973,AX,0.111188627727919,L1,-0.000411643396662229,L2,-0.033...
GetData ===>> H2,0.139777401660168,H1,0.743184220240578,AX,-0.00358417032808278,L1,0.0106420499019483,L2,0.1194...
Get Checksum: 799532470
GetData ===>> H2,0.19083531864759,H1,0.637744919867367,AX,0.163714535526713,L1,-0.0310852966830367,L2,-0.065292...
GetData ===>> H2,0.134959311693508,H1,0.578182135956484,AX,0.0868484751378364,L1,-0.0568909625816309,L2,0.01769...
GetData ===>> H2,0.239072108101344,H1,0.517603519413679,AX,0.00179854238300603,L1,-0.0478160257674844,L2,-0.019...
GetData ===>> H2,0.192182507414371,H1,0.451712757631895,AX,0.0556556129219091,L1,-0.029012817526193,L2,0.017468...
GetData ===>> H2,0.0833734324855892,H1,0.381247083397063,AX,0.255616000242974,L1,-0.00756896109079345,L2,-0.107...
GetData ===>> H2,0.0309741593399036,H1,0.508143651997961,AX,-0.0561891538438566,L1,0.0178678832252778,L2,0.0052...
Get Checksum: 799532470
GetData ===>> H2,0.0649806148386004,H1,0.57034189651064,AX,0.00882899904878872,L1,0.0272485592535755,L2,0.00512...
GetData ===>> H2,0.0394910660537925,H1,0.468259574103525,AX,0.0558641501428883,L1,0.028031677316803,L2,-0.11331...
GetData ===>> H2,0.0230101042315013,H1,0.554782746993055,AX,0.00820250210465297,L1,0.0191350970352255,L2,-0.127...
GetData ===>> H2,0.0372993092056599,H1,0.578588506521149,AX,0.0744489269907467,L1,-0.00540526687245682,L2,-0.10...
GetData ===>> H2,0.0330259113152274,H1,0.577584535173226,AX,0.119280177969232,L1,-0.0245840346387321,L2,0.00236...
Peak center failed to move to a baseline position
_do_sweep sm= 5.86429, em= 5.89429, stm= 0.001
calculated step values: start=5.86429, end=5.89429, width=0.001, nsteps=31.0
setting magnet DAC
current  : 5.864290
requested: 5.864290
Delta Dac: 0.000000
Checking detector protection. dv=0.00000
Checking detector "CDD". Protection Threshold: 0.1 (V)
SetMagnetDAC 5.86429 ===>> OK
GetData ===>> H2,0.0330259113152274,H1,0.577584535173226,AX,0.119280177969232,L1,-0.0245840346387321,L2,0.00236...
setting magnet DAC
current  : 5.864290
requested: 5.865324
Delta Dac: 0.001034
Checking detector protection. dv=0.00103
Checking detector "CDD". Protection Threshold: 0.1 (V)
SetMagnetDAC 5.86532448276 ===>> OK
Magnet settling time: 1.049
Get Checksum: 799532470
GetData ===>> H2,-0.0391038376075814,H1,1.18137420142024,AX,0.133865214084349,L1,-0.0436334842373659,L2,-0.0226...
setting magnet DAC
current  : 5.865324
requested: 5.866359
Delta Dac: 0.001034
Checking detector protection. dv=0.00103
Checking detector "CDD". Protection Threshold: 0.1 (V)
SetMagnetDAC 5.86635896552 ===>> OK
Magnet settling time: 1.049
GetData ===>> H2,-0.284062728960324,H1,4.60700539120118,AX,0.75796643799897,L1,-0.0315997605436092,L2,-0.055596...
setting magnet DAC
current  : 5.866359
requested: 5.867393
Delta Dac: 0.001034
Checking detector protection. dv=0.00103
Checking detector "CDD". Protection Threshold: 0.1 (V)
SetMagnetDAC 5.86739344828 ===>> OK
Magnet settling time: 1.049
GetData ===>> H2,-0.334230867032323,H1,18.0227933802896,AX,2.84485048367859,L1,0.0141919447196037,L2,0.05453547...
setting magnet DAC
current  : 5.867393
requested: 5.868428
Delta Dac: 0.001034
Checking detector protection. dv=0.00103
Checking detector "CDD". Protection Threshold: 0.1 (V)
SetMagnetDAC 5.86842793103 ===>> OK
Magnet settling time: 1.049
Get Checksum: 799532470
GetData ===>> H2,-0.171055838250297,H1,58.7548155548799,AX,9.33742057596556,L1,0.0244096656451169,L2,0.01776503...
setting magnet DAC
current  : 5.868428
requested: 5.869462
Delta Dac: 0.001034
Checking detector protection. dv=0.00103
Checking detector "CDD". Protection Threshold: 0.1 (V)
SetMagnetDAC 5.86946241379 ===>> OK
Magnet settling time: 1.049
GetData ===>> H2,-0.0342683272014862,H1,147.776303880884,AX,25.8806212667999,L1,0.133887524119986,L2,0.14444788...
setting magnet DAC
current  : 5.869462
requested: 5.870497
Delta Dac: 0.001034
Checking detector protection. dv=0.00103
Checking detector "CDD". Protection Threshold: 0.1 (V)
SetMagnetDAC 5.87049689655 ===>> OK
Magnet settling time: 1.049
GetData ===>> H2,-0.0636406951854582,H1,281.777556966725,AX,54.5072961497969,L1,0.338661211580151,L2,0.01375622...
setting magnet DAC
current  : 5.870497
requested: 5.871531
Delta Dac: 0.001034
Checking detector protection. dv=0.00103
Checking detector "CDD". Protection Threshold: 0.1 (V)
SetMagnetDAC 5.87153137931 ===>> OK
Magnet settling time: 1.049
Get Checksum: 799532470
GetData ===>> H2,-0.240684226655592,H1,490.601899752905,AX,107.354570100946,L1,0.867358925591946,L2,0.205478673...
setting magnet DAC
current  : 5.871531
requested: 5.872566
Delta Dac: 0.001034
Checking detector protection. dv=0.00103
Checking detector "CDD". Protection Threshold: 0.1 (V)
SetMagnetDAC 5.87256586207 ===>> OK
Magnet settling time: 1.049
GetData ===>> H2,-0.210066536400285,H1,564.558370444854,AX,131.70111995712,L1,1.2285837021104,L2,0.500599815059...
setting magnet DAC
current  : 5.872566
requested: 5.873600
Delta Dac: 0.001034
Checking detector protection. dv=0.00103
Checking detector "CDD". Protection Threshold: 0.1 (V)
SetMagnetDAC 5.87360034483 ===>> OK
Magnet settling time: 1.049
Get Checksum: 799532470
GetData ===>> H2,-0.229833278283146,H1,593.52789050293,AX,143.520417957815,L1,1.45989614891588,L2,0.67004405890...
setting magnet DAC
current  : 5.873600
requested: 5.874635
Delta Dac: 0.001034
Checking detector protection. dv=0.00103
Checking detector "CDD". Protection Threshold: 0.1 (V)
SetMagnetDAC 5.87463482759 ===>> OK
Magnet settling time: 1.049
GetData ===>> H2,-0.137473848388512,H1,602.740555220997,AX,147.799955503028,L1,1.66451605391498,L2,0.7672587971...
setting magnet DAC
current  : 5.874635
requested: 5.875669
Delta Dac: 0.001034
Checking detector protection. dv=0.00103
Checking detector "CDD". Protection Threshold: 0.1 (V)
SetMagnetDAC 5.87566931034 ===>> OK
Magnet settling time: 1.049
GetData ===>> H2,-0.144011821907008,H1,604.831446540881,AX,148.68698891988,L1,1.75841525893958,L2,0.81014867870...
setting magnet DAC
current  : 5.875669
requested: 5.876704
Delta Dac: 0.001034
Checking detector protection. dv=0.00103
Checking detector "CDD". Protection Threshold: 0.1 (V)
SetMagnetDAC 5.8767037931 ===>> OK
Magnet settling time: 1.049
Get Checksum: 799532470
GetData ===>> H2,-0.136506740176089,H1,605.802583127659,AX,148.954928711703,L1,1.81167988649973,L2,0.9664755765...
setting magnet DAC
current  : 5.876704
requested: 5.877738
Delta Dac: 0.001034
Checking detector protection. dv=0.00103
Checking detector "CDD". Protection Threshold: 0.1 (V)
SetMagnetDAC 5.87773827586 ===>> OK
Magnet settling time: 1.049
GetData ===>> H2,-0.153091620785805,H1,606.005474898858,AX,149.017030291403,L1,1.84832732269302,L2,0.8658082589...
setting magnet DAC
current  : 5.877738
requested: 5.878773
Delta Dac: 0.001034
Checking detector protection. dv=0.00103
Checking detector "CDD". Protection Threshold: 0.1 (V)
SetMagnetDAC 5.87877275862 ===>> OK
Magnet settling time: 1.049
GetData ===>> H2,-0.167703887151673,H1,605.837556991907,AX,149.130647874057,L1,1.85811355292825,L2,0.8871926737...
setting magnet DAC
current  : 5.878773
requested: 5.879807
Delta Dac: 0.001034
Checking detector protection. dv=0.00103
Checking detector "CDD". Protection Threshold: 0.1 (V)
SetMagnetDAC 5.87980724138 ===>> OK
Magnet settling time: 1.049
Get Checksum: 799532470
GetData ===>> H2,-0.117810233933559,H1,605.609320793172,AX,148.952432017988,L1,1.91821511587853,L2,0.7595978213...
setting magnet DAC
current  : 5.879807
requested: 5.880842
Delta Dac: 0.001034
Checking detector protection. dv=0.00103
Checking detector "CDD". Protection Threshold: 0.1 (V)
SetMagnetDAC 5.88084172414 ===>> OK
Magnet settling time: 1.049
GetData ===>> H2,-0.0851645633034428,H1,605.134482994066,AX,148.978383031993,L1,1.91744282718776,L2,0.957790439...
setting magnet DAC
current  : 5.880842
requested: 5.881876
Delta Dac: 0.001034
Checking detector protection. dv=0.00103
Checking detector "CDD". Protection Threshold: 0.1 (V)
SetMagnetDAC 5.8818762069 ===>> OK
Magnet settling time: 1.049
Get Checksum: 799532470
GetData ===>> H2,-0.141039009954264,H1,604.706843280996,AX,148.62665736612,L1,1.90449797194366,L2,0.89706224736...
setting magnet DAC
current  : 5.881876
requested: 5.882911
Delta Dac: 0.001034
Checking detector protection. dv=0.00103
Checking detector "CDD". Protection Threshold: 0.1 (V)
SetMagnetDAC 5.88291068966 ===>> OK
Magnet settling time: 1.049
GetData ===>> H2,-0.125589991450562,H1,603.43724998823,AX,148.151717498941,L1,1.92200904691395,L2,0.89500123177...
setting magnet DAC
current  : 5.882911
requested: 5.883945
Delta Dac: 0.001034
Checking detector protection. dv=0.00103
Checking detector "CDD". Protection Threshold: 0.1 (V)
SetMagnetDAC 5.88394517241 ===>> OK
Magnet settling time: 1.049
GetData ===>> H2,-0.287847942840408,H1,598.206715123082,AX,145.64672276798,L1,1.89769238119312,L2,0.84836539817...
setting magnet DAC
current  : 5.883945
requested: 5.884980
Delta Dac: 0.001034
Checking detector protection. dv=0.00103
Checking detector "CDD". Protection Threshold: 0.1 (V)
SetMagnetDAC 5.88497965517 ===>> OK
Magnet settling time: 1.049
Get Checksum: 799532470
GetData ===>> H2,-0.211621024034444,H1,579.173762791218,AX,137.162263864691,L1,1.78021090050366,L2,0.7568537399...
setting magnet DAC
current  : 5.884980
requested: 5.886014
Delta Dac: 0.001034
Checking detector protection. dv=0.00103
Checking detector "CDD". Protection Threshold: 0.1 (V)
SetMagnetDAC 5.88601413793 ===>> OK
Magnet settling time: 1.049
GetData ===>> H2,-0.18573659429739,H1,523.842887340247,AX,115.69357408371,L1,1.53052686039076,L2,0.511248224354...
setting magnet DAC
current  : 5.886014
requested: 5.887049
Delta Dac: 0.001034
Checking detector protection. dv=0.00103
Checking detector "CDD". Protection Threshold: 0.1 (V)
SetMagnetDAC 5.88704862069 ===>> OK
Magnet settling time: 1.049
GetData ===>> H2,-0.193382245634181,H1,406.361496140545,AX,79.3655060976751,L1,1.1797193255815,L2,0.34195070576...
setting magnet DAC
current  : 5.887049
requested: 5.888083
Delta Dac: 0.001034
Checking detector protection. dv=0.00103
Checking detector "CDD". Protection Threshold: 0.1 (V)
SetMagnetDAC 5.88808310345 ===>> OK
Magnet settling time: 1.049
Get Checksum: 799532470
GetData ===>> H2,-0.262888426805079,H1,252.182379925627,AX,42.1212866759882,L1,0.815343958715221,L2,0.197810612...
setting magnet DAC
current  : 5.888083
requested: 5.889118
Delta Dac: 0.001034
Checking detector protection. dv=0.00103
Checking detector "CDD". Protection Threshold: 0.1 (V)
SetMagnetDAC 5.88911758621 ===>> OK
Magnet settling time: 1.049
GetData ===>> H2,-0.252176373246578,H1,120.194772129946,AX,16.8037158680678,L1,0.531270928187523,L2,-0.00605757...
setting magnet DAC
current  : 5.889118
requested: 5.890152
Delta Dac: 0.001034
Checking detector protection. dv=0.00103
Checking detector "CDD". Protection Threshold: 0.1 (V)
SetMagnetDAC 5.89015206897 ===>> OK
Magnet settling time: 1.049
GetData ===>> H2,-0.231086545397932,H1,43.933192080763,AX,4.94789195844534,L1,0.305729977741927,L2,-0.010816834...
setting magnet DAC
current  : 5.890152
requested: 5.891187
Delta Dac: 0.001034
Checking detector protection. dv=0.00103
Checking detector "CDD". Protection Threshold: 0.1 (V)
SetMagnetDAC 5.89118655172 ===>> OK
Magnet settling time: 1.049
Get Checksum: 799532470
GetData ===>> H2,-0.22009286117027,H1,13.0174559395687,AX,1.11572289844003,L1,0.148883474077257,L2,-0.012319708...
setting magnet DAC
current  : 5.891187
requested: 5.892221
Delta Dac: 0.001034
Checking detector protection. dv=0.00103
Checking detector "CDD". Protection Threshold: 0.1 (V)
SetMagnetDAC 5.89222103448 ===>> OK
Magnet settling time: 1.049
GetData ===>> H2,-0.20167346222748,H1,3.24155293718744,AX,0.0110333722008267,L1,0.130697497319696,L2,-0.0205850...
setting magnet DAC
current  : 5.892221
requested: 5.893256
Delta Dac: 0.001034
Checking detector protection. dv=0.00103
Checking detector "CDD". Protection Threshold: 0.1 (V)
SetMagnetDAC 5.89325551724 ===>> OK
Magnet settling time: 1.049
GetData ===>> H2,-0.184674738909744,H1,0.681692428258729,AX,-0.0219805919307628,L1,0.0705288353612109,L2,0.0207...
setting magnet DAC
current  : 5.893256
requested: 5.894290
Delta Dac: 0.001034
Checking detector protection. dv=0.00103
Checking detector "CDD". Protection Threshold: 0.1 (V)
SetMagnetDAC 5.89429 ===>> OK
Magnet settling time: 1.049
Get Checksum: 799532470
GetData ===>> H2,-0.292875018989411,H1,0.100569854645216,AX,-0.120746785153924,L1,-0.0108687785964379,L2,-0.021...
result of _do_sweep=True
result of _calculate_peak_center=([5.8712846790131987, 5.8789759235712804, 5.8866671681293621], [440.80210658348528, 606.00244631937392, 449.68128768510985], 5.8777569338677358, 606.00244631937392)
Failed to find a valid peak. No peak greater than 1.0. max = 0.0252570415196
new center pos Detector(H1) (Ar40) @ 5.87897592357
GetHighVoltage ===>> 4500
GetDeflection H1 ===>> 0
dac uncorrected for HV and deflection 5.87897592357
update mftable H1 Ar40 5.87897592357 message=automated run peakcenter
get initial guess parabolic
get initial guess parabolic
get initial guess parabolic
get initial guess parabolic
get initial guess parabolic
get initial guess parabolic
dump mftable to /Users/jan/PychronDev/setupfiles/spectrometer/mftables/mftable.csv
add to repo msg=modified - automated run peakcenter
locally archiving mftable
setting magnet DAC
current  : 5.894290
requested: 5.878976
Delta Dac: 0.015314
Checking detector protection. dv=0.01531
Checking detector "CDD". Protection Threshold: 0.1 (V)
SetMagnetDAC 5.87897592357 ===>> OK
Magnet settling time: 0.500
sweep finished
setting integration time = 1.048576
SetIntegrationTime 1.048576 ===>> OK
Failed to find a valid peak. No peak greater than 1.0. max = 0.02528031114
flush and close file /Users/jan/PychronDev/data/isotopes/7e/cccb35-5f93-48c2-bd32-9f0a3c5ceff9.h5
finished measure script
executed 226.132928
jan_unknown120_60.py completed successfully
Measurement Finished
01:30:45 -- ******* Measurement Finished *******
Post Measurement Started jan_pump_ms.py
01:30:45 -- ******* Post Measurement Started jan_pump_ms.py *******
testing...
no interpolation path defined
executed 0
Pumping spectrometer
open () {'name': 'O'}
opening name=O desc=---
checking ownership. requestor=129.138.12.150
check software interlocks O
interlocks []
actuate state mode=None-script, software_lock=False
doing actuation None-script open_channel True
Open O ===>> OK
GetIndicatorState O ===>> OK
change switch state (True, True)
update switch state O True args=() kw={} ncanvase=2
01:30:45 -- OPEN   VALVE-O (Jan Ion Pump)
---------------------------------------- open O () result=[(True, True)], time=0.09 sec
action=open, ok=True, locked=[False]
executed 0
jan_pump_ms.py completed successfully
setting _ms_pumptime
Post Measurement Finished
01:30:46 -- ******* Post Measurement Finished *******
$$$$$$$$$$$$$$$$$$$$ state at run end measurement
state changed from measurement to success
post measurement save measured=True aborted=False
Set filtering
setting fod for Ar40= {'filter_outliers': True, 'std_devs': 2, 'iterations': 1}
setting fod for H1= {'filter_outliers': True, 'std_devs': 2, 'iterations': 1}
setting fod for PM41= {'filter_outliers': False, 'std_devs': 2, 'iterations': 1}
setting fod for H2= {'filter_outliers': True, 'std_devs': 2, 'iterations': 1}
setting fod for Ar36= {'filter_outliers': True, 'std_devs': 2, 'iterations': 1}
setting fod for CDD= {'filter_outliers': True, 'std_devs': 10, 'iterations': 1}
setting fod for Ar37= {'filter_outliers': True, 'std_devs': 2, 'iterations': 1}
setting fod for L2= {'filter_outliers': True, 'std_devs': 2, 'iterations': 1}
setting fod for Ar38= {'filter_outliers': True, 'std_devs': 2, 'iterations': 1}
setting fod for L1= {'filter_outliers': True, 'std_devs': 2, 'iterations': 1}
setting fod for Ar39= {'filter_outliers': True, 'std_devs': 2, 'iterations': 1}
setting fod for AX= {'filter_outliers': True, 'std_devs': 2, 'iterations': 1}
persistence save...
persistence save - db
post measurement save
6065619120 connecting to database sqlite:////Users/jan/PychronDev/.appdata/local_lab.db
connected to db sqlite:////Users/jan/PychronDev/.appdata/local_lab.db
create new session 6065619120
close session 6065619120
No database instance. Not saving post measurement to isotopedb database
$$$$$$$$$$$$$$$ auto_save_detector_ic=False
massspec enabled True
create new session 5019860144
MassSpec Database Version: 16.0
close session 5019860144
saving post measurement to secondary database
saving to massspec database 129.138.12.160/massspecdata
setting labnumber to 65575
setting aliquot to 10
setting step to C
setting uuid to 7ecccb35-5f93-48c2-bd32-9f0a3c5ceff9
setting irradpos to 65575
setting extract_device to Fusions CO2
setting tray to 
setting position to 91
setting power_requested to 5.0
setting extract_value to 5.0
setting duration to 30.0
setting duration_at_request to 30.0
setting first_stage_delay to 30.0
setting cleanup to 30.0
setting comment to M:20 w/ inclusions
setting irradiation to NM-289
setting level to M
setting irradiation_level to M
setting sample to NM-2607 W
setting material to Sanidine
setting project to JoyitaHills
setting mass_spectrometer to Jan
no attribute chron_dosages
no attribute production_ratios
no attribute interference_corrections
no attribute production_name
no attribute j
Reference Isotope=Ar40
Reference Detector=H1
Get Checksum: 2035211824
%%%%%%%%%%%%%%%%%%%% Comment: M:20 w/ inclusions %%%%%%%%%%%%%%%%%%%
adding isotope PM41 H2
add baseline dbdet= PM41. original det= H2
get baseline data PM41 H2
Get data baseline <pychron.processing.isotope.Baseline object at 0x1663685d0> len t=60
baseline PM41. v=-0.231021519427, e=0.0078477673904
get signal data PM41 H2
Get data signal PM41 0.11+/-0.07 len t=120
adding isotope Ar40 H1
add baseline dbdet= Ar40. original det= H1
get baseline data Ar40 H1
Get data baseline <pychron.processing.isotope.Baseline object at 0x1663687d0> len t=60
baseline Ar40. v=-0.0152107456837, e=0.00525169814121
get signal data Ar40 H1
Get data signal Ar40 667.02+/-0.05 len t=120
adding isotope Ar39 AX
add baseline dbdet= Ar39. original det= AX
get baseline data Ar39 AX
Get data baseline <pychron.processing.isotope.Baseline object at 0x166368990> len t=60
baseline Ar39. v=-0.0656436757986, e=0.00644309769196
get signal data Ar39 AX
Get data signal Ar39 164.060+/-0.021 len t=120
adding isotope Ar38 L1
add baseline dbdet= Ar38. original det= L1
get baseline data Ar38 L1
Get data baseline <pychron.processing.isotope.Baseline object at 0x166368b50> len t=60
baseline Ar38. v=-0.0123838957716, e=0.00425032158619
get signal data Ar38 L1
Get data signal Ar38 2.105+/-0.005 len t=120
adding isotope Ar37 L2
add baseline dbdet= Ar37. original det= L2
get baseline data Ar37 L2
Get data baseline <pychron.processing.isotope.Baseline object at 0x166368d10> len t=60
baseline Ar37. v=-0.0313783370756, e=0.00619114494671
get signal data Ar37 L2
Get data signal Ar37 1.013+/-0.010 len t=120
adding isotope Ar36 CDD
add baseline dbdet= Ar36. original det= CDD
get baseline data Ar36 CDD
Get data baseline <pychron.processing.isotope.Baseline object at 0x166368ed0> len t=60
baseline Ar36. v=0.000143903232437, e=2.09234980918e-05
get signal data Ar36 CDD
Get data signal Ar36 0.01759+/-0.00035 len t=120
65575-10C added analysis time 0.538451910019s
analysis added to mass spec database
mass spec save time= 0.564
persistence save - dvc
================= post measurement started
create new session 4983587952
close session 4983587952
---------------- Experiment Queue saving disabled
DVC saving peakcenter
Failed to find a valid peak. No peak greater than 1.0. max = 0.02528031114
Smart pull ahead: 0 behind: 0
Up-to-date with origin
add to repo msg=modified - ad8224ebc6dbfeb9f5997218dfa5fe690569839d.json
add to repo msg=modified - 75-10C.json
add to repo msg=modified - 75-10C.dat.json
add to repo msg=modified - 75-10C.blan.json
Get Checksum: 2035211824
add to repo msg=modified - 75-10C.inte.json
add to repo msg=modified - 75-10C.icfa.json
add to repo msg=modified - 75-10C.base.json
not at valid file /Users/jan/PychronDev/data/.dvc/repositories/Load1785/655/tags/75-10C.tags.json
add to repo msg=modified - 75-10C.peak.json
add to repo msg=modified - 75-10C.extr.json
not at valid file /Users/jan/PychronDev/data/.dvc/repositories/Load1785/655/monitor/75-10C.moni.json
commit message=<COLLECTION>
add to repo msg=modified - 75-10C.inte.json
add to repo msg=modified - 75-10C.base.json
commit message=<ISOEVO> default collection fits
add to repo msg=modified - 75-10C.blan.json
Get Checksum: 2035211824
commit message=<BLANKS> preceding bu-FC-J-7506
add to repo msg=modified - 75-10C.icfa.json
commit message=<ICFactor> default
push repository <pychron.git_archive.repo_manager.GitRepoManager object at 0x15bf12d10>
pushing to remote=origin, url=https://github.com
Get Checksum: 2035211824
no changes to meta repo
Get Checksum: 2035211824
create new session 4983587952
add association Load1785
get identifier "65575"
setting analysis irradiation position=<pychron.dvc.dvc_orm.IrradiationPositionTbl object at 0x169c3f890>
close session 4983587952
================= post measurement finished
01:30:58 -- ******* Post Run Check *******
loading queue conditionals post_run_actions
loading system conditionals post_run_actions
loading conditionals from /Users/jan/PychronDev/setupfiles/spectrometer/default_conditionals.yaml
loading queue conditionals post_run_terminations
loading system conditionals post_run_terminations
loading conditionals from /Users/jan/PychronDev/setupfiles/spectrometer/default_conditionals.yaml
Checking default post run terminations n=1
GetDeflection CDD ===>> 50
testing CDD==2000
evaluate ot="CDD.deflection==2000" t="CDD==2000", ctx="{'CDD': 50.0}"
01:30:58 -- ******* Post Run Check Passed *******
01:30:58 -- Automated run 65575-10C success duration: 361.285 s
----------------- finish -----------------
----------------- stop -----------------
retroactive repository identifiers disabled
finish run. runs completed=78
update duration runid=65575-10C, duration=361.285483122, md5=301e91d8
loading script "jan_unknown120_60.py"
loading script "jan_pump_ms.py"
loading script "jan_co2.py"
loading script "jan_pump_extraction_line.py"
testing...
no interpolation path defined
executed 213.652928
script duration name:unknown120_60 seconds:214.0
loading script "jan_unknown120_60.py"
loading script "jan_pump_ms.py"
loading script "jan_co2.py"
loading script "jan_pump_extraction_line.py"
testing...
no interpolation path defined
executed 0
loading script "jan_unknown120_60.py"
loading script "jan_pump_ms.py"
loading script "jan_co2.py"
loading script "jan_pump_extraction_line.py"
testing...
no interpolation path defined
calculate duration
testing...
no interpolation path defined
executed 0
calculate duration
testing...
no interpolation path defined
executed 0
executed 0.0
script duration name:co2 seconds:0.0
loading script "jan_unknown120_60.py"
loading script "jan_pump_ms.py"
loading script "jan_co2.py"
loading script "jan_pump_extraction_line.py"
testing...
no interpolation path defined
calculate duration
testing...
no interpolation path defined
executed 4.0
executed 4.0
Script duration 214.0
Run total estimated duration= 215.000
unknown120_60 in script context. using previous estimated duration
script duration name:unknown120_60 seconds:214.0
pump_ms in script context. using previous estimated duration
co2 in script context. using previous estimated duration
script duration name:co2 seconds:0.0
pump_extraction_line in script context. using previous estimated duration
Script duration 214.0
Run total estimated duration= 215.000
script duration name:unknown120_60 seconds:214.0
script duration name:co2 seconds:0.0
Script duration 214.0
Run total estimated duration= 215.000
script duration name:unknown120_60 seconds:214.0
script duration name:co2 seconds:0.0
Script duration 214.0
Run total estimated duration= 215.000
script duration name:unknown120_60 seconds:214.0
script duration name:co2 seconds:0.0
Script duration 214.0
Run total estimated duration= 215.000
script duration name:unknown120_60 seconds:214.0
script duration name:co2 seconds:0.0
Script duration 214.0
Run total estimated duration= 215.000
script duration name:unknown120_60 seconds:214.0
script duration name:co2 seconds:0.0
Script duration 214.0
Run total estimated duration= 215.000
script duration name:unknown120_60 seconds:214.0
script duration name:co2 seconds:0.0
Script duration 214.0
Run total estimated duration= 215.000
loading script "jan_unknown400_120.py"
loading script "jan_pump_ms.py"
loading script "jan_co2.py"
loading script "jan_pump_extraction_line.py"
testing...
no interpolation path defined
executed 556.052928
script duration name:unknown400_120 seconds:556.0
script duration name:co2 seconds:0.0
Script duration 556.0
Run total estimated duration= 557.000
unknown400_120 in script context. using previous estimated duration
script duration name:unknown400_120 seconds:556.0
loading script "jan_unknown400_120.py"
loading script "jan_pump_ms.py"
loading script "jan_cocktail_x1.py"
loading script "jan_pump_extraction_line.py"
testing...
no interpolation path defined
calculate duration
testing...
no interpolation path defined
executed 0
calculate duration
testing...
no interpolation path defined
executed 0
calculate duration
testing...
no interpolation path defined
executed 32.0
calculate duration
testing...
no interpolation path defined
executed 34.0
calculate duration
testing...
no interpolation path defined
executed 4.0
calculate duration
testing...
no interpolation path defined
executed 38.0
executed 108.0
script duration name:cocktail_x1 seconds:108.0
Script duration 664.0
Run total estimated duration= 665.000
script duration name:unknown400_120 seconds:556.0
cocktail_x1 in script context. using previous estimated duration
script duration name:cocktail_x1 seconds:108.0
Script duration 664.0
Run total estimated duration= 665.000
script duration name:unknown400_120 seconds:556.0
loading script "jan_unknown400_120.py"
loading script "jan_pump_ms.py"
loading script "jan_sniffair_x2.py"
loading script "jan_pump_extraction_line.py"
testing...
no interpolation path defined
calculate duration
testing...
no interpolation path defined
executed 0
calculate duration
testing...
no interpolation path defined
executed 0
calculate duration
testing...
no interpolation path defined
executed 32.0
calculate duration
testing...
no interpolation path defined
executed 34.0
calculate duration
testing...
no interpolation path defined
executed 4.0
calculate duration
testing...
no interpolation path defined
executed 36.0
calculate duration
testing...
no interpolation path defined
executed 34.0
calculate duration
testing...
no interpolation path defined
executed 4.0
calculate duration
testing...
no interpolation path defined
executed 36.0
calculate duration
testing...
no interpolation path defined
executed 70.0
executed 250.0
script duration name:sniffair_x2 seconds:250.0
Script duration 806.0
Run total estimated duration= 807.000
loading script "jan_ic_peak_hop3.py"
loading script "jan_pump_ms.py"
loading script "jan_air_x1.py"
loading script "jan_pump_extraction_line.py"
testing...
no interpolation path defined
executed 133.8
script duration name:ic_peak_hop3 seconds:134.0
loading script "jan_ic_peak_hop3.py"
loading script "jan_pump_ms.py"
loading script "jan_air_x1.py"
loading script "jan_pump_extraction_line.py"
testing...
no interpolation path defined
calculate duration
testing...
no interpolation path defined
executed 0
calculate duration
testing...
no interpolation path defined
executed 0
calculate duration
testing...
no interpolation path defined
executed 32.0
calculate duration
testing...
no interpolation path defined
executed 34.0
calculate duration
testing...
no interpolation path defined
executed 4.0
calculate duration
testing...
no interpolation path defined
executed 36.0
executed 106.0
script duration name:air_x1 seconds:106.0
Script duration 240.0
Run total estimated duration= 241.000
script duration name:unknown120_60 seconds:214.0
script duration name:co2 seconds:0.0
Script duration 214.0
Run total estimated duration= 215.000
script duration name:unknown120_60 seconds:214.0
script duration name:co2 seconds:0.0
Script duration 214.0
Run total estimated duration= 215.000
script duration name:unknown120_60 seconds:214.0
script duration name:co2 seconds:0.0
Script duration 214.0
Run total estimated duration= 215.000
script duration name:unknown120_60 seconds:214.0
script duration name:co2 seconds:0.0
Script duration 214.0
Run total estimated duration= 215.000
script duration name:unknown120_60 seconds:214.0
script duration name:co2 seconds:0.0
Script duration 214.0
Run total estimated duration= 215.000
script duration name:unknown120_60 seconds:214.0
script duration name:co2 seconds:0.0
Script duration 214.0
Run total estimated duration= 215.000
script duration name:unknown120_60 seconds:214.0
script duration name:co2 seconds:0.0
Script duration 214.0
Run total estimated duration= 215.000
script duration name:unknown120_60 seconds:214.0
script duration name:co2 seconds:0.0
Script duration 214.0
Run total estimated duration= 215.000
script duration name:unknown120_60 seconds:214.0
script duration name:co2 seconds:0.0
Script duration 214.0
Run total estimated duration= 215.000
script duration name:unknown120_60 seconds:214.0
script duration name:co2 seconds:0.0
Script duration 214.0
Run total estimated duration= 215.000
script duration name:unknown120_60 seconds:214.0
script duration name:co2 seconds:0.0
Script duration 214.0
Run total estimated duration= 215.000
nruns=24 before=5.0, run_dur=7020.0, btw=690.0
write rem/ex queues
/Users/jan/PychronDev/experiments/rem/CurrentExperimentPartial.rem.txt
/Users/jan/PychronDev/experiments/rem/CurrentExperimentPartial.ex.txt
doing event level: 3
