do run
loading script "jan_unknown120_60.py"
loading script "jan_pump_ms.py"
loading script "jan_co2.py"
loading script "jan_pump_extraction_line.py"
testing...
no interpolation path defined
executed 213.652928
script duration name:unknown120_60 seconds:214.0
loading script "jan_unknown120_60.py"
loading script "jan_pump_ms.py"
loading script "jan_co2.py"
loading script "jan_pump_extraction_line.py"
testing...
no interpolation path defined
executed 0
loading script "jan_unknown120_60.py"
loading script "jan_pump_ms.py"
loading script "jan_co2.py"
loading script "jan_pump_extraction_line.py"
testing...
no interpolation path defined
calculate duration
testing...
no interpolation path defined
executed 0
calculate duration
testing...
no interpolation path defined
executed 0
executed 0.0
script duration name:co2 seconds:0.0
loading script "jan_unknown120_60.py"
loading script "jan_pump_ms.py"
loading script "jan_co2.py"
loading script "jan_pump_extraction_line.py"
testing...
no interpolation path defined
calculate duration
testing...
no interpolation path defined
executed 4.0
executed 4.0
Script duration 214.0
Run total estimated duration= 215.000
run duration: 0:03:35
doing event level: 2
02:04:38 -- Setting default integration. t=1.048576
setting integration time = 1.048576
SetIntegrationTime 1.048576 ===>> OK
----------------- start -----------------
**************** Experiment Type: Ar/Ar, Ar/Ar
create new session 4993924272
close session 4993924272
$$$$$ Clearing conditionals
adding conditionals 
Add queue conditionals
add default conditionals
adding default conditionals from /Users/jan/PychronDev/setupfiles/spectrometer/default_conditionals.yaml
Start automated run 65575-16
loading script "jan_unknown120_60.py"
loading script "jan_pump_ms.py"
loading script "jan_co2.py"
loading script "jan_pump_extraction_line.py"
%%%%%%%%%%%%%%%%%% setting automated run 65575-16
No value "sensitivity_multiplier" in metadata
$$$$$$$$$$$$$$$ auto_save_detector_ic=False
============================= Pre Extraction Check =============================
loading queue conditionals pre_run_terminations
loading system conditionals pre_run_terminations
loading conditionals from /Users/jan/PychronDev/setupfiles/spectrometer/default_conditionals.yaml
02:04:38 -- ******* Pre Extraction Check *******
Get a measurement from the spectrometer
GetData ===>> H2,-0.191478855626202,H1,0.0383670894894773,AX,-0.167925745481594,L1,-0.0193978494432536,L2,0.036...
Pre Extraction Termination data. keys=H2,H1,AX,L1,L2,CDD, signals=-0.19148,0.03837,-0.16793,-0.01940,0.03619,0.00357
02:04:38 -- testing system defined conditionals
Checking default pre extraction terminations n=2
testing CDD
evaluate ot="CDD.inactive" t="CDD", ctx="{'CDD': False}"
GetDeflection CDD ===>> 50
testing CDD==2000
evaluate ot="CDD.deflection==2000" t="CDD==2000", ctx="{'CDD': 50.0}"
02:04:38 -- ******* Pre Extraction Check Passed *******
=================================================================================
02:04:38 -- stopping status monitor
stop 4977824688
Alive clients [4983939824]
02:04:38 -- starting status monitor
start 4977824688
Monitor already running
start extraction
do extraction
Analysis started at 02:04:38.405152
Extraction Started jan_co2.py
02:04:38 -- ******* Extraction Started jan_co2.py *******
state changed from not run to extraction
DO EXTRACTION <pychron.extraction_line.pyscript_runner.RemotePyScriptRunner object at 0x12c3c43b0>
testing...
no interpolation path defined
calculate duration
testing...
no interpolation path defined
executed 0
calculate duration
testing...
no interpolation path defined
executed 0
executed 100.0
Jan CO2 laser analysis
doing GOSUB
testing...
no interpolation path defined
executed 0
Waiting for CO2 access
wait ('FelixCO2Flag', 0) {}
waiting for FelixCO2Flag = 0
Read FelixCO2Flag ===>> 0
finished waiting
CO2 free
wait ('CO2PumpTimeFlag', 0) {}
waiting for CO2PumpTimeFlag = 0
Read CO2PumpTimeFlag ===>> 0
finished waiting
acquire ('JanCO2Flag',) {'clear': True}
acquire JanCO2Flag
Set JanCO2Flag 1 ===>> OK
JanCO2Flag acquired
set extraction state False (0.75, 'red', 1.5)
CO2 acquired
executed 0
WaitForCO2Access.py completed successfully
gosub finished
doing GOSUB
testing...
no interpolation path defined
executed 0
Prepare for CO2 analysis
close () {'description': 'Jan Inlet'}
closing name=--- desc=Jan Inlet
checking ownership. requestor=129.138.12.150
check software interlocks R
interlocks []
actuate state mode=None-script, software_lock=False
doing actuation None-script close_channel False
Close R ===>> OK
GetIndicatorState R ===>> False
change switch state (True, True)
update switch state R False args=() kw={} ncanvase=2
02:04:38 -- CLOSE  VALVE-R (Jan Inlet)
---------------------------------------- close None (Jan Inlet) result=[(True, True)]
action=close, ok=True, locked=[False]
open () {'description': 'Jan Ion Pump'}
opening name=--- desc=Jan Ion Pump
checking ownership. requestor=129.138.12.150
check software interlocks O
interlocks []
actuate state mode=None-script, software_lock=False
doing actuation None-script open_channel False
Open O ===>> OK
GetIndicatorState O ===>> OK
change switch state (True, True)
update switch state O True args=() kw={} ncanvase=2
02:04:39 -- OPEN   VALVE-O (Jan Ion Pump)
---------------------------------------- open None (Jan Ion Pump) result=[(True, True)], time=0.09 sec
action=open, ok=True, locked=[False]
close () {'description': 'Microbone to Minibone'}
closing name=--- desc=Microbone to Minibone
checking ownership. requestor=129.138.12.150
check software interlocks L
interlocks []
actuate state mode=None-script, software_lock=False
doing actuation None-script close_channel False
Close L ===>> OK
GetIndicatorState L ===>> False
change switch state (True, True)
update switch state L False args=() kw={} ncanvase=2
02:04:39 -- CLOSE  VALVE-L (Microbone to Minibone)
---------------------------------------- close None (Microbone to Minibone) result=[(True, True)]
action=close, ok=True, locked=[False]
open () {'description': 'Microbone to Turbo'}
opening name=--- desc=Microbone to Turbo
checking ownership. requestor=129.138.12.150
check software interlocks U
interlocks []
actuate state mode=None-script, software_lock=False
doing actuation None-script open_channel False
Open U ===>> OK
GetIndicatorState U ===>> OK
change switch state (True, True)
update switch state U True args=() kw={} ncanvase=2
02:04:40 -- OPEN   VALVE-U (Microbone to Turbo)
---------------------------------------- open None (Microbone to Turbo) result=[(True, True)], time=0.13 sec
action=open, ok=True, locked=[False]
open () {'description': 'Microbone to Inlet Pipette'}
opening name=--- desc=Microbone to Inlet Pipette
checking ownership. requestor=129.138.12.150
check software interlocks S
interlocks []
actuate state mode=None-script, software_lock=False
doing actuation None-script open_channel False
Open S ===>> OK
Get Checksum: -1772432964
GetIndicatorState S ===>> OK
change switch state (True, True)
update switch state S True args=() kw={} ncanvase=2
02:04:40 -- OPEN   VALVE-S (Microbone to Inlet Pipette)
---------------------------------------- open None (Microbone to Inlet Pipette) result=[(True, True)], time=0.41 sec
action=open, ok=True, locked=[False]
open () {'description': 'Microbone to Getter D-50'}
opening name=--- desc=Microbone to Getter D-50
checking ownership. requestor=129.138.12.150
check software interlocks K
interlocks []
actuate state mode=None-script, software_lock=False
doing actuation None-script open_channel False
Open K ===>> OK
GetIndicatorState K ===>> OK
change switch state (True, True)
update switch state K True args=() kw={} ncanvase=2
02:04:41 -- OPEN   VALVE-K (Microbone to Getter D-50)
---------------------------------------- open None (Microbone to Getter D-50) result=[(True, True)], time=0.40 sec
action=open, ok=True, locked=[False]
open () {'description': 'Microbone to Getter NP-10'}
opening name=--- desc=Microbone to Getter NP-10
checking ownership. requestor=129.138.12.150
check software interlocks M
interlocks []
actuate state mode=None-script, software_lock=False
doing actuation None-script open_channel False
Open M ===>> OK
GetIndicatorState M ===>> OK
change switch state (True, True)
update switch state M True args=() kw={} ncanvase=2
02:04:41 -- OPEN   VALVE-M (Microbone to Getter NP-10)
---------------------------------------- open None (Microbone to Getter NP-10) result=[(True, True)], time=0.14 sec
action=open, ok=True, locked=[False]
close () {'description': 'CO2 Laser to Felix'}
closing name=--- desc=CO2 Laser to Felix
checking ownership. requestor=129.138.12.150
check software interlocks F
interlocks []
actuate state mode=None-script, software_lock=True
VALVE-F(CO2 Laser to Felix) software locked
change switch state (True, False)
---------------------------------------- close None (CO2 Laser to Felix) result=[(True, False)]
action=close, ok=True, locked=[True]
open () {'description': 'CO2 Laser to Jan'}
opening name=--- desc=CO2 Laser to Jan
checking ownership. requestor=129.138.12.150
check software interlocks A
interlocks []
actuate state mode=None-script, software_lock=False
doing actuation None-script open_channel False
Open A ===>> OK
GetIndicatorState A ===>> OK
change switch state (True, True)
update switch state A True args=() kw={} ncanvase=2
02:04:42 -- OPEN   VALVE-A (CO2 Laser to Jan)
---------------------------------------- open None (CO2 Laser to Jan) result=[(True, True)], time=0.13 sec
action=open, ok=True, locked=[False]
open () {'description': 'Microbone to CO2 Laser'}
opening name=--- desc=Microbone to CO2 Laser
checking ownership. requestor=129.138.12.150
check software interlocks T
interlocks []
actuate state mode=None-script, software_lock=False
doing actuation None-script open_channel False
Open T ===>> OK
GetIndicatorState T ===>> OK
change switch state (True, True)
update switch state T True args=() kw={} ncanvase=2
02:04:43 -- OPEN   VALVE-T (Microbone to CO2 Laser)
---------------------------------------- open None (Microbone to CO2 Laser) result=[(True, True)], time=0.42 sec
action=open, ok=True, locked=[False]
executed 0
PrepareForCO2Analysis.py completed successfully
gosub finished
set_motor ('beam', '1.25') {}
setting motor "beam" to 1.25
set motor beam to 1.25
SetMotor beam,1.25 ===>> OK
Get Checksum: -1772432964
GetMotorMoving beam ===>> False
GetMotorMoving beam ===>> False
Block completed
move_to_position ('97',) {'autocenter': True}
FusionsCO2 move to position 97
sending GoToHole 97,True
GoToHole 97,True ===>> OK
GetDriveMoving ===>> OK
GetDriveMoving ===>> OK
GetDriveMoving ===>> OK
GetDriveMoving ===>> False
GetDriveMoving ===>> OK
GetDriveMoving ===>> OK
GetDriveMoving ===>> OK
GetDriveMoving ===>> OK
Get Checksum: -1772432964
GetDriveMoving ===>> False
Block completed
GetAutoCorrecting ===>> False
GetAutoCorrecting ===>> False
Block completed
update position
GetPosition ===>> 5.98170,1.99390,1.00000
got position (5.9817, 1.9939, 1.0)
move to position succeeded
sleep (5,) {}
SLEEP 5.0
block started
WaitControl setup for 5.0  
Get Checksum: -1772432964
Get Checksum: -1772432964
Join finished
block finished. duration 5.00882792473
close () {'description': 'Microbone to Turbo'}
closing name=--- desc=Microbone to Turbo
checking ownership. requestor=129.138.12.150
check software interlocks U
interlocks []
actuate state mode=None-script, software_lock=False
doing actuation None-script close_channel True
Close U ===>> OK
GetIndicatorState U ===>> False
change switch state (True, True)
update switch state U False args=() kw={} ncanvase=2
02:04:53 -- CLOSE  VALVE-U (Microbone to Turbo)
---------------------------------------- close None (Microbone to Turbo) result=[(True, True)]
action=close, ok=True, locked=[False]
enable laser
enable () {}
set extraction state FusionsCO2 Enabled (False, 'red', 1.5)
enabling laser
Enable ===>> OK
begin interval
BEGIN INTERVAL Interval 1 waiting for 30.0
block started
set extract to 5.0
WaitControl setup for 30.0  
extract (5.0,) {}
GetPosition ===>> 5.98170,1.99390,1.00000
set extraction state FusionsCO2 ON! 5.0(watts) (0.75, 'red', 1.5)
extract sample to 5.0 (watts)
set laser output
SetLaserOutput 5.0,watts ===>> OK
executing pattern triangle.lp
execute_pattern ('triangle.lp',) {}
executing pattern triangle.lp
IsPatterning ===>> OK
Get Checksum: 1550443794
IsPatterning ===>> OK
IsPatterning ===>> OK
IsPatterning ===>> OK
Get Checksum: 1550443794
IsPatterning ===>> OK
IsPatterning ===>> OK
IsPatterning ===>> OK
Get Checksum: 1550443794
IsPatterning ===>> OK
IsPatterning ===>> OK
IsPatterning ===>> OK
Get Checksum: 1550443794
IsPatterning ===>> OK
IsPatterning ===>> OK
IsPatterning ===>> OK
Get Checksum: 1550443794
IsPatterning ===>> OK
IsPatterning ===>> OK
IsPatterning ===>> OK
Get Checksum: 1550443794
IsPatterning ===>> OK
IsPatterning ===>> OK
IsPatterning ===>> OK
Get Checksum: 1550443794
IsPatterning ===>> OK
IsPatterning ===>> OK
IsPatterning ===>> OK
Get Checksum: 1550443794
IsPatterning ===>> OK
IsPatterning ===>> OK
IsPatterning ===>> OK
Get Checksum: -1921872142
State checksums do not match. Local:1550443794 Remote:-1921872142
State checksum failed
IsPatterning ===>> OK
set states for children of B. state=False
set states for children of D. state=False
handle state [('B', False), ('D', False)]
update switch state B False args=() kw={'refresh': True} ncanvase=2
update switch state D False args=() kw={'refresh': False} ncanvase=2
refresh_canvas_needed fired
IsPatterning ===>> False
IsPatterning ===>> False
Block completed
COMPLETE INTERVAL waiting for Interval 1 to complete
Get Checksum: 743130707
Join finished
block finished. duration 30.1045479774
Interval 1 finished
end_extract () {}
ending extraction. set laser power to 0
set laser power 0
SetLaserPower 0 ===>> OK
disable () {}
%%%%%%%%%%%%%%%%%%%%%%%%%%%%%%%%%%% disable
set extraction state False (0.75, 'red', 1.5)
disabling laser
Disable ===>> OK
sleep (30.0,) {}
SLEEP 30.0
block started
WaitControl setup for 30.0  
Get Checksum: 743130707
Get Checksum: 743130707
Get Checksum: 743130707
Get Checksum: 743130707
Get Checksum: 743130707
Get Checksum: 743130707
Get Checksum: 743130707
Get Checksum: 743130707
Get Checksum: 743130707
Join finished
block finished. duration 30.0666759014
executed 166.5
jan_co2.py completed successfully
GetAchievedOutput ===>> No Response
Requested Output= 0.000
Achieved Output=  0.000
GetResponseBlob ===>> No Response
GetOutputBlob ===>> No Response
persistence save...
persistence save - db
AutomatedRunPersister post_extraction_save deprecated
persistence save - dvc
no extraction position for 97
create new session 4983587952
close session 4983587952
Extraction Finished
02:05:54 -- ******* Extraction Finished *******
no overlap. not waiting for min ms pumptime
02:05:54 -- Sending spectrometer configuration
======== Sending configuration ========
SetDeflection CDD,50.0 ===>> OK
SetDeflection H2,0.0 ===>> OK
SetDeflection H1,0.0 ===>> OK
SetDeflection L2,825.0 ===>> OK
SetDeflection L1,400.0 ===>> OK
SetDeflection AX,190.0 ===>> OK
SetZFocus 74.64 ===>> OK
SetZSymmetry -50.72 ===>> OK
SetExtractionLens 26.13 ===>> OK
SetIonRepeller -3.81 ===>> OK
SetElectronEnergy 75.08 ===>> OK
SetYSymmetry -2.81 ===>> OK
SetIonCounterVoltage 1590.0 ===>> OK
send trap current 200.0
GetParameter Trap Current Readback ===>> 198.370811206739
SetParameter Trap Current Set,200.0 ===>> OK
updating mftable name mftable
Using mftable located at /Users/jan/PychronDev/setupfiles/spectrometer/mftables/mftable.csv
============ MFtable ===========
Isotope  H2     H1     AX     L1     L2     CDD    
Ar40     5.7837 5.8789 5.9924 6.1236 6.2309 6.3518
Ar39     5.6829 5.7712 5.8848 6.0097 6.1160 6.2383
Ar36     5.3605 5.4402 5.5481 5.6685 5.7710 5.8895
================================
get initial guess parabolic
get initial guess parabolic
get initial guess parabolic
get initial guess parabolic
get initial guess parabolic
get initial guess parabolic
======== Configuration Finished ========
GetYSymmetry ===>> -2.81
GetZSymmetry ===>> -50.72
GetParameter Trap Current Readback ===>> 198.258926936459
GetHighVoltage ===>> 4500
start measurement
do measurement
L#=65575 analysis type=unknown
Measurement Started jan_unknown120_60.py
02:05:54 -- ******* Measurement Started jan_unknown120_60.py *******
state changed from extraction to measurement
setting spec, defl, and gains
GetExtractionLens ===>> 26.13
GetYSymmetry ===>> -2.81
GetZSymmetry ===>> -50.72
GetZFocus ===>> 74.64
GetDeflection H2 ===>> 0
GetDeflection H1 ===>> 0
GetDeflection AX ===>> 190
GetDeflection L1 ===>> 400
GetDeflection L2 ===>> 825
GetDeflection CDD ===>> 50
GetGain H2 ===>> 0.0113
GetGain H1 ===>> 0.1
GetGain AX ===>> 0.097049
GetGain L1 ===>> 0.010355
GetGain L2 ===>> 0.095649
GetGain CDD ===>> 0
pre measurement save
New frame /Users/jan/PychronDev/data/isotopes/50/645274-fb96-464a-a2da-d9ce2c67b1c9.h5
flush and close file /Users/jan/PychronDev/data/isotopes/50/645274-fb96-464a-a2da-d9ce2c67b1c9.h5
testing...
no interpolation path defined
executed 226.132928
unknown measurement script
activate_detectors ('H2', 'H1', 'AX', 'L1', 'L2', 'CDD') {}
activate detectors
*************** Set Analysis View Ar/Ar
create graphs
clearing graphs
Get Checksum: 743130707
clear isotope group
setting isotope det=H2, iso=PM41
setting isotope det=H1, iso=Ar40
setting isotope det=AX, iso=Ar39
setting isotope det=L1, iso=Ar38
setting isotope det=L2, iso=Ar37
setting isotope det=CDD, iso=Ar36
setting previous blanks
 - setting Ar40 blank 0.606+/-0.006
 - setting Ar36 blank 0.00602+/-0.00019
 - setting Ar37 blank 0.043+/-0.005
 - setting Ar38 blank 0.0055+/-0.0021
 - setting PM41 blank 0.03+/-0.06
 - setting Ar39 blank 0.023+/-0.009
load analysis view
position_magnet ('Ar40',) {'detector': 'H1'}
detector Detector(H1)
POSITION Ar40 H1
setting detector H2 to PM41 (40.9624)
setting detector H1 to Ar40 (39.9624)
setting detector AX to Ar39 (38.9624)
setting detector L1 to Ar38 (37.9624)
setting detector L2 to Ar37 (36.9624)
setting detector CDD to Ar36 (35.9624)
Mapping mass to dac mass func: "parabolic"
H1 map mass coeffs = [-0.00063987  0.15840543  0.57055999]
H1 map mass to dac 39.9624 >> 5.87895
GetDeflection H1 ===>> 0
GetHighVoltage ===>> 4500
positioning Ar40 (5.87895) on H1
setting magnet DAC
current  : 5.878947
requested: 5.878950
Delta Dac: 0.000003
Checking detector protection. dv=0.00000
Checking detector "CDD". Protection Threshold: 0.1 (V)
SetMagnetDAC 5.87895 ===>> OK
Magnet settling time: 0.500
equilibrate () {'delay': 3, 'inlet': 'R', 'outlet': 'O', 'eqtime': 12.0}
Equilibration Started
02:05:56 -- ******* Equilibration Started *******
checking ownership. requestor=129.138.12.150
check software interlocks O
interlocks []
actuate state mode=None-script, software_lock=False
doing actuation None-script close_channel True
Close O ===>> OK
GetIndicatorState O ===>> False
change switch state (True, True)
update switch state O False args=() kw={} ncanvase=2
02:05:56 -- CLOSE  VALVE-O (Jan Ion Pump)
waiting 3s before opening inlet value ('R',)
Get Checksum: 187403569
checking ownership. requestor=129.138.12.150
check software interlocks R
interlocks []
actuate state mode=None-script, software_lock=False
doing actuation None-script open_channel True
Open R ===>> OK
GetIndicatorState R ===>> OK
change switch state (True, True)
update switch state R True args=() kw={} ncanvase=2
02:05:59 -- OPEN   VALVE-R (Jan Inlet)
set_time_zero () {}
equilibrating for 12.0sec
sniff (12.0,) {}
py_sniff
build tables- sniff [Detector(H2), Detector(H1), Detector(AX), Detector(L1), Detector(L2), Detector(CDD)]
add group /sniff/PM41 (Group) '' table H2
add group /sniff/Ar40 (Group) '' table H1
add group /sniff/Ar39 (Group) '' table AX
add group /sniff/Ar38 (Group) '' table L1
add group /sniff/Ar37 (Group) '' table L2
add group /sniff/Ar36 (Group) '' table CDD
flush and close file /Users/jan/PychronDev/data/isotopes/50/645274-fb96-464a-a2da-d9ce2c67b1c9.h5
measuring sniff. ncounts=12.0
starting measurement
GetData ===>> H2,0.0548914902949979,H1,68.6333170277665,AX,17.1245694626782,L1,0.0367221224146325,L2,0.35675410...
GetData ===>> H2,1.00952926007393,H1,473.535959935785,AX,113.242636143264,L1,0.726335776275286,L2,0.95445638078...
Get Checksum: -643835901
GetData ===>> H2,0.501007568580262,H1,669.065571431143,AX,154.741083823276,L1,1.4186345779982,L2,1.027288208575...
GetData ===>> H2,0.0636548003325738,H1,730.486391941743,AX,166.199381620181,L1,1.80016848484262,L2,1.0107831670...
GetData ===>> H2,0.06923382478744,H1,752.754316906179,AX,170.235616092226,L1,1.96414652475545,L2,1.014493977411...
Get Checksum: -643835901
GetData ===>> H2,-0.0329036415602829,H1,762.022572022604,AX,171.720611815204,L1,2.06718094015478,L2,1.002525982...
GetData ===>> H2,-0.0311911033150148,H1,765.81208540243,AX,172.532169697116,L1,2.16099914694822,L2,0.9353364676...
set states for children of C. state=False
handle state [('C', False)]
update switch state C False args=() kw={'refresh': False} ncanvase=2
refresh_canvas_needed fired
GetData ===>> H2,-0.112073441773745,H1,767.188832745692,AX,172.566729807218,L1,2.23195794617429,L2,0.9252911590...
Get Checksum: 714864715
set states for children of B. state=True
handle state [('B', True)]
update switch state B True args=() kw={'refresh': False} ncanvase=2
refresh_canvas_needed fired
GetData ===>> H2,-0.0108870395882576,H1,767.426110434216,AX,172.629670368049,L1,2.27932592251006,L2,0.927169563...
GetData ===>> H2,-0.0603581483272107,H1,767.708527876094,AX,173.003217459015,L1,2.31620663490222,L2,0.957939386...
Get Checksum: -1947512067
GetData ===>> H2,-0.20356878218891,H1,767.41302058335,AX,172.824282364928,L1,2.33388307119246,L2,0.979287012661...
Equilibration Finished
02:06:12 -- ******* Equilibration Finished *******
checking ownership. requestor=129.138.12.150
check software interlocks R
interlocks []
actuate state mode=None-script, software_lock=False
doing actuation None-script close_channel True
GetData ===>> H2,-0.193886247249383,H1,767.791363690133,AX,172.536875092701,L1,2.3103058777974,L2,0.99478480051...
Close R ===>> OK
GetIndicatorState R ===>> False
change switch state (True, True)
update switch state R False args=() kw={} ncanvase=2
02:06:12 -- CLOSE  VALVE-R (Jan Inlet)
Post Equilibration Started jan_pump_extraction_line.py
02:06:12 -- ******* Post Equilibration Started jan_pump_extraction_line.py *******
testing...
no interpolation path defined
calculate duration
testing...
no interpolation path defined
executed 4.0
executed 4.0
Pump after analysis
doing GOSUB
testing...
no interpolation path defined
executed 4.0
Pump Microbone
close () {'description': 'Jan Inlet'}
closing name=--- desc=Jan Inlet
checking ownership. requestor=129.138.12.150
check software interlocks R
interlocks []
actuate state mode=None-script, software_lock=False
doing actuation None-script close_channel False
Close R ===>> OK
measurement finished
estimated time: 12.583 actual time: :12.668
flush and close file /Users/jan/PychronDev/data/isotopes/50/645274-fb96-464a-a2da-d9ce2c67b1c9.h5
set_fits () {}
using default fits file=/Users/jan/PychronDev/scripts/measurement/fits/nominal_linear.yaml
set "Ar40" to "('Linear', 'SEM')"
No fit for "PM41". defaulting to linear. check the measurement script "jan_unknown120_60.py"
set "PM41" to "linear"
set "Ar36" to "('Linear', 'SEM')"
set "Ar37" to "('linear', 'SEM')"
set "Ar38" to "('linear', 'SEM')"
set "Ar39" to "('Linear', 'SEM')"
set_baseline_fits () {}
using default fits file=/Users/jan/PychronDev/scripts/measurement/fits/nominal_linear.yaml
set "H1" to "('average', 'SEM')"
set "H2" to "('average', 'SEM')"
set "CDD" to "('average', 'SEM')"
set "L2" to "('average', 'SEM')"
set "L1" to "('average', 'SEM')"
set "AX" to "('average', 'SEM')"
multicollect () {'integration_time': 1, 'ncounts': 120}
build tables- signal [Detector(H2), Detector(H1), Detector(AX), Detector(L1), Detector(L2), Detector(CDD)]
add group /signal/PM41 (Group) '' table H2
add group /signal/Ar40 (Group) '' table H1
add group /signal/Ar39 (Group) '' table AX
add group /signal/Ar38 (Group) '' table L1
add group /signal/Ar37 (Group) '' table L2
add group /signal/Ar36 (Group) '' table CDD
flush and close file /Users/jan/PychronDev/data/isotopes/50/645274-fb96-464a-a2da-d9ce2c67b1c9.h5
GetIndicatorState R ===>> False
measuring signal. ncounts=120
change switch state (True, True)
update switch state R False args=() kw={} ncanvase=2
02:06:13 -- CLOSE  VALVE-R (Jan Inlet)
---------------------------------------- close None (Jan Inlet) result=[(True, True)]
action=close, ok=True, locked=[False]
is_closed ('F',) {}
is F () closed?
is closed True
open () {'description': 'CO2 Laser to Jan'}
opening name=--- desc=CO2 Laser to Jan
checking ownership. requestor=129.138.12.150
check software interlocks A
interlocks []
actuate state mode=None-script, software_lock=False
doing actuation None-script open_channel False
Open A ===>> OK
GetIndicatorState A ===>> OK
change switch state (True, True)
update switch state A True args=() kw={} ncanvase=2
02:06:13 -- OPEN   VALVE-A (CO2 Laser to Jan)
---------------------------------------- open None (CO2 Laser to Jan) result=[(True, True)], time=0.11 sec
starting measurement
GetData ===>> H2,-0.11519053460438,H1,767.882574048793,AX,172.953601773377,L1,2.26902655200803,L2,1.03350840053...
action=open, ok=True, locked=[False]
sleep (1,) {}
SLEEP 1.0
Get Checksum: 1367090848
GetData ===>> H2,0.0368228009904137,H1,767.689779763356,AX,173.014851153681,L1,2.2688716619873,L2,0.90630301062...
close () {'description': 'CO2 Laser to Roughing'}
closing name=--- desc=CO2 Laser to Roughing
checking ownership. requestor=129.138.12.150
check software interlocks G
interlocks []
actuate state mode=None-script, software_lock=True
VALVE-G(CO2 Laser to Roughing) software locked
change switch state (True, False)
---------------------------------------- close None (CO2 Laser to Roughing) result=[(True, False)]
action=close, ok=True, locked=[True]
open () {'description': 'Microbone to Turbo'}
opening name=--- desc=Microbone to Turbo
checking ownership. requestor=129.138.12.150
check software interlocks U
interlocks []
actuate state mode=None-script, software_lock=False
doing actuation None-script open_channel True
Open U ===>> OK
GetIndicatorState U ===>> OK
change switch state (True, True)
update switch state U True args=() kw={} ncanvase=2
02:06:15 -- OPEN   VALVE-U (Microbone to Turbo)
---------------------------------------- open None (Microbone to Turbo) result=[(True, True)], time=0.26 sec
action=open, ok=True, locked=[False]
open () {'description': 'Microbone to Getter NP-10'}
opening name=--- desc=Microbone to Getter NP-10
checking ownership. requestor=129.138.12.150
check software interlocks M
interlocks []
actuate state mode=None-script, software_lock=False
doing actuation None-script open_channel False
Open M ===>> OK
GetIndicatorState M ===>> OK
change switch state (True, True)
update switch state M True args=() kw={} ncanvase=2
02:06:15 -- OPEN   VALVE-M (Microbone to Getter NP-10)
---------------------------------------- open None (Microbone to Getter NP-10) result=[(True, True)], time=0.14 sec
action=open, ok=True, locked=[False]
open () {'description': 'Microbone to Getter D-50'}
opening name=--- desc=Microbone to Getter D-50
checking ownership. requestor=129.138.12.150
check software interlocks K
interlocks []
actuate state mode=None-script, software_lock=False
doing actuation None-script open_channel False
GetData ===>> H2,-0.0565471794317872,H1,766.982651983695,AX,172.73843157777,L1,2.33869514473675,L2,1.0176895121...
Open K ===>> OK
GetIndicatorState K ===>> OK
change switch state (True, True)
update switch state K True args=() kw={} ncanvase=2
02:06:16 -- OPEN   VALVE-K (Microbone to Getter D-50)
---------------------------------------- open None (Microbone to Getter D-50) result=[(True, True)], time=0.42 sec
action=open, ok=True, locked=[False]
open () {'description': 'Microbone to CO2 Laser'}
opening name=--- desc=Microbone to CO2 Laser
checking ownership. requestor=129.138.12.150
check software interlocks T
interlocks []
actuate state mode=None-script, software_lock=False
doing actuation None-script open_channel False
Open T ===>> OK
GetIndicatorState T ===>> OK
change switch state (True, True)
update switch state T True args=() kw={} ncanvase=2
02:06:16 -- OPEN   VALVE-T (Microbone to CO2 Laser)
---------------------------------------- open None (Microbone to CO2 Laser) result=[(True, True)], time=0.40 sec
GetData ===>> H2,-0.187439326035658,H1,766.913365780629,AX,172.712636560794,L1,2.31709467806252,L2,0.9449245885...
action=open, ok=True, locked=[False]
open () {'description': 'Microbone to Inlet Pipette'}
opening name=--- desc=Microbone to Inlet Pipette
checking ownership. requestor=129.138.12.150
check software interlocks S
interlocks []
actuate state mode=None-script, software_lock=False
doing actuation None-script open_channel False
Open S ===>> OK
GetIndicatorState S ===>> OK
change switch state (True, True)
update switch state S True args=() kw={} ncanvase=2
02:06:17 -- OPEN   VALVE-S (Microbone to Inlet Pipette)
---------------------------------------- open None (Microbone to Inlet Pipette) result=[(True, True)], time=0.42 sec
Get Checksum: -286040778
action=open, ok=True, locked=[False]
sleep (1,) {}
SLEEP 1.0
GetData ===>> H2,-0.201534603401188,H1,766.446442782448,AX,172.608004632248,L1,2.26947120508423,L2,0.9989301489...
set_resource () {'name': 'CO2PumpTimeFlag', 'value': 30}
Set CO2PumpTimeFlag 30 ===>> OK
release ('JanCO2Flag',) {}
release JanCO2Flag
Set JanCO2Flag 0 ===>> OK
executed 6.0
PumpMicrobone.py completed successfully
gosub finished
get_resource_value () {'name': 'JanMiniboneFlag'}
Read JanMiniboneFlag ===>> 0
Get Resource Value JanMiniboneFlag=0.0
get resource value 0.0
get_resource_value () {'name': 'JanMiniboneFlag'}
Read JanMiniboneFlag ===>> 0
Get Resource Value JanMiniboneFlag=0.0
executed 4.0
jan_pump_extraction_line.py completed successfully
Post Equilibration Finished
02:06:18 -- ******* Post Equilibration Finished *******
GetData ===>> H2,-0.138426342731888,H1,765.786925681646,AX,172.532585517915,L1,2.2854233124439,L2,0.99684600114...
GetData ===>> H2,-0.168016993820807,H1,765.756067950909,AX,172.546942855711,L1,2.26926022634963,L2,1.0330501774...
Get Checksum: -286040778
GetData ===>> H2,-0.0806239846175935,H1,765.35329500664,AX,172.235995215058,L1,2.28282233334143,L2,0.9450506037...
GetData ===>> H2,-0.0657130477590538,H1,765.490537444852,AX,172.350560808484,L1,2.29362963433195,L2,0.921305398...
GetData ===>> H2,-0.14519019164435,H1,765.057362626412,AX,172.180318134891,L1,2.27322809282184,L2,1.06469561170...
Get Checksum: -286040778
GetData ===>> H2,-0.174246886618931,H1,764.306421181949,AX,172.199560698493,L1,2.22923187726703,L2,0.9052609470...
GetData ===>> H2,-0.238071837203308,H1,764.021501331353,AX,171.931440151812,L1,2.22663173338117,L2,1.0832271167...
GetData ===>> H2,-0.167972457624215,H1,763.83481467271,AX,171.874603673349,L1,2.26537518899338,L2,1.07550235728...
Get Checksum: -286040778
GetData ===>> H2,-0.127239393933254,H1,764.099716310214,AX,171.649472959439,L1,2.26674614629453,L2,1.0647185303...
GetData ===>> H2,-0.161527709258971,H1,763.403204724383,AX,171.628282662642,L1,2.27784782161981,L2,0.9763418355...
GetData ===>> H2,-0.258780877633794,H1,763.232830172735,AX,171.688869863597,L1,2.24497287756229,L2,0.8715431194...
set states for children of B. state=False
handle state [('B', False)]
update switch state B False args=() kw={'refresh': False} ncanvase=2
refresh_canvas_needed fired
Get Checksum: 1334048640
GetData ===>> H2,-0.204048627900712,H1,762.960884224605,AX,171.55871507982,L1,2.20192924590805,L2,1.03365732350...
GetData ===>> H2,-0.251932982642853,H1,762.482753493417,AX,171.662284208525,L1,2.24225937518615,L2,1.0393623924...
Get Checksum: 1334048640
GetData ===>> H2,-0.198027515919683,H1,762.449192270011,AX,171.551600462806,L1,2.22271333521485,L2,0.9820145334...
GetData ===>> H2,-0.179334347554536,H1,762.362835469425,AX,171.407618992987,L1,2.22490219287325,L2,0.9856246063...
GetData ===>> H2,-0.201592573798065,H1,761.963561607195,AX,171.51258410419,L1,2.25461212790799,L2,0.92660832900...
Get Checksum: 1334048640
GetData ===>> H2,-0.063682549538305,H1,761.289803750866,AX,171.422193611706,L1,2.28883074640156,L2,1.0214693140...
GetData ===>> H2,-0.0927695325561084,H1,761.515813144081,AX,171.252285496228,L1,2.23232858288201,L2,0.920790010...
GetData ===>> H2,-0.111554971228377,H1,760.765886092455,AX,171.323793835068,L1,2.2115697379936,L2,0.88634544898...
Get Checksum: 1334048640
02:06:39 -- collecting point 25
GetData ===>> H2,-0.108069987122132,H1,760.428041334707,AX,171.154995423741,L1,2.21855928113191,L2,0.9768919006...
GetData ===>> H2,-0.0679259412099024,H1,760.299379572187,AX,171.020067451218,L1,2.25395145763897,L2,1.021171506...
GetData ===>> H2,0.0416495657110247,H1,759.735838979489,AX,171.066602045815,L1,2.25341627656577,L2,1.0980709404...
Get Checksum: 1334048640
GetData ===>> H2,-0.162413505691916,H1,759.037244293042,AX,170.947118071396,L1,2.21981638888097,L2,0.8737181061...
GetData ===>> H2,-0.154137523357065,H1,759.155648683198,AX,170.920956643433,L1,2.21918648565526,L2,0.9671630879...
GetData ===>> H2,-0.126850048402833,H1,758.690410464168,AX,170.767244365309,L1,2.22736866818669,L2,1.0058814519...
Get Checksum: 1334048640
GetData ===>> H2,-0.186688159744558,H1,758.676352531997,AX,170.827220316389,L1,2.21890949927675,L2,0.9623964436...
GetData ===>> H2,-0.0776672993432307,H1,758.843054673225,AX,170.861986632203,L1,2.23356190494665,L2,0.925050634...
GetData ===>> H2,-0.156157436679769,H1,758.117537681755,AX,170.47242705951,L1,2.22527259583521,L2,0.93848658110...
Get Checksum: 1334048640
GetData ===>> H2,-0.196500831440982,H1,758.119536631049,AX,170.584427492997,L1,2.18159382404641,L2,0.9864612457...
GetData ===>> H2,-0.141840529676425,H1,757.405490401804,AX,170.570825858175,L1,2.20517288015426,L2,0.9009439467...
GetData ===>> H2,-0.140635003834761,H1,757.029698294559,AX,170.390232109012,L1,2.25117706812275,L2,1.0768317969...
Get Checksum: 1334048640
GetData ===>> H2,-0.198166417799034,H1,756.865615461626,AX,170.305623166725,L1,2.2479898376706,L2,0.93014759677...
GetData ===>> H2,-0.0985133411266537,H1,756.58621289566,AX,170.192655184178,L1,2.21397683130931,L2,0.8841243817...
GetData ===>> H2,-0.122471695528113,H1,755.971120113753,AX,170.147565372821,L1,2.25087551645912,L2,1.0312402176...
Get Checksum: 1334048640
GetData ===>> H2,-0.217187628066179,H1,755.728834130874,AX,170.169700465453,L1,2.20408002825807,L2,0.8965813397...
GetData ===>> H2,-0.340808547591943,H1,755.282171335618,AX,170.209503524888,L1,2.18183979437037,L2,0.9609985784...
Get Checksum: 1334048640
GetData ===>> H2,-0.268694870686195,H1,755.122429365961,AX,169.898691114936,L1,2.21229034631635,L2,1.0049538190...
GetData ===>> H2,-0.216438039420836,H1,754.696140204957,AX,170.000566946158,L1,2.21969919489595,L2,0.9570915381...
GetData ===>> H2,-0.0989276607000482,H1,754.524716828334,AX,170.0068895911,L1,2.20199046294768,L2,0.96638390877...
Get Checksum: 1334048640
GetData ===>> H2,-0.107819703088157,H1,754.413993463374,AX,169.828247923879,L1,2.22957043355529,L2,0.8903984565...
GetData ===>> H2,-0.0574749491312299,H1,754.147209237085,AX,169.813632688925,L1,2.24747761737474,L2,1.020575892...
GetData ===>> H2,-0.0491738773788063,H1,753.94995273234,AX,169.865518820327,L1,2.19115209497457,L2,0.9928839546...
Get Checksum: 1334048640
GetData ===>> H2,-0.122006446987135,H1,753.495199414739,AX,169.624160991935,L1,2.21436851589515,L2,0.9783014569...
GetData ===>> H2,-0.124985601191828,H1,753.232719571351,AX,169.472225934595,L1,2.18596226587047,L2,0.9692829455...
02:07:05 -- collecting point 50
GetData ===>> H2,-0.0895449018585677,H1,752.820029429047,AX,169.437036735479,L1,2.20123325837197,L2,0.986908220...
Get Checksum: 1334048640
GetData ===>> H2,-0.0929077105744918,H1,752.372168337095,AX,169.667335605041,L1,2.20716185204505,L2,0.984684828...
GetData ===>> H2,-0.0467426535471855,H1,752.040073015244,AX,169.3792695113,L1,2.17634332545666,L2,1.10332127349...
GetData ===>> H2,-0.0875628066543636,H1,751.940435469067,AX,169.258088778807,L1,2.21794276405865,L2,0.914777353...
Get Checksum: 1334048640
GetData ===>> H2,-0.170825119779893,H1,752.250939461184,AX,169.413011457461,L1,2.21832492074416,L2,0.8675824806...
GetData ===>> H2,-0.136490369325568,H1,751.6397525045,AX,169.374995254489,L1,2.22306634779351,L2,1.020942423675...
GetData ===>> H2,-0.204730620767001,H1,750.987279419846,AX,169.32299621932,L1,2.20435422952833,L2,0.97069239030...
Get Checksum: 1334048640
GetData ===>> H2,-0.241471641057916,H1,750.816602207378,AX,169.100938440041,L1,2.21555830868465,L2,1.0152728076...
GetData ===>> H2,-0.129800900412748,H1,750.755905821083,AX,169.017100411563,L1,2.19138763021497,L2,0.9977392018...
GetData ===>> H2,-0.0343063459541272,H1,750.431068377739,AX,168.980710246815,L1,2.16756010787115,L2,0.930411042...
Get Checksum: 1334048640
GetData ===>> H2,-0.112928934108469,H1,750.062866370059,AX,168.695878425406,L1,2.15851687375724,L2,1.0175520676...
GetData ===>> H2,-0.112564816292563,H1,749.389531152089,AX,168.937328989746,L1,2.21749005178892,L2,0.9620068726...
GetData ===>> H2,-0.045049585380375,H1,749.187891668844,AX,168.824343483521,L1,2.18950082640294,L2,0.9575040041...
Get Checksum: 1334048640
GetData ===>> H2,-0.0803692683899071,H1,749.338145475623,AX,168.85738399045,L1,2.19299925037952,L2,0.9493237598...
GetData ===>> H2,-0.114137613268381,H1,749.245779145618,AX,168.640104121199,L1,2.19190396213667,L2,0.9590507672...
Get Checksum: 1334048640
GetData ===>> H2,-0.150975115015821,H1,748.582039794374,AX,168.375849135462,L1,2.20034703490426,L2,0.9834012438...
GetData ===>> H2,-0.119328192166521,H1,748.429265041181,AX,168.632222597559,L1,2.19472158549982,L2,0.9279369708...
GetData ===>> H2,-0.176117998927945,H1,747.740631164907,AX,168.510016143053,L1,2.2216077452899,L2,1.01545606272...
Get Checksum: 1334048640
GetData ===>> H2,-0.210986592587332,H1,747.734246598204,AX,168.697783514605,L1,2.24194073183291,L2,0.9250162736...
GetData ===>> H2,-0.208492972536596,H1,747.766489355997,AX,168.385778743298,L1,2.17012814458019,L2,0.9326560887...
GetData ===>> H2,-0.130877965189447,H1,747.609849463076,AX,168.337217528535,L1,2.19190928527051,L2,0.9178466248...
Get Checksum: 1334048640
GetData ===>> H2,-0.0966392364601121,H1,747.54470162862,AX,168.175195167308,L1,2.17437494321119,L2,0.9348897326...
GetData ===>> H2,-0.135619614357781,H1,746.759593946969,AX,168.083143382426,L1,2.22329414673214,L2,0.9454057381...
GetData ===>> H2,-0.1027086442298,H1,746.37938113177,AX,168.208665480206,L1,2.18049699534222,L2,0.9571144529112...
GetData ===>> H2,-0.0966730922479223,H1,746.480845106701,AX,167.926412803006,L1,2.16827915172239,L2,0.957412344...
set states for children of V. state=False
handle state [('V', False)]
update switch state V False args=() kw={'refresh': False} ncanvase=2
refresh_canvas_needed fired
02:07:31 -- collecting point 75
GetData ===>> H2,-0.0875500505119384,H1,745.576787309112,AX,167.74576481007,L1,2.21289643919604,L2,1.0318702630...
Get Checksum: 1459125137
GetData ===>> H2,-0.113075119389542,H1,745.53451314143,AX,167.925029636374,L1,2.22995831969409,L2,0.96777039373...
GetData ===>> H2,-0.200793095378935,H1,745.207632242725,AX,167.848107607403,L1,2.20396156474251,L2,0.8624087128...
GetData ===>> H2,-0.236936530609643,H1,744.629441621582,AX,167.742805420607,L1,2.15825260862624,L2,0.9355655633...
set states for children of H. state=True
handle state [('H', True)]
update switch state H True args=() kw={'refresh': False} ncanvase=2
refresh_canvas_needed fired
Get Checksum: 1032510184
GetData ===>> H2,-0.277175010582181,H1,745.025022882335,AX,167.902208910317,L1,2.19267318128787,L2,1.0525265840...
GetData ===>> H2,-0.301983563573597,H1,744.625612421958,AX,167.920210247578,L1,2.19381379926074,L2,0.9163692396...
GetData ===>> H2,-0.0937340342520147,H1,744.355684989106,AX,167.601782835326,L1,2.18481048024858,L2,0.985945508...
Get Checksum: 1032510184
GetData ===>> H2,-0.115408414874164,H1,744.059474913012,AX,167.449076039569,L1,2.22000816350631,L2,0.8995469749...
GetData ===>> H2,-0.096486207040981,H1,743.763771814636,AX,167.530354114624,L1,2.21060012026604,L2,0.9681599881...
GetData ===>> H2,-0.182134242929216,H1,743.054542845278,AX,167.611647174396,L1,2.15379024271493,L2,0.8567659607...
Get Checksum: 1032510184
GetData ===>> H2,-0.253749545019021,H1,742.461849263498,AX,167.473438367669,L1,2.15427120413776,L2,0.8616532744...
GetData ===>> H2,-0.233120849065086,H1,742.461175120219,AX,167.228430631647,L1,2.15750693979132,L2,0.9747489563...
Get Checksum: 1032510184
GetData ===>> H2,-0.255487846478241,H1,742.371973896888,AX,167.24807464233,L1,2.15791097438209,L2,0.95117972060...
GetData ===>> H2,-0.303155559868266,H1,742.031077952709,AX,167.302554262489,L1,2.1571746854742,L2,0.96417244937...
GetData ===>> H2,-0.130192847760867,H1,741.676290179756,AX,167.074937488094,L1,2.1436935168532,L2,0.95117972060...
Get Checksum: 1032510184
GetData ===>> H2,-0.19617307991122,H1,741.216503075643,AX,167.172089017083,L1,2.12706728222153,L2,0.95496049226...
GetData ===>> H2,-0.197501561311564,H1,740.906808829098,AX,167.214631504166,L1,2.18223468779503,L2,0.9653068185...
GetData ===>> H2,-0.198910794929667,H1,740.90108827328,AX,166.914091606299,L1,2.17579267544084,L2,0.96844645562...
Get Checksum: 1032510184
GetData ===>> H2,-0.108195803499519,H1,740.532920193362,AX,167.026467479335,L1,2.18944627616928,L2,1.0283993367...
GetData ===>> H2,-0.17394310545375,H1,740.229585936706,AX,167.040798076928,L1,2.18626552711431,L2,0.99221981255...
GetData ===>> H2,-0.147439409321353,H1,740.041894153532,AX,166.984670333123,L1,2.20609942541796,L2,0.8959057831...
Get Checksum: 1032510184
GetData ===>> H2,-0.0933181706641114,H1,740.031078952115,AX,166.943440390202,L1,2.17627416019432,L2,0.841224353...
GetData ===>> H2,-0.104810451432718,H1,739.740173704396,AX,166.826103317074,L1,2.15436686744744,L2,0.9998004657...
GetData ===>> H2,-0.0734721489044719,H1,739.160411191907,AX,166.645845873592,L1,2.16607431937754,L2,0.954914663...
Get Checksum: 1032510184
GetData ===>> H2,-0.183647922082611,H1,738.634516471261,AX,166.577350815177,L1,2.19376055895696,L2,0.8842159711...
02:07:58 -- collecting point 100
GetData ===>> H2,-0.205291279754917,H1,738.184876554468,AX,166.660223755995,L1,2.20643092363556,L2,0.9047112916...
GetData ===>> H2,-0.204767010535063,H1,737.858899596029,AX,166.389590639884,L1,2.19205034924202,L2,0.9220842120...
set states for children of H. state=False
handle state [('H', False)]
update switch state H False args=() kw={'refresh': False} ncanvase=2
refresh_canvas_needed fired
Get Checksum: 1459125137
GetData ===>> H2,-0.20983482670232,H1,737.610678396453,AX,166.189360343576,L1,2.177282419329,L2,0.9604715197221...
GetData ===>> H2,-0.20121239043204,H1,737.62979519305,AX,166.244892960186,L1,2.13660022842738,L2,1.039602975133...
set states for children of C. state=True
handle state [('C', True)]
update switch state C True args=() kw={'refresh': False} ncanvase=2
refresh_canvas_needed fired
GetData ===>> H2,-0.165023231952327,H1,737.826677398597,AX,166.359533719971,L1,2.14028397131452,L2,0.9081924954...
Get Checksum: 799532470
State checksums do not match. Local:772584979 Remote:799532470
State checksum failed
GetData ===>> H2,-0.243798567159853,H1,737.653834583599,AX,166.293714283567,L1,2.15368395569743,L2,0.8097254049...
set states for children of B. state=True
set states for children of D. state=True
handle state [('B', True), ('D', True)]
update switch state B True args=() kw={'refresh': True} ncanvase=2
update switch state D True args=() kw={'refresh': False} ncanvase=2
refresh_canvas_needed fired
GetData ===>> H2,-0.175634725359815,H1,737.176480623341,AX,166.198134306501,L1,2.16515742882081,L2,0.9164952173...
GetData ===>> H2,-0.0610537497866235,H1,736.446267328853,AX,166.18542510174,L1,2.21325611424643,L2,0.9128419313...
Get Checksum: 799532470
GetData ===>> H2,-0.128912886859968,H1,735.913764143391,AX,166.042303070715,L1,2.16529562199343,L2,1.0143336307...
GetData ===>> H2,-0.209961459334909,H1,736.100589872709,AX,166.007265076702,L1,2.16287483166319,L2,0.9762616179...
GetData ===>> H2,-0.24939387711028,H1,736.068836846537,AX,165.797778148331,L1,2.13594568069852,L2,0.94820103555...
Get Checksum: 799532470
GetData ===>> H2,-0.215894090162083,H1,735.255311834827,AX,165.652148554732,L1,2.13451722734797,L2,0.9628203904...
GetData ===>> H2,-0.201386305685058,H1,735.045422957364,AX,165.752504679964,L1,2.15207515974308,L2,0.9089368481...
Get Checksum: 799532470
GetData ===>> H2,-0.18323781866348,H1,734.527270885074,AX,165.834834396772,L1,2.16644109670671,L2,0.96136522962...
GetData ===>> H2,-0.173829691729959,H1,734.322457534209,AX,165.45394350331,L1,2.17019860112448,L2,0.94755948469...
GetData ===>> H2,-0.107535590204368,H1,733.917581430742,AX,165.452806087026,L1,2.17870108800934,L2,0.8406979509...
Get Checksum: 799532470
GetData ===>> H2,-0.0374438136673765,H1,733.883121931591,AX,165.47094122141,L1,2.20677840822861,L2,0.9881689296...
GetData ===>> H2,-0.174743720030601,H1,733.448013650026,AX,165.539126845676,L1,2.1924269721604,L2,0.96062047079...
GetData ===>> H2,-0.13044422755509,H1,733.774849003307,AX,165.495861231118,L1,2.14004777052992,L2,0.85954723527...
Get Checksum: 799532470
GetData ===>> H2,-0.0783245575130171,H1,733.174917849621,AX,165.488584489395,L1,2.16487971887323,L2,0.912990808...
GetData ===>> H2,-0.0933926750315345,H1,732.74254921617,AX,165.299984448615,L1,2.16094203118813,L2,0.9856246063...
measurement finished
estimated time: 125.829 actual time: :126.527
flush and close file /Users/jan/PychronDev/data/isotopes/50/645274-fb96-464a-a2da-d9ce2c67b1c9.h5
baselines () {'settling_time': 15.0, 'detector': 'H1', 'mass': 34.2, 'ncounts': 60}
%%%%%%%%%%%%%%%%%%%%%%%%%%%%%%%% Baseline
build tables- baseline [Detector(H2), Detector(H1), Detector(AX), Detector(L1), Detector(L2), Detector(CDD)]
add group baseline table H2
add group baseline table H1
add group baseline table AX
add group baseline table L1
add group baseline table L2
add group baseline table CDD
flush and close file /Users/jan/PychronDev/data/isotopes/50/645274-fb96-464a-a2da-d9ce2c67b1c9.h5
detector Detector(H1)
POSITION 34.2 H1
Mapping mass to dac mass func: "parabolic"
H1 map mass coeffs = [-0.00063987  0.15840543  0.57055999]
H1 map mass to dac 34.2 >> 5.23960599104
GetDeflection H1 ===>> 0
GetHighVoltage ===>> 4500
positioning 34.2 (5.23960599104) on H1
setting magnet DAC
current  : 5.878950
requested: 5.239606
Delta Dac: 0.639344
Checking detector protection. dv=0.63934
Checking detector "CDD". Protection Threshold: 0.1 (V)
ProtectDetector CDD,On ===>> OK
GetDeflection CDD ===>> 2000
SetMagnetDAC 5.23960599104 ===>> OK
Magnet settling time: 0.500
Get Checksum: 799532470
GetMagnetMoving ===>> True
GetMagnetMoving ===>> True
GetMagnetMoving ===>> True
GetMagnetMoving ===>> True
GetMagnetMoving ===>> True
GetMagnetMoving ===>> True
GetMagnetMoving ===>> True
GetMagnetMoving ===>> True
GetMagnetMoving ===>> False
ProtectDetector CDD,Off ===>> OK
GetDeflection CDD ===>> 50
Delaying 15.0s for detectors to settle
Get Checksum: 799532470
Get Checksum: 799532470
Get Checksum: 799532470
Get Checksum: 799532470
Get Checksum: 799532470
Join finished
measuring baseline. ncounts=60
starting measurement
GetData ===>> H2,-0.249757025720487,H1,-0.0481347722584456,AX,-0.130838011319967,L1,-0.055667702760416,L2,-0.00...
Get Checksum: 799532470
GetData ===>> H2,-0.16004762658074,H1,-0.0358534853254209,AX,-0.210643717463714,L1,-0.048824890022127,L2,-0.088...
GetData ===>> H2,-0.148437567806698,H1,-0.0391087693345725,AX,-0.041765043396686,L1,-0.0239615017639522,L2,-0.0...
GetData ===>> H2,-0.110807682221509,H1,-0.0935624329702954,AX,-0.144078500289641,L1,-0.0368999343001094,L2,-0.0...
GetData ===>> H2,-0.16360301057045,H1,-0.0702968924145562,AX,-0.0822955305485241,L1,-0.0187827308868341,L2,-0.0...
Get Checksum: 799532470
GetData ===>> H2,-0.280839434260549,H1,-0.000420085451868624,AX,-0.174822618826333,L1,-0.0387065303003981,L2,0....
GetData ===>> H2,-0.242319564398747,H1,0.0103519596690528,AX,-0.0793861524202634,L1,-0.035314702336481,L2,0.002...
GetData ===>> H2,-0.194837740120867,H1,-0.016653502824293,AX,-0.166766559094923,L1,-0.0445422038339267,L2,-0.00...
Get Checksum: 799532470
GetData ===>> H2,-0.223791490588926,H1,0.00459002390063041,AX,-0.0932367953906772,L1,-0.0538222403311195,L2,-0....
GetData ===>> H2,-0.206399038643127,H1,0.00895618081393508,AX,0.0189811319292697,L1,-0.0505623404083035,L2,0.03...
Get Checksum: 799532470
GetData ===>> H2,-0.146718087202157,H1,-0.0294618504443676,AX,-0.0220849753229304,L1,-0.03205997187431,L2,-0.05...
GetData ===>> H2,-0.178756740824891,H1,0.0429495262019632,AX,0.0186330412738712,L1,-0.0344099416620704,L2,0.114...
GetData ===>> H2,-0.179521928448774,H1,-0.0980432887232706,AX,-0.0169004648796692,L1,-0.0274317040650177,L2,0.0...
Get Checksum: 799532470
GetData ===>> H2,-0.205715798720698,H1,-0.0753390132603336,AX,-0.0344246230113117,L1,-0.00255841309858673,L2,0....
GetData ===>> H2,-0.201105882871714,H1,0.00980318959247235,AX,0.00181014337839388,L1,-0.0439747126939235,L2,-0....
GetData ===>> H2,-0.0861599430970354,H1,-0.0107854441707243,AX,-0.00271413994967768,L1,-0.0549733865410312,L2,0...
Get Checksum: 799532470
GetData ===>> H2,-0.189270506408619,H1,-0.0346610471041896,AX,0.0311418800667834,L1,-0.0550045120889277,L2,-0.1...
GetData ===>> H2,-0.282036620255577,H1,0.0424841129043287,AX,-0.132077619030912,L1,-0.0192431740475179,L2,-0.10...
GetData ===>> H2,-0.221944899314334,H1,0.00472124442014739,AX,-0.168806717895208,L1,-0.00177847704187694,L2,-0....
Get Checksum: 799532470
GetData ===>> H2,-0.232091362999429,H1,-0.1262478369499,AX,-0.0795716133829776,L1,-0.0330239262425706,L2,-0.027...
GetData ===>> H2,-0.234380327936026,H1,-0.0381786989933851,AX,-0.0931672573382603,L1,0.0139916055294419,L2,0.03...
GetData ===>> H2,-0.212348353869337,H1,0.0283318083800445,AX,-0.0434580159705335,L1,0.0275127947465916,L2,0.097...
Get Checksum: 799532470
GetData ===>> H2,-0.163168268441961,H1,0.0592284190732208,AX,-0.0809625593356634,L1,-0.0172837465146314,L2,-0.0...
GetData ===>> H2,-0.149773260839722,H1,-0.0279115789842298,AX,-0.0944073451464423,L1,-0.039858844329432,L2,-0.0...
02:09:03 -- collecting point 25
GetData ===>> H2,-0.142285136348996,H1,-0.00970005415858992,AX,-0.176329433613737,L1,-0.0321916977987808,L2,0.0...
Get Checksum: 799532470
GetData ===>> H2,-0.133505997856407,H1,-0.0308093745904124,AX,-0.037868775453218,L1,0.00503593334706667,L2,-0.0...
GetData ===>> H2,-0.228142111052271,H1,0.0403002794007847,AX,-0.0878474489935984,L1,0.0248549449331351,L2,-0.04...
GetData ===>> H2,-0.14643846123056,H1,0.0616752556674484,AX,-0.0227460675401232,L1,-0.0183894189993514,L2,0.017...
Get Checksum: 799532470
GetData ===>> H2,-0.18552287677017,H1,-0.00361688132166622,AX,-0.0782154219341878,L1,-0.0351073935059087,L2,-0....
GetData ===>> H2,-0.151265431470176,H1,0.0266613479473544,AX,-0.0193825692144364,L1,0.0149089446599148,L2,0.024...
GetData ===>> H2,-0.0976833025503383,H1,0.0210416463937825,AX,-0.11739825951838,L1,-0.013358513355769,L2,-0.007...
Get Checksum: 799532470
GetData ===>> H2,-0.0169425501046827,H1,0.025742606590007,AX,-0.0443972551758916,L1,-0.0104323822520644,L2,-0.0...
GetData ===>> H2,-0.221781910685426,H1,0.0579990554497869,AX,-0.103945062319318,L1,0.0113385160680325,L2,-0.005...
GetData ===>> H2,-0.280890451173498,H1,0.0499071162261224,AX,-0.0335316747038617,L1,-0.0139493902890721,L2,-0.1...
GetData ===>> H2,-0.19052303574751,H1,-0.0373440131230528,AX,-0.0486758968498019,L1,-0.011966879090021,L2,-0.07...
Get Checksum: 799532470
GetData ===>> H2,-0.183376769841181,H1,0.00763199835163166,AX,-0.0524441923874331,L1,0.0112652959028102,L2,-0.0...
GetData ===>> H2,-0.159755908651035,H1,-0.033850180998418,AX,-0.00491820180476091,L1,0.0193659515733309,L2,-0.0...
GetData ===>> H2,-0.188369786074576,H1,-0.0142920083898933,AX,-0.0705995342221922,L1,0.011238888760663,L2,-0.06...
Get Checksum: 799532470
GetData ===>> H2,-0.0736361886959142,H1,-0.0666492423582852,AX,-0.0152070302712599,L1,-0.0203534268714587,L2,0....
GetData ===>> H2,-0.0860529608770036,H1,-0.0611775179533368,AX,0.016382085084129,L1,-0.0212609615420664,L2,-0.1...
GetData ===>> H2,-0.12296532502078,H1,-0.0587693875648608,AX,-0.0706227189553719,L1,-0.00250441947181506,L2,-0....
Get Checksum: 799532470
GetData ===>> H2,-0.119943705630263,H1,-0.0185855931938093,AX,-0.0547398824492955,L1,0.0236518690875802,L2,0.02...
GetData ===>> H2,-0.11903056929239,H1,-0.0643366110313125,AX,-0.0752015954810861,L1,-0.00216125320943925,L2,0.0...
GetData ===>> H2,-0.198730099185609,H1,0.00620046944781478,AX,-0.0630178302006863,L1,-0.0160016378990678,L2,-0....
Get Checksum: 799532470
GetData ===>> H2,-0.213757085622067,H1,-0.024131200983679,AX,-0.0487222767586916,L1,0.0151755169762888,L2,0.016...
GetData ===>> H2,-0.102405453858065,H1,-0.00863850748757926,AX,-0.011298099536481,L1,0.031411072686831,L2,-0.07...
GetData ===>> H2,-0.097117270842008,H1,-0.0609867770655857,AX,-0.0781574646134484,L1,0.0223119486044038,L2,-0.0...
Get Checksum: 799532470
GetData ===>> H2,-0.224941585324482,H1,0.0715348226303593,AX,-0.0812523372397301,L1,0.0310253823442871,L2,0.016...
GetData ===>> H2,-0.100328923779034,H1,0.0368635231425831,AX,-0.0137339501776578,L1,0.0122664176994503,L2,0.006...
02:09:29 -- collecting point 50
GetData ===>> H2,-0.124129664625283,H1,0.00509104862780347,AX,0.00324867752192721,L1,0.0391111434945593,L2,-0.0...
Get Checksum: 799532470
GetData ===>> H2,-0.180129183411358,H1,-0.00459498503355675,AX,-0.0930745398577337,L1,-0.0194098396846901,L2,-0...
GetData ===>> H2,-0.235491674494249,H1,-0.0160690977734077,AX,-0.215150840805298,L1,0.0231759666220786,L2,-0.01...
GetData ===>> H2,-0.200450637085483,H1,-0.111544228511007,AX,-0.155081188728999,L1,-0.0200836682855237,L2,0.007...
Get Checksum: 799532470
GetData ===>> H2,-0.15488608170996,H1,-0.0184305502812563,AX,-0.00903618364268824,L1,-0.00777283291249254,L2,-0...
GetData ===>> H2,-0.140766104221835,H1,0.0240363950091417,AX,-0.114489930924673,L1,0.0332892710129786,L2,-0.025...
GetData ===>> H2,-0.235665228431518,H1,0.0143604584265546,AX,-0.101824362789266,L1,0.00311850166903191,L2,0.097...
Get Checksum: 799532470
GetData ===>> H2,-0.280924014806097,H1,0.0544781460679157,AX,0.0197237294873839,L1,-0.016435822066937,L2,-0.110...
GetData ===>> H2,-0.225052009807846,H1,0.0274011198432734,AX,-0.00984815949847583,L1,0.0358397584489754,L2,-0.1...
Get Checksum: 799532470
GetData ===>> H2,-0.185671241220233,H1,-0.0214359547153318,AX,-0.0993327714944872,L1,0.0284100460233668,L2,0.00...
GetData ===>> H2,-0.202006446837099,H1,-0.0268860015902426,AX,-0.118904530987183,L1,0.0349069889112534,L2,0.015...
measurement finished
estimated time: 62.915 actual time: :63.085
flush and close file /Users/jan/PychronDev/data/isotopes/50/645274-fb96-464a-a2da-d9ce2c67b1c9.h5
activate_detectors ('H1', 'AX', 'CDD') {'peak_center': True}
peak_center () {'detector': 'H1', 'integration_time': 0.262144, 'isotope': 'Ar40'}
peak center: mean=734.009149629 threshold=3
peak center started
setup peak center. detector=['H1', 'AX', 'CDD'], isotope=Ar40
VersionedUnpickler [<apptools.sweet_pickle.versioned_unpickler.VersionedUnpickler object at 0x16e860fb0>] using Updater [<apptools.sweet_pickle.updater.Updater object at 0x133e38fb0>]
VersionedUnpickler [<apptools.sweet_pickle.versioned_unpickler.VersionedUnpickler object at 0x16e860fb0>] using Updater [<apptools.sweet_pickle.updater.Updater object at 0x133e38fb0>]
VersionedUnpickler [<apptools.sweet_pickle.versioned_unpickler.VersionedUnpickler object at 0x16c1adb90>] using Updater [<apptools.sweet_pickle.updater.Updater object at 0x133e38fb0>]
setting integration time = 0.524288
SetIntegrationTime 0.524288 ===>> OK
Mapping mass to dac mass func: "parabolic"
H1 map mass coeffs = [-0.00063987  0.15840543  0.57055999]
H1 map mass to dac 39.9624 >> 5.87895
GetDeflection H1 ===>> 0
GetHighVoltage ===>> 4500
do peak center. <pychron.spectrometer.jobs.peak_center.PeakCenter object at 0x12d6e98f0>
doing pc
starting peak center. center dac= 5.87895 step_width=0.001
width = 0.001
get scan parameters. half-width=0.015,window=0.015, i=0, scalar=1
Scan parameters center=5.87895 width=0.03000 (5.86395 - 5.89395)
GetData ===>> H2,-0.0785671236134343,H1,-0.00967619930090073,AX,-0.0338331906329127,L1,0.0652260229789782,L2,-0...
Moving to starting dac 5.86395
setting magnet DAC
current  : 5.239606
requested: 5.863950
Delta Dac: 0.624344
Checking detector protection. dv=0.62434
Checking detector "CDD". Protection Threshold: 0.1 (V)
ProtectDetector CDD,On ===>> OK
GetDeflection CDD ===>> 2000
SetMagnetDAC 5.86395 ===>> OK
Magnet settling time: 0.500
GetMagnetMoving ===>> True
Get Checksum: 799532470
GetMagnetMoving ===>> True
GetMagnetMoving ===>> True
GetMagnetMoving ===>> True
GetMagnetMoving ===>> True
GetMagnetMoving ===>> True
GetMagnetMoving ===>> True
GetMagnetMoving ===>> True
GetMagnetMoving ===>> True
GetMagnetMoving ===>> False
ProtectDetector CDD,Off ===>> OK
GetDeflection CDD ===>> 50
Wait until signal near baseline. tol= -0.00725714947568. timeout= 10
GetData ===>> H2,39.8757348662204,H1,19.5107427968205,AX,1.31656424123432,L1,0.0204360769364113,L2,0.0901346977...
GetData ===>> H2,48.7985523161572,H1,27.379668072481,AX,4.22775459474095,L1,0.010198400973919,L2,-0.03240130320...
Get Checksum: 799532470
GetData ===>> H2,26.6535269154038,H1,12.9940008199769,AX,1.82798551884417,L1,0.00107900476932144,L2,-0.09778525...
GetData ===>> H2,11.2277315025019,H1,6.55543887221193,AX,0.874850595861519,L1,0.0263718274472636,L2,-0.08622740...
GetData ===>> H2,3.94435421129082,H1,3.37330235257733,AX,0.406373394580798,L1,0.0236820576531305,L2,-0.14947158...
GetData ===>> H2,1.16518450422426,H1,1.7870716364538,AX,0.286338767216095,L1,0.0320274869398412,L2,-0.002391195...
GetData ===>> H2,0.350093387335217,H1,1.09840809130006,AX,0.023541234468286,L1,0.0453322112463298,L2,-0.1113962...
GetData ===>> H2,0.350093387335217,H1,1.09840809130006,AX,0.023541234468286,L1,0.0453322112463298,L2,-0.1113962...
Get Checksum: 799532470
GetData ===>> H2,0.124626801531945,H1,0.786387415086698,AX,0.108661605093524,L1,0.0447822325728562,L2,-0.126277...
GetData ===>> H2,0.115447724421902,H1,0.620190431460954,AX,-0.119425927215618,L1,0.0346401557597886,L2,-0.13174...
GetData ===>> H2,0.204443289842917,H1,0.523193860231719,AX,0.0698603356048759,L1,0.0356762771420389,L2,0.023049...
GetData ===>> H2,0.144890453816584,H1,0.487124916548987,AX,0.0826996655159331,L1,0.0243592356748985,L2,-0.00696...
GetData ===>> H2,0.164639049953053,H1,0.541758892530209,AX,-0.0805105040821068,L1,0.0115318047329903,L2,-0.0346...
GetData ===>> H2,0.0968808413241787,H1,0.580070577814218,AX,0.0368398524109757,L1,-0.0129881488680544,L2,-0.036...
Get Checksum: 799532470
GetData ===>> H2,0.0971567243243391,H1,0.492068700379611,AX,0.0735914465162361,L1,-0.0197628236387327,L2,-0.016...
GetData ===>> H2,0.180411599856984,H1,0.419092019824974,AX,0.0463797705584677,L1,-0.0210707426442624,L2,-0.0363...
GetData ===>> H2,0.0822958189554527,H1,0.418087737279005,AX,-0.010474536244799,L1,-0.0343859733847581,L2,-0.029...
GetData ===>> H2,0.0616118292998563,H1,0.523743354983641,AX,-0.0163669201684221,L1,-0.0250557329598397,L2,-0.09...
GetData ===>> H2,-0.0276484153661576,H1,0.564557722131798,AX,0.0100820050334056,L1,-0.0109407102433182,L2,-0.01...
GetData ===>> H2,-0.0195993850002138,H1,0.442384630926873,AX,0.0551458571510197,L1,-0.0142322318770284,L2,0.004...
Get Checksum: 799532470
GetData ===>> H2,-0.0350259627071209,H1,0.488008570177656,AX,0.0155582945398986,L1,0.0224118712038676,L2,-0.058...
Peak center failed to move to a baseline position
_do_sweep sm= 5.86395, em= 5.89395, stm= 0.001
calculated step values: start=5.86395, end=5.89395, width=0.001, nsteps=31.0
setting magnet DAC
current  : 5.863950
requested: 5.863950
Delta Dac: 0.000000
Checking detector protection. dv=0.00000
Checking detector "CDD". Protection Threshold: 0.1 (V)
SetMagnetDAC 5.86395 ===>> OK
GetData ===>> H2,-0.0350259627071209,H1,0.488008570177656,AX,0.0155582945398986,L1,0.0224118712038676,L2,-0.058...
setting magnet DAC
current  : 5.863950
requested: 5.864984
Delta Dac: 0.001034
Checking detector protection. dv=0.00103
Checking detector "CDD". Protection Threshold: 0.1 (V)
SetMagnetDAC 5.86498448276 ===>> OK
Magnet settling time: 1.049
GetData ===>> H2,-0.135507128286294,H1,0.797071335367172,AX,0.244471811728017,L1,0.00966844596868297,L2,-0.0585...
setting magnet DAC
current  : 5.864984
requested: 5.866019
Delta Dac: 0.001034
Checking detector protection. dv=0.00103
Checking detector "CDD". Protection Threshold: 0.1 (V)
SetMagnetDAC 5.86601896552 ===>> OK
Magnet settling time: 1.049
GetData ===>> H2,-0.0489938139301798,H1,3.0630779102039,AX,0.448971559743303,L1,0.0128821757751676,L2,-0.047357...
setting magnet DAC
current  : 5.866019
requested: 5.867053
Delta Dac: 0.001034
Checking detector protection. dv=0.00103
Checking detector "CDD". Protection Threshold: 0.1 (V)
SetMagnetDAC 5.86705344828 ===>> OK
Magnet settling time: 1.049
Get Checksum: 799532470
GetData ===>> H2,-0.0682772360193739,H1,11.9530210797308,AX,1.72306439404974,L1,-0.00491825162237391,L2,0.11259...
setting magnet DAC
current  : 5.867053
requested: 5.868088
Delta Dac: 0.001034
Checking detector protection. dv=0.00103
Checking detector "CDD". Protection Threshold: 0.1 (V)
SetMagnetDAC 5.86808793103 ===>> OK
Magnet settling time: 1.049
GetData ===>> H2,-0.0366958415915153,H1,41.7281482924302,AX,6.07966456994896,L1,0.0393672724325262,L2,0.0108408...
setting magnet DAC
current  : 5.868088
requested: 5.869122
Delta Dac: 0.001034
Checking detector protection. dv=0.00103
Checking detector "CDD". Protection Threshold: 0.1 (V)
SetMagnetDAC 5.86912241379 ===>> OK
Magnet settling time: 1.049
GetData ===>> H2,-0.102781410560815,H1,117.608795996714,AX,18.1132367583318,L1,0.105027850177903,L2,-0.06952520...
setting magnet DAC
current  : 5.869122
requested: 5.870157
Delta Dac: 0.001034
Checking detector protection. dv=0.00103
Checking detector "CDD". Protection Threshold: 0.1 (V)
SetMagnetDAC 5.87015689655 ===>> OK
Magnet settling time: 1.049
Get Checksum: 799532470
GetData ===>> H2,0.0103426819333153,H1,257.909480680122,AX,43.9503170630682,L1,0.260946106791774,L2,0.135165488...
setting magnet DAC
current  : 5.870157
requested: 5.871191
Delta Dac: 0.001034
Checking detector protection. dv=0.00103
Checking detector "CDD". Protection Threshold: 0.1 (V)
SetMagnetDAC 5.87119137931 ===>> OK
Magnet settling time: 1.049
GetData ===>> H2,-0.0319978345945758,H1,518.474400490751,AX,100.699112567363,L1,0.755031873522,L2,0.27967244339...
setting magnet DAC
current  : 5.871191
requested: 5.872226
Delta Dac: 0.001034
Checking detector protection. dv=0.00103
Checking detector "CDD". Protection Threshold: 0.1 (V)
SetMagnetDAC 5.87222586207 ===>> OK
Magnet settling time: 1.049
GetData ===>> H2,-0.062586987469949,H1,628.746100034281,AX,131.691903218049,L1,1.23236142675194,L2,0.5491442138...
setting magnet DAC
current  : 5.872226
requested: 5.873260
Delta Dac: 0.001034
Checking detector protection. dv=0.00103
Checking detector "CDD". Protection Threshold: 0.1 (V)
SetMagnetDAC 5.87326034483 ===>> OK
Magnet settling time: 1.049
Get Checksum: 799532470
GetData ===>> H2,-0.186095015382387,H1,678.000033127932,AX,148.670421195075,L1,1.57747996963505,L2,0.6007324149...
setting magnet DAC
current  : 5.873260
requested: 5.874295
Delta Dac: 0.001034
Checking detector protection. dv=0.00103
Checking detector "CDD". Protection Threshold: 0.1 (V)
SetMagnetDAC 5.87429482759 ===>> OK
Magnet settling time: 1.049
GetData ===>> H2,-0.160745828353252,H1,695.07679029729,AX,155.39513743562,L1,1.70944290812232,L2,0.742608643909...
setting magnet DAC
current  : 5.874295
requested: 5.875329
Delta Dac: 0.001034
Checking detector protection. dv=0.00103
Checking detector "CDD". Protection Threshold: 0.1 (V)
SetMagnetDAC 5.87532931034 ===>> OK
Magnet settling time: 1.049
Get Checksum: 799532470
GetData ===>> H2,-0.188571314144045,H1,699.730729643387,AX,157.149382704284,L1,1.85640937840298,L2,1.0417263469...
setting magnet DAC
current  : 5.875329
requested: 5.876364
Delta Dac: 0.001034
Checking detector protection. dv=0.00103
Checking detector "CDD". Protection Threshold: 0.1 (V)
SetMagnetDAC 5.8763637931 ===>> OK
Magnet settling time: 1.049
GetData ===>> H2,-0.0648974323460539,H1,700.280418317206,AX,157.610367588948,L1,1.91077554940555,L2,0.848342509...
setting magnet DAC
current  : 5.876364
requested: 5.877398
Delta Dac: 0.001034
Checking detector protection. dv=0.00103
Checking detector "CDD". Protection Threshold: 0.1 (V)
SetMagnetDAC 5.87739827586 ===>> OK
Magnet settling time: 1.049
GetData ===>> H2,-0.148416954683556,H1,700.628639829083,AX,157.455745652664,L1,2.00703826667224,L2,0.8821094373...
setting magnet DAC
current  : 5.877398
requested: 5.878433
Delta Dac: 0.001034
Checking detector protection. dv=0.00103
Checking detector "CDD". Protection Threshold: 0.1 (V)
SetMagnetDAC 5.87843275862 ===>> OK
Magnet settling time: 1.049
Get Checksum: 799532470
GetData ===>> H2,-0.132837462714574,H1,700.813449399531,AX,157.731474464155,L1,2.01227728876747,L2,0.8661974402...
setting magnet DAC
current  : 5.878433
requested: 5.879467
Delta Dac: 0.001034
Checking detector protection. dv=0.00103
Checking detector "CDD". Protection Threshold: 0.1 (V)
SetMagnetDAC 5.87946724138 ===>> OK
Magnet settling time: 1.049
GetData ===>> H2,-0.0273468013468009,H1,700.803782871249,AX,157.674606014182,L1,2.03926053821771,L2,0.981418597...
setting magnet DAC
current  : 5.879467
requested: 5.880502
Delta Dac: 0.001034
Checking detector protection. dv=0.00103
Checking detector "CDD". Protection Threshold: 0.1 (V)
SetMagnetDAC 5.88050172414 ===>> OK
Magnet settling time: 1.049
GetData ===>> H2,0.0361151185680777,H1,700.387219771914,AX,157.462120861419,L1,2.07217052233253,L2,0.8841243817...
setting magnet DAC
current  : 5.880502
requested: 5.881536
Delta Dac: 0.001034
Checking detector protection. dv=0.00103
Checking detector "CDD". Protection Threshold: 0.1 (V)
SetMagnetDAC 5.8815362069 ===>> OK
Magnet settling time: 1.049
Get Checksum: 799532470
GetData ===>> H2,-0.204013583678229,H1,699.862117634495,AX,157.35071968029,L1,2.0862629933995,L2,0.736527111811...
setting magnet DAC
current  : 5.881536
requested: 5.882571
Delta Dac: 0.001034
Checking detector protection. dv=0.00103
Checking detector "CDD". Protection Threshold: 0.1 (V)
SetMagnetDAC 5.88257068966 ===>> OK
Magnet settling time: 1.049
GetData ===>> H2,-0.172726045853079,H1,698.874414905487,AX,157.068133169591,L1,2.06168357202159,L2,0.8647322953...
setting magnet DAC
current  : 5.882571
requested: 5.883605
Delta Dac: 0.001034
Checking detector protection. dv=0.00103
Checking detector "CDD". Protection Threshold: 0.1 (V)
SetMagnetDAC 5.88360517241 ===>> OK
Magnet settling time: 1.049
GetData ===>> H2,-0.0518520315674724,H1,694.963679887447,AX,155.457053278757,L1,2.09454420222394,L2,0.830170512...
setting magnet DAC
current  : 5.883605
requested: 5.884640
Delta Dac: 0.001034
Checking detector protection. dv=0.00103
Checking detector "CDD". Protection Threshold: 0.1 (V)
SetMagnetDAC 5.88463965517 ===>> OK
Magnet settling time: 1.049
Get Checksum: 799532470
GetData ===>> H2,-0.171428216043704,H1,681.187517911825,AX,149.484165466947,L1,1.96250881752975,L2,0.8209942742...
setting magnet DAC
current  : 5.884640
requested: 5.885674
Delta Dac: 0.001034
Checking detector protection. dv=0.00103
Checking detector "CDD". Protection Threshold: 0.1 (V)
SetMagnetDAC 5.88567413793 ===>> OK
Magnet settling time: 1.049
GetData ===>> H2,-0.170802182599118,H1,634.644657848723,AX,132.115519196718,L1,1.77673113088938,L2,0.5970498908...
setting magnet DAC
current  : 5.885674
requested: 5.886709
Delta Dac: 0.001034
Checking detector protection. dv=0.00103
Checking detector "CDD". Protection Threshold: 0.1 (V)
SetMagnetDAC 5.88670862069 ===>> OK
Magnet settling time: 1.049
Get Checksum: 799532470
GetData ===>> H2,-0.253340810361494,H1,522.674532512725,AX,97.4732373216161,L1,1.4400367846096,L2,0.28585057172...
setting magnet DAC
current  : 5.886709
requested: 5.887743
Delta Dac: 0.001034
Checking detector protection. dv=0.00103
Checking detector "CDD". Protection Threshold: 0.1 (V)
SetMagnetDAC 5.88774310345 ===>> OK
Magnet settling time: 1.049
GetData ===>> H2,-0.337623340850301,H1,353.472801109634,AX,56.9984779883682,L1,1.01428810719207,L2,0.1502412864...
setting magnet DAC
current  : 5.887743
requested: 5.888778
Delta Dac: 0.001034
Checking detector protection. dv=0.00103
Checking detector "CDD". Protection Threshold: 0.1 (V)
SetMagnetDAC 5.88877758621 ===>> OK
Magnet settling time: 1.049
GetData ===>> H2,-0.200923873960304,H1,183.229718804707,AX,24.8016956470773,L1,0.63812493655525,L2,0.0294735417...
setting magnet DAC
current  : 5.888778
requested: 5.889812
Delta Dac: 0.001034
Checking detector protection. dv=0.00103
Checking detector "CDD". Protection Threshold: 0.1 (V)
SetMagnetDAC 5.88981206897 ===>> OK
Magnet settling time: 1.049
Get Checksum: 799532470
GetData ===>> H2,-0.252784154488449,H1,72.7762561173036,AX,7.98580359594611,L1,0.420517004680096,L2,0.013756226...
setting magnet DAC
current  : 5.889812
requested: 5.890847
Delta Dac: 0.001034
Checking detector protection. dv=0.00103
Checking detector "CDD". Protection Threshold: 0.1 (V)
SetMagnetDAC 5.89084655172 ===>> OK
Magnet settling time: 1.049
GetData ===>> H2,-0.235194995513135,H1,22.8620678544802,AX,2.03839552491266,L1,0.238031177193452,L2,-0.07328004...
setting magnet DAC
current  : 5.890847
requested: 5.891881
Delta Dac: 0.001034
Checking detector protection. dv=0.00103
Checking detector "CDD". Protection Threshold: 0.1 (V)
SetMagnetDAC 5.89188103448 ===>> OK
Magnet settling time: 1.049
GetData ===>> H2,-0.315541482101666,H1,6.05518407965413,AX,0.263742774397832,L1,0.169038160747903,L2,-0.0006832...
setting magnet DAC
current  : 5.891881
requested: 5.892916
Delta Dac: 0.001034
Checking detector protection. dv=0.00103
Checking detector "CDD". Protection Threshold: 0.1 (V)
SetMagnetDAC 5.89291551724 ===>> OK
Magnet settling time: 1.049
Get Checksum: 799532470
GetData ===>> H2,-0.364819882243588,H1,1.26598398959541,AX,-0.160039898028874,L1,0.0809042028270021,L2,-0.03923...
setting magnet DAC
current  : 5.892916
requested: 5.893950
Delta Dac: 0.001034
Checking detector protection. dv=0.00103
Checking detector "CDD". Protection Threshold: 0.1 (V)
SetMagnetDAC 5.89395 ===>> OK
Magnet settling time: 1.049
GetData ===>> H2,-0.195038392115831,H1,0.0749497111409926,AX,-0.0900379935387864,L1,-0.0183349376952082,L2,0.14...
result of _do_sweep=True
result of _calculate_peak_center=([5.8711944889779559, 5.8789800601202407, 5.8867656312625254], [516.84815122735699, 700.81339128413049, 513.34978779615392], 5.8784389779559127, 700.81339128413049)
Failed to find a valid peak. No peak greater than 1.0. max = 0.233923271648
new center pos Detector(H1) (Ar40) @ 5.87898006012
GetHighVoltage ===>> 4500
GetDeflection H1 ===>> 0
dac uncorrected for HV and deflection 5.87898006012
update mftable H1 Ar40 5.87898006012 message=automated run peakcenter
get initial guess parabolic
get initial guess parabolic
get initial guess parabolic
get initial guess parabolic
get initial guess parabolic
get initial guess parabolic
dump mftable to /Users/jan/PychronDev/setupfiles/spectrometer/mftables/mftable.csv
add to repo msg=modified - automated run peakcenter
sweep finished
locally archiving mftable
setting magnet DAC
current  : 5.893950
requested: 5.878980
Delta Dac: 0.014970
Checking detector protection. dv=0.01497
Checking detector "CDD". Protection Threshold: 0.1 (V)
SetMagnetDAC 5.87898006012 ===>> OK
Magnet settling time: 0.500
Get Checksum: 799532470
setting integration time = 1.048576
SetIntegrationTime 1.048576 ===>> OK
Failed to find a valid peak. No peak greater than 1.0. max = 0.233923271648
flush and close file /Users/jan/PychronDev/data/isotopes/50/645274-fb96-464a-a2da-d9ce2c67b1c9.h5
finished measure script
executed 226.132928
jan_unknown120_60.py completed successfully
Measurement Finished
02:10:28 -- ******* Measurement Finished *******
Post Measurement Started jan_pump_ms.py
02:10:28 -- ******* Post Measurement Started jan_pump_ms.py *******
testing...
no interpolation path defined
executed 0
Pumping spectrometer
open () {'name': 'O'}
opening name=O desc=---
checking ownership. requestor=129.138.12.150
check software interlocks O
interlocks []
actuate state mode=None-script, software_lock=False
doing actuation None-script open_channel True
Open O ===>> OK
GetIndicatorState O ===>> OK
change switch state (True, True)
update switch state O True args=() kw={} ncanvase=2
02:10:28 -- OPEN   VALVE-O (Jan Ion Pump)
---------------------------------------- open O () result=[(True, True)], time=0.10 sec
action=open, ok=True, locked=[False]
executed 0
jan_pump_ms.py completed successfully
setting _ms_pumptime
Post Measurement Finished
02:10:28 -- ******* Post Measurement Finished *******
$$$$$$$$$$$$$$$$$$$$ state at run end measurement
state changed from measurement to success
post measurement save measured=True aborted=False
Set filtering
setting fod for Ar40= {'filter_outliers': True, 'std_devs': 2, 'iterations': 1}
setting fod for H1= {'filter_outliers': True, 'std_devs': 2, 'iterations': 1}
setting fod for PM41= {'filter_outliers': False, 'std_devs': 2, 'iterations': 1}
setting fod for H2= {'filter_outliers': True, 'std_devs': 2, 'iterations': 1}
setting fod for Ar36= {'filter_outliers': True, 'std_devs': 2, 'iterations': 1}
setting fod for CDD= {'filter_outliers': True, 'std_devs': 10, 'iterations': 1}
setting fod for Ar37= {'filter_outliers': True, 'std_devs': 2, 'iterations': 1}
setting fod for L2= {'filter_outliers': True, 'std_devs': 2, 'iterations': 1}
setting fod for Ar38= {'filter_outliers': True, 'std_devs': 2, 'iterations': 1}
setting fod for L1= {'filter_outliers': True, 'std_devs': 2, 'iterations': 1}
setting fod for Ar39= {'filter_outliers': True, 'std_devs': 2, 'iterations': 1}
setting fod for AX= {'filter_outliers': True, 'std_devs': 2, 'iterations': 1}
persistence save...
persistence save - db
post measurement save
5796800752 connecting to database sqlite:////Users/jan/PychronDev/.appdata/local_lab.db
connected to db sqlite:////Users/jan/PychronDev/.appdata/local_lab.db
create new session 5796800752
close session 5796800752
No database instance. Not saving post measurement to isotopedb database
$$$$$$$$$$$$$$$ auto_save_detector_ic=False
massspec enabled True
create new session 5019860144
MassSpec Database Version: 16.0
close session 5019860144
saving post measurement to secondary database
saving to massspec database 129.138.12.160/massspecdata
setting labnumber to 65575
setting aliquot to 16
setting step to 
setting uuid to 50645274-fb96-464a-a2da-d9ce2c67b1c9
setting irradpos to 65575
setting extract_device to Fusions CO2
setting tray to 
setting position to 97
setting power_requested to 5.0
setting extract_value to 5.0
setting duration to 30.0
setting duration_at_request to 30.0
setting first_stage_delay to 30.0
setting cleanup to 30.0
setting comment to M:20 w/ inclusions
setting irradiation to NM-289
setting level to M
setting irradiation_level to M
setting sample to NM-2607 W
setting material to Sanidine
setting project to JoyitaHills
setting mass_spectrometer to Jan
no attribute chron_dosages
no attribute production_ratios
no attribute interference_corrections
no attribute production_name
no attribute j
Reference Isotope=Ar40
Reference Detector=H1
%%%%%%%%%%%%%%%%%%%% Comment: M:20 w/ inclusions %%%%%%%%%%%%%%%%%%%
adding isotope PM41 H2
add baseline dbdet= PM41. original det= H2
get baseline data PM41 H2
Get data baseline <pychron.processing.isotope.Baseline object at 0x16f897dd0> len t=60
baseline PM41. v=-0.179617877905, e=0.00693669932716
get signal data PM41 H2
Get data signal PM41 0.05+/-0.07 len t=120
adding isotope Ar40 H1
add baseline dbdet= Ar40. original det= H1
get baseline data Ar40 H1
Get data baseline <pychron.processing.isotope.Baseline object at 0x16f897fd0> len t=60
baseline Ar40. v=-0.00786850082235, e=0.00532700382281
get signal data Ar40 H1
Get data signal Ar40 771.32+/-0.06 len t=120
adding isotope Ar39 AX
add baseline dbdet= Ar39. original det= AX
get baseline data Ar39 AX
Get data baseline <pychron.processing.isotope.Baseline object at 0x16f8a51d0> len t=60
baseline Ar39. v=-0.0635118707094, e=0.00710963793567
get signal data Ar39 AX
Get data signal Ar39 173.538+/-0.025 len t=120
adding isotope Ar38 L1
add baseline dbdet= Ar38. original det= L1
get baseline data Ar38 L1
Get data baseline <pychron.processing.isotope.Baseline object at 0x16f8a5390> len t=60
baseline Ar38. v=-0.0092809727546, e=0.00356626634837
get signal data Ar38 L1
Get data signal Ar38 2.281+/-0.005 len t=120
adding isotope Ar37 L2
add baseline dbdet= Ar37. original det= L2
get baseline data Ar37 L2
Get data baseline <pychron.processing.isotope.Baseline object at 0x16f8a5550> len t=60
baseline Ar37. v=-0.0331680993, e=0.00722592232322
get signal data Ar37 L2
Get data signal Ar37 1.028+/-0.011 len t=120
adding isotope Ar36 CDD
add baseline dbdet= Ar36. original det= CDD
get baseline data Ar36 CDD
Get data baseline <pychron.processing.isotope.Baseline object at 0x16f8a5710> len t=60
baseline Ar36. v=0.000168714134399, e=1.98487218076e-05
get signal data Ar36 CDD
Get data signal Ar36 0.2461+/-0.0013 len t=120
65575-16 added analysis time 0.510066986084s
analysis added to mass spec database
mass spec save time= 0.520
persistence save - dvc
================= post measurement started
create new session 4983587952
close session 4983587952
---------------- Experiment Queue saving disabled
DVC saving peakcenter
Failed to find a valid peak. No peak greater than 1.0. max = 0.233923271648
Get Checksum: 2035211824
Smart pull ahead: 0 behind: 0
Up-to-date with origin
add to repo msg=modified - ad8224ebc6dbfeb9f5997218dfa5fe690569839d.json
add to repo msg=modified - 75-16.json
add to repo msg=modified - 75-16.dat.json
add to repo msg=modified - 75-16.blan.json
add to repo msg=modified - 75-16.inte.json
add to repo msg=modified - 75-16.icfa.json
add to repo msg=modified - 75-16.base.json
not at valid file /Users/jan/PychronDev/data/.dvc/repositories/Load1785/655/tags/75-16.tags.json
add to repo msg=modified - 75-16.peak.json
add to repo msg=modified - 75-16.extr.json
not at valid file /Users/jan/PychronDev/data/.dvc/repositories/Load1785/655/monitor/75-16.moni.json
commit message=<COLLECTION>
add to repo msg=modified - 75-16.inte.json
add to repo msg=modified - 75-16.base.json
commit message=<ISOEVO> default collection fits
Get Checksum: 2035211824
add to repo msg=modified - 75-16.blan.json
commit message=<BLANKS> preceding bu-FC-J-7506
add to repo msg=modified - 75-16.icfa.json
commit message=<ICFactor> default
push repository <pychron.git_archive.repo_manager.GitRepoManager object at 0x16d66c890>
pushing to remote=origin, url=https://github.com
Get Checksum: 2035211824
no changes to meta repo
Get Checksum: 2035211824
create new session 4983587952
add association Load1785
get identifier "65575"
setting analysis irradiation position=<pychron.dvc.dvc_orm.IrradiationPositionTbl object at 0x1520d7f10>
close session 4983587952
================= post measurement finished
02:10:41 -- ******* Post Run Check *******
loading queue conditionals post_run_actions
loading system conditionals post_run_actions
loading conditionals from /Users/jan/PychronDev/setupfiles/spectrometer/default_conditionals.yaml
loading queue conditionals post_run_terminations
loading system conditionals post_run_terminations
loading conditionals from /Users/jan/PychronDev/setupfiles/spectrometer/default_conditionals.yaml
Checking default post run terminations n=1
GetDeflection CDD ===>> 50
testing CDD==2000
evaluate ot="CDD.deflection==2000" t="CDD==2000", ctx="{'CDD': 50.0}"
02:10:41 -- ******* Post Run Check Passed *******
02:10:41 -- Automated run 65575-16 success duration: 362.937 s
----------------- finish -----------------
----------------- stop -----------------
retroactive repository identifiers disabled
finish run. runs completed=84
update duration runid=65575-16, duration=362.936895847, md5=301e91d8
loading script "jan_unknown120_60.py"
loading script "jan_pump_ms.py"
loading script "jan_co2.py"
loading script "jan_pump_extraction_line.py"
testing...
no interpolation path defined
executed 213.652928
script duration name:unknown120_60 seconds:214.0
loading script "jan_unknown120_60.py"
loading script "jan_pump_ms.py"
loading script "jan_co2.py"
loading script "jan_pump_extraction_line.py"
testing...
no interpolation path defined
executed 0
loading script "jan_unknown120_60.py"
loading script "jan_pump_ms.py"
loading script "jan_co2.py"
loading script "jan_pump_extraction_line.py"
testing...
no interpolation path defined
calculate duration
testing...
no interpolation path defined
executed 0
calculate duration
testing...
no interpolation path defined
executed 0
executed 0.0
script duration name:co2 seconds:0.0
loading script "jan_unknown120_60.py"
loading script "jan_pump_ms.py"
loading script "jan_co2.py"
loading script "jan_pump_extraction_line.py"
testing...
no interpolation path defined
calculate duration
testing...
no interpolation path defined
executed 4.0
executed 4.0
Script duration 214.0
Run total estimated duration= 215.000
unknown120_60 in script context. using previous estimated duration
script duration name:unknown120_60 seconds:214.0
pump_ms in script context. using previous estimated duration
co2 in script context. using previous estimated duration
script duration name:co2 seconds:0.0
pump_extraction_line in script context. using previous estimated duration
Script duration 214.0
Run total estimated duration= 215.000
loading script "jan_unknown400_120.py"
loading script "jan_pump_ms.py"
loading script "jan_co2.py"
loading script "jan_pump_extraction_line.py"
testing...
no interpolation path defined
executed 556.052928
script duration name:unknown400_120 seconds:556.0
script duration name:co2 seconds:0.0
Script duration 556.0
Run total estimated duration= 557.000
unknown400_120 in script context. using previous estimated duration
script duration name:unknown400_120 seconds:556.0
loading script "jan_unknown400_120.py"
loading script "jan_pump_ms.py"
loading script "jan_cocktail_x1.py"
loading script "jan_pump_extraction_line.py"
testing...
no interpolation path defined
calculate duration
testing...
no interpolation path defined
executed 0
calculate duration
testing...
no interpolation path defined
executed 0
calculate duration
testing...
no interpolation path defined
executed 32.0
calculate duration
testing...
no interpolation path defined
executed 34.0
calculate duration
testing...
no interpolation path defined
executed 4.0
calculate duration
testing...
no interpolation path defined
executed 38.0
executed 108.0
script duration name:cocktail_x1 seconds:108.0
Script duration 664.0
Run total estimated duration= 665.000
script duration name:unknown400_120 seconds:556.0
cocktail_x1 in script context. using previous estimated duration
script duration name:cocktail_x1 seconds:108.0
Script duration 664.0
Run total estimated duration= 665.000
script duration name:unknown400_120 seconds:556.0
loading script "jan_unknown400_120.py"
loading script "jan_pump_ms.py"
loading script "jan_sniffair_x2.py"
loading script "jan_pump_extraction_line.py"
testing...
no interpolation path defined
calculate duration
testing...
no interpolation path defined
executed 0
calculate duration
testing...
no interpolation path defined
executed 0
calculate duration
testing...
no interpolation path defined
executed 32.0
calculate duration
testing...
no interpolation path defined
executed 34.0
calculate duration
testing...
no interpolation path defined
executed 4.0
calculate duration
testing...
no interpolation path defined
executed 36.0
calculate duration
testing...
no interpolation path defined
executed 34.0
calculate duration
testing...
no interpolation path defined
executed 4.0
calculate duration
testing...
no interpolation path defined
executed 36.0
calculate duration
testing...
no interpolation path defined
executed 70.0
executed 250.0
script duration name:sniffair_x2 seconds:250.0
Script duration 806.0
Run total estimated duration= 807.000
loading script "jan_ic_peak_hop3.py"
loading script "jan_pump_ms.py"
loading script "jan_air_x1.py"
loading script "jan_pump_extraction_line.py"
testing...
no interpolation path defined
executed 133.8
script duration name:ic_peak_hop3 seconds:134.0
loading script "jan_ic_peak_hop3.py"
loading script "jan_pump_ms.py"
loading script "jan_air_x1.py"
loading script "jan_pump_extraction_line.py"
testing...
no interpolation path defined
calculate duration
testing...
no interpolation path defined
executed 0
calculate duration
testing...
no interpolation path defined
executed 0
calculate duration
testing...
no interpolation path defined
executed 32.0
calculate duration
testing...
no interpolation path defined
executed 34.0
calculate duration
testing...
no interpolation path defined
executed 4.0
calculate duration
testing...
no interpolation path defined
executed 36.0
executed 106.0
script duration name:air_x1 seconds:106.0
Script duration 240.0
Run total estimated duration= 241.000
script duration name:unknown120_60 seconds:214.0
script duration name:co2 seconds:0.0
Script duration 214.0
Run total estimated duration= 215.000
script duration name:unknown120_60 seconds:214.0
script duration name:co2 seconds:0.0
Script duration 214.0
Run total estimated duration= 215.000
script duration name:unknown120_60 seconds:214.0
script duration name:co2 seconds:0.0
Script duration 214.0
Run total estimated duration= 215.000
script duration name:unknown120_60 seconds:214.0
script duration name:co2 seconds:0.0
Script duration 214.0
Run total estimated duration= 215.000
script duration name:unknown120_60 seconds:214.0
script duration name:co2 seconds:0.0
Script duration 214.0
Run total estimated duration= 215.000
script duration name:unknown120_60 seconds:214.0
script duration name:co2 seconds:0.0
Script duration 214.0
Run total estimated duration= 215.000
script duration name:unknown120_60 seconds:214.0
script duration name:co2 seconds:0.0
Script duration 214.0
Run total estimated duration= 215.000
script duration name:unknown120_60 seconds:214.0
script duration name:co2 seconds:0.0
Script duration 214.0
Run total estimated duration= 215.000
script duration name:unknown120_60 seconds:214.0
script duration name:co2 seconds:0.0
Script duration 214.0
Run total estimated duration= 215.000
script duration name:unknown120_60 seconds:214.0
script duration name:co2 seconds:0.0
Script duration 214.0
Run total estimated duration= 215.000
script duration name:unknown120_60 seconds:214.0
script duration name:co2 seconds:0.0
Script duration 214.0
Run total estimated duration= 215.000
nruns=18 before=5.0, run_dur=5730.0, btw=510.0
write rem/ex queues
/Users/jan/PychronDev/experiments/rem/CurrentExperimentPartial.rem.txt
/Users/jan/PychronDev/experiments/rem/CurrentExperimentPartial.ex.txt
doing event level: 3
