do run
loading script "jan_unknown120_60.py"
loading script "jan_pump_ms.py"
loading script "jan_co2.py"
loading script "jan_pump_extraction_line.py"
testing...
no interpolation path defined
executed 213.652928
script duration name:unknown120_60 seconds:214.0
loading script "jan_unknown120_60.py"
loading script "jan_pump_ms.py"
loading script "jan_co2.py"
loading script "jan_pump_extraction_line.py"
testing...
no interpolation path defined
executed 0
loading script "jan_unknown120_60.py"
loading script "jan_pump_ms.py"
loading script "jan_co2.py"
loading script "jan_pump_extraction_line.py"
testing...
no interpolation path defined
calculate duration
testing...
no interpolation path defined
executed 0
calculate duration
testing...
no interpolation path defined
executed 0
executed 0.0
script duration name:co2 seconds:0.0
loading script "jan_unknown120_60.py"
loading script "jan_pump_ms.py"
loading script "jan_co2.py"
loading script "jan_pump_extraction_line.py"
testing...
no interpolation path defined
calculate duration
testing...
no interpolation path defined
executed 4.0
executed 4.0
Script duration 214.0
Run total estimated duration= 215.000
run duration: 0:03:35
doing event level: 2
04:34:02 -- Setting default integration. t=1.048576
setting integration time = 1.048576
SetIntegrationTime 1.048576 ===>> OK
----------------- start -----------------
**************** Experiment Type: Ar/Ar, Ar/Ar
create new session 4993924272
close session 4993924272
$$$$$ Clearing conditionals
adding conditionals 
Add queue conditionals
add default conditionals
adding default conditionals from /Users/jan/PychronDev/setupfiles/spectrometer/default_conditionals.yaml
Start automated run 65575-29
loading script "jan_unknown120_60.py"
loading script "jan_pump_ms.py"
loading script "jan_co2.py"
loading script "jan_pump_extraction_line.py"
%%%%%%%%%%%%%%%%%% setting automated run 65575-29
No value "sensitivity_multiplier" in metadata
$$$$$$$$$$$$$$$ auto_save_detector_ic=False
============================= Pre Extraction Check =============================
loading queue conditionals pre_run_terminations
loading system conditionals pre_run_terminations
loading conditionals from /Users/jan/PychronDev/setupfiles/spectrometer/default_conditionals.yaml
04:34:02 -- ******* Pre Extraction Check *******
Get a measurement from the spectrometer
GetData ===>> H2,-0.203378725309905,H1,-0.0169874470356877,AX,-0.180907689156431,L1,0.0233622389014237,L2,-0.02...
Pre Extraction Termination data. keys=H2,H1,AX,L1,L2,CDD, signals=-0.20338,-0.01699,-0.18091,0.02336,-0.02463,0.00342
04:34:02 -- testing system defined conditionals
Checking default pre extraction terminations n=2
testing CDD
evaluate ot="CDD.inactive" t="CDD", ctx="{'CDD': False}"
GetDeflection CDD ===>> 50
testing CDD==2000
evaluate ot="CDD.deflection==2000" t="CDD==2000", ctx="{'CDD': 50.0}"
04:34:02 -- ******* Pre Extraction Check Passed *******
=================================================================================
04:34:02 -- stopping status monitor
stop 4977824688
Alive clients [4983939824]
04:34:02 -- starting status monitor
start 4977824688
Monitor already running
start extraction
do extraction
Analysis started at 04:34:02.386460
Extraction Started jan_co2.py
04:34:02 -- ******* Extraction Started jan_co2.py *******
state changed from not run to extraction
DO EXTRACTION <pychron.extraction_line.pyscript_runner.RemotePyScriptRunner object at 0x12c3c43b0>
testing...
no interpolation path defined
calculate duration
testing...
no interpolation path defined
executed 0
calculate duration
testing...
no interpolation path defined
executed 0
executed 100.0
Jan CO2 laser analysis
doing GOSUB
testing...
no interpolation path defined
executed 0
Waiting for CO2 access
wait ('FelixCO2Flag', 0) {}
waiting for FelixCO2Flag = 0
Read FelixCO2Flag ===>> 0
finished waiting
CO2 free
wait ('CO2PumpTimeFlag', 0) {}
waiting for CO2PumpTimeFlag = 0
Read CO2PumpTimeFlag ===>> 0
finished waiting
acquire ('JanCO2Flag',) {'clear': True}
acquire JanCO2Flag
Set JanCO2Flag 1 ===>> OK
JanCO2Flag acquired
set extraction state False (0.75, 'red', 1.5)
CO2 acquired
executed 0
WaitForCO2Access.py completed successfully
gosub finished
doing GOSUB
testing...
no interpolation path defined
executed 0
Prepare for CO2 analysis
close () {'description': 'Jan Inlet'}
closing name=--- desc=Jan Inlet
checking ownership. requestor=129.138.12.150
check software interlocks R
interlocks []
actuate state mode=None-script, software_lock=False
doing actuation None-script close_channel False
Close R ===>> OK
GetIndicatorState R ===>> False
change switch state (True, True)
update switch state R False args=() kw={} ncanvase=2
04:34:02 -- CLOSE  VALVE-R (Jan Inlet)
---------------------------------------- close None (Jan Inlet) result=[(True, True)]
action=close, ok=True, locked=[False]
open () {'description': 'Jan Ion Pump'}
opening name=--- desc=Jan Ion Pump
checking ownership. requestor=129.138.12.150
check software interlocks O
interlocks []
actuate state mode=None-script, software_lock=False
doing actuation None-script open_channel False
Open O ===>> OK
GetIndicatorState O ===>> OK
change switch state (True, True)
update switch state O True args=() kw={} ncanvase=2
04:34:03 -- OPEN   VALVE-O (Jan Ion Pump)
---------------------------------------- open None (Jan Ion Pump) result=[(True, True)], time=0.09 sec
action=open, ok=True, locked=[False]
close () {'description': 'Microbone to Minibone'}
closing name=--- desc=Microbone to Minibone
checking ownership. requestor=129.138.12.150
check software interlocks L
interlocks []
actuate state mode=None-script, software_lock=False
doing actuation None-script close_channel False
Close L ===>> OK
GetIndicatorState L ===>> False
change switch state (True, True)
update switch state L False args=() kw={} ncanvase=2
04:34:03 -- CLOSE  VALVE-L (Microbone to Minibone)
---------------------------------------- close None (Microbone to Minibone) result=[(True, True)]
action=close, ok=True, locked=[False]
open () {'description': 'Microbone to Turbo'}
opening name=--- desc=Microbone to Turbo
checking ownership. requestor=129.138.12.150
check software interlocks U
interlocks []
actuate state mode=None-script, software_lock=False
doing actuation None-script open_channel False
Open U ===>> OK
GetIndicatorState U ===>> OK
change switch state (True, True)
update switch state U True args=() kw={} ncanvase=2
04:34:04 -- OPEN   VALVE-U (Microbone to Turbo)
---------------------------------------- open None (Microbone to Turbo) result=[(True, True)], time=0.13 sec
Get Checksum: 192129876
action=open, ok=True, locked=[False]
open () {'description': 'Microbone to Inlet Pipette'}
opening name=--- desc=Microbone to Inlet Pipette
checking ownership. requestor=129.138.12.150
check software interlocks S
interlocks []
actuate state mode=None-script, software_lock=False
doing actuation None-script open_channel False
Open S ===>> OK
GetIndicatorState S ===>> OK
change switch state (True, True)
update switch state S True args=() kw={} ncanvase=2
04:34:04 -- OPEN   VALVE-S (Microbone to Inlet Pipette)
---------------------------------------- open None (Microbone to Inlet Pipette) result=[(True, True)], time=0.41 sec
action=open, ok=True, locked=[False]
open () {'description': 'Microbone to Getter D-50'}
opening name=--- desc=Microbone to Getter D-50
checking ownership. requestor=129.138.12.150
check software interlocks K
interlocks []
actuate state mode=None-script, software_lock=False
doing actuation None-script open_channel False
Open K ===>> OK
GetIndicatorState K ===>> OK
change switch state (True, True)
update switch state K True args=() kw={} ncanvase=2
04:34:05 -- OPEN   VALVE-K (Microbone to Getter D-50)
---------------------------------------- open None (Microbone to Getter D-50) result=[(True, True)], time=0.41 sec
action=open, ok=True, locked=[False]
open () {'description': 'Microbone to Getter NP-10'}
opening name=--- desc=Microbone to Getter NP-10
checking ownership. requestor=129.138.12.150
check software interlocks M
interlocks []
actuate state mode=None-script, software_lock=False
doing actuation None-script open_channel False
Open M ===>> OK
GetIndicatorState M ===>> OK
change switch state (True, True)
update switch state M True args=() kw={} ncanvase=2
04:34:05 -- OPEN   VALVE-M (Microbone to Getter NP-10)
---------------------------------------- open None (Microbone to Getter NP-10) result=[(True, True)], time=0.15 sec
action=open, ok=True, locked=[False]
close () {'description': 'CO2 Laser to Felix'}
closing name=--- desc=CO2 Laser to Felix
checking ownership. requestor=129.138.12.150
check software interlocks F
interlocks []
actuate state mode=None-script, software_lock=True
VALVE-F(CO2 Laser to Felix) software locked
change switch state (True, False)
---------------------------------------- close None (CO2 Laser to Felix) result=[(True, False)]
action=close, ok=True, locked=[True]
open () {'description': 'CO2 Laser to Jan'}
opening name=--- desc=CO2 Laser to Jan
checking ownership. requestor=129.138.12.150
check software interlocks A
interlocks []
actuate state mode=None-script, software_lock=False
doing actuation None-script open_channel False
Open A ===>> OK
GetIndicatorState A ===>> OK
change switch state (True, True)
update switch state A True args=() kw={} ncanvase=2
04:34:06 -- OPEN   VALVE-A (CO2 Laser to Jan)
---------------------------------------- open None (CO2 Laser to Jan) result=[(True, True)], time=0.12 sec
action=open, ok=True, locked=[False]
open () {'description': 'Microbone to CO2 Laser'}
opening name=--- desc=Microbone to CO2 Laser
checking ownership. requestor=129.138.12.150
check software interlocks T
interlocks []
actuate state mode=None-script, software_lock=False
doing actuation None-script open_channel False
Open T ===>> OK
GetIndicatorState T ===>> OK
change switch state (True, True)
update switch state T True args=() kw={} ncanvase=2
04:34:07 -- OPEN   VALVE-T (Microbone to CO2 Laser)
---------------------------------------- open None (Microbone to CO2 Laser) result=[(True, True)], time=0.44 sec
action=open, ok=True, locked=[False]
executed 0
PrepareForCO2Analysis.py completed successfully
gosub finished
set_motor ('beam', '1.25') {}
setting motor "beam" to 1.25
set motor beam to 1.25
SetMotor beam,1.25 ===>> OK
Get Checksum: 192129876
GetMotorMoving beam ===>> False
GetMotorMoving beam ===>> False
Block completed
move_to_position ('112',) {'autocenter': True}
FusionsCO2 move to position 112
sending GoToHole 112,True
GoToHole 112,True ===>> OK
GetDriveMoving ===>> OK
GetDriveMoving ===>> OK
GetDriveMoving ===>> OK
GetDriveMoving ===>> OK
GetDriveMoving ===>> False
GetDriveMoving ===>> OK
Get Checksum: 192129876
GetDriveMoving ===>> OK
GetDriveMoving ===>> OK
GetDriveMoving ===>> OK
GetDriveMoving ===>> OK
GetDriveMoving ===>> False
Block completed
GetAutoCorrecting ===>> False
GetAutoCorrecting ===>> False
Block completed
update position
GetPosition ===>> 1.99390,0.00000,1.00000
got position (1.9939, 0.0, 1.0)
move to position succeeded
sleep (5,) {}
SLEEP 5.0
block started
WaitControl setup for 5.0  
Get Checksum: 192129876
Join finished
block finished. duration 5.0202319622
close () {'description': 'Microbone to Turbo'}
closing name=--- desc=Microbone to Turbo
checking ownership. requestor=129.138.12.150
check software interlocks U
interlocks []
actuate state mode=None-script, software_lock=False
doing actuation None-script close_channel True
Close U ===>> OK
GetIndicatorState U ===>> False
change switch state (True, True)
update switch state U False args=() kw={} ncanvase=2
04:34:17 -- CLOSE  VALVE-U (Microbone to Turbo)
---------------------------------------- close None (Microbone to Turbo) result=[(True, True)]
action=close, ok=True, locked=[False]
enable laser
enable () {}
set extraction state FusionsCO2 Enabled (False, 'red', 1.5)
enabling laser
Enable ===>> OK
begin interval
BEGIN INTERVAL Interval 1 waiting for 30.0
block started
WaitControl setup for 30.0  
set extract to 5.0
extract (5.0,) {}
GetPosition ===>> 1.99390,0.00000,1.00000
set extraction state FusionsCO2 ON! 5.0(watts) (0.75, 'red', 1.5)
extract sample to 5.0 (watts)
set laser output
Get Checksum: 38271967
SetLaserOutput 5.0,watts ===>> OK
executing pattern triangle.lp
execute_pattern ('triangle.lp',) {}
executing pattern triangle.lp
IsPatterning ===>> OK
IsPatterning ===>> OK
Get Checksum: 38271967
IsPatterning ===>> OK
IsPatterning ===>> OK
IsPatterning ===>> OK
Get Checksum: 38271967
IsPatterning ===>> OK
IsPatterning ===>> OK
IsPatterning ===>> OK
Get Checksum: 38271967
IsPatterning ===>> OK
IsPatterning ===>> OK
IsPatterning ===>> OK
Get Checksum: 38271967
IsPatterning ===>> OK
IsPatterning ===>> OK
IsPatterning ===>> OK
Get Checksum: 38271967
IsPatterning ===>> OK
IsPatterning ===>> OK
IsPatterning ===>> OK
Get Checksum: 38271967
IsPatterning ===>> OK
IsPatterning ===>> OK
IsPatterning ===>> OK
Get Checksum: 38271967
IsPatterning ===>> OK
IsPatterning ===>> OK
IsPatterning ===>> OK
Get Checksum: 38271967
IsPatterning ===>> OK
IsPatterning ===>> OK
IsPatterning ===>> OK
Get Checksum: 38271967
IsPatterning ===>> OK
IsPatterning ===>> False
IsPatterning ===>> False
Block completed
COMPLETE INTERVAL waiting for Interval 1 to complete
Join finished
block finished. duration 30.0643599033
Interval 1 finished
Get Checksum: 38271967
end_extract () {}
ending extraction. set laser power to 0
set laser power 0
SetLaserPower 0 ===>> OK
disable () {}
%%%%%%%%%%%%%%%%%%%%%%%%%%%%%%%%%%% disable
set extraction state False (0.75, 'red', 1.5)
disabling laser
Disable ===>> OK
sleep (30.0,) {}
SLEEP 30.0
block started
WaitControl setup for 30.0  
Get Checksum: 38271967
Get Checksum: 38271967
Get Checksum: 38271967
Get Checksum: 38271967
Get Checksum: 38271967
Get Checksum: 38271967
Get Checksum: 38271967
Get Checksum: 38271967
Get Checksum: 38271967
Get Checksum: 38271967
Join finished
block finished. duration 30.0690851212
executed 165.5
jan_co2.py completed successfully
GetAchievedOutput ===>> No Response
Requested Output= 0.000
Achieved Output=  0.000
GetResponseBlob ===>> No Response
GetOutputBlob ===>> No Response
persistence save...
persistence save - db
AutomatedRunPersister post_extraction_save deprecated
persistence save - dvc
no extraction position for 112
create new session 4983587952
close session 4983587952
Extraction Finished
04:35:19 -- ******* Extraction Finished *******
no overlap. not waiting for min ms pumptime
04:35:19 -- Sending spectrometer configuration
======== Sending configuration ========
SetDeflection CDD,50.0 ===>> OK
SetDeflection H2,0.0 ===>> OK
SetDeflection H1,0.0 ===>> OK
SetDeflection L2,825.0 ===>> OK
SetDeflection L1,400.0 ===>> OK
SetDeflection AX,190.0 ===>> OK
SetZFocus 74.64 ===>> OK
SetZSymmetry -50.72 ===>> OK
SetExtractionLens 26.13 ===>> OK
SetIonRepeller -3.81 ===>> OK
SetElectronEnergy 75.08 ===>> OK
SetYSymmetry -2.81 ===>> OK
SetIonCounterVoltage 1590.0 ===>> OK
send trap current 200.0
GetParameter Trap Current Readback ===>> 198.147042666178
SetParameter Trap Current Set,200.0 ===>> OK
updating mftable name mftable
Using mftable located at /Users/jan/PychronDev/setupfiles/spectrometer/mftables/mftable.csv
============ MFtable ===========
Isotope  H2     H1     AX     L1     L2     CDD    
Ar40     5.7842 5.8792 5.9927 6.1241 6.2310 6.3524
Ar39     5.6835 5.7715 5.8851 6.0102 6.1162 6.2389
Ar36     5.3610 5.4405 5.5484 5.6691 5.7711 5.8900
================================
get initial guess parabolic
get initial guess parabolic
get initial guess parabolic
get initial guess parabolic
get initial guess parabolic
get initial guess parabolic
======== Configuration Finished ========
GetYSymmetry ===>> -2.81
GetZSymmetry ===>> -50.72
GetParameter Trap Current Readback ===>> 197.923274125618
GetHighVoltage ===>> 4500
start measurement
do measurement
L#=65575 analysis type=unknown
Measurement Started jan_unknown120_60.py
04:35:19 -- ******* Measurement Started jan_unknown120_60.py *******
state changed from extraction to measurement
setting spec, defl, and gains
GetExtractionLens ===>> 26.13
GetYSymmetry ===>> -2.81
GetZSymmetry ===>> -50.72
GetZFocus ===>> 74.64
GetDeflection H2 ===>> 0
GetDeflection H1 ===>> 0
GetDeflection AX ===>> 190
GetDeflection L1 ===>> 400
GetDeflection L2 ===>> 825
GetDeflection CDD ===>> 50
GetGain H2 ===>> 0.0113
GetGain H1 ===>> 0.1
GetGain AX ===>> 0.097049
GetGain L1 ===>> 0.010355
GetGain L2 ===>> 0.095649
GetGain CDD ===>> 0
pre measurement save
New frame /Users/jan/PychronDev/data/isotopes/72/cf7ef4-291c-4971-85d7-d30a5541205e.h5
flush and close file /Users/jan/PychronDev/data/isotopes/72/cf7ef4-291c-4971-85d7-d30a5541205e.h5
testing...
no interpolation path defined
executed 226.132928
unknown measurement script
activate_detectors ('H2', 'H1', 'AX', 'L1', 'L2', 'CDD') {}
activate detectors
*************** Set Analysis View Ar/Ar
create graphs
clearing graphs
clear isotope group
setting isotope det=H2, iso=PM41
setting isotope det=H1, iso=Ar40
setting isotope det=AX, iso=Ar39
setting isotope det=L1, iso=Ar38
setting isotope det=L2, iso=Ar37
setting isotope det=CDD, iso=Ar36
setting previous blanks
 - setting Ar40 blank 0.249+/-0.007
 - setting Ar36 blank 0.00427+/-0.00017
 - setting Ar37 blank 0.051+/-0.005
 - setting Ar38 blank 0.0096+/-0.0023
 - setting PM41 blank 0.03+/-0.06
 - setting Ar39 blank 0.012+/-0.008
load analysis view
position_magnet ('Ar40',) {'detector': 'H1'}
detector Detector(H1)
POSITION Ar40 H1
setting detector H2 to PM41 (40.9624)
setting detector H1 to Ar40 (39.9624)
setting detector AX to Ar39 (38.9624)
setting detector L1 to Ar38 (37.9624)
setting detector L2 to Ar37 (36.9624)
setting detector CDD to Ar36 (35.9624)
Mapping mass to dac mass func: "parabolic"
H1 map mass coeffs = [-0.00063987  0.15840543  0.57083999]
H1 map mass to dac 39.9624 >> 5.87923
GetDeflection H1 ===>> 0
GetHighVoltage ===>> 4500
positioning Ar40 (5.87923) on H1
setting magnet DAC
current  : 5.879231
requested: 5.879230
Delta Dac: 0.000001
Checking detector protection. dv=0.00000
Checking detector "CDD". Protection Threshold: 0.1 (V)
SetMagnetDAC 5.87923 ===>> OK
Magnet settling time: 0.500
equilibrate () {'delay': 3, 'inlet': 'R', 'outlet': 'O', 'eqtime': 12.0}
Equilibration Started
04:35:21 -- ******* Equilibration Started *******
checking ownership. requestor=129.138.12.150
check software interlocks O
interlocks []
actuate state mode=None-script, software_lock=False
doing actuation None-script close_channel True
Close O ===>> OK
GetIndicatorState O ===>> False
change switch state (True, True)
update switch state O False args=() kw={} ncanvase=2
04:35:21 -- CLOSE  VALVE-O (Jan Ion Pump)
waiting 3s before opening inlet value ('R',)
Get Checksum: 1838806504
checking ownership. requestor=129.138.12.150
check software interlocks R
interlocks []
actuate state mode=None-script, software_lock=False
doing actuation None-script open_channel True
Open R ===>> OK
GetIndicatorState R ===>> OK
change switch state (True, True)
update switch state R True args=() kw={} ncanvase=2
04:35:24 -- OPEN   VALVE-R (Jan Inlet)
equilibrating for 12.0sec
set_time_zero () {}
sniff (12.0,) {}
py_sniff
build tables- sniff [Detector(H2), Detector(H1), Detector(AX), Detector(L1), Detector(L2), Detector(CDD)]
add group /sniff/PM41 (Group) '' table H2
add group /sniff/Ar40 (Group) '' table H1
add group /sniff/Ar39 (Group) '' table AX
add group /sniff/Ar38 (Group) '' table L1
add group /sniff/Ar37 (Group) '' table L2
add group /sniff/Ar36 (Group) '' table CDD
flush and close file /Users/jan/PychronDev/data/isotopes/72/cf7ef4-291c-4971-85d7-d30a5541205e.h5
measuring sniff. ncounts=12.0
Get Checksum: 1775861429
starting measurement
GetData ===>> H2,-0.219402817385575,H1,0.0516734424443001,AX,-0.0702169853267808,L1,-0.0151919903086793,L2,-0.0...
GetData ===>> H2,0.922339706520128,H1,195.457562907914,AX,44.4255246696259,L1,0.544894508134577,L2,13.567395525...
GetData ===>> H2,0.375228492094585,H1,239.899384661736,AX,52.4060710471939,L1,0.693033890293878,L2,15.374283691...
GetData ===>> H2,0.234762658768039,H1,254.199841350958,AX,54.7302240877937,L1,0.80092649970075,L2,15.7951356502...
Get Checksum: 1775861429
GetData ===>> H2,0.0477731648660908,H1,259.691063066101,AX,55.5466284307662,L1,0.837331216508222,L2,16.07346581...
GetData ===>> H2,-0.00817080015218574,H1,261.997474657584,AX,56.01120865502,L1,0.854050942808762,L2,16.11128461...
Get Checksum: 1775861429
GetData ===>> H2,0.120624655692487,H1,262.871595806012,AX,56.1139721934763,L1,0.87622200473488,L2,16.1415617936...
GetData ===>> H2,0.0941742622953785,H1,263.156298946329,AX,56.0947368429754,L1,0.850626556485672,L2,16.09545095...
GetData ===>> H2,0.013624832752971,H1,263.548052471509,AX,56.1597434310751,L1,0.898493248248438,L2,16.072217786...
Get Checksum: 1775861429
GetData ===>> H2,-0.0587837354152885,H1,263.566457738161,AX,56.2048448594648,L1,0.926754728843997,L2,15.9547722...
GetData ===>> H2,-0.0479725837345119,H1,263.623949059467,AX,56.132911508963,L1,0.916626752481807,L2,16.07303333...
Equilibration Finished
04:35:36 -- ******* Equilibration Finished *******
checking ownership. requestor=129.138.12.150
check software interlocks R
interlocks []
actuate state mode=None-script, software_lock=False
doing actuation None-script close_channel True
GetData ===>> H2,0.0661740230407785,H1,263.429418774202,AX,55.9339177064578,L1,0.957702352136568,L2,16.02991713...
Close R ===>> OK
set states for children of R. state=False
handle state [('R', False)]
update switch state R False args=() kw={'refresh': False} ncanvase=2
refresh_canvas_needed fired
GetIndicatorState R ===>> False
change switch state (True, True)
update switch state R False args=() kw={} ncanvase=2
04:35:37 -- CLOSE  VALVE-R (Jan Inlet)
Post Equilibration Started jan_pump_extraction_line.py
04:35:37 -- ******* Post Equilibration Started jan_pump_extraction_line.py *******
testing...
no interpolation path defined
calculate duration
testing...
no interpolation path defined
executed 4.0
executed 4.0
Pump after analysis
doing GOSUB
testing...
no interpolation path defined
executed 4.0
Pump Microbone
close () {'description': 'Jan Inlet'}
closing name=--- desc=Jan Inlet
checking ownership. requestor=129.138.12.150
check software interlocks R
interlocks []
actuate state mode=None-script, software_lock=False
doing actuation None-script close_channel False
Close R ===>> OK
GetIndicatorState R ===>> False
change switch state (True, True)
update switch state R False args=() kw={} ncanvase=2
04:35:37 -- CLOSE  VALVE-R (Jan Inlet)
---------------------------------------- close None (Jan Inlet) result=[(True, True)]
action=close, ok=True, locked=[False]
is_closed ('F',) {}
is F () closed?
is closed True
open () {'description': 'CO2 Laser to Jan'}
opening name=--- desc=CO2 Laser to Jan
checking ownership. requestor=129.138.12.150
check software interlocks A
interlocks []
actuate state mode=None-script, software_lock=False
doing actuation None-script open_channel False
Open A ===>> OK
measurement finished
estimated time: 12.583 actual time: :13.055
flush and close file /Users/jan/PychronDev/data/isotopes/72/cf7ef4-291c-4971-85d7-d30a5541205e.h5
set_fits () {}
using default fits file=/Users/jan/PychronDev/scripts/measurement/fits/nominal_linear.yaml
set "Ar40" to "('Linear', 'SEM')"
No fit for "PM41". defaulting to linear. check the measurement script "jan_unknown120_60.py"
set "PM41" to "linear"
set "Ar36" to "('Linear', 'SEM')"
set "Ar37" to "('linear', 'SEM')"
set "Ar38" to "('linear', 'SEM')"
set "Ar39" to "('Linear', 'SEM')"
set_baseline_fits () {}
using default fits file=/Users/jan/PychronDev/scripts/measurement/fits/nominal_linear.yaml
set "H1" to "('average', 'SEM')"
set "H2" to "('average', 'SEM')"
set "CDD" to "('average', 'SEM')"
set "L2" to "('average', 'SEM')"
set "L1" to "('average', 'SEM')"
set "AX" to "('average', 'SEM')"
multicollect () {'integration_time': 1, 'ncounts': 120}
build tables- signal [Detector(H2), Detector(H1), Detector(AX), Detector(L1), Detector(L2), Detector(CDD)]
add group /signal/PM41 (Group) '' table H2
add group /signal/Ar40 (Group) '' table H1
add group /signal/Ar39 (Group) '' table AX
add group /signal/Ar38 (Group) '' table L1
add group /signal/Ar37 (Group) '' table L2
add group /signal/Ar36 (Group) '' table CDD
flush and close file /Users/jan/PychronDev/data/isotopes/72/cf7ef4-291c-4971-85d7-d30a5541205e.h5
measuring signal. ncounts=120
GetIndicatorState A ===>> OK
change switch state (True, True)
update switch state A True args=() kw={} ncanvase=2
04:35:38 -- OPEN   VALVE-A (CO2 Laser to Jan)
---------------------------------------- open None (CO2 Laser to Jan) result=[(True, True)], time=0.14 sec
Get Checksum: 1838806504
action=open, ok=True, locked=[False]
sleep (1,) {}
SLEEP 1.0
starting measurement
GetData ===>> H2,0.0838500647068691,H1,263.753197553209,AX,56.452956521201,L1,0.960973902396402,L2,16.146256451...
close () {'description': 'CO2 Laser to Roughing'}
closing name=--- desc=CO2 Laser to Roughing
checking ownership. requestor=129.138.12.150
check software interlocks G
interlocks []
actuate state mode=None-script, software_lock=True
VALVE-G(CO2 Laser to Roughing) software locked
change switch state (True, False)
---------------------------------------- close None (CO2 Laser to Roughing) result=[(True, False)]
action=close, ok=True, locked=[True]
open () {'description': 'Microbone to Turbo'}
opening name=--- desc=Microbone to Turbo
checking ownership. requestor=129.138.12.150
check software interlocks U
interlocks []
actuate state mode=None-script, software_lock=False
doing actuation None-script open_channel True
Open U ===>> OK
GetIndicatorState U ===>> OK
change switch state (True, True)
update switch state U True args=() kw={} ncanvase=2
04:35:39 -- OPEN   VALVE-U (Microbone to Turbo)
---------------------------------------- open None (Microbone to Turbo) result=[(True, True)], time=0.25 sec
GetData ===>> H2,0.104038192453899,H1,263.691551764788,AX,56.3427699502306,L1,0.939519112486884,L2,16.074565582...
action=open, ok=True, locked=[False]
open () {'description': 'Microbone to Getter NP-10'}
opening name=--- desc=Microbone to Getter NP-10
checking ownership. requestor=129.138.12.150
check software interlocks M
interlocks []
actuate state mode=None-script, software_lock=False
doing actuation None-script open_channel False
Open M ===>> OK
GetIndicatorState M ===>> OK
change switch state (True, True)
update switch state M True args=() kw={} ncanvase=2
04:35:40 -- OPEN   VALVE-M (Microbone to Getter NP-10)
---------------------------------------- open None (Microbone to Getter NP-10) result=[(True, True)], time=0.15 sec
action=open, ok=True, locked=[False]
open () {'description': 'Microbone to Getter D-50'}
opening name=--- desc=Microbone to Getter D-50
checking ownership. requestor=129.138.12.150
check software interlocks K
interlocks []
actuate state mode=None-script, software_lock=False
doing actuation None-script open_channel False
Open K ===>> OK
GetIndicatorState K ===>> OK
change switch state (True, True)
update switch state K True args=() kw={} ncanvase=2
04:35:40 -- OPEN   VALVE-K (Microbone to Getter D-50)
---------------------------------------- open None (Microbone to Getter D-50) result=[(True, True)], time=0.41 sec
GetData ===>> H2,-0.10554254150872,H1,263.475457697125,AX,56.1852361491366,L1,0.924826751924983,L2,16.154657947...
action=open, ok=True, locked=[False]
open () {'description': 'Microbone to CO2 Laser'}
opening name=--- desc=Microbone to CO2 Laser
checking ownership. requestor=129.138.12.150
check software interlocks T
interlocks []
actuate state mode=None-script, software_lock=False
doing actuation None-script open_channel False
Open T ===>> OK
GetIndicatorState T ===>> OK
change switch state (True, True)
update switch state T True args=() kw={} ncanvase=2
04:35:41 -- OPEN   VALVE-T (Microbone to CO2 Laser)
---------------------------------------- open None (Microbone to CO2 Laser) result=[(True, True)], time=0.41 sec
Get Checksum: 1695186306
action=open, ok=True, locked=[False]
open () {'description': 'Microbone to Inlet Pipette'}
opening name=--- desc=Microbone to Inlet Pipette
checking ownership. requestor=129.138.12.150
check software interlocks S
interlocks []
actuate state mode=None-script, software_lock=False
doing actuation None-script open_channel False
GetData ===>> H2,-0.193485949427105,H1,263.227323975391,AX,56.0708873127519,L1,0.893503821327727,L2,16.20074237...
Open S ===>> OK
GetIndicatorState S ===>> OK
change switch state (True, True)
update switch state S True args=() kw={} ncanvase=2
04:35:42 -- OPEN   VALVE-S (Microbone to Inlet Pipette)
---------------------------------------- open None (Microbone to Inlet Pipette) result=[(True, True)], time=0.40 sec
action=open, ok=True, locked=[False]
sleep (1,) {}
SLEEP 1.0
GetData ===>> H2,-0.203036345285484,H1,263.127226939475,AX,56.0590389510711,L1,0.861626180856141,L2,16.06464341...
set_resource () {'name': 'CO2PumpTimeFlag', 'value': 30}
Set CO2PumpTimeFlag 30 ===>> OK
release ('JanCO2Flag',) {}
release JanCO2Flag
Set JanCO2Flag 0 ===>> OK
executed 6.0
PumpMicrobone.py completed successfully
gosub finished
get_resource_value () {'name': 'JanMiniboneFlag'}
Read JanMiniboneFlag ===>> 0
Get Resource Value JanMiniboneFlag=0.0
get resource value 0.0
get_resource_value () {'name': 'JanMiniboneFlag'}
Read JanMiniboneFlag ===>> 0
Get Resource Value JanMiniboneFlag=0.0
executed 4.0
jan_pump_extraction_line.py completed successfully
Post Equilibration Finished
04:35:43 -- ******* Post Equilibration Finished *******
GetData ===>> H2,-0.125854993584717,H1,263.039926075185,AX,55.8511962686916,L1,0.846579289237145,L2,16.11923326...
Get Checksum: 1695186306
GetData ===>> H2,0.00623043911787685,H1,263.287021296916,AX,55.7157105177949,L1,0.856625568898339,L2,16.1110373...
GetData ===>> H2,-0.0690421802457834,H1,263.285441514587,AX,55.84080768921,L1,0.868826089999603,L2,16.143204899...
GetData ===>> H2,-0.171216393945029,H1,263.263811468929,AX,55.8761711923166,L1,0.885636044942875,L2,16.12953155...
Get Checksum: 1695186306
GetData ===>> H2,-0.215290868299941,H1,263.121705603029,AX,55.8600182820215,L1,0.913434739861287,L2,16.22891721...
GetData ===>> H2,-0.125907722863165,H1,263.221827871331,AX,55.8152727599421,L1,0.894770896611665,L2,16.05191774...
GetData ===>> H2,-0.0416266651388648,H1,263.100118440626,AX,55.8471511877628,L1,0.890207110531781,L2,16.0596270...
Get Checksum: 1695186306
GetData ===>> H2,-0.165804817776687,H1,262.699634926536,AX,55.7600355715531,L1,0.879687113895725,L2,16.05372148...
GetData ===>> H2,-0.197260153446073,H1,262.345035609926,AX,55.801231513566,L1,0.859839795914268,L2,15.977756926...
GetData ===>> H2,-0.258790284917595,H1,262.481631982629,AX,55.7974416913488,L1,0.877536308325022,L2,16.16037876...
Get Checksum: 1695186306
GetData ===>> H2,-0.309618997940244,H1,262.512049783029,AX,55.8094829798525,L1,0.878868303658941,L2,16.20624322...
GetData ===>> H2,-0.172971564495261,H1,262.51158093799,AX,55.6179076773385,L1,0.832329345983732,L2,15.965313482...
Get Checksum: 1695186306
GetData ===>> H2,-0.144076900257266,H1,262.198317060806,AX,55.6069642416391,L1,0.863046248423996,L2,16.00069726...
GetData ===>> H2,-0.161398074704732,H1,262.110914460501,AX,55.6190855701031,L1,0.860540302808333,L2,16.05470984...
GetData ===>> H2,-0.190273619537117,H1,261.992902972203,AX,55.5300170132744,L1,0.844667510847331,L2,16.00683448...
GetData ===>> H2,-0.182424312987191,H1,261.882516795456,AX,55.6659717218114,L1,0.84995482222216,L2,15.919752358...
GetData ===>> H2,-0.188368437637109,H1,261.958012425025,AX,55.7233953874807,L1,0.868841113220651,L2,16.07113040...
Get Checksum: 1695186306
GetData ===>> H2,-0.254349174998478,H1,261.898241647534,AX,55.5724744553558,L1,0.87732726047518,L2,15.990819212...
GetData ===>> H2,-0.228885225033527,H1,261.743125755946,AX,55.585095146831,L1,0.844802536737647,L2,15.927458658...
04:36:04 -- collecting point 25
GetData ===>> H2,-0.23661905479371,H1,261.977949235501,AX,55.5748908020949,L1,0.887839882477464,L2,16.034017962...
Get Checksum: 1695186306
GetData ===>> H2,-0.210955610946896,H1,261.938012949592,AX,55.5473591451942,L1,0.869099015198863,L2,16.02613760...
GetData ===>> H2,-0.12775444510267,H1,261.738059746906,AX,55.5622875312345,L1,0.874950416012328,L2,15.991967487...
GetData ===>> H2,-0.220391697272846,H1,261.55952599555,AX,55.379745359989,L1,0.864077325289061,L2,15.9645481604...
Get Checksum: 1695186306
GetData ===>> H2,-0.220701546465905,H1,261.740179748038,AX,55.4509715269855,L1,0.827615640147535,L2,16.03136228...
GetData ===>> H2,-0.269592627071309,H1,261.587231699825,AX,55.4587650432559,L1,0.861611167951743,L2,15.98416440...
GetData ===>> H2,-0.0730383132628154,H1,261.266449083011,AX,55.5964540769413,L1,0.904178922656333,L2,15.9467516...
Get Checksum: 1695186306
GetData ===>> H2,-0.111318064275773,H1,261.42533805422,AX,55.5053574505124,L1,0.892181252365367,L2,15.922691552...
GetData ===>> H2,-0.124475833158509,H1,261.481100359026,AX,55.5799622988431,L1,0.853117477211711,L2,15.81223272...
GetData ===>> H2,-0.161051024901084,H1,261.328687428862,AX,55.4549650845969,L1,0.842832331243119,L2,15.87729154...
Get Checksum: 1695186306
GetData ===>> H2,-0.107378648612209,H1,261.163434802137,AX,55.5923546066135,L1,0.871082317687737,L2,15.89968655...
GetData ===>> H2,-0.135042229106418,H1,261.18059416818,AX,55.4510013291819,L1,0.847252058007016,L2,15.873612999...
GetData ===>> H2,-0.168420510774018,H1,260.965865882481,AX,55.4605234945728,L1,0.856445501240848,L2,15.93355988...
Get Checksum: 1695186306
GetData ===>> H2,-0.200361650162746,H1,260.94426307298,AX,55.4323614422209,L1,0.87746871155937,L2,16.0181960903...
GetData ===>> H2,-0.252062074445419,H1,260.887215001877,AX,55.3814890974131,L1,0.877914357511563,L2,15.92637183...
GetData ===>> H2,-0.129725212468805,H1,260.919474556456,AX,55.3714443110107,L1,0.878372541310799,L2,15.96182020...
Get Checksum: 1695186306
GetData ===>> H2,-0.179254725947766,H1,260.802152781826,AX,55.239163933328,L1,0.893957942911098,L2,15.939179755...
GetData ===>> H2,-0.193130117252824,H1,260.679744971612,AX,55.3552163835458,L1,0.894950030451756,L2,15.79471627...
Get Checksum: 1695186306
GetData ===>> H2,-0.129792791014328,H1,260.741902213736,AX,55.3178956738237,L1,0.880253056723468,L2,15.94045198...
GetData ===>> H2,-0.204327629952623,H1,260.801300976856,AX,55.3977949644065,L1,0.873545689957296,L2,15.91399770...
GetData ===>> H2,-0.172616774855906,H1,260.670819656346,AX,55.3713548951711,L1,0.834628233613114,L2,15.96174614...
Get Checksum: 1695186306
GetData ===>> H2,-0.144720028516249,H1,260.350000873066,AX,55.3338952843307,L1,0.817966154225971,L2,15.91241708...
GetData ===>> H2,-0.187277499090524,H1,260.089594897726,AX,55.1986887674489,L1,0.818808740905698,L2,15.82675388...
GetData ===>> H2,-0.158082437111954,H1,260.394166474753,AX,55.2668268218258,L1,0.845230130187264,L2,15.85169258...
Get Checksum: 1695186306
GetData ===>> H2,-0.129402181461823,H1,260.586152002929,AX,55.3434155774016,L1,0.868233941817063,L2,15.86193634...
04:36:30 -- collecting point 50
GetData ===>> H2,-0.124075574838315,H1,260.001147284512,AX,55.292112901623,L1,0.869041424887649,L2,15.769704969...
GetData ===>> H2,-0.174079470451302,H1,259.945585639186,AX,55.1115797085946,L1,0.847342097248716,L2,15.78092724...
Get Checksum: 1695186306
GetData ===>> H2,-0.112156015837443,H1,259.917179241431,AX,55.0971145594935,L1,0.848547697072442,L2,15.85026100...
GetData ===>> H2,-0.120749910147409,H1,260.00013246488,AX,54.9881475084978,L1,0.86494956521528,L2,15.8484962453...
GetData ===>> H2,-0.125118110088017,H1,259.897740977056,AX,55.1299016591415,L1,0.829396152181657,L2,15.79423523...
Get Checksum: 1695186306
GetData ===>> H2,-0.179980746316792,H1,259.711807334707,AX,55.0928289111187,L1,0.831621905035654,L2,15.81640256...
GetData ===>> H2,-0.172766516325256,H1,259.739816436437,AX,54.9353827805611,L1,0.839634035483288,L2,15.85112488...
GetData ===>> H2,-0.132545747689107,H1,259.824138393456,AX,54.9244964163075,L1,0.831494420752851,L2,15.85285267...
Get Checksum: 1695186306
GetData ===>> H2,-0.0812837815082523,H1,259.613710842424,AX,54.9519967267519,L1,0.815589800668827,L2,15.8426961...
GetData ===>> H2,-0.0325043891918704,H1,259.628619193995,AX,54.9483078529812,L1,0.824119219740921,L2,15.8204862...
GetData ===>> H2,-0.0701406804035911,H1,259.414586469643,AX,54.798655113586,L1,0.794721551775932,L2,15.95852453...
Get Checksum: 1695186306
GetData ===>> H2,-0.19370429544919,H1,259.302417035147,AX,54.8997230667617,L1,0.814581648568596,L2,15.770925795...
GetData ===>> H2,-0.24947457781106,H1,259.10543042516,AX,54.955670834399,L1,0.817852566240963,L2,15.80654572068...
GetData ===>> H2,-0.203695485000802,H1,259.282924418157,AX,54.7741559400662,L1,0.864997121267839,L2,15.72553508...
Get Checksum: 1695186306
GetData ===>> H2,-0.27209333503949,H1,259.094018953743,AX,54.9374352343083,L1,0.86705975936944,L2,15.8506559233...
GetData ===>> H2,-0.174730219410748,H1,258.921798478087,AX,54.8652626845257,L1,0.85729334675833,L2,15.784553162...
Get Checksum: 1695186306
GetData ===>> H2,-0.191879224449319,H1,258.998407489244,AX,54.7156925309788,L1,0.812506017260838,L2,15.86519481...
GetData ===>> H2,-0.159260241061486,H1,259.132004658149,AX,54.762562135012,L1,0.808003985319683,L2,15.771061443...
GetData ===>> H2,-0.184559809337049,H1,258.958239291184,AX,54.6859215012497,L1,0.83534617500102,L2,15.755716036...
Get Checksum: 1695186306
GetData ===>> H2,-0.248126800470412,H1,258.702583156871,AX,54.8006027664905,L1,0.854306221313538,L2,15.71501207...
GetData ===>> H2,-0.18566584618339,H1,258.851918090129,AX,54.916049727811,L1,0.845088847383087,L2,15.6762230985...
GetData ===>> H2,-0.218861187100313,H1,258.864995984135,AX,54.7692804650931,L1,0.862145390339754,L2,15.66534752...
Get Checksum: 1695186306
GetData ===>> H2,-0.231230021530405,H1,258.593527717137,AX,54.9552692060309,L1,0.840215130454869,L2,15.64422851...
GetData ===>> H2,-0.19977108284753,H1,258.592652858036,AX,54.8013758890519,L1,0.826492511251508,L2,15.751187098...
GetData ===>> H2,-0.000353138058964641,H1,258.196255461287,AX,54.8719072376312,L1,0.873112335024791,L2,15.75516...
Get Checksum: 1695186306
04:36:56 -- collecting point 75
GetData ===>> H2,-0.170754958845401,H1,258.234062232448,AX,54.6500893132701,L1,0.836629100989583,L2,15.69229193...
GetData ===>> H2,-0.168353034023412,H1,258.212098580292,AX,54.6368341971694,L1,0.836943922776319,L2,15.57268569...
GetData ===>> H2,-0.211200767692859,H1,258.298244215399,AX,54.7254989172735,L1,0.798993251454473,L2,15.61966289...
set states for children of V. state=True
handle state [('V', True)]
update switch state V True args=() kw={'refresh': False} ncanvase=2
refresh_canvas_needed fired
Get Checksum: -1097334291
GetData ===>> H2,-0.165372859909715,H1,258.153102174288,AX,54.7982536927213,L1,0.797545419951561,L2,15.73260448...
GetData ===>> H2,-0.196485995157134,H1,258.218818578762,AX,54.5886699589097,L1,0.835962009858703,L2,15.79196572...
GetData ===>> H2,-0.137707150958722,H1,257.960364826635,AX,54.5576300826496,L1,0.829393653005493,L2,15.74499252...
Get Checksum: -1097334291
GetData ===>> H2,-0.0983968956513419,H1,258.111072203305,AX,54.6132251552912,L1,0.831651901562731,L2,15.6658407...
GetData ===>> H2,-0.171762805938315,H1,257.782064196378,AX,54.6330451573195,L1,0.842863581615191,L2,15.71889793...
GetData ===>> H2,-0.170313744548444,H1,257.846746225751,AX,54.4186513460669,L1,0.832841833016782,L2,15.73501041...
Get Checksum: -1097334291
GetData ===>> H2,-0.134386381174852,H1,257.827121350432,AX,54.6377257526952,L1,0.85282218902478,L2,15.717849355...
GetData ===>> H2,-0.0990941966643968,H1,257.49713382069,AX,54.5364264207516,L1,0.831548163938006,L2,15.63670906...
GetData ===>> H2,-0.177119578481342,H1,257.513364157468,AX,54.5532197801726,L1,0.863857086777092,L2,15.60175696...
Get Checksum: -1097334291
GetData ===>> H2,-0.289732016455137,H1,257.686230957214,AX,54.4440969552965,L1,0.81825449848681,L2,15.728039547...
GetData ===>> H2,-0.216205113858251,H1,257.368927846408,AX,54.4192748052871,L1,0.829733546431997,L2,15.55095062...
Get Checksum: -1097334291
GetData ===>> H2,-0.114295963716709,H1,257.162138120314,AX,54.5042269190615,L1,0.859747232427479,L2,15.67595181...
GetData ===>> H2,-0.142859450477523,H1,257.182011313791,AX,54.4256134845157,L1,0.829357415018103,L2,15.58018245...
GetData ===>> H2,-0.213377310977517,H1,257.43236032828,AX,54.480746867961,L1,0.828728893299942,L2,15.7259051987...
Get Checksum: -1097334291
GetData ===>> H2,-0.17304845660201,H1,257.158458088816,AX,54.3226906919644,L1,0.789576851756512,L2,15.706253989...
GetData ===>> H2,-0.277329453356356,H1,256.831779271955,AX,54.3536802576185,L1,0.839654029614247,L2,15.48425751...
GetData ===>> H2,-0.266780852044981,H1,256.682135766669,AX,54.4553665375714,L1,0.842457334038515,L2,15.53210410...
Get Checksum: -1097334291
GetData ===>> H2,-0.126279524924364,H1,256.973046530518,AX,54.2323986143589,L1,0.807889150135292,L2,15.63516826...
GetData ===>> H2,-0.120417154818774,H1,257.127984251936,AX,54.1724726489465,L1,0.824963550303298,L2,15.61898505...
GetData ===>> H2,-0.231483047399187,H1,256.855444846385,AX,54.2850226019298,L1,0.821611609227242,L2,15.57591614...
Get Checksum: -1097334291
GetData ===>> H2,-0.11887363772637,H1,256.788747415014,AX,54.2667567235873,L1,0.795055969948911,L2,15.546537590...
GetData ===>> H2,-0.117294731367354,H1,256.810131094295,AX,54.3148295586532,L1,0.847871093396071,L2,15.57759305...
04:37:22 -- collecting point 100
GetData ===>> H2,-0.194217796340424,H1,256.624915499724,AX,54.2815799243486,L1,0.814035850068184,L2,15.64743369...
Get Checksum: -1097334291
GetData ===>> H2,-0.108286444542171,H1,256.585411999998,AX,54.2927913673071,L1,0.85888918273061,L2,15.714543310...
GetData ===>> H2,-0.130560455039729,H1,256.406335162568,AX,54.2462979678322,L1,0.844277445813497,L2,15.50666860...
GetData ===>> H2,-0.148719845675416,H1,256.313659387107,AX,54.2675727698062,L1,0.821321923961078,L2,15.48451622...
Get Checksum: -1097334291
GetData ===>> H2,-0.272117519727747,H1,256.266519651334,AX,54.1183846295249,L1,0.843773633272643,L2,15.67735757...
GetData ===>> H2,-0.228943110483821,H1,256.238778945236,AX,54.3390226707037,L1,0.825337025899341,L2,15.56682922...
GetData ===>> H2,-0.105447819017455,H1,256.307429746612,AX,54.1536006854968,L1,0.815094378875979,L2,15.52644712...
Get Checksum: -1097334291
GetData ===>> H2,-0.0791525132299384,H1,255.972863197487,AX,54.1307446854832,L1,0.798915928949019,L2,15.4965158...
GetData ===>> H2,-0.169814490521823,H1,255.896591609906,AX,54.1148872826429,L1,0.80644258428193,L2,15.466667175...
GetData ===>> H2,-0.194256880755802,H1,255.894308748152,AX,54.0602292516908,L1,0.824161684446773,L2,15.48819974...
Get Checksum: -1097334291
GetData ===>> H2,-0.186205337140532,H1,255.843959318914,AX,54.2196131732583,L1,0.826816069974126,L2,15.49495115...
GetData ===>> H2,-0.177214062545999,H1,255.697222919036,AX,54.088159991391,L1,0.853934567903477,L2,15.536947910...
Get Checksum: -1097334291
GetData ===>> H2,-0.126483672876352,H1,255.667425230253,AX,54.0426052771043,L1,0.798019279021655,L2,15.51080883...
GetData ===>> H2,-0.100569896537357,H1,255.649992451177,AX,54.030066946973,L1,0.814705300234064,L2,15.458993894...
GetData ===>> H2,-0.13631324911789,H1,255.394006431046,AX,54.0546853604984,L1,0.767075688457392,L2,15.497489204...
Get Checksum: -1097334291
GetData ===>> H2,-0.144688953829675,H1,255.412768719485,AX,54.1309077160096,L1,0.820482880785619,L2,15.53133996...
GetData ===>> H2,-0.119826016625177,H1,255.346550984411,AX,53.8937307702818,L1,0.886118368984369,L2,15.46738157...
GetData ===>> H2,-0.200523444047082,H1,255.393164743759,AX,53.7871843067877,L1,0.858523970023719,L2,15.45217094...
GetData ===>> H2,-0.172685575236301,H1,255.453801336898,AX,53.8273487767653,L1,0.810508204671928,L2,15.45740511...
GetData ===>> H2,-0.0711509356909806,H1,255.310585907999,AX,53.8140381387374,L1,0.785420773380324,L2,15.3845688...
Get Checksum: -1097334291
GetData ===>> H2,-0.176435220365975,H1,255.401907582684,AX,53.8803241413863,L1,0.793198087771254,L2,15.39319198...
measurement finished
estimated time: 125.829 actual time: :126.195
flush and close file /Users/jan/PychronDev/data/isotopes/72/cf7ef4-291c-4971-85d7-d30a5541205e.h5
baselines () {'settling_time': 15.0, 'detector': 'H1', 'mass': 34.2, 'ncounts': 60}
%%%%%%%%%%%%%%%%%%%%%%%%%%%%%%%% Baseline
build tables- baseline [Detector(H2), Detector(H1), Detector(AX), Detector(L1), Detector(L2), Detector(CDD)]
add group baseline table H2
add group baseline table H1
add group baseline table AX
add group baseline table L1
add group baseline table L2
add group baseline table CDD
flush and close file /Users/jan/PychronDev/data/isotopes/72/cf7ef4-291c-4971-85d7-d30a5541205e.h5
detector Detector(H1)
POSITION 34.2 H1
Mapping mass to dac mass func: "parabolic"
H1 map mass coeffs = [-0.00063987  0.15840543  0.57083999]
H1 map mass to dac 34.2 >> 5.23988599104
GetDeflection H1 ===>> 0
GetHighVoltage ===>> 4500
positioning 34.2 (5.23988599104) on H1
setting magnet DAC
current  : 5.879230
requested: 5.239886
Delta Dac: 0.639344
Checking detector protection. dv=0.63934
Checking detector "CDD". Protection Threshold: 0.1 (V)
ProtectDetector CDD,On ===>> OK
GetDeflection CDD ===>> 2000
SetMagnetDAC 5.23988599104 ===>> OK
Magnet settling time: 0.500
GetMagnetMoving ===>> True
GetMagnetMoving ===>> True
GetMagnetMoving ===>> True
GetMagnetMoving ===>> True
GetMagnetMoving ===>> True
Get Checksum: -1097334291
GetMagnetMoving ===>> True
GetMagnetMoving ===>> True
GetMagnetMoving ===>> True
GetMagnetMoving ===>> False
ProtectDetector CDD,Off ===>> OK
GetDeflection CDD ===>> 50
Delaying 15.0s for detectors to settle
Get Checksum: -1097334291
Get Checksum: -1097334291
Get Checksum: -1097334291
Get Checksum: -1097334291
Get Checksum: -1097334291
Join finished
measuring baseline. ncounts=60
starting measurement
GetData ===>> H2,-0.187028011350654,H1,-0.00166064522491001,AX,-0.123040864211562,L1,-0.0324000607370668,L2,-0....
GetData ===>> H2,-0.190711779496392,H1,-0.00504824936664579,AX,-0.163555540661968,L1,-0.0214779425125617,L2,0.0...
Get Checksum: -1097334291
GetData ===>> H2,-0.172839362810779,H1,-0.0139699821047888,AX,-0.150524904989191,L1,-0.0244648511971229,L2,-0.0...
GetData ===>> H2,-0.205917945008917,H1,-0.00625296827447814,AX,-0.0686288117086257,L1,-0.0434802269842343,L2,-0...
GetData ===>> H2,-0.262080450869299,H1,0.0223063500206735,AX,-0.0435623763298744,L1,-0.0512909749890232,L2,-0.0...
Get Checksum: -1097334291
GetData ===>> H2,-0.235721733789133,H1,-0.00646766913179313,AX,-0.140356550516871,L1,-0.0454747831589306,L2,-0....
GetData ===>> H2,-0.233130268765866,H1,-0.0333970470778986,AX,0.0332075015680693,L1,-0.053957398657532,L2,-0.05...
GetData ===>> H2,-0.0878590585493679,H1,-0.0199451899860702,AX,-0.0874070160931504,L1,-0.00012241249534489,L2,0...
Get Checksum: -1097334291
GetData ===>> H2,-0.269252616967392,H1,0.0274727109619956,AX,-0.118290438512034,L1,-0.0136521583589545,L2,-0.04...
GetData ===>> H2,-0.288687287528575,H1,-0.0181085373107902,AX,0.013551059443151,L1,-0.0581596631921336,L2,0.011...
GetData ===>> H2,-0.280209759139901,H1,0.00259787896073078,AX,-0.0847875581801772,L1,-0.0446020638998202,L2,0.0...
Get Checksum: -1097334291
GetData ===>> H2,-0.225550253204512,H1,-0.0371293784883207,AX,-0.0506934024553327,L1,-0.0414732991269917,L2,-0....
GetData ===>> H2,-0.269307718114988,H1,-0.00308011302785332,AX,-0.108568722338165,L1,-0.0602705233338804,L2,-0....
GetData ===>> H2,-0.222339564521947,H1,0.0150643482874414,AX,-0.110781975553869,L1,-0.0256512180591452,L2,-0.11...
Get Checksum: -1097334291
GetData ===>> H2,-0.290274485300734,H1,0.0702098122508545,AX,-0.154153718246418,L1,-0.02647919524291,L2,-0.0085...
GetData ===>> H2,-0.188195836315136,H1,0.0395484788886293,AX,-0.064188743551478,L1,-0.0272855387596758,L2,0.029...
set states for children of I. state=True
set states for children of Q. state=False
handle state [('I', True), ('Q', False)]
update switch state I True args=() kw={'refresh': True} ncanvase=2
update switch state Q False args=() kw={'refresh': False} ncanvase=2
refresh_canvas_needed fired
GetData ===>> H2,-0.134494564887997,H1,-0.0662320190084163,AX,-0.0559920542023116,L1,-0.00795631402182246,L2,-0...
Get Checksum: -869564398
State checksums do not match. Local:1814532534 Remote:-869564398
State checksum failed
GetData ===>> H2,-0.184484271171342,H1,-0.00893669589177009,AX,0.0319425933122667,L1,-0.000474048974591948,L2,-...
set states for children of B. state=False
set states for children of D. state=False
handle state [('B', False), ('D', False)]
update switch state B False args=() kw={'refresh': True} ncanvase=2
update switch state D False args=() kw={'refresh': False} ncanvase=2
refresh_canvas_needed fired
GetData ===>> H2,-0.125082954817342,H1,-0.0474909363973762,AX,-0.146188701382793,L1,0.0185202778818399,L2,-0.02...
set states for children of W. state=True
handle state [('W', True)]
update switch state W True args=() kw={'refresh': False} ncanvase=2
refresh_canvas_needed fired
GetData ===>> H2,-0.16215695592116,H1,0.00744112664830001,AX,-0.121244998840949,L1,-0.00285957223880463,L2,0.04...
Get Checksum: -1747703360
GetData ===>> H2,-0.149084500461711,H1,-0.0430078163092372,AX,-0.0110429116559553,L1,-0.0118937560339627,L2,-0....
GetData ===>> H2,-0.103367784667248,H1,0.0288806800345267,AX,0.053642680684424,L1,0.0176110175741714,L2,-0.0296...
Get Checksum: -1747703360
GetData ===>> H2,-0.109662285158919,H1,-0.109030069742411,AX,-0.128393504964348,L1,-0.0188043146307405,L2,0.036...
GetData ===>> H2,-0.124135073589805,H1,-0.0211020253457537,AX,-0.162373117276111,L1,-0.0650829172052464,L2,-0.0...
04:38:28 -- collecting point 25
GetData ===>> H2,-0.299403914765073,H1,0.0400138785400241,AX,-0.117606821574347,L1,-0.00883409893795478,L2,-0.0...
Get Checksum: -1747703360
GetData ===>> H2,-0.297509381401278,H1,-0.0687114922235164,AX,-0.0905827244722785,L1,0.0227830034892496,L2,-0.0...
GetData ===>> H2,-0.304708680440619,H1,-0.0302608271275816,AX,-0.0108921185029973,L1,-0.00452958215556344,L2,0....
GetData ===>> H2,-0.283446067320436,H1,-0.02175795698085,AX,0.0230886956616898,L1,0.0067722765340013,L2,-0.0055...
Get Checksum: -1747703360
GetData ===>> H2,-0.213179338285544,H1,0.00846706633284029,AX,-0.136599671741407,L1,-0.0331652186195135,L2,-0.0...
GetData ===>> H2,-0.266743213590783,H1,-0.0514969589042956,AX,-0.0539978471406744,L1,-0.0271813048262412,L2,-0....
GetData ===>> H2,-0.280812583160997,H1,-0.00667044174089675,AX,-0.0568732024440504,L1,-0.0508459039903342,L2,0....
Get Checksum: -1747703360
GetData ===>> H2,-0.245343305865607,H1,0.0346082159597085,AX,-0.0610121736061404,L1,-0.0238140875183226,L2,0.02...
GetData ===>> H2,-0.198862250087919,H1,-0.0257888606506771,AX,-0.0280694359415026,L1,0.0299044408720683,L2,0.00...
GetData ===>> H2,-0.166076132891352,H1,-0.0349114603091614,AX,-0.0254367825132848,L1,0.00425667005852195,L2,-0....
Get Checksum: 611344307
State checksums do not match. Local:-1747703360 Remote:611344307
State checksum failed
GetData ===>> H2,-0.288902149718241,H1,-0.048540148268139,AX,-0.157608500908148,L1,-6.24050437438189E-05,L2,0.0...
set states for children of W. state=False
handle state [('W', False)]
update switch state W False args=() kw={'refresh': False} ncanvase=2
refresh_canvas_needed fired
GetData ===>> H2,-0.178822870191653,H1,-0.000109943106285493,AX,-0.0832459858257868,L1,-0.00949958156659365,L2,...
GetData ===>> H2,-0.155153605015671,H1,0.00191793437382977,AX,-0.192392946222334,L1,0.0182500136092219,L2,-0.05...
Get Checksum: 611344307
GetData ===>> H2,-0.213476969388287,H1,-0.0222230695355428,AX,-0.0737641992182947,L1,0.0189611244904134,L2,-0.0...
GetData ===>> H2,-0.117393504012843,H1,0.0077155048362922,AX,-0.102438559211755,L1,0.000913366298726302,L2,0.02...
GetData ===>> H2,-0.223939635822378,H1,0.000605773666318044,AX,-0.0814377946454462,L1,0.0138715411426969,L2,0.0...
Get Checksum: 611344307
GetData ===>> H2,-0.16593035244332,H1,-0.0607125864023893,AX,-0.00386257840678334,L1,0.0109640185268743,L2,-0.1...
GetData ===>> H2,-0.128231623882759,H1,-0.0663869878842814,AX,-0.0464032542346565,L1,-0.0533629276463863,L2,-0....
GetData ===>> H2,-0.267627684061761,H1,0.0192758605094269,AX,-0.0443740641935711,L1,-0.0618952483085817,L2,-0.1...
Get Checksum: 611344307
GetData ===>> H2,-0.27363433347532,H1,-0.0063722465853953,AX,0.0015781237332769,L1,-0.0232699544431958,L2,-0.00...
GetData ===>> H2,-0.243783764634304,H1,-0.0405038586402061,AX,-0.00897818510814255,L1,-0.03942644259696,L2,-0.0...
Get Checksum: 611344307
GetData ===>> H2,-0.220700199313887,H1,-0.0415054492256538,AX,-0.135927128746796,L1,-0.0266373538972211,L2,0.03...
GetData ===>> H2,-0.283014787170684,H1,-0.0774368421231351,AX,-0.197480330922219,L1,-0.00643679773031884,L2,0.0...
GetData ===>> H2,-0.271219964319384,H1,-0.0710836230338295,AX,-0.0991937040537276,L1,-0.0123588575625764,L2,-0....
Get Checksum: 611344307
GetData ===>> H2,-0.309585455618461,H1,0.00664185534355894,AX,-0.0217718248106909,L1,-0.0340189176000271,L2,0.0...
04:38:54 -- collecting point 50
GetData ===>> H2,-0.28007952343537,H1,-0.012562595811416,AX,-0.0589021318736396,L1,-0.0501830466470686,L2,0.053...
GetData ===>> H2,-0.152206446968354,H1,-0.017965420102528,AX,-0.0932715643982671,L1,-0.0486190564318003,L2,-0.0...
Get Checksum: -1725866079
State checksums do not match. Local:611344307 Remote:-1725866079
State checksum failed
GetData ===>> H2,-0.220411905087837,H1,-0.0673763988957575,AX,-0.0170280512251297,L1,-0.0100283390975265,L2,-0....
set states for children of C. state=False
handle state [('C', False)]
update switch state C False args=() kw={'refresh': False} ncanvase=2
refresh_canvas_needed fired
GetData ===>> H2,-0.250971471204204,H1,0.0211490262697069,AX,-0.0741815099982057,L1,-0.00766969827167874,L2,-0....
GetData ===>> H2,-0.285271771503325,H1,-0.00495282546710814,AX,-0.0911969918663474,L1,-0.0388838179811152,L2,-0...
set states for children of P. state=False
handle state [('P', False)]
update switch state P False args=() kw={'refresh': False} ncanvase=2
refresh_canvas_needed fired
Get Checksum: 610848153
GetData ===>> H2,-0.192642177671944,H1,-0.0354838309963188,AX,-0.153353767851564,L1,-0.0379542207581674,L2,0.01...
GetData ===>> H2,-0.200376481365146,H1,-0.0324073000643964,AX,-0.0867231821126702,L1,-0.0112116481649107,L2,-0....
set states for children of W. state=True
handle state [('W', True)]
update switch state W True args=() kw={'refresh': False} ncanvase=2
refresh_canvas_needed fired
GetData ===>> H2,-0.224563171288356,H1,-0.0554789771113782,AX,0.00930467534740195,L1,0.0105019173484211,L2,-0.1...
Get Checksum: -1891236928
GetData ===>> H2,-0.208130536822334,H1,-0.00684935840775653,AX,-0.145551008077209,L1,-0.0116348242197322,L2,-0....
GetData ===>> H2,-0.189622415089517,H1,0.028737495834519,AX,-0.065603095345351,L1,0.0130239272707686,L2,-0.0295...
GetData ===>> H2,-0.260150514336233,H1,-0.0654333294576979,AX,0.0104764732183596,L1,-0.016633717474618,L2,-0.02...
Get Checksum: -1891236928
measurement finished
estimated time: 62.915 actual time: :63.107
flush and close file /Users/jan/PychronDev/data/isotopes/72/cf7ef4-291c-4971-85d7-d30a5541205e.h5
activate_detectors ('H1', 'AX', 'CDD') {'peak_center': True}
peak_center () {'detector': 'H1', 'integration_time': 0.262144, 'isotope': 'Ar40'}
peak center: mean=255.472742631 threshold=3
peak center started
setup peak center. detector=['H1', 'AX', 'CDD'], isotope=Ar40
VersionedUnpickler [<apptools.sweet_pickle.versioned_unpickler.VersionedUnpickler object at 0x17d8f6a10>] using Updater [<apptools.sweet_pickle.updater.Updater object at 0x133e38fb0>]
VersionedUnpickler [<apptools.sweet_pickle.versioned_unpickler.VersionedUnpickler object at 0x17d8f6a10>] using Updater [<apptools.sweet_pickle.updater.Updater object at 0x133e38fb0>]
VersionedUnpickler [<apptools.sweet_pickle.versioned_unpickler.VersionedUnpickler object at 0x17c8aa110>] using Updater [<apptools.sweet_pickle.updater.Updater object at 0x133e38fb0>]
setting integration time = 0.524288
SetIntegrationTime 0.524288 ===>> OK
Mapping mass to dac mass func: "parabolic"
H1 map mass coeffs = [-0.00063987  0.15840543  0.57083999]
H1 map mass to dac 39.9624 >> 5.87923
GetDeflection H1 ===>> 0
GetHighVoltage ===>> 4500
do peak center. <pychron.spectrometer.jobs.peak_center.PeakCenter object at 0x12d6e98f0>
doing pc
starting peak center. center dac= 5.87923 step_width=0.001
width = 0.001
get scan parameters. half-width=0.015,window=0.015, i=0, scalar=1
Scan parameters center=5.87923 width=0.03000 (5.86423 - 5.89423)
GetData ===>> H2,-0.246268971340846,H1,-0.0674836838392199,AX,-0.0832691675458702,L1,-0.0236019510318535,L2,-0....
Moving to starting dac 5.86423
setting magnet DAC
current  : 5.239886
requested: 5.864230
Delta Dac: 0.624344
Checking detector protection. dv=0.62434
Checking detector "CDD". Protection Threshold: 0.1 (V)
ProtectDetector CDD,On ===>> OK
GetDeflection CDD ===>> 2000
SetMagnetDAC 5.86423 ===>> OK
Magnet settling time: 0.500
GetMagnetMoving ===>> True
GetMagnetMoving ===>> True
GetMagnetMoving ===>> True
GetMagnetMoving ===>> True
GetMagnetMoving ===>> True
GetMagnetMoving ===>> True
GetMagnetMoving ===>> True
Get Checksum: -1891236928
GetMagnetMoving ===>> True
GetMagnetMoving ===>> False
ProtectDetector CDD,Off ===>> OK
GetDeflection CDD ===>> 50
Wait until signal near baseline. tol= -0.0506127628794. timeout= 10
GetData ===>> H2,1.66988868708841,H1,1.29941370193631,AX,0.624094363872164,L1,0.0291464042348071,L2,-0.04574116...
GetData ===>> H2,18.308971086354,H1,9.57539015242805,AX,1.17360083594312,L1,0.328711333137104,L2,0.123831694455...
GetData ===>> H2,18.6809928907131,H1,8.9922414541433,AX,1.31663425810825,L1,0.427831672388606,L2,0.276412558424...
GetData ===>> H2,9.58569906487294,H1,4.33719294127675,AX,0.745574811734329,L1,0.384000516145763,L2,0.0720371496...
GetData ===>> H2,3.73892861516055,H1,2.24357207107924,AX,0.236346644185655,L1,0.287628023313662,L2,0.0858037386...
GetData ===>> H2,1.22757954168177,H1,1.21001313885636,AX,0.144092273204118,L1,0.200962347745029,L2,0.0281978372...
Get Checksum: -1891236928
GetData ===>> H2,0.33005191295531,H1,0.76310711080978,AX,-0.0243697837518809,L1,0.186766012021453,L2,-0.0063308...
GetData ===>> H2,0.053727287286374,H1,0.482205257531088,AX,-0.063933694318894,L1,0.154814064123563,L2,0.0138473...
GetData ===>> H2,-0.0750243315638931,H1,0.348004093409737,AX,0.0143052180649817,L1,0.126387006428268,L2,0.08614...
GetData ===>> H2,-0.0413104941377355,H1,0.27679938408649,AX,0.00249460455362551,L1,0.0986593690171205,L2,-0.139...
GetData ===>> H2,-0.0626872157953626,H1,0.270782383915846,AX,-0.106494475973791,L1,0.07704863211174,L2,-0.02012...
GetData ===>> H2,-0.0371791104698986,H1,0.222229816378872,AX,-0.19660807818023,L1,0.0464827002313362,L2,-0.1054...
Get Checksum: -1891236928
GetData ===>> H2,-0.0680249559024643,H1,0.245524474908199,AX,-0.00636821528185964,L1,0.000584497989514045,L2,-0...
GetData ===>> H2,-0.0439237299995028,H1,0.266604124071601,AX,-0.0567688563581715,L1,0.00871171996628209,L2,0.02...
GetData ===>> H2,-0.0572004485998557,H1,0.200920901285051,AX,-0.0764303206138424,L1,0.0211106363031292,L2,0.041...
GetData ===>> H2,-0.114779121950033,H1,0.0986630135643153,AX,-0.0947897989449452,L1,0.015696230063004,L2,0.0435...
GetData ===>> H2,-0.154686110671077,H1,0.163993000116292,AX,0.0116134786954506,L1,-0.00151088506055104,L2,0.012...
GetData ===>> H2,-0.169938631416261,H1,0.086555419891954,AX,-0.0418346181923107,L1,-0.0286418321889578,L2,0.001...
set states for children of W. state=False
handle state [('W', False)]
update switch state W False args=() kw={'refresh': False} ncanvase=2
refresh_canvas_needed fired
Get Checksum: 610848153
GetData ===>> H2,-0.129321084367553,H1,0.0337251994739109,AX,0.00168253250510909,L1,-0.0133980660392015,L2,-0.0...
GetData ===>> H2,-0.182092451606197,H1,0.17138703259525,AX,-0.012933605976823,L1,-0.00660231260879612,L2,0.0125...
GetData ===>> H2,-0.182092451606197,H1,0.17138703259525,AX,-0.012933605976823,L1,-0.00660231260879612,L2,0.0125...
Peak center failed to move to a baseline position
_do_sweep sm= 5.86423, em= 5.89423, stm= 0.001
calculated step values: start=5.86423, end=5.89423, width=0.001, nsteps=31.0
setting magnet DAC
current  : 5.864230
requested: 5.864230
Delta Dac: 0.000000
Checking detector protection. dv=0.00000
Checking detector "CDD". Protection Threshold: 0.1 (V)
SetMagnetDAC 5.86423 ===>> OK
GetData ===>> H2,-0.27794873071535,H1,0.145939542946549,AX,0.0109405554825391,L1,0.0329455694237484,L2,-0.08731...
setting magnet DAC
current  : 5.864230
requested: 5.865264
Delta Dac: 0.001034
Checking detector protection. dv=0.00103
Checking detector "CDD". Protection Threshold: 0.1 (V)
SetMagnetDAC 5.86526448276 ===>> OK
Magnet settling time: 1.049
GetData ===>> H2,-0.0964377283152228,H1,0.468904280432914,AX,-0.00467459742136562,L1,-0.00261960552558218,L2,0....
setting magnet DAC
current  : 5.865264
requested: 5.866299
Delta Dac: 0.001034
Checking detector protection. dv=0.00103
Checking detector "CDD". Protection Threshold: 0.1 (V)
SetMagnetDAC 5.86629896552 ===>> OK
Magnet settling time: 1.049
Get Checksum: 610848153
GetData ===>> H2,-0.150796957651889,H1,2.05869830244108,AX,0.244123576368315,L1,-0.0107321070510457,L2,0.011068...
setting magnet DAC
current  : 5.866299
requested: 5.867333
Delta Dac: 0.001034
Checking detector protection. dv=0.00103
Checking detector "CDD". Protection Threshold: 0.1 (V)
SetMagnetDAC 5.86733344828 ===>> OK
Magnet settling time: 1.049
GetData ===>> H2,-0.185836306565706,H1,7.81193592298985,AX,0.978025619289085,L1,0.00179440220963138,L2,-0.01689...
setting magnet DAC
current  : 5.867333
requested: 5.868368
Delta Dac: 0.001034
Checking detector protection. dv=0.00103
Checking detector "CDD". Protection Threshold: 0.1 (V)
SetMagnetDAC 5.86836793103 ===>> OK
Magnet settling time: 1.049
GetData ===>> H2,-0.30092923873215,H1,25.9913786946221,AX,3.37407335993928,L1,0.0477942735159302,L2,0.124607001...
setting magnet DAC
current  : 5.868368
requested: 5.869402
Delta Dac: 0.001034
Checking detector protection. dv=0.00103
Checking detector "CDD". Protection Threshold: 0.1 (V)
SetMagnetDAC 5.86940241379 ===>> OK
Magnet settling time: 1.049
GetData ===>> H2,-0.0525949422064408,H1,67.2382501461957,AX,9.9192492849932,L1,0.0597456046243153,L2,0.46427615...
setting magnet DAC
current  : 5.869402
requested: 5.870437
Delta Dac: 0.001034
Checking detector protection. dv=0.00103
Checking detector "CDD". Protection Threshold: 0.1 (V)
SetMagnetDAC 5.87043689655 ===>> OK
Magnet settling time: 1.049
GetData ===>> H2,-0.179034995220003,H1,128.185188006837,AX,21.2932821434597,L1,0.154613339302618,L2,1.798093517...
setting magnet DAC
current  : 5.870437
requested: 5.871471
Delta Dac: 0.001034
Checking detector protection. dv=0.00103
Checking detector "CDD". Protection Threshold: 0.1 (V)
SetMagnetDAC 5.87147137931 ===>> OK
Magnet settling time: 1.049
Get Checksum: 610848153
GetData ===>> H2,-0.227573818966176,H1,187.104669468129,AX,34.5083058246197,L1,0.312420163774394,L2,4.909168079...
setting magnet DAC
current  : 5.871471
requested: 5.872506
Delta Dac: 0.001034
Checking detector protection. dv=0.00103
Checking detector "CDD". Protection Threshold: 0.1 (V)
SetMagnetDAC 5.87250586207 ===>> OK
Magnet settling time: 1.049
GetData ===>> H2,-0.244256090198068,H1,223.348193022272,AX,43.8501492176968,L1,0.43157675754043,L2,8.4982210624...
setting magnet DAC
current  : 5.872506
requested: 5.873540
Delta Dac: 0.001034
Checking detector protection. dv=0.00103
Checking detector "CDD". Protection Threshold: 0.1 (V)
SetMagnetDAC 5.87354034483 ===>> OK
Magnet settling time: 1.049
Get Checksum: 610848153
GetData ===>> H2,-0.271799768480627,H1,239.273265753519,AX,49.1077075576173,L1,0.5364552293124,L2,11.8595257279...
setting magnet DAC
current  : 5.873540
requested: 5.874575
Delta Dac: 0.001034
Checking detector protection. dv=0.00103
Checking detector "CDD". Protection Threshold: 0.1 (V)
SetMagnetDAC 5.87457482759 ===>> OK
Magnet settling time: 1.049
GetData ===>> H2,-0.176513455491866,H1,244.422607019489,AX,50.9900771663765,L1,0.598770885238361,L2,13.66886454...
setting magnet DAC
current  : 5.874575
requested: 5.875609
Delta Dac: 0.001034
Checking detector protection. dv=0.00103
Checking detector "CDD". Protection Threshold: 0.1 (V)
SetMagnetDAC 5.87560931034 ===>> OK
Magnet settling time: 1.049
GetData ===>> H2,-0.233799688202879,H1,245.799087989044,AX,51.5031899375383,L1,0.636685393458134,L2,14.70349331...
setting magnet DAC
current  : 5.875609
requested: 5.876644
Delta Dac: 0.001034
Checking detector protection. dv=0.00103
Checking detector "CDD". Protection Threshold: 0.1 (V)
SetMagnetDAC 5.8766437931 ===>> OK
Magnet settling time: 1.049
Get Checksum: 610848153
GetData ===>> H2,-0.172583049026607,H1,246.210967566466,AX,51.4612023719445,L1,0.694745960443257,L2,14.66995357...
setting magnet DAC
current  : 5.876644
requested: 5.877678
Delta Dac: 0.001034
Checking detector protection. dv=0.00103
Checking detector "CDD". Protection Threshold: 0.1 (V)
SetMagnetDAC 5.87767827586 ===>> OK
Magnet settling time: 1.049
GetData ===>> H2,-0.231414630993786,H1,246.380202929896,AX,51.8519668156165,L1,0.755161399268267,L2,14.68953140...
setting magnet DAC
current  : 5.877678
requested: 5.878713
Delta Dac: 0.001034
Checking detector protection. dv=0.00103
Checking detector "CDD". Protection Threshold: 0.1 (V)
SetMagnetDAC 5.87871275862 ===>> OK
Magnet settling time: 1.049
GetData ===>> H2,-0.0435302904524774,H1,246.353593462242,AX,51.868511930403,L1,0.735541620835115,L2,14.77365046...
setting magnet DAC
current  : 5.878713
requested: 5.879747
Delta Dac: 0.001034
Checking detector protection. dv=0.00103
Checking detector "CDD". Protection Threshold: 0.1 (V)
SetMagnetDAC 5.87974724138 ===>> OK
Magnet settling time: 1.049
Get Checksum: 610848153
GetData ===>> H2,-0.156020985644729,H1,246.34321662935,AX,51.3358823880771,L1,0.760500267291934,L2,14.758255006...
setting magnet DAC
current  : 5.879747
requested: 5.880782
Delta Dac: 0.001034
Checking detector protection. dv=0.00103
Checking detector "CDD". Protection Threshold: 0.1 (V)
SetMagnetDAC 5.88078172414 ===>> OK
Magnet settling time: 1.049
GetData ===>> H2,-0.166829301992616,H1,246.067285258602,AX,51.478688115117,L1,0.768597617442749,L2,14.657124505...
setting magnet DAC
current  : 5.880782
requested: 5.881816
Delta Dac: 0.001034
Checking detector protection. dv=0.00103
Checking detector "CDD". Protection Threshold: 0.1 (V)
SetMagnetDAC 5.8818162069 ===>> OK
Magnet settling time: 1.049
GetData ===>> H2,-0.216977923571401,H1,246.062551134251,AX,51.6235892093424,L1,0.774730792682929,L2,14.57743857...
setting magnet DAC
current  : 5.881816
requested: 5.882851
Delta Dac: 0.001034
Checking detector protection. dv=0.00103
Checking detector "CDD". Protection Threshold: 0.1 (V)
SetMagnetDAC 5.88285068966 ===>> OK
Magnet settling time: 1.049
Get Checksum: 610848153
GetData ===>> H2,-0.168060180268488,H1,245.757704294547,AX,51.2807398305546,L1,0.747270733274944,L2,14.45940558...
setting magnet DAC
current  : 5.882851
requested: 5.883885
Delta Dac: 0.001034
Checking detector protection. dv=0.00103
Checking detector "CDD". Protection Threshold: 0.1 (V)
SetMagnetDAC 5.88388517241 ===>> OK
Magnet settling time: 1.049
set states for children of W. state=True
handle state [('W', True)]
update switch state W True args=() kw={'refresh': False} ncanvase=2
refresh_canvas_needed fired
GetData ===>> H2,-0.192172970963492,H1,243.554096755263,AX,50.4987545966151,L1,0.763901186593504,L2,14.07052540...
setting magnet DAC
current  : 5.883885
requested: 5.884920
Delta Dac: 0.001034
Checking detector protection. dv=0.00103
Checking detector "CDD". Protection Threshold: 0.1 (V)
SetMagnetDAC 5.88491965517 ===>> OK
Magnet settling time: 1.049
Get Checksum: -1891236928
GetData ===>> H2,-0.198604689248766,H1,236.776412067613,AX,48.1483998580421,L1,0.746573832524752,L2,12.64661856...
setting magnet DAC
current  : 5.884920
requested: 5.885954
Delta Dac: 0.001034
Checking detector protection. dv=0.00103
Checking detector "CDD". Protection Threshold: 0.1 (V)
SetMagnetDAC 5.88595413793 ===>> OK
Magnet settling time: 1.049
GetData ===>> H2,-0.263404284095342,H1,217.827283574753,AX,41.6915813316512,L1,0.69540101850812,L2,10.016418015...
setting magnet DAC
current  : 5.885954
requested: 5.886989
Delta Dac: 0.001034
Checking detector protection. dv=0.00103
Checking detector "CDD". Protection Threshold: 0.1 (V)
SetMagnetDAC 5.88698862069 ===>> OK
Magnet settling time: 1.049
GetData ===>> H2,-0.246338931344284,H1,178.990628084497,AX,30.8806899735194,L1,0.547474961729724,L2,6.447337131...
setting magnet DAC
current  : 5.886989
requested: 5.888023
Delta Dac: 0.001034
Checking detector protection. dv=0.00103
Checking detector "CDD". Protection Threshold: 0.1 (V)
SetMagnetDAC 5.88802310345 ===>> OK
Magnet settling time: 1.049
Get Checksum: -1891236928
GetData ===>> H2,-0.278530977149729,H1,88.1265985220164,AX,11.878095611498,L1,0.340726986717504,L2,2.0316714232...
setting magnet DAC
current  : 5.888023
requested: 5.889058
Delta Dac: 0.001034
Checking detector protection. dv=0.00103
Checking detector "CDD". Protection Threshold: 0.1 (V)
SetMagnetDAC 5.88905758621 ===>> OK
Magnet settling time: 1.049
GetData ===>> H2,-0.13759810771238,H1,39.1606821017145,AX,4.37536667520411,L1,0.220832673602239,L2,0.5571001589...
setting magnet DAC
current  : 5.889058
requested: 5.890092
Delta Dac: 0.001034
Checking detector protection. dv=0.00103
Checking detector "CDD". Protection Threshold: 0.1 (V)
SetMagnetDAC 5.89009206897 ===>> OK
Magnet settling time: 1.049
GetData ===>> H2,-0.159484442165893,H1,13.8110858789693,AX,1.2886781645536,L1,0.131491290643696,L2,0.1486218358...
setting magnet DAC
current  : 5.890092
requested: 5.891127
Delta Dac: 0.001034
Checking detector protection. dv=0.00103
Checking detector "CDD". Protection Threshold: 0.1 (V)
SetMagnetDAC 5.89112655172 ===>> OK
Magnet settling time: 1.049
Get Checksum: -1891236928
GetData ===>> H2,-0.193296065524337,H1,4.04302013887146,AX,0.211719917708176,L1,0.119387292078525,L2,-0.0150976...
setting magnet DAC
current  : 5.891127
requested: 5.892161
Delta Dac: 0.001034
Checking detector protection. dv=0.00103
Checking detector "CDD". Protection Threshold: 0.1 (V)
SetMagnetDAC 5.89216103448 ===>> OK
Magnet settling time: 1.049
GetData ===>> H2,-0.108067360808267,H1,0.996102254203746,AX,0.0590154336281891,L1,0.111812929774276,L2,-0.03260...
setting magnet DAC
current  : 5.892161
requested: 5.893196
Delta Dac: 0.001034
Checking detector protection. dv=0.00103
Checking detector "CDD". Protection Threshold: 0.1 (V)
SetMagnetDAC 5.89319551724 ===>> OK
Magnet settling time: 1.049
GetData ===>> H2,-0.0942294584290611,H1,0.275915913025959,AX,-0.104478127061977,L1,0.0634670572765508,L2,0.1109...
setting magnet DAC
current  : 5.893196
requested: 5.894230
Delta Dac: 0.001034
Checking detector protection. dv=0.00103
Checking detector "CDD". Protection Threshold: 0.1 (V)
Get Checksum: -1891236928
SetMagnetDAC 5.89423 ===>> OK
Magnet settling time: 1.049
GetData ===>> H2,-0.184696300415905,H1,-0.0345060290919406,AX,-0.197742652926957,L1,-0.00298915188600262,L2,-0....
result of _do_sweep=True
result of _calculate_peak_center=([5.8713542484969929, 5.8791097595190376, 5.8868652705410813], [180.43342557522089, 246.37972299961766, 183.62145173514429], 5.8776969338677345, 246.37972299961766)
Failed to find a valid peak. No peak greater than 1.0. max = 0.158218983464
new center pos Detector(H1) (Ar40) @ 5.87910975952
GetHighVoltage ===>> 4500
GetDeflection H1 ===>> 0
dac uncorrected for HV and deflection 5.87910975952
update mftable H1 Ar40 5.87910975952 message=automated run peakcenter
get initial guess parabolic
get initial guess parabolic
get initial guess parabolic
get initial guess parabolic
get initial guess parabolic
get initial guess parabolic
dump mftable to /Users/jan/PychronDev/setupfiles/spectrometer/mftables/mftable.csv
add to repo msg=modified - automated run peakcenter
sweep finished
locally archiving mftable
setting magnet DAC
current  : 5.894230
requested: 5.879110
Delta Dac: 0.015120
Checking detector protection. dv=0.01512
Checking detector "CDD". Protection Threshold: 0.1 (V)
SetMagnetDAC 5.87910975952 ===>> OK
Magnet settling time: 0.500
setting integration time = 1.048576
SetIntegrationTime 1.048576 ===>> OK
Failed to find a valid peak. No peak greater than 1.0. max = 0.158218983464
flush and close file /Users/jan/PychronDev/data/isotopes/72/cf7ef4-291c-4971-85d7-d30a5541205e.h5
finished measure script
executed 226.132928
jan_unknown120_60.py completed successfully
Measurement Finished
04:39:52 -- ******* Measurement Finished *******
Post Measurement Started jan_pump_ms.py
04:39:52 -- ******* Post Measurement Started jan_pump_ms.py *******
testing...
no interpolation path defined
executed 0
Pumping spectrometer
open () {'name': 'O'}
opening name=O desc=---
checking ownership. requestor=129.138.12.150
check software interlocks O
interlocks []
actuate state mode=None-script, software_lock=False
doing actuation None-script open_channel True
Open O ===>> OK
GetIndicatorState O ===>> OK
change switch state (True, True)
update switch state O True args=() kw={} ncanvase=2
04:39:52 -- OPEN   VALVE-O (Jan Ion Pump)
---------------------------------------- open O () result=[(True, True)], time=0.10 sec
Get Checksum: -1153033366
action=open, ok=True, locked=[False]
executed 0
jan_pump_ms.py completed successfully
setting _ms_pumptime
Post Measurement Finished
04:39:53 -- ******* Post Measurement Finished *******
$$$$$$$$$$$$$$$$$$$$ state at run end measurement
state changed from measurement to success
post measurement save measured=True aborted=False
Set filtering
setting fod for Ar40= {'filter_outliers': True, 'std_devs': 2, 'iterations': 1}
setting fod for H1= {'filter_outliers': True, 'std_devs': 2, 'iterations': 1}
setting fod for PM41= {'filter_outliers': False, 'std_devs': 2, 'iterations': 1}
setting fod for H2= {'filter_outliers': True, 'std_devs': 2, 'iterations': 1}
setting fod for Ar36= {'filter_outliers': True, 'std_devs': 2, 'iterations': 1}
setting fod for CDD= {'filter_outliers': True, 'std_devs': 10, 'iterations': 1}
setting fod for Ar37= {'filter_outliers': True, 'std_devs': 2, 'iterations': 1}
setting fod for L2= {'filter_outliers': True, 'std_devs': 2, 'iterations': 1}
setting fod for Ar38= {'filter_outliers': True, 'std_devs': 2, 'iterations': 1}
setting fod for L1= {'filter_outliers': True, 'std_devs': 2, 'iterations': 1}
setting fod for Ar39= {'filter_outliers': True, 'std_devs': 2, 'iterations': 1}
setting fod for AX= {'filter_outliers': True, 'std_devs': 2, 'iterations': 1}
persistence save...
persistence save - db
post measurement save
5743523696 connecting to database sqlite:////Users/jan/PychronDev/.appdata/local_lab.db
connected to db sqlite:////Users/jan/PychronDev/.appdata/local_lab.db
create new session 5743523696
close session 5743523696
No database instance. Not saving post measurement to isotopedb database
$$$$$$$$$$$$$$$ auto_save_detector_ic=False
massspec enabled True
create new session 5019860144
MassSpec Database Version: 16.0
close session 5019860144
saving post measurement to secondary database
saving to massspec database 129.138.12.160/massspecdata
setting labnumber to 65575
setting aliquot to 29
setting step to 
setting uuid to 72cf7ef4-291c-4971-85d7-d30a5541205e
setting irradpos to 65575
setting extract_device to Fusions CO2
setting tray to 
setting position to 112
setting power_requested to 5.0
setting extract_value to 5.0
setting duration to 30.0
setting duration_at_request to 30.0
setting first_stage_delay to 30.0
setting cleanup to 30.0
setting comment to M:20 w/ inclusions
setting irradiation to NM-289
setting level to M
setting irradiation_level to M
setting sample to NM-2607 W
setting material to Sanidine
setting project to JoyitaHills
setting mass_spectrometer to Jan
no attribute chron_dosages
no attribute production_ratios
no attribute interference_corrections
no attribute production_name
no attribute j
Reference Isotope=Ar40
Reference Detector=H1
%%%%%%%%%%%%%%%%%%%% Comment: M:20 w/ inclusions %%%%%%%%%%%%%%%%%%%
adding isotope PM41 H2
add baseline dbdet= PM41. original det= H2
get baseline data PM41 H2
Get data baseline <pychron.processing.isotope.Baseline object at 0x186cac450> len t=60
baseline PM41. v=-0.219926163483, e=0.0074567525356
get signal data PM41 H2
Get data signal PM41 0.07+/-0.07 len t=120
adding isotope Ar40 H1
add baseline dbdet= Ar40. original det= H1
get baseline data Ar40 H1
Get data baseline <pychron.processing.isotope.Baseline object at 0x186cac650> len t=60
baseline Ar40. v=-0.0171097909747, e=0.00407808009594
get signal data Ar40 H1
Get data signal Ar40 264.574+/-0.029 len t=120
adding isotope Ar39 AX
add baseline dbdet= Ar39. original det= AX
get baseline data Ar39 AX
Get data baseline <pychron.processing.isotope.Baseline object at 0x186cac810> len t=60
baseline Ar39. v=-0.0756708206148, e=0.00751249154823
get signal data Ar39 AX
Get data signal Ar39 56.353+/-0.020 len t=120
adding isotope Ar38 L1
add baseline dbdet= Ar38. original det= L1
get baseline data Ar38 L1
Get data baseline <pychron.processing.isotope.Baseline object at 0x186cac9d0> len t=60
baseline Ar38. v=-0.0189856115034, e=0.00317848668597
get signal data Ar38 L1
Get data signal Ar38 0.908+/-0.005 len t=120
adding isotope Ar37 L2
add baseline dbdet= Ar37. original det= L2
get baseline data Ar37 L2
Get data baseline <pychron.processing.isotope.Baseline object at 0x186cacb90> len t=60
baseline Ar37. v=-0.0277768433238, e=0.00592243698935
get signal data Ar37 L2
Get data signal Ar37 16.242+/-0.011 len t=120
adding isotope Ar36 CDD
add baseline dbdet= Ar36. original det= CDD
get baseline data Ar36 CDD
Get data baseline <pychron.processing.isotope.Baseline object at 0x186cacd50> len t=60
baseline Ar36. v=0.000191043947073, e=2.40225100649e-05
get signal data Ar36 CDD
Get data signal Ar36 0.1376+/-0.0009 len t=120
65575-29 added analysis time 0.527754068375s
analysis added to mass spec database
mass spec save time= 0.538
persistence save - dvc
================= post measurement started
create new session 4983587952
close session 4983587952
---------------- Experiment Queue saving disabled
DVC saving peakcenter
Failed to find a valid peak. No peak greater than 1.0. max = 0.158218983464
set states for children of W. state=False
handle state [('W', False)]
update switch state W False args=() kw={'refresh': False} ncanvase=2
refresh_canvas_needed fired
Smart pull ahead: 0 behind: 0
Up-to-date with origin
add to repo msg=modified - ad8224ebc6dbfeb9f5997218dfa5fe690569839d.json
add to repo msg=modified - 75-29.json
add to repo msg=modified - 75-29.dat.json
add to repo msg=modified - 75-29.blan.json
add to repo msg=modified - 75-29.inte.json
Get Checksum: 308250487
add to repo msg=modified - 75-29.icfa.json
add to repo msg=modified - 75-29.base.json
not at valid file /Users/jan/PychronDev/data/.dvc/repositories/Load1785/655/tags/75-29.tags.json
add to repo msg=modified - 75-29.peak.json
add to repo msg=modified - 75-29.extr.json
not at valid file /Users/jan/PychronDev/data/.dvc/repositories/Load1785/655/monitor/75-29.moni.json
commit message=<COLLECTION>
add to repo msg=modified - 75-29.inte.json
add to repo msg=modified - 75-29.base.json
commit message=<ISOEVO> default collection fits
add to repo msg=modified - 75-29.blan.json
commit message=<BLANKS> preceding bc-02-J-270
Get Checksum: 308250487
add to repo msg=modified - 75-29.icfa.json
commit message=<ICFactor> default
push repository <pychron.git_archive.repo_manager.GitRepoManager object at 0x17a525e30>
pushing to remote=origin, url=https://github.com
Get Checksum: 308250487
no changes to meta repo
create new session 4983587952
add association Load1785
get identifier "65575"
setting analysis irradiation position=<pychron.dvc.dvc_orm.IrradiationPositionTbl object at 0x17227dc50>
close session 4983587952
================= post measurement finished
04:40:05 -- ******* Post Run Check *******
loading queue conditionals post_run_actions
loading system conditionals post_run_actions
loading conditionals from /Users/jan/PychronDev/setupfiles/spectrometer/default_conditionals.yaml
loading queue conditionals post_run_terminations
loading system conditionals post_run_terminations
loading conditionals from /Users/jan/PychronDev/setupfiles/spectrometer/default_conditionals.yaml
Checking default post run terminations n=1
GetDeflection CDD ===>> 50
testing CDD==2000
evaluate ot="CDD.deflection==2000" t="CDD==2000", ctx="{'CDD': 50.0}"
04:40:05 -- ******* Post Run Check Passed *******
04:40:05 -- Automated run 65575-29 success duration: 363.422 s
----------------- finish -----------------
----------------- stop -----------------
retroactive repository identifiers disabled
finish run. runs completed=102
update duration runid=65575-29, duration=363.422426939, md5=301e91d8
write rem/ex queues
/Users/jan/PychronDev/experiments/rem/CurrentExperimentPartial.rem.txt
/Users/jan/PychronDev/experiments/rem/CurrentExperimentPartial.ex.txt
doing event level: 3
