do run
loading script "jan_unknown120_60.py"
loading script "jan_pump_ms.py"
loading script "jan_co2.py"
loading script "jan_pump_extraction_line.py"
testing...
no interpolation path defined
executed 213.652928
script duration name:unknown120_60 seconds:214.0
loading script "jan_unknown120_60.py"
loading script "jan_pump_ms.py"
loading script "jan_co2.py"
loading script "jan_pump_extraction_line.py"
testing...
no interpolation path defined
executed 0
loading script "jan_unknown120_60.py"
loading script "jan_pump_ms.py"
loading script "jan_co2.py"
loading script "jan_pump_extraction_line.py"
testing...
no interpolation path defined
calculate duration
testing...
no interpolation path defined
executed 0
calculate duration
testing...
no interpolation path defined
executed 0
executed 0.0
script duration name:co2 seconds:0.0
loading script "jan_unknown120_60.py"
loading script "jan_pump_ms.py"
loading script "jan_co2.py"
loading script "jan_pump_extraction_line.py"
testing...
no interpolation path defined
calculate duration
testing...
no interpolation path defined
executed 4.0
executed 4.0
Script duration 214.0
Run total estimated duration= 215.000
run duration: 0:03:35
doing event level: 2
03:40:46 -- Setting default integration. t=1.048576
setting integration time = 1.048576
Get Checksum: 2035439760
SetIntegrationTime 1.048576 ===>> OK
----------------- start -----------------
**************** Experiment Type: Ar/Ar, Ar/Ar
create new session 4993924272
close session 4993924272
$$$$$ Clearing conditionals
adding conditionals 
Add queue conditionals
add default conditionals
adding default conditionals from /Users/jan/PychronDev/setupfiles/spectrometer/default_conditionals.yaml
Start automated run 65575-21
loading script "jan_unknown120_60.py"
loading script "jan_pump_ms.py"
loading script "jan_co2.py"
loading script "jan_pump_extraction_line.py"
%%%%%%%%%%%%%%%%%% setting automated run 65575-21
No value "sensitivity_multiplier" in metadata
$$$$$$$$$$$$$$$ auto_save_detector_ic=False
============================= Pre Extraction Check =============================
loading queue conditionals pre_run_terminations
loading system conditionals pre_run_terminations
loading conditionals from /Users/jan/PychronDev/setupfiles/spectrometer/default_conditionals.yaml
03:40:46 -- ******* Pre Extraction Check *******
Get a measurement from the spectrometer
GetData ===>> H2,-0.169073664945593,H1,0.0889396638502628,AX,-0.0670522049600605,L1,-0.0153923091849993,L2,0.06...
Pre Extraction Termination data. keys=H2,H1,AX,L1,L2,CDD, signals=-0.16907,0.08894,-0.06705,-0.01539,0.06251,0.00283
03:40:46 -- testing system defined conditionals
Checking default pre extraction terminations n=2
testing CDD
evaluate ot="CDD.inactive" t="CDD", ctx="{'CDD': False}"
GetDeflection CDD ===>> 50
testing CDD==2000
evaluate ot="CDD.deflection==2000" t="CDD==2000", ctx="{'CDD': 50.0}"
03:40:46 -- ******* Pre Extraction Check Passed *******
=================================================================================
03:40:46 -- stopping status monitor
stop 4977824688
Alive clients [4983939824]
03:40:46 -- starting status monitor
start 4977824688
Monitor already running
start extraction
do extraction
Analysis started at 03:40:46.571392
Extraction Started jan_co2.py
03:40:46 -- ******* Extraction Started jan_co2.py *******
state changed from not run to extraction
DO EXTRACTION <pychron.extraction_line.pyscript_runner.RemotePyScriptRunner object at 0x12c3c43b0>
testing...
no interpolation path defined
calculate duration
testing...
no interpolation path defined
executed 0
calculate duration
testing...
no interpolation path defined
executed 0
executed 100.0
Jan CO2 laser analysis
doing GOSUB
testing...
no interpolation path defined
executed 0
Waiting for CO2 access
wait ('FelixCO2Flag', 0) {}
waiting for FelixCO2Flag = 0
Read FelixCO2Flag ===>> 0
finished waiting
CO2 free
wait ('CO2PumpTimeFlag', 0) {}
waiting for CO2PumpTimeFlag = 0
Read CO2PumpTimeFlag ===>> 0
finished waiting
acquire ('JanCO2Flag',) {'clear': True}
acquire JanCO2Flag
Set JanCO2Flag 1 ===>> OK
JanCO2Flag acquired
set extraction state False (0.75, 'red', 1.5)
CO2 acquired
executed 0
WaitForCO2Access.py completed successfully
gosub finished
doing GOSUB
testing...
no interpolation path defined
executed 0
Prepare for CO2 analysis
close () {'description': 'Jan Inlet'}
closing name=--- desc=Jan Inlet
checking ownership. requestor=129.138.12.150
check software interlocks R
interlocks []
actuate state mode=None-script, software_lock=False
doing actuation None-script close_channel False
Close R ===>> OK
GetIndicatorState R ===>> False
change switch state (True, True)
update switch state R False args=() kw={} ncanvase=2
03:40:47 -- CLOSE  VALVE-R (Jan Inlet)
---------------------------------------- close None (Jan Inlet) result=[(True, True)]
action=close, ok=True, locked=[False]
open () {'description': 'Jan Ion Pump'}
opening name=--- desc=Jan Ion Pump
checking ownership. requestor=129.138.12.150
check software interlocks O
interlocks []
actuate state mode=None-script, software_lock=False
doing actuation None-script open_channel False
Open O ===>> OK
GetIndicatorState O ===>> OK
change switch state (True, True)
update switch state O True args=() kw={} ncanvase=2
03:40:47 -- OPEN   VALVE-O (Jan Ion Pump)
---------------------------------------- open None (Jan Ion Pump) result=[(True, True)], time=0.10 sec
action=open, ok=True, locked=[False]
close () {'description': 'Microbone to Minibone'}
closing name=--- desc=Microbone to Minibone
checking ownership. requestor=129.138.12.150
check software interlocks L
interlocks []
actuate state mode=None-script, software_lock=False
doing actuation None-script close_channel False
Close L ===>> OK
GetIndicatorState L ===>> False
change switch state (True, True)
update switch state L False args=() kw={} ncanvase=2
03:40:48 -- CLOSE  VALVE-L (Microbone to Minibone)
---------------------------------------- close None (Microbone to Minibone) result=[(True, True)]
action=close, ok=True, locked=[False]
open () {'description': 'Microbone to Turbo'}
opening name=--- desc=Microbone to Turbo
checking ownership. requestor=129.138.12.150
check software interlocks U
interlocks []
actuate state mode=None-script, software_lock=False
doing actuation None-script open_channel False
Open U ===>> OK
GetIndicatorState U ===>> OK
change switch state (True, True)
update switch state U True args=() kw={} ncanvase=2
03:40:48 -- OPEN   VALVE-U (Microbone to Turbo)
---------------------------------------- open None (Microbone to Turbo) result=[(True, True)], time=0.14 sec
action=open, ok=True, locked=[False]
open () {'description': 'Microbone to Inlet Pipette'}
opening name=--- desc=Microbone to Inlet Pipette
checking ownership. requestor=129.138.12.150
check software interlocks S
interlocks []
actuate state mode=None-script, software_lock=False
doing actuation None-script open_channel False
Open S ===>> OK
GetIndicatorState S ===>> OK
change switch state (True, True)
update switch state S True args=() kw={} ncanvase=2
03:40:49 -- OPEN   VALVE-S (Microbone to Inlet Pipette)
---------------------------------------- open None (Microbone to Inlet Pipette) result=[(True, True)], time=0.42 sec
action=open, ok=True, locked=[False]
open () {'description': 'Microbone to Getter D-50'}
opening name=--- desc=Microbone to Getter D-50
checking ownership. requestor=129.138.12.150
check software interlocks K
interlocks []
actuate state mode=None-script, software_lock=False
doing actuation None-script open_channel False
Open K ===>> OK
Get Checksum: 2035439760
GetIndicatorState K ===>> OK
change switch state (True, True)
update switch state K True args=() kw={} ncanvase=2
03:40:49 -- OPEN   VALVE-K (Microbone to Getter D-50)
---------------------------------------- open None (Microbone to Getter D-50) result=[(True, True)], time=0.43 sec
action=open, ok=True, locked=[False]
open () {'description': 'Microbone to Getter NP-10'}
opening name=--- desc=Microbone to Getter NP-10
checking ownership. requestor=129.138.12.150
check software interlocks M
interlocks []
actuate state mode=None-script, software_lock=False
doing actuation None-script open_channel False
Open M ===>> OK
GetIndicatorState M ===>> OK
change switch state (True, True)
update switch state M True args=() kw={} ncanvase=2
03:40:50 -- OPEN   VALVE-M (Microbone to Getter NP-10)
---------------------------------------- open None (Microbone to Getter NP-10) result=[(True, True)], time=0.16 sec
action=open, ok=True, locked=[False]
close () {'description': 'CO2 Laser to Felix'}
closing name=--- desc=CO2 Laser to Felix
checking ownership. requestor=129.138.12.150
check software interlocks F
interlocks []
actuate state mode=None-script, software_lock=True
VALVE-F(CO2 Laser to Felix) software locked
change switch state (True, False)
---------------------------------------- close None (CO2 Laser to Felix) result=[(True, False)]
action=close, ok=True, locked=[True]
open () {'description': 'CO2 Laser to Jan'}
opening name=--- desc=CO2 Laser to Jan
checking ownership. requestor=129.138.12.150
check software interlocks A
interlocks []
actuate state mode=None-script, software_lock=False
doing actuation None-script open_channel False
Open A ===>> OK
GetIndicatorState A ===>> OK
change switch state (True, True)
update switch state A True args=() kw={} ncanvase=2
03:40:50 -- OPEN   VALVE-A (CO2 Laser to Jan)
---------------------------------------- open None (CO2 Laser to Jan) result=[(True, True)], time=0.13 sec
action=open, ok=True, locked=[False]
open () {'description': 'Microbone to CO2 Laser'}
opening name=--- desc=Microbone to CO2 Laser
checking ownership. requestor=129.138.12.150
check software interlocks T
interlocks []
actuate state mode=None-script, software_lock=False
doing actuation None-script open_channel False
Open T ===>> OK
GetIndicatorState T ===>> OK
change switch state (True, True)
update switch state T True args=() kw={} ncanvase=2
03:40:51 -- OPEN   VALVE-T (Microbone to CO2 Laser)
---------------------------------------- open None (Microbone to CO2 Laser) result=[(True, True)], time=0.43 sec
action=open, ok=True, locked=[False]
executed 0
PrepareForCO2Analysis.py completed successfully
gosub finished
set_motor ('beam', '1.25') {}
setting motor "beam" to 1.25
set motor beam to 1.25
SetMotor beam,1.25 ===>> OK
GetMotorMoving beam ===>> False
GetMotorMoving beam ===>> False
Block completed
move_to_position ('103',) {'autocenter': True}
FusionsCO2 move to position 103
sending GoToHole 103,True
GoToHole 103,True ===>> OK
Get Checksum: 2035439760
GetDriveMoving ===>> OK
GetDriveMoving ===>> OK
GetDriveMoving ===>> OK
GetDriveMoving ===>> OK
GetDriveMoving ===>> OK
GetDriveMoving ===>> OK
GetDriveMoving ===>> OK
GetDriveMoving ===>> OK
GetDriveMoving ===>> OK
GetDriveMoving ===>> OK
Get Checksum: 2035439760
GetDriveMoving ===>> OK
GetDriveMoving ===>> OK
GetDriveMoving ===>> OK
GetDriveMoving ===>> OK
GetDriveMoving ===>> OK
GetDriveMoving ===>> OK
GetDriveMoving ===>> OK
GetDriveMoving ===>> OK
GetDriveMoving ===>> OK
GetDriveMoving ===>> OK
GetDriveMoving ===>> OK
GetDriveMoving ===>> OK
Get Checksum: 2035439760
GetDriveMoving ===>> OK
GetDriveMoving ===>> OK
GetDriveMoving ===>> OK
GetDriveMoving ===>> OK
GetDriveMoving ===>> OK
GetDriveMoving ===>> OK
GetDriveMoving ===>> OK
GetDriveMoving ===>> OK
GetDriveMoving ===>> OK
GetDriveMoving ===>> OK
GetDriveMoving ===>> OK
Get Checksum: 2035439760
GetDriveMoving ===>> OK
GetDriveMoving ===>> OK
GetDriveMoving ===>> OK
GetDriveMoving ===>> OK
GetDriveMoving ===>> OK
GetDriveMoving ===>> OK
GetDriveMoving ===>> OK
GetDriveMoving ===>> OK
GetDriveMoving ===>> OK
GetDriveMoving ===>> OK
GetDriveMoving ===>> OK
GetDriveMoving ===>> OK
Get Checksum: 2035439760
GetDriveMoving ===>> OK
GetDriveMoving ===>> OK
GetDriveMoving ===>> OK
GetDriveMoving ===>> OK
GetDriveMoving ===>> False
GetDriveMoving ===>> OK
GetDriveMoving ===>> OK
GetDriveMoving ===>> False
Block completed
GetAutoCorrecting ===>> False
GetAutoCorrecting ===>> False
Block completed
update position
GetPosition ===>> -15.95120,0.00000,1.00000
got position (-15.9512, 0.0, 1.0)
move to position succeeded
sleep (5,) {}
SLEEP 5.0
block started
WaitControl setup for 5.0  
Get Checksum: 2035439760
Get Checksum: 2035439760
Join finished
block finished. duration 5.02906608582
close () {'description': 'Microbone to Turbo'}
closing name=--- desc=Microbone to Turbo
checking ownership. requestor=129.138.12.150
check software interlocks U
interlocks []
actuate state mode=None-script, software_lock=False
doing actuation None-script close_channel True
Close U ===>> OK
GetIndicatorState U ===>> False
change switch state (True, True)
update switch state U False args=() kw={} ncanvase=2
03:41:13 -- CLOSE  VALVE-U (Microbone to Turbo)
---------------------------------------- close None (Microbone to Turbo) result=[(True, True)]
action=close, ok=True, locked=[False]
enable laser
enable () {}
set extraction state FusionsCO2 Enabled (False, 'red', 1.5)
enabling laser
Enable ===>> OK
begin interval
BEGIN INTERVAL Interval 1 waiting for 30.0
block started
set extract to 5.0
WaitControl setup for 30.0  
extract (5.0,) {}
GetPosition ===>> -15.95120,0.00000,1.00000
set extraction state FusionsCO2 ON! 5.0(watts) (0.75, 'red', 1.5)
extract sample to 5.0 (watts)
set laser output
SetLaserOutput 5.0,watts ===>> OK
executing pattern triangle.lp
execute_pattern ('triangle.lp',) {}
executing pattern triangle.lp
Get Checksum: -1640178555
IsPatterning ===>> OK
IsPatterning ===>> OK
Get Checksum: -1640178555
IsPatterning ===>> OK
IsPatterning ===>> OK
IsPatterning ===>> OK
IsPatterning ===>> OK
IsPatterning ===>> OK
Get Checksum: -1640178555
IsPatterning ===>> OK
IsPatterning ===>> OK
IsPatterning ===>> OK
Get Checksum: -1640178555
IsPatterning ===>> OK
IsPatterning ===>> OK
IsPatterning ===>> OK
Get Checksum: -1640178555
IsPatterning ===>> OK
IsPatterning ===>> OK
IsPatterning ===>> OK
Get Checksum: -1640178555
IsPatterning ===>> OK
IsPatterning ===>> OK
IsPatterning ===>> OK
Get Checksum: -1640178555
IsPatterning ===>> OK
IsPatterning ===>> OK
IsPatterning ===>> OK
Get Checksum: -1640178555
IsPatterning ===>> OK
IsPatterning ===>> OK
IsPatterning ===>> OK
Get Checksum: -1640178555
IsPatterning ===>> OK
IsPatterning ===>> False
IsPatterning ===>> False
Block completed
COMPLETE INTERVAL waiting for Interval 1 to complete
Get Checksum: -1640178555
Join finished
block finished. duration 30.085132122
Interval 1 finished
end_extract () {}
ending extraction. set laser power to 0
set laser power 0
SetLaserPower 0 ===>> OK
disable () {}
%%%%%%%%%%%%%%%%%%%%%%%%%%%%%%%%%%% disable
set extraction state False (0.75, 'red', 1.5)
disabling laser
Disable ===>> OK
sleep (30.0,) {}
SLEEP 30.0
block started
WaitControl setup for 30.0  
Get Checksum: -1640178555
Get Checksum: -1640178555
Get Checksum: -1640178555
Get Checksum: -1640178555
Get Checksum: -1640178555
Get Checksum: -1640178555
Get Checksum: -1640178555
Get Checksum: -1640178555
Get Checksum: -1640178555
Get Checksum: -1640178555
Join finished
block finished. duration 30.0741150379
executed 166.5
jan_co2.py completed successfully
GetAchievedOutput ===>> No Response
Requested Output= 0.000
Achieved Output=  0.000
GetResponseBlob ===>> No Response
GetOutputBlob ===>> No Response
persistence save...
persistence save - db
AutomatedRunPersister post_extraction_save deprecated
persistence save - dvc
no extraction position for 103
create new session 4983587952
close session 4983587952
Extraction Finished
03:42:14 -- ******* Extraction Finished *******
no overlap. not waiting for min ms pumptime
03:42:14 -- Sending spectrometer configuration
======== Sending configuration ========
SetDeflection CDD,50.0 ===>> OK
SetDeflection H2,0.0 ===>> OK
SetDeflection H1,0.0 ===>> OK
SetDeflection L2,825.0 ===>> OK
SetDeflection L1,400.0 ===>> OK
SetDeflection AX,190.0 ===>> OK
SetZFocus 74.64 ===>> OK
SetZSymmetry -50.72 ===>> OK
SetExtractionLens 26.13 ===>> OK
SetIonRepeller -3.81 ===>> OK
SetElectronEnergy 75.08 ===>> OK
SetYSymmetry -2.81 ===>> OK
SetIonCounterVoltage 1590.0 ===>> OK
send trap current 200.0
GetParameter Trap Current Readback ===>> 198.482695477019
SetParameter Trap Current Set,200.0 ===>> OK
updating mftable name mftable
Using mftable located at /Users/jan/PychronDev/setupfiles/spectrometer/mftables/mftable.csv
============ MFtable ===========
Isotope  H2     H1     AX     L1     L2     CDD    
Ar40     5.7839 5.8789 5.9923 6.1238 6.2307 6.3521
Ar39     5.6832 5.7712 5.8848 6.0099 6.1158 6.2386
Ar36     5.3607 5.4402 5.5481 5.6688 5.7708 5.8896
================================
get initial guess parabolic
get initial guess parabolic
get initial guess parabolic
get initial guess parabolic
get initial guess parabolic
get initial guess parabolic
======== Configuration Finished ========
GetYSymmetry ===>> -2.81
GetZSymmetry ===>> -50.72
GetParameter Trap Current Readback ===>> 197.923274125618
GetHighVoltage ===>> 4500
start measurement
do measurement
L#=65575 analysis type=unknown
Measurement Started jan_unknown120_60.py
03:42:14 -- ******* Measurement Started jan_unknown120_60.py *******
state changed from extraction to measurement
setting spec, defl, and gains
GetExtractionLens ===>> 26.13
GetYSymmetry ===>> -2.81
GetZSymmetry ===>> -50.72
GetZFocus ===>> 74.64
GetDeflection H2 ===>> 0
GetDeflection H1 ===>> 0
GetDeflection AX ===>> 190
GetDeflection L1 ===>> 400
GetDeflection L2 ===>> 825
GetDeflection CDD ===>> 50
GetGain H2 ===>> 0.0113
GetGain H1 ===>> 0.1
GetGain AX ===>> 0.097049
GetGain L1 ===>> 0.010355
GetGain L2 ===>> 0.095649
GetGain CDD ===>> 0
pre measurement save
New frame /Users/jan/PychronDev/data/isotopes/d2/e20eff-d67d-4b73-9e3f-da4c0ce1738b.h5
flush and close file /Users/jan/PychronDev/data/isotopes/d2/e20eff-d67d-4b73-9e3f-da4c0ce1738b.h5
testing...
no interpolation path defined
executed 226.132928
unknown measurement script
activate_detectors ('H2', 'H1', 'AX', 'L1', 'L2', 'CDD') {}
activate detectors
*************** Set Analysis View Ar/Ar
create graphs
clearing graphs
clear isotope group
setting isotope det=H2, iso=PM41
setting isotope det=H1, iso=Ar40
setting isotope det=AX, iso=Ar39
setting isotope det=L1, iso=Ar38
setting isotope det=L2, iso=Ar37
setting isotope det=CDD, iso=Ar36
setting previous blanks
 - setting Ar40 blank 0.249+/-0.007
 - setting Ar36 blank 0.00427+/-0.00017
 - setting Ar37 blank 0.051+/-0.005
 - setting Ar38 blank 0.0096+/-0.0023
 - setting PM41 blank 0.03+/-0.06
 - setting Ar39 blank 0.012+/-0.008
load analysis view
position_magnet ('Ar40',) {'detector': 'H1'}
detector Detector(H1)
POSITION Ar40 H1
setting detector H2 to PM41 (40.9624)
setting detector H1 to Ar40 (39.9624)
setting detector AX to Ar39 (38.9624)
setting detector L1 to Ar38 (37.9624)
setting detector L2 to Ar37 (36.9624)
setting detector CDD to Ar36 (35.9624)
Mapping mass to dac mass func: "parabolic"
H1 map mass coeffs = [-0.00063987  0.15840543  0.57051999]
H1 map mass to dac 39.9624 >> 5.87891
GetDeflection H1 ===>> 0
GetHighVoltage ===>> 4500
positioning Ar40 (5.87891) on H1
setting magnet DAC
current  : 5.878906
requested: 5.878910
Delta Dac: 0.000004
Checking detector protection. dv=0.00000
Checking detector "CDD". Protection Threshold: 0.1 (V)
SetMagnetDAC 5.87891 ===>> OK
Magnet settling time: 0.500
equilibrate () {'delay': 3, 'inlet': 'R', 'outlet': 'O', 'eqtime': 12.0}
Equilibration Started
03:42:16 -- ******* Equilibration Started *******
checking ownership. requestor=129.138.12.150
check software interlocks O
interlocks []
actuate state mode=None-script, software_lock=False
doing actuation None-script close_channel True
Close O ===>> OK
GetIndicatorState O ===>> False
change switch state (True, True)
update switch state O False args=() kw={} ncanvase=2
03:42:16 -- CLOSE  VALVE-O (Jan Ion Pump)
waiting 3s before opening inlet value ('R',)
Get Checksum: -423938523
checking ownership. requestor=129.138.12.150
check software interlocks R
interlocks []
actuate state mode=None-script, software_lock=False
doing actuation None-script open_channel True
Open R ===>> OK
set states for children of R. state=True
handle state [('R', True)]
update switch state R True args=() kw={'refresh': False} ncanvase=2
refresh_canvas_needed fired
GetIndicatorState R ===>> OK
change switch state (True, True)
update switch state R True args=() kw={} ncanvase=2
03:42:19 -- OPEN   VALVE-R (Jan Inlet)
equilibrating for 12.0sec
set_time_zero () {}
sniff (12.0,) {}
py_sniff
build tables- sniff [Detector(H2), Detector(H1), Detector(AX), Detector(L1), Detector(L2), Detector(CDD)]
add group /sniff/PM41 (Group) '' table H2
add group /sniff/Ar40 (Group) '' table H1
Get Checksum: -173909521
add group /sniff/Ar39 (Group) '' table AX
add group /sniff/Ar38 (Group) '' table L1
add group /sniff/Ar37 (Group) '' table L2
add group /sniff/Ar36 (Group) '' table CDD
flush and close file /Users/jan/PychronDev/data/isotopes/d2/e20eff-d67d-4b73-9e3f-da4c0ce1738b.h5
measuring sniff. ncounts=12.0
starting measurement
GetData ===>> H2,-0.0552503453790169,H1,47.0865596859155,AX,12.7391924497351,L1,0.0272665750899728,L2,0.2762538...
GetData ===>> H2,1.07301319094721,H1,568.446746620392,AX,148.209924857749,L1,0.830414616050906,L2,1.25512820917...
GetData ===>> H2,0.638970471131283,H1,879.203822479312,AX,221.496493689682,L1,1.82647543339324,L2,1.53665112616...
Get Checksum: -173909521
GetData ===>> H2,0.229139700636892,H1,976.661821003436,AX,241.625236975191,L1,2.48710909134299,L2,1.53127791055...
GetData ===>> H2,0.146233418005437,H1,1010.82786287851,AX,248.268704864975,L1,2.8547371205659,L2,1.550914024608...
GetData ===>> H2,0.193237047218837,H1,1024.66205818357,AX,250.665076378869,L1,3.07879841096859,L2,1.72952387986...
Get Checksum: -173909521
GetData ===>> H2,0.158388040620764,H1,1029.93355173767,AX,251.652547911955,L1,3.1741912450198,L2,1.625145004212...
GetData ===>> H2,0.0718811313047639,H1,1032.38739950914,AX,252.264706166563,L1,3.2621765705299,L2,1.63973136807...
GetData ===>> H2,0.104726976514239,H1,1033.04450792494,AX,252.258207361653,L1,3.33165447414207,L2,1.61614600756...
Get Checksum: -173909521
GetData ===>> H2,-0.0340456433888624,H1,1033.36133620554,AX,252.553531562218,L1,3.36292702496835,L2,1.617720484...
GetData ===>> H2,0.0364821972337943,H1,1033.47280157261,AX,252.741020882752,L1,3.33793904651263,L2,1.6456286093...
Equilibration Finished
03:42:31 -- ******* Equilibration Finished *******
checking ownership. requestor=129.138.12.150
check software interlocks R
interlocks []
actuate state mode=None-script, software_lock=False
doing actuation None-script close_channel True
GetData ===>> H2,0.095953540705996,H1,1033.20950555682,AX,252.547376143581,L1,3.34728998225217,L2,1.58353598931...
Close R ===>> OK
set states for children of R. state=False
handle state [('R', False)]
update switch state R False args=() kw={'refresh': False} ncanvase=2
refresh_canvas_needed fired
Get Checksum: -423938523
GetIndicatorState R ===>> False
change switch state (True, True)
update switch state R False args=() kw={} ncanvase=2
03:42:32 -- CLOSE  VALVE-R (Jan Inlet)
Post Equilibration Started jan_pump_extraction_line.py
03:42:32 -- ******* Post Equilibration Started jan_pump_extraction_line.py *******
testing...
no interpolation path defined
calculate duration
testing...
no interpolation path defined
executed 4.0
executed 4.0
Pump after analysis
doing GOSUB
testing...
no interpolation path defined
executed 4.0
Pump Microbone
close () {'description': 'Jan Inlet'}
closing name=--- desc=Jan Inlet
checking ownership. requestor=129.138.12.150
check software interlocks R
interlocks []
actuate state mode=None-script, software_lock=False
doing actuation None-script close_channel False
Close R ===>> OK
measurement finished
estimated time: 12.583 actual time: :12.671
flush and close file /Users/jan/PychronDev/data/isotopes/d2/e20eff-d67d-4b73-9e3f-da4c0ce1738b.h5
set_fits () {}
using default fits file=/Users/jan/PychronDev/scripts/measurement/fits/nominal_linear.yaml
set "Ar40" to "('Linear', 'SEM')"
No fit for "PM41". defaulting to linear. check the measurement script "jan_unknown120_60.py"
set "PM41" to "linear"
set "Ar36" to "('Linear', 'SEM')"
set "Ar37" to "('linear', 'SEM')"
set "Ar38" to "('linear', 'SEM')"
set "Ar39" to "('Linear', 'SEM')"
set_baseline_fits () {}
using default fits file=/Users/jan/PychronDev/scripts/measurement/fits/nominal_linear.yaml
GetIndicatorState R ===>> False
set "H1" to "('average', 'SEM')"
change switch state (True, True)
set "H2" to "('average', 'SEM')"
update switch state R False args=() kw={} ncanvase=2
set "CDD" to "('average', 'SEM')"
set "L2" to "('average', 'SEM')"
set "L1" to "('average', 'SEM')"
set "AX" to "('average', 'SEM')"
03:42:33 -- CLOSE  VALVE-R (Jan Inlet)
multicollect () {'integration_time': 1, 'ncounts': 120}
---------------------------------------- close None (Jan Inlet) result=[(True, True)]
build tables- signal [Detector(H2), Detector(H1), Detector(AX), Detector(L1), Detector(L2), Detector(CDD)]
add group /signal/PM41 (Group) '' table H2
add group /signal/Ar40 (Group) '' table H1
add group /signal/Ar39 (Group) '' table AX
add group /signal/Ar38 (Group) '' table L1
add group /signal/Ar37 (Group) '' table L2
add group /signal/Ar36 (Group) '' table CDD
flush and close file /Users/jan/PychronDev/data/isotopes/d2/e20eff-d67d-4b73-9e3f-da4c0ce1738b.h5
measuring signal. ncounts=120
action=close, ok=True, locked=[False]
is_closed ('F',) {}
is F () closed?
is closed True
open () {'description': 'CO2 Laser to Jan'}
opening name=--- desc=CO2 Laser to Jan
checking ownership. requestor=129.138.12.150
check software interlocks A
interlocks []
actuate state mode=None-script, software_lock=False
doing actuation None-script open_channel False
Open A ===>> OK
GetIndicatorState A ===>> OK
change switch state (True, True)
update switch state A True args=() kw={} ncanvase=2
03:42:33 -- OPEN   VALVE-A (CO2 Laser to Jan)
---------------------------------------- open None (CO2 Laser to Jan) result=[(True, True)], time=0.13 sec
starting measurement
GetData ===>> H2,0.0276681778639553,H1,1033.44162453322,AX,252.568134704999,L1,3.33514113602481,L2,1.5843057252...
action=open, ok=True, locked=[False]
sleep (1,) {}
SLEEP 1.0
GetData ===>> H2,0.187900035969946,H1,1034.05505951366,AX,252.603740524405,L1,3.38410143613386,L2,1.61225015065...
close () {'description': 'CO2 Laser to Roughing'}
closing name=--- desc=CO2 Laser to Roughing
checking ownership. requestor=129.138.12.150
check software interlocks G
interlocks []
actuate state mode=None-script, software_lock=True
VALVE-G(CO2 Laser to Roughing) software locked
change switch state (True, False)
---------------------------------------- close None (CO2 Laser to Roughing) result=[(True, False)]
action=close, ok=True, locked=[True]
open () {'description': 'Microbone to Turbo'}
opening name=--- desc=Microbone to Turbo
checking ownership. requestor=129.138.12.150
check software interlocks U
interlocks []
actuate state mode=None-script, software_lock=False
doing actuation None-script open_channel True
Open U ===>> OK
GetIndicatorState U ===>> OK
change switch state (True, True)
update switch state U True args=() kw={} ncanvase=2
03:42:34 -- OPEN   VALVE-U (Microbone to Turbo)
---------------------------------------- open None (Microbone to Turbo) result=[(True, True)], time=0.17 sec
action=open, ok=True, locked=[False]
open () {'description': 'Microbone to Getter NP-10'}
opening name=--- desc=Microbone to Getter NP-10
checking ownership. requestor=129.138.12.150
check software interlocks M
interlocks []
actuate state mode=None-script, software_lock=False
doing actuation None-script open_channel False
Open M ===>> OK
GetIndicatorState M ===>> OK
change switch state (True, True)
update switch state M True args=() kw={} ncanvase=2
03:42:35 -- OPEN   VALVE-M (Microbone to Getter NP-10)
---------------------------------------- open None (Microbone to Getter NP-10) result=[(True, True)], time=0.16 sec
action=open, ok=True, locked=[False]
open () {'description': 'Microbone to Getter D-50'}
opening name=--- desc=Microbone to Getter D-50
checking ownership. requestor=129.138.12.150
check software interlocks K
interlocks []
actuate state mode=None-script, software_lock=False
doing actuation None-script open_channel False
GetData ===>> H2,0.017573644713227,H1,1032.81615311953,AX,252.139174534023,L1,3.39174128010324,L2,1.65090539392...
Open K ===>> OK
Get Checksum: -110011688
GetIndicatorState K ===>> OK
change switch state (True, True)
update switch state K True args=() kw={} ncanvase=2
03:42:36 -- OPEN   VALVE-K (Microbone to Getter D-50)
---------------------------------------- open None (Microbone to Getter D-50) result=[(True, True)], time=0.46 sec
action=open, ok=True, locked=[False]
open () {'description': 'Microbone to CO2 Laser'}
opening name=--- desc=Microbone to CO2 Laser
checking ownership. requestor=129.138.12.150
check software interlocks T
interlocks []
actuate state mode=None-script, software_lock=False
doing actuation None-script open_channel False
Open T ===>> OK
GetIndicatorState T ===>> OK
change switch state (True, True)
update switch state T True args=() kw={} ncanvase=2
03:42:36 -- OPEN   VALVE-T (Microbone to CO2 Laser)
---------------------------------------- open None (Microbone to CO2 Laser) result=[(True, True)], time=0.42 sec
GetData ===>> H2,-0.0468743411634924,H1,1032.07838410321,AX,251.996212349679,L1,3.32604833748062,L2,1.580916635...
action=open, ok=True, locked=[False]
open () {'description': 'Microbone to Inlet Pipette'}
opening name=--- desc=Microbone to Inlet Pipette
checking ownership. requestor=129.138.12.150
check software interlocks S
interlocks []
actuate state mode=None-script, software_lock=False
doing actuation None-script open_channel False
Open S ===>> OK
GetIndicatorState S ===>> OK
change switch state (True, True)
update switch state S True args=() kw={} ncanvase=2
03:42:37 -- OPEN   VALVE-S (Microbone to Inlet Pipette)
---------------------------------------- open None (Microbone to Inlet Pipette) result=[(True, True)], time=0.41 sec
action=open, ok=True, locked=[False]
sleep (1,) {}
SLEEP 1.0
GetData ===>> H2,-0.0938843916086716,H1,1031.80563747471,AX,252.335379553697,L1,3.35070278542445,L2,1.583892135...
set_resource () {'name': 'CO2PumpTimeFlag', 'value': 30}
Set CO2PumpTimeFlag 30 ===>> OK
release ('JanCO2Flag',) {}
release JanCO2Flag
Set JanCO2Flag 0 ===>> OK
executed 6.0
PumpMicrobone.py completed successfully
gosub finished
get_resource_value () {'name': 'JanMiniboneFlag'}
Read JanMiniboneFlag ===>> 0
Get Resource Value JanMiniboneFlag=0.0
get resource value 0.0
get_resource_value () {'name': 'JanMiniboneFlag'}
Read JanMiniboneFlag ===>> 0
Get Resource Value JanMiniboneFlag=0.0
executed 4.0
jan_pump_extraction_line.py completed successfully
Post Equilibration Finished
03:42:38 -- ******* Post Equilibration Finished *******
GetData ===>> H2,-0.203516213584416,H1,1031.2641033256,AX,251.956688239087,L1,3.39990096909781,L2,1.50449100850...
Get Checksum: -110011688
GetData ===>> H2,-0.122993724968705,H1,1030.99597143753,AX,251.893261357469,L1,3.40938831025682,L2,1.5492717315...
GetData ===>> H2,-0.0995382806375599,H1,1030.36214668439,AX,251.893447645889,L1,3.38091493529453,L2,1.511293326...
GetData ===>> H2,-0.140389017576359,H1,1029.91119096636,AX,251.516181622496,L1,3.34880666123127,L2,1.6167666010...
Get Checksum: -110011688
GetData ===>> H2,-0.0943652508832058,H1,1029.38770512424,AX,251.295820918109,L1,3.31060290893869,L2,1.459966068...
GetData ===>> H2,-0.076225263816634,H1,1029.38763183987,AX,251.125618064846,L1,3.29259254859633,L2,1.5297148495...
GetData ===>> H2,-0.233092589915619,H1,1028.60123280633,AX,251.214868582803,L1,3.2932947933255,L2,1.60231010778...
set states for children of V. state=True
handle state [('V', True)]
update switch state V True args=() kw={'refresh': False} ncanvase=2
refresh_canvas_needed fired
Get Checksum: -860229079
GetData ===>> H2,-0.190652460371629,H1,1028.26555525914,AX,251.460642578897,L1,3.33200826785844,L2,1.6400187496...
GetData ===>> H2,-0.134202466495064,H1,1028.2931593723,AX,251.44897289597,L1,3.30741808844234,L2,1.533036384520...
GetData ===>> H2,-0.0998009318928285,H1,1027.66432390071,AX,251.128460564045,L1,3.26771206776351,L2,1.577722958...
Get Checksum: -860229079
GetData ===>> H2,-0.159315616445506,H1,1026.93127845506,AX,251.067686797354,L1,3.31354544608171,L2,1.6288344907...
GetData ===>> H2,-0.00491127500081803,H1,1027.13553751479,AX,250.98485640632,L1,3.30542242917791,L2,1.612847735...
Get Checksum: -860229079
GetData ===>> H2,-0.037703081094334,H1,1026.85075732933,AX,251.075840356867,L1,3.32867212339209,L2,1.4592884740...
GetData ===>> H2,-0.125284420084835,H1,1026.54083311857,AX,250.902112383223,L1,3.3305875639965,L2,1.51344213103...
GetData ===>> H2,-0.169330058149843,H1,1026.18694045723,AX,250.592544970211,L1,3.33305013343559,L2,1.5292666234...
Get Checksum: -860229079
GetData ===>> H2,-0.123041058057347,H1,1025.30671674013,AX,250.153116105945,L1,3.28266832651666,L2,1.5587009415...
GetData ===>> H2,-0.100361414786092,H1,1025.04110639568,AX,250.171192895959,L1,3.32312148560749,L2,1.5901536213...
GetData ===>> H2,-0.0937475800413456,H1,1024.28315444598,AX,250.402172599706,L1,3.32693172039292,L2,1.612169706...
Get Checksum: -860229079
GetData ===>> H2,-0.123925474329399,H1,1023.96955339517,AX,250.534069961359,L1,3.33842735023797,L2,1.6954534167...
03:42:58 -- collecting point 25
GetData ===>> H2,-0.176254337741184,H1,1023.65552754542,AX,250.410872357887,L1,3.34035837768417,L2,1.6973397445...
GetData ===>> H2,-0.181178982948885,H1,1023.35277095841,AX,250.086720096078,L1,3.25849627419412,L2,1.6028731579...
Get Checksum: -860229079
GetData ===>> H2,-0.256567260109906,H1,1022.77692696768,AX,250.102784278862,L1,3.23940512164944,L2,1.6341103567...
GetData ===>> H2,-0.223679706990894,H1,1022.11795917815,AX,249.918775805143,L1,3.28658400424657,L2,1.5682114807...
GetData ===>> H2,-0.174233385406824,H1,1021.92104896339,AX,249.677825162728,L1,3.29700775666866,L2,1.5855235290...
GetData ===>> H2,-0.0761317420423775,H1,1022.04962992156,AX,249.588311214763,L1,3.28233606780429,L2,1.582433094...
GetData ===>> H2,-0.0269921908740333,H1,1021.93466975705,AX,249.348193167395,L1,3.29491165192666,L2,1.623708326...
Get Checksum: -860229079
GetData ===>> H2,-0.106068913535049,H1,1021.09834464871,AX,249.333559229949,L1,3.30103344080518,L2,1.5978632757...
GetData ===>> H2,-0.0474608077276444,H1,1020.54869908961,AX,249.201516760007,L1,3.27572077720372,L2,1.553256924...
GetData ===>> H2,-0.199285661970547,H1,1020.19680418242,AX,249.282202537063,L1,3.27292784637012,L2,1.5460676179...
Get Checksum: -860229079
GetData ===>> H2,-0.237128895088568,H1,1019.61302184014,AX,249.525498726262,L1,3.29816559284593,L2,1.5799746044...
GetData ===>> H2,-0.200621867528076,H1,1019.4124941147,AX,249.241384955027,L1,3.30270446387637,L2,1.55048909295...
GetData ===>> H2,-0.22053853990582,H1,1019.45748866062,AX,249.22474792553,L1,3.27071294844323,L2,1.606400914682...
Get Checksum: -860229079
GetData ===>> H2,-0.0870970101511995,H1,1019.15133746527,AX,249.101795387341,L1,3.26020170147513,L2,1.612790274...
GetData ===>> H2,-0.0629979541294272,H1,1018.59646947598,AX,248.941185059576,L1,3.30498675309132,L2,1.549432514...
Get Checksum: -860229079
GetData ===>> H2,-0.100457533471338,H1,1018.07967819432,AX,248.809023013878,L1,3.31599812450729,L2,1.5891540540...
GetData ===>> H2,-0.176138247370324,H1,1017.34301835737,AX,248.715392388943,L1,3.32262082156694,L2,1.5935775050...
GetData ===>> H2,-0.119527054011508,H1,1017.0528472889,AX,248.619779171759,L1,3.29938640288282,L2,1.52080818382...
Get Checksum: -860229079
GetData ===>> H2,-0.167072249086947,H1,1016.49754782944,AX,248.3493710574,L1,3.27620214378157,L2,1.550420185296...
GetData ===>> H2,-0.12472598744148,H1,1016.45599482077,AX,248.437114924739,L1,3.27524640631503,L2,1.57581599248...
GetData ===>> H2,-0.179384279462968,H1,1016.44591519931,AX,248.389924842331,L1,3.29465053789314,L2,1.5480314168...
Get Checksum: -860229079
GetData ===>> H2,-0.157099039142254,H1,1015.80256321745,AX,248.321336257581,L1,3.26665385515767,L2,1.6027352678...
GetData ===>> H2,-0.101432212239248,H1,1015.18478225449,AX,248.320755536527,L1,3.23403393781144,L2,1.6349379697...
GetData ===>> H2,-0.129864423833212,H1,1015.07852278433,AX,248.221794896708,L1,3.22552254815895,L2,1.5049391193...
Get Checksum: -860229079
GetData ===>> H2,-0.0992512527360079,H1,1014.49629463633,AX,248.064919449622,L1,3.22414058332522,L2,1.449951939...
03:43:25 -- collecting point 50
GetData ===>> H2,-0.106035085732004,H1,1014.40334536784,AX,247.827605175789,L1,3.21376739068054,L2,1.5263704437...
GetData ===>> H2,-0.0498810203736028,H1,1013.80005268932,AX,247.727551048495,L1,3.27334493008139,L2,1.516314939...
Get Checksum: -860229079
GetData ===>> H2,-0.0307293122381635,H1,1013.51527825374,AX,247.92260226072,L1,3.29430984170016,L2,1.5914519253...
GetData ===>> H2,-0.13697574564587,H1,1013.11880573823,AX,247.827631546477,L1,3.24224772159397,L2,1.59457711819...
GetData ===>> H2,-0.0682487530604666,H1,1012.40314347292,AX,247.452981329379,L1,3.21009193491899,L2,1.648422165...
Get Checksum: -860229079
GetData ===>> H2,-0.176938706787192,H1,1012.63745243579,AX,247.450530970183,L1,3.21450345556661,L2,1.5230721227...
GetData ===>> H2,-0.0823716176374226,H1,1011.43025823907,AX,247.308289301965,L1,3.21531888596001,L2,1.547365328...
GetData ===>> H2,-0.192766186410257,H1,1011.19275600672,AX,247.108035908124,L1,3.22094217436178,L2,1.5842138161...
Get Checksum: -860229079
GetData ===>> H2,-0.128931810247788,H1,1010.88163536549,AX,247.094503196333,L1,3.25005228607727,L2,1.6184790001...
GetData ===>> H2,-0.0563504933934794,H1,1010.87326242277,AX,247.184885724658,L1,3.20165362823794,L2,1.507949559...
GetData ===>> H2,-0.122882829530995,H1,1010.43568624263,AX,247.301335155533,L1,3.26167584831707,L2,1.5033305258...
Get Checksum: -860229079
GetData ===>> H2,-0.107850819781765,H1,1010.42233852573,AX,246.969253147236,L1,3.26370537035865,L2,1.5182110401...
GetData ===>> H2,-0.187500010543619,H1,1009.55725585553,AX,247.162649086529,L1,3.26920543962857,L2,1.4303975284...
Get Checksum: -860229079
GetData ===>> H2,-0.136927073748328,H1,1009.19887549841,AX,247.027431098123,L1,3.27984163643425,L2,1.5256923824...
GetData ===>> H2,-0.109980462596289,H1,1009.12427444686,AX,246.751948605075,L1,3.24548436924991,L2,1.5977139025...
GetData ===>> H2,-0.129330545725077,H1,1008.54175559227,AX,246.548138595725,L1,3.22685160924771,L2,1.6181227267...
Get Checksum: -860229079
GetData ===>> H2,-0.0941349827831206,H1,1008.47638241795,AX,246.487667477739,L1,3.21810652939915,L2,1.575241612...
GetData ===>> H2,-0.0831437420301651,H1,1007.44231415984,AX,246.449053510947,L1,3.19417182284681,L2,1.518199548...
GetData ===>> H2,-0.132511934582361,H1,1006.70108347289,AX,246.306607967145,L1,3.23421915798634,L2,1.5471241597...
Get Checksum: -860229079
GetData ===>> H2,-0.257022921796012,H1,1006.72007402828,AX,246.113987962334,L1,3.24975829199483,L2,1.5792853193...
GetData ===>> H2,-0.208343418686668,H1,1006.90475749876,AX,246.218129825692,L1,3.21636400031252,L2,1.6055275817...
GetData ===>> H2,-0.273600748134395,H1,1006.27613158095,AX,246.122682083004,L1,3.18484711659676,L2,1.6536071273...
Get Checksum: -860229079
GetData ===>> H2,-0.249428847484785,H1,1005.7606891003,AX,245.946369584693,L1,3.21307450242798,L2,1.52000375130...
GetData ===>> H2,-0.0835419751707001,H1,1005.09979090814,AX,245.652790523445,L1,3.15674550292302,L2,1.636340330...
GetData ===>> H2,-0.12569680427958,H1,1004.5689406295,AX,245.711658762229,L1,3.18533473386897,L2,1.627225351516...
Get Checksum: -860229079
03:43:51 -- collecting point 75
GetData ===>> H2,-0.108482605516211,H1,1004.24529000382,AX,245.528639752608,L1,3.22723713483542,L2,1.5010785400...
GetData ===>> H2,-0.0601466119690621,H1,1003.95745660357,AX,245.454556615122,L1,3.22468622177689,L2,1.501434717...
GetData ===>> H2,-0.107109407554284,H1,1003.05265856269,AX,245.544351501941,L1,3.23342816300256,L2,1.5215666549...
Get Checksum: -860229079
GetData ===>> H2,-0.142104052452304,H1,1002.97528427376,AX,245.498865619468,L1,3.21721713901775,L2,1.4506294677...
GetData ===>> H2,-0.0710397442002518,H1,1003.18298897282,AX,245.374985457397,L1,3.19033960364438,L2,1.542323878...
GetData ===>> H2,-0.266443445704309,H1,1002.510963151,AX,245.186656459415,L1,3.18107448050134,L2,1.563950000023...
Get Checksum: -860229079
GetData ===>> H2,-0.190216994550793,H1,1002.21696776258,AX,244.944992480891,L1,3.19509079736412,L2,1.4689934572...
GetData ===>> H2,-0.133899541699962,H1,1002.05305636521,AX,244.982244724594,L1,3.16621405680833,L2,1.5778837881...
GetData ===>> H2,-0.138146512254241,H1,1001.58484408363,AX,244.94921279806,L1,3.21795202949558,L2,1.55127004986...
Get Checksum: -860229079
GetData ===>> H2,-0.135735899167253,H1,1001.19185700118,AX,244.800815261797,L1,3.19853933499,L2,1.6215705895841...
GetData ===>> H2,-0.123523844288121,H1,1000.98416198249,AX,244.714500097156,L1,3.17884261098296,L2,1.5500986168...
GetData ===>> H2,-0.0850426740749614,H1,1000.77955073409,AX,244.75970374934,L1,3.18997687988628,L2,1.4061753114...
Get Checksum: -860229079
GetData ===>> H2,-0.144861890134154,H1,1000.31217243894,AX,244.669593743363,L1,3.20139905677927,L2,1.5319560110...
GetData ===>> H2,-0.138165438204674,H1,999.99276892439,AX,244.814301670697,L1,3.18554450066863,L2,1.48722309104...
set states for children of B. state=False
set states for children of D. state=False
handle state [('B', False), ('D', False)]
update switch state B False args=() kw={'refresh': True} ncanvase=2
update switch state D False args=() kw={'refresh': False} ncanvase=2
refresh_canvas_needed fired
GetData ===>> H2,-0.175880414499496,H1,999.619912581076,AX,244.427455387681,L1,3.21114214580708,L2,1.4779412839...
Get Checksum: -2064761812
GetData ===>> H2,-0.166652487220716,H1,998.765208351969,AX,244.425859392123,L1,3.1922409609429,L2,1.56318042653...
GetData ===>> H2,-0.0953336803518467,H1,998.385297472875,AX,244.083930572769,L1,3.20536784986853,L2,1.533921380...
Get Checksum: -2064761812
GetData ===>> H2,-0.100464302362189,H1,998.36052099427,AX,244.099069091045,L1,3.25243098390909,L2,1.60159768162...
GetData ===>> H2,-0.23486201456721,H1,997.613799081994,AX,244.022393707963,L1,3.2360032710247,L2,1.535369572680...
GetData ===>> H2,-0.324227236272659,H1,997.22062475011,AX,244.017504439469,L1,3.23053897959045,L2,1.57318536093...
Get Checksum: -2064761812
GetData ===>> H2,-0.218486611673014,H1,996.530161307068,AX,243.866054168159,L1,3.23001273778369,L2,1.6413752022...
GetData ===>> H2,-0.255095306831033,H1,996.695124174472,AX,243.852858848385,L1,3.22152832134736,L2,1.4959428304...
GetData ===>> H2,-0.257594153080309,H1,996.512758781684,AX,243.663566645905,L1,3.19749215109825,L2,1.4931510493...
Get Checksum: -2064761812
GetData ===>> H2,-0.14866312054351,H1,995.799737522781,AX,243.704600337551,L1,3.19136807715641,L2,1.46975152080...
GetData ===>> H2,-0.0810656598724205,H1,995.476377762403,AX,243.678244907074,L1,3.16059399939883,L2,1.519463636...
03:44:17 -- collecting point 100
GetData ===>> H2,-0.25617879063306,H1,994.742736267472,AX,243.481587781014,L1,3.15443451706909,L2,1.51297099859...
Get Checksum: -2064761812
GetData ===>> H2,-0.28404123369727,H1,994.623164026192,AX,243.214445451764,L1,3.18483877486125,L2,1.59073957940...
GetData ===>> H2,-0.271674125535177,H1,994.074367943593,AX,243.409966827402,L1,3.1618437846804,L2,1.47704531527...
GetData ===>> H2,-0.204188803704903,H1,993.907704996178,AX,243.391639175027,L1,3.17728083435233,L2,1.4767926076...
Get Checksum: -2064761812
GetData ===>> H2,-0.177214062545999,H1,993.724383914873,AX,242.964736910635,L1,3.1834735912099,L2,1.58533970859...
GetData ===>> H2,-0.145152363148221,H1,993.376657928139,AX,242.987530140285,L1,3.18972117336375,L2,1.6278345224...
GetData ===>> H2,-0.108525895757632,H1,993.115374162634,AX,242.798507215241,L1,3.17961801908722,L2,1.6846767509...
Get Checksum: -2064761812
GetData ===>> H2,-0.160572970025403,H1,992.820685939212,AX,242.697997129176,L1,3.19854489797077,L2,1.4962530332...
GetData ===>> H2,-0.0976954895258828,H1,991.836694227151,AX,242.398021078616,L1,3.1632950924755,L2,1.4273206248...
GetData ===>> H2,-0.123130314201793,H1,991.541057114748,AX,242.402448500473,L1,3.18644751341305,L2,1.5135455506...
Get Checksum: -2064761812
GetData ===>> H2,-0.0792256848135473,H1,991.35212334319,AX,242.467489850407,L1,3.19315283286256,L2,1.5199922594...
GetData ===>> H2,-0.0033416929827762,H1,991.091967558703,AX,242.280435502078,L1,3.13431312813359,L2,1.471784538...
GetData ===>> H2,-0.0431978912797186,H1,990.344308770966,AX,242.336663977688,L1,3.16492716166574,L2,1.550546516...
Get Checksum: -2064761812
GetData ===>> H2,-0.104495137474785,H1,989.943125916165,AX,242.256713978183,L1,3.18841215494418,L2,1.5694061075...
GetData ===>> H2,-0.133493826179718,H1,989.456090005646,AX,241.971099993694,L1,3.18458991582921,L2,1.5347489161...
Get Checksum: -2064761812
GetData ===>> H2,-0.139295530580127,H1,989.780484482177,AX,241.915828620589,L1,3.16253539015436,L2,1.5021700572...
GetData ===>> H2,-0.0746054664535277,H1,989.376968372776,AX,241.856123159029,L1,3.17214817599155,L2,1.396993124...
GetData ===>> H2,-0.0596489436234221,H1,988.389176760264,AX,241.917051517476,L1,3.18794944790526,L2,1.564754038...
Get Checksum: -2064761812
GetData ===>> H2,-0.112954652025801,H1,988.562966781794,AX,241.765709366442,L1,3.1813385531019,L2,1.59932254945...
GetData ===>> H2,-0.158122959923124,H1,987.906113800017,AX,241.880341575863,L1,3.15797543967986,L2,1.5075359055...
GetData ===>> H2,-0.200772871752007,H1,987.360744604592,AX,241.751299112861,L1,3.15057279359643,L2,1.5923940684...
Get Checksum: -2064761812
measurement finished
estimated time: 125.829 actual time: :126.172
flush and close file /Users/jan/PychronDev/data/isotopes/d2/e20eff-d67d-4b73-9e3f-da4c0ce1738b.h5
baselines () {'settling_time': 15.0, 'detector': 'H1', 'mass': 34.2, 'ncounts': 60}
%%%%%%%%%%%%%%%%%%%%%%%%%%%%%%%% Baseline
build tables- baseline [Detector(H2), Detector(H1), Detector(AX), Detector(L1), Detector(L2), Detector(CDD)]
add group baseline table H2
add group baseline table H1
add group baseline table AX
add group baseline table L1
add group baseline table L2
add group baseline table CDD
flush and close file /Users/jan/PychronDev/data/isotopes/d2/e20eff-d67d-4b73-9e3f-da4c0ce1738b.h5
detector Detector(H1)
POSITION 34.2 H1
Mapping mass to dac mass func: "parabolic"
H1 map mass coeffs = [-0.00063987  0.15840543  0.57051999]
H1 map mass to dac 34.2 >> 5.23956599104
GetDeflection H1 ===>> 0
GetHighVoltage ===>> 4500
positioning 34.2 (5.23956599104) on H1
setting magnet DAC
current  : 5.878910
requested: 5.239566
Delta Dac: 0.639344
Checking detector protection. dv=0.63934
Checking detector "CDD". Protection Threshold: 0.1 (V)
ProtectDetector CDD,On ===>> OK
GetDeflection CDD ===>> 2000
SetMagnetDAC 5.23956599104 ===>> OK
Magnet settling time: 0.500
GetMagnetMoving ===>> True
GetMagnetMoving ===>> True
GetMagnetMoving ===>> True
GetMagnetMoving ===>> True
GetMagnetMoving ===>> True
GetMagnetMoving ===>> True
GetMagnetMoving ===>> True
GetMagnetMoving ===>> True
GetMagnetMoving ===>> False
ProtectDetector CDD,Off ===>> OK
GetDeflection CDD ===>> 50
Delaying 15.0s for detectors to settle
Get Checksum: -2064761812
set states for children of C. state=False
handle state [('C', False)]
update switch state C False args=() kw={'refresh': False} ncanvase=2
refresh_canvas_needed fired
Get Checksum: -1735986017
State checksums do not match. Local:968834110 Remote:-1735986017
State checksum failed
set states for children of B. state=True
handle state [('B', True)]
update switch state B True args=() kw={'refresh': False} ncanvase=2
refresh_canvas_needed fired
Get Checksum: -1735986017
Get Checksum: -1735986017
Get Checksum: -1735986017
Join finished
measuring baseline. ncounts=60
starting measurement
GetData ===>> H2,-0.0672436658652279,H1,-0.071488906090411,AX,-0.0484903769930622,L1,-0.0647600099618054,L2,-0....
GetData ===>> H2,-0.158729434019576,H1,-0.110424184541169,AX,-0.0201364668768803,L1,-0.0350199150866915,L2,-0.0...
Get Checksum: -1735986017
GetData ===>> H2,-0.185909969026384,H1,-0.0497801117517181,AX,-0.10268191898588,L1,-0.0504522629369204,L2,0.061...
GetData ===>> H2,-0.231551686418326,H1,-0.0408734944280507,AX,-0.0718630941283043,L1,-0.0299185848047462,L2,0.0...
GetData ===>> H2,-0.208236978255419,H1,-0.0876273736096554,AX,-0.13131300305734,L1,-0.0538198481319664,L2,-0.11...
Get Checksum: -1735986017
GetData ===>> H2,-0.124498820538863,H1,-0.000169585939668693,AX,-0.109263990552738,L1,-0.0302479665213505,L2,0....
GetData ===>> H2,-0.187483828039971,H1,0.0528191842200656,AX,-0.0320936628063481,L1,-0.0507382225601438,L2,0.02...
GetData ===>> H2,-0.196829922190178,H1,-0.0119185310770707,AX,-0.113539780828399,L1,-0.0453598614997181,L2,-0.0...
Get Checksum: -1735986017
GetData ===>> H2,-0.164643893664801,H1,0.0215427534669522,AX,-0.101244928647437,L1,-0.019745560643269,L2,-0.085...
GetData ===>> H2,-0.0346485090203171,H1,-0.0747311114504654,AX,-0.0773344669340134,L1,-0.0328790396244703,L2,-0...
GetData ===>> H2,-0.125638665775783,H1,-0.0602118884702072,AX,-0.121349275801325,L1,-0.0288525118246403,L2,0.00...
set states for children of B. state=False
handle state [('B', False)]
update switch state B False args=() kw={'refresh': False} ncanvase=2
refresh_canvas_needed fired
Get Checksum: 968834110
GetData ===>> H2,-0.172257926882025,H1,-0.0435562939104404,AX,-0.0377412164251699,L1,-0.0351709047579572,L2,0.0...
GetData ===>> H2,-0.0926638658792298,H1,-0.00374809091125956,AX,0.0399616935301607,L1,-0.025441516926985,L2,0.0...
GetData ===>> H2,-0.255045566243532,H1,-0.0377971291735999,AX,-0.0498585776224456,L1,-0.00520134709784223,L2,-0...
Get Checksum: 968834110
GetData ===>> H2,-0.257025610010951,H1,0.0598252029732073,AX,-0.109124937307303,L1,-0.00735189302455516,L2,-0.0...
GetData ===>> H2,-0.230037493538897,H1,0.0103281000379819,AX,-0.125763564602695,L1,-0.0128047594646363,L2,-0.02...
Get Checksum: 968834110
GetData ===>> H2,-0.159541167043482,H1,-0.0168801079463375,AX,-0.0677361772014156,L1,-0.0393821233627677,L2,-0....
GetData ===>> H2,-0.149948820518957,H1,0.0406821484895793,AX,-0.121036444584761,L1,-0.0714588050452379,L2,-0.13...
GetData ===>> H2,-0.224507956793145,H1,-0.0128249913669219,AX,-0.150895908084922,L1,-0.0545459990694716,L2,-0.0...
Get Checksum: 968834110
GetData ===>> H2,-0.188833639030687,H1,-0.0157232237890213,AX,-0.0589137256345708,L1,-0.00717439742561362,L2,-0...
GetData ===>> H2,-0.336085331832378,H1,0.0222944187797449,AX,-0.0595281929855405,L1,-0.0199098200305687,L2,-0.0...
GetData ===>> H2,-0.306295139054433,H1,-0.0456905585782373,AX,-0.113168988029567,L1,-0.0189458069162748,L2,-0.0...
Get Checksum: 968834110
GetData ===>> H2,-0.256474512557323,H1,-0.0714531458867239,AX,-0.118556931949054,L1,-0.00818416172458581,L2,0.0...
GetData ===>> H2,-0.256852218835866,H1,0.0128691826988937,AX,-0.0908492938177589,L1,-0.00140048629662667,L2,-0....
03:45:23 -- collecting point 25
GetData ===>> H2,-0.199482529614614,H1,-0.0207800209699681,AX,-0.0862711536226251,L1,-0.0227521617181314,L2,-0....
Get Checksum: 968834110
GetData ===>> H2,-0.0949869514518207,H1,0.0630359614002931,AX,-0.017805164444868,L1,-0.0176291323142004,L2,0.07...
GetData ===>> H2,-0.0950289387174534,H1,0.047293487975897,AX,0.0732073533502275,L1,-0.0181268028066631,L2,-0.06...
GetData ===>> H2,-0.131666574164399,H1,0.0178560957994957,AX,0.0041651740709558,L1,0.00418102829608863,L2,0.040...
Get Checksum: 968834110
GetData ===>> H2,-0.174520957745131,H1,-0.0208754297818857,AX,0.0136438786505445,L1,0.00776335267321457,L2,-0.0...
GetData ===>> H2,-0.218765523333283,H1,-0.0447963191457788,AX,0.0594757195000258,L1,-0.00036723919226356,L2,0.0...
GetData ===>> H2,-0.0918916564985671,H1,-0.0235706911442922,AX,-0.00679741512790416,L1,-0.00899957440419199,L2,...
Get Checksum: 968834110
GetData ===>> H2,-0.160169173501959,H1,0.0899416061202142,AX,-0.0567108862622003,L1,-0.0300203948510605,L2,-0.0...
GetData ===>> H2,-0.134502678624904,H1,0.124109064898259,AX,-0.0828634866476711,L1,-0.0144563422359576,L2,-0.07...
GetData ===>> H2,-0.236616364282561,H1,0.0240602579076878,AX,-0.0316529774876276,L1,0.0229692685082299,L2,-0.00...
Get Checksum: 968834110
GetData ===>> H2,-0.2727328682353,H1,0.103886343267701,AX,-0.173385327581619,L1,0.0174044335368693,L2,-0.051503...
GetData ===>> H2,-0.326584670685577,H1,0.050456106172825,AX,-0.0935613056448056,L1,0.0152859904532596,L2,-0.097...
GetData ===>> H2,-0.160959196715762,H1,-0.0950163496491683,AX,-0.150779969769484,L1,-0.0042128774217578,L2,-0.1...
Get Checksum: 968834110
GetData ===>> H2,-0.211867513275108,H1,0.00195372081590608,AX,-0.037555675722331,L1,-0.0193738689175107,L2,-0.0...
GetData ===>> H2,-0.16586421069555,H1,-0.00250755700845746,AX,-0.0268632951923576,L1,-0.032360543959901,L2,0.04...
Get Checksum: 968834110
GetData ===>> H2,-0.247148821362811,H1,-0.0166177230212615,AX,-0.0708197889646026,L1,-0.0225735649895566,L2,0.0...
GetData ===>> H2,-0.249648082364108,H1,0.0728264693601545,AX,-0.0905943144590386,L1,-0.0475287860988577,L2,-0.0...
GetData ===>> H2,-0.192387416326587,H1,0.0072263964171039,AX,-0.146339428280474,L1,-0.0357820302612369,L2,-0.06...
Get Checksum: 968834110
GetData ===>> H2,-0.179279017344771,H1,0.00788251801455715,AX,-0.0915215089239915,L1,-0.0225855514464491,L2,0.0...
GetData ===>> H2,-0.149048035510811,H1,-0.0176911115480348,AX,-0.0460785866714041,L1,-0.00333228993364518,L2,-0...
GetData ===>> H2,-0.173447747569797,H1,0.0571993804185269,AX,-0.0908145239444942,L1,0.0128810645317617,L2,-0.05...
Get Checksum: 968834110
GetData ===>> H2,-0.165189272829395,H1,0.0437371536342603,AX,-0.0159609602766928,L1,0.0333505616876318,L2,-0.01...
GetData ===>> H2,-0.0679164466050735,H1,0.0323171622694797,AX,-0.0910579127959981,L1,-0.00427286014365733,L2,-0...
GetData ===>> H2,-0.282473312403052,H1,-0.016653502824293,AX,-0.0980232118830029,L1,-0.0184050078728878,L2,0.03...
Get Checksum: 968834110
GetData ===>> H2,-0.192252619643931,H1,-0.0802020947897163,AX,-0.0988808015851852,L1,-0.00561038200829065,L2,0....
03:45:49 -- collecting point 50
GetData ===>> H2,-0.230044223734026,H1,0.0304079909095869,AX,-0.0517369234255059,L1,-0.0148537182433125,L2,-0.0...
GetData ===>> H2,-0.18014402701379,H1,0.0307778900169755,AX,-0.0319892901480558,L1,0.0411050324538253,L2,-0.010...
Get Checksum: 968834110
GetData ===>> H2,-0.204318195213054,H1,-0.0197662967264421,AX,-0.0243465879966697,L1,-0.0115425182123112,L2,-0....
GetData ===>> H2,-0.20547187072268,H1,-0.0478128548457189,AX,-0.0416027020133399,L1,0.00389047315721297,L2,-0.0...
GetData ===>> H2,-0.256365634022925,H1,-0.00123122242798852,AX,-0.0723731503592677,L1,0.0342627551555354,L2,-0....
Get Checksum: 968834110
GetData ===>> H2,-0.260887560421742,H1,0.0487375389859103,AX,-0.0789109070897547,L1,0.0242527881287976,L2,-0.02...
GetData ===>> H2,-0.221445149874695,H1,0.0337729298956592,AX,0.105166413527384,L1,-0.00292676189366434,L2,-0.08...
GetData ===>> H2,-0.405507967995198,H1,-0.139769760283514,AX,0.0307705370288231,L1,-0.00262080537337307,L2,-0.0...
Get Checksum: 968834110
GetData ===>> H2,-0.287608886034996,H1,0.0748300415103433,AX,-0.0994023051403498,L1,-0.0255289927879335,L2,0.01...
GetData ===>> H2,-0.096924976142654,H1,0.0061527521702633,AX,-0.0468322775676566,L1,0.0121151627040274,L2,-0.02...
GetData ===>> H2,-0.180424702378837,H1,-0.0542390842378502,AX,-0.152206001445177,L1,-0.0119968474021324,L2,-0.0...
Get Checksum: 968834110
measurement finished
estimated time: 62.915 actual time: :63.129
flush and close file /Users/jan/PychronDev/data/isotopes/d2/e20eff-d67d-4b73-9e3f-da4c0ce1738b.h5
activate_detectors ('H1', 'AX', 'CDD') {'peak_center': True}
peak_center () {'detector': 'H1', 'integration_time': 0.262144, 'isotope': 'Ar40'}
peak center: mean=989.221194705 threshold=3
peak center started
setup peak center. detector=['H1', 'AX', 'CDD'], isotope=Ar40
VersionedUnpickler [<apptools.sweet_pickle.versioned_unpickler.VersionedUnpickler object at 0x17e23be90>] using Updater [<apptools.sweet_pickle.updater.Updater object at 0x133e38fb0>]
VersionedUnpickler [<apptools.sweet_pickle.versioned_unpickler.VersionedUnpickler object at 0x17e23be90>] using Updater [<apptools.sweet_pickle.updater.Updater object at 0x133e38fb0>]
VersionedUnpickler [<apptools.sweet_pickle.versioned_unpickler.VersionedUnpickler object at 0x178233fb0>] using Updater [<apptools.sweet_pickle.updater.Updater object at 0x133e38fb0>]
setting integration time = 0.524288
SetIntegrationTime 0.524288 ===>> OK
Mapping mass to dac mass func: "parabolic"
H1 map mass coeffs = [-0.00063987  0.15840543  0.57051999]
H1 map mass to dac 39.9624 >> 5.87891
GetDeflection H1 ===>> 0
GetHighVoltage ===>> 4500
do peak center. <pychron.spectrometer.jobs.peak_center.PeakCenter object at 0x12d6e98f0>
doing pc
starting peak center. center dac= 5.87891 step_width=0.001
width = 0.001
get scan parameters. half-width=0.015,window=0.015, i=0, scalar=1
Scan parameters center=5.87891 width=0.03000 (5.86391 - 5.89391)
GetData ===>> H2,-0.0438301197530487,H1,-0.0303443019354475,AX,-0.0865725061826135,L1,-0.0253432554635332,L2,-0...
Moving to starting dac 5.86391
setting magnet DAC
current  : 5.239566
requested: 5.863910
Delta Dac: 0.624344
Checking detector protection. dv=0.62434
Checking detector "CDD". Protection Threshold: 0.1 (V)
ProtectDetector CDD,On ===>> OK
GetDeflection CDD ===>> 2000
SetMagnetDAC 5.86391 ===>> OK
Magnet settling time: 0.500
GetMagnetMoving ===>> True
GetMagnetMoving ===>> True
GetMagnetMoving ===>> True
GetMagnetMoving ===>> True
GetMagnetMoving ===>> True
GetMagnetMoving ===>> True
Get Checksum: 968834110
GetMagnetMoving ===>> True
GetMagnetMoving ===>> True
GetMagnetMoving ===>> False
ProtectDetector CDD,Off ===>> OK
GetDeflection CDD ===>> 50
Wait until signal near baseline. tol= -0.0227582264516. timeout= 10
GetData ===>> H2,8.36057296660336,H1,4.83783779406155,AX,0.272172116016361,L1,0.0420467949235988,L2,0.103105952...
GetData ===>> H2,61.778696793781,H1,36.4575550173438,AX,4.36690072926208,L1,0.03720541168317,L2,-0.055346534592...
GetData ===>> H2,53.0982563014686,H1,29.892005850394,AX,4.77548985628231,L1,0.0392686680341101,L2,0.01498618391...
GetData ===>> H2,26.6492139512353,H1,14.4330770348803,AX,2.0235700181083,L1,0.0403509641866386,L2,-0.0224976424...
GetData ===>> H2,10.5242063368138,H1,7.25701178004983,AX,0.937720839313808,L1,0.03245527413985,L2,-0.0316955590...
Get Checksum: 968834110
GetData ===>> H2,3.49300206370664,H1,3.88328696160516,AX,0.400606495332496,L1,0.0167112097076427,L2,-0.04417052...
GetData ===>> H2,1.08030740179722,H1,2.33135588735485,AX,0.345373155868993,L1,-0.0195544032551849,L2,-0.0257762...
GetData ===>> H2,0.362132168710786,H1,1.46672881388439,AX,0.165500682366737,L1,-0.0338487353018256,L2,-0.168492...
GetData ===>> H2,0.135230121722655,H1,1.08519453041793,AX,-0.00409458453072118,L1,0.00790372892347631,L2,-0.080...
GetData ===>> H2,0.154405868825563,H1,0.758676799604419,AX,-0.0858191230324806,L1,0.0199655924986137,L2,0.03409...
GetData ===>> H2,0.239695202735357,H1,0.665326492509544,AX,-0.00834019894659606,L1,0.0150052385780944,L2,-0.076...
Get Checksum: 968834110
GetData ===>> H2,0.283256248527998,H1,0.657288062152373,AX,0.100663662867978,L1,-0.0080078800060707,L2,0.082681...
GetData ===>> H2,0.209859451440852,H1,0.622031834531423,AX,0.176311049092364,L1,-0.00244682595079725,L2,-0.0436...
GetData ===>> H2,0.159168363206187,H1,0.607373288570812,AX,0.0442210211195165,L1,-0.00639361948838362,L2,-0.047...
GetData ===>> H2,0.0780272832090285,H1,0.647886785819263,AX,0.0702311228380643,L1,-0.0296494443370729,L2,-0.121...
set states for children of V. state=False
handle state [('V', False)]
update switch state V False args=() kw={'refresh': False} ncanvase=2
refresh_canvas_needed fired
GetData ===>> H2,0.0372394161592189,H1,0.717951037210329,AX,0.0622595084575432,L1,-0.0286537996715321,L2,-0.132...
GetData ===>> H2,0.0642097813895694,H1,0.653293010224432,AX,0.0704628655757869,L1,0.000670914899125672,L2,0.191...
Get Checksum: 2052577745
GetData ===>> H2,0.094114184039137,H1,0.716012126920673,AX,-0.0276867198227805,L1,-0.00699569937063073,L2,-0.01...
GetData ===>> H2,0.0971130196440223,H1,0.689828534861081,AX,0.105856454921925,L1,-0.0268130334830131,L2,-0.0490...
GetData ===>> H2,0.0436007214998272,H1,0.656689990371651,AX,-0.0408373747015699,L1,-0.0168900750173724,L2,-0.07...
GetData ===>> H2,0.0436007214998272,H1,0.656689990371651,AX,-0.0408373747015699,L1,-0.0168900750173724,L2,-0.07...
Peak center failed to move to a baseline position
_do_sweep sm= 5.86391, em= 5.89391, stm= 0.001
calculated step values: start=5.86391, end=5.89391, width=0.001, nsteps=31.0
setting magnet DAC
current  : 5.863910
requested: 5.863910
Delta Dac: 0.000000
Checking detector protection. dv=0.00000
Checking detector "CDD". Protection Threshold: 0.1 (V)
SetMagnetDAC 5.86391 ===>> OK
GetData ===>> H2,-0.0329022835827358,H1,0.67099684376204,AX,-0.0414403603592498,L1,0.0255576160421052,L2,0.0064...
setting magnet DAC
current  : 5.863910
requested: 5.864944
Delta Dac: 0.001034
Checking detector protection. dv=0.00103
Checking detector "CDD". Protection Threshold: 0.1 (V)
SetMagnetDAC 5.86494448276 ===>> OK
Magnet settling time: 1.049
GetData ===>> H2,-0.082396001314642,H1,1.48143316770788,AX,0.352647476210856,L1,0.0328902898418585,L2,0.0066728...
setting magnet DAC
current  : 5.864944
requested: 5.865979
Delta Dac: 0.001034
Checking detector protection. dv=0.00103
Checking detector "CDD". Protection Threshold: 0.1 (V)
SetMagnetDAC 5.86597896552 ===>> OK
Magnet settling time: 1.049
set states for children of H. state=True
handle state [('H', True)]
update switch state H True args=() kw={'refresh': False} ncanvase=2
refresh_canvas_needed fired
Get Checksum: 1671910529
GetData ===>> H2,-0.191774339858488,H1,5.20312148913453,AX,0.806949584785526,L1,0.0402210825186559,L2,-0.039754...
setting magnet DAC
current  : 5.865979
requested: 5.867013
Delta Dac: 0.001034
Checking detector protection. dv=0.00103
Checking detector "CDD". Protection Threshold: 0.1 (V)
SetMagnetDAC 5.86701344828 ===>> OK
Magnet settling time: 1.049
GetData ===>> H2,-0.0810331444876601,H1,20.8461676835267,AX,3.29477953112902,L1,0.0559077143974808,L2,-0.030511...
setting magnet DAC
current  : 5.867013
requested: 5.868048
Delta Dac: 0.001034
Checking detector protection. dv=0.00103
Checking detector "CDD". Protection Threshold: 0.1 (V)
SetMagnetDAC 5.86804793103 ===>> OK
Magnet settling time: 1.049
Get Checksum: 1671910529
GetData ===>> H2,-0.151911231766799,H1,71.4027866464983,AX,10.9552810527607,L1,0.0230361394419849,L2,-0.0061942...
setting magnet DAC
current  : 5.868048
requested: 5.869082
Delta Dac: 0.001034
Checking detector protection. dv=0.00103
Checking detector "CDD". Protection Threshold: 0.1 (V)
SetMagnetDAC 5.86908241379 ===>> OK
Magnet settling time: 1.049
GetData ===>> H2,-0.160216441397048,H1,199.275212310545,AX,33.9051131965705,L1,0.134466759211092,L2,-0.06861492...
setting magnet DAC
current  : 5.869082
requested: 5.870117
Delta Dac: 0.001034
Checking detector protection. dv=0.00103
Checking detector "CDD". Protection Threshold: 0.1 (V)
SetMagnetDAC 5.87011689655 ===>> OK
Magnet settling time: 1.049
GetData ===>> H2,-0.0524539555925917,H1,410.330119183983,AX,77.5833625527487,L1,0.456409828387397,L2,0.10946684...
setting magnet DAC
current  : 5.870117
requested: 5.871151
Delta Dac: 0.001034
Checking detector protection. dv=0.00103
Checking detector "CDD". Protection Threshold: 0.1 (V)
SetMagnetDAC 5.87115137931 ===>> OK
Magnet settling time: 1.049
Get Checksum: 1671910529
GetData ===>> H2,-0.0362071218817549,H1,643.523329693855,AX,133.777453223691,L1,0.979469035202927,L2,0.32021370...
setting magnet DAC
current  : 5.871151
requested: 5.872186
Delta Dac: 0.001034
Checking detector protection. dv=0.00103
Checking detector "CDD". Protection Threshold: 0.1 (V)
SetMagnetDAC 5.87218586207 ===>> OK
Magnet settling time: 1.049
GetData ===>> H2,-0.110306754455656,H1,815.968605220142,AX,182.396249740634,L1,1.52215029146307,L2,0.5571916104...
setting magnet DAC
current  : 5.872186
requested: 5.873220
Delta Dac: 0.001034
Checking detector protection. dv=0.00103
Checking detector "CDD". Protection Threshold: 0.1 (V)
SetMagnetDAC 5.87322034483 ===>> OK
Magnet settling time: 1.049
GetData ===>> H2,-0.160735024785014,H1,902.049098284434,AX,211.935222398796,L1,2.04650368302808,L2,1.1191993777...
setting magnet DAC
current  : 5.873220
requested: 5.874255
Delta Dac: 0.001034
Checking detector protection. dv=0.00103
Checking detector "CDD". Protection Threshold: 0.1 (V)
SetMagnetDAC 5.87425482759 ===>> OK
Magnet settling time: 1.049
Get Checksum: 1671910529
GetData ===>> H2,-0.0365329373506007,H1,939.260986903635,AX,227.994011545624,L1,2.60960429489584,L2,1.292141241...
setting magnet DAC
current  : 5.874255
requested: 5.875289
Delta Dac: 0.001034
Checking detector protection. dv=0.00103
Checking detector "CDD". Protection Threshold: 0.1 (V)
SetMagnetDAC 5.87528931034 ===>> OK
Magnet settling time: 1.049
GetData ===>> H2,-0.105317892099222,H1,943.812435747051,AX,229.830433633285,L1,2.78994768552045,L2,1.4968019882...
setting magnet DAC
current  : 5.875289
requested: 5.876324
Delta Dac: 0.001034
Checking detector protection. dv=0.00103
Checking detector "CDD". Protection Threshold: 0.1 (V)
SetMagnetDAC 5.8763237931 ===>> OK
Magnet settling time: 1.049
GetData ===>> H2,-0.104533752525038,H1,944.231846647658,AX,230.331674186791,L1,2.87182575978294,L2,1.4252503702...
setting magnet DAC
current  : 5.876324
requested: 5.877358
Delta Dac: 0.001034
Checking detector protection. dv=0.00103
Checking detector "CDD". Protection Threshold: 0.1 (V)
SetMagnetDAC 5.87735827586 ===>> OK
Magnet settling time: 1.049
GetData ===>> H2,-0.108245769412499,H1,944.769702950779,AX,230.532790173848,L1,2.94402476117093,L2,1.5378798113...
setting magnet DAC
current  : 5.877358
requested: 5.878393
Delta Dac: 0.001034
Checking detector protection. dv=0.00103
Checking detector "CDD". Protection Threshold: 0.1 (V)
SetMagnetDAC 5.87839275862 ===>> OK
Magnet settling time: 1.049
Get Checksum: 1671910529
GetData ===>> H2,-0.140431391176036,H1,944.836302671295,AX,230.628071396661,L1,2.96394241219884,L2,1.4324765535...
setting magnet DAC
current  : 5.878393
requested: 5.879427
Delta Dac: 0.001034
Checking detector protection. dv=0.00103
Checking detector "CDD". Protection Threshold: 0.1 (V)
SetMagnetDAC 5.87942724138 ===>> OK
Magnet settling time: 1.049
GetData ===>> H2,-0.127677391690164,H1,944.490898770452,AX,230.37475806907,L1,2.99889475511424,L2,1.38330333139...
setting magnet DAC
current  : 5.879427
requested: 5.880462
Delta Dac: 0.001034
Checking detector protection. dv=0.00103
Checking detector "CDD". Protection Threshold: 0.1 (V)
SetMagnetDAC 5.88046172414 ===>> OK
Magnet settling time: 1.049
GetData ===>> H2,-0.0987646072561754,H1,943.973350843953,AX,230.125561594523,L1,3.05262381569063,L2,1.363723596...
setting magnet DAC
current  : 5.880462
requested: 5.881496
Delta Dac: 0.001034
Checking detector protection. dv=0.00103
Checking detector "CDD". Protection Threshold: 0.1 (V)
SetMagnetDAC 5.8814962069 ===>> OK
Magnet settling time: 1.049
Get Checksum: 1671910529
GetData ===>> H2,-0.124954501941039,H1,943.239596363534,AX,230.321489838452,L1,3.03124379861981,L2,1.3137177052...
setting magnet DAC
current  : 5.881496
requested: 5.882531
Delta Dac: 0.001034
Checking detector protection. dv=0.00103
Checking detector "CDD". Protection Threshold: 0.1 (V)
SetMagnetDAC 5.88253068966 ===>> OK
Magnet settling time: 1.049
GetData ===>> H2,-0.139407817504574,H1,941.422396853959,AX,229.340667211465,L1,3.01135259494105,L2,1.5664310548...
setting magnet DAC
current  : 5.882531
requested: 5.883565
Delta Dac: 0.001034
Checking detector protection. dv=0.00103
Checking detector "CDD". Protection Threshold: 0.1 (V)
SetMagnetDAC 5.88356517241 ===>> OK
Magnet settling time: 1.049
GetData ===>> H2,-0.190968954447678,H1,936.390231688722,AX,226.793695493779,L1,2.97096810476594,L2,1.2892264938...
setting magnet DAC
current  : 5.883565
requested: 5.884600
Delta Dac: 0.001034
Checking detector protection. dv=0.00103
Checking detector "CDD". Protection Threshold: 0.1 (V)
SetMagnetDAC 5.88459965517 ===>> OK
Magnet settling time: 1.049
Get Checksum: 1671910529
GetData ===>> H2,-0.205121467707039,H1,914.491714497535,AX,217.083985321387,L1,2.93442901705285,L2,1.3602849440...
setting magnet DAC
current  : 5.884600
requested: 5.885634
Delta Dac: 0.001034
Checking detector protection. dv=0.00103
Checking detector "CDD". Protection Threshold: 0.1 (V)
SetMagnetDAC 5.88563413793 ===>> OK
Magnet settling time: 1.049
GetData ===>> H2,-0.235582102258291,H1,846.277107896142,AX,189.523621886985,L1,2.62786208548901,L2,0.9863466372...
setting magnet DAC
current  : 5.885634
requested: 5.886669
Delta Dac: 0.001034
Checking detector protection. dv=0.00103
Checking detector "CDD". Protection Threshold: 0.1 (V)
SetMagnetDAC 5.88666862069 ===>> OK
Magnet settling time: 1.049
GetData ===>> H2,-0.197709248872819,H1,691.059946288908,AX,138.522379798192,L1,2.06597020811287,L2,0.5185154141...
setting magnet DAC
current  : 5.886669
requested: 5.887703
Delta Dac: 0.001034
Checking detector protection. dv=0.00103
Checking detector "CDD". Protection Threshold: 0.1 (V)
Get Checksum: 1671910529
SetMagnetDAC 5.88770310345 ===>> OK
Magnet settling time: 1.049
GetData ===>> H2,-0.212407615720448,H1,467.508411908118,AX,81.3098503056538,L1,1.50262964037889,L2,0.3616847806...
setting magnet DAC
current  : 5.887703
requested: 5.888738
Delta Dac: 0.001034
Checking detector protection. dv=0.00103
Checking detector "CDD". Protection Threshold: 0.1 (V)
SetMagnetDAC 5.88873758621 ===>> OK
Magnet settling time: 1.049
set states for children of C. state=True
set states for children of H. state=False
handle state [('C', True), ('H', False)]
update switch state C True args=() kw={'refresh': True} ncanvase=2
update switch state H False args=() kw={'refresh': False} ncanvase=2
refresh_canvas_needed fired
GetData ===>> H2,-0.199408367548146,H1,249.26647300342,AX,36.6807091706678,L1,1.05815691990711,L2,0.12159702020...
setting magnet DAC
current  : 5.888738
requested: 5.889772
Delta Dac: 0.001034
Checking detector protection. dv=0.00103
Checking detector "CDD". Protection Threshold: 0.1 (V)
SetMagnetDAC 5.88977206897 ===>> OK
Magnet settling time: 1.049
Get Checksum: 678048056
State checksums do not match. Local:-1990985319 Remote:678048056
State checksum failed
GetData ===>> H2,-0.171595512226425,H1,102.346028184363,AX,12.4385216037652,L1,0.62743380655459,L2,-0.058578456...
setting magnet DAC
current  : 5.889772
requested: 5.890807
Delta Dac: 0.001034
Checking detector protection. dv=0.00103
Checking detector "CDD". Protection Threshold: 0.1 (V)
SetMagnetDAC 5.89080655172 ===>> OK
Magnet settling time: 1.049
set states for children of B. state=True
set states for children of D. state=True
handle state [('B', True), ('D', True)]
update switch state B True args=() kw={'refresh': True} ncanvase=2
update switch state D True args=() kw={'refresh': False} ncanvase=2
refresh_canvas_needed fired
GetData ===>> H2,-0.193764661953757,H1,16.8680978562979,AX,1.35893359199616,L1,0.315842475095586,L2,0.006262937...
setting magnet DAC
current  : 5.890807
requested: 5.891841
Delta Dac: 0.001034
Checking detector protection. dv=0.00103
Checking detector "CDD". Protection Threshold: 0.1 (V)
SetMagnetDAC 5.89184103448 ===>> OK
Magnet settling time: 1.049
GetData ===>> H2,-0.161285993634386,H1,4.22541940463483,AX,0.0427354579106835,L1,0.185264913561316,L2,-0.137032...
setting magnet DAC
current  : 5.891841
requested: 5.892876
Delta Dac: 0.001034
Checking detector protection. dv=0.00103
Checking detector "CDD". Protection Threshold: 0.1 (V)
SetMagnetDAC 5.89287551724 ===>> OK
Magnet settling time: 1.049
Get Checksum: -110011688
GetData ===>> H2,-0.180954764461957,H1,0.81357854828481,AX,-0.242837066215726,L1,0.0993268832238336,L2,-0.00824...
setting magnet DAC
current  : 5.892876
requested: 5.893910
Delta Dac: 0.001034
Checking detector protection. dv=0.00103
Checking detector "CDD". Protection Threshold: 0.1 (V)
SetMagnetDAC 5.89391 ===>> OK
Magnet settling time: 1.049
GetData ===>> H2,-0.185324261267863,H1,-0.0198378540686271,AX,-0.297926639384004,L1,0.0825504974661082,L2,0.009...
result of _do_sweep=True
result of _calculate_peak_center=([5.871485150300602, 5.8790603006012034, 5.8866354509018048], [699.16198572540986, 944.83443414206215, 696.03684926628682], 5.87836373505632, 944.83443414206215)
Failed to find a valid peak. No peak greater than 1.0. max = 0.0621382804023
new center pos Detector(H1) (Ar40) @ 5.8790603006
GetHighVoltage ===>> 4500
GetDeflection H1 ===>> 0
dac uncorrected for HV and deflection 5.8790603006
update mftable H1 Ar40 5.8790603006 message=automated run peakcenter
get initial guess parabolic
get initial guess parabolic
get initial guess parabolic
get initial guess parabolic
get initial guess parabolic
get initial guess parabolic
dump mftable to /Users/jan/PychronDev/setupfiles/spectrometer/mftables/mftable.csv
add to repo msg=modified - automated run peakcenter
sweep finished
locally archiving mftable
setting magnet DAC
current  : 5.893910
requested: 5.879060
Delta Dac: 0.014850
Checking detector protection. dv=0.01485
Checking detector "CDD". Protection Threshold: 0.1 (V)
SetMagnetDAC 5.8790603006 ===>> OK
Magnet settling time: 0.500
Get Checksum: -110011688
setting integration time = 1.048576
SetIntegrationTime 1.048576 ===>> OK
Failed to find a valid peak. No peak greater than 1.0. max = 0.0621006908559
flush and close file /Users/jan/PychronDev/data/isotopes/d2/e20eff-d67d-4b73-9e3f-da4c0ce1738b.h5
finished measure script
executed 226.132928
jan_unknown120_60.py completed successfully
Measurement Finished
03:46:47 -- ******* Measurement Finished *******
Post Measurement Started jan_pump_ms.py
03:46:47 -- ******* Post Measurement Started jan_pump_ms.py *******
testing...
no interpolation path defined
executed 0
Pumping spectrometer
open () {'name': 'O'}
opening name=O desc=---
checking ownership. requestor=129.138.12.150
check software interlocks O
interlocks []
actuate state mode=None-script, software_lock=False
doing actuation None-script open_channel True
Open O ===>> OK
GetIndicatorState O ===>> OK
change switch state (True, True)
update switch state O True args=() kw={} ncanvase=2
03:46:48 -- OPEN   VALVE-O (Jan Ion Pump)
---------------------------------------- open O () result=[(True, True)], time=0.09 sec
action=open, ok=True, locked=[False]
executed 0
jan_pump_ms.py completed successfully
setting _ms_pumptime
Post Measurement Finished
03:46:48 -- ******* Post Measurement Finished *******
$$$$$$$$$$$$$$$$$$$$ state at run end measurement
state changed from measurement to success
post measurement save measured=True aborted=False
Set filtering
setting fod for Ar40= {'filter_outliers': True, 'std_devs': 2, 'iterations': 1}
setting fod for H1= {'filter_outliers': True, 'std_devs': 2, 'iterations': 1}
setting fod for PM41= {'filter_outliers': False, 'std_devs': 2, 'iterations': 1}
setting fod for H2= {'filter_outliers': True, 'std_devs': 2, 'iterations': 1}
setting fod for Ar36= {'filter_outliers': True, 'std_devs': 2, 'iterations': 1}
setting fod for CDD= {'filter_outliers': True, 'std_devs': 10, 'iterations': 1}
setting fod for Ar37= {'filter_outliers': True, 'std_devs': 2, 'iterations': 1}
setting fod for L2= {'filter_outliers': True, 'std_devs': 2, 'iterations': 1}
setting fod for Ar38= {'filter_outliers': True, 'std_devs': 2, 'iterations': 1}
setting fod for L1= {'filter_outliers': True, 'std_devs': 2, 'iterations': 1}
setting fod for Ar39= {'filter_outliers': True, 'std_devs': 2, 'iterations': 1}
setting fod for AX= {'filter_outliers': True, 'std_devs': 2, 'iterations': 1}
persistence save...
persistence save - db
post measurement save
6426439024 connecting to database sqlite:////Users/jan/PychronDev/.appdata/local_lab.db
connected to db sqlite:////Users/jan/PychronDev/.appdata/local_lab.db
create new session 6426439024
close session 6426439024
No database instance. Not saving post measurement to isotopedb database
$$$$$$$$$$$$$$$ auto_save_detector_ic=False
massspec enabled True
create new session 5019860144
MassSpec Database Version: 16.0
close session 5019860144
saving post measurement to secondary database
saving to massspec database 129.138.12.160/massspecdata
setting labnumber to 65575
setting aliquot to 21
setting step to 
setting uuid to d2e20eff-d67d-4b73-9e3f-da4c0ce1738b
setting irradpos to 65575
setting extract_device to Fusions CO2
setting tray to 
setting position to 103
setting power_requested to 5.0
setting extract_value to 5.0
setting duration to 30.0
setting duration_at_request to 30.0
setting first_stage_delay to 30.0
setting cleanup to 30.0
setting comment to M:20 w/ inclusions
setting irradiation to NM-289
setting level to M
setting irradiation_level to M
setting sample to NM-2607 W
setting material to Sanidine
setting project to JoyitaHills
setting mass_spectrometer to Jan
no attribute chron_dosages
no attribute production_ratios
no attribute interference_corrections
no attribute production_name
no attribute j
Reference Isotope=Ar40
Reference Detector=H1
%%%%%%%%%%%%%%%%%%%% Comment: M:20 w/ inclusions %%%%%%%%%%%%%%%%%%%
adding isotope PM41 H2
add baseline dbdet= PM41. original det= H2
get baseline data PM41 H2
Get data baseline <pychron.processing.isotope.Baseline object at 0x17d791550> len t=60
baseline PM41. v=-0.191198536583, e=0.00797509846785
get signal data PM41 H2
Get data signal PM41 0.09+/-0.07 len t=120
adding isotope Ar40 H1
add baseline dbdet= Ar40. original det= H1
get baseline data Ar40 H1
Get data baseline <pychron.processing.isotope.Baseline object at 0x17d791750> len t=60
baseline Ar40. v=-0.000728456294235, e=0.00621619021727
get signal data Ar40 H1
Get data signal Ar40 1038.07+/-0.06 len t=120
adding isotope Ar39 AX
add baseline dbdet= Ar39. original det= AX
get baseline data Ar39 AX
Get data baseline <pychron.processing.isotope.Baseline object at 0x17d791910> len t=60
baseline Ar39. v=-0.0727663417728, e=0.00627914237313
get signal data Ar39 AX
Get data signal Ar39 253.664+/-0.029 len t=120
adding isotope Ar38 L1
add baseline dbdet= Ar38. original det= L1
get baseline data Ar38 L1
Get data baseline <pychron.processing.isotope.Baseline object at 0x17d791ad0> len t=60
baseline Ar38. v=-0.0161756814951, e=0.00262879023493
get signal data Ar38 L1
Get data signal Ar38 3.376+/-0.006 len t=120
adding isotope Ar37 L2
add baseline dbdet= Ar37. original det= L2
get baseline data Ar37 L2
Get data baseline <pychron.processing.isotope.Baseline object at 0x17d791c90> len t=60
baseline Ar37. v=-0.0252847746735, e=0.00688282233519
get signal data Ar37 L2
Get data signal Ar37 1.620+/-0.011 len t=120
adding isotope Ar36 CDD
add baseline dbdet= Ar36. original det= CDD
get baseline data Ar36 CDD
Get data baseline <pychron.processing.isotope.Baseline object at 0x17d791e50> len t=60
baseline Ar36. v=0.000327503911363, e=2.80405808612e-05
get signal data Ar36 CDD
Get data signal Ar36 0.0531+/-0.0006 len t=120
65575-21 added analysis time 0.496073961258s
analysis added to mass spec database
mass spec save time= 0.506
persistence save - dvc
================= post measurement started
create new session 4983587952
close session 4983587952
---------------- Experiment Queue saving disabled
DVC saving peakcenter
Failed to find a valid peak. No peak greater than 1.0. max = 0.0621006908559
Smart pull ahead: 0 behind: 0
Up-to-date with origin
add to repo msg=modified - ad8224ebc6dbfeb9f5997218dfa5fe690569839d.json
Get Checksum: 2035439760
add to repo msg=modified - 75-21.json
add to repo msg=modified - 75-21.dat.json
add to repo msg=modified - 75-21.blan.json
add to repo msg=modified - 75-21.inte.json
add to repo msg=modified - 75-21.icfa.json
add to repo msg=modified - 75-21.base.json
not at valid file /Users/jan/PychronDev/data/.dvc/repositories/Load1785/655/tags/75-21.tags.json
add to repo msg=modified - 75-21.peak.json
add to repo msg=modified - 75-21.extr.json
not at valid file /Users/jan/PychronDev/data/.dvc/repositories/Load1785/655/monitor/75-21.moni.json
commit message=<COLLECTION>
add to repo msg=modified - 75-21.inte.json
add to repo msg=modified - 75-21.base.json
commit message=<ISOEVO> default collection fits
Get Checksum: 2035439760
add to repo msg=modified - 75-21.blan.json
commit message=<BLANKS> preceding bc-02-J-270
add to repo msg=modified - 75-21.icfa.json
commit message=<ICFactor> default
push repository <pychron.git_archive.repo_manager.GitRepoManager object at 0x17c290ef0>
pushing to remote=origin, url=https://github.com
Get Checksum: 2035439760
no changes to meta repo
Get Checksum: 2035439760
create new session 4983587952
add association Load1785
get identifier "65575"
setting analysis irradiation position=<pychron.dvc.dvc_orm.IrradiationPositionTbl object at 0x17f405050>
close session 4983587952
================= post measurement finished
03:47:00 -- ******* Post Run Check *******
loading queue conditionals post_run_actions
loading system conditionals post_run_actions
loading conditionals from /Users/jan/PychronDev/setupfiles/spectrometer/default_conditionals.yaml
loading queue conditionals post_run_terminations
loading system conditionals post_run_terminations
loading conditionals from /Users/jan/PychronDev/setupfiles/spectrometer/default_conditionals.yaml
Checking default post run terminations n=1
GetDeflection CDD ===>> 50
testing CDD==2000
evaluate ot="CDD.deflection==2000" t="CDD==2000", ctx="{'CDD': 50.0}"
03:47:01 -- ******* Post Run Check Passed *******
03:47:01 -- Automated run 65575-21 success duration: 374.588 s
----------------- finish -----------------
----------------- stop -----------------
retroactive repository identifiers disabled
finish run. runs completed=94
update duration runid=65575-21, duration=374.587661028, md5=301e91d8
loading script "jan_unknown120_60.py"
loading script "jan_pump_ms.py"
loading script "jan_co2.py"
loading script "jan_pump_extraction_line.py"
testing...
no interpolation path defined
executed 213.652928
script duration name:unknown120_60 seconds:214.0
loading script "jan_unknown120_60.py"
loading script "jan_pump_ms.py"
loading script "jan_co2.py"
loading script "jan_pump_extraction_line.py"
testing...
no interpolation path defined
executed 0
loading script "jan_unknown120_60.py"
loading script "jan_pump_ms.py"
loading script "jan_co2.py"
loading script "jan_pump_extraction_line.py"
testing...
no interpolation path defined
calculate duration
testing...
no interpolation path defined
executed 0
calculate duration
testing...
no interpolation path defined
executed 0
executed 0.0
script duration name:co2 seconds:0.0
loading script "jan_unknown120_60.py"
loading script "jan_pump_ms.py"
loading script "jan_co2.py"
loading script "jan_pump_extraction_line.py"
testing...
no interpolation path defined
calculate duration
testing...
no interpolation path defined
executed 4.0
executed 4.0
Script duration 214.0
Run total estimated duration= 215.000
unknown120_60 in script context. using previous estimated duration
script duration name:unknown120_60 seconds:214.0
pump_ms in script context. using previous estimated duration
co2 in script context. using previous estimated duration
script duration name:co2 seconds:0.0
pump_extraction_line in script context. using previous estimated duration
Script duration 214.0
Run total estimated duration= 215.000
script duration name:unknown120_60 seconds:214.0
script duration name:co2 seconds:0.0
Script duration 214.0
Run total estimated duration= 215.000
script duration name:unknown120_60 seconds:214.0
script duration name:co2 seconds:0.0
Script duration 214.0
Run total estimated duration= 215.000
script duration name:unknown120_60 seconds:214.0
script duration name:co2 seconds:0.0
Script duration 214.0
Run total estimated duration= 215.000
script duration name:unknown120_60 seconds:214.0
script duration name:co2 seconds:0.0
Script duration 214.0
Run total estimated duration= 215.000
script duration name:unknown120_60 seconds:214.0
script duration name:co2 seconds:0.0
Script duration 214.0
Run total estimated duration= 215.000
script duration name:unknown120_60 seconds:214.0
script duration name:co2 seconds:0.0
Script duration 214.0
Run total estimated duration= 215.000
nruns=8 before=5.0, run_dur=1720.0, btw=210.0
write rem/ex queues
/Users/jan/PychronDev/experiments/rem/CurrentExperimentPartial.rem.txt
/Users/jan/PychronDev/experiments/rem/CurrentExperimentPartial.ex.txt
doing event level: 3
