do run
loading script "jan_unknown120_60.py"
loading script "jan_pump_ms.py"
loading script "jan_co2.py"
loading script "jan_pump_extraction_line.py"
testing...
no interpolation path defined
executed 213.652928
script duration name:unknown120_60 seconds:214.0
loading script "jan_unknown120_60.py"
loading script "jan_pump_ms.py"
loading script "jan_co2.py"
loading script "jan_pump_extraction_line.py"
testing...
no interpolation path defined
executed 0
loading script "jan_unknown120_60.py"
loading script "jan_pump_ms.py"
loading script "jan_co2.py"
loading script "jan_pump_extraction_line.py"
testing...
no interpolation path defined
calculate duration
testing...
no interpolation path defined
executed 0
calculate duration
testing...
no interpolation path defined
executed 0
executed 0.0
script duration name:co2 seconds:0.0
loading script "jan_unknown120_60.py"
loading script "jan_pump_ms.py"
loading script "jan_co2.py"
loading script "jan_pump_extraction_line.py"
testing...
no interpolation path defined
calculate duration
testing...
no interpolation path defined
executed 4.0
executed 4.0
Script duration 214.0
Run total estimated duration= 215.000
run duration: 0:03:35
doing event level: 2
04:20:46 -- Setting default integration. t=1.048576
setting integration time = 1.048576
SetIntegrationTime 1.048576 ===>> OK
----------------- start -----------------
**************** Experiment Type: Ar/Ar, Ar/Ar
create new session 4993924272
close session 4993924272
$$$$$ Clearing conditionals
adding conditionals 
Add queue conditionals
add default conditionals
adding default conditionals from /Users/jan/PychronDev/setupfiles/spectrometer/default_conditionals.yaml
Start automated run 65575-27
loading script "jan_unknown120_60.py"
loading script "jan_pump_ms.py"
loading script "jan_co2.py"
loading script "jan_pump_extraction_line.py"
%%%%%%%%%%%%%%%%%% setting automated run 65575-27
No value "sensitivity_multiplier" in metadata
$$$$$$$$$$$$$$$ auto_save_detector_ic=False
============================= Pre Extraction Check =============================
loading queue conditionals pre_run_terminations
loading system conditionals pre_run_terminations
loading conditionals from /Users/jan/PychronDev/setupfiles/spectrometer/default_conditionals.yaml
04:20:46 -- ******* Pre Extraction Check *******
Get a measurement from the spectrometer
GetData ===>> H2,-0.235090741249619,H1,0.0169732270578706,AX,-0.129783753079414,L1,-0.0361930212242446,L2,0.020...
Pre Extraction Termination data. keys=H2,H1,AX,L1,L2,CDD, signals=-0.23509,0.01697,-0.12978,-0.03619,0.02040,0.00372
04:20:46 -- testing system defined conditionals
Checking default pre extraction terminations n=2
testing CDD
evaluate ot="CDD.inactive" t="CDD", ctx="{'CDD': False}"
GetDeflection CDD ===>> 50
testing CDD==2000
evaluate ot="CDD.deflection==2000" t="CDD==2000", ctx="{'CDD': 50.0}"
04:20:46 -- ******* Pre Extraction Check Passed *******
=================================================================================
04:20:46 -- stopping status monitor
stop 4977824688
Alive clients [4983939824]
04:20:46 -- starting status monitor
start 4977824688
Monitor already running
start extraction
do extraction
Analysis started at 04:20:46.309840
Extraction Started jan_co2.py
04:20:46 -- ******* Extraction Started jan_co2.py *******
state changed from not run to extraction
DO EXTRACTION <pychron.extraction_line.pyscript_runner.RemotePyScriptRunner object at 0x12c3c43b0>
testing...
no interpolation path defined
calculate duration
testing...
no interpolation path defined
executed 0
calculate duration
testing...
no interpolation path defined
executed 0
executed 100.0
Jan CO2 laser analysis
doing GOSUB
testing...
no interpolation path defined
executed 0
Waiting for CO2 access
wait ('FelixCO2Flag', 0) {}
waiting for FelixCO2Flag = 0
Read FelixCO2Flag ===>> 0
finished waiting
CO2 free
wait ('CO2PumpTimeFlag', 0) {}
waiting for CO2PumpTimeFlag = 0
Read CO2PumpTimeFlag ===>> 0
finished waiting
acquire ('JanCO2Flag',) {'clear': True}
acquire JanCO2Flag
Set JanCO2Flag 1 ===>> OK
JanCO2Flag acquired
set extraction state False (0.75, 'red', 1.5)
CO2 acquired
executed 0
WaitForCO2Access.py completed successfully
gosub finished
doing GOSUB
testing...
no interpolation path defined
executed 0
Prepare for CO2 analysis
close () {'description': 'Jan Inlet'}
closing name=--- desc=Jan Inlet
checking ownership. requestor=129.138.12.150
check software interlocks R
interlocks []
actuate state mode=None-script, software_lock=False
doing actuation None-script close_channel False
Close R ===>> OK
GetIndicatorState R ===>> False
change switch state (True, True)
update switch state R False args=() kw={} ncanvase=2
04:20:46 -- CLOSE  VALVE-R (Jan Inlet)
---------------------------------------- close None (Jan Inlet) result=[(True, True)]
action=close, ok=True, locked=[False]
open () {'description': 'Jan Ion Pump'}
opening name=--- desc=Jan Ion Pump
checking ownership. requestor=129.138.12.150
check software interlocks O
interlocks []
actuate state mode=None-script, software_lock=False
doing actuation None-script open_channel False
Open O ===>> OK
GetIndicatorState O ===>> OK
change switch state (True, True)
update switch state O True args=() kw={} ncanvase=2
04:20:47 -- OPEN   VALVE-O (Jan Ion Pump)
---------------------------------------- open None (Jan Ion Pump) result=[(True, True)], time=0.09 sec
action=open, ok=True, locked=[False]
close () {'description': 'Microbone to Minibone'}
closing name=--- desc=Microbone to Minibone
checking ownership. requestor=129.138.12.150
check software interlocks L
interlocks []
actuate state mode=None-script, software_lock=False
doing actuation None-script close_channel False
Close L ===>> OK
GetIndicatorState L ===>> False
change switch state (True, True)
update switch state L False args=() kw={} ncanvase=2
04:20:47 -- CLOSE  VALVE-L (Microbone to Minibone)
---------------------------------------- close None (Microbone to Minibone) result=[(True, True)]
action=close, ok=True, locked=[False]
open () {'description': 'Microbone to Turbo'}
opening name=--- desc=Microbone to Turbo
checking ownership. requestor=129.138.12.150
check software interlocks U
interlocks []
actuate state mode=None-script, software_lock=False
doing actuation None-script open_channel False
Open U ===>> OK
GetIndicatorState U ===>> OK
change switch state (True, True)
update switch state U True args=() kw={} ncanvase=2
04:20:48 -- OPEN   VALVE-U (Microbone to Turbo)
---------------------------------------- open None (Microbone to Turbo) result=[(True, True)], time=0.13 sec
action=open, ok=True, locked=[False]
open () {'description': 'Microbone to Inlet Pipette'}
opening name=--- desc=Microbone to Inlet Pipette
checking ownership. requestor=129.138.12.150
check software interlocks S
interlocks []
actuate state mode=None-script, software_lock=False
doing actuation None-script open_channel False
Open S ===>> OK
Get Checksum: 192129876
GetIndicatorState S ===>> OK
change switch state (True, True)
update switch state S True args=() kw={} ncanvase=2
04:20:48 -- OPEN   VALVE-S (Microbone to Inlet Pipette)
---------------------------------------- open None (Microbone to Inlet Pipette) result=[(True, True)], time=0.40 sec
action=open, ok=True, locked=[False]
open () {'description': 'Microbone to Getter D-50'}
opening name=--- desc=Microbone to Getter D-50
checking ownership. requestor=129.138.12.150
check software interlocks K
interlocks []
actuate state mode=None-script, software_lock=False
doing actuation None-script open_channel False
Open K ===>> OK
GetIndicatorState K ===>> OK
change switch state (True, True)
update switch state K True args=() kw={} ncanvase=2
04:20:49 -- OPEN   VALVE-K (Microbone to Getter D-50)
---------------------------------------- open None (Microbone to Getter D-50) result=[(True, True)], time=0.41 sec
action=open, ok=True, locked=[False]
open () {'description': 'Microbone to Getter NP-10'}
opening name=--- desc=Microbone to Getter NP-10
checking ownership. requestor=129.138.12.150
check software interlocks M
interlocks []
actuate state mode=None-script, software_lock=False
doing actuation None-script open_channel False
Open M ===>> OK
GetIndicatorState M ===>> OK
change switch state (True, True)
update switch state M True args=() kw={} ncanvase=2
04:20:49 -- OPEN   VALVE-M (Microbone to Getter NP-10)
---------------------------------------- open None (Microbone to Getter NP-10) result=[(True, True)], time=0.14 sec
action=open, ok=True, locked=[False]
close () {'description': 'CO2 Laser to Felix'}
closing name=--- desc=CO2 Laser to Felix
checking ownership. requestor=129.138.12.150
check software interlocks F
interlocks []
actuate state mode=None-script, software_lock=True
VALVE-F(CO2 Laser to Felix) software locked
change switch state (True, False)
---------------------------------------- close None (CO2 Laser to Felix) result=[(True, False)]
action=close, ok=True, locked=[True]
open () {'description': 'CO2 Laser to Jan'}
opening name=--- desc=CO2 Laser to Jan
checking ownership. requestor=129.138.12.150
check software interlocks A
interlocks []
actuate state mode=None-script, software_lock=False
doing actuation None-script open_channel False
Open A ===>> OK
GetIndicatorState A ===>> OK
change switch state (True, True)
update switch state A True args=() kw={} ncanvase=2
04:20:50 -- OPEN   VALVE-A (CO2 Laser to Jan)
---------------------------------------- open None (CO2 Laser to Jan) result=[(True, True)], time=0.14 sec
action=open, ok=True, locked=[False]
open () {'description': 'Microbone to CO2 Laser'}
opening name=--- desc=Microbone to CO2 Laser
checking ownership. requestor=129.138.12.150
check software interlocks T
interlocks []
actuate state mode=None-script, software_lock=False
doing actuation None-script open_channel False
Open T ===>> OK
GetIndicatorState T ===>> OK
change switch state (True, True)
update switch state T True args=() kw={} ncanvase=2
04:20:50 -- OPEN   VALVE-T (Microbone to CO2 Laser)
---------------------------------------- open None (Microbone to CO2 Laser) result=[(True, True)], time=0.41 sec
action=open, ok=True, locked=[False]
executed 0
PrepareForCO2Analysis.py completed successfully
gosub finished
set_motor ('beam', '1.25') {}
setting motor "beam" to 1.25
set motor beam to 1.25
SetMotor beam,1.25 ===>> OK
Get Checksum: 192129876
GetMotorMoving beam ===>> False
GetMotorMoving beam ===>> False
Block completed
move_to_position ('110',) {'autocenter': True}
FusionsCO2 move to position 110
sending GoToHole 110,True
GoToHole 110,True ===>> OK
GetDriveMoving ===>> OK
GetDriveMoving ===>> OK
GetDriveMoving ===>> OK
GetDriveMoving ===>> OK
GetDriveMoving ===>> OK
GetDriveMoving ===>> OK
GetDriveMoving ===>> False
GetDriveMoving ===>> False
Block completed
Get Checksum: 192129876
GetAutoCorrecting ===>> OK
GetAutoCorrecting ===>> OK
GetAutoCorrecting ===>> False
GetAutoCorrecting ===>> False
Block completed
update position
GetPosition ===>> -1.99390,0.00000,1.00000
got position (-1.9939, 0.0, 1.0)
move to position succeeded
sleep (5,) {}
SLEEP 5.0
block started
WaitControl setup for 5.0  
Get Checksum: 192129876
Get Checksum: 192129876
Join finished
block finished. duration 5.02180504799
close () {'description': 'Microbone to Turbo'}
closing name=--- desc=Microbone to Turbo
checking ownership. requestor=129.138.12.150
check software interlocks U
interlocks []
actuate state mode=None-script, software_lock=False
doing actuation None-script close_channel True
Close U ===>> OK
GetIndicatorState U ===>> False
change switch state (True, True)
update switch state U False args=() kw={} ncanvase=2
04:21:02 -- CLOSE  VALVE-U (Microbone to Turbo)
---------------------------------------- close None (Microbone to Turbo) result=[(True, True)]
action=close, ok=True, locked=[False]
enable laser
enable () {}
set extraction state FusionsCO2 Enabled (False, 'red', 1.5)
enabling laser
Enable ===>> OK
begin interval
BEGIN INTERVAL Interval 1 waiting for 30.0
block started
set extract to 5.0
WaitControl setup for 30.0  
extract (5.0,) {}
GetPosition ===>> -1.99390,0.00000,1.00000
set extraction state FusionsCO2 ON! 5.0(watts) (0.75, 'red', 1.5)
extract sample to 5.0 (watts)
set laser output
SetLaserOutput 5.0,watts ===>> OK
executing pattern triangle.lp
execute_pattern ('triangle.lp',) {}
executing pattern triangle.lp
Get Checksum: 38271967
IsPatterning ===>> OK
IsPatterning ===>> OK
IsPatterning ===>> OK
Get Checksum: 38271967
IsPatterning ===>> OK
IsPatterning ===>> OK
IsPatterning ===>> OK
Get Checksum: 38271967
IsPatterning ===>> OK
IsPatterning ===>> OK
IsPatterning ===>> OK
Get Checksum: 38271967
IsPatterning ===>> OK
IsPatterning ===>> OK
IsPatterning ===>> OK
Get Checksum: 38271967
IsPatterning ===>> OK
IsPatterning ===>> OK
IsPatterning ===>> OK
Get Checksum: 38271967
IsPatterning ===>> OK
IsPatterning ===>> OK
IsPatterning ===>> OK
Get Checksum: 38271967
IsPatterning ===>> OK
IsPatterning ===>> OK
IsPatterning ===>> OK
Get Checksum: 38271967
IsPatterning ===>> OK
IsPatterning ===>> OK
IsPatterning ===>> OK
Get Checksum: 38271967
IsPatterning ===>> OK
IsPatterning ===>> OK
IsPatterning ===>> False
Get Checksum: 38271967
IsPatterning ===>> False
Block completed
COMPLETE INTERVAL waiting for Interval 1 to complete
Join finished
block finished. duration 30.0841588974
Interval 1 finished
end_extract () {}
ending extraction. set laser power to 0
set laser power 0
SetLaserPower 0 ===>> OK
disable () {}
%%%%%%%%%%%%%%%%%%%%%%%%%%%%%%%%%%% disable
set extraction state False (0.75, 'red', 1.5)
disabling laser
Disable ===>> OK
sleep (30.0,) {}
SLEEP 30.0
block started
WaitControl setup for 30.0  
Get Checksum: 38271967
Get Checksum: 38271967
Get Checksum: 38271967
Get Checksum: 38271967
Get Checksum: 38271967
Get Checksum: 38271967
Get Checksum: 38271967
Get Checksum: 38271967
Get Checksum: 38271967
Get Checksum: 38271967
Join finished
block finished. duration 30.0787730217
executed 166.5
jan_co2.py completed successfully
GetAchievedOutput ===>> No Response
Requested Output= 0.000
Achieved Output=  0.000
GetResponseBlob ===>> No Response
GetOutputBlob ===>> No Response
persistence save...
persistence save - db
AutomatedRunPersister post_extraction_save deprecated
persistence save - dvc
no extraction position for 110
create new session 4983587952
close session 4983587952
Extraction Finished
04:22:03 -- ******* Extraction Finished *******
no overlap. not waiting for min ms pumptime
04:22:03 -- Sending spectrometer configuration
======== Sending configuration ========
SetDeflection CDD,50.0 ===>> OK
SetDeflection H2,0.0 ===>> OK
SetDeflection H1,0.0 ===>> OK
SetDeflection L2,825.0 ===>> OK
SetDeflection L1,400.0 ===>> OK
SetDeflection AX,190.0 ===>> OK
SetZFocus 74.64 ===>> OK
SetZSymmetry -50.72 ===>> OK
SetExtractionLens 26.13 ===>> OK
SetIonRepeller -3.81 ===>> OK
SetElectronEnergy 75.08 ===>> OK
SetYSymmetry -2.81 ===>> OK
SetIonCounterVoltage 1590.0 ===>> OK
send trap current 200.0
GetParameter Trap Current Readback ===>> 198.147042666178
SetParameter Trap Current Set,200.0 ===>> OK
updating mftable name mftable
Using mftable located at /Users/jan/PychronDev/setupfiles/spectrometer/mftables/mftable.csv
============ MFtable ===========
Isotope  H2     H1     AX     L1     L2     CDD    
Ar40     5.7841 5.8791 5.9925 6.1240 6.2309 6.3522
Ar39     5.6833 5.7714 5.8849 6.0101 6.1160 6.2387
Ar36     5.3609 5.4404 5.5483 5.6689 5.7710 5.8899
================================
get initial guess parabolic
get initial guess parabolic
get initial guess parabolic
get initial guess parabolic
get initial guess parabolic
get initial guess parabolic
======== Configuration Finished ========
GetYSymmetry ===>> -2.81
GetZSymmetry ===>> -50.72
GetParameter Trap Current Readback ===>> 198.035158395898
GetHighVoltage ===>> 4500
start measurement
do measurement
L#=65575 analysis type=unknown
Measurement Started jan_unknown120_60.py
04:22:03 -- ******* Measurement Started jan_unknown120_60.py *******
state changed from extraction to measurement
setting spec, defl, and gains
GetExtractionLens ===>> 26.13
GetYSymmetry ===>> -2.81
GetZSymmetry ===>> -50.72
GetZFocus ===>> 74.64
GetDeflection H2 ===>> 0
GetDeflection H1 ===>> 0
GetDeflection AX ===>> 190
GetDeflection L1 ===>> 400
GetDeflection L2 ===>> 825
GetDeflection CDD ===>> 50
GetGain H2 ===>> 0.0113
GetGain H1 ===>> 0.1
GetGain AX ===>> 0.097049
GetGain L1 ===>> 0.010355
GetGain L2 ===>> 0.095649
GetGain CDD ===>> 0
pre measurement save
New frame /Users/jan/PychronDev/data/isotopes/64/e61ccd-8e5d-4fd2-aa64-ad1ab6f4273b.h5
flush and close file /Users/jan/PychronDev/data/isotopes/64/e61ccd-8e5d-4fd2-aa64-ad1ab6f4273b.h5
testing...
no interpolation path defined
executed 226.132928
unknown measurement script
activate_detectors ('H2', 'H1', 'AX', 'L1', 'L2', 'CDD') {}
activate detectors
*************** Set Analysis View Ar/Ar
create graphs
clearing graphs
clear isotope group
setting isotope det=H2, iso=PM41
setting isotope det=H1, iso=Ar40
setting isotope det=AX, iso=Ar39
setting isotope det=L1, iso=Ar38
setting isotope det=L2, iso=Ar37
setting isotope det=CDD, iso=Ar36
setting previous blanks
 - setting Ar40 blank 0.249+/-0.007
 - setting Ar36 blank 0.00427+/-0.00017
 - setting Ar37 blank 0.051+/-0.005
 - setting Ar38 blank 0.0096+/-0.0023
Get Checksum: 38271967
 - setting PM41 blank 0.03+/-0.06
 - setting Ar39 blank 0.012+/-0.008
load analysis view
position_magnet ('Ar40',) {'detector': 'H1'}
detector Detector(H1)
POSITION Ar40 H1
setting detector H2 to PM41 (40.9624)
setting detector H1 to Ar40 (39.9624)
setting detector AX to Ar39 (38.9624)
setting detector L1 to Ar38 (37.9624)
setting detector L2 to Ar37 (36.9624)
setting detector CDD to Ar36 (35.9624)
Mapping mass to dac mass func: "parabolic"
H1 map mass coeffs = [-0.00063987  0.15840543  0.57071999]
H1 map mass to dac 39.9624 >> 5.87911
GetDeflection H1 ===>> 0
GetHighVoltage ===>> 4500
positioning Ar40 (5.87911) on H1
setting magnet DAC
current  : 5.879110
requested: 5.879110
Delta Dac: 0.000000
Checking detector protection. dv=0.00000
Checking detector "CDD". Protection Threshold: 0.1 (V)
SetMagnetDAC 5.87911 ===>> OK
Magnet settling time: 0.500
equilibrate () {'delay': 3, 'inlet': 'R', 'outlet': 'O', 'eqtime': 12.0}
Equilibration Started
04:22:04 -- ******* Equilibration Started *******
checking ownership. requestor=129.138.12.150
check software interlocks O
interlocks []
actuate state mode=None-script, software_lock=False
doing actuation None-script close_channel True
Close O ===>> OK
GetIndicatorState O ===>> False
change switch state (True, True)
update switch state O False args=() kw={} ncanvase=2
04:22:05 -- CLOSE  VALVE-O (Jan Ion Pump)
waiting 3s before opening inlet value ('R',)
Get Checksum: 1838806504
checking ownership. requestor=129.138.12.150
check software interlocks R
interlocks []
actuate state mode=None-script, software_lock=False
doing actuation None-script open_channel True
Open R ===>> OK
GetIndicatorState R ===>> OK
change switch state (True, True)
update switch state R True args=() kw={} ncanvase=2
04:22:08 -- OPEN   VALVE-R (Jan Inlet)
equilibrating for 12.0sec
set_time_zero () {}
sniff (12.0,) {}
py_sniff
build tables- sniff [Detector(H2), Detector(H1), Detector(AX), Detector(L1), Detector(L2), Detector(CDD)]
add group /sniff/PM41 (Group) '' table H2
add group /sniff/Ar40 (Group) '' table H1
add group /sniff/Ar39 (Group) '' table AX
add group /sniff/Ar38 (Group) '' table L1
add group /sniff/Ar37 (Group) '' table L2
add group /sniff/Ar36 (Group) '' table CDD
flush and close file /Users/jan/PychronDev/data/isotopes/64/e61ccd-8e5d-4fd2-aa64-ad1ab6f4273b.h5
measuring sniff. ncounts=12.0
starting measurement
GetData ===>> H2,-0.120928457766398,H1,0.018822488077608,AX,-0.045185745287326,L1,-0.00172327927810324,L2,0.030...
GetData ===>> H2,0.671994657781434,H1,108.320868985352,AX,29.5617878195742,L1,0.174293915474824,L2,0.5414060900...
Get Checksum: 1775861429
GetData ===>> H2,0.96395002760353,H1,279.369436267558,AX,72.1589804440398,L1,0.646771434280478,L2,0.67244347650...
GetData ===>> H2,0.237662250644002,H1,336.412984511057,AX,84.4959658476116,L1,0.923545394787678,L2,0.7529633418...
GetData ===>> H2,0.149715939651851,H1,355.369793395695,AX,87.9656368053635,L1,1.03687486863524,L2,0.65860895877...
Get Checksum: 1775861429
GetData ===>> H2,0.0830690413345198,H1,362.566571718084,AX,89.2421555967376,L1,1.10638461633613,L2,0.5635591340...
GetData ===>> H2,-0.0563220075476071,H1,365.477626809753,AX,89.8529782213191,L1,1.14679280244107,L2,0.589193549...
GetData ===>> H2,-0.099144292371281,H1,366.811083464632,AX,90.0542807868722,L1,1.13953007089362,L2,0.5563685502...
Get Checksum: 1775861429
GetData ===>> H2,-0.0290938780890167,H1,367.054653126759,AX,89.985436011294,L1,1.14313355176566,L2,0.5105969464...
GetData ===>> H2,0.0465020634849376,H1,367.313093407607,AX,90.0763682288151,L1,1.21237250475945,L2,0.5696984215...
GetData ===>> H2,-0.0387305908320387,H1,367.474629191624,AX,90.1251355903042,L1,1.20902752462821,L2,0.626865707...
Equilibration Finished
04:22:20 -- ******* Equilibration Finished *******
checking ownership. requestor=129.138.12.150
check software interlocks R
interlocks []
actuate state mode=None-script, software_lock=False
doing actuation None-script close_channel True
GetData ===>> H2,-0.00191745731686723,H1,367.5167475785,AX,90.1569944125631,L1,1.16271722464262,L2,0.5705101630...
Close R ===>> OK
GetIndicatorState R ===>> False
change switch state (True, True)
update switch state R False args=() kw={} ncanvase=2
04:22:21 -- CLOSE  VALVE-R (Jan Inlet)
Post Equilibration Started jan_pump_extraction_line.py
04:22:21 -- ******* Post Equilibration Started jan_pump_extraction_line.py *******
testing...
no interpolation path defined
calculate duration
testing...
no interpolation path defined
executed 4.0
executed 4.0
Pump after analysis
doing GOSUB
testing...
no interpolation path defined
executed 4.0
Pump Microbone
close () {'description': 'Jan Inlet'}
closing name=--- desc=Jan Inlet
checking ownership. requestor=129.138.12.150
check software interlocks R
interlocks []
actuate state mode=None-script, software_lock=False
doing actuation None-script close_channel False
Close R ===>> OK
Get Checksum: 1838806504
measurement finished
estimated time: 12.583 actual time: :12.669
flush and close file /Users/jan/PychronDev/data/isotopes/64/e61ccd-8e5d-4fd2-aa64-ad1ab6f4273b.h5
set_fits () {}
using default fits file=/Users/jan/PychronDev/scripts/measurement/fits/nominal_linear.yaml
set "Ar40" to "('Linear', 'SEM')"
No fit for "PM41". defaulting to linear. check the measurement script "jan_unknown120_60.py"
set "PM41" to "linear"
set "Ar36" to "('Linear', 'SEM')"
set "Ar37" to "('linear', 'SEM')"
set "Ar38" to "('linear', 'SEM')"
set "Ar39" to "('Linear', 'SEM')"
set_baseline_fits () {}
using default fits file=/Users/jan/PychronDev/scripts/measurement/fits/nominal_linear.yaml
GetIndicatorState R ===>> False
change switch state (True, True)
set "H1" to "('average', 'SEM')"
update switch state R False args=() kw={} ncanvase=2
set "H2" to "('average', 'SEM')"
set "CDD" to "('average', 'SEM')"
set "L2" to "('average', 'SEM')"
04:22:21 -- CLOSE  VALVE-R (Jan Inlet)
set "L1" to "('average', 'SEM')"
---------------------------------------- close None (Jan Inlet) result=[(True, True)]
set "AX" to "('average', 'SEM')"
multicollect () {'integration_time': 1, 'ncounts': 120}
build tables- signal [Detector(H2), Detector(H1), Detector(AX), Detector(L1), Detector(L2), Detector(CDD)]
add group /signal/PM41 (Group) '' table H2
add group /signal/Ar40 (Group) '' table H1
add group /signal/Ar39 (Group) '' table AX
add group /signal/Ar38 (Group) '' table L1
add group /signal/Ar37 (Group) '' table L2
add group /signal/Ar36 (Group) '' table CDD
flush and close file /Users/jan/PychronDev/data/isotopes/64/e61ccd-8e5d-4fd2-aa64-ad1ab6f4273b.h5
measuring signal. ncounts=120
action=close, ok=True, locked=[False]
is_closed ('F',) {}
is F () closed?
is closed True
open () {'description': 'CO2 Laser to Jan'}
opening name=--- desc=CO2 Laser to Jan
checking ownership. requestor=129.138.12.150
check software interlocks A
interlocks []
actuate state mode=None-script, software_lock=False
doing actuation None-script open_channel False
Open A ===>> OK
GetIndicatorState A ===>> OK
change switch state (True, True)
update switch state A True args=() kw={} ncanvase=2
04:22:22 -- OPEN   VALVE-A (CO2 Laser to Jan)
---------------------------------------- open None (CO2 Laser to Jan) result=[(True, True)], time=0.13 sec
starting measurement
GetData ===>> H2,0.0299745281122634,H1,367.376952055982,AX,90.2263599453043,L1,1.22508688513859,L2,0.6594778450...
action=open, ok=True, locked=[False]
sleep (1,) {}
SLEEP 1.0
GetData ===>> H2,0.112810539425159,H1,367.266899551828,AX,90.0688017914176,L1,1.26111317583808,L2,0.62278477092...
close () {'description': 'CO2 Laser to Roughing'}
closing name=--- desc=CO2 Laser to Roughing
checking ownership. requestor=129.138.12.150
check software interlocks G
interlocks []
actuate state mode=None-script, software_lock=True
VALVE-G(CO2 Laser to Roughing) software locked
change switch state (True, False)
---------------------------------------- close None (CO2 Laser to Roughing) result=[(True, False)]
action=close, ok=True, locked=[True]
open () {'description': 'Microbone to Turbo'}
opening name=--- desc=Microbone to Turbo
checking ownership. requestor=129.138.12.150
check software interlocks U
interlocks []
actuate state mode=None-script, software_lock=False
doing actuation None-script open_channel True
Open U ===>> OK
GetIndicatorState U ===>> OK
change switch state (True, True)
update switch state U True args=() kw={} ncanvase=2
04:22:23 -- OPEN   VALVE-U (Microbone to Turbo)
---------------------------------------- open None (Microbone to Turbo) result=[(True, True)], time=0.14 sec
action=open, ok=True, locked=[False]
open () {'description': 'Microbone to Getter NP-10'}
opening name=--- desc=Microbone to Getter NP-10
checking ownership. requestor=129.138.12.150
check software interlocks M
interlocks []
actuate state mode=None-script, software_lock=False
doing actuation None-script open_channel False
Open M ===>> OK
GetIndicatorState M ===>> OK
change switch state (True, True)
update switch state M True args=() kw={} ncanvase=2
04:22:23 -- OPEN   VALVE-M (Microbone to Getter NP-10)
---------------------------------------- open None (Microbone to Getter NP-10) result=[(True, True)], time=0.13 sec
action=open, ok=True, locked=[False]
open () {'description': 'Microbone to Getter D-50'}
opening name=--- desc=Microbone to Getter D-50
checking ownership. requestor=129.138.12.150
check software interlocks K
interlocks []
actuate state mode=None-script, software_lock=False
doing actuation None-script open_channel False
GetData ===>> H2,0.00590946627516564,H1,367.294459402711,AX,89.9833492396667,L1,1.17880611955584,L2,0.535508618...
Open K ===>> OK
GetIndicatorState K ===>> OK
change switch state (True, True)
update switch state K True args=() kw={} ncanvase=2
04:22:24 -- OPEN   VALVE-K (Microbone to Getter D-50)
---------------------------------------- open None (Microbone to Getter D-50) result=[(True, True)], time=0.43 sec
Get Checksum: 1695186306
action=open, ok=True, locked=[False]
open () {'description': 'Microbone to CO2 Laser'}
opening name=--- desc=Microbone to CO2 Laser
checking ownership. requestor=129.138.12.150
check software interlocks T
interlocks []
actuate state mode=None-script, software_lock=False
doing actuation None-script open_channel False
Open T ===>> OK
GetIndicatorState T ===>> OK
change switch state (True, True)
update switch state T True args=() kw={} ncanvase=2
04:22:25 -- OPEN   VALVE-T (Microbone to CO2 Laser)
---------------------------------------- open None (Microbone to CO2 Laser) result=[(True, True)], time=0.40 sec
GetData ===>> H2,-0.0879905199485082,H1,366.935891046597,AX,89.7086861979927,L1,1.16704137348409,L2,0.681477006...
action=open, ok=True, locked=[False]
open () {'description': 'Microbone to Inlet Pipette'}
opening name=--- desc=Microbone to Inlet Pipette
checking ownership. requestor=129.138.12.150
check software interlocks S
interlocks []
actuate state mode=None-script, software_lock=False
doing actuation None-script open_channel False
Open S ===>> OK
GetIndicatorState S ===>> OK
change switch state (True, True)
update switch state S True args=() kw={} ncanvase=2
04:22:25 -- OPEN   VALVE-S (Microbone to Inlet Pipette)
---------------------------------------- open None (Microbone to Inlet Pipette) result=[(True, True)], time=0.42 sec
action=open, ok=True, locked=[False]
sleep (1,) {}
SLEEP 1.0
GetData ===>> H2,-0.0986352013928283,H1,367.200369382409,AX,89.783495770632,L1,1.17549560986741,L2,0.6098821549...
set_resource () {'name': 'CO2PumpTimeFlag', 'value': 30}
Set CO2PumpTimeFlag 30 ===>> OK
release ('JanCO2Flag',) {}
release JanCO2Flag
Set JanCO2Flag 0 ===>> OK
executed 6.0
PumpMicrobone.py completed successfully
gosub finished
get_resource_value () {'name': 'JanMiniboneFlag'}
Read JanMiniboneFlag ===>> 0
Get Resource Value JanMiniboneFlag=0.0
get resource value 0.0
get_resource_value () {'name': 'JanMiniboneFlag'}
Read JanMiniboneFlag ===>> 0
Get Resource Value JanMiniboneFlag=0.0
executed 4.0
jan_pump_extraction_line.py completed successfully
Post Equilibration Finished
04:22:27 -- ******* Post Equilibration Finished *******
GetData ===>> H2,-0.189553652184402,H1,366.791314727202,AX,89.992307304829,L1,1.14348483596853,L2,0.64513079698...
Get Checksum: 1695186306
GetData ===>> H2,-0.106124390913977,H1,366.965668121431,AX,90.0703455834363,L1,1.16172086256369,L2,0.4992631347...
GetData ===>> H2,-0.109788203253036,H1,366.653235591522,AX,89.6835268925277,L1,1.16086038535562,L2,0.6071028291...
GetData ===>> H2,-0.193069462925149,H1,366.502250416443,AX,89.6666209848681,L1,1.17357479203143,L2,0.5961578721...
Get Checksum: 1695186306
GetData ===>> H2,-0.174155078059249,H1,366.101081501594,AX,89.7698494956419,L1,1.2019180221965,L2,0.59236116719...
GetData ===>> H2,-0.182022260406912,H1,365.935066903486,AX,89.8815926351468,L1,1.18806500299186,L2,0.6302258570...
Get Checksum: 1695186306
GetData ===>> H2,-0.184098479107382,H1,366.196118756293,AX,89.5284327045663,L1,1.20009847612169,L2,0.6184379511...
GetData ===>> H2,-0.189580618079332,H1,366.199325469894,AX,89.4288335849609,L1,1.20847019450478,L2,0.5361943525...
GetData ===>> H2,-0.110046804853854,H1,365.788599896905,AX,89.5528526749896,L1,1.17809364456769,L2,0.5646680638...
Get Checksum: 1695186306
GetData ===>> H2,-0.100713394740996,H1,365.460702631027,AX,89.6301537889489,L1,1.17846321121076,L2,0.6821059545...
GetData ===>> H2,-0.133393747454073,H1,365.509724846519,AX,89.4454283990847,L1,1.18600211840171,L2,0.5590092266...
GetData ===>> H2,-0.256836089288789,H1,365.63162242134,AX,89.4370122153671,L1,1.17384772257244,L2,0.55671149112...
Get Checksum: 1695186306
GetData ===>> H2,-0.230059030149196,H1,365.191407516524,AX,89.3623721613891,L1,1.15507491055912,L2,0.5975873933...
GetData ===>> H2,-0.157982480224938,H1,365.099386126158,AX,89.4778110441158,L1,1.12717634504629,L2,0.5653997358...
GetData ===>> H2,-0.167429911717497,H1,365.026990947537,AX,89.2870439416961,L1,1.14482667081412,L2,0.4896441559...
Get Checksum: 1695186306
GetData ===>> H2,-0.177880827676692,H1,364.813229089696,AX,89.3359553589291,L1,1.19572571411315,L2,0.5274287573...
GetData ===>> H2,-0.149323545568848,H1,364.682591861362,AX,89.3597827252212,L1,1.18811330698109,L2,0.5986738436...
GetData ===>> H2,-0.189912293332059,H1,364.562193643839,AX,89.4226364270531,L1,1.16349026274036,L2,0.5435320116...
Get Checksum: 1695186306
GetData ===>> H2,-0.26103684673946,H1,364.672795454653,AX,89.3563471409593,L1,1.19812161319332,L2,0.63143736846...
04:22:47 -- collecting point 25
GetData ===>> H2,-0.202974338345916,H1,364.490367586897,AX,89.2550501932987,L1,1.20842566024813,L2,0.5299314987...
GetData ===>> H2,0.0135268444406431,H1,364.308775453404,AX,89.1559678756613,L1,1.15144410084738,L2,0.5486641348...
Get Checksum: 1695186306
GetData ===>> H2,-0.0927681778613425,H1,363.903615421693,AX,89.1683810943672,L1,1.15973095589097,L2,0.539223069...
GetData ===>> H2,-0.253690386971612,H1,363.843849260807,AX,89.056206834313,L1,1.15888586566789,L2,0.52493750876...
GetData ===>> H2,-0.162028678857681,H1,363.886605314938,AX,89.2507687866091,L1,1.17710311676285,L2,0.5626102662...
Get Checksum: 1695186306
GetData ===>> H2,-0.244025985340304,H1,363.48078691249,AX,88.8985847675647,L1,1.16533613396007,L2,0.54387490664...
GetData ===>> H2,-0.199096881560068,H1,363.443437130953,AX,88.9370911004649,L1,1.13148433623326,L2,0.5301600628...
Get Checksum: 1695186306
GetData ===>> H2,-0.0811063039726454,H1,363.257963449836,AX,88.804419062999,L1,1.14227631480717,L2,0.4384077591...
GetData ===>> H2,-0.0648794758354474,H1,362.908883528898,AX,88.8912324213294,L1,1.14187308224999,L2,0.577861881...
GetData ===>> H2,-0.106677796765069,H1,363.21728605336,AX,89.0165750011774,L1,1.1312702550583,L2,0.583373181510...
Get Checksum: 1695186306
GetData ===>> H2,-0.11753963183025,H1,363.089302520703,AX,89.1425749936378,L1,1.15024265543837,L2,0.55716874754...
GetData ===>> H2,-0.140610675761199,H1,362.993356874024,AX,88.9601052455299,L1,1.10969732002503,L2,0.4640134890...
GetData ===>> H2,-0.151933806209922,H1,362.98563676374,AX,88.7205454930447,L1,1.11168572488044,L2,0.53779441725...
Get Checksum: 1695186306
GetData ===>> H2,-0.226503587443892,H1,362.703635049857,AX,88.6068185586474,L1,1.16040479209183,L2,0.5357714827...
GetData ===>> H2,-0.194170625314501,H1,362.755161798954,AX,88.86361804801,L1,1.15173827334898,L2,0.525257482019...
set states for children of V. state=True
handle state [('V', True)]
update switch state V True args=() kw={'refresh': False} ncanvase=2
refresh_canvas_needed fired
GetData ===>> H2,-0.156616764726023,H1,362.503124941343,AX,88.8305520966631,L1,1.15658187624847,L2,0.4465305435...
Get Checksum: -1097334291
GetData ===>> H2,-0.1810953264007,H1,362.414526921641,AX,88.86361804801,L1,1.10371089339528,L2,0.55131602996494...
GetData ===>> H2,-0.164529144705851,H1,362.389848995878,AX,88.8311771861999,L1,1.12542110221368,L2,0.6798760656...
GetData ===>> H2,-0.193933419460753,H1,362.003071306034,AX,88.5840004780012,L1,1.12677077583748,L2,0.5728082291...
Get Checksum: -1097334291
GetData ===>> H2,-0.192621958727074,H1,361.948564038045,AX,88.7082110573792,L1,1.12470894912488,L2,0.5639935586...
GetData ===>> H2,-0.249748955878293,H1,361.763568785684,AX,88.6331347999188,L1,1.14942925725872,L2,0.5769128722...
GetData ===>> H2,-0.230197671095179,H1,362.03282527597,AX,88.6222127131013,L1,1.12525002905846,L2,0.56009524025...
Get Checksum: -1097334291
GetData ===>> H2,-0.141544566028531,H1,361.527521871872,AX,88.4365613211039,L1,1.14828857418668,L2,0.5296000817...
GetData ===>> H2,-0.214702426676753,H1,361.271832420493,AX,88.3535208850112,L1,1.16748328201583,L2,0.5557969848...
GetData ===>> H2,-0.233536654091618,H1,361.22067176801,AX,88.4100282819818,L1,1.11811429588459,L2,0.50997995049...
Get Checksum: -1097334291
04:23:13 -- collecting point 50
GetData ===>> H2,-0.195050669496096,H1,361.126178395463,AX,88.2970930815624,L1,1.11493876930209,L2,0.5174298712...
GetData ===>> H2,-0.135645305290357,H1,360.876219329405,AX,88.2653421461965,L1,1.08679152432204,L2,0.6109573066...
GetData ===>> H2,-0.0604706949155822,H1,360.778528079673,AX,88.4612939844285,L1,1.14632216625826,L2,0.581566537...
Get Checksum: -1097334291
GetData ===>> H2,-0.0854205264302242,H1,361.050842761264,AX,88.4711646368417,L1,1.15272102059632,L2,0.572625296...
GetData ===>> H2,-0.143963403249075,H1,360.697708104213,AX,88.2398015576535,L1,1.14632089772524,L2,0.5530306563...
Get Checksum: -1097334291
GetData ===>> H2,-0.141326980521369,H1,360.542549970786,AX,88.322762083425,L1,1.15263605692937,L2,0.58128067972...
GetData ===>> H2,-0.162863128911647,H1,360.275555594756,AX,88.3488340271754,L1,1.18841203388013,L2,0.6212290443...
GetData ===>> H2,-0.188415632852853,H1,360.073734147324,AX,88.3191188929099,L1,1.16938954007548,L2,0.5635362697...
Get Checksum: -1097334291
GetData ===>> H2,-0.11096607910661,H1,359.875692217955,AX,88.2448587338063,L1,1.0965159467562,L2,0.591297659321...
GetData ===>> H2,-0.113556976065865,H1,359.840115232973,AX,88.0968529154531,L1,1.10647577784477,L2,0.6322145725...
GetData ===>> H2,-0.0817728464914031,H1,359.747295151562,AX,88.2013560739372,L1,1.15687745935133,L2,0.506472289...
Get Checksum: -1097334291
GetData ===>> H2,-0.0625207464391851,H1,359.716927856344,AX,88.0685293168688,L1,1.13843988435953,L2,0.502473483...
GetData ===>> H2,-0.174327893553561,H1,359.507274049177,AX,88.1776636240857,L1,1.12737660054751,L2,0.6158757075...
GetData ===>> H2,-0.173945805766663,H1,359.112072847871,AX,88.1142610115631,L1,1.10946554912228,L2,0.6000690927...
Get Checksum: -1097334291
GetData ===>> H2,-0.0726790305984681,H1,359.203614332882,AX,88.0473029749336,L1,1.11928193294994,L2,0.620588458...
GetData ===>> H2,-0.0793232461927506,H1,359.158873272341,AX,87.8792752026309,L1,1.12192035318512,L2,0.608715514...
GetData ===>> H2,-0.0894839231385023,H1,358.793240015219,AX,87.8385041965323,L1,1.14812871068589,L2,0.636409297...
Get Checksum: -1097334291
GetData ===>> H2,-0.13678376083737,H1,358.714892764998,AX,87.8686688953133,L1,1.10849039360814,L2,0.60928739534...
GetData ===>> H2,-0.273474466357353,H1,358.64888573543,AX,87.8469873670544,L1,1.15884906896851,L2,0.55193329192...
GetData ===>> H2,-0.128699320724168,H1,358.561960849237,AX,87.7783830618556,L1,1.11909322803214,L2,0.5461494744...
Get Checksum: -1097334291
GetData ===>> H2,-0.192081425542558,H1,358.415533669507,AX,87.7162080970447,L1,1.09706874461531,L2,0.5121623060...
GetData ===>> H2,-0.194805396067757,H1,358.32509045612,AX,87.9355356134068,L1,1.13472268116204,L2,0.52837727719...
GetData ===>> H2,-0.192609827342807,H1,358.416865404137,AX,87.5795915510324,L1,1.07787724375623,L2,0.6079148872...
Get Checksum: -1097334291
GetData ===>> H2,-0.1422459467956,H1,358.287683424336,AX,87.7548327985056,L1,1.10529833522665,L2,0.552013307658...
GetData ===>> H2,-0.089298274799233,H1,357.911753679561,AX,87.7326496523489,L1,1.15800785496787,L2,0.4928084878...
04:23:40 -- collecting point 75
GetData ===>> H2,0.00625356039143952,H1,357.839386023173,AX,87.7159388551625,L1,1.19332527057346,L2,0.616607770...
Get Checksum: -1097334291
GetData ===>> H2,-0.213572586767474,H1,357.827712460058,AX,87.5339934466311,L1,1.16757217387739,L2,0.5691382095...
GetData ===>> H2,-0.115292032144598,H1,357.905268840507,AX,87.5713656470143,L1,1.12138450962473,L2,0.5407660368...
Get Checksum: -1097334291
GetData ===>> H2,-0.112103222652817,H1,357.577495048682,AX,87.5554198613213,L1,1.1489445471808,L2,0.61252430473...
GetData ===>> H2,-0.16522572050112,H1,357.399661225787,AX,87.4430262878855,L1,1.12485973912576,L2,0.44844882988...
GetData ===>> H2,-0.0951806333523871,H1,357.09096418477,AX,87.3328357474673,L1,1.13408405623565,L2,0.5140247743...
Get Checksum: -1097334291
GetData ===>> H2,-0.132701286682369,H1,356.965572692547,AX,87.3016509741209,L1,1.14870093160164,L2,0.5277373109...
GetData ===>> H2,-0.194905123267902,H1,357.026069698669,AX,87.3078000117282,L1,1.15843416326093,L2,0.5095229189...
GetData ===>> H2,-0.247442089466085,H1,357.221653104186,AX,87.4362703952508,L1,1.14679407103033,L2,0.5487784391...
Get Checksum: -1097334291
GetData ===>> H2,-0.295954069475012,H1,357.101360663097,AX,87.3144365690628,L1,1.10957953418036,L2,0.5888390572...
GetData ===>> H2,-0.21040600947701,H1,356.83689648352,AX,87.3878963961595,L1,1.10613899060912,L2,0.590611531464...
GetData ===>> H2,-0.184306214929321,H1,356.617492459664,AX,87.326702421231,L1,1.11706581138317,L2,0.57843357845...
Get Checksum: -1097334291
GetData ===>> H2,-0.24909393444873,H1,356.421030034939,AX,87.1214084712477,L1,1.09658298935667,L2,0.58815294693...
GetData ===>> H2,-0.26388097896285,H1,356.052977351451,AX,87.2402257231787,L1,1.12394236076362,L2,0.54793259050...
GetData ===>> H2,-0.220568177637055,H1,356.06089985379,AX,87.0801954687269,L1,1.121346507561,L2,0.5367658011487...
Get Checksum: -1097334291
GetData ===>> H2,-0.105197477202844,H1,355.972916181394,AX,87.1116707068048,L1,1.08882831850153,L2,0.5933217650...
GetData ===>> H2,-0.156168244612338,H1,355.999912348938,AX,87.1124261989299,L1,1.10773186049469,L2,0.5816694470...
GetData ===>> H2,-0.222060741043106,H1,355.611275616074,AX,87.1623312269222,L1,1.15539455212656,L2,0.4893699948...
Get Checksum: -1097334291
GetData ===>> H2,-0.175443030131598,H1,355.824245498243,AX,87.1993012235338,L1,1.13860974328699,L2,0.5633419225...
GetData ===>> H2,-0.128973711922809,H1,355.451526262978,AX,87.0339132113433,L1,1.10817000490209,L2,0.5680635263...
GetData ===>> H2,-0.196966141379604,H1,355.347708499798,AX,87.0557923107958,L1,1.14582871832383,L2,0.4953788703...
GetData ===>> H2,-0.133155718830406,H1,355.295268046311,AX,86.8186187870274,L1,1.15145551256012,L2,0.5108368904...
GetData ===>> H2,-0.153914567723431,H1,355.346715217407,AX,86.8091240056562,L1,1.1129323965906,L2,0.56022098998...
Get Checksum: -1097334291
GetData ===>> H2,-0.176563456297566,H1,355.179933180852,AX,87.0376239451235,L1,1.11619848389691,L2,0.5449836088...
GetData ===>> H2,-0.168617540585648,H1,355.032640414708,AX,87.0132624970356,L1,1.13059768337944,L2,0.4493508944...
04:24:06 -- collecting point 100
GetData ===>> H2,-0.189443091343458,H1,354.727216754559,AX,86.8654981722293,L1,1.13306284287735,L2,0.5497043091...
Get Checksum: -1097334291
GetData ===>> H2,-0.311051832607694,H1,354.595039385692,AX,86.7403311408647,L1,1.13919920015076,L2,0.5840249536...
GetData ===>> H2,-0.258932737113716,H1,354.425312623412,AX,86.733809135885,L1,1.11246408651268,L2,0.51995520581...
Get Checksum: -1097334291
GetData ===>> H2,-0.240450010751709,H1,354.198307626219,AX,86.6707833734879,L1,1.11097278370481,L2,0.5470867492...
GetData ===>> H2,-0.209004943714848,H1,354.170290558113,AX,86.7661035625137,L1,1.09181769440698,L2,0.5396802420...
GetData ===>> H2,-0.178571846464384,H1,354.029264201529,AX,86.5463438413828,L1,1.08466279637699,L2,0.5407774663...
Get Checksum: -1097334291
GetData ===>> H2,-0.211730126492319,H1,353.740326635299,AX,86.6262681723316,L1,1.09108189838742,L2,0.5556941034...
GetData ===>> H2,-0.192253967618704,H1,353.796810465867,AX,86.496893617791,L1,1.09460983709877,L2,0.51408190583...
GetData ===>> H2,-0.190802105748286,H1,353.806748321874,AX,86.5944203658578,L1,1.11809909971841,L2,0.6686587945...
Get Checksum: -1097334291
GetData ===>> H2,-0.160940290820537,H1,353.380695041253,AX,86.4736856392491,L1,1.12616498564087,L2,0.4807685907...
GetData ===>> H2,-0.155252235752578,H1,353.463937981247,AX,86.4618056092499,L1,1.11553885592405,L2,0.5740544671...
GetData ===>> H2,-0.0067036531311319,H1,353.59033033741,AX,86.6175679766362,L1,1.12076002627012,L2,0.5385144550...
Get Checksum: -1097334291
GetData ===>> H2,-0.120095211518764,H1,353.23211764485,AX,86.4515182139022,L1,1.1523152300923,L2,0.538777327388...
GetData ===>> H2,-0.201256880634993,H1,353.130122099194,AX,86.2960964249514,L1,1.14357741460247,L2,0.5751177838...
GetData ===>> H2,-0.218721059616668,H1,352.985101829929,AX,86.3908814444053,L1,1.11142375256988,L2,0.6256771109...
Get Checksum: -2107522168
State checksums do not match. Local:-1097334291 Remote:-2107522168
State checksum failed
GetData ===>> H2,-0.0576743283630087,H1,352.892532261446,AX,86.2576849590261,L1,1.09586198736565,L2,0.594533961...
set states for children of I. state=True
set states for children of Q. state=False
handle state [('I', True), ('Q', False)]
update switch state I True args=() kw={'refresh': True} ncanvase=2
update switch state Q False args=() kw={'refresh': False} ncanvase=2
refresh_canvas_needed fired
GetData ===>> H2,-0.120057335236187,H1,352.943438151846,AX,86.4132570517923,L1,1.1107055189533,L2,0.61858665493...
GetData ===>> H2,-0.121082655722986,H1,352.784726120907,AX,86.4297730709808,L1,1.08557342987057,L2,0.5748776790...
set states for children of B. state=False
set states for children of D. state=False
handle state [('B', False), ('D', False)]
update switch state B False args=() kw={'refresh': True} ncanvase=2
update switch state D False args=() kw={'refresh': False} ncanvase=2
refresh_canvas_needed fired
Get Checksum: 611344307
GetData ===>> H2,-0.177083134417157,H1,352.490830640036,AX,86.3453708058344,L1,1.08753661673038,L2,0.6081779497...
GetData ===>> H2,-0.173215728855837,H1,352.501569104831,AX,86.1587242121568,L1,1.12956317971124,L2,0.6070570796...
set states for children of Y. state=True
handle state [('Y', True)]
update switch state Y True args=() kw={'refresh': False} ncanvase=2
refresh_canvas_needed fired
GetData ===>> H2,-0.253537112406284,H1,352.23008694052,AX,86.3444500289303,L1,1.13752725595405,L2,0.54534936909...
Get Checksum: 393193677
measurement finished
estimated time: 125.829 actual time: :126.166
flush and close file /Users/jan/PychronDev/data/isotopes/64/e61ccd-8e5d-4fd2-aa64-ad1ab6f4273b.h5
baselines () {'settling_time': 15.0, 'detector': 'H1', 'mass': 34.2, 'ncounts': 60}
%%%%%%%%%%%%%%%%%%%%%%%%%%%%%%%% Baseline
build tables- baseline [Detector(H2), Detector(H1), Detector(AX), Detector(L1), Detector(L2), Detector(CDD)]
add group baseline table H2
add group baseline table H1
add group baseline table AX
add group baseline table L1
add group baseline table L2
add group baseline table CDD
flush and close file /Users/jan/PychronDev/data/isotopes/64/e61ccd-8e5d-4fd2-aa64-ad1ab6f4273b.h5
detector Detector(H1)
POSITION 34.2 H1
Mapping mass to dac mass func: "parabolic"
H1 map mass coeffs = [-0.00063987  0.15840543  0.57071999]
H1 map mass to dac 34.2 >> 5.23976599104
GetDeflection H1 ===>> 0
GetHighVoltage ===>> 4500
positioning 34.2 (5.23976599104) on H1
setting magnet DAC
current  : 5.879110
requested: 5.239766
Delta Dac: 0.639344
Checking detector protection. dv=0.63934
Checking detector "CDD". Protection Threshold: 0.1 (V)
ProtectDetector CDD,On ===>> OK
GetDeflection CDD ===>> 2000
SetMagnetDAC 5.23976599104 ===>> OK
Magnet settling time: 0.500
GetMagnetMoving ===>> True
GetMagnetMoving ===>> True
GetMagnetMoving ===>> True
GetMagnetMoving ===>> True
GetMagnetMoving ===>> True
GetMagnetMoving ===>> True
GetMagnetMoving ===>> True
Get Checksum: 393193677
GetMagnetMoving ===>> True
GetMagnetMoving ===>> False
ProtectDetector CDD,Off ===>> OK
GetDeflection CDD ===>> 50
Delaying 15.0s for detectors to settle
Get Checksum: 393193677
Get Checksum: 393193677
Get Checksum: 393193677
set states for children of Y. state=False
set states for children of Z. state=True
handle state [('Y', False), ('Z', True)]
update switch state Y False args=() kw={'refresh': True} ncanvase=2
update switch state Z True args=() kw={'refresh': False} ncanvase=2
refresh_canvas_needed fired
Get Checksum: 378530779
Get Checksum: 378530779
Join finished
measuring baseline. ncounts=60
starting measurement
GetData ===>> H2,-0.117070121879097,H1,-0.00489318548366742,AX,0.0187026593053505,L1,-0.0321881052964614,L2,-0....
GetData ===>> H2,-0.101378065612186,H1,0.0460404027377016,AX,-0.0338563841272243,L1,-0.0243234365197886,L2,-0.0...
GetData ===>> H2,-0.120808073695316,H1,-0.0465251748394067,AX,-0.201547729500634,L1,-0.0732549907748437,L2,-0.0...
Get Checksum: 378530779
GetData ===>> H2,-0.176613400425385,H1,0.00987476812748258,AX,-0.108128383232278,L1,-0.0810979814337013,L2,-0.0...
GetData ===>> H2,-0.160582423283359,H1,0.00369534312503208,AX,-0.0982781717732648,L1,-0.0714827084965178,L2,-0....
GetData ===>> H2,-0.163393742373254,H1,-0.102678856484295,AX,-0.141817519743956,L1,-0.0518664273424301,L2,-0.07...
Get Checksum: 378530779
GetData ===>> H2,-0.208505098437748,H1,0.00729797310963249,AX,0.0151522031749499,L1,0.0109040041893265,L2,0.003...
GetData ===>> H2,-0.211375876400072,H1,0.00964810294210601,AX,-0.131336173326692,L1,-0.00962188169614287,L2,-0....
Get Checksum: 378530779
GetData ===>> H2,-0.164885537672114,H1,-0.0485282254677475,AX,-0.0504615073867839,L1,-0.0241412723103345,L2,-0....
GetData ===>> H2,-0.179520578957037,H1,-0.0898322058376032,AX,-0.0726397695977562,L1,0.0095201727238722,L2,-0.0...
GetData ===>> H2,-0.231960820155407,H1,-0.046215175326325,AX,-0.103574232949543,L1,-0.0171470280268722,L2,0.031...
Get Checksum: 378530779
GetData ===>> H2,-0.242938642813057,H1,0.0239528749090614,AX,-0.0199740894122751,L1,-0.033747130699271,L2,-0.08...
set states for children of Z. state=False
handle state [('Z', False)]
update switch state Z False args=() kw={'refresh': False} ncanvase=2
refresh_canvas_needed fired
GetData ===>> H2,-0.216622491519103,H1,-0.0303323769671458,AX,0.00509328063569784,L1,-0.026962050612383,L2,-0.0...
GetData ===>> H2,-0.373119429367586,H1,-0.0666850042787324,AX,0.0578521745956706,L1,-0.0396132999218259,L2,-0.0...
set states for children of C. state=False
handle state [('C', False)]
update switch state C False args=() kw={'refresh': False} ncanvase=2
refresh_canvas_needed fired
Get Checksum: -1725866079
GetData ===>> H2,-0.24285520378844,H1,-0.0114772250700888,AX,-0.0411504638747678,L1,-0.0226514767040348,L2,-0.0...
GetData ===>> H2,-0.210046329348162,H1,-0.0136002469442118,AX,-0.175390574833853,L1,-0.0493681747071017,L2,-0.0...
set states for children of P. state=False
handle state [('P', False)]
update switch state P False args=() kw={'refresh': False} ncanvase=2
refresh_canvas_needed fired
GetData ===>> H2,-0.158232370789599,H1,0.0290357964822131,AX,-0.171426404504053,L1,-0.0456459661098761,L2,-0.02...
Get Checksum: 610848153
GetData ===>> H2,-0.250822194251227,H1,-0.0189433836139006,AX,-0.0977450730588408,L1,-0.0290477673530189,L2,-0....
set states for children of Y. state=True
handle state [('Y', True)]
update switch state Y True args=() kw={'refresh': False} ncanvase=2
refresh_canvas_needed fired
GetData ===>> H2,-0.161356213229843,H1,-0.0400626786546397,AX,-0.0240450426765693,L1,-0.0354249457536782,L2,0.0...
GetData ===>> H2,-0.191664887346054,H1,-0.0770077443428495,AX,0.0921611165690561,L1,-0.0142394226612363,L2,0.00...
Get Checksum: 268272333
GetData ===>> H2,-0.159759960340369,H1,-0.00803020038857554,AX,-0.117456193467669,L1,0.00511038076062015,L2,-0....
GetData ===>> H2,-0.236519505454325,H1,-0.0559916206374965,AX,-0.0928659252034722,L1,0.0111800731018827,L2,0.01...
GetData ===>> H2,-0.198777296113631,H1,0.0363265406337689,AX,-0.107931388776463,L1,-0.000145215233196498,L2,-0....
Get Checksum: 268272333
GetData ===>> H2,-0.24218901526935,H1,-0.047932083637847,AX,-0.10190548329372,L1,-0.0224608915966131,L2,-0.0590...
04:25:11 -- collecting point 25
GetData ===>> H2,-0.234481241640633,H1,-0.0150314722347165,AX,-0.0460901819601742,L1,-0.0437184931121036,L2,-0....
GetData ===>> H2,-0.188296970221515,H1,-0.078509578523289,AX,-0.0504035335333207,L1,-0.0323677288400271,L2,-0.0...
Get Checksum: 268272333
GetData ===>> H2,-0.207074152342826,H1,-0.0709525016935107,AX,-0.0447219283484456,L1,-0.0406649064803931,L2,0.0...
GetData ===>> H2,-0.228478672352487,H1,-0.0146975214974308,AX,-0.0479917906256498,L1,-0.0410888716217302,L2,0.0...
GetData ===>> H2,-0.239857718975855,H1,0.0417203624375475,AX,-0.0125392310517077,L1,-0.00502621270034851,L2,0.0...
Get Checksum: 268272333
GetData ===>> H2,-0.195167913707362,H1,0.00561593436498882,AX,-0.0956705959142268,L1,0.0282719097708498,L2,-0.0...
GetData ===>> H2,-0.149535575711761,H1,0.0179873337095905,AX,-0.0533253727548158,L1,0.0363338246763314,L2,-0.06...
Get Checksum: 268272333
GetData ===>> H2,-0.190098350803655,H1,-0.0255742012339909,AX,-0.0363032667257784,L1,0.00659950810754652,L2,-0....
GetData ===>> H2,-0.117880589424047,H1,-0.0242623836843368,AX,-0.119773523148678,L1,0.00510917999151793,L2,-0.1...
set states for children of Y. state=False
handle state [('Y', False)]
update switch state Y False args=() kw={'refresh': False} ncanvase=2
refresh_canvas_needed fired
GetData ===>> H2,-0.1300955379584,H1,0.0734108404295998,AX,-0.230524468665969,L1,-0.00583708334911653,L2,-0.024...
Get Checksum: 610848153
GetData ===>> H2,-0.172792147549512,H1,0.00896811046533515,AX,-0.0438174789593672,L1,-0.0305186503278237,L2,-0....
GetData ===>> H2,-0.119467531103442,H1,0.0316131510931906,AX,-0.00148448375253717,L1,0.0148020775581731,L2,0.01...
GetData ===>> H2,-0.237938673262002,H1,-0.0712385843963269,AX,-0.102218376034476,L1,-0.00469872719350605,L2,-0....
set states for children of Z. state=True
handle state [('Z', True)]
update switch state Z True args=() kw={'refresh': False} ncanvase=2
refresh_canvas_needed fired
Get Checksum: 236831195
GetData ===>> H2,-0.319855468516873,H1,-0.0733245793795632,AX,-0.10869618854947,L1,-0.0233934057180255,L2,-0.05...
GetData ===>> H2,-0.1564776173126,H1,-0.0278996537261154,AX,-0.14690755064175,L1,0.0183989583564232,L2,0.027768...
GetData ===>> H2,-0.241374731479016,H1,0.00288417280012183,AX,-0.052513759548648,L1,-0.00782679829181465,L2,-0....
Get Checksum: 236831195
GetData ===>> H2,-0.21431999052844,H1,-0.0311194218264752,AX,-0.0110777100426996,L1,-0.00527811738013227,L2,0.0...
GetData ===>> H2,-0.162444561322688,H1,-0.0324073000643964,AX,-0.10063072468932,L1,-0.04296296649744,L2,-0.0843...
GetData ===>> H2,-0.12789638422994,H1,-0.00399858146835614,AX,-0.0917533061596152,L1,-0.0252270181026346,L2,-0....
Get Checksum: 236831195
GetData ===>> H2,-0.142359460992117,H1,0.0731007655599082,AX,-0.159625666255495,L1,6.48119362480516E-05,L2,-0.0...
GetData ===>> H2,-0.146369566816538,H1,-0.00348567156007713,AX,0.00921186027741322,L1,0.0110492395003842,L2,0.0...
GetData ===>> H2,-0.11803888768369,H1,-0.0562658242363011,AX,-0.0539978471406744,L1,0.0186452024834729,L2,0.055...
Get Checksum: 236831195
GetData ===>> H2,-0.115492317962505,H1,-0.0162718509326919,AX,-0.0838371179616725,L1,-0.00502261401640224,L2,-0...
GetData ===>> H2,-0.140956670123553,H1,0.0067969373365397,AX,0.0402866492872477,L1,-4.32025837097876E-05,L2,-0....
GetData ===>> H2,-0.245632584479416,H1,-0.00441606433716473,AX,-0.130536795845775,L1,0.0117334340019823,L2,0.00...
Get Checksum: 236831195
04:25:38 -- collecting point 50
GetData ===>> H2,-0.254771316905558,H1,-0.026206252642935,AX,-0.0571398641550774,L1,-0.0117966573842906,L2,-0.0...
GetData ===>> H2,-0.122915286844414,H1,-0.0760661066531608,AX,-0.0302265350100094,L1,-0.0040533216419511,L2,-0....
set states for children of Z. state=False
handle state [('Z', False)]
update switch state Z False args=() kw={'refresh': False} ncanvase=2
refresh_canvas_needed fired
GetData ===>> H2,-0.28827366627929,H1,-0.0416246855324374,AX,-0.0497774137150448,L1,-0.0176842970035574,L2,-0.0...
Get Checksum: 610848153
GetData ===>> H2,-0.21962242625049,H1,0.0161261576111961,AX,-0.0522586797144232,L1,-0.00957512005737282,L2,0.02...
GetData ===>> H2,-0.19561736426494,H1,-0.0920965775533354,AX,-0.15591590460164,L1,0.00527984705697607,L2,0.0521...
GetData ===>> H2,-0.298832368151985,H1,-0.0821806338481721,AX,-0.0196493336702716,L1,0.0104251025834814,L2,-0.1...
set states for children of Y. state=True
handle state [('Y', True)]
update switch state Y True args=() kw={'refresh': False} ncanvase=2
refresh_canvas_needed fired
GetData ===>> H2,-0.194083021458961,H1,-0.0324907730820055,AX,-0.126759938039683,L1,-0.018510531920129,L2,0.001...
Get Checksum: 268272333
GetData ===>> H2,-0.287338933770528,H1,-0.0214955848426122,AX,-0.168505333493896,L1,-0.064835355914399,L2,0.053...
GetData ===>> H2,-0.271615004992289,H1,-0.0573268658658364,AX,-0.10436224367077,L1,-0.050070571926883,L2,0.0184...
GetData ===>> H2,-0.174959727759531,H1,-0.0177865233043971,AX,-0.048861416352876,L1,-0.0734151141451936,L2,-0.0...
Get Checksum: 268272333
GetData ===>> H2,-0.179265522130647,H1,0.0469473961996815,AX,-0.0870477140924504,L1,-0.0292549976008703,L2,-0.0...
measurement finished
estimated time: 62.915 actual time: :63.145
flush and close file /Users/jan/PychronDev/data/isotopes/64/e61ccd-8e5d-4fd2-aa64-ad1ab6f4273b.h5
activate_detectors ('H1', 'AX', 'CDD') {'peak_center': True}
peak_center () {'detector': 'H1', 'integration_time': 0.262144, 'isotope': 'Ar40'}
peak center: mean=352.878085513 threshold=3
peak center started
setup peak center. detector=['H1', 'AX', 'CDD'], isotope=Ar40
VersionedUnpickler [<apptools.sweet_pickle.versioned_unpickler.VersionedUnpickler object at 0x177e55410>] using Updater [<apptools.sweet_pickle.updater.Updater object at 0x133e38fb0>]
VersionedUnpickler [<apptools.sweet_pickle.versioned_unpickler.VersionedUnpickler object at 0x177e55410>] using Updater [<apptools.sweet_pickle.updater.Updater object at 0x133e38fb0>]
VersionedUnpickler [<apptools.sweet_pickle.versioned_unpickler.VersionedUnpickler object at 0x13e249890>] using Updater [<apptools.sweet_pickle.updater.Updater object at 0x133e38fb0>]
setting integration time = 0.524288
SetIntegrationTime 0.524288 ===>> OK
Mapping mass to dac mass func: "parabolic"
H1 map mass coeffs = [-0.00063987  0.15840543  0.57071999]
H1 map mass to dac 39.9624 >> 5.87911
GetDeflection H1 ===>> 0
GetHighVoltage ===>> 4500
do peak center. <pychron.spectrometer.jobs.peak_center.PeakCenter object at 0x12d6e98f0>
doing pc
starting peak center. center dac= 5.87911 step_width=0.001
width = 0.001
get scan parameters. half-width=0.015,window=0.015, i=0, scalar=1
Scan parameters center=5.87911 width=0.03000 (5.86411 - 5.89411)
GetData ===>> H2,-0.212698533029962,H1,-0.00664658616111853,AX,0.0181109076245095,L1,-0.0153167402569763,L2,-0....
Moving to starting dac 5.86411
setting magnet DAC
current  : 5.239766
requested: 5.864110
Delta Dac: 0.624344
Checking detector protection. dv=0.62434
Checking detector "CDD". Protection Threshold: 0.1 (V)
ProtectDetector CDD,On ===>> OK
GetDeflection CDD ===>> 2000
SetMagnetDAC 5.86411 ===>> OK
Magnet settling time: 0.500
GetMagnetMoving ===>> True
GetMagnetMoving ===>> True
GetMagnetMoving ===>> True
GetMagnetMoving ===>> True
GetMagnetMoving ===>> True
Get Checksum: 268272333
GetMagnetMoving ===>> True
GetMagnetMoving ===>> True
GetMagnetMoving ===>> True
GetMagnetMoving ===>> False
ProtectDetector CDD,Off ===>> OK
GetDeflection CDD ===>> 50
Wait until signal near baseline. tol= -0.00498493962084. timeout= 10
GetData ===>> H2,2.00012725998208,H1,1.00271495055491,AX,0.0198281577232787,L1,0.0386361798082321,L2,-0.1398345...
GetData ===>> H2,20.8986172559176,H1,11.5036349371076,AX,0.899761005665608,L1,0.0434421601540719,L2,-0.13730554...
GetData ===>> H2,21.5624244569197,H1,12.6436657553423,AX,1.95099710761579,L1,-0.00936289142796697,L2,-0.1389915...
GetData ===>> H2,11.3048478355201,H1,6.06956042970122,AX,0.89382383669205,L1,-0.0190201565764428,L2,-0.13673593...
GetData ===>> H2,4.60374512183737,H1,3.09253815310828,AX,0.382656878444215,L1,-0.0369382739270157,L2,-0.0795605...
Get Checksum: 268272333
GetData ===>> H2,1.54860356326803,H1,1.66953086520854,AX,0.183433555600974,L1,-0.0598822434424609,L2,0.06355937...
GetData ===>> H2,0.444763600532862,H1,0.877219793253192,AX,0.036514908158019,L1,-0.0410924644702278,L2,-0.01379...
GetData ===>> H2,0.141575469369837,H1,0.594677321739057,AX,0.0291111151351863,L1,-0.0306473834487214,L2,-0.0026...
GetData ===>> H2,0.0535119090842297,H1,0.427652741090801,AX,0.141007808957497,L1,-0.0209413955942961,L2,-0.1451...
GetData ===>> H2,0.065198527699468,H1,0.404124469424638,AX,-0.0796759350192127,L1,0.0075704814643336,L2,-0.1624...
GetData ===>> H2,0.0363083918813354,H1,0.255359501300601,AX,-0.146673680544174,L1,0.0194999305458502,L2,-0.0563...
Get Checksum: 268272333
GetData ===>> H2,-0.0253793213108834,H1,0.352902619603168,AX,0.0281595712846975,L1,0.0501920586037155,L2,-0.045...
GetData ===>> H2,0.00599242872984618,H1,0.32179507034702,AX,-0.0302613265387185,L1,0.01761109984008,L2,0.108372...
set states for children of Y. state=False
handle state [('Y', False)]
update switch state Y False args=() kw={'refresh': False} ncanvase=2
refresh_canvas_needed fired
GetData ===>> H2,0.0178282340743859,H1,0.280834796860119,AX,-0.0195681445654695,L1,0.0306889666744787,L2,0.0867...
GetData ===>> H2,-0.0262027693293821,H1,0.250895425534803,AX,0.0467511731371452,L1,0.0238717589667818,L2,0.0662...
GetData ===>> H2,-0.120556480391269,H1,0.26147107183292,AX,0.0265582136056926,L1,-0.0178461516545173,L2,0.07923...
GetData ===>> H2,-0.169034530735545,H1,0.208055184605915,AX,0.0167881815796852,L1,-0.0466335031108931,L2,-0.091...
Get Checksum: 610848153
GetData ===>> H2,-0.167792961481372,H1,0.281288492478882,AX,-0.0773808331855329,L1,-0.0339372484862399,L2,0.009...
GetData ===>> H2,-0.0349091977942664,H1,0.253664561418909,AX,-0.0227692636767554,L1,0.0094430436921039,L2,-0.02...
GetData ===>> H2,0.00268799724980451,H1,0.196339957056258,AX,-0.00370017379095314,L1,0.0420852851698419,L2,-0.0...
GetData ===>> H2,-0.144368183023031,H1,0.268275407108898,AX,-0.0707270501864776,L1,0.0354046155351629,L2,0.0483...
Peak center failed to move to a baseline position
_do_sweep sm= 5.86411, em= 5.89411, stm= 0.001
calculated step values: start=5.86411, end=5.89411, width=0.001, nsteps=31.0
setting magnet DAC
current  : 5.864110
requested: 5.864110
Delta Dac: 0.000000
Checking detector protection. dv=0.00000
Checking detector "CDD". Protection Threshold: 0.1 (V)
SetMagnetDAC 5.86411 ===>> OK
GetData ===>> H2,-0.144368183023031,H1,0.268275407108898,AX,-0.0707270501864776,L1,0.0354046155351629,L2,0.0483...
set states for children of V. state=False
handle state [('V', False)]
setting magnet DAC
update switch state V False args=() kw={'refresh': False} ncanvase=2
current  : 5.864110
requested: 5.865144
refresh_canvas_needed fired
Delta Dac: 0.001034
Checking detector protection. dv=0.00103
Checking detector "CDD". Protection Threshold: 0.1 (V)
SetMagnetDAC 5.86514448276 ===>> OK
Magnet settling time: 1.049
Get Checksum: 855128171
GetData ===>> H2,-0.143944328010153,H1,0.556551253871329,AX,0.119280177969232,L1,-0.0107249137604061,L2,-0.1123...
setting magnet DAC
current  : 5.865144
requested: 5.866179
Delta Dac: 0.001034
Checking detector protection. dv=0.00103
Checking detector "CDD". Protection Threshold: 0.1 (V)
SetMagnetDAC 5.86617896552 ===>> OK
Magnet settling time: 1.049
set states for children of H. state=True
handle state [('H', True)]
update switch state H True args=() kw={'refresh': False} ncanvase=2
refresh_canvas_needed fired
GetData ===>> H2,-0.223645588082091,H1,2.40576433869582,AX,0.462974470830195,L1,-0.0353614361066134,L2,0.040158...
setting magnet DAC
current  : 5.866179
requested: 5.867213
Delta Dac: 0.001034
Checking detector protection. dv=0.00103
Checking detector "CDD". Protection Threshold: 0.1 (V)
SetMagnetDAC 5.86721344828 ===>> OK
Magnet settling time: 1.049
GetData ===>> H2,-0.0926677144788075,H1,9.39836665709179,AX,1.26803124675223,L1,0.0140623995456927,L2,-0.031422...
setting magnet DAC
current  : 5.867213
requested: 5.868248
Delta Dac: 0.001034
Checking detector protection. dv=0.00103
Checking detector "CDD". Protection Threshold: 0.1 (V)
SetMagnetDAC 5.86824793103 ===>> OK
Magnet settling time: 1.049
Get Checksum: 1447832503
GetData ===>> H2,-0.113718041575315,H1,32.0888401113051,AX,4.97527117120843,L1,-0.0437101119873962,L2,-0.023385...
setting magnet DAC
current  : 5.868248
requested: 5.869282
Delta Dac: 0.001034
Checking detector protection. dv=0.00103
Checking detector "CDD". Protection Threshold: 0.1 (V)
SetMagnetDAC 5.86928241379 ===>> OK
Magnet settling time: 1.049
GetData ===>> H2,-0.264852319919484,H1,83.3301359737077,AX,14.4042824658625,L1,0.0569199485893365,L2,-0.0196288...
setting magnet DAC
current  : 5.869282
requested: 5.870317
Delta Dac: 0.001034
Checking detector protection. dv=0.00103
Checking detector "CDD". Protection Threshold: 0.1 (V)
SetMagnetDAC 5.87031689655 ===>> OK
Magnet settling time: 1.049
GetData ===>> H2,-0.272497767900981,H1,164.979618317255,AX,31.971088537666,L1,0.16867318764633,L2,0.05565202046...
setting magnet DAC
current  : 5.870317
requested: 5.871351
Delta Dac: 0.001034
Checking detector protection. dv=0.00103
Checking detector "CDD". Protection Threshold: 0.1 (V)
SetMagnetDAC 5.87135137931 ===>> OK
Magnet settling time: 1.049
Get Checksum: 1447832503
GetData ===>> H2,-0.23936232381606,H1,247.117667045787,AX,52.1105006720042,L1,0.398733580953761,L2,0.1482340841...
setting magnet DAC
current  : 5.871351
requested: 5.872386
Delta Dac: 0.001034
Checking detector protection. dv=0.00103
Checking detector "CDD". Protection Threshold: 0.1 (V)
SetMagnetDAC 5.87238586207 ===>> OK
Magnet settling time: 1.049
GetData ===>> H2,-0.187205240253672,H1,301.261364237082,AX,68.236625753179,L1,0.634372343120696,L2,0.2436683652...
setting magnet DAC
current  : 5.872386
requested: 5.873420
Delta Dac: 0.001034
Checking detector protection. dv=0.00103
Checking detector "CDD". Protection Threshold: 0.1 (V)
SetMagnetDAC 5.87342034483 ===>> OK
Magnet settling time: 1.049
GetData ===>> H2,-0.224643918635117,H1,326.429390763012,AX,77.1915472928307,L1,0.773037148882761,L2,0.239695744...
setting magnet DAC
current  : 5.873420
requested: 5.874455
Delta Dac: 0.001034
Checking detector protection. dv=0.00103
Checking detector "CDD". Protection Threshold: 0.1 (V)
SetMagnetDAC 5.87445482759 ===>> OK
Magnet settling time: 1.049
Get Checksum: 1447832503
GetData ===>> H2,-0.184294710623104,H1,334.718262211461,AX,80.9232444584964,L1,0.882398006119932,L2,0.441392465...
setting magnet DAC
current  : 5.874455
requested: 5.875489
Delta Dac: 0.001034
Checking detector protection. dv=0.00103
Checking detector "CDD". Protection Threshold: 0.1 (V)
SetMagnetDAC 5.87548931034 ===>> OK
Magnet settling time: 1.049
GetData ===>> H2,-0.156850474498731,H1,337.615382473512,AX,82.2803316310606,L1,0.976570860631331,L2,0.481636692...
setting magnet DAC
current  : 5.875489
requested: 5.876524
Delta Dac: 0.001034
Checking detector protection. dv=0.00103
Checking detector "CDD". Protection Threshold: 0.1 (V)
SetMagnetDAC 5.8765237931 ===>> OK
Magnet settling time: 1.049
Get Checksum: 1447832503
GetData ===>> H2,-0.188703332272492,H1,337.779426862226,AX,82.2366504023904,L1,1.02387240476941,L2,0.4619464298...
setting magnet DAC
current  : 5.876524
requested: 5.877558
Delta Dac: 0.001034
Checking detector protection. dv=0.00103
Checking detector "CDD". Protection Threshold: 0.1 (V)
SetMagnetDAC 5.87755827586 ===>> OK
Magnet settling time: 1.049
GetData ===>> H2,-0.0750595751739289,H1,338.184180198558,AX,82.0924681934365,L1,1.06365628281785,L2,0.562267304...
setting magnet DAC
current  : 5.877558
requested: 5.878593
Delta Dac: 0.001034
Checking detector protection. dv=0.00103
Checking detector "CDD". Protection Threshold: 0.1 (V)
SetMagnetDAC 5.87859275862 ===>> OK
Magnet settling time: 1.049
GetData ===>> H2,-0.26684272998587,H1,337.861679037962,AX,82.514964841409,L1,1.06491974568588,L2,0.544457830952...
setting magnet DAC
current  : 5.878593
requested: 5.879627
Delta Dac: 0.001034
Checking detector protection. dv=0.00103
Checking detector "CDD". Protection Threshold: 0.1 (V)
SetMagnetDAC 5.87962724138 ===>> OK
Magnet settling time: 1.049
Get Checksum: 1447832503
GetData ===>> H2,-0.161728909953061,H1,337.623203495279,AX,82.2377067529232,L1,1.07677199442028,L2,0.3989282320...
setting magnet DAC
current  : 5.879627
requested: 5.880662
Delta Dac: 0.001034
Checking detector protection. dv=0.00103
Checking detector "CDD". Protection Threshold: 0.1 (V)
SetMagnetDAC 5.88066172414 ===>> OK
Magnet settling time: 1.049
GetData ===>> H2,-0.291725863867184,H1,337.524688058305,AX,82.5209109187781,L1,1.06774286571625,L2,0.4505955292...
setting magnet DAC
current  : 5.880662
requested: 5.881696
Delta Dac: 0.001034
Checking detector protection. dv=0.00103
Checking detector "CDD". Protection Threshold: 0.1 (V)
SetMagnetDAC 5.8816962069 ===>> OK
Magnet settling time: 1.049
GetData ===>> H2,-0.329781048396226,H1,337.639872005554,AX,82.2441274466827,L1,1.06530892257913,L2,0.5101056345...
setting magnet DAC
current  : 5.881696
requested: 5.882731
Delta Dac: 0.001034
Checking detector protection. dv=0.00103
Checking detector "CDD". Protection Threshold: 0.1 (V)
SetMagnetDAC 5.88273068966 ===>> OK
Magnet settling time: 1.049
Get Checksum: 1447832503
GetData ===>> H2,-0.284358284670277,H1,336.874545794378,AX,81.9635243760012,L1,1.08007799570986,L2,0.5271544882...
setting magnet DAC
current  : 5.882731
requested: 5.883765
Delta Dac: 0.001034
Checking detector protection. dv=0.00103
Checking detector "CDD". Protection Threshold: 0.1 (V)
SetMagnetDAC 5.88376517241 ===>> OK
Magnet settling time: 1.049
GetData ===>> H2,-0.166205713937157,H1,334.790800674935,AX,80.7391979739436,L1,1.06228180622283,L2,0.5105169653...
setting magnet DAC
current  : 5.883765
requested: 5.884800
Delta Dac: 0.001034
Checking detector protection. dv=0.00103
Checking detector "CDD". Protection Threshold: 0.1 (V)
SetMagnetDAC 5.88479965517 ===>> OK
Magnet settling time: 1.049
GetData ===>> H2,0.0340192657467039,H1,326.31024098876,AX,77.3187050365727,L1,1.00507248549144,L2,0.49582441037...
setting magnet DAC
current  : 5.884800
requested: 5.885834
Delta Dac: 0.001034
Checking detector protection. dv=0.00103
Checking detector "CDD". Protection Threshold: 0.1 (V)
SetMagnetDAC 5.88583413793 ===>> OK
Magnet settling time: 1.049
Get Checksum: 1447832503
GetData ===>> H2,-0.116608711341144,H1,301.825122936237,AX,67.5700952639032,L1,0.884988309907675,L2,0.332666830...
setting magnet DAC
current  : 5.885834
requested: 5.886869
Delta Dac: 0.001034
Checking detector protection. dv=0.00103
Checking detector "CDD". Protection Threshold: 0.1 (V)
SetMagnetDAC 5.88686862069 ===>> OK
Magnet settling time: 1.049
GetData ===>> H2,-0.221664811429902,H1,248.066131332971,AX,49.9626324949931,L1,0.680617655236124,L2,0.189367328...
setting magnet DAC
current  : 5.886869
requested: 5.887903
Delta Dac: 0.001034
Checking detector protection. dv=0.00103
Checking detector "CDD". Protection Threshold: 0.1 (V)
SetMagnetDAC 5.88790310345 ===>> OK
Magnet settling time: 1.049
GetData ===>> H2,-0.14517535353689,H1,170.667995006813,AX,29.8475119666365,L1,0.552583545580055,L2,0.0583181159...
setting magnet DAC
current  : 5.887903
requested: 5.888938
Delta Dac: 0.001034
Checking detector protection. dv=0.00103
Checking detector "CDD". Protection Threshold: 0.1 (V)
Get Checksum: 1447832503
SetMagnetDAC 5.88893758621 ===>> OK
Magnet settling time: 1.049
GetData ===>> H2,-0.186421087864274,H1,56.7623659981412,AX,7.39739204358633,L1,0.268582687210174,L2,-0.07337106...
setting magnet DAC
current  : 5.888938
requested: 5.889972
Delta Dac: 0.001034
Checking detector protection. dv=0.00103
Checking detector "CDD". Protection Threshold: 0.1 (V)
SetMagnetDAC 5.88997206897 ===>> OK
Magnet settling time: 1.049
GetData ===>> H2,-0.277487205265073,H1,19.8849443970836,AX,2.08588497581109,L1,0.168801289293869,L2,0.138563607...
setting magnet DAC
current  : 5.889972
requested: 5.891007
Delta Dac: 0.001034
Checking detector protection. dv=0.00103
Checking detector "CDD". Protection Threshold: 0.1 (V)
SetMagnetDAC 5.89100655172 ===>> OK
Magnet settling time: 1.049
Get Checksum: 1447832503
GetData ===>> H2,-0.249650772336183,H1,5.74950947546518,AX,0.323925204164553,L1,0.0926103727876977,L2,-0.144778...
setting magnet DAC
current  : 5.891007
requested: 5.892041
Delta Dac: 0.001034
Checking detector protection. dv=0.00103
Checking detector "CDD". Protection Threshold: 0.1 (V)
SetMagnetDAC 5.89204103448 ===>> OK
Magnet settling time: 1.049
GetData ===>> H2,-0.283842400570619,H1,1.44460424387558,AX,0.0718069843306695,L1,0.0217324231710484,L2,-0.02058...
setting magnet DAC
current  : 5.892041
requested: 5.893076
Delta Dac: 0.001034
Checking detector protection. dv=0.00103
Checking detector "CDD". Protection Threshold: 0.1 (V)
SetMagnetDAC 5.89307551724 ===>> OK
Magnet settling time: 1.049
GetData ===>> H2,-0.204471845706497,H1,0.311428031621541,AX,-0.114698499215902,L1,0.0134242939200385,L2,-0.0083...
setting magnet DAC
current  : 5.893076
requested: 5.894110
Delta Dac: 0.001034
Checking detector protection. dv=0.00103
Checking detector "CDD". Protection Threshold: 0.1 (V)
SetMagnetDAC 5.89411 ===>> OK
Magnet settling time: 1.049
Get Checksum: 1447832503
GetData ===>> H2,-0.240878056833506,H1,0.0163528374649726,AX,-0.0155781965422399,L1,0.0494880405939402,L2,-0.06...
result of _do_sweep=True
result of _calculate_peak_center=([5.8714146092184372, 5.8791100000000007, 5.8868053907815643], [250.42705134305135, 338.17836354435883, 251.35200156122755], 5.8775769338677364, 338.17836354435883)
Failed to find a valid peak. No peak greater than 1.0. max = 0.0241054938221
new center pos Detector(H1) (Ar40) @ 5.87911
GetHighVoltage ===>> 4500
GetDeflection H1 ===>> 0
dac uncorrected for HV and deflection 5.87911
update mftable H1 Ar40 5.87911 message=automated run peakcenter
get initial guess parabolic
get initial guess parabolic
get initial guess parabolic
get initial guess parabolic
get initial guess parabolic
get initial guess parabolic
dump mftable to /Users/jan/PychronDev/setupfiles/spectrometer/mftables/mftable.csv
add to repo msg=modified - automated run peakcenter
set states for children of H. state=False
handle state [('H', False)]
update switch state H False args=() kw={'refresh': False} ncanvase=2
refresh_canvas_needed fired
locally archiving mftable
setting magnet DAC
current  : 5.894110
requested: 5.879110
Delta Dac: 0.015000
Checking detector protection. dv=0.01500
Checking detector "CDD". Protection Threshold: 0.1 (V)
SetMagnetDAC 5.87911 ===>> OK
Magnet settling time: 0.500
sweep finished
setting integration time = 1.048576
SetIntegrationTime 1.048576 ===>> OK
Failed to find a valid peak. No peak greater than 1.0. max = 0.0241054938221
flush and close file /Users/jan/PychronDev/data/isotopes/64/e61ccd-8e5d-4fd2-aa64-ad1ab6f4273b.h5
finished measure script
executed 226.132928
jan_unknown120_60.py completed successfully
Measurement Finished
04:26:36 -- ******* Measurement Finished *******
Post Measurement Started jan_pump_ms.py
04:26:36 -- ******* Post Measurement Started jan_pump_ms.py *******
testing...
no interpolation path defined
executed 0
Pumping spectrometer
open () {'name': 'O'}
opening name=O desc=---
checking ownership. requestor=129.138.12.150
check software interlocks O
interlocks []
actuate state mode=None-script, software_lock=False
doing actuation None-script open_channel True
Open O ===>> OK
GetIndicatorState O ===>> OK
change switch state (True, True)
update switch state O True args=() kw={} ncanvase=2
04:26:36 -- OPEN   VALVE-O (Jan Ion Pump)
---------------------------------------- open O () result=[(True, True)], time=0.09 sec
action=open, ok=True, locked=[False]
executed 0
jan_pump_ms.py completed successfully
setting _ms_pumptime
Post Measurement Finished
04:26:36 -- ******* Post Measurement Finished *******
$$$$$$$$$$$$$$$$$$$$ state at run end measurement
state changed from measurement to success
post measurement save measured=True aborted=False
Set filtering
setting fod for Ar40= {'filter_outliers': True, 'std_devs': 2, 'iterations': 1}
setting fod for H1= {'filter_outliers': True, 'std_devs': 2, 'iterations': 1}
setting fod for PM41= {'filter_outliers': False, 'std_devs': 2, 'iterations': 1}
setting fod for H2= {'filter_outliers': True, 'std_devs': 2, 'iterations': 1}
setting fod for Ar36= {'filter_outliers': True, 'std_devs': 2, 'iterations': 1}
setting fod for CDD= {'filter_outliers': True, 'std_devs': 10, 'iterations': 1}
setting fod for Ar37= {'filter_outliers': True, 'std_devs': 2, 'iterations': 1}
setting fod for L2= {'filter_outliers': True, 'std_devs': 2, 'iterations': 1}
setting fod for Ar38= {'filter_outliers': True, 'std_devs': 2, 'iterations': 1}
setting fod for L1= {'filter_outliers': True, 'std_devs': 2, 'iterations': 1}
setting fod for Ar39= {'filter_outliers': True, 'std_devs': 2, 'iterations': 1}
setting fod for AX= {'filter_outliers': True, 'std_devs': 2, 'iterations': 1}
persistence save...
persistence save - db
post measurement save
6347272560 connecting to database sqlite:////Users/jan/PychronDev/.appdata/local_lab.db
connected to db sqlite:////Users/jan/PychronDev/.appdata/local_lab.db
create new session 6347272560
close session 6347272560
No database instance. Not saving post measurement to isotopedb database
$$$$$$$$$$$$$$$ auto_save_detector_ic=False
massspec enabled True
create new session 5019860144
MassSpec Database Version: 16.0
close session 5019860144
saving post measurement to secondary database
saving to massspec database 129.138.12.160/massspecdata
setting labnumber to 65575
setting aliquot to 27
setting step to 
setting uuid to 64e61ccd-8e5d-4fd2-aa64-ad1ab6f4273b
setting irradpos to 65575
setting extract_device to Fusions CO2
setting tray to 
setting position to 110
setting power_requested to 5.0
setting extract_value to 5.0
setting duration to 30.0
setting duration_at_request to 30.0
setting first_stage_delay to 30.0
setting cleanup to 30.0
setting comment to M:20 w/ inclusions
setting irradiation to NM-289
setting level to M
setting irradiation_level to M
setting sample to NM-2607 W
setting material to Sanidine
setting project to JoyitaHills
setting mass_spectrometer to Jan
no attribute chron_dosages
no attribute production_ratios
no attribute interference_corrections
no attribute production_name
no attribute j
Reference Isotope=Ar40
Reference Detector=H1
%%%%%%%%%%%%%%%%%%%% Comment: M:20 w/ inclusions %%%%%%%%%%%%%%%%%%%
adding isotope PM41 H2
add baseline dbdet= PM41. original det= H2
get baseline data PM41 H2
Get data baseline <pychron.processing.isotope.Baseline object at 0x17b2bf390> len t=60
baseline PM41. v=-0.190650005792, e=0.00656172171005
get signal data PM41 H2
Get data signal PM41 0.06+/-0.07 len t=120
adding isotope Ar40 H1
add baseline dbdet= Ar40. original det= H1
get baseline data Ar40 H1
Get data baseline <pychron.processing.isotope.Baseline object at 0x17b2bfad0> len t=60
baseline Ar40. v=-0.0220746380267, e=0.00484816168007
get signal data Ar40 H1
Get data signal Ar40 369.134+/-0.032 len t=120
adding isotope Ar39 AX
add baseline dbdet= Ar39. original det= AX
get baseline data Ar39 AX
Get data baseline <pychron.processing.isotope.Baseline object at 0x17b2bfd50> len t=60
baseline Ar39. v=-0.07314208812, e=0.00706663505798
get signal data Ar39 AX
Get data signal Ar39 90.482+/-0.022 len t=120
adding isotope Ar38 L1
add baseline dbdet= Ar38. original det= L1
get baseline data Ar38 L1
Get data baseline <pychron.processing.isotope.Baseline object at 0x17b2bf090> len t=60
baseline Ar38. v=-0.0161149812247, e=0.00304655390298
get signal data Ar38 L1
Get data signal Ar38 1.199+/-0.005 len t=120
adding isotope Ar37 L2
add baseline dbdet= Ar37. original det= L2
get baseline data Ar37 L2
Get data baseline <pychron.processing.isotope.Baseline object at 0x17b2bf210> len t=60
baseline Ar37. v=-0.0263101911586, e=0.00596416693511
get signal data Ar37 L2
Get data signal Ar37 0.602+/-0.009 len t=120
adding isotope Ar36 CDD
add baseline dbdet= Ar36. original det= CDD
get baseline data Ar36 CDD
Get data baseline <pychron.processing.isotope.Baseline object at 0x17b2bfed0> len t=60
set states for children of C. state=True
handle state [('C', True)]
update switch state C True args=() kw={'refresh': False} ncanvase=2
baseline Ar36. v=6.94705252748e-05, e=1.0295878287e-05
refresh_canvas_needed fired
get signal data Ar36 CDD
Get data signal Ar36 0.0180+/-0.0004 len t=120
65575-27 added analysis time 0.493020057678s
analysis added to mass spec database
mass spec save time= 0.500
persistence save - dvc
================= post measurement started
create new session 4983587952
close session 4983587952
Get Checksum: -2038898666
---------------- Experiment Queue saving disabled
DVC saving peakcenter
Failed to find a valid peak. No peak greater than 1.0. max = 0.0241054938221
Smart pull ahead: 0 behind: 0
Up-to-date with origin
add to repo msg=modified - ad8224ebc6dbfeb9f5997218dfa5fe690569839d.json
add to repo msg=modified - 75-27.json
set states for children of B. state=True
set states for children of D. state=True
handle state [('B', True), ('D', True)]
update switch state B True args=() kw={'refresh': True} ncanvase=2
update switch state D True args=() kw={'refresh': False} ncanvase=2
refresh_canvas_needed fired
add to repo msg=modified - 75-27.dat.json
add to repo msg=modified - 75-27.blan.json
add to repo msg=modified - 75-27.inte.json
add to repo msg=modified - 75-27.icfa.json
add to repo msg=modified - 75-27.base.json
not at valid file /Users/jan/PychronDev/data/.dvc/repositories/Load1785/655/tags/75-27.tags.json
add to repo msg=modified - 75-27.peak.json
Get Checksum: -646558306
State checksums do not match. Local:-161856681 Remote:-646558306
State checksum failed
add to repo msg=modified - 75-27.extr.json
not at valid file /Users/jan/PychronDev/data/.dvc/repositories/Load1785/655/monitor/75-27.moni.json
commit message=<COLLECTION>
set states for children of I. state=False
set states for children of Q. state=True
set states for children of P. state=True
handle state [('I', False), ('Q', True), ('P', True)]
update switch state I False args=() kw={'refresh': True} ncanvase=2
add to repo msg=modified - 75-27.inte.json
update switch state Q True args=() kw={'refresh': True} ncanvase=2
update switch state P True args=() kw={'refresh': False} ncanvase=2
refresh_canvas_needed fired
add to repo msg=modified - 75-27.base.json
commit message=<ISOEVO> default collection fits
add to repo msg=modified - 75-27.blan.json
commit message=<BLANKS> preceding bc-02-J-270
add to repo msg=modified - 75-27.icfa.json
Get Checksum: 192129876
commit message=<ICFactor> default
push repository <pychron.git_archive.repo_manager.GitRepoManager object at 0x17d94e110>
pushing to remote=origin, url=https://github.com
Get Checksum: 192129876
no changes to meta repo
create new session 4983587952
add association Load1785
get identifier "65575"
setting analysis irradiation position=<pychron.dvc.dvc_orm.IrradiationPositionTbl object at 0x174900e90>
close session 4983587952
================= post measurement finished
04:26:48 -- ******* Post Run Check *******
loading queue conditionals post_run_actions
loading system conditionals post_run_actions
loading conditionals from /Users/jan/PychronDev/setupfiles/spectrometer/default_conditionals.yaml
loading queue conditionals post_run_terminations
loading system conditionals post_run_terminations
loading conditionals from /Users/jan/PychronDev/setupfiles/spectrometer/default_conditionals.yaml
Checking default post run terminations n=1
GetDeflection CDD ===>> 50
testing CDD==2000
evaluate ot="CDD.deflection==2000" t="CDD==2000", ctx="{'CDD': 50.0}"
04:26:48 -- ******* Post Run Check Passed *******
04:26:48 -- Automated run 65575-27 success duration: 362.643 s
----------------- finish -----------------
----------------- stop -----------------
retroactive repository identifiers disabled
finish run. runs completed=100
update duration runid=65575-27, duration=362.642928123, md5=301e91d8
loading script "jan_unknown120_60.py"
loading script "jan_pump_ms.py"
loading script "jan_co2.py"
loading script "jan_pump_extraction_line.py"
testing...
no interpolation path defined
executed 213.652928
script duration name:unknown120_60 seconds:214.0
loading script "jan_unknown120_60.py"
loading script "jan_pump_ms.py"
loading script "jan_co2.py"
loading script "jan_pump_extraction_line.py"
testing...
no interpolation path defined
executed 0
loading script "jan_unknown120_60.py"
loading script "jan_pump_ms.py"
loading script "jan_co2.py"
loading script "jan_pump_extraction_line.py"
testing...
no interpolation path defined
calculate duration
testing...
no interpolation path defined
executed 0
calculate duration
testing...
no interpolation path defined
executed 0
executed 0.0
script duration name:co2 seconds:0.0
loading script "jan_unknown120_60.py"
loading script "jan_pump_ms.py"
loading script "jan_co2.py"
loading script "jan_pump_extraction_line.py"
testing...
no interpolation path defined
calculate duration
testing...
no interpolation path defined
executed 4.0
executed 4.0
Script duration 214.0
Run total estimated duration= 215.000
unknown120_60 in script context. using previous estimated duration
script duration name:unknown120_60 seconds:214.0
pump_ms in script context. using previous estimated duration
co2 in script context. using previous estimated duration
script duration name:co2 seconds:0.0
pump_extraction_line in script context. using previous estimated duration
Script duration 214.0
Run total estimated duration= 215.000
nruns=2 before=5.0, run_dur=430.0, btw=30.0
write rem/ex queues
/Users/jan/PychronDev/experiments/rem/CurrentExperimentPartial.rem.txt
/Users/jan/PychronDev/experiments/rem/CurrentExperimentPartial.ex.txt
doing event level: 3
