do run
loading script "jan_unknown120_60.py"
loading script "jan_pump_ms.py"
loading script "jan_co2.py"
loading script "jan_pump_extraction_line.py"
testing...
no interpolation path defined
executed 213.652928
script duration name:unknown120_60 seconds:214.0
loading script "jan_unknown120_60.py"
loading script "jan_pump_ms.py"
loading script "jan_co2.py"
loading script "jan_pump_extraction_line.py"
testing...
no interpolation path defined
executed 0
loading script "jan_unknown120_60.py"
loading script "jan_pump_ms.py"
loading script "jan_co2.py"
loading script "jan_pump_extraction_line.py"
testing...
no interpolation path defined
calculate duration
testing...
no interpolation path defined
executed 0
calculate duration
testing...
no interpolation path defined
executed 0
executed 0.0
script duration name:co2 seconds:0.0
loading script "jan_unknown120_60.py"
loading script "jan_pump_ms.py"
loading script "jan_co2.py"
loading script "jan_pump_extraction_line.py"
testing...
no interpolation path defined
calculate duration
testing...
no interpolation path defined
executed 4.0
executed 4.0
Script duration 214.0
Run total estimated duration= 215.000
run duration: 0:03:35
doing event level: 2
04:07:29 -- Setting default integration. t=1.048576
setting integration time = 1.048576
SetIntegrationTime 1.048576 ===>> OK
----------------- start -----------------
**************** Experiment Type: Ar/Ar, Ar/Ar
create new session 4993924272
close session 4993924272
$$$$$ Clearing conditionals
adding conditionals 
Add queue conditionals
add default conditionals
adding default conditionals from /Users/jan/PychronDev/setupfiles/spectrometer/default_conditionals.yaml
Start automated run 65575-25
loading script "jan_unknown120_60.py"
loading script "jan_pump_ms.py"
loading script "jan_co2.py"
loading script "jan_pump_extraction_line.py"
%%%%%%%%%%%%%%%%%% setting automated run 65575-25
No value "sensitivity_multiplier" in metadata
$$$$$$$$$$$$$$$ auto_save_detector_ic=False
============================= Pre Extraction Check =============================
loading queue conditionals pre_run_terminations
loading system conditionals pre_run_terminations
loading conditionals from /Users/jan/PychronDev/setupfiles/spectrometer/default_conditionals.yaml
04:07:29 -- ******* Pre Extraction Check *******
Get a measurement from the spectrometer
GetData ===>> H2,-0.18513846892205,H1,0.0596342317382038,AX,-0.0576615914762148,L1,-0.00262080537337307,L2,0.02...
Pre Extraction Termination data. keys=H2,H1,AX,L1,L2,CDD, signals=-0.18514,0.05963,-0.05766,-0.00262,0.02285,0.00476
04:07:29 -- testing system defined conditionals
Checking default pre extraction terminations n=2
testing CDD
evaluate ot="CDD.inactive" t="CDD", ctx="{'CDD': False}"
GetDeflection CDD ===>> 50
testing CDD==2000
evaluate ot="CDD.deflection==2000" t="CDD==2000", ctx="{'CDD': 50.0}"
04:07:29 -- ******* Pre Extraction Check Passed *******
=================================================================================
04:07:29 -- stopping status monitor
stop 4977824688
Alive clients [4983939824]
04:07:29 -- starting status monitor
start 4977824688
Monitor already running
start extraction
do extraction
Analysis started at 04:07:29.661259
Extraction Started jan_co2.py
04:07:29 -- ******* Extraction Started jan_co2.py *******
state changed from not run to extraction
DO EXTRACTION <pychron.extraction_line.pyscript_runner.RemotePyScriptRunner object at 0x12c3c43b0>
testing...
no interpolation path defined
calculate duration
testing...
no interpolation path defined
executed 0
calculate duration
testing...
no interpolation path defined
executed 0
executed 100.0
Jan CO2 laser analysis
doing GOSUB
testing...
no interpolation path defined
executed 0
Waiting for CO2 access
wait ('FelixCO2Flag', 0) {}
waiting for FelixCO2Flag = 0
Read FelixCO2Flag ===>> 0
finished waiting
CO2 free
wait ('CO2PumpTimeFlag', 0) {}
waiting for CO2PumpTimeFlag = 0
Read CO2PumpTimeFlag ===>> 0
finished waiting
acquire ('JanCO2Flag',) {'clear': True}
acquire JanCO2Flag
Set JanCO2Flag 1 ===>> OK
JanCO2Flag acquired
set extraction state False (0.75, 'red', 1.5)
CO2 acquired
executed 0
WaitForCO2Access.py completed successfully
gosub finished
doing GOSUB
testing...
no interpolation path defined
executed 0
Prepare for CO2 analysis
close () {'description': 'Jan Inlet'}
closing name=--- desc=Jan Inlet
checking ownership. requestor=129.138.12.150
check software interlocks R
interlocks []
actuate state mode=None-script, software_lock=False
doing actuation None-script close_channel False
Close R ===>> OK
GetIndicatorState R ===>> False
change switch state (True, True)
update switch state R False args=() kw={} ncanvase=2
04:07:30 -- CLOSE  VALVE-R (Jan Inlet)
---------------------------------------- close None (Jan Inlet) result=[(True, True)]
action=close, ok=True, locked=[False]
open () {'description': 'Jan Ion Pump'}
opening name=--- desc=Jan Ion Pump
checking ownership. requestor=129.138.12.150
check software interlocks O
interlocks []
actuate state mode=None-script, software_lock=False
doing actuation None-script open_channel False
Open O ===>> OK
GetIndicatorState O ===>> OK
change switch state (True, True)
update switch state O True args=() kw={} ncanvase=2
04:07:30 -- OPEN   VALVE-O (Jan Ion Pump)
---------------------------------------- open None (Jan Ion Pump) result=[(True, True)], time=0.11 sec
action=open, ok=True, locked=[False]
close () {'description': 'Microbone to Minibone'}
closing name=--- desc=Microbone to Minibone
checking ownership. requestor=129.138.12.150
check software interlocks L
interlocks []
actuate state mode=None-script, software_lock=False
doing actuation None-script close_channel False
Close L ===>> OK
GetIndicatorState L ===>> False
change switch state (True, True)
update switch state L False args=() kw={} ncanvase=2
04:07:31 -- CLOSE  VALVE-L (Microbone to Minibone)
---------------------------------------- close None (Microbone to Minibone) result=[(True, True)]
Get Checksum: 192129876
action=close, ok=True, locked=[False]
open () {'description': 'Microbone to Turbo'}
opening name=--- desc=Microbone to Turbo
checking ownership. requestor=129.138.12.150
check software interlocks U
interlocks []
actuate state mode=None-script, software_lock=False
doing actuation None-script open_channel False
Open U ===>> OK
GetIndicatorState U ===>> OK
change switch state (True, True)
update switch state U True args=() kw={} ncanvase=2
04:07:31 -- OPEN   VALVE-U (Microbone to Turbo)
---------------------------------------- open None (Microbone to Turbo) result=[(True, True)], time=0.14 sec
action=open, ok=True, locked=[False]
open () {'description': 'Microbone to Inlet Pipette'}
opening name=--- desc=Microbone to Inlet Pipette
checking ownership. requestor=129.138.12.150
check software interlocks S
interlocks []
actuate state mode=None-script, software_lock=False
doing actuation None-script open_channel False
Open S ===>> OK
GetIndicatorState S ===>> OK
change switch state (True, True)
update switch state S True args=() kw={} ncanvase=2
04:07:32 -- OPEN   VALVE-S (Microbone to Inlet Pipette)
---------------------------------------- open None (Microbone to Inlet Pipette) result=[(True, True)], time=0.40 sec
action=open, ok=True, locked=[False]
open () {'description': 'Microbone to Getter D-50'}
opening name=--- desc=Microbone to Getter D-50
checking ownership. requestor=129.138.12.150
check software interlocks K
interlocks []
actuate state mode=None-script, software_lock=False
doing actuation None-script open_channel False
Open K ===>> OK
GetIndicatorState K ===>> OK
change switch state (True, True)
update switch state K True args=() kw={} ncanvase=2
04:07:32 -- OPEN   VALVE-K (Microbone to Getter D-50)
---------------------------------------- open None (Microbone to Getter D-50) result=[(True, True)], time=0.41 sec
action=open, ok=True, locked=[False]
open () {'description': 'Microbone to Getter NP-10'}
opening name=--- desc=Microbone to Getter NP-10
checking ownership. requestor=129.138.12.150
check software interlocks M
interlocks []
actuate state mode=None-script, software_lock=False
doing actuation None-script open_channel False
Open M ===>> OK
GetIndicatorState M ===>> OK
change switch state (True, True)
update switch state M True args=() kw={} ncanvase=2
04:07:33 -- OPEN   VALVE-M (Microbone to Getter NP-10)
---------------------------------------- open None (Microbone to Getter NP-10) result=[(True, True)], time=0.15 sec
action=open, ok=True, locked=[False]
close () {'description': 'CO2 Laser to Felix'}
closing name=--- desc=CO2 Laser to Felix
checking ownership. requestor=129.138.12.150
check software interlocks F
interlocks []
actuate state mode=None-script, software_lock=True
VALVE-F(CO2 Laser to Felix) software locked
change switch state (True, False)
---------------------------------------- close None (CO2 Laser to Felix) result=[(True, False)]
action=close, ok=True, locked=[True]
open () {'description': 'CO2 Laser to Jan'}
opening name=--- desc=CO2 Laser to Jan
checking ownership. requestor=129.138.12.150
check software interlocks A
interlocks []
actuate state mode=None-script, software_lock=False
doing actuation None-script open_channel False
Open A ===>> OK
GetIndicatorState A ===>> OK
change switch state (True, True)
update switch state A True args=() kw={} ncanvase=2
04:07:33 -- OPEN   VALVE-A (CO2 Laser to Jan)
---------------------------------------- open None (CO2 Laser to Jan) result=[(True, True)], time=0.13 sec
action=open, ok=True, locked=[False]
open () {'description': 'Microbone to CO2 Laser'}
opening name=--- desc=Microbone to CO2 Laser
checking ownership. requestor=129.138.12.150
check software interlocks T
interlocks []
actuate state mode=None-script, software_lock=False
doing actuation None-script open_channel False
Open T ===>> OK
GetIndicatorState T ===>> OK
change switch state (True, True)
update switch state T True args=() kw={} ncanvase=2
04:07:34 -- OPEN   VALVE-T (Microbone to CO2 Laser)
---------------------------------------- open None (Microbone to CO2 Laser) result=[(True, True)], time=0.42 sec
Get Checksum: 192129876
action=open, ok=True, locked=[False]
executed 0
PrepareForCO2Analysis.py completed successfully
gosub finished
set_motor ('beam', '1.25') {}
setting motor "beam" to 1.25
set motor beam to 1.25
SetMotor beam,1.25 ===>> OK
GetMotorMoving beam ===>> False
GetMotorMoving beam ===>> False
Block completed
move_to_position ('108',) {'autocenter': True}
FusionsCO2 move to position 108
sending GoToHole 108,True
GoToHole 108,True ===>> OK
GetDriveMoving ===>> OK
GetDriveMoving ===>> OK
GetDriveMoving ===>> OK
GetDriveMoving ===>> OK
Get Checksum: 192129876
GetDriveMoving ===>> OK
GetDriveMoving ===>> OK
GetDriveMoving ===>> False
GetDriveMoving ===>> OK
GetDriveMoving ===>> OK
GetDriveMoving ===>> OK
GetDriveMoving ===>> OK
GetDriveMoving ===>> False
Block completed
GetAutoCorrecting ===>> False
GetAutoCorrecting ===>> False
Block completed
update position
GetPosition ===>> -5.98170,0.00000,1.00000
got position (-5.9817, 0.0, 1.0)
move to position succeeded
sleep (5,) {}
SLEEP 5.0
block started
WaitControl setup for 5.0  
Get Checksum: 192129876
Get Checksum: 192129876
Join finished
block finished. duration 5.00949978828
close () {'description': 'Microbone to Turbo'}
closing name=--- desc=Microbone to Turbo
checking ownership. requestor=129.138.12.150
check software interlocks U
interlocks []
actuate state mode=None-script, software_lock=False
doing actuation None-script close_channel True
Close U ===>> OK
GetIndicatorState U ===>> False
change switch state (True, True)
update switch state U False args=() kw={} ncanvase=2
04:07:45 -- CLOSE  VALVE-U (Microbone to Turbo)
---------------------------------------- close None (Microbone to Turbo) result=[(True, True)]
action=close, ok=True, locked=[False]
enable laser
enable () {}
set extraction state FusionsCO2 Enabled (False, 'red', 1.5)
enabling laser
Enable ===>> OK
begin interval
BEGIN INTERVAL Interval 1 waiting for 30.0
block started
WaitControl setup for 30.0  
set extract to 5.0
extract (5.0,) {}
GetPosition ===>> -5.98170,0.00000,1.00000
set extraction state FusionsCO2 ON! 5.0(watts) (0.75, 'red', 1.5)
extract sample to 5.0 (watts)
set laser output
SetLaserOutput 5.0,watts ===>> OK
executing pattern triangle.lp
execute_pattern ('triangle.lp',) {}
executing pattern triangle.lp
Get Checksum: 38271967
IsPatterning ===>> OK
IsPatterning ===>> OK
Get Checksum: 38271967
IsPatterning ===>> OK
IsPatterning ===>> OK
IsPatterning ===>> OK
Get Checksum: 38271967
IsPatterning ===>> OK
IsPatterning ===>> OK
IsPatterning ===>> OK
Get Checksum: 38271967
IsPatterning ===>> OK
IsPatterning ===>> OK
IsPatterning ===>> OK
Get Checksum: 38271967
IsPatterning ===>> OK
IsPatterning ===>> OK
IsPatterning ===>> OK
Get Checksum: 38271967
IsPatterning ===>> OK
IsPatterning ===>> OK
IsPatterning ===>> OK
Get Checksum: 38271967
IsPatterning ===>> OK
IsPatterning ===>> OK
IsPatterning ===>> OK
Get Checksum: 38271967
IsPatterning ===>> OK
IsPatterning ===>> OK
IsPatterning ===>> OK
Get Checksum: 38271967
IsPatterning ===>> OK
IsPatterning ===>> OK
IsPatterning ===>> OK
Get Checksum: 38271967
IsPatterning ===>> False
IsPatterning ===>> False
Block completed
COMPLETE INTERVAL waiting for Interval 1 to complete
Join finished
block finished. duration 30.091506958
Interval 1 finished
end_extract () {}
ending extraction. set laser power to 0
set laser power 0
SetLaserPower 0 ===>> OK
disable () {}
%%%%%%%%%%%%%%%%%%%%%%%%%%%%%%%%%%% disable
set extraction state False (0.75, 'red', 1.5)
disabling laser
Disable ===>> OK
sleep (30.0,) {}
SLEEP 30.0
block started
WaitControl setup for 30.0  
Get Checksum: 38271967
Get Checksum: 38271967
Get Checksum: 38271967
Get Checksum: 38271967
Get Checksum: 38271967
Get Checksum: 38271967
Get Checksum: 38271967
Get Checksum: 38271967
Get Checksum: 38271967
Get Checksum: 38271967
Join finished
block finished. duration 30.079433918
executed 166.5
jan_co2.py completed successfully
GetAchievedOutput ===>> No Response
Requested Output= 0.000
Achieved Output=  0.000
GetResponseBlob ===>> No Response
GetOutputBlob ===>> No Response
persistence save...
persistence save - db
AutomatedRunPersister post_extraction_save deprecated
persistence save - dvc
no extraction position for 108
create new session 4983587952
close session 4983587952
Extraction Finished
04:08:46 -- ******* Extraction Finished *******
no overlap. not waiting for min ms pumptime
04:08:46 -- Sending spectrometer configuration
======== Sending configuration ========
SetDeflection CDD,50.0 ===>> OK
SetDeflection H2,0.0 ===>> OK
SetDeflection H1,0.0 ===>> OK
SetDeflection L2,825.0 ===>> OK
SetDeflection L1,400.0 ===>> OK
SetDeflection AX,190.0 ===>> OK
SetZFocus 74.64 ===>> OK
SetZSymmetry -50.72 ===>> OK
SetExtractionLens 26.13 ===>> OK
SetIonRepeller -3.81 ===>> OK
SetElectronEnergy 75.08 ===>> OK
SetYSymmetry -2.81 ===>> OK
SetIonCounterVoltage 1590.0 ===>> OK
send trap current 200.0
GetParameter Trap Current Readback ===>> 198.482695477019
SetParameter Trap Current Set,200.0 ===>> OK
updating mftable name mftable
Using mftable located at /Users/jan/PychronDev/setupfiles/spectrometer/mftables/mftable.csv
============ MFtable ===========
Isotope  H2     H1     AX     L1     L2     CDD    
Ar40     5.7841 5.8791 5.9926 6.1241 6.2309 6.3523
Ar39     5.6834 5.7714 5.8850 6.0101 6.1161 6.2388
Ar36     5.3609 5.4404 5.5484 5.6690 5.7710 5.8899
================================
get initial guess parabolic
get initial guess parabolic
get initial guess parabolic
get initial guess parabolic
get initial guess parabolic
get initial guess parabolic
======== Configuration Finished ========
GetYSymmetry ===>> -2.81
GetZSymmetry ===>> -50.72
GetParameter Trap Current Readback ===>> 198.147042666178
GetHighVoltage ===>> 4500
start measurement
do measurement
L#=65575 analysis type=unknown
Measurement Started jan_unknown120_60.py
04:08:46 -- ******* Measurement Started jan_unknown120_60.py *******
state changed from extraction to measurement
setting spec, defl, and gains
GetExtractionLens ===>> 26.13
GetYSymmetry ===>> -2.81
GetZSymmetry ===>> -50.72
GetZFocus ===>> 74.64
GetDeflection H2 ===>> 0
GetDeflection H1 ===>> 0
GetDeflection AX ===>> 190
GetDeflection L1 ===>> 400
GetDeflection L2 ===>> 825
GetDeflection CDD ===>> 50
GetGain H2 ===>> 0.0113
GetGain H1 ===>> 0.1
GetGain AX ===>> 0.097049
GetGain L1 ===>> 0.010355
GetGain L2 ===>> 0.095649
GetGain CDD ===>> 0
pre measurement save
New frame /Users/jan/PychronDev/data/isotopes/cd/3da18b-df40-415d-8597-f2f2b4594488.h5
flush and close file /Users/jan/PychronDev/data/isotopes/cd/3da18b-df40-415d-8597-f2f2b4594488.h5
testing...
no interpolation path defined
executed 226.132928
unknown measurement script
activate_detectors ('H2', 'H1', 'AX', 'L1', 'L2', 'CDD') {}
activate detectors
*************** Set Analysis View Ar/Ar
create graphs
clearing graphs
clear isotope group
setting isotope det=H2, iso=PM41
setting isotope det=H1, iso=Ar40
setting isotope det=AX, iso=Ar39
setting isotope det=L1, iso=Ar38
setting isotope det=L2, iso=Ar37
setting isotope det=CDD, iso=Ar36
setting previous blanks
 - setting Ar40 blank 0.249+/-0.007
 - setting Ar36 blank 0.00427+/-0.00017
 - setting Ar37 blank 0.051+/-0.005
 - setting Ar38 blank 0.0096+/-0.0023
 - setting PM41 blank 0.03+/-0.06
 - setting Ar39 blank 0.012+/-0.008
load analysis view
position_magnet ('Ar40',) {'detector': 'H1'}
detector Detector(H1)
POSITION Ar40 H1
setting detector H2 to PM41 (40.9624)
setting detector H1 to Ar40 (39.9624)
setting detector AX to Ar39 (38.9624)
setting detector L1 to Ar38 (37.9624)
setting detector L2 to Ar37 (36.9624)
setting detector CDD to Ar36 (35.9624)
Mapping mass to dac mass func: "parabolic"
H1 map mass coeffs = [-0.00063987  0.15840543  0.57074999]
H1 map mass to dac 39.9624 >> 5.87914
GetDeflection H1 ===>> 0
GetHighVoltage ===>> 4500
positioning Ar40 (5.87914) on H1
setting magnet DAC
current  : 5.879141
requested: 5.879140
Delta Dac: 0.000001
Checking detector protection. dv=0.00000
Checking detector "CDD". Protection Threshold: 0.1 (V)
SetMagnetDAC 5.87914 ===>> OK
Magnet settling time: 0.500
equilibrate () {'delay': 3, 'inlet': 'R', 'outlet': 'O', 'eqtime': 12.0}
Equilibration Started
04:08:48 -- ******* Equilibration Started *******
checking ownership. requestor=129.138.12.150
check software interlocks O
interlocks []
actuate state mode=None-script, software_lock=False
doing actuation None-script close_channel True
Close O ===>> OK
GetIndicatorState O ===>> False
change switch state (True, True)
update switch state O False args=() kw={} ncanvase=2
04:08:48 -- CLOSE  VALVE-O (Jan Ion Pump)
waiting 3s before opening inlet value ('R',)
Get Checksum: 1838806504
checking ownership. requestor=129.138.12.150
check software interlocks R
interlocks []
actuate state mode=None-script, software_lock=False
doing actuation None-script open_channel True
Open R ===>> OK
GetIndicatorState R ===>> OK
change switch state (True, True)
update switch state R True args=() kw={} ncanvase=2
04:08:51 -- OPEN   VALVE-R (Jan Inlet)
equilibrating for 12.0sec
set_time_zero () {}
sniff (12.0,) {}
py_sniff
build tables- sniff [Detector(H2), Detector(H1), Detector(AX), Detector(L1), Detector(L2), Detector(CDD)]
add group /sniff/PM41 (Group) '' table H2
add group /sniff/Ar40 (Group) '' table H1
add group /sniff/Ar39 (Group) '' table AX
add group /sniff/Ar38 (Group) '' table L1
add group /sniff/Ar37 (Group) '' table L2
add group /sniff/Ar36 (Group) '' table CDD
flush and close file /Users/jan/PychronDev/data/isotopes/cd/3da18b-df40-415d-8597-f2f2b4594488.h5
measuring sniff. ncounts=12.0
Get Checksum: 1775861429
starting measurement
GetData ===>> H2,-0.204116020331095,H1,0.103934061698286,AX,-0.0174108092580072,L1,0.0492257542431138,L2,0.0280...
GetData ===>> H2,0.641880582839963,H1,228.355693883068,AX,60.4650746585098,L1,0.266333895877261,L2,0.7184661697...
GetData ===>> H2,0.96000092353984,H1,651.760939393264,AX,166.00631936017,L1,1.16444997429525,L2,1.3995410934549...
Get Checksum: 1775861429
GetData ===>> H2,0.350952096794293,H1,797.117646576393,AX,197.575086624153,L1,1.81366011130898,L2,1.34554033391...
GetData ===>> H2,0.228075055281293,H1,845.048138267964,AX,206.903936679456,L1,2.20413060856871,L2,1.50113598802...
GetData ===>> H2,0.120591840858249,H1,863.167734817903,AX,210.223540887008,L1,2.42670736384298,L2,1.42391088760...
Get Checksum: 1775861429
GetData ===>> H2,0.105635852137948,H1,870.357011976773,AX,211.342590438448,L1,2.57356003840351,L2,1.45439615471...
GetData ===>> H2,-0.0590481869084572,H1,873.45150390173,AX,212.156556819203,L1,2.66152591429446,L2,1.4323608279...
GetData ===>> H2,-0.0530673695602553,H1,874.838759061611,AX,212.646412717484,L1,2.61861542765932,L2,1.466638904...
Get Checksum: 1775861429
GetData ===>> H2,-0.0794519717319388,H1,875.527124601304,AX,212.523007516175,L1,2.67481664484967,L2,1.379629704...
GetData ===>> H2,-0.100125852880031,H1,875.007234668616,AX,212.42071347264,L1,2.73147566209005,L2,1.33032798935...
Equilibration Finished
04:09:03 -- ******* Equilibration Finished *******
checking ownership. requestor=129.138.12.150
check software interlocks R
interlocks []
actuate state mode=None-script, software_lock=False
doing actuation None-script close_channel True
GetData ===>> H2,-0.0986270774157415,H1,875.151493717918,AX,212.201604540368,L1,2.66323369324035,L2,1.385080540...
Close R ===>> OK
set states for children of R. state=False
handle state [('R', False)]
update switch state R False args=() kw={'refresh': False} ncanvase=2
refresh_canvas_needed fired
Get Checksum: 1838806504
GetIndicatorState R ===>> False
change switch state (True, True)
update switch state R False args=() kw={} ncanvase=2
04:09:04 -- CLOSE  VALVE-R (Jan Inlet)
Post Equilibration Started jan_pump_extraction_line.py
04:09:04 -- ******* Post Equilibration Started jan_pump_extraction_line.py *******
testing...
no interpolation path defined
calculate duration
testing...
no interpolation path defined
executed 4.0
executed 4.0
Pump after analysis
doing GOSUB
testing...
no interpolation path defined
executed 4.0
Pump Microbone
close () {'description': 'Jan Inlet'}
closing name=--- desc=Jan Inlet
checking ownership. requestor=129.138.12.150
check software interlocks R
interlocks []
actuate state mode=None-script, software_lock=False
doing actuation None-script close_channel False
Close R ===>> OK
measurement finished
estimated time: 12.583 actual time: :12.677
flush and close file /Users/jan/PychronDev/data/isotopes/cd/3da18b-df40-415d-8597-f2f2b4594488.h5
set_fits () {}
using default fits file=/Users/jan/PychronDev/scripts/measurement/fits/nominal_linear.yaml
set "Ar40" to "('Linear', 'SEM')"
No fit for "PM41". defaulting to linear. check the measurement script "jan_unknown120_60.py"
set "PM41" to "linear"
set "Ar36" to "('Linear', 'SEM')"
set "Ar37" to "('linear', 'SEM')"
set "Ar38" to "('linear', 'SEM')"
set "Ar39" to "('Linear', 'SEM')"
set_baseline_fits () {}
GetIndicatorState R ===>> False
using default fits file=/Users/jan/PychronDev/scripts/measurement/fits/nominal_linear.yaml
change switch state (True, True)
update switch state R False args=() kw={} ncanvase=2
set "H1" to "('average', 'SEM')"
set "H2" to "('average', 'SEM')"
set "CDD" to "('average', 'SEM')"
04:09:05 -- CLOSE  VALVE-R (Jan Inlet)
set "L2" to "('average', 'SEM')"
---------------------------------------- close None (Jan Inlet) result=[(True, True)]
set "L1" to "('average', 'SEM')"
set "AX" to "('average', 'SEM')"
multicollect () {'integration_time': 1, 'ncounts': 120}
build tables- signal [Detector(H2), Detector(H1), Detector(AX), Detector(L1), Detector(L2), Detector(CDD)]
add group /signal/PM41 (Group) '' table H2
add group /signal/Ar40 (Group) '' table H1
add group /signal/Ar39 (Group) '' table AX
add group /signal/Ar38 (Group) '' table L1
add group /signal/Ar37 (Group) '' table L2
add group /signal/Ar36 (Group) '' table CDD
flush and close file /Users/jan/PychronDev/data/isotopes/cd/3da18b-df40-415d-8597-f2f2b4594488.h5
measuring signal. ncounts=120
action=close, ok=True, locked=[False]
is_closed ('F',) {}
is F () closed?
is closed True
open () {'description': 'CO2 Laser to Jan'}
opening name=--- desc=CO2 Laser to Jan
checking ownership. requestor=129.138.12.150
check software interlocks A
interlocks []
actuate state mode=None-script, software_lock=False
doing actuation None-script open_channel False
Open A ===>> OK
GetIndicatorState A ===>> OK
change switch state (True, True)
update switch state A True args=() kw={} ncanvase=2
04:09:05 -- OPEN   VALVE-A (CO2 Laser to Jan)
---------------------------------------- open None (CO2 Laser to Jan) result=[(True, True)], time=0.22 sec
starting measurement
GetData ===>> H2,0.118233520420336,H1,875.417687522096,AX,212.155659653624,L1,2.74834189315523,L2,1.46684564306...
action=open, ok=True, locked=[False]
sleep (1,) {}
SLEEP 1.0
set states for children of V. state=True
handle state [('V', True)]
update switch state V True args=() kw={'refresh': False} ncanvase=2
refresh_canvas_needed fired
GetData ===>> H2,0.196683767342188,H1,875.030111020179,AX,212.164776979939,L1,2.77206438875748,L2,1.46804014346...
close () {'description': 'CO2 Laser to Roughing'}
closing name=--- desc=CO2 Laser to Roughing
checking ownership. requestor=129.138.12.150
check software interlocks G
interlocks []
actuate state mode=None-script, software_lock=True
VALVE-G(CO2 Laser to Roughing) software locked
change switch state (True, False)
---------------------------------------- close None (CO2 Laser to Roughing) result=[(True, False)]
action=close, ok=True, locked=[True]
open () {'description': 'Microbone to Turbo'}
opening name=--- desc=Microbone to Turbo
checking ownership. requestor=129.138.12.150
check software interlocks U
interlocks []
actuate state mode=None-script, software_lock=False
doing actuation None-script open_channel True
Open U ===>> OK
GetIndicatorState U ===>> OK
change switch state (True, True)
update switch state U True args=() kw={} ncanvase=2
04:09:07 -- OPEN   VALVE-U (Microbone to Turbo)
---------------------------------------- open None (Microbone to Turbo) result=[(True, True)], time=0.23 sec
action=open, ok=True, locked=[False]
open () {'description': 'Microbone to Getter NP-10'}
opening name=--- desc=Microbone to Getter NP-10
checking ownership. requestor=129.138.12.150
check software interlocks M
interlocks []
actuate state mode=None-script, software_lock=False
doing actuation None-script open_channel False
Open M ===>> OK
GetIndicatorState M ===>> OK
change switch state (True, True)
update switch state M True args=() kw={} ncanvase=2
04:09:07 -- OPEN   VALVE-M (Microbone to Getter NP-10)
---------------------------------------- open None (Microbone to Getter NP-10) result=[(True, True)], time=0.14 sec
Get Checksum: -1097334291
action=open, ok=True, locked=[False]
open () {'description': 'Microbone to Getter D-50'}
opening name=--- desc=Microbone to Getter D-50
checking ownership. requestor=129.138.12.150
check software interlocks K
interlocks []
actuate state mode=None-script, software_lock=False
doing actuation None-script open_channel False
GetData ===>> H2,-0.00199635945440894,H1,874.600198736011,AX,212.175907461467,L1,2.75758107169535,L2,1.48406395...
Open K ===>> OK
GetIndicatorState K ===>> OK
change switch state (True, True)
update switch state K True args=() kw={} ncanvase=2
04:09:08 -- OPEN   VALVE-K (Microbone to Getter D-50)
---------------------------------------- open None (Microbone to Getter D-50) result=[(True, True)], time=0.41 sec
action=open, ok=True, locked=[False]
open () {'description': 'Microbone to CO2 Laser'}
opening name=--- desc=Microbone to CO2 Laser
checking ownership. requestor=129.138.12.150
check software interlocks T
interlocks []
actuate state mode=None-script, software_lock=False
doing actuation None-script open_channel False
Open T ===>> OK
GetIndicatorState T ===>> OK
change switch state (True, True)
update switch state T True args=() kw={} ncanvase=2
04:09:08 -- OPEN   VALVE-T (Microbone to CO2 Laser)
---------------------------------------- open None (Microbone to CO2 Laser) result=[(True, True)], time=0.42 sec
GetData ===>> H2,-0.0763892639121435,H1,874.748564266698,AX,211.90230281847,L1,2.73772688499643,L2,1.4318326849...
action=open, ok=True, locked=[False]
open () {'description': 'Microbone to Inlet Pipette'}
opening name=--- desc=Microbone to Inlet Pipette
checking ownership. requestor=129.138.12.150
check software interlocks S
interlocks []
actuate state mode=None-script, software_lock=False
doing actuation None-script open_channel False
Open S ===>> OK
GetIndicatorState S ===>> OK
change switch state (True, True)
update switch state S True args=() kw={} ncanvase=2
04:09:09 -- OPEN   VALVE-S (Microbone to Inlet Pipette)
---------------------------------------- open None (Microbone to Inlet Pipette) result=[(True, True)], time=0.40 sec
action=open, ok=True, locked=[False]
sleep (1,) {}
SLEEP 1.0
GetData ===>> H2,-0.00808786174672044,H1,874.418782086,AX,211.796616334884,L1,2.71131819768339,L2,1.47001569585...
set_resource () {'name': 'CO2PumpTimeFlag', 'value': 30}
Set CO2PumpTimeFlag 30 ===>> OK
release ('JanCO2Flag',) {}
release JanCO2Flag
Set JanCO2Flag 0 ===>> OK
executed 6.0
PumpMicrobone.py completed successfully
gosub finished
get_resource_value () {'name': 'JanMiniboneFlag'}
Read JanMiniboneFlag ===>> 0
Get Resource Value JanMiniboneFlag=0.0
get resource value 0.0
get_resource_value () {'name': 'JanMiniboneFlag'}
Get Checksum: -1097334291
Read JanMiniboneFlag ===>> 0
Get Resource Value JanMiniboneFlag=0.0
executed 4.0
jan_pump_extraction_line.py completed successfully
Post Equilibration Finished
04:09:10 -- ******* Post Equilibration Finished *******
GetData ===>> H2,-0.0992404213524848,H1,873.424339840059,AX,211.849443111561,L1,2.69150412755341,L2,1.365378661...
GetData ===>> H2,-0.121058308816451,H1,872.638651801812,AX,211.82493172582,L1,2.71105826531936,L2,1.38396739744...
GetData ===>> H2,-0.182360902958077,H1,872.71062765081,AX,211.53791456715,L1,2.6478976507185,L2,1.3722973830161...
Get Checksum: -1097334291
GetData ===>> H2,-0.163509852947054,H1,872.730385691035,AX,211.451489316603,L1,2.70693936782736,L2,1.3390303044...
GetData ===>> H2,-0.160497343677861,H1,872.434307561772,AX,211.316945492278,L1,2.77089632708958,L2,1.4033746515...
GetData ===>> H2,-0.102316119437532,H1,871.740553163328,AX,211.564762042592,L1,2.7375537994937,L2,1.42358943711...
Get Checksum: -1097334291
GetData ===>> H2,-0.0329077154919507,H1,871.506938028115,AX,211.539826938996,L1,2.72989348295768,L2,1.421316353...
GetData ===>> H2,-0.0597438684203725,H1,870.966417569056,AX,211.658666575305,L1,2.70550436086311,L2,1.470842683...
GetData ===>> H2,-0.130790037979844,H1,870.249825405876,AX,211.377627638683,L1,2.71626212090381,L2,1.4563369746...
Get Checksum: -1097334291
GetData ===>> H2,-0.108417669844724,H1,870.038195698928,AX,211.31394572909,L1,2.74387379938372,L2,1.34604553978...
GetData ===>> H2,-0.055917772147974,H1,869.866175301885,AX,211.220538570712,L1,2.69694435599164,L2,1.4198239540...
GetData ===>> H2,-0.112107283675732,H1,869.865856441254,AX,211.131799890608,L1,2.70021381994949,L2,1.5185442980...
Get Checksum: -1097334291
GetData ===>> H2,-0.153615935428827,H1,870.240256220069,AX,210.851640949438,L1,2.70415801445209,L2,1.4189629648...
GetData ===>> H2,-0.143512106288717,H1,870.296653088781,AX,210.83530306206,L1,2.70572082570023,L2,1.41000913352...
GetData ===>> H2,-0.0700416841202704,H1,869.351671684064,AX,210.675320760198,L1,2.66284646556555,L2,1.450595017...
Get Checksum: -1097334291
GetData ===>> H2,-0.0566326350653907,H1,868.655620927226,AX,210.706193068418,L1,2.68592035201077,L2,1.330500191...
GetData ===>> H2,-0.101436273225871,H1,868.351332104402,AX,210.801302242369,L1,2.66608871436341,L2,1.4730365315...
GetData ===>> H2,-0.199491968388199,H1,867.984361926837,AX,210.458667334464,L1,2.63977659767011,L2,1.3571755144...
Get Checksum: -1097334291
GetData ===>> H2,-0.201560218264348,H1,866.758360443196,AX,210.60997995435,L1,2.66703057969869,L2,1.44433667284...
04:09:30 -- collecting point 25
GetData ===>> H2,-0.149933965574456,H1,866.482686932303,AX,210.40193531289,L1,2.71212933354813,L2,1.36068614640...
Get Checksum: -1097334291
GetData ===>> H2,-0.170536377763695,H1,866.540859799952,AX,209.998719849961,L1,2.69321479998341,L2,1.3669620066...
GetData ===>> H2,-0.160038172876671,H1,866.443272857476,AX,210.231261889258,L1,2.68842619614305,L2,1.3499954224...
GetData ===>> H2,-0.157733934955016,H1,865.900241314841,AX,210.241154853733,L1,2.68652431623675,L2,1.4613097864...
Get Checksum: -1097334291
GetData ===>> H2,-0.16128734401533,H1,865.897255032002,AX,210.005953551029,L1,2.68190153926544,L2,1.38591827523...
GetData ===>> H2,-0.134049652765572,H1,865.158966824944,AX,209.897931557594,L1,2.71038194098987,L2,1.4352656660...
GetData ===>> H2,-0.0990874269573348,H1,864.93066623947,AX,209.987122355604,L1,2.69757559030321,L2,1.4826739749...
Get Checksum: -1097334291
GetData ===>> H2,-0.0541487343195655,H1,865.068938213782,AX,209.859912207437,L1,2.67217113291947,L2,1.446828478...
GetData ===>> H2,-0.15146257235918,H1,863.957378482626,AX,209.919560210421,L1,2.66050164138003,L2,1.40709357827...
GetData ===>> H2,-0.12635523585149,H1,863.666562753084,AX,209.704323419978,L1,2.68259911996558,L2,1.41817086165...
Get Checksum: -1097334291
GetData ===>> H2,-0.0660526379095688,H1,863.59897384307,AX,209.563914169397,L1,2.67989878137628,L2,1.3042831458...
GetData ===>> H2,-0.130879317910431,H1,862.814580334874,AX,209.468624058458,L1,2.68351569432328,L2,1.3706221577...
GetData ===>> H2,-0.162871230067308,H1,862.787719693247,AX,209.244872072468,L1,2.6835918521818,L2,1.39724562267...
Get Checksum: -1097334291
GetData ===>> H2,-0.259923133324086,H1,862.909553723217,AX,209.1661676298,L1,2.64655188722941,L2,1.474254081488...
GetData ===>> H2,-0.261690455468088,H1,862.316982528536,AX,209.126459629619,L1,2.6395336797566,L2,1.38192475598...
GetData ===>> H2,-0.247331778504587,H1,862.175838102124,AX,208.986403379116,L1,2.66005473946136,L2,1.4880042740...
Get Checksum: -1097334291
GetData ===>> H2,-0.208219462645426,H1,861.660767726241,AX,209.320189170984,L1,2.62323270146587,L2,1.4093778050...
GetData ===>> H2,-0.188708238798235,H1,860.966680195875,AX,209.183810113373,L1,2.63067716791923,L2,1.3397765818...
GetData ===>> H2,-0.187953111252987,H1,860.88977915616,AX,209.003917944164,L1,2.63210886277281,L2,1.42892795031...
Get Checksum: -1097334291
GetData ===>> H2,-0.127845015988851,H1,860.773430725913,AX,209.182654760325,L1,2.64534205796708,L2,1.4222232844...
GetData ===>> H2,-0.0985715634168511,H1,860.462097238286,AX,208.863194810249,L1,2.61574295069954,L2,1.420076512...
GetData ===>> H2,-0.187421794895014,H1,859.44407707404,AX,208.946616320702,L1,2.67790588997439,L2,1.39249417193...
Get Checksum: -1097334291
GetData ===>> H2,-0.135994155353192,H1,859.649957897808,AX,208.402566522292,L1,2.6584058365418,L2,1.40700175119...
GetData ===>> H2,-0.257377760631343,H1,859.183587266157,AX,208.583190843546,L1,2.63700438429296,L2,1.3290422258...
Get Checksum: -1097334291
GetData ===>> H2,-0.173014732058051,H1,858.510286890986,AX,208.620178598884,L1,2.66279891219638,L2,1.4188711265...
04:09:57 -- collecting point 50
GetData ===>> H2,-0.198736841615946,H1,858.429524364058,AX,208.860670338224,L1,2.66249457533014,L2,1.5076278284...
GetData ===>> H2,-0.116654717925492,H1,857.940006150868,AX,208.342427097645,L1,2.66173105162802,L2,1.3673406365...
Get Checksum: -1097334291
GetData ===>> H2,-0.11005492836897,H1,857.955899188145,AX,208.436102524913,L1,2.66383426182405,L2,1.35169484043...
GetData ===>> H2,-0.249786615092507,H1,857.483161816608,AX,208.226260141468,L1,2.67115232535421,L2,1.4186300511...
GetData ===>> H2,-0.278384979500825,H1,857.092855185957,AX,208.169098200353,L1,2.61080971391741,L2,1.4445663296...
Get Checksum: -1097334291
GetData ===>> H2,-0.184643440289724,H1,857.014297307071,AX,207.935014318103,L1,2.63083596024596,L2,1.3302935490...
GetData ===>> H2,-0.175908762903399,H1,856.368176211828,AX,207.960754293038,L1,2.62703912309858,L2,1.3720908468...
GetData ===>> H2,-0.0999498551652728,H1,856.051457653356,AX,207.817829106459,L1,2.60987953680463,L2,1.457071969...
Get Checksum: -1097334291
GetData ===>> H2,-0.1480242679155,H1,856.001662425752,AX,208.013467941135,L1,2.64547783487367,L2,1.333944291309...
GetData ===>> H2,-0.254296742257928,H1,855.708301696429,AX,207.729120257651,L1,2.66385464366581,L2,1.3600321954...
GetData ===>> H2,-0.203508126085115,H1,855.116310286217,AX,207.489079014637,L1,2.65745925128106,L2,1.3770593125...
Get Checksum: -1097334291
GetData ===>> H2,-0.0833577602133853,H1,854.959145145646,AX,207.48939058842,L1,2.66528010417141,L2,1.3436113904...
GetData ===>> H2,-0.116183818192955,H1,854.567681983063,AX,207.581835700443,L1,2.66969486245983,L2,1.4514103541...
GetData ===>> H2,-0.101206148361051,H1,853.808206727777,AX,207.336442637578,L1,2.64959400086568,L2,1.5186477231...
Get Checksum: -1097334291
GetData ===>> H2,-0.232155960962256,H1,853.659834949407,AX,207.377614522939,L1,2.63988652312131,L2,1.4598512214...
GetData ===>> H2,-0.197942555677222,H1,853.396211850514,AX,207.441725412621,L1,2.62283124296016,L2,1.4537415674...
GetData ===>> H2,-0.141944588119441,H1,853.443191838031,AX,207.298996594952,L1,2.59584797732662,L2,1.3708975352...
Get Checksum: -1097334291
GetData ===>> H2,-0.183788217210367,H1,853.113004818268,AX,207.084808805973,L1,2.63506030239944,L2,1.3975210762...
GetData ===>> H2,-0.277998233300568,H1,852.878232346589,AX,207.180452202754,L1,2.63528006333789,L2,1.5647770112...
GetData ===>> H2,-0.145359067320135,H1,851.988850686437,AX,206.944957817259,L1,2.6456584206667,L2,1.40377638057...
Get Checksum: -1097334291
GetData ===>> H2,-0.193658470090165,H1,852.189039219395,AX,207.124459130587,L1,2.64016201996256,L2,1.4361842101...
GetData ===>> H2,-0.110161887442743,H1,851.684024541179,AX,206.740499227121,L1,2.62876504791302,L2,1.2956872535...
Get Checksum: -1097334291
GetData ===>> H2,-0.0925920661664885,H1,851.658758637395,AX,206.624039966921,L1,2.62892381357284,L2,1.403351695...
GetData ===>> H2,-0.0214521966655681,H1,851.046665758762,AX,206.683285741581,L1,2.61253650180457,L2,1.425977380...
GetData ===>> H2,-0.0916071450812742,H1,850.487281485529,AX,206.538690354902,L1,2.63622562637061,L2,1.343576945...
04:10:23 -- collecting point 75
GetData ===>> H2,-0.244358357518503,H1,849.962621668235,AX,206.086956842089,L1,2.6558731841852,L2,1.27818797492...
GetData ===>> H2,-0.105058095315295,H1,849.869679041344,AX,206.337615201024,L1,2.63916863408734,L2,1.4313734325...
Get Checksum: -2107522168
State checksums do not match. Local:-1097334291 Remote:-2107522168
State checksum failed
GetData ===>> H2,-0.155400855790039,H1,849.155167244556,AX,206.257035263716,L1,2.61398240894003,L2,1.3952600845...
set states for children of I. state=True
set states for children of Q. state=False
handle state [('I', True), ('Q', False)]
update switch state I True args=() kw={'refresh': True} ncanvase=2
update switch state Q False args=() kw={'refresh': False} ncanvase=2
refresh_canvas_needed fired
GetData ===>> H2,-0.166728072499053,H1,849.159420144048,AX,206.310494927073,L1,2.60105748493159,L2,1.3876855750...
GetData ===>> H2,-0.149131769667958,H1,848.391589799095,AX,206.319526646143,L1,2.63078438642692,L2,1.3461144317...
set states for children of B. state=False
set states for children of D. state=False
handle state [('B', False), ('D', False)]
update switch state B False args=() kw={'refresh': True} ncanvase=2
update switch state D False args=() kw={'refresh': False} ncanvase=2
refresh_canvas_needed fired
Get Checksum: 611344307
GetData ===>> H2,-0.150185146563745,H1,848.284418681015,AX,206.318475314006,L1,2.60603082232844,L2,1.4000575819...
GetData ===>> H2,-0.177936164718737,H1,848.314224425406,AX,205.87304967272,L1,2.60087729310258,L2,1.34897348961...
set states for children of Y. state=True
handle state [('Y', True)]
update switch state Y True args=() kw={'refresh': False} ncanvase=2
refresh_canvas_needed fired
GetData ===>> H2,-0.0559978064706574,H1,847.972474530241,AX,206.049048327653,L1,2.62215177957914,L2,1.381511642...
Get Checksum: 393193677
GetData ===>> H2,-0.122267475406043,H1,847.709374909305,AX,205.844116659078,L1,2.59681899157391,L2,1.3323944309...
GetData ===>> H2,-0.169168126274917,H1,847.426489115624,AX,205.754622663563,L1,2.56751867691571,L2,1.3865838778...
GetData ===>> H2,-0.175309381538736,H1,846.469643880452,AX,205.691053275144,L1,2.59112807611085,L2,1.3961782473...
Get Checksum: 393193677
GetData ===>> H2,-0.235022123731209,H1,846.516057706469,AX,205.767507333962,L1,2.59308977424327,L2,1.4247374795...
GetData ===>> H2,-0.156176350555004,H1,846.260587722218,AX,205.612654202525,L1,2.57333683909016,L2,1.3867445412...
GetData ===>> H2,-0.178420689707774,H1,845.96975034022,AX,205.57613730385,L1,2.56443787544401,L2,1.282685846497...
Get Checksum: 393193677
GetData ===>> H2,-0.157501594230378,H1,845.73550278965,AX,205.349091448193,L1,2.58606349632861,L2,1.31764330519...
GetData ===>> H2,-0.189688481016614,H1,845.015525336732,AX,205.321568466327,L1,2.61707133032871,L2,1.3187567354...
GetData ===>> H2,-0.120047866145799,H1,844.848902043114,AX,205.177929117796,L1,2.62447649895738,L2,1.4968964202...
Get Checksum: 393193677
GetData ===>> H2,-0.0516575064494098,H1,844.480260056826,AX,205.130605976809,L1,2.66571090280087,L2,1.468832656...
GetData ===>> H2,-0.138961651368674,H1,844.145404703214,AX,204.869780044261,L1,2.60551441554288,L2,1.2263055330...
GetData ===>> H2,-0.0842016027847907,H1,843.965644006147,AX,205.031785747603,L1,2.5891285233102,L2,1.4451749229...
Get Checksum: 393193677
GetData ===>> H2,-0.0837790120854594,H1,843.378571476675,AX,205.064942731005,L1,2.5817619343314,L2,1.4446237439...
GetData ===>> H2,-0.0711943271974622,H1,842.712559337198,AX,205.005254595115,L1,2.56139036885437,L2,1.327526883...
set states for children of Y. state=False
handle state [('Y', False)]
update switch state Y False args=() kw={'refresh': False} ncanvase=2
refresh_canvas_needed fired
Get Checksum: 611344307
GetData ===>> H2,-0.066682080515555,H1,842.268902407408,AX,204.788011437349,L1,2.54048081399422,L2,1.3983933512...
GetData ===>> H2,-0.103358310640254,H1,842.32115698916,AX,204.512738394674,L1,2.59772913880211,L2,1.36746684679...
set states for children of Z. state=True
handle state [('Z', True)]
update switch state Z True args=() kw={'refresh': False} ncanvase=2
refresh_canvas_needed fired
GetData ===>> H2,-0.126766229215051,H1,841.93131493503,AX,204.513333118547,L1,2.618694061576,L2,1.4362531013396...
Get Checksum: 378530779
04:10:49 -- collecting point 100
GetData ===>> H2,-0.10372779183909,H1,841.779713772674,AX,204.405462410515,L1,2.60669229099308,L2,1.36176460152...
GetData ===>> H2,-0.109717797609025,H1,841.836973456151,AX,204.453607900809,L1,2.61377235478908,L2,1.3894299547...
GetData ===>> H2,-0.0956248702793579,H1,841.388374588205,AX,204.371425882764,L1,2.60679124350695,L2,1.416494838...
Get Checksum: 378530779
GetData ===>> H2,-0.177658127090608,H1,840.483152135726,AX,204.352828360518,L1,2.56770271259791,L2,1.2924740329...
GetData ===>> H2,-0.162520174676524,H1,840.660769734942,AX,204.405081816263,L1,2.57940807040736,L2,1.4322804581...
GetData ===>> H2,-0.173053852519724,H1,840.094300306433,AX,204.165085856103,L1,2.61660231327902,L2,1.3389384553...
Get Checksum: 378530779
GetData ===>> H2,-0.170155874708039,H1,839.765695244924,AX,203.96869806259,L1,2.61526314557134,L2,1.35927499465...
GetData ===>> H2,-0.103595158945091,H1,839.570209258046,AX,203.963257746241,L1,2.61833614607149,L2,1.4129247770...
GetData ===>> H2,-0.17473291953601,H1,839.108075260668,AX,204.176091457727,L1,2.60307366039925,L2,1.44084595651...
Get Checksum: 378530779
GetData ===>> H2,-0.21447889162573,H1,838.799181368578,AX,203.81950789107,L1,2.59543901148997,L2,1.376428199941...
GetData ===>> H2,-0.112166845178314,H1,838.64685519725,AX,203.658443114096,L1,2.58306021976321,L2,1.31964060165...
GetData ===>> H2,-0.200627260570783,H1,838.517300479401,AX,203.784360381659,L1,2.56782585578634,L2,1.3678913735...
Get Checksum: 378530779
GetData ===>> H2,-0.175297231588454,H1,838.262817559891,AX,203.754015020353,L1,2.59542953232385,L2,1.4570834542...
set states for children of Z. state=False
handle state [('Z', False)]
update switch state Z False args=() kw={'refresh': False} ncanvase=2
refresh_canvas_needed fired
GetData ===>> H2,-0.133414033753572,H1,837.843888964776,AX,203.69841759648,L1,2.5842503322459,L2,1.346918174347...
GetData ===>> H2,-0.16348150047487,H1,837.542495242866,AX,203.585638958828,L1,2.67047387496041,L2,1.46434183448...
set states for children of C. state=False
handle state [('C', False)]
update switch state C False args=() kw={'refresh': False} ncanvase=2
refresh_canvas_needed fired
Get Checksum: -1725866079
GetData ===>> H2,-0.123196579673278,H1,837.361725177626,AX,203.481671300107,L1,2.60603217775768,L2,1.3335998757...
GetData ===>> H2,-0.173882348242954,H1,836.7533844205,AX,203.257453415897,L1,2.55167383199988,L2,1.410984831166...
set states for children of P. state=False
handle state [('P', False)]
update switch state P False args=() kw={'refresh': False} ncanvase=2
refresh_canvas_needed fired
GetData ===>> H2,-0.126398499011674,H1,836.555803992647,AX,203.28631850157,L1,2.58640612069795,L2,1.19895892337...
Get Checksum: 610848153
GetData ===>> H2,-0.0946673013764248,H1,836.129521654137,AX,203.150188848052,L1,2.61559385654379,L2,1.388523332...
GetData ===>> H2,-0.0477078748780109,H1,835.444813166421,AX,203.021856131711,L1,2.61143755866537,L2,1.386606829...
set states for children of Y. state=True
handle state [('Y', True)]
update switch state Y True args=() kw={'refresh': False} ncanvase=2
refresh_canvas_needed fired
Get Checksum: 268272333
GetData ===>> H2,-0.0119499762437069,H1,835.068296523642,AX,203.088984326269,L1,2.57141789415949,L2,1.508328743...
measurement finished
estimated time: 125.829 actual time: :126.238
flush and close file /Users/jan/PychronDev/data/isotopes/cd/3da18b-df40-415d-8597-f2f2b4594488.h5
baselines () {'settling_time': 15.0, 'detector': 'H1', 'mass': 34.2, 'ncounts': 60}
%%%%%%%%%%%%%%%%%%%%%%%%%%%%%%%% Baseline
build tables- baseline [Detector(H2), Detector(H1), Detector(AX), Detector(L1), Detector(L2), Detector(CDD)]
add group baseline table H2
add group baseline table H1
add group baseline table AX
add group baseline table L1
add group baseline table L2
add group baseline table CDD
flush and close file /Users/jan/PychronDev/data/isotopes/cd/3da18b-df40-415d-8597-f2f2b4594488.h5
detector Detector(H1)
POSITION 34.2 H1
Mapping mass to dac mass func: "parabolic"
H1 map mass coeffs = [-0.00063987  0.15840543  0.57074999]
H1 map mass to dac 34.2 >> 5.23979599104
GetDeflection H1 ===>> 0
GetHighVoltage ===>> 4500
positioning 34.2 (5.23979599104) on H1
setting magnet DAC
current  : 5.879140
requested: 5.239796
Delta Dac: 0.639344
Checking detector protection. dv=0.63934
Checking detector "CDD". Protection Threshold: 0.1 (V)
ProtectDetector CDD,On ===>> OK
GetDeflection CDD ===>> 2000
SetMagnetDAC 5.23979599104 ===>> OK
Magnet settling time: 0.500
GetMagnetMoving ===>> True
GetMagnetMoving ===>> True
GetMagnetMoving ===>> True
GetMagnetMoving ===>> True
GetMagnetMoving ===>> True
GetMagnetMoving ===>> True
Get Checksum: 268272333
GetMagnetMoving ===>> True
GetMagnetMoving ===>> True
GetMagnetMoving ===>> False
ProtectDetector CDD,Off ===>> OK
GetDeflection CDD ===>> 50
Delaying 15.0s for detectors to settle
Get Checksum: 268272333
Get Checksum: 268272333
Get Checksum: 268272333
set states for children of Y. state=False
handle state [('Y', False)]
update switch state Y False args=() kw={'refresh': False} ncanvase=2
refresh_canvas_needed fired
Get Checksum: 610848153
set states for children of Z. state=True
handle state [('Z', True)]
update switch state Z True args=() kw={'refresh': False} ncanvase=2
refresh_canvas_needed fired
Get Checksum: 236831195
Join finished
measuring baseline. ncounts=60
starting measurement
GetData ===>> H2,-0.185796675101998,H1,-0.0627034319674589,AX,-0.0689765891701358,L1,-0.0326766738283844,L2,-0....
GetData ===>> H2,-0.198498157135151,H1,-0.0288655950322124,AX,-0.1217547962515,L1,-0.0353722207919487,L2,-0.017...
Get Checksum: 236831195
GetData ===>> H2,-0.241285896967754,H1,-0.0709286614313463,AX,-0.183828387677772,L1,-0.0136078125200022,L2,0.05...
GetData ===>> H2,-0.305104644934664,H1,-0.0024717721484933,AX,-0.0579166571485594,L1,-0.0180260714892062,L2,-0....
GetData ===>> H2,-0.244217066897426,H1,-0.0445340073965681,AX,-0.0283941635892879,L1,-0.0283793308607375,L2,0.0...
Get Checksum: 236831195
GetData ===>> H2,-0.166342042395961,H1,-0.0757919573058928,AX,-0.0445132100047017,L1,-0.0490534561020883,L2,0.0...
GetData ===>> H2,-0.184922655286047,H1,-0.0596515806709384,AX,-0.165734871590611,L1,-0.0508985478249662,L2,-0.0...
GetData ===>> H2,-0.283110180774697,H1,0.0227358756416997,AX,-0.0690113668479199,L1,-0.0540602612976663,L2,-0.0...
Get Checksum: 236831195
GetData ===>> H2,-0.187425840545261,H1,-0.0416246855324374,AX,-0.00228492209845196,L1,-0.0659846105755294,L2,-0...
GetData ===>> H2,-0.0678187873527172,H1,-0.0401938404751555,AX,-0.0884501434159888,L1,-0.101976916205539,L2,0.0...
GetData ===>> H2,-0.198181251879542,H1,-0.0601999670603036,AX,-0.0702517625612114,L1,-0.06360941896782,L2,0.038...
Get Checksum: 236831195
GetData ===>> H2,-0.213289772459604,H1,-0.156592106080189,AX,-0.0157637791469084,L1,-0.000915677396490772,L2,-0...
GetData ===>> H2,-0.284622934797021,H1,-0.0400269072192259,AX,-0.0838371179616725,L1,-0.0371084042571728,L2,-0....
set states for children of Z. state=False
handle state [('Z', False)]
update switch state Z False args=() kw={'refresh': False} ncanvase=2
refresh_canvas_needed fired
GetData ===>> H2,-0.257654634699816,H1,0.0125232099049245,AX,-0.158918503855905,L1,-0.0542634584298691,L2,-0.01...
Get Checksum: 610848153
GetData ===>> H2,-0.211844615593903,H1,0.064587665942484,AX,-0.160541491885958,L1,-0.0384489784361966,L2,-0.004...
GetData ===>> H2,-0.120199370644282,H1,-0.00853115944463561,AX,-0.174358978810234,L1,-0.0330335054495178,L2,0.0...
GetData ===>> H2,-0.109961507594381,H1,-0.0231652139845771,AX,-0.0897018814413088,L1,-0.0327305586098554,L2,-0....
set states for children of Y. state=True
handle state [('Y', True)]
update switch state Y True args=() kw={'refresh': False} ncanvase=2
refresh_canvas_needed fired
Get Checksum: 268272333
GetData ===>> H2,-0.229338877477589,H1,0.0245375170727204,AX,-0.0319429022639772,L1,0.0199882397427848,L2,-0.01...
GetData ===>> H2,-0.29566015983683,H1,-0.0277684757927108,AX,-0.0164481119436021,L1,0.00428548611744168,L2,-0.0...
GetData ===>> H2,-0.203071392535753,H1,-0.00319939511965723,AX,-0.0447915010301793,L1,-0.0244372874753384,L2,-0...
Get Checksum: 268272333
GetData ===>> H2,-0.0984916769425258,H1,-0.0398003544979762,AX,-0.0306556296612302,L1,-0.0496421992266814,L2,-0...
GetData ===>> H2,-0.131400103505999,H1,-0.0190030152262597,AX,-0.0597948474212105,L1,-0.0400852189806265,L2,-0....
Get Checksum: 268272333
GetData ===>> H2,-0.0557332841084223,H1,0.0442622420313345,AX,-0.156727427054487,L1,-0.0648544913043663,L2,-0.0...
GetData ===>> H2,-0.225252656412316,H1,-0.000241157292823879,AX,-0.133618417809806,L1,-0.0597189184754679,L2,-0...
04:11:55 -- collecting point 25
GetData ===>> H2,-0.2586505187509,H1,0.0572351866266143,AX,-0.172052336877587,L1,-0.0309641847960301,L2,0.01390...
Get Checksum: 268272333
GetData ===>> H2,-0.17476937116398,H1,-0.0109404989259374,AX,-0.0984056514678645,L1,0.00442236352313644,L2,0.01...
GetData ===>> H2,-0.144583569475973,H1,0.00770357533419492,AX,-0.0578586877362584,L1,-0.0138271427354924,L2,-0....
GetData ===>> H2,-0.163446397315787,H1,-0.0395380296537294,AX,-0.177882587498418,L1,-0.00789155636511875,L2,-0....
Get Checksum: 268272333
GetData ===>> H2,-0.144603835773889,H1,-0.0150911061777002,AX,-0.140866732740444,L1,-0.0328491041125253,L2,-0.0...
GetData ===>> H2,-0.254397574235088,H1,-0.0367239562557352,AX,0.00871298079199996,L1,-0.0425546471697604,L2,0.0...
GetData ===>> H2,-0.0752615460639933,H1,0.0800657556043528,AX,-0.0128756097645061,L1,-0.0428384368480108,L2,0.0...
Get Checksum: 268272333
GetData ===>> H2,-0.0881761896443026,H1,0.0189656580974031,AX,-0.0145226887486027,L1,-0.0117451108068995,L2,-0....
set states for children of Y. state=False
handle state [('Y', False)]
update switch state Y False args=() kw={'refresh': False} ncanvase=2
refresh_canvas_needed fired
GetData ===>> H2,-0.148606395127813,H1,0.00395778199042698,AX,0.00893341559820375,L1,0.0168207364087531,L2,-0.0...
GetData ===>> H2,-0.145713022577132,H1,-0.0419585464356274,AX,0.00621862171493656,L1,0.0266900842897196,L2,0.00...
GetData ===>> H2,-0.190238566007559,H1,0.0289164761164919,AX,-0.144553879256134,L1,-0.00764811181778378,L2,0.01...
set states for children of V. state=False
handle state [('V', False)]
update switch state V False args=() kw={'refresh': False} ncanvase=2
refresh_canvas_needed fired
GetData ===>> H2,-0.394954684265773,H1,0.0180469873619639,AX,-0.0569775484180028,L1,-0.040560708919543,L2,-0.00...
Get Checksum: 855128171
GetData ===>> H2,-0.287216714449566,H1,0.01327480749731,AX,-0.00687861488590157,L1,-0.0406565228085709,L2,-0.03...
set states for children of H. state=True
handle state [('H', True)]
update switch state H True args=() kw={'refresh': False} ncanvase=2
refresh_canvas_needed fired
GetData ===>> H2,-0.240202328879074,H1,0.0821291076535725,AX,-0.107792333626337,L1,-0.00423087227585065,L2,0.00...
GetData ===>> H2,-0.161626284542024,H1,0.0611978194416497,AX,-0.0501136637478319,L1,0.0180770482777699,L2,-0.06...
Get Checksum: 1447832503
GetData ===>> H2,-0.180396365277931,H1,0.0429614599047003,AX,-0.133874684307996,L1,-0.0109071422054144,L2,-0.10...
GetData ===>> H2,-0.204005496534549,H1,-0.0122286368368528,AX,-0.0442928957118771,L1,0.0260715943509371,L2,-0.1...
GetData ===>> H2,-0.234060089143596,H1,-0.0689141387608892,AX,-0.0874417871841176,L1,0.0232528786299585,L2,-0.0...
Get Checksum: 1447832503
GetData ===>> H2,-0.249488027871764,H1,0.0714512628992694,AX,-0.117212870648753,L1,0.0380169569340322,L2,-0.038...
GetData ===>> H2,-0.277203213333616,H1,0.0209104044796018,AX,-0.0666232707625962,L1,0.040341343265011,L2,0.0647...
Get Checksum: 1447832503
GetData ===>> H2,-0.275630466471563,H1,-0.0406946385721472,AX,0.00512808480405114,L1,-0.0187023909886874,L2,0.0...
GetData ===>> H2,-0.295303163387425,H1,0.0310403998899701,AX,-0.0924834638423181,L1,-0.00899717622845651,L2,-0....
GetData ===>> H2,-0.252864830953806,H1,0.0263033957665694,AX,-0.0157405813406867,L1,-0.00886887299358001,L2,-0....
Get Checksum: 1447832503
GetData ===>> H2,-0.166671383587573,H1,0.134036992342313,AX,-0.0782270133941811,L1,-0.0199158148479935,L2,0.025...
GetData ===>> H2,-0.260151859354687,H1,0.0330211783963421,AX,-0.10307592875809,L1,0.0534919128302218,L2,-0.0392...
04:12:21 -- collecting point 50
GetData ===>> H2,-0.253566691870455,H1,-0.0172379044630187,AX,-0.0376600424111911,L1,0.0273446440862868,L2,-0.0...
Get Checksum: 1447832503
GetData ===>> H2,-0.292135330944032,H1,-0.0638001682930821,AX,-0.0154042125289299,L1,-0.0310911345519326,L2,-0....
GetData ===>> H2,-0.194751489107131,H1,-0.0501377906707344,AX,-0.0690925147143928,L1,-0.0266421465448893,L2,-0....
GetData ===>> H2,-0.156181754513557,H1,0.0500145270658116,AX,-0.0286956954350141,L1,0.00311369954324085,L2,-0.0...
Get Checksum: 1447832503
GetData ===>> H2,-0.19600043331252,H1,0.0468638569846693,AX,0.0369210886436777,L1,-0.0126057841751557,L2,-0.041...
GetData ===>> H2,-0.194884908365926,H1,-0.00542994405512405,AX,-0.102878924071444,L1,0.00898133400307987,L2,-0....
GetData ===>> H2,-0.181819879544955,H1,-0.0348995358850466,AX,-0.0409185460654273,L1,0.00485462017403807,L2,-0....
Get Checksum: 1447832503
GetData ===>> H2,-0.265230850365859,H1,0.011151260597342,AX,-0.157365047088716,L1,-0.0420672765750139,L2,-0.097...
GetData ===>> H2,-0.260243320233784,H1,0.0247642159731722,AX,-0.149330729166412,L1,0.00628757262009116,L2,0.091...
GetData ===>> H2,-0.221974533357973,H1,-0.0168204750692567,AX,-0.0585890998072621,L1,-0.00213125560267498,L2,-0...
Get Checksum: 1447832503
GetData ===>> H2,-0.226922328896849,H1,-0.0177984497675475,AX,-0.0344014296523724,L1,0.0185034612267826,L2,-0.0...
measurement finished
estimated time: 62.915 actual time: :63.103
flush and close file /Users/jan/PychronDev/data/isotopes/cd/3da18b-df40-415d-8597-f2f2b4594488.h5
activate_detectors ('H1', 'AX', 'CDD') {'peak_center': True}
peak_center () {'detector': 'H1', 'integration_time': 0.262144, 'isotope': 'Ar40'}
peak center: mean=836.948004718 threshold=3
peak center started
setup peak center. detector=['H1', 'AX', 'CDD'], isotope=Ar40
VersionedUnpickler [<apptools.sweet_pickle.versioned_unpickler.VersionedUnpickler object at 0x17a751710>] using Updater [<apptools.sweet_pickle.updater.Updater object at 0x133e38fb0>]
VersionedUnpickler [<apptools.sweet_pickle.versioned_unpickler.VersionedUnpickler object at 0x17a751710>] using Updater [<apptools.sweet_pickle.updater.Updater object at 0x133e38fb0>]
VersionedUnpickler [<apptools.sweet_pickle.versioned_unpickler.VersionedUnpickler object at 0x183124830>] using Updater [<apptools.sweet_pickle.updater.Updater object at 0x133e38fb0>]
setting integration time = 0.524288
SetIntegrationTime 0.524288 ===>> OK
Mapping mass to dac mass func: "parabolic"
H1 map mass coeffs = [-0.00063987  0.15840543  0.57074999]
H1 map mass to dac 39.9624 >> 5.87914
GetDeflection H1 ===>> 0
GetHighVoltage ===>> 4500
do peak center. <pychron.spectrometer.jobs.peak_center.PeakCenter object at 0x12d6e98f0>
doing pc
starting peak center. center dac= 5.87914 step_width=0.001
width = 0.001
get scan parameters. half-width=0.015,window=0.015, i=0, scalar=1
Scan parameters center=5.87914 width=0.03000 (5.86414 - 5.89414)
GetData ===>> H2,-0.232303996567211,H1,-0.0151984471855602,AX,-0.0903045643766356,L1,0.0540284674804972,L2,0.02...
Moving to starting dac 5.86414
setting magnet DAC
current  : 5.239796
requested: 5.864140
Delta Dac: 0.624344
Checking detector protection. dv=0.62434
Checking detector "CDD". Protection Threshold: 0.1 (V)
ProtectDetector CDD,On ===>> OK
GetDeflection CDD ===>> 2000
SetMagnetDAC 5.86414 ===>> OK
Magnet settling time: 0.500
GetMagnetMoving ===>> True
GetMagnetMoving ===>> True
GetMagnetMoving ===>> True
Get Checksum: 1447832503
GetMagnetMoving ===>> True
GetMagnetMoving ===>> True
GetMagnetMoving ===>> True
GetMagnetMoving ===>> True
GetMagnetMoving ===>> True
GetMagnetMoving ===>> False
ProtectDetector CDD,Off ===>> OK
GetDeflection CDD ===>> 50
Wait until signal near baseline. tol= -0.0113988353892. timeout= 10
GetData ===>> H2,3.26843384811376,H1,1.33379024485027,AX,-0.0861900200816339,L1,0.0436683237227425,L2,-0.165417...
GetData ===>> H2,39.7437237505854,H1,21.1524645106232,AX,1.44403107275046,L1,0.0859777393718364,L2,-0.076898200...
GetData ===>> H2,52.5970148896092,H1,32.6292034888179,AX,5.39986228073947,L1,0.0756609865512018,L2,-0.038525122...
GetData ===>> H2,29.4126768116636,H1,15.5696239923623,AX,2.42170878017716,L1,0.0634357788522901,L2,0.0077888785...
Get Checksum: 1447832503
GetData ===>> H2,12.4619608102195,H1,7.7681115562281,AX,1.22129430211352,L1,0.0910667837800804,L2,0.03772047060...
GetData ===>> H2,4.37154316963444,H1,4.1589750310792,AX,0.53181068933377,L1,0.0752394305749842,L2,0.10367590778...
set states for children of H. state=False
handle state [('H', False)]
update switch state H False args=() kw={'refresh': False} ncanvase=2
refresh_canvas_needed fired
GetData ===>> H2,1.42293570364816,H1,2.33809121437394,AX,0.176682241782413,L1,0.00456284489998297,L2,-0.0636764...
GetData ===>> H2,0.388160439674836,H1,1.45341985878782,AX,0.0584361459248575,L1,-0.00199566530522005,L2,-0.0989...
GetData ===>> H2,0.108467255880226,H1,1.02068642978697,AX,0.0831632108925275,L1,-0.0115473133504287,L2,0.046150...
GetData ===>> H2,0.0194130783457433,H1,0.851881166629265,AX,0.102008198532651,L1,-0.00855949958918818,L2,-0.073...
set states for children of C. state=True
handle state [('C', True)]
update switch state C True args=() kw={'refresh': False} ncanvase=2
refresh_canvas_needed fired
Get Checksum: 1242363369
GetData ===>> H2,0.0783736162597795,H1,0.813530627922954,AX,0.0811468045813842,L1,0.0264462866385683,L2,-0.0012...
GetData ===>> H2,0.155808971949004,H1,0.724988877877331,AX,-0.00358417032808278,L1,0.0075920583041751,L2,-0.058...
GetData ===>> H2,0.137115027057196,H1,0.708400470581227,AX,0.00186814837610699,L1,-0.00724035899333772,L2,0.053...
GetData ===>> H2,0.0592630803597312,H1,0.707467005261209,AX,0.0676819891230879,L1,-0.0394947177915134,L2,0.0199...
set states for children of B. state=True
set states for children of D. state=True
handle state [('B', True), ('D', True)]
update switch state B True args=() kw={'refresh': True} ncanvase=2
update switch state D True args=() kw={'refresh': False} ncanvase=2
refresh_canvas_needed fired
GetData ===>> H2,0.0895791850600514,H1,0.658460293174312,AX,0.151885038992517,L1,-0.0276724187989183,L2,-0.0898...
GetData ===>> H2,0.157931730386733,H1,0.676930718661528,AX,-0.11636702944809,L1,-0.0052325350956256,L2,-0.10265...
Get Checksum: -1721677202
State checksums do not match. Local:1269278284 Remote:-1721677202
State checksum failed
GetData ===>> H2,0.113574565329172,H1,0.700238926422681,AX,0.0169738262561114,L1,0.0151060052188445,L2,-0.17143...
GetData ===>> H2,0.056764824370451,H1,0.723839808988935,AX,0.0551690278099384,L1,-0.00212285625676677,L2,0.0082...
set states for children of I. state=False
set states for children of Q. state=True
set states for children of P. state=True
handle state [('I', False), ('Q', True), ('P', True)]
update switch state I False args=() kw={'refresh': True} ncanvase=2
update switch state Q True args=() kw={'refresh': True} ncanvase=2
update switch state P True args=() kw={'refresh': False} ncanvase=2
refresh_canvas_needed fired
GetData ===>> H2,0.0654763726143216,H1,0.604719196676329,AX,0.0407160567726574,L1,-0.021521049029483,L2,-0.1933...
GetData ===>> H2,-0.0123045451212354,H1,0.614690337650692,AX,0.0253282031301097,L1,-0.016151988810929,L2,0.0462...
GetData ===>> H2,-0.0968165550295611,H1,0.527852715461985,AX,0.0301322944916217,L1,-0.00143888600397174,L2,0.08...
Peak center failed to move to a baseline position
_do_sweep sm= 5.86414, em= 5.89414, stm= 0.001
calculated step values: start=5.86414, end=5.89414, width=0.001, nsteps=31.0
setting magnet DAC
current  : 5.864140
requested: 5.864140
Delta Dac: 0.000000
Checking detector protection. dv=0.00000
Checking detector "CDD". Protection Threshold: 0.1 (V)
SetMagnetDAC 5.86414 ===>> OK
GetData ===>> H2,-0.0968165550295611,H1,0.527852715461985,AX,0.0301322944916217,L1,-0.00143888600397174,L2,0.08...
setting magnet DAC
current  : 5.864140
requested: 5.865174
Delta Dac: 0.001034
Checking detector protection. dv=0.00103
Checking detector "CDD". Protection Threshold: 0.1 (V)
SetMagnetDAC 5.86517448276 ===>> OK
Magnet settling time: 1.049
Get Checksum: 1695186306
GetData ===>> H2,-0.0448109541364049,H1,1.52991024878035,AX,0.320509768681475,L1,-0.0133956689112947,L2,0.00250...
setting magnet DAC
current  : 5.865174
requested: 5.866209
Delta Dac: 0.001034
Checking detector protection. dv=0.00103
Checking detector "CDD". Protection Threshold: 0.1 (V)
SetMagnetDAC 5.86620896552 ===>> OK
Magnet settling time: 1.049
GetData ===>> H2,-0.0764882049749522,H1,5.88780421372899,AX,0.864888208594792,L1,0.00365275245958268,L2,-0.0354...
setting magnet DAC
current  : 5.866209
requested: 5.867243
Delta Dac: 0.001034
Checking detector protection. dv=0.00103
Checking detector "CDD". Protection Threshold: 0.1 (V)
SetMagnetDAC 5.86724344828 ===>> OK
Magnet settling time: 1.049
GetData ===>> H2,-0.0967597318274213,H1,22.2267270088033,AX,3.29647801889546,L1,0.0132563781025402,L2,-0.109185...
setting magnet DAC
current  : 5.867243
requested: 5.868278
Delta Dac: 0.001034
Checking detector protection. dv=0.00103
Checking detector "CDD". Protection Threshold: 0.1 (V)
SetMagnetDAC 5.86827793103 ===>> OK
Magnet settling time: 1.049
Get Checksum: 1695186306
GetData ===>> H2,-0.144084714864449,H1,73.9158310947048,AX,11.5077472461577,L1,0.0735220728029475,L2,-0.0010020...
setting magnet DAC
current  : 5.868278
requested: 5.869312
Delta Dac: 0.001034
Checking detector protection. dv=0.00103
Checking detector "CDD". Protection Threshold: 0.1 (V)
SetMagnetDAC 5.86931241379 ===>> OK
Magnet settling time: 1.049
GetData ===>> H2,0.00398789813371304,H1,194.001116672832,AX,33.3204930850358,L1,0.138080485295644,L2,0.07661819...
setting magnet DAC
current  : 5.869312
requested: 5.870347
Delta Dac: 0.001034
Checking detector protection. dv=0.00103
Checking detector "CDD". Protection Threshold: 0.1 (V)
SetMagnetDAC 5.87034689655 ===>> OK
Magnet settling time: 1.049
GetData ===>> H2,0.03082178927112,H1,382.0736149761,AX,73.1999621864241,L1,0.441217173563112,L2,0.0761395683853...
setting magnet DAC
current  : 5.870347
requested: 5.871381
Delta Dac: 0.001034
Checking detector protection. dv=0.00103
Checking detector "CDD". Protection Threshold: 0.1 (V)
SetMagnetDAC 5.87138137931 ===>> OK
Magnet settling time: 1.049
Get Checksum: 1695186306
GetData ===>> H2,-0.113853388976519,H1,574.476636988926,AX,120.489639437701,L1,0.879227942593795,L2,0.290729522...
setting magnet DAC
current  : 5.871381
requested: 5.872416
Delta Dac: 0.001034
Checking detector protection. dv=0.00103
Checking detector "CDD". Protection Threshold: 0.1 (V)
SetMagnetDAC 5.87241586207 ===>> OK
Magnet settling time: 1.049
GetData ===>> H2,-0.109516055942927,H1,708.164294790813,AX,158.920399832813,L1,1.42313645572699,L2,0.6072057657...
setting magnet DAC
current  : 5.872416
requested: 5.873450
Delta Dac: 0.001034
Checking detector protection. dv=0.00103
Checking detector "CDD". Protection Threshold: 0.1 (V)
SetMagnetDAC 5.87345034483 ===>> OK
Magnet settling time: 1.049
Get Checksum: 1695186306
GetData ===>> H2,-0.0328180886587925,H1,770.185875240189,AX,181.735053020344,L1,1.80542242294714,L2,1.013825694...
setting magnet DAC
current  : 5.873450
requested: 5.874485
Delta Dac: 0.001034
Checking detector protection. dv=0.00103
Checking detector "CDD". Protection Threshold: 0.1 (V)
SetMagnetDAC 5.87448482759 ===>> OK
Magnet settling time: 1.049
GetData ===>> H2,-0.135950210369995,H1,795.521182814562,AX,192.118787594319,L1,2.13704900751456,L2,1.1877244131...
setting magnet DAC
current  : 5.874485
requested: 5.875519
Delta Dac: 0.001034
Checking detector protection. dv=0.00103
Checking detector "CDD". Protection Threshold: 0.1 (V)
SetMagnetDAC 5.87551931034 ===>> OK
Magnet settling time: 1.049
GetData ===>> H2,-0.0266674612634065,H1,798.143086054657,AX,193.389925375989,L1,2.27130085709237,L2,1.272129949...
setting magnet DAC
current  : 5.875519
requested: 5.876554
Delta Dac: 0.001034
Checking detector protection. dv=0.00103
Checking detector "CDD". Protection Threshold: 0.1 (V)
SetMagnetDAC 5.8765537931 ===>> OK
Magnet settling time: 1.049
Get Checksum: 1695186306
GetData ===>> H2,-0.0275152714225613,H1,798.569176206107,AX,193.87910154898,L1,2.36556632408665,L2,1.3176662623...
setting magnet DAC
current  : 5.876554
requested: 5.877588
Delta Dac: 0.001034
Checking detector protection. dv=0.00103
Checking detector "CDD". Protection Threshold: 0.1 (V)
SetMagnetDAC 5.87758827586 ===>> OK
Magnet settling time: 1.049
GetData ===>> H2,-0.0211136942242734,H1,798.967082688346,AX,193.692276815231,L1,2.45781041836742,L2,1.261552265...
setting magnet DAC
current  : 5.877588
requested: 5.878623
Delta Dac: 0.001034
Checking detector protection. dv=0.00103
Checking detector "CDD". Protection Threshold: 0.1 (V)
SetMagnetDAC 5.87862275862 ===>> OK
Magnet settling time: 1.049
GetData ===>> H2,-0.141192934877387,H1,798.041895572483,AX,193.561738033112,L1,2.45156108281215,L2,1.2162259413...
setting magnet DAC
current  : 5.878623
requested: 5.879657
Delta Dac: 0.001034
Checking detector protection. dv=0.00103
Checking detector "CDD". Protection Threshold: 0.1 (V)
SetMagnetDAC 5.87965724138 ===>> OK
Magnet settling time: 1.049
Get Checksum: 1695186306
GetData ===>> H2,-0.160832256528456,H1,798.358945562947,AX,193.623701892089,L1,2.44459409648485,L2,1.3787404849...
setting magnet DAC
current  : 5.879657
requested: 5.880692
Delta Dac: 0.001034
Checking detector protection. dv=0.00103
Checking detector "CDD". Protection Threshold: 0.1 (V)
SetMagnetDAC 5.88069172414 ===>> OK
Magnet settling time: 1.049
GetData ===>> H2,-0.200557150815068,H1,798.547037710661,AX,193.684274716374,L1,2.47569192216707,L2,1.3054997159...
setting magnet DAC
current  : 5.880692
requested: 5.881726
Delta Dac: 0.001034
Checking detector protection. dv=0.00103
Checking detector "CDD". Protection Threshold: 0.1 (V)
SetMagnetDAC 5.8817262069 ===>> OK
Magnet settling time: 1.049
GetData ===>> H2,-0.163778522852604,H1,797.551031606534,AX,193.391913185577,L1,2.48027519398734,L2,1.2178771332...
setting magnet DAC
current  : 5.881726
requested: 5.882761
Delta Dac: 0.001034
Checking detector protection. dv=0.00103
Checking detector "CDD". Protection Threshold: 0.1 (V)
SetMagnetDAC 5.88276068966 ===>> OK
Magnet settling time: 1.049
Get Checksum: 1695186306
GetData ===>> H2,-0.249478612830953,H1,796.190492472057,AX,192.617974876524,L1,2.46583381165993,L2,1.2995088305...
setting magnet DAC
current  : 5.882761
requested: 5.883795
Delta Dac: 0.001034
Checking detector protection. dv=0.00103
Checking detector "CDD". Protection Threshold: 0.1 (V)
SetMagnetDAC 5.88379517241 ===>> OK
Magnet settling time: 1.049
GetData ===>> H2,-0.120196665224544,H1,791.744857629002,AX,190.126950948303,L1,2.45160416873968,L2,1.3784882735...
setting magnet DAC
current  : 5.883795
requested: 5.884830
Delta Dac: 0.001034
Checking detector protection. dv=0.00103
Checking detector "CDD". Protection Threshold: 0.1 (V)
SetMagnetDAC 5.88482965517 ===>> OK
Magnet settling time: 1.049
GetData ===>> H2,-0.152532144913471,H1,773.315970852673,AX,182.105086461119,L1,2.38887346002001,L2,1.2487734037...
setting magnet DAC
current  : 5.884830
requested: 5.885864
Delta Dac: 0.001034
Checking detector protection. dv=0.00103
Checking detector "CDD". Protection Threshold: 0.1 (V)
SetMagnetDAC 5.88586413793 ===>> OK
Magnet settling time: 1.049
Get Checksum: 1695186306
GetData ===>> H2,-0.137311768964067,H1,716.749160623442,AX,159.899133454532,L1,2.16676270124585,L2,0.8599707285...
setting magnet DAC
current  : 5.885864
requested: 5.886899
Delta Dac: 0.001034
Checking detector protection. dv=0.00103
Checking detector "CDD". Protection Threshold: 0.1 (V)
SetMagnetDAC 5.88689862069 ===>> OK
Magnet settling time: 1.049
GetData ===>> H2,-0.326142147503691,H1,591.052654241537,AX,119.046739874974,L1,1.76255700796254,L2,0.5773359234...
setting magnet DAC
current  : 5.886899
requested: 5.887933
Delta Dac: 0.001034
Checking detector protection. dv=0.00103
Checking detector "CDD". Protection Threshold: 0.1 (V)
SetMagnetDAC 5.88793310345 ===>> OK
Magnet settling time: 1.049
Get Checksum: 1695186306
GetData ===>> H2,-0.323127003690335,H1,408.306001716904,AX,71.3845759699142,L1,1.21103984761599,L2,0.4465990530...
setting magnet DAC
current  : 5.887933
requested: 5.888968
Delta Dac: 0.001034
Checking detector protection. dv=0.00103
Checking detector "CDD". Protection Threshold: 0.1 (V)
SetMagnetDAC 5.88896758621 ===>> OK
Magnet settling time: 1.049
GetData ===>> H2,-0.382343651690259,H1,136.512975425649,AX,18.2369217900431,L1,0.60708310929124,L2,0.0374242978...
setting magnet DAC
current  : 5.888968
requested: 5.890002
Delta Dac: 0.001034
Checking detector protection. dv=0.00103
Checking detector "CDD". Protection Threshold: 0.1 (V)
SetMagnetDAC 5.89000206897 ===>> OK
Magnet settling time: 1.049
GetData ===>> H2,-0.206097178362536,H1,47.4494436400468,AX,5.23122077366399,L1,0.307037947331277,L2,-0.06740878...
setting magnet DAC
current  : 5.890002
requested: 5.891037
Delta Dac: 0.001034
Checking detector protection. dv=0.00103
Checking detector "CDD". Protection Threshold: 0.1 (V)
SetMagnetDAC 5.89103655172 ===>> OK
Magnet settling time: 1.049
Get Checksum: 1695186306
GetData ===>> H2,-0.260330285925928,H1,13.4828692448194,AX,1.10587595146838,L1,0.23861411010042,L2,-0.038138127...
setting magnet DAC
current  : 5.891037
requested: 5.892071
Delta Dac: 0.001034
Checking detector protection. dv=0.00103
Checking detector "CDD". Protection Threshold: 0.1 (V)
SetMagnetDAC 5.89207103448 ===>> OK
Magnet settling time: 1.049
GetData ===>> H2,-0.0993191999438163,H1,3.35230214937796,AX,-0.0221429660479573,L1,0.117998959181224,L2,-0.0536...
setting magnet DAC
current  : 5.892071
requested: 5.893106
Delta Dac: 0.001034
Checking detector protection. dv=0.00103
Checking detector "CDD". Protection Threshold: 0.1 (V)
SetMagnetDAC 5.89310551724 ===>> OK
Magnet settling time: 1.049
GetData ===>> H2,-0.162198814438171,H1,0.63659684863755,AX,-0.170254434246853,L1,0.103894632769105,L2,-0.067477...
setting magnet DAC
current  : 5.893106
requested: 5.894140
Delta Dac: 0.001034
Checking detector protection. dv=0.00103
Checking detector "CDD". Protection Threshold: 0.1 (V)
SetMagnetDAC 5.89414 ===>> OK
Magnet settling time: 1.049
Get Checksum: 1695186306
GetData ===>> H2,-0.0667417672312805,H1,0.0235591382330426,AX,-0.248622822859862,L1,0.0617541046298387,L2,-0.15...
result of _do_sweep=True
result of _calculate_peak_center=([5.8715047294589162, 5.8792001202404798, 5.8868955110220433], [590.41734969277729, 798.95113453274519, 590.68736127487489], 5.8775468136272533, 798.95113453274519)
Failed to find a valid peak. No peak greater than 1.0. max = 0.0657594089475
new center pos Detector(H1) (Ar40) @ 5.87920012024
GetHighVoltage ===>> 4500
GetDeflection H1 ===>> 0
dac uncorrected for HV and deflection 5.87920012024
update mftable H1 Ar40 5.87920012024 message=automated run peakcenter
get initial guess parabolic
get initial guess parabolic
get initial guess parabolic
get initial guess parabolic
get initial guess parabolic
get initial guess parabolic
dump mftable to /Users/jan/PychronDev/setupfiles/spectrometer/mftables/mftable.csv
add to repo msg=modified - automated run peakcenter
sweep finished
locally archiving mftable
setting magnet DAC
current  : 5.894140
requested: 5.879200
Delta Dac: 0.014940
Checking detector protection. dv=0.01494
Checking detector "CDD". Protection Threshold: 0.1 (V)
SetMagnetDAC 5.87920012024 ===>> OK
Magnet settling time: 0.500
setting integration time = 1.048576
SetIntegrationTime 1.048576 ===>> OK
Failed to find a valid peak. No peak greater than 1.0. max = 0.0657594089475
flush and close file /Users/jan/PychronDev/data/isotopes/cd/3da18b-df40-415d-8597-f2f2b4594488.h5
finished measure script
executed 226.132928
jan_unknown120_60.py completed successfully
Measurement Finished
04:13:19 -- ******* Measurement Finished *******
Post Measurement Started jan_pump_ms.py
04:13:19 -- ******* Post Measurement Started jan_pump_ms.py *******
testing...
no interpolation path defined
executed 0
Pumping spectrometer
open () {'name': 'O'}
opening name=O desc=---
checking ownership. requestor=129.138.12.150
check software interlocks O
interlocks []
actuate state mode=None-script, software_lock=False
doing actuation None-script open_channel True
Open O ===>> OK
GetIndicatorState O ===>> OK
change switch state (True, True)
update switch state O True args=() kw={} ncanvase=2
04:13:19 -- OPEN   VALVE-O (Jan Ion Pump)
---------------------------------------- open O () result=[(True, True)], time=0.10 sec
action=open, ok=True, locked=[False]
executed 0
jan_pump_ms.py completed successfully
setting _ms_pumptime
Post Measurement Finished
04:13:19 -- ******* Post Measurement Finished *******
$$$$$$$$$$$$$$$$$$$$ state at run end measurement
state changed from measurement to success
post measurement save measured=True aborted=False
Set filtering
setting fod for Ar40= {'filter_outliers': True, 'std_devs': 2, 'iterations': 1}
setting fod for H1= {'filter_outliers': True, 'std_devs': 2, 'iterations': 1}
setting fod for PM41= {'filter_outliers': False, 'std_devs': 2, 'iterations': 1}
setting fod for H2= {'filter_outliers': True, 'std_devs': 2, 'iterations': 1}
setting fod for Ar36= {'filter_outliers': True, 'std_devs': 2, 'iterations': 1}
setting fod for CDD= {'filter_outliers': True, 'std_devs': 10, 'iterations': 1}
setting fod for Ar37= {'filter_outliers': True, 'std_devs': 2, 'iterations': 1}
setting fod for L2= {'filter_outliers': True, 'std_devs': 2, 'iterations': 1}
setting fod for Ar38= {'filter_outliers': True, 'std_devs': 2, 'iterations': 1}
setting fod for L1= {'filter_outliers': True, 'std_devs': 2, 'iterations': 1}
setting fod for Ar39= {'filter_outliers': True, 'std_devs': 2, 'iterations': 1}
setting fod for AX= {'filter_outliers': True, 'std_devs': 2, 'iterations': 1}
persistence save...
persistence save - db
post measurement save
6248616016 connecting to database sqlite:////Users/jan/PychronDev/.appdata/local_lab.db
connected to db sqlite:////Users/jan/PychronDev/.appdata/local_lab.db
create new session 6248616016
close session 6248616016
No database instance. Not saving post measurement to isotopedb database
$$$$$$$$$$$$$$$ auto_save_detector_ic=False
massspec enabled True
create new session 5019860144
MassSpec Database Version: 16.0
close session 5019860144
saving post measurement to secondary database
saving to massspec database 129.138.12.160/massspecdata
setting labnumber to 65575
setting aliquot to 25
setting step to 
setting uuid to cd3da18b-df40-415d-8597-f2f2b4594488
setting irradpos to 65575
setting extract_device to Fusions CO2
setting tray to 
setting position to 108
setting power_requested to 5.0
setting extract_value to 5.0
setting duration to 30.0
setting duration_at_request to 30.0
setting first_stage_delay to 30.0
setting cleanup to 30.0
setting comment to M:20 w/ inclusions
setting irradiation to NM-289
setting level to M
setting irradiation_level to M
setting sample to NM-2607 W
setting material to Sanidine
setting project to JoyitaHills
setting mass_spectrometer to Jan
no attribute chron_dosages
no attribute production_ratios
no attribute interference_corrections
no attribute production_name
no attribute j
Reference Isotope=Ar40
Reference Detector=H1
%%%%%%%%%%%%%%%%%%%% Comment: M:20 w/ inclusions %%%%%%%%%%%%%%%%%%%
adding isotope PM41 H2
add baseline dbdet= PM41. original det= H2
get baseline data PM41 H2
Get data baseline <pychron.processing.isotope.Baseline object at 0x17014e250> len t=60
baseline PM41. v=-0.208642997278, e=0.00759338283276
get signal data PM41 H2
Get data signal PM41 0.10+/-0.07 len t=120
adding isotope Ar40 H1
add baseline dbdet= Ar40. original det= H1
get baseline data Ar40 H1
Get data baseline <pychron.processing.isotope.Baseline object at 0x17014ea90> len t=60
baseline Ar40. v=-0.00383264429563, e=0.00542715187763
get signal data Ar40 H1
Get data signal Ar40 879.42+/-0.06 len t=120
adding isotope Ar39 AX
add baseline dbdet= Ar39. original det= AX
get baseline data Ar39 AX
Get data baseline <pychron.processing.isotope.Baseline object at 0x1745ed410> len t=60
baseline Ar39. v=-0.0744398723458, e=0.00743826092064
get signal data Ar39 AX
Get data signal Ar39 213.341+/-0.025 len t=120
adding isotope Ar38 L1
add baseline dbdet= Ar38. original det= L1
get baseline data Ar38 L1
Get data baseline <pychron.processing.isotope.Baseline object at 0x1745ed490> len t=60
baseline Ar38. v=-0.0175439729737, e=0.00364347074608
get signal data Ar38 L1
Get data signal Ar38 2.749+/-0.005 len t=120
adding isotope Ar37 L2
Get Checksum: 192129876
add baseline dbdet= Ar37. original det= L2
get baseline data Ar37 L2
Get data baseline <pychron.processing.isotope.Baseline object at 0x1745ede50> len t=60
baseline Ar37. v=-0.0265269725044, e=0.00594391376908
get signal data Ar37 L2
Get data signal Ar37 1.452+/-0.011 len t=120
adding isotope Ar36 CDD
add baseline dbdet= Ar36. original det= CDD
get baseline data Ar36 CDD
Get data baseline <pychron.processing.isotope.Baseline object at 0x1745ed810> len t=60
baseline Ar36. v=0.00019352503707, e=2.27395677459e-05
get signal data Ar36 CDD
Get data signal Ar36 0.0624+/-0.0007 len t=120
65575-25 added analysis time 0.448570966721s
analysis added to mass spec database
mass spec save time= 0.457
persistence save - dvc
================= post measurement started
create new session 4983587952
close session 4983587952
---------------- Experiment Queue saving disabled
DVC saving peakcenter
Failed to find a valid peak. No peak greater than 1.0. max = 0.0657594089475
Smart pull ahead: 0 behind: 0
Up-to-date with origin
add to repo msg=modified - ad8224ebc6dbfeb9f5997218dfa5fe690569839d.json
add to repo msg=modified - 75-25.json
add to repo msg=modified - 75-25.dat.json
add to repo msg=modified - 75-25.blan.json
add to repo msg=modified - 75-25.inte.json
add to repo msg=modified - 75-25.icfa.json
add to repo msg=modified - 75-25.base.json
not at valid file /Users/jan/PychronDev/data/.dvc/repositories/Load1785/655/tags/75-25.tags.json
add to repo msg=modified - 75-25.peak.json
add to repo msg=modified - 75-25.extr.json
Get Checksum: 192129876
not at valid file /Users/jan/PychronDev/data/.dvc/repositories/Load1785/655/monitor/75-25.moni.json
commit message=<COLLECTION>
add to repo msg=modified - 75-25.inte.json
add to repo msg=modified - 75-25.base.json
commit message=<ISOEVO> default collection fits
add to repo msg=modified - 75-25.blan.json
commit message=<BLANKS> preceding bc-02-J-270
add to repo msg=modified - 75-25.icfa.json
Get Checksum: 192129876
commit message=<ICFactor> default
push repository <pychron.git_archive.repo_manager.GitRepoManager object at 0x17dbabe90>
pushing to remote=origin, url=https://github.com
Get Checksum: 192129876
no changes to meta repo
create new session 4983587952
add association Load1785
get identifier "65575"
setting analysis irradiation position=<pychron.dvc.dvc_orm.IrradiationPositionTbl object at 0x17a91e6d0>
close session 4983587952
================= post measurement finished
04:13:31 -- ******* Post Run Check *******
loading queue conditionals post_run_actions
loading system conditionals post_run_actions
loading conditionals from /Users/jan/PychronDev/setupfiles/spectrometer/default_conditionals.yaml
loading queue conditionals post_run_terminations
loading system conditionals post_run_terminations
loading conditionals from /Users/jan/PychronDev/setupfiles/spectrometer/default_conditionals.yaml
Checking default post run terminations n=1
GetDeflection CDD ===>> 50
testing CDD==2000
evaluate ot="CDD.deflection==2000" t="CDD==2000", ctx="{'CDD': 50.0}"
04:13:31 -- ******* Post Run Check Passed *******
04:13:31 -- Automated run 65575-25 success duration: 362.099 s
----------------- finish -----------------
----------------- stop -----------------
retroactive repository identifiers disabled
finish run. runs completed=98
update duration runid=65575-25, duration=362.099428892, md5=301e91d8
loading script "jan_unknown120_60.py"
loading script "jan_pump_ms.py"
loading script "jan_co2.py"
loading script "jan_pump_extraction_line.py"
testing...
no interpolation path defined
executed 213.652928
script duration name:unknown120_60 seconds:214.0
loading script "jan_unknown120_60.py"
loading script "jan_pump_ms.py"
loading script "jan_co2.py"
loading script "jan_pump_extraction_line.py"
testing...
no interpolation path defined
executed 0
loading script "jan_unknown120_60.py"
loading script "jan_pump_ms.py"
loading script "jan_co2.py"
loading script "jan_pump_extraction_line.py"
testing...
no interpolation path defined
calculate duration
testing...
no interpolation path defined
executed 0
calculate duration
testing...
no interpolation path defined
executed 0
executed 0.0
script duration name:co2 seconds:0.0
loading script "jan_unknown120_60.py"
loading script "jan_pump_ms.py"
loading script "jan_co2.py"
loading script "jan_pump_extraction_line.py"
testing...
no interpolation path defined
calculate duration
testing...
no interpolation path defined
executed 4.0
executed 4.0
Script duration 214.0
Run total estimated duration= 215.000
unknown120_60 in script context. using previous estimated duration
script duration name:unknown120_60 seconds:214.0
pump_ms in script context. using previous estimated duration
co2 in script context. using previous estimated duration
script duration name:co2 seconds:0.0
pump_extraction_line in script context. using previous estimated duration
Script duration 214.0
Run total estimated duration= 215.000
script duration name:unknown120_60 seconds:214.0
script duration name:co2 seconds:0.0
Script duration 214.0
Run total estimated duration= 215.000
script duration name:unknown120_60 seconds:214.0
script duration name:co2 seconds:0.0
Script duration 214.0
Run total estimated duration= 215.000
nruns=4 before=5.0, run_dur=860.0, btw=90.0
write rem/ex queues
/Users/jan/PychronDev/experiments/rem/CurrentExperimentPartial.rem.txt
/Users/jan/PychronDev/experiments/rem/CurrentExperimentPartial.ex.txt
doing event level: 3
