do run
loading script "jan_unknown120_60.py"
loading script "jan_pump_ms.py"
loading script "jan_co2.py"
loading script "jan_pump_extraction_line.py"
testing...
no interpolation path defined
executed 213.652928
script duration name:unknown120_60 seconds:214.0
loading script "jan_unknown120_60.py"
loading script "jan_pump_ms.py"
loading script "jan_co2.py"
loading script "jan_pump_extraction_line.py"
testing...
no interpolation path defined
executed 0
loading script "jan_unknown120_60.py"
loading script "jan_pump_ms.py"
loading script "jan_co2.py"
loading script "jan_pump_extraction_line.py"
testing...
no interpolation path defined
calculate duration
testing...
no interpolation path defined
executed 0
calculate duration
testing...
no interpolation path defined
executed 0
executed 0.0
script duration name:co2 seconds:0.0
loading script "jan_unknown120_60.py"
loading script "jan_pump_ms.py"
loading script "jan_co2.py"
loading script "jan_pump_extraction_line.py"
testing...
no interpolation path defined
calculate duration
testing...
no interpolation path defined
executed 4.0
executed 4.0
Script duration 214.0
Run total estimated duration= 215.000
run duration: 0:03:35
doing event level: 2
07:22:43 -- Setting default integration. t=1.048576
setting integration time = 1.048576
SetIntegrationTime 1.048576 ===>> OK
----------------- start -----------------
**************** Experiment Type: Ar/Ar, Ar/Ar
close session 4993924272
$$$$$ Clearing conditionals
adding conditionals 
Add queue conditionals
add default conditionals
adding default conditionals from /Users/jan/PychronDev/setupfiles/spectrometer/default_conditionals.yaml
Start automated run 65576-01A
loading script "jan_unknown120_60.py"
loading script "jan_pump_ms.py"
loading script "jan_co2.py"
loading script "jan_pump_extraction_line.py"
%%%%%%%%%%%%%%%%%% setting automated run 65576-01A
No value "sensitivity_multiplier" in metadata
$$$$$$$$$$$$$$$ auto_save_detector_ic=False
============================= Pre Extraction Check =============================
loading queue conditionals pre_run_terminations
loading system conditionals pre_run_terminations
loading conditionals from /Users/jan/PychronDev/setupfiles/spectrometer/default_conditionals.yaml
07:22:43 -- ******* Pre Extraction Check *******
Get a measurement from the spectrometer
GetData ===>> H2,-0.0607229037111745,H1,-0.0219606986165964,AX,-0.164969792891006,L1,-0.0042332715872976,L2,-0....
Pre Extraction Termination data. keys=H2,H1,AX,L1,L2,CDD, signals=-0.06072,-0.02196,-0.16497,-0.00423,-0.02272,0.00179
07:22:43 -- testing system defined conditionals
Checking default pre extraction terminations n=2
testing CDD
evaluate ot="CDD.inactive" t="CDD", ctx="{'CDD': False}"
GetDeflection CDD ===>> 50
testing CDD==2000
evaluate ot="CDD.deflection==2000" t="CDD==2000", ctx="{'CDD': 50.0}"
07:22:43 -- ******* Pre Extraction Check Passed *******
=================================================================================
07:22:43 -- stopping status monitor
stop 5064012720
Alive clients [4977824688, 4983939824]
07:22:43 -- starting status monitor
start 5064012720
Monitor already running
start extraction
do extraction
Analysis started at 07:22:43.103205
Extraction Started jan_co2.py
07:22:43 -- ******* Extraction Started jan_co2.py *******
state changed from not run to extraction
DO EXTRACTION <pychron.extraction_line.pyscript_runner.RemotePyScriptRunner object at 0x12c3c43b0>
testing...
no interpolation path defined
calculate duration
testing...
no interpolation path defined
executed 0
calculate duration
testing...
no interpolation path defined
executed 0
executed 100.0
Jan CO2 laser analysis
doing GOSUB
testing...
no interpolation path defined
executed 0
Waiting for CO2 access
wait ('FelixCO2Flag', 0) {}
waiting for FelixCO2Flag = 0
Read FelixCO2Flag ===>> 0
finished waiting
CO2 free
wait ('CO2PumpTimeFlag', 0) {}
waiting for CO2PumpTimeFlag = 0
Read CO2PumpTimeFlag ===>> 0
finished waiting
acquire ('JanCO2Flag',) {'clear': True}
acquire JanCO2Flag
Set JanCO2Flag 1 ===>> OK
JanCO2Flag acquired
set extraction state False (0.75, 'red', 1.5)
CO2 acquired
executed 0
WaitForCO2Access.py completed successfully
gosub finished
doing GOSUB
testing...
no interpolation path defined
executed 0
Prepare for CO2 analysis
close () {'description': 'Jan Inlet'}
closing name=--- desc=Jan Inlet
checking ownership. requestor=129.138.12.150
check software interlocks R
interlocks []
actuate state mode=None-script, software_lock=False
doing actuation None-script close_channel False
Close R ===>> OK
GetIndicatorState R ===>> False
change switch state (True, True)
update switch state R False args=() kw={} ncanvase=3
07:22:43 -- CLOSE  VALVE-R (Jan Inlet)
---------------------------------------- close None (Jan Inlet) result=[(True, True)]
action=close, ok=True, locked=[False]
open () {'description': 'Jan Ion Pump'}
opening name=--- desc=Jan Ion Pump
checking ownership. requestor=129.138.12.150
check software interlocks O
interlocks []
actuate state mode=None-script, software_lock=False
doing actuation None-script open_channel False
Open O ===>> OK
GetIndicatorState O ===>> OK
change switch state (True, True)
update switch state O True args=() kw={} ncanvase=3
07:22:43 -- OPEN   VALVE-O (Jan Ion Pump)
---------------------------------------- open None (Jan Ion Pump) result=[(True, True)], time=0.10 sec
Get Checksum: 2035211824
action=open, ok=True, locked=[False]
close () {'description': 'Microbone to Minibone'}
closing name=--- desc=Microbone to Minibone
checking ownership. requestor=129.138.12.150
check software interlocks L
interlocks []
actuate state mode=None-script, software_lock=False
doing actuation None-script close_channel False
Close L ===>> OK
GetIndicatorState L ===>> False
change switch state (True, True)
update switch state L False args=() kw={} ncanvase=3
07:22:44 -- CLOSE  VALVE-L (Microbone to Minibone)
---------------------------------------- close None (Microbone to Minibone) result=[(True, True)]
action=close, ok=True, locked=[False]
open () {'description': 'Microbone to Turbo'}
opening name=--- desc=Microbone to Turbo
checking ownership. requestor=129.138.12.150
check software interlocks U
interlocks []
actuate state mode=None-script, software_lock=False
doing actuation None-script open_channel False
Open U ===>> OK
GetIndicatorState U ===>> OK
change switch state (True, True)
update switch state U True args=() kw={} ncanvase=3
07:22:44 -- OPEN   VALVE-U (Microbone to Turbo)
---------------------------------------- open None (Microbone to Turbo) result=[(True, True)], time=0.12 sec
action=open, ok=True, locked=[False]
open () {'description': 'Microbone to Inlet Pipette'}
opening name=--- desc=Microbone to Inlet Pipette
checking ownership. requestor=129.138.12.150
check software interlocks S
interlocks []
actuate state mode=None-script, software_lock=False
doing actuation None-script open_channel False
Open S ===>> OK
GetIndicatorState S ===>> OK
change switch state (True, True)
update switch state S True args=() kw={} ncanvase=3
07:22:45 -- OPEN   VALVE-S (Microbone to Inlet Pipette)
---------------------------------------- open None (Microbone to Inlet Pipette) result=[(True, True)], time=0.41 sec
action=open, ok=True, locked=[False]
open () {'description': 'Microbone to Getter D-50'}
opening name=--- desc=Microbone to Getter D-50
checking ownership. requestor=129.138.12.150
check software interlocks K
interlocks []
actuate state mode=None-script, software_lock=False
doing actuation None-script open_channel False
Open K ===>> OK
GetIndicatorState K ===>> OK
change switch state (True, True)
update switch state K True args=() kw={} ncanvase=3
07:22:46 -- OPEN   VALVE-K (Microbone to Getter D-50)
---------------------------------------- open None (Microbone to Getter D-50) result=[(True, True)], time=0.40 sec
action=open, ok=True, locked=[False]
open () {'description': 'Microbone to Getter NP-10'}
opening name=--- desc=Microbone to Getter NP-10
checking ownership. requestor=129.138.12.150
check software interlocks M
interlocks []
actuate state mode=None-script, software_lock=False
doing actuation None-script open_channel False
Open M ===>> OK
GetIndicatorState M ===>> OK
change switch state (True, True)
update switch state M True args=() kw={} ncanvase=3
07:22:46 -- OPEN   VALVE-M (Microbone to Getter NP-10)
---------------------------------------- open None (Microbone to Getter NP-10) result=[(True, True)], time=0.14 sec
action=open, ok=True, locked=[False]
close () {'description': 'CO2 Laser to Felix'}
closing name=--- desc=CO2 Laser to Felix
checking ownership. requestor=129.138.12.150
check software interlocks F
interlocks []
actuate state mode=None-script, software_lock=True
VALVE-F(CO2 Laser to Felix) software locked
change switch state (True, False)
---------------------------------------- close None (CO2 Laser to Felix) result=[(True, False)]
action=close, ok=True, locked=[True]
open () {'description': 'CO2 Laser to Jan'}
opening name=--- desc=CO2 Laser to Jan
checking ownership. requestor=129.138.12.150
check software interlocks A
interlocks []
actuate state mode=None-script, software_lock=False
doing actuation None-script open_channel False
Open A ===>> OK
GetIndicatorState A ===>> OK
change switch state (True, True)
update switch state A True args=() kw={} ncanvase=3
07:22:47 -- OPEN   VALVE-A (CO2 Laser to Jan)
---------------------------------------- open None (CO2 Laser to Jan) result=[(True, True)], time=0.12 sec
Get Checksum: 2035211824
action=open, ok=True, locked=[False]
open () {'description': 'Microbone to CO2 Laser'}
opening name=--- desc=Microbone to CO2 Laser
checking ownership. requestor=129.138.12.150
check software interlocks T
interlocks []
actuate state mode=None-script, software_lock=False
doing actuation None-script open_channel False
Open T ===>> OK
GetIndicatorState T ===>> OK
change switch state (True, True)
update switch state T True args=() kw={} ncanvase=3
07:22:47 -- OPEN   VALVE-T (Microbone to CO2 Laser)
---------------------------------------- open None (Microbone to CO2 Laser) result=[(True, True)], time=0.42 sec
action=open, ok=True, locked=[False]
executed 0
PrepareForCO2Analysis.py completed successfully
gosub finished
set_motor ('beam', '1.25') {}
setting motor "beam" to 1.25
set motor beam to 1.25
SetMotor beam,1.25 ===>> OK
GetMotorMoving beam ===>> False
GetMotorMoving beam ===>> False
Block completed
move_to_position ('113',) {'autocenter': True}
FusionsCO2 move to position 113
sending GoToHole 113,True
GoToHole 113,True ===>> OK
GetDriveMoving ===>> OK
GetDriveMoving ===>> OK
Get Checksum: 2035211824
GetDriveMoving ===>> OK
GetDriveMoving ===>> OK
GetDriveMoving ===>> OK
GetDriveMoving ===>> OK
GetDriveMoving ===>> False
GetDriveMoving ===>> OK
GetDriveMoving ===>> OK
GetDriveMoving ===>> OK
GetDriveMoving ===>> OK
GetDriveMoving ===>> OK
GetDriveMoving ===>> OK
Get Checksum: 2035211824
GetDriveMoving ===>> False
Block completed
GetAutoCorrecting ===>> False
GetAutoCorrecting ===>> False
Block completed
update position
GetPosition ===>> 3.98780,0.00000,1.00000
got position (3.9878, 0.0, 1.0)
move to position succeeded
sleep (5,) {}
SLEEP 5.0
block started
WaitControl setup for 5.0  
Get Checksum: 2035211824
Get Checksum: 2035211824
Join finished
block finished. duration 5.00697517395
close () {'description': 'Microbone to Turbo'}
closing name=--- desc=Microbone to Turbo
checking ownership. requestor=129.138.12.150
check software interlocks U
interlocks []
actuate state mode=None-script, software_lock=False
doing actuation None-script close_channel True
Close U ===>> OK
GetIndicatorState U ===>> False
change switch state (True, True)
update switch state U False args=() kw={} ncanvase=3
07:22:59 -- CLOSE  VALVE-U (Microbone to Turbo)
---------------------------------------- close None (Microbone to Turbo) result=[(True, True)]
action=close, ok=True, locked=[False]
enable laser
enable () {}
set extraction state FusionsCO2 Enabled (False, 'red', 1.5)
enabling laser
Enable ===>> OK
begin interval
BEGIN INTERVAL Interval 1 waiting for 30.0
set extract to 0.3
block started
WaitControl setup for 30.0  
extract (0.3,) {}
GetPosition ===>> 3.98780,0.00000,1.00000
set extraction state FusionsCO2 ON! 0.3(watts) (0.75, 'red', 1.5)
extract sample to 0.3 (watts)
set laser output
SetLaserOutput 0.3,watts ===>> OK
executing pattern triangle.lp
execute_pattern ('triangle.lp',) {}
executing pattern triangle.lp
IsPatterning ===>> OK
Get Checksum: 1223320555
IsPatterning ===>> OK
IsPatterning ===>> OK
IsPatterning ===>> OK
Get Checksum: 1223320555
IsPatterning ===>> OK
IsPatterning ===>> OK
IsPatterning ===>> OK
Get Checksum: 1223320555
IsPatterning ===>> OK
IsPatterning ===>> OK
IsPatterning ===>> OK
Get Checksum: 1223320555
IsPatterning ===>> OK
IsPatterning ===>> OK
IsPatterning ===>> OK
Get Checksum: 1223320555
IsPatterning ===>> OK
IsPatterning ===>> OK
IsPatterning ===>> OK
Get Checksum: 1223320555
IsPatterning ===>> OK
IsPatterning ===>> OK
IsPatterning ===>> OK
Get Checksum: 1223320555
IsPatterning ===>> OK
IsPatterning ===>> OK
IsPatterning ===>> OK
Get Checksum: 1223320555
IsPatterning ===>> OK
IsPatterning ===>> OK
IsPatterning ===>> OK
Get Checksum: 1223320555
IsPatterning ===>> OK
IsPatterning ===>> False
IsPatterning ===>> False
Block completed
COMPLETE INTERVAL waiting for Interval 1 to complete
Get Checksum: 1223320555
Join finished
block finished. duration 30.0272340775
Interval 1 finished
end_extract () {}
ending extraction. set laser power to 0
set laser power 0
SetLaserPower 0 ===>> OK
disable () {}
%%%%%%%%%%%%%%%%%%%%%%%%%%%%%%%%%%% disable
set extraction state False (0.75, 'red', 1.5)
disabling laser
Disable ===>> OK
sleep (30.0,) {}
SLEEP 30.0
block started
WaitControl setup for 30.0  
Get Checksum: 1223320555
set states for children of V. state=True
handle state [('V', True)]
update switch state V True args=() kw={'refresh': False} ncanvase=3
refresh_canvas_needed fired
Get Checksum: 1550443794
Get Checksum: 1550443794
Get Checksum: 1550443794
Get Checksum: 1550443794
Get Checksum: 1550443794
Get Checksum: 1550443794
Get Checksum: 1550443794
Get Checksum: 1550443794
Join finished
block finished. duration 30.0406811237
executed 166.5
jan_co2.py completed successfully
GetAchievedOutput ===>> No Response
Requested Output= 0.000
Achieved Output=  0.000
GetResponseBlob ===>> No Response
GetOutputBlob ===>> No Response
persistence save...
persistence save - db
AutomatedRunPersister post_extraction_save deprecated
persistence save - dvc
no extraction position for 113
create new session 4983587952
close session 4983587952
Extraction Finished
07:24:00 -- ******* Extraction Finished *******
no overlap. not waiting for min ms pumptime
07:24:00 -- Sending spectrometer configuration
======== Sending configuration ========
SetDeflection CDD,50.0 ===>> OK
SetDeflection H2,0.0 ===>> OK
SetDeflection H1,0.0 ===>> OK
SetDeflection L2,825.0 ===>> OK
SetDeflection L1,400.0 ===>> OK
SetDeflection AX,190.0 ===>> OK
SetZFocus 74.64 ===>> OK
SetZSymmetry -50.72 ===>> OK
SetExtractionLens 26.13 ===>> OK
SetIonRepeller -3.81 ===>> OK
SetElectronEnergy 75.08 ===>> OK
SetYSymmetry -2.81 ===>> OK
SetIonCounterVoltage 1590.0 ===>> OK
send trap current 200.0
GetParameter Trap Current Readback ===>> 198.258926936459
SetParameter Trap Current Set,200.0 ===>> OK
updating mftable name mftable
Using mftable located at /Users/jan/PychronDev/setupfiles/spectrometer/mftables/mftable.csv
============ MFtable ===========
Isotope  H2     H1     AX     L1     L2     CDD    
Ar40     5.7841 5.8791 5.9925 6.1240 6.2309 6.3522
Ar39     5.6833 5.7714 5.8849 6.0101 6.1160 6.2387
Ar36     5.3609 5.4404 5.5483 5.6689 5.7710 5.8899
================================
get initial guess parabolic
get initial guess parabolic
get initial guess parabolic
get initial guess parabolic
get initial guess parabolic
get initial guess parabolic
======== Configuration Finished ========
GetYSymmetry ===>> -2.81
GetZSymmetry ===>> -50.72
GetParameter Trap Current Readback ===>> 198.035158395898
GetHighVoltage ===>> 4500
start measurement
do measurement
L#=65576 analysis type=unknown
Measurement Started jan_unknown120_60.py
07:24:00 -- ******* Measurement Started jan_unknown120_60.py *******
state changed from extraction to measurement
setting spec, defl, and gains
GetExtractionLens ===>> 26.13
GetYSymmetry ===>> -2.81
GetZSymmetry ===>> -50.72
GetZFocus ===>> 74.64
GetDeflection H2 ===>> 0
GetDeflection H1 ===>> 0
GetDeflection AX ===>> 190
GetDeflection L1 ===>> 400
GetDeflection L2 ===>> 825
GetDeflection CDD ===>> 50
GetGain H2 ===>> 0.0113
GetGain H1 ===>> 0.1
GetGain AX ===>> 0.097049
GetGain L1 ===>> 0.010355
GetGain L2 ===>> 0.095649
GetGain CDD ===>> 0
pre measurement save
New frame /Users/jan/PychronDev/data/isotopes/2d/091342-5188-41bd-be49-a8abc124126b.h5
flush and close file /Users/jan/PychronDev/data/isotopes/2d/091342-5188-41bd-be49-a8abc124126b.h5
testing...
no interpolation path defined
executed 226.132928
unknown measurement script
activate_detectors ('H2', 'H1', 'AX', 'L1', 'L2', 'CDD') {}
activate detectors
*************** Set Analysis View Ar/Ar
create graphs
clearing graphs
clear isotope group
setting isotope det=H2, iso=PM41
setting isotope det=H1, iso=Ar40
setting isotope det=AX, iso=Ar39
setting isotope det=L1, iso=Ar38
setting isotope det=L2, iso=Ar37
setting isotope det=CDD, iso=Ar36
setting previous blanks
 - setting Ar40 blank 0.836+/-0.008
 - setting Ar36 blank 0.00673+/-0.00020
 - setting Ar37 blank 0.043+/-0.005
 - setting Ar38 blank 0.0168+/-0.0021
 - setting PM41 blank 0.04+/-0.06
 - setting Ar39 blank 0.035+/-0.009
load analysis view
position_magnet ('Ar40',) {'detector': 'H1'}
detector Detector(H1)
POSITION Ar40 H1
setting detector H2 to PM41 (40.9624)
setting detector H1 to Ar40 (39.9624)
setting detector AX to Ar39 (38.9624)
setting detector L1 to Ar38 (37.9624)
setting detector L2 to Ar37 (36.9624)
setting detector CDD to Ar36 (35.9624)
Mapping mass to dac mass func: "parabolic"
H1 map mass coeffs = [-0.00063987  0.15840543  0.57071999]
H1 map mass to dac 39.9624 >> 5.87911
GetDeflection H1 ===>> 0
GetHighVoltage ===>> 4500
positioning Ar40 (5.87911) on H1
setting magnet DAC
current  : 5.879110
requested: 5.879110
Delta Dac: 0.000000
Checking detector protection. dv=0.00000
Checking detector "CDD". Protection Threshold: 0.1 (V)
SetMagnetDAC 5.87911 ===>> OK
Magnet settling time: 0.500
Get Checksum: 1550443794
equilibrate () {'delay': 3, 'inlet': 'R', 'outlet': 'O', 'eqtime': 12.0}
Equilibration Started
07:24:01 -- ******* Equilibration Started *******
checking ownership. requestor=129.138.12.150
check software interlocks O
interlocks []
actuate state mode=None-script, software_lock=False
doing actuation None-script close_channel True
Close O ===>> OK
GetIndicatorState O ===>> False
change switch state (True, True)
update switch state O False args=() kw={} ncanvase=3
07:24:01 -- CLOSE  VALVE-O (Jan Ion Pump)
waiting 3s before opening inlet value ('R',)
Get Checksum: 176217748
checking ownership. requestor=129.138.12.150
check software interlocks R
interlocks []
actuate state mode=None-script, software_lock=False
doing actuation None-script open_channel True
Open R ===>> OK
GetIndicatorState R ===>> OK
change switch state (True, True)
update switch state R True args=() kw={} ncanvase=3
07:24:05 -- OPEN   VALVE-R (Jan Inlet)
equilibrating for 12.0sec
set_time_zero () {}
sniff (12.0,) {}
py_sniff
build tables- sniff [Detector(H2), Detector(H1), Detector(AX), Detector(L1), Detector(L2), Detector(CDD)]
add group /sniff/PM41 (Group) '' table H2
add group /sniff/Ar40 (Group) '' table H1
add group /sniff/Ar39 (Group) '' table AX
add group /sniff/Ar38 (Group) '' table L1
add group /sniff/Ar37 (Group) '' table L2
add group /sniff/Ar36 (Group) '' table CDD
flush and close file /Users/jan/PychronDev/data/isotopes/2d/091342-5188-41bd-be49-a8abc124126b.h5
measuring sniff. ncounts=12.0
starting measurement
GetData ===>> H2,-0.328625415981381,H1,0.0490955713839949,AX,-0.13159104592491,L1,0.0217111452318913,L2,-0.0180...
GetData ===>> H2,0.552174034803292,H1,0.33645168786538,AX,0.977547922057624,L1,0.10693652326778,L2,0.1901545763...
Get Checksum: -1447199934
GetData ===>> H2,0.804553028232925,H1,0.787345567850051,AX,0.74520215558532,L1,0.275375830073762,L2,0.126123429...
GetData ===>> H2,0.347469333665439,H1,0.805516268854167,AX,0.272624952519949,L1,0.342672415708793,L2,0.03366315...
GetData ===>> H2,0.114502212475578,H1,0.840096661221845,AX,0.171321918594982,L1,0.360892996306116,L2,0.03932994...
Get Checksum: -1447199934
GetData ===>> H2,0.0294326165017207,H1,0.974199456591341,AX,0.138842075630405,L1,0.28568524808882,L2,0.04300156...
GetData ===>> H2,-0.0520510372955651,H1,0.915080658406464,AX,0.126899924463265,L1,0.244935926422096,L2,0.102980...
GetData ===>> H2,-0.0792378800317144,H1,0.98591229021261,AX,0.140710707939485,L1,0.279475062563345,L2,0.0407324...
Get Checksum: -1447199934
GetData ===>> H2,-0.115320451293287,H1,0.952311982469234,AX,0.0810830407681555,L1,0.290150994328999,L2,-0.02368...
GetData ===>> H2,-0.180173714160273,H1,0.925025237437471,AX,0.0873353286361279,L1,0.28410992618637,L2,-0.046616...
GetData ===>> H2,-0.0974029985056454,H1,0.928536028519278,AX,0.0783920126047258,L1,0.314716203496314,L2,0.07080...
Get Checksum: -1447199934
GetData ===>> H2,-0.127562486506799,H1,1.01989561717917,AX,0.113717675501782,L1,0.232015557802891,L2,0.15232836...
Equilibration Finished
07:24:18 -- ******* Equilibration Finished *******
checking ownership. requestor=129.138.12.150
check software interlocks R
interlocks []
actuate state mode=None-script, software_lock=False
doing actuation None-script close_channel True
Close R ===>> OK
GetIndicatorState R ===>> False
change switch state (True, True)
update switch state R False args=() kw={} ncanvase=3
07:24:19 -- CLOSE  VALVE-R (Jan Inlet)
Post Equilibration Started jan_pump_extraction_line.py
07:24:19 -- ******* Post Equilibration Started jan_pump_extraction_line.py *******
testing...
no interpolation path defined
calculate duration
testing...
no interpolation path defined
executed 4.0
executed 4.0
Pump after analysis
doing GOSUB
testing...
no interpolation path defined
executed 4.0
Pump Microbone
close () {'description': 'Jan Inlet'}
closing name=--- desc=Jan Inlet
checking ownership. requestor=129.138.12.150
check software interlocks R
interlocks []
actuate state mode=None-script, software_lock=False
doing actuation None-script close_channel False
measurement finished
estimated time: 12.583 actual time: :13.927
flush and close file /Users/jan/PychronDev/data/isotopes/2d/091342-5188-41bd-be49-a8abc124126b.h5
set_fits () {}
using default fits file=/Users/jan/PychronDev/scripts/measurement/fits/nominal_linear.yaml
set "Ar40" to "('Linear', 'SEM')"
No fit for "PM41". defaulting to linear. check the measurement script "jan_unknown120_60.py"
set "PM41" to "linear"
set "Ar36" to "('Linear', 'SEM')"
set "Ar37" to "('linear', 'SEM')"
set "Ar38" to "('linear', 'SEM')"
set "Ar39" to "('Linear', 'SEM')"
set_baseline_fits () {}
using default fits file=/Users/jan/PychronDev/scripts/measurement/fits/nominal_linear.yaml
set "H1" to "('average', 'SEM')"
set "H2" to "('average', 'SEM')"
set "CDD" to "('average', 'SEM')"
set "L2" to "('average', 'SEM')"
set "L1" to "('average', 'SEM')"
set "AX" to "('average', 'SEM')"
multicollect () {'integration_time': 1, 'ncounts': 120}
build tables- signal [Detector(H2), Detector(H1), Detector(AX), Detector(L1), Detector(L2), Detector(CDD)]
add group /signal/PM41 (Group) '' table H2
add group /signal/Ar40 (Group) '' table H1
add group /signal/Ar39 (Group) '' table AX
add group /signal/Ar38 (Group) '' table L1
add group /signal/Ar37 (Group) '' table L2
add group /signal/Ar36 (Group) '' table CDD
flush and close file /Users/jan/PychronDev/data/isotopes/2d/091342-5188-41bd-be49-a8abc124126b.h5
measuring signal. ncounts=120
Close R ===>> OK
GetIndicatorState R ===>> False
change switch state (True, True)
update switch state R False args=() kw={} ncanvase=3
07:24:20 -- CLOSE  VALVE-R (Jan Inlet)
---------------------------------------- close None (Jan Inlet) result=[(True, True)]
action=close, ok=True, locked=[False]
is_closed ('F',) {}
is F () closed?
is closed True
open () {'description': 'CO2 Laser to Jan'}
opening name=--- desc=CO2 Laser to Jan
checking ownership. requestor=129.138.12.150
check software interlocks A
interlocks []
actuate state mode=None-script, software_lock=False
doing actuation None-script open_channel False
starting measurement
GetData ===>> H2,-0.0872188773586699,H1,1.0004443335405,AX,-0.0133627768738354,L1,0.284572157616467,L2,-0.05495...
Open A ===>> OK
GetIndicatorState A ===>> OK
change switch state (True, True)
update switch state A True args=() kw={} ncanvase=3
07:24:20 -- OPEN   VALVE-A (CO2 Laser to Jan)
---------------------------------------- open None (CO2 Laser to Jan) result=[(True, True)], time=0.12 sec
action=open, ok=True, locked=[False]
sleep (1,) {}
SLEEP 1.0
Get Checksum: 176217748
GetData ===>> H2,0.117612918400823,H1,1.11692438354736,AX,0.175640997872192,L1,0.332425808703254,L2,0.046673325...
close () {'description': 'CO2 Laser to Roughing'}
closing name=--- desc=CO2 Laser to Roughing
checking ownership. requestor=129.138.12.150
check software interlocks G
interlocks []
actuate state mode=None-script, software_lock=True
VALVE-G(CO2 Laser to Roughing) software locked
change switch state (True, False)
---------------------------------------- close None (CO2 Laser to Roughing) result=[(True, False)]
action=close, ok=True, locked=[True]
open () {'description': 'Microbone to Turbo'}
opening name=--- desc=Microbone to Turbo
checking ownership. requestor=129.138.12.150
check software interlocks U
interlocks []
actuate state mode=None-script, software_lock=False
doing actuation None-script open_channel True
Open U ===>> OK
GetIndicatorState U ===>> OK
change switch state (True, True)
update switch state U True args=() kw={} ncanvase=3
07:24:21 -- OPEN   VALVE-U (Microbone to Turbo)
---------------------------------------- open None (Microbone to Turbo) result=[(True, True)], time=0.17 sec
action=open, ok=True, locked=[False]
open () {'description': 'Microbone to Getter NP-10'}
opening name=--- desc=Microbone to Getter NP-10
checking ownership. requestor=129.138.12.150
check software interlocks M
interlocks []
actuate state mode=None-script, software_lock=False
doing actuation None-script open_channel False
Open M ===>> OK
GetIndicatorState M ===>> OK
change switch state (True, True)
update switch state M True args=() kw={} ncanvase=3
07:24:22 -- OPEN   VALVE-M (Microbone to Getter NP-10)
---------------------------------------- open None (Microbone to Getter NP-10) result=[(True, True)], time=0.13 sec
GetData ===>> H2,0.0880028674187823,H1,1.06410678719009,AX,0.10492276577483,L1,0.303040275751275,L2,-0.00764751...
action=open, ok=True, locked=[False]
open () {'description': 'Microbone to Getter D-50'}
opening name=--- desc=Microbone to Getter D-50
checking ownership. requestor=129.138.12.150
check software interlocks K
interlocks []
actuate state mode=None-script, software_lock=False
doing actuation None-script open_channel False
Open K ===>> OK
GetIndicatorState K ===>> OK
change switch state (True, True)
update switch state K True args=() kw={} ncanvase=3
07:24:23 -- OPEN   VALVE-K (Microbone to Getter D-50)
---------------------------------------- open None (Microbone to Getter D-50) result=[(True, True)], time=0.40 sec
action=open, ok=True, locked=[False]
open () {'description': 'Microbone to CO2 Laser'}
opening name=--- desc=Microbone to CO2 Laser
checking ownership. requestor=129.138.12.150
check software interlocks T
interlocks []
actuate state mode=None-script, software_lock=False
doing actuation None-script open_channel False
Open T ===>> OK
GetData ===>> H2,-0.03715874843077,H1,0.985792397596552,AX,0.0987273563055713,L1,0.286910396092195,L2,0.0477338...
GetIndicatorState T ===>> OK
change switch state (True, True)
update switch state T True args=() kw={} ncanvase=3
07:24:23 -- OPEN   VALVE-T (Microbone to CO2 Laser)
---------------------------------------- open None (Microbone to CO2 Laser) result=[(True, True)], time=0.41 sec
action=open, ok=True, locked=[False]
open () {'description': 'Microbone to Inlet Pipette'}
opening name=--- desc=Microbone to Inlet Pipette
checking ownership. requestor=129.138.12.150
check software interlocks S
interlocks []
actuate state mode=None-script, software_lock=False
doing actuation None-script open_channel False
Open S ===>> OK
Get Checksum: -861571959
GetIndicatorState S ===>> OK
change switch state (True, True)
update switch state S True args=() kw={} ncanvase=3
07:24:24 -- OPEN   VALVE-S (Microbone to Inlet Pipette)
---------------------------------------- open None (Microbone to Inlet Pipette) result=[(True, True)], time=0.43 sec
action=open, ok=True, locked=[False]
sleep (1,) {}
SLEEP 1.0
GetData ===>> H2,-0.210928670321006,H1,1.01716117750901,AX,0.0461708572305614,L1,0.242454699039728,L2,0.0181011...
set_resource () {'name': 'CO2PumpTimeFlag', 'value': 30}
Set CO2PumpTimeFlag 30 ===>> OK
release ('JanCO2Flag',) {}
release JanCO2Flag
Set JanCO2Flag 0 ===>> OK
executed 6.0
PumpMicrobone.py completed successfully
gosub finished
get_resource_value () {'name': 'JanMiniboneFlag'}
Read JanMiniboneFlag ===>> 0
Get Resource Value JanMiniboneFlag=0.0
get resource value 0.0
get_resource_value () {'name': 'JanMiniboneFlag'}
Read JanMiniboneFlag ===>> 0
Get Resource Value JanMiniboneFlag=0.0
executed 4.0
jan_pump_extraction_line.py completed successfully
Post Equilibration Finished
07:24:25 -- ******* Post Equilibration Finished *******
GetData ===>> H2,-0.216688462706753,H1,1.07463212373389,AX,0.153826962122746,L1,0.254594669897018,L2,-0.0211630...
GetData ===>> H2,-0.153888893762861,H1,1.11397402077482,AX,0.017345116671124,L1,0.252204639377201,L2,-0.0234192...
Get Checksum: -861571959
GetData ===>> H2,-0.18293562769058,H1,1.09543428930003,AX,0.00933948102152771,L1,0.261400880115998,L2,0.0092781...
GetData ===>> H2,-0.0980367195350225,H1,1.07452422745598,AX,0.0717575539545432,L1,0.272507711301387,L2,0.034541...
GetData ===>> H2,-0.0739981524294507,H1,1.15733866520322,AX,0.0157555395284304,L1,0.287995754220059,L2,0.079091...
Get Checksum: -861571959
GetData ===>> H2,-0.259640939732198,H1,1.09367163362217,AX,0.0132029882036741,L1,0.282784167886907,L2,0.0329562...
GetData ===>> H2,-0.300635458884947,H1,1.22391414710605,AX,0.114042568644373,L1,0.266793338362098,L2,-0.0853644...
GetData ===>> H2,-0.254084319944715,H1,1.20229446753408,AX,-0.0902582042834053,L1,0.278545320852048,L2,0.116227...
Get Checksum: -861571959
GetData ===>> H2,-0.196553432654238,H1,1.10357648043642,AX,0.118892887988039,L1,0.284984534365826,L2,0.05897817...
GetData ===>> H2,-0.106610144684486,H1,1.22272665773575,AX,-0.00715701354190975,L1,0.281133961264617,L2,0.01358...
GetData ===>> H2,-0.169791551294587,H1,1.15820254911909,AX,0.0686260609253477,L1,0.248024951604139,L2,0.0108397...
Get Checksum: -861571959
GetData ===>> H2,-0.161878795396597,H1,1.20493531493573,AX,0.084736926489168,L1,0.288859742794154,L2,0.08225933...
GetData ===>> H2,-0.134524315228272,H1,1.18210627733271,AX,0.0815122202389078,L1,0.283042008312565,L2,-0.013505...
GetData ===>> H2,-0.151870346058975,H1,1.20211441227858,AX,0.0338921835344487,L1,0.266414114502948,L2,0.0103268...
Get Checksum: -861571959
GetData ===>> H2,-0.161942259806798,H1,1.2115737508364,AX,-0.0411388679974027,L1,0.235160719129917,L2,-0.001299...
GetData ===>> H2,-0.288330070070908,H1,1.27612954014491,AX,0.0782180262743159,L1,0.250535473975666,L2,-0.020844...
Get Checksum: -861571959
GetData ===>> H2,-0.181621542790447,H1,1.18917528415114,AX,0.0779512478380879,L1,0.268692100511919,L2,0.0867155...
GetData ===>> H2,-0.145237477087064,H1,1.19806925573724,AX,0.0538862001660562,L1,0.246704958774756,L2,0.0179757...
GetData ===>> H2,-0.220181533855231,H1,1.21054134328056,AX,0.0973003796303553,L1,0.279507921476461,L2,-0.043848...
Get Checksum: -861571959
07:24:45 -- collecting point 25
GetData ===>> H2,-0.216330328774537,H1,1.2502824169293,AX,0.0154074604065984,L1,0.29987165153775,L2,-0.04611513...
GetData ===>> H2,-0.223914047238985,H1,1.2563776125406,AX,0.0680345679940653,L1,0.264939894109309,L2,0.00899316...
GetData ===>> H2,-0.229583869145634,H1,1.28850346773011,AX,0.078855977672337,L1,0.272142868478221,L2,0.01060039...
Get Checksum: -861571959
GetData ===>> H2,-0.161506103602911,H1,1.19768515436467,AX,0.0590814275343574,L1,0.257201620420915,L2,-0.043927...
GetData ===>> H2,-0.171673762818584,H1,1.36018452196078,AX,0.0951193499914835,L1,0.256584156527578,L2,-0.017824...
GetData ===>> H2,-0.188967128074054,H1,1.36269488321921,AX,0.0340198366370247,L1,0.244865511446842,L2,0.0840030...
Get Checksum: -861571959
GetData ===>> H2,-0.162664648788876,H1,1.24987448393508,AX,0.0264305702864997,L1,0.259524737769966,L2,-0.004114...
GetData ===>> H2,-0.285150873085312,H1,1.26181320635077,AX,0.0299930421304378,L1,0.263944642341372,L2,0.0357724...
GetData ===>> H2,-0.247338504813584,H1,1.38350085770134,AX,0.0390796762281308,L1,0.253313922974375,L2,0.0125040...
set states for children of B. state=False
set states for children of D. state=False
handle state [('B', False), ('D', False)]
update switch state B False args=() kw={'refresh': True} ncanvase=3
update switch state D False args=() kw={'refresh': False} ncanvase=3
refresh_canvas_needed fired
Get Checksum: -1131948088
GetData ===>> H2,-0.265749781843311,H1,1.38622805610182,AX,0.00773843289369015,L1,0.271697777894682,L2,-0.11543...
GetData ===>> H2,-0.199633549047002,H1,1.44384762619703,AX,0.0529585101620931,L1,0.267939603848272,L2,0.0759041...
GetData ===>> H2,-0.106572259343365,H1,1.37085098607865,AX,0.0153494473406467,L1,0.255038229813385,L2,0.0336973...
Get Checksum: -1131948088
GetData ===>> H2,-0.271086937304829,H1,1.37513951110522,AX,0.0746687729865515,L1,0.243549569340102,L2,0.0693341...
GetData ===>> H2,-0.269799584724718,H1,1.37578821145172,AX,0.0035039035420924,L1,0.292640247901907,L2,-0.049327...
GetData ===>> H2,-0.239047305808439,H1,1.34709322065512,AX,0.0805262702193061,L1,0.267443642849882,L2,-0.001162...
Get Checksum: -1131948088
GetData ===>> H2,-0.205132249500163,H1,1.36179402868419,AX,-0.00694821462451773,L1,0.277777495919343,L2,0.09426...
GetData ===>> H2,-0.170109997589705,H1,1.36295913541031,AX,0.0911286562542872,L1,0.261484785663566,L2,0.0733719...
GetData ===>> H2,-0.189310956238834,H1,1.33360735564303,AX,0.117709294960064,L1,0.234579197765522,L2,-0.0293672...
Get Checksum: -1131948088
GetData ===>> H2,-0.141591866673405,H1,1.39573177778478,AX,0.0564142002872572,L1,0.208991808980395,L2,-0.084817...
GetData ===>> H2,-0.147928369382269,H1,1.39263185605818,AX,-0.0673536170487415,L1,0.251690740565716,L2,0.043149...
GetData ===>> H2,-0.149361360152361,H1,1.50491171954632,AX,0.13020737075418,L1,0.265347015302362,L2,0.017462779...
GetData ===>> H2,-0.0153161948692557,H1,1.37966848774125,AX,0.0131913858504275,L1,0.260178855802113,L2,0.007135...
GetData ===>> H2,-0.134640611264474,H1,1.49430123642016,AX,0.0909082447959164,L1,0.265207255449688,L2,0.0509040...
Get Checksum: -1131948088
GetData ===>> H2,-0.222149642029702,H1,1.46039843296244,AX,0.174584431218798,L1,0.223324378027987,L2,-0.0447138...
GetData ===>> H2,-0.236742817613788,H1,1.43060173179819,AX,-0.0323719893479785,L1,0.228233182363466,L2,0.033856...
07:25:11 -- collecting point 50
GetData ===>> H2,-0.197350513417882,H1,1.48138511077167,AX,0.0140731686359731,L1,0.280410974476684,L2,0.1614413...
Get Checksum: -1131948088
GetData ===>> H2,-0.172875785877848,H1,1.46911932675302,AX,0.0276605946901109,L1,0.301482057885592,L2,0.1191457...
GetData ===>> H2,-0.240308671218131,H1,1.50699068791227,AX,0.0150361773818002,L1,0.293558199101485,L2,-0.027703...
Get Checksum: -1131948088
GetData ===>> H2,-0.211486328189909,H1,1.47571455309257,AX,0.00748319577072703,L1,0.271330531973962,L2,0.051690...
GetData ===>> H2,-0.156242548869782,H1,1.55373672877437,AX,0.16760673477232,L1,0.211812814309296,L2,-0.02951533...
GetData ===>> H2,-0.155681877444122,H1,1.47450119127701,AX,0.0354588468258969,L1,0.253381966203067,L2,-0.021322...
Get Checksum: -1131948088
GetData ===>> H2,-0.264808696788045,H1,1.5474609948553,AX,0.0738220748104787,L1,0.247997019902973,L2,0.15763180...
GetData ===>> H2,-0.134754201590906,H1,1.55695890477248,AX,0.0603454868345895,L1,0.228382412139363,L2,0.0787150...
GetData ===>> H2,-0.172195869312471,H1,1.57652260786858,AX,0.0830201631071636,L1,0.286907962683376,L2,0.0321125...
Get Checksum: -1131948088
GetData ===>> H2,-0.231935249730928,H1,1.62210436825629,AX,0.0671415364541831,L1,0.256840618290739,L2,0.0788290...
GetData ===>> H2,-0.157540768291024,H1,1.61885911717949,AX,-0.0401764053615318,L1,0.222282947448407,L2,0.025727...
GetData ===>> H2,-0.155626484303995,H1,1.63935402829967,AX,0.0114278442410201,L1,0.222264741834783,L2,0.0586702...
Get Checksum: -1131948088
GetData ===>> H2,-0.162382449976024,H1,1.52130428648241,AX,0.0106621058585194,L1,0.257444726698354,L2,-0.069272...
GetData ===>> H2,-0.218979755152756,H1,1.58685310017226,AX,0.0853749205946141,L1,0.268312806081568,L2,0.0337885...
GetData ===>> H2,-0.220406516340702,H1,1.67339319043063,AX,-0.052513759548648,L1,0.232948929673449,L2,0.0756304...
Get Checksum: -1131948088
GetData ===>> H2,-0.325401887995526,H1,1.62766961582348,AX,0.0474011310589152,L1,0.241087087966911,L2,0.0435717...
GetData ===>> H2,-0.189906900316255,H1,1.6990233206241,AX,0.0503492089614547,L1,0.277244554720423,L2,0.07879483...
GetData ===>> H2,-0.195190823353892,H1,1.68768079441566,AX,0.131704462313008,L1,0.282163918059424,L2,0.11563434...
Get Checksum: -1131948088
GetData ===>> H2,-0.145433371820796,H1,1.592289360225,AX,0.0683593087664383,L1,0.267987013147147,L2,-0.05934049...
GetData ===>> H2,-0.119364718072651,H1,1.58436358328646,AX,0.146096283569072,L1,0.272944323688366,L2,0.04520232...
GetData ===>> H2,-0.118782995230144,H1,1.66071884408054,AX,0.0815586181328516,L1,0.32741741601617,L2,0.02182897...
Get Checksum: -1131948088
GetData ===>> H2,-0.168380024771881,H1,1.7492801474764,AX,0.0117411025881628,L1,0.299077384020252,L2,0.00698700...
GetData ===>> H2,-0.0934251858751829,H1,1.66754884437561,AX,-0.00276054176618053,L1,0.23300112334322,L2,0.13057...
GetData ===>> H2,-0.0933479724696783,H1,1.74589842683861,AX,0.0881589437872692,L1,0.251072395478503,L2,-0.00196...
Get Checksum: -1131948088
GetData ===>> H2,-0.143093221782847,H1,1.7509048578108,AX,0.130114528624507,L1,0.261398448081435,L2,0.046650518...
07:25:38 -- collecting point 75
GetData ===>> H2,-0.235448621941967,H1,1.77303962689821,AX,0.13299267579326,L1,0.252791463310847,L2,0.025944548...
Get Checksum: -1131948088
GetData ===>> H2,-0.318156963304373,H1,1.71308597351711,AX,0.0672923074382653,L1,0.250208718846927,L2,0.0441988...
GetData ===>> H2,-0.214476198405401,H1,1.76484233595036,AX,0.208481550461831,L1,0.256348363251109,L2,0.10082616...
set states for children of C. state=False
handle state [('C', False)]
update switch state C False args=() kw={'refresh': False} ncanvase=3
refresh_canvas_needed fired
GetData ===>> H2,-0.157022038721312,H1,1.74191512182513,AX,0.0517525263709063,L1,0.241479467220564,L2,-0.033628...
Get Checksum: -286040778
State checksums do not match. Local:1334048640 Remote:-286040778
State checksum failed
GetData ===>> H2,-0.214395401497121,H1,1.76999415331196,AX,-0.0432724861664643,L1,0.220318142729912,L2,0.012834...
set states for children of B. state=True
handle state [('B', True)]
update switch state B True args=() kw={'refresh': False} ncanvase=3
refresh_canvas_needed fired
GetData ===>> H2,-0.172065007670947,H1,1.86364647440043,AX,0.0617835192026,L1,0.252187630491465,L2,0.0211791608...
GetData ===>> H2,-0.203249323054344,H1,1.85407746260109,AX,0.0478769958600344,L1,0.272946756121668,L2,0.0291710...
GetData ===>> H2,-0.268655894613798,H1,1.71699595558257,AX,0.0785775983664823,L1,0.292408946948724,L2,0.0289315...
GetData ===>> H2,-0.260428929738825,H1,1.71486650041819,AX,0.130729609382313,L1,0.257387596202269,L2,0.05136015...
Get Checksum: -286040778
GetData ===>> H2,-0.155164413905423,H1,1.80961451420021,AX,0.094713312632683,L1,0.261597876841399,L2,-0.0142118...
GetData ===>> H2,-0.148856254949918,H1,1.82147740831697,AX,0.00261061539929724,L1,0.228359360242563,L2,-0.00645...
GetData ===>> H2,-0.192402243863663,H1,1.92992019801108,AX,0.00715834949115318,L1,0.246736529745109,L2,0.025739...
Get Checksum: -286040778
GetData ===>> H2,-0.225204178364478,H1,1.85494405276112,AX,0.0777076681649956,L1,0.281454087927912,L2,0.0797293...
GetData ===>> H2,-0.179938913693212,H1,1.92800506750166,AX,0.13075282005298,L1,0.234894841986452,L2,0.034871738...
GetData ===>> H2,-0.221959716345866,H1,1.83358236513664,AX,0.0635231028710898,L1,0.258970350868261,L2,0.0021883...
Get Checksum: -286040778
GetData ===>> H2,-0.235293900477667,H1,1.92246464272088,AX,0.0583160418060061,L1,0.262201059198006,L2,0.0420323...
GetData ===>> H2,-0.237849896428854,H1,1.85874750859243,AX,0.0777540642462633,L1,0.209136052849088,L2,0.0491934...
GetData ===>> H2,-0.27872739995861,H1,1.83436454444614,AX,0.022833418288558,L1,0.237417919196078,L2,0.104006483...
Get Checksum: -286040778
GetData ===>> H2,-0.176598552194183,H1,1.89383993905732,AX,0.0382092722503506,L1,0.29847441539166,L2,0.13279371...
GetData ===>> H2,-0.219076764452408,H1,1.98232090917256,AX,0.0591162179376806,L1,0.25319120329912,L2,0.08425375...
GetData ===>> H2,-0.237357575870898,H1,2.01609832400427,AX,0.193790189629124,L1,0.273610832094789,L2,0.11786887...
Get Checksum: -286040778
GetData ===>> H2,-0.161832884750638,H1,1.87603337137945,AX,0.030143898864072,L1,0.29092631047601,L2,-0.00229089...
GetData ===>> H2,-0.157588047149423,H1,1.84135629314153,AX,0.0907806383901269,L1,0.244070341612099,L2,-0.002849...
GetData ===>> H2,-0.194554726521478,H1,1.95308531080711,AX,0.149810647145439,L1,0.19726052210474,L2,-0.02464991...
Get Checksum: -286040778
GetData ===>> H2,-0.156152032709618,H1,1.92089892554745,AX,0.145539141247833,L1,0.246701315976779,L2,0.03589790...
set states for children of B. state=False
handle state [('B', False)]
update switch state B False args=() kw={'refresh': False} ncanvase=3
refresh_canvas_needed fired
07:26:04 -- collecting point 100
GetData ===>> H2,-0.154328045605672,H1,1.97812357601366,AX,0.0582812516885546,L1,0.27769110401824,L2,0.04408483...
Get Checksum: 1334048640
GetData ===>> H2,-0.199966593705733,H1,1.96509760247217,AX,0.151818783935778,L1,0.226903556675537,L2,-0.0589532...
GetData ===>> H2,-0.238753819587078,H1,2.04176707076107,AX,0.0841685352613679,L1,0.268400334314189,L2,-0.016639...
GetData ===>> H2,-0.159218371689067,H1,2.08595280991408,AX,0.166364501787357,L1,0.273121892842845,L2,0.07250506...
Get Checksum: 1334048640
GetData ===>> H2,-0.163971583223065,H1,2.01857939184695,AX,0.0349714377669862,L1,0.267625978650153,L2,0.0820086...
GetData ===>> H2,-0.171426866870904,H1,1.98519847372569,AX,0.0968711305748868,L1,0.237468921424281,L2,-0.011089...
GetData ===>> H2,-0.234338616674791,H1,2.03358753699778,AX,-0.0107181261131228,L1,0.246001922883588,L2,0.000877...
Get Checksum: 1334048640
GetData ===>> H2,-0.259374865023989,H1,1.98912365200055,AX,0.135371853585203,L1,0.237494422634114,L2,0.01441910...
GetData ===>> H2,-0.174877375298808,H1,2.00203206133811,AX,0.121631452485313,L1,0.241596090592295,L2,0.02727844...
GetData ===>> H2,-0.12413236910787,H1,2.05530872528639,AX,0.0929383691963458,L1,0.213604989247194,L2,-0.0041828...
Get Checksum: 1334048640
GetData ===>> H2,-0.117424623983421,H1,2.08489222246404,AX,0.147233792369264,L1,0.205486947937707,L2,0.09358820...
GetData ===>> H2,-0.203888232301345,H1,1.96898955378766,AX,0.0922539225267904,L1,0.248926093634021,L2,0.0270504...
GetData ===>> H2,-0.189716794867319,H1,2.08753165955977,AX,0.0214526113732027,L1,0.260392851476362,L2,-0.046650...
Get Checksum: 1334048640
GetData ===>> H2,-0.196252658315845,H1,2.0156527017636,AX,0.213336574007613,L1,0.260678591336193,L2,0.058054398...
GetData ===>> H2,-0.224606265341076,H1,2.15282842790236,AX,0.124254048289837,L1,0.207604020782511,L2,0.07995725...
GetData ===>> H2,-0.25663581215884,H1,2.14082927677277,AX,0.15466274790325,L1,0.194889104347285,L2,0.0140315247...
Get Checksum: 1334048640
GetData ===>> H2,-0.166807706443222,H1,2.09061711626959,AX,0.136776176042724,L1,0.276229853190345,L2,-0.0198412...
GetData ===>> H2,-0.265554849243247,H1,2.08448245301873,AX,0.0660861461025596,L1,0.257820337289934,L2,0.0047985...
GetData ===>> H2,-0.268034947294963,H1,2.05887515661483,AX,-0.000104002154740207,L1,0.2673549072724,L2,0.069596...
Get Checksum: 1334048640
GetData ===>> H2,-0.116574882851372,H1,2.04647752959548,AX,-0.00341016487456191,L1,0.267222413120411,L2,0.02702...
GetData ===>> H2,-0.159515505824503,H1,2.20015470652129,AX,0.0192363992009524,L1,0.251595981911074,L2,-0.005618...
measurement finished
estimated time: 125.829 actual time: :126.119
flush and close file /Users/jan/PychronDev/data/isotopes/2d/091342-5188-41bd-be49-a8abc124126b.h5
baselines () {'settling_time': 15.0, 'detector': 'H1', 'mass': 34.2, 'ncounts': 60}
%%%%%%%%%%%%%%%%%%%%%%%%%%%%%%%% Baseline
build tables- baseline [Detector(H2), Detector(H1), Detector(AX), Detector(L1), Detector(L2), Detector(CDD)]
add group baseline table H2
add group baseline table H1
add group baseline table AX
add group baseline table L1
add group baseline table L2
add group baseline table CDD
flush and close file /Users/jan/PychronDev/data/isotopes/2d/091342-5188-41bd-be49-a8abc124126b.h5
detector Detector(H1)
Get Checksum: 1334048640
POSITION 34.2 H1
Mapping mass to dac mass func: "parabolic"
H1 map mass coeffs = [-0.00063987  0.15840543  0.57071999]
H1 map mass to dac 34.2 >> 5.23976599104
GetDeflection H1 ===>> 0
GetHighVoltage ===>> 4500
positioning 34.2 (5.23976599104) on H1
setting magnet DAC
current  : 5.879110
requested: 5.239766
Delta Dac: 0.639344
Checking detector protection. dv=0.63934
Checking detector "CDD". Protection Threshold: 0.1 (V)
ProtectDetector CDD,On ===>> OK
GetDeflection CDD ===>> 2000
SetMagnetDAC 5.23976599104 ===>> OK
Magnet settling time: 0.500
GetMagnetMoving ===>> True
GetMagnetMoving ===>> True
GetMagnetMoving ===>> True
GetMagnetMoving ===>> True
GetMagnetMoving ===>> True
GetMagnetMoving ===>> True
GetMagnetMoving ===>> True
GetMagnetMoving ===>> True
GetMagnetMoving ===>> False
ProtectDetector CDD,Off ===>> OK
GetDeflection CDD ===>> 50
Delaying 15.0s for detectors to settle
Get Checksum: 1334048640
Get Checksum: 1334048640
Get Checksum: 1334048640
Get Checksum: 1334048640
Get Checksum: 1334048640
Join finished
measuring baseline. ncounts=60
Get Checksum: 1334048640
starting measurement
GetData ===>> H2,-0.196561525126879,H1,-0.0399792119521124,AX,-0.0899105028798639,L1,-0.00462435171126866,L2,0....
GetData ===>> H2,-0.351369329405895,H1,0.0190730357466197,AX,-0.0284289557730067,L1,-0.0175859597376343,L2,-0.0...
GetData ===>> H2,-0.364889290223662,H1,-0.021638697003312,AX,-0.127431905060456,L1,-0.0241820198541634,L2,-0.02...
Get Checksum: 1334048640
GetData ===>> H2,-0.324774238516909,H1,0.0117716179554474,AX,-0.031351454804064,L1,0.0015807379202391,L2,0.0116...
GetData ===>> H2,-0.220615328412948,H1,0.0225091813342405,AX,0.0425729758098531,L1,-0.0174324557428816,L2,-0.10...
GetData ===>> H2,-0.203409727713819,H1,-0.0571361176382233,AX,-0.0128176135176672,L1,-0.0406852667971514,L2,0.0...
Get Checksum: 1334048640
GetData ===>> H2,-0.253792568858738,H1,-0.0910597400227474,AX,-0.146466966242276,L1,-0.0205932062087427,L2,0.01...
GetData ===>> H2,-0.260365715250267,H1,-0.0156397367861548,AX,-0.0920314621134142,L1,0.012553328254153,L2,-0.05...
GetData ===>> H2,-0.177168170384483,H1,-0.0540840965484567,AX,-0.0439914121870149,L1,-0.0146761808361584,L2,-0....
Get Checksum: 1334048640
GetData ===>> H2,-0.119497292596479,H1,-0.0989608860235467,AX,0.00808648459454423,L1,0.00750537552631809,L2,0.0...
GetData ===>> H2,-0.068684127648021,H1,-0.00860272481937303,AX,-0.044385659685421,L1,0.00345825788012236,L2,0.0...
GetData ===>> H2,-0.229773666730942,H1,-0.0366643352006644,AX,-0.0491281000188815,L1,-0.0404205794619417,L2,0.0...
Get Checksum: 1334048640
GetData ===>> H2,-0.20063265361092,H1,-0.032383450618023,AX,-0.111083252202725,L1,-0.0410062357517432,L2,-0.071...
GetData ===>> H2,-0.217408627515864,H1,0.00404128541002819,AX,-0.0783777022484607,L1,-0.0654512579701538,L2,-0....
GetData ===>> H2,-0.282154864722715,H1,-0.107195051419073,AX,-0.167635950180163,L1,-0.0253528419900331,L2,-0.00...
Get Checksum: 1334048640
GetData ===>> H2,-0.298317146349925,H1,-0.0683538796859782,AX,-0.195510304642968,L1,0.00902333598573963,L2,-0.0...
GetData ===>> H2,-0.0912142366548122,H1,0.0102565211787865,AX,-0.0867000012155079,L1,0.012883465569463,L2,0.006...
GetData ===>> H2,-0.139856479598901,H1,-0.0578156565393282,AX,-0.0872215700648985,L1,-0.00567035640460262,L2,-0...
Get Checksum: 1334048640
GetData ===>> H2,-0.0818649671813439,H1,-0.0468113273837776,AX,-0.0974785226062827,L1,-0.0180992217128586,L2,-0...
GetData ===>> H2,-0.179080636077563,H1,-0.073360338914452,AX,-0.0696953253183405,L1,0.0213723079212639,L2,-0.04...
GetData ===>> H2,-0.197484029070201,H1,-0.0625365362554529,AX,0.0123676223066209,L1,-0.0139625737600616,L2,0.06...
Get Checksum: 1334048640
GetData ===>> H2,-0.132436192857579,H1,-0.0564804178329268,AX,-0.0485483519862632,L1,-0.024385755097209,L2,-0.0...
set states for children of V. state=False
handle state [('V', False)]
update switch state V False args=() kw={'refresh': False} ncanvase=3
refresh_canvas_needed fired
GetData ===>> H2,-0.243203759492857,H1,-0.0253476157947794,AX,0.00641584777994614,L1,-0.0030755373910207,L2,-0....
Get Checksum: 1459125137
GetData ===>> H2,-0.235172812635953,H1,0.00105906360248227,AX,-0.0616034408299096,L1,0.0157999482030623,L2,-0.0...
07:27:09 -- collecting point 25
GetData ===>> H2,-0.226191204292717,H1,-0.0547278899934554,AX,-0.028568124383543,L1,-0.0105115104661318,L2,0.00...
set states for children of H. state=True
handle state [('H', True)]
update switch state H True args=() kw={'refresh': False} ncanvase=3
refresh_canvas_needed fired
GetData ===>> H2,-0.250106713340744,H1,-0.0527607303492104,AX,-0.0390863759422257,L1,-0.0241928059410797,L2,-0....
Get Checksum: 1032510184
GetData ===>> H2,-0.378433945733429,H1,-0.0591151128168875,AX,-0.15768965204592,L1,-0.012343274611946,L2,0.0040...
GetData ===>> H2,-0.294964945788841,H1,0.00760813936884226,AX,0.0096991403825085,L1,0.0344033772971821,L2,-0.08...
GetData ===>> H2,-0.236779139053582,H1,-0.0452255550705381,AX,-0.0147778675060562,L1,-0.000133213798658504,L2,-...
Get Checksum: 1032510184
GetData ===>> H2,-0.2415160576703,H1,-0.0703922540311595,AX,-0.00223852005525137,L1,0.0022409512036755,L2,-0.02...
GetData ===>> H2,-0.200222775233209,H1,-0.0937888640059946,AX,-0.122948175197365,L1,-0.00216125320943925,L2,0.0...
GetData ===>> H2,-0.224223799880367,H1,-0.00649152475415955,AX,-0.16570009541666,L1,-0.00962308070966595,L2,-0....
Get Checksum: 1032510184
GetData ===>> H2,-0.115417887834538,H1,-0.00569235830922814,AX,-0.13205444893822,L1,-0.024821974328069,L2,-0.10...
GetData ===>> H2,-0.136536339003815,H1,-0.103870484445223,AX,-0.0581021590357172,L1,-0.00389496302950615,L2,-0....
GetData ===>> H2,-0.194069543882529,H1,-0.0298911521416255,AX,-0.0792702391390566,L1,0.0239943885518255,L2,-0.0...
Get Checksum: 1032510184
GetData ===>> H2,-0.231601483092756,H1,-0.022807438655925,AX,-0.0820289377668589,L1,-0.0106110193068215,L2,-0.0...
GetData ===>> H2,-0.192093557493266,H1,-0.0122167097099666,AX,-0.0686751821086261,L1,-0.000736868222128515,L2,-...
GetData ===>> H2,-0.106426128986915,H1,-0.154434330460229,AX,-0.0664493779817323,L1,-0.0248351564828493,L2,-0.0...
Get Checksum: 1032510184
GetData ===>> H2,-0.276852688412398,H1,-0.0652783591049253,AX,-0.0703676865862923,L1,-0.0275503120546848,L2,-0....
GetData ===>> H2,-0.174431851604123,H1,-0.130636104116388,AX,-0.0999701613879282,L1,-0.0300251858866677,L2,-0.0...
GetData ===>> H2,-0.195505408538006,H1,0.0407418156662455,AX,-0.0236043209127528,L1,-0.0142370257337364,L2,-0.0...
GetData ===>> H2,-0.253300473902033,H1,-0.0975666114796823,AX,-0.116320681772547,L1,-0.0322419926964835,L2,0.11...
GetData ===>> H2,-0.190876253625239,H1,0.0228909825688241,AX,-0.0803714097353955,L1,-0.0336333851016703,L2,-0.0...
Get Checksum: 1032510184
GetData ===>> H2,-0.176736235045969,H1,-0.0327173423503744,AX,-0.110944201557675,L1,-0.0161059877380829,L2,0.02...
GetData ===>> H2,-0.236406502438223,H1,0.0197053731281873,AX,0.0157091289069647,L1,-0.0271022300871057,L2,-0.02...
GetData ===>> H2,-0.195669969585424,H1,-0.0386795071742217,AX,0.0245391479885587,L1,-0.030129390346343,L2,-0.06...
Get Checksum: 1032510184
GetData ===>> H2,-0.148973754692529,H1,-0.0368789708326876,AX,-0.000440423844156291,L1,0.00626837690559432,L2,-...
GetData ===>> H2,-0.316932861777411,H1,-0.0478128548457189,AX,-0.0135831611936954,L1,-0.027117805463684,L2,-0.0...
Get Checksum: 1459125137
State checksums do not match. Local:1032510184 Remote:1459125137
State checksum failed
GetData ===>> H2,-0.354848248370675,H1,-0.0082926078258659,AX,-0.101951837837297,L1,-0.0424001760017913,L2,-0.0...
set states for children of C. state=True
set states for children of H. state=False
handle state [('C', True), ('H', False)]
update switch state C True args=() kw={'refresh': True} ncanvase=3
update switch state H False args=() kw={'refresh': False} ncanvase=3
refresh_canvas_needed fired
07:27:36 -- collecting point 50
GetData ===>> H2,-0.262943772043732,H1,0.0140860620249096,AX,-0.203668271543522,L1,-0.0398289002106594,L2,-0.05...
GetData ===>> H2,-0.229987689970348,H1,-0.0140415435910366,AX,-0.0112633012285638,L1,0.00641594490106999,L2,0.0...
set states for children of B. state=True
set states for children of D. state=True
handle state [('B', True), ('D', True)]
update switch state B True args=() kw={'refresh': True} ncanvase=3
update switch state D True args=() kw={'refresh': False} ncanvase=3
refresh_canvas_needed fired
Get Checksum: 799532470
GetData ===>> H2,-0.220666520461214,H1,-0.0110597716511006,AX,-0.0877663167669796,L1,0.0247479723350466,L2,-0.0...
GetData ===>> H2,-0.177327442383016,H1,-0.0271602849460482,AX,-0.108603485866913,L1,0.0418351011934655,L2,-0.00...
GetData ===>> H2,-0.22016132562837,H1,-0.0548590325949004,AX,-0.0438174789593672,L1,0.0145787409820356,L2,-0.03...
Get Checksum: 799532470
GetData ===>> H2,-0.147858133322277,H1,6.89856071601991E-05,AX,-0.061835309348715,L1,-0.0245798989593638,L2,-0....
GetData ===>> H2,-0.23345322518423,H1,-0.0610583049410749,AX,-0.0861088864729352,L1,-0.0232148203747117,L2,-0.0...
GetData ===>> H2,-0.235100159307846,H1,-0.0741232059474182,AX,-0.0204380243068593,L1,0.0035170860912924,L2,-0.0...
Get Checksum: 799532470
GetData ===>> H2,-0.23082220727202,H1,-0.00588320460732632,AX,-0.0531514562090556,L1,0.0113073074079573,L2,-0.0...
GetData ===>> H2,-0.152132285665692,H1,-0.0351022509019082,AX,-0.152519029990112,L1,-0.0478112385069689,L2,-0.0...
GetData ===>> H2,-0.0701379681881207,H1,-0.0355076797039054,AX,-0.0301917434688879,L1,-0.025201853136262,L2,-0....
Get Checksum: 799532470
measurement finished
estimated time: 62.915 actual time: :63.080
flush and close file /Users/jan/PychronDev/data/isotopes/2d/091342-5188-41bd-be49-a8abc124126b.h5
activate_detectors ('H1', 'AX', 'CDD') {'peak_center': True}
peak_center () {'detector': 'H1', 'integration_time': 0.262144, 'isotope': 'Ar40'}
peak center: mean=2.08464385818 threshold=3
Skipping peak center. intensities to small. 2.08464385818<3
finished measure script
executed 226.132928
jan_unknown120_60.py completed successfully
Measurement Finished
07:27:47 -- ******* Measurement Finished *******
Post Measurement Started jan_pump_ms.py
07:27:47 -- ******* Post Measurement Started jan_pump_ms.py *******
testing...
no interpolation path defined
executed 0
Pumping spectrometer
open () {'name': 'O'}
opening name=O desc=---
checking ownership. requestor=129.138.12.150
check software interlocks O
interlocks []
actuate state mode=None-script, software_lock=False
doing actuation None-script open_channel True
Open O ===>> OK
GetIndicatorState O ===>> OK
change switch state (True, True)
update switch state O True args=() kw={} ncanvase=3
07:27:47 -- OPEN   VALVE-O (Jan Ion Pump)
---------------------------------------- open O () result=[(True, True)], time=0.10 sec
action=open, ok=True, locked=[False]
executed 0
jan_pump_ms.py completed successfully
setting _ms_pumptime
Post Measurement Finished
07:27:48 -- ******* Post Measurement Finished *******
$$$$$$$$$$$$$$$$$$$$ state at run end measurement
state changed from measurement to success
post measurement save measured=True aborted=False
Set filtering
setting fod for Ar40= {'filter_outliers': True, 'std_devs': 2, 'iterations': 1}
setting fod for H1= {'filter_outliers': True, 'std_devs': 2, 'iterations': 1}
setting fod for PM41= {'filter_outliers': False, 'std_devs': 2, 'iterations': 1}
setting fod for H2= {'filter_outliers': True, 'std_devs': 2, 'iterations': 1}
setting fod for Ar36= {'filter_outliers': True, 'std_devs': 2, 'iterations': 1}
setting fod for CDD= {'filter_outliers': True, 'std_devs': 10, 'iterations': 1}
setting fod for Ar37= {'filter_outliers': True, 'std_devs': 2, 'iterations': 1}
setting fod for L2= {'filter_outliers': True, 'std_devs': 2, 'iterations': 1}
setting fod for Ar38= {'filter_outliers': True, 'std_devs': 2, 'iterations': 1}
setting fod for L1= {'filter_outliers': True, 'std_devs': 2, 'iterations': 1}
setting fod for Ar39= {'filter_outliers': True, 'std_devs': 2, 'iterations': 1}
setting fod for AX= {'filter_outliers': True, 'std_devs': 2, 'iterations': 1}
persistence save...
persistence save - db
post measurement save
5033883024 connecting to database sqlite:////Users/jan/PychronDev/.appdata/local_lab.db
connected to db sqlite:////Users/jan/PychronDev/.appdata/local_lab.db
create new session 5033883024
close session 5033883024
No database instance. Not saving post measurement to isotopedb database
$$$$$$$$$$$$$$$ auto_save_detector_ic=False
massspec enabled True
create new session 5064816880
MassSpec Database Version: 16.0
close session 5064816880
saving post measurement to secondary database
saving to massspec database 129.138.12.160/massspecdata
setting labnumber to 65576
setting aliquot to 1
setting step to A
setting uuid to 2d091342-5188-41bd-be49-a8abc124126b
setting irradpos to 65576
setting extract_device to Fusions CO2
setting tray to 
setting position to 113
setting power_requested to 0.3
setting extract_value to 0.3
setting duration to 30.0
setting duration_at_request to 30.0
setting first_stage_delay to 30.0
setting cleanup to 30.0
setting comment to M:21 w/o inclusions
setting irradiation to NM-289
setting level to M
setting irradiation_level to M
setting sample to NM-2605 WO
setting material to Sanidine
setting project to JoyitaHills
setting mass_spectrometer to Jan
no attribute chron_dosages
no attribute production_ratios
no attribute interference_corrections
no attribute production_name
no attribute j
adding new session for Jan
Reference Isotope=Ar40
Reference Detector=H1
%%%%%%%%%%%%%%%%%%%% Comment: M:21 w/o inclusions %%%%%%%%%%%%%%%%%%%
adding isotope PM41 H2
add baseline dbdet= PM41. original det= H2
get baseline data PM41 H2
Get data baseline <pychron.processing.isotope.Baseline object at 0x17a553e50> len t=60
baseline PM41. v=-0.210226223731, e=0.0078053435912
get signal data PM41 H2
Get data signal PM41 0.06+/-0.07 len t=120
adding isotope Ar40 H1
add baseline dbdet= Ar40. original det= H1
get baseline data Ar40 H1
Get data baseline <pychron.processing.isotope.Baseline object at 0x17a561050> len t=60
baseline Ar40. v=-0.0341937821315, e=0.00471177659183
get signal data Ar40 H1
Get data signal Ar40 0.931+/-0.010 len t=120
adding isotope Ar39 AX
add baseline dbdet= Ar39. original det= AX
get baseline data Ar39 AX
Get data baseline <pychron.processing.isotope.Baseline object at 0x17a561210> len t=60
baseline Ar39. v=-0.0628575150712, e=0.00673895431451
get signal data Ar39 AX
Get data signal Ar39 0.105+/-0.012 len t=120
adding isotope Ar38 L1
add baseline dbdet= Ar38. original det= L1
get baseline data Ar38 L1
Get data baseline <pychron.processing.isotope.Baseline object at 0x17a5613d0> len t=60
baseline Ar38. v=-0.0122728129688, e=0.00245767099171
get signal data Ar38 L1
Get data signal Ar38 0.286+/-0.005 len t=120
adding isotope Ar37 L2
add baseline dbdet= Ar37. original det= L2
get baseline data Ar37 L2
Get data baseline <pychron.processing.isotope.Baseline object at 0x17a561590> len t=60
baseline Ar37. v=-0.0310121575719, e=0.00529508928419
get signal data Ar37 L2
Get data signal Ar37 0.045+/-0.010 len t=120
adding isotope Ar36 CDD
add baseline dbdet= Ar36. original det= CDD
get baseline data Ar36 CDD
Get data baseline <pychron.processing.isotope.Baseline object at 0x17a561750> len t=60
baseline Ar36. v=1.73676314015e-05, e=7.98430563874e-06
get signal data Ar36 CDD
Get data signal Ar36 0.00604+/-0.00019 len t=120
65576-01A added analysis time 0.575268983841s
analysis added to mass spec database
mass spec save time= 0.593
persistence save - dvc
================= post measurement started
create new session 4983587952
close session 4983587952
---------------- Experiment Queue saving disabled
DVC saving peakcenter
Get Checksum: 2035211824
Smart pull ahead: 0 behind: 0
Up-to-date with origin
add to repo msg=modified - ad8224ebc6dbfeb9f5997218dfa5fe690569839d.json
add to repo msg=modified - 76-01A.json
add to repo msg=modified - 76-01A.dat.json
add to repo msg=modified - 76-01A.blan.json
add to repo msg=modified - 76-01A.inte.json
add to repo msg=modified - 76-01A.icfa.json
add to repo msg=modified - 76-01A.base.json
not at valid file /Users/jan/PychronDev/data/.dvc/repositories/Load1785/655/tags/76-01A.tags.json
add to repo msg=modified - 76-01A.peak.json
add to repo msg=modified - 76-01A.extr.json
not at valid file /Users/jan/PychronDev/data/.dvc/repositories/Load1785/655/monitor/76-01A.moni.json
commit message=<COLLECTION>
Get Checksum: 2035211824
add to repo msg=modified - 76-01A.inte.json
add to repo msg=modified - 76-01A.base.json
commit message=<ISOEVO> default collection fits
add to repo msg=modified - 76-01A.blan.json
commit message=<BLANKS> preceding 
add to repo msg=modified - 76-01A.icfa.json
commit message=<ICFactor> default
push repository <pychron.git_archive.repo_manager.GitRepoManager object at 0x1821f8710>
pushing to remote=origin, url=https://github.com
Get Checksum: 2035211824
Get Checksum: 2035211824
no changes to meta repo
create new session 4983587952
add association Load1785
get identifier "65576"
setting analysis irradiation position=<pychron.dvc.dvc_orm.IrradiationPositionTbl object at 0x16ef894d0>
close session 4983587952
================= post measurement finished
07:28:01 -- ******* Post Run Check *******
loading queue conditionals post_run_actions
loading system conditionals post_run_actions
loading conditionals from /Users/jan/PychronDev/setupfiles/spectrometer/default_conditionals.yaml
loading queue conditionals post_run_terminations
loading system conditionals post_run_terminations
loading conditionals from /Users/jan/PychronDev/setupfiles/spectrometer/default_conditionals.yaml
Checking default post run terminations n=1
GetDeflection CDD ===>> 50
testing CDD==2000
evaluate ot="CDD.deflection==2000" t="CDD==2000", ctx="{'CDD': 50.0}"
07:28:01 -- ******* Post Run Check Passed *******
07:28:01 -- Automated run 65576-01A success duration: 318.301 s
----------------- finish -----------------
----------------- stop -----------------
retroactive repository identifiers disabled
finish run. runs completed=1
update duration runid=65576-01A, duration=318.300638914, md5=301e91d8
loading script "jan_unknown120_60.py"
loading script "jan_pump_ms.py"
loading script "jan_co2.py"
loading script "jan_pump_extraction_line.py"
testing...
no interpolation path defined
executed 213.652928
script duration name:unknown120_60 seconds:214.0
loading script "jan_unknown120_60.py"
loading script "jan_pump_ms.py"
loading script "jan_co2.py"
loading script "jan_pump_extraction_line.py"
testing...
no interpolation path defined
executed 0
loading script "jan_unknown120_60.py"
loading script "jan_pump_ms.py"
loading script "jan_co2.py"
loading script "jan_pump_extraction_line.py"
testing...
no interpolation path defined
calculate duration
testing...
no interpolation path defined
executed 0
calculate duration
testing...
no interpolation path defined
executed 0
executed 0.0
script duration name:co2 seconds:0.0
loading script "jan_unknown120_60.py"
loading script "jan_pump_ms.py"
loading script "jan_co2.py"
loading script "jan_pump_extraction_line.py"
testing...
no interpolation path defined
calculate duration
testing...
no interpolation path defined
executed 4.0
executed 4.0
Script duration 214.0
Run total estimated duration= 215.000
unknown120_60 in script context. using previous estimated duration
script duration name:unknown120_60 seconds:214.0
pump_ms in script context. using previous estimated duration
co2 in script context. using previous estimated duration
script duration name:co2 seconds:0.0
pump_extraction_line in script context. using previous estimated duration
Script duration 214.0
Run total estimated duration= 215.000
loading script "jan_unknown400_120.py"
loading script "jan_pump_ms.py"
loading script "jan_co2.py"
loading script "jan_pump_extraction_line.py"
testing...
no interpolation path defined
executed 556.052928
script duration name:unknown400_120 seconds:556.0
script duration name:co2 seconds:0.0
Script duration 556.0
Run total estimated duration= 557.000
script duration name:unknown120_60 seconds:214.0
script duration name:co2 seconds:0.0
Script duration 214.0
Run total estimated duration= 215.000
script duration name:unknown120_60 seconds:214.0
script duration name:co2 seconds:0.0
Script duration 214.0
Run total estimated duration= 215.000
script duration name:unknown120_60 seconds:214.0
script duration name:co2 seconds:0.0
Script duration 214.0
Run total estimated duration= 215.000
script duration name:unknown120_60 seconds:214.0
script duration name:co2 seconds:0.0
Script duration 214.0
Run total estimated duration= 215.000
script duration name:unknown120_60 seconds:214.0
script duration name:co2 seconds:0.0
Script duration 214.0
Run total estimated duration= 215.000
script duration name:unknown120_60 seconds:214.0
script duration name:co2 seconds:0.0
Script duration 214.0
Run total estimated duration= 215.000
unknown400_120 in script context. using previous estimated duration
script duration name:unknown400_120 seconds:556.0
loading script "jan_unknown400_120.py"
loading script "jan_pump_ms.py"
loading script "jan_cocktail_x1.py"
loading script "jan_pump_extraction_line.py"
testing...
no interpolation path defined
calculate duration
testing...
no interpolation path defined
executed 0
calculate duration
testing...
no interpolation path defined
executed 0
calculate duration
testing...
no interpolation path defined
executed 32.0
calculate duration
testing...
no interpolation path defined
executed 34.0
calculate duration
testing...
no interpolation path defined
executed 4.0
calculate duration
testing...
no interpolation path defined
executed 38.0
executed 108.0
script duration name:cocktail_x1 seconds:108.0
Script duration 664.0
Run total estimated duration= 665.000
script duration name:unknown120_60 seconds:214.0
script duration name:co2 seconds:0.0
Script duration 214.0
Run total estimated duration= 215.000
script duration name:unknown120_60 seconds:214.0
script duration name:co2 seconds:0.0
Script duration 214.0
Run total estimated duration= 215.000
script duration name:unknown120_60 seconds:214.0
script duration name:co2 seconds:0.0
Script duration 214.0
Run total estimated duration= 215.000
script duration name:unknown120_60 seconds:214.0
script duration name:co2 seconds:0.0
Script duration 214.0
Run total estimated duration= 215.000
script duration name:unknown120_60 seconds:214.0
script duration name:co2 seconds:0.0
Script duration 214.0
Run total estimated duration= 215.000
script duration name:unknown120_60 seconds:214.0
script duration name:co2 seconds:0.0
Script duration 214.0
Run total estimated duration= 215.000
script duration name:unknown120_60 seconds:214.0
script duration name:co2 seconds:0.0
Script duration 214.0
Run total estimated duration= 215.000
script duration name:unknown120_60 seconds:214.0
script duration name:co2 seconds:0.0
Script duration 214.0
Run total estimated duration= 215.000
script duration name:unknown120_60 seconds:214.0
script duration name:co2 seconds:0.0
Script duration 214.0
Run total estimated duration= 215.000
script duration name:unknown120_60 seconds:214.0
script duration name:co2 seconds:0.0
Script duration 214.0
Run total estimated duration= 215.000
script duration name:unknown400_120 seconds:556.0
script duration name:co2 seconds:0.0
Script duration 556.0
Run total estimated duration= 557.000
script duration name:unknown400_120 seconds:556.0
loading script "jan_unknown400_120.py"
loading script "jan_pump_ms.py"
loading script "jan_sniffair_x2.py"
loading script "jan_pump_extraction_line.py"
testing...
no interpolation path defined
calculate duration
testing...
no interpolation path defined
executed 0
calculate duration
testing...
no interpolation path defined
executed 0
calculate duration
testing...
no interpolation path defined
executed 32.0
calculate duration
testing...
no interpolation path defined
executed 34.0
calculate duration
testing...
no interpolation path defined
executed 4.0
calculate duration
testing...
no interpolation path defined
executed 36.0
calculate duration
testing...
no interpolation path defined
executed 34.0
calculate duration
testing...
no interpolation path defined
executed 4.0
calculate duration
testing...
no interpolation path defined
executed 36.0
calculate duration
testing...
no interpolation path defined
executed 70.0
executed 250.0
script duration name:sniffair_x2 seconds:250.0
Script duration 806.0
Run total estimated duration= 807.000
script duration name:unknown400_120 seconds:556.0
sniffair_x2 in script context. using previous estimated duration
script duration name:sniffair_x2 seconds:250.0
Script duration 806.0
Run total estimated duration= 807.000
loading script "jan_ic_peak_hop3.py"
loading script "jan_pump_ms.py"
loading script "jan_air_x1.py"
loading script "jan_pump_extraction_line.py"
testing...
no interpolation path defined
executed 133.8
script duration name:ic_peak_hop3 seconds:134.0
loading script "jan_ic_peak_hop3.py"
loading script "jan_pump_ms.py"
loading script "jan_air_x1.py"
loading script "jan_pump_extraction_line.py"
testing...
no interpolation path defined
calculate duration
testing...
no interpolation path defined
executed 0
calculate duration
testing...
no interpolation path defined
executed 0
calculate duration
testing...
no interpolation path defined
executed 32.0
calculate duration
testing...
no interpolation path defined
executed 34.0
calculate duration
testing...
no interpolation path defined
executed 4.0
calculate duration
testing...
no interpolation path defined
executed 36.0
executed 106.0
script duration name:air_x1 seconds:106.0
Script duration 240.0
Run total estimated duration= 241.000
script duration name:unknown120_60 seconds:214.0
script duration name:co2 seconds:0.0
Script duration 214.0
Run total estimated duration= 215.000
script duration name:unknown120_60 seconds:214.0
script duration name:co2 seconds:0.0
Script duration 214.0
Run total estimated duration= 215.000
script duration name:unknown120_60 seconds:214.0
script duration name:co2 seconds:0.0
Script duration 214.0
Run total estimated duration= 215.000
script duration name:unknown120_60 seconds:214.0
script duration name:co2 seconds:0.0
Script duration 214.0
Run total estimated duration= 215.000
script duration name:unknown120_60 seconds:214.0
script duration name:co2 seconds:0.0
Script duration 214.0
Run total estimated duration= 215.000
script duration name:unknown120_60 seconds:214.0
script duration name:co2 seconds:0.0
Script duration 214.0
Run total estimated duration= 215.000
script duration name:unknown120_60 seconds:214.0
script duration name:co2 seconds:0.0
Script duration 214.0
Run total estimated duration= 215.000
script duration name:unknown120_60 seconds:214.0
script duration name:co2 seconds:0.0
Script duration 214.0
Run total estimated duration= 215.000
script duration name:unknown120_60 seconds:214.0
script duration name:co2 seconds:0.0
Script duration 214.0
Run total estimated duration= 215.000
script duration name:unknown120_60 seconds:214.0
script duration name:co2 seconds:0.0
Script duration 214.0
Run total estimated duration= 215.000
script duration name:unknown400_120 seconds:556.0
cocktail_x1 in script context. using previous estimated duration
script duration name:cocktail_x1 seconds:108.0
Script duration 664.0
Run total estimated duration= 665.000
script duration name:unknown120_60 seconds:214.0
script duration name:co2 seconds:0.0
Script duration 214.0
Run total estimated duration= 215.000
script duration name:unknown120_60 seconds:214.0
script duration name:co2 seconds:0.0
Script duration 214.0
Run total estimated duration= 215.000
script duration name:unknown120_60 seconds:214.0
script duration name:co2 seconds:0.0
Script duration 214.0
Run total estimated duration= 215.000
script duration name:unknown120_60 seconds:214.0
script duration name:co2 seconds:0.0
Script duration 214.0
Run total estimated duration= 215.000
script duration name:unknown120_60 seconds:214.0
script duration name:co2 seconds:0.0
Script duration 214.0
Run total estimated duration= 215.000
script duration name:unknown400_120 seconds:556.0
script duration name:co2 seconds:0.0
Script duration 556.0
Run total estimated duration= 557.000
script duration name:unknown120_60 seconds:214.0
script duration name:co2 seconds:0.0
Script duration 214.0
Run total estimated duration= 215.000
script duration name:unknown120_60 seconds:214.0
script duration name:co2 seconds:0.0
Script duration 214.0
Run total estimated duration= 215.000
script duration name:unknown120_60 seconds:214.0
script duration name:co2 seconds:0.0
Script duration 214.0
Run total estimated duration= 215.000
script duration name:unknown120_60 seconds:214.0
script duration name:co2 seconds:0.0
Script duration 214.0
Run total estimated duration= 215.000
script duration name:unknown120_60 seconds:214.0
script duration name:co2 seconds:0.0
Script duration 214.0
Run total estimated duration= 215.000
script duration name:unknown120_60 seconds:214.0
script duration name:co2 seconds:0.0
Script duration 214.0
Run total estimated duration= 215.000
script duration name:unknown120_60 seconds:214.0
script duration name:co2 seconds:0.0
Script duration 214.0
Run total estimated duration= 215.000
script duration name:unknown120_60 seconds:214.0
script duration name:co2 seconds:0.0
Script duration 214.0
Run total estimated duration= 215.000
script duration name:unknown120_60 seconds:214.0
script duration name:co2 seconds:0.0
Script duration 214.0
Run total estimated duration= 215.000
script duration name:unknown120_60 seconds:214.0
script duration name:co2 seconds:0.0
Script duration 214.0
Run total estimated duration= 215.000
script duration name:unknown120_60 seconds:214.0
script duration name:co2 seconds:0.0
Script duration 214.0
Run total estimated duration= 215.000
script duration name:unknown120_60 seconds:214.0
script duration name:co2 seconds:0.0
Script duration 214.0
Run total estimated duration= 215.000
script duration name:unknown120_60 seconds:214.0
script duration name:co2 seconds:0.0
Script duration 214.0
Run total estimated duration= 215.000
script duration name:unknown120_60 seconds:214.0
script duration name:co2 seconds:0.0
Script duration 214.0
Run total estimated duration= 215.000
script duration name:unknown120_60 seconds:214.0
script duration name:co2 seconds:0.0
Script duration 214.0
Run total estimated duration= 215.000
script duration name:unknown400_120 seconds:556.0
script duration name:co2 seconds:0.0
Script duration 556.0
Run total estimated duration= 557.000
script duration name:unknown400_120 seconds:556.0
script duration name:cocktail_x1 seconds:108.0
Script duration 664.0
Run total estimated duration= 665.000
script duration name:unknown400_120 seconds:556.0
script duration name:sniffair_x2 seconds:250.0
Script duration 806.0
Run total estimated duration= 807.000
ic_peak_hop3 in script context. using previous estimated duration
script duration name:ic_peak_hop3 seconds:134.0
air_x1 in script context. using previous estimated duration
script duration name:air_x1 seconds:106.0
Script duration 240.0
Run total estimated duration= 241.000
script duration name:unknown120_60 seconds:214.0
script duration name:co2 seconds:0.0
Script duration 214.0
Run total estimated duration= 215.000
script duration name:unknown120_60 seconds:214.0
script duration name:co2 seconds:0.0
Script duration 214.0
Run total estimated duration= 215.000
script duration name:unknown120_60 seconds:214.0
script duration name:co2 seconds:0.0
Script duration 214.0
Run total estimated duration= 215.000
script duration name:unknown120_60 seconds:214.0
script duration name:co2 seconds:0.0
Script duration 214.0
Run total estimated duration= 215.000
script duration name:unknown120_60 seconds:214.0
script duration name:co2 seconds:0.0
Script duration 214.0
Run total estimated duration= 215.000
script duration name:unknown120_60 seconds:214.0
script duration name:co2 seconds:0.0
Script duration 214.0
Run total estimated duration= 215.000
script duration name:unknown120_60 seconds:214.0
script duration name:co2 seconds:0.0
Script duration 214.0
Run total estimated duration= 215.000
script duration name:unknown120_60 seconds:214.0
script duration name:co2 seconds:0.0
Script duration 214.0
Run total estimated duration= 215.000
script duration name:unknown120_60 seconds:214.0
script duration name:co2 seconds:0.0
Script duration 214.0
Run total estimated duration= 215.000
script duration name:unknown120_60 seconds:214.0
script duration name:co2 seconds:0.0
Script duration 214.0
Run total estimated duration= 215.000
script duration name:unknown120_60 seconds:214.0
script duration name:co2 seconds:0.0
Script duration 214.0
Run total estimated duration= 215.000
script duration name:unknown120_60 seconds:214.0
script duration name:co2 seconds:0.0
Script duration 214.0
Run total estimated duration= 215.000
script duration name:unknown120_60 seconds:214.0
script duration name:co2 seconds:0.0
Script duration 214.0
Run total estimated duration= 215.000
script duration name:unknown120_60 seconds:214.0
script duration name:co2 seconds:0.0
Script duration 214.0
Run total estimated duration= 215.000
script duration name:unknown120_60 seconds:214.0
script duration name:co2 seconds:0.0
Script duration 214.0
Run total estimated duration= 215.000
script duration name:unknown400_120 seconds:556.0
script duration name:co2 seconds:0.0
Script duration 556.0
Run total estimated duration= 557.000
script duration name:unknown120_60 seconds:214.0
script duration name:co2 seconds:0.0
Script duration 214.0
Run total estimated duration= 215.000
script duration name:unknown120_60 seconds:214.0
script duration name:co2 seconds:0.0
Script duration 214.0
Run total estimated duration= 215.000
script duration name:unknown120_60 seconds:214.0
script duration name:co2 seconds:0.0
Script duration 214.0
Run total estimated duration= 215.000
script duration name:unknown120_60 seconds:214.0
script duration name:co2 seconds:0.0
Script duration 214.0
Run total estimated duration= 215.000
script duration name:unknown120_60 seconds:214.0
script duration name:co2 seconds:0.0
Script duration 214.0
Run total estimated duration= 215.000
script duration name:unknown400_120 seconds:556.0
script duration name:cocktail_x1 seconds:108.0
Script duration 664.0
Run total estimated duration= 665.000
script duration name:unknown400_120 seconds:556.0
script duration name:cocktail_x1 seconds:108.0
Script duration 664.0
Run total estimated duration= 665.000
script duration name:unknown120_60 seconds:214.0
script duration name:co2 seconds:0.0
Script duration 214.0
Run total estimated duration= 215.000
script duration name:unknown120_60 seconds:214.0
script duration name:co2 seconds:0.0
Script duration 214.0
Run total estimated duration= 215.000
script duration name:unknown120_60 seconds:214.0
script duration name:co2 seconds:0.0
Script duration 214.0
Run total estimated duration= 215.000
script duration name:unknown120_60 seconds:214.0
script duration name:co2 seconds:0.0
Script duration 214.0
Run total estimated duration= 215.000
script duration name:unknown120_60 seconds:214.0
script duration name:co2 seconds:0.0
Script duration 214.0
Run total estimated duration= 215.000
script duration name:unknown120_60 seconds:214.0
script duration name:co2 seconds:0.0
Script duration 214.0
Run total estimated duration= 215.000
script duration name:unknown120_60 seconds:214.0
script duration name:co2 seconds:0.0
Script duration 214.0
Run total estimated duration= 215.000
script duration name:unknown120_60 seconds:214.0
script duration name:co2 seconds:0.0
Script duration 214.0
Run total estimated duration= 215.000
script duration name:unknown120_60 seconds:214.0
script duration name:co2 seconds:0.0
Script duration 214.0
Run total estimated duration= 215.000
script duration name:unknown120_60 seconds:214.0
script duration name:co2 seconds:0.0
Script duration 214.0
Run total estimated duration= 215.000
script duration name:unknown400_120 seconds:556.0
script duration name:co2 seconds:0.0
Script duration 556.0
Run total estimated duration= 557.000
script duration name:unknown400_120 seconds:556.0
script duration name:sniffair_x2 seconds:250.0
Script duration 806.0
Run total estimated duration= 807.000
script duration name:ic_peak_hop3 seconds:134.0
script duration name:air_x1 seconds:106.0
Script duration 240.0
Run total estimated duration= 241.000
script duration name:unknown120_60 seconds:214.0
script duration name:co2 seconds:0.0
Script duration 214.0
Run total estimated duration= 215.000
script duration name:unknown120_60 seconds:214.0
script duration name:co2 seconds:0.0
Script duration 214.0
Run total estimated duration= 215.000
script duration name:unknown120_60 seconds:214.0
script duration name:co2 seconds:0.0
Script duration 214.0
Run total estimated duration= 215.000
script duration name:unknown120_60 seconds:214.0
script duration name:co2 seconds:0.0
Script duration 214.0
Run total estimated duration= 215.000
script duration name:unknown120_60 seconds:214.0
script duration name:co2 seconds:0.0
Script duration 214.0
Run total estimated duration= 215.000
script duration name:unknown120_60 seconds:214.0
script duration name:co2 seconds:0.0
Script duration 214.0
Run total estimated duration= 215.000
script duration name:unknown120_60 seconds:214.0
script duration name:co2 seconds:0.0
Script duration 214.0
Run total estimated duration= 215.000
script duration name:unknown120_60 seconds:214.0
script duration name:co2 seconds:0.0
Script duration 214.0
Run total estimated duration= 215.000
script duration name:unknown120_60 seconds:214.0
script duration name:co2 seconds:0.0
Script duration 214.0
Run total estimated duration= 215.000
script duration name:unknown120_60 seconds:214.0
script duration name:co2 seconds:0.0
Script duration 214.0
Run total estimated duration= 215.000
script duration name:unknown400_120 seconds:556.0
script duration name:cocktail_x1 seconds:108.0
Script duration 664.0
Run total estimated duration= 665.000
script duration name:unknown120_60 seconds:214.0
script duration name:co2 seconds:0.0
Script duration 214.0
Run total estimated duration= 215.000
script duration name:unknown120_60 seconds:214.0
script duration name:co2 seconds:0.0
Script duration 214.0
Run total estimated duration= 215.000
script duration name:unknown120_60 seconds:214.0
script duration name:co2 seconds:0.0
Script duration 214.0
Run total estimated duration= 215.000
script duration name:unknown120_60 seconds:214.0
script duration name:co2 seconds:0.0
Script duration 214.0
Run total estimated duration= 215.000
script duration name:unknown120_60 seconds:214.0
script duration name:co2 seconds:0.0
Script duration 214.0
Run total estimated duration= 215.000
script duration name:unknown400_120 seconds:556.0
script duration name:co2 seconds:0.0
Script duration 556.0
Run total estimated duration= 557.000
script duration name:unknown120_60 seconds:214.0
script duration name:co2 seconds:0.0
Script duration 214.0
Run total estimated duration= 215.000
script duration name:unknown120_60 seconds:214.0
script duration name:co2 seconds:0.0
Script duration 214.0
Run total estimated duration= 215.000
script duration name:unknown120_60 seconds:214.0
script duration name:co2 seconds:0.0
Script duration 214.0
Run total estimated duration= 215.000
script duration name:unknown120_60 seconds:214.0
script duration name:co2 seconds:0.0
Script duration 214.0
Run total estimated duration= 215.000
script duration name:unknown120_60 seconds:214.0
script duration name:co2 seconds:0.0
Script duration 214.0
Run total estimated duration= 215.000
script duration name:unknown120_60 seconds:214.0
script duration name:co2 seconds:0.0
Script duration 214.0
Run total estimated duration= 215.000
script duration name:unknown120_60 seconds:214.0
script duration name:co2 seconds:0.0
Script duration 214.0
Run total estimated duration= 215.000
script duration name:unknown120_60 seconds:214.0
script duration name:co2 seconds:0.0
Script duration 214.0
Run total estimated duration= 215.000
script duration name:unknown120_60 seconds:214.0
script duration name:co2 seconds:0.0
Script duration 214.0
Run total estimated duration= 215.000
script duration name:unknown120_60 seconds:214.0
script duration name:co2 seconds:0.0
Script duration 214.0
Run total estimated duration= 215.000
script duration name:unknown120_60 seconds:214.0
script duration name:co2 seconds:0.0
Script duration 214.0
Run total estimated duration= 215.000
script duration name:unknown120_60 seconds:214.0
script duration name:co2 seconds:0.0
Script duration 214.0
Run total estimated duration= 215.000
script duration name:unknown120_60 seconds:214.0
script duration name:co2 seconds:0.0
Script duration 214.0
Run total estimated duration= 215.000
script duration name:unknown120_60 seconds:214.0
script duration name:co2 seconds:0.0
Script duration 214.0
Run total estimated duration= 215.000
script duration name:unknown120_60 seconds:214.0
script duration name:co2 seconds:0.0
Script duration 214.0
Run total estimated duration= 215.000
script duration name:unknown400_120 seconds:556.0
script duration name:co2 seconds:0.0
Script duration 556.0
Run total estimated duration= 557.000
script duration name:unknown400_120 seconds:556.0
script duration name:cocktail_x1 seconds:108.0
Script duration 664.0
Run total estimated duration= 665.000
script duration name:unknown400_120 seconds:556.0
script duration name:cocktail_x1 seconds:108.0
Script duration 664.0
Run total estimated duration= 665.000
script duration name:unknown400_120 seconds:556.0
script duration name:sniffair_x2 seconds:250.0
Script duration 806.0
Run total estimated duration= 807.000
script duration name:unknown400_120 seconds:556.0
script duration name:sniffair_x2 seconds:250.0
Script duration 806.0
Run total estimated duration= 807.000
script duration name:ic_peak_hop3 seconds:134.0
script duration name:air_x1 seconds:106.0
Script duration 240.0
Run total estimated duration= 241.000
script duration name:unknown120_60 seconds:214.0
script duration name:co2 seconds:0.0
Script duration 214.0
Run total estimated duration= 215.000
script duration name:unknown120_60 seconds:214.0
script duration name:co2 seconds:0.0
Script duration 214.0
Run total estimated duration= 215.000
script duration name:unknown120_60 seconds:214.0
script duration name:co2 seconds:0.0
Script duration 214.0
Run total estimated duration= 215.000
script duration name:unknown120_60 seconds:214.0
script duration name:co2 seconds:0.0
Script duration 214.0
Run total estimated duration= 215.000
script duration name:unknown120_60 seconds:214.0
script duration name:co2 seconds:0.0
Script duration 214.0
Run total estimated duration= 215.000
script duration name:unknown120_60 seconds:214.0
script duration name:co2 seconds:0.0
Script duration 214.0
Run total estimated duration= 215.000
script duration name:unknown120_60 seconds:214.0
script duration name:co2 seconds:0.0
Script duration 214.0
Run total estimated duration= 215.000
script duration name:unknown120_60 seconds:214.0
script duration name:co2 seconds:0.0
Script duration 214.0
Run total estimated duration= 215.000
script duration name:unknown120_60 seconds:214.0
script duration name:co2 seconds:0.0
Script duration 214.0
Run total estimated duration= 215.000
script duration name:unknown120_60 seconds:214.0
script duration name:co2 seconds:0.0
Script duration 214.0
Run total estimated duration= 215.000
script duration name:unknown120_60 seconds:214.0
script duration name:co2 seconds:0.0
Script duration 214.0
Run total estimated duration= 215.000
script duration name:unknown120_60 seconds:214.0
script duration name:co2 seconds:0.0
Script duration 214.0
Run total estimated duration= 215.000
script duration name:unknown120_60 seconds:214.0
script duration name:co2 seconds:0.0
Script duration 214.0
Run total estimated duration= 215.000
nruns=147 before=5.0, run_dur=41597.0, btw=4380.0
write rem/ex queues
/Users/jan/PychronDev/experiments/rem/CurrentExperiment.rem.txt
/Users/jan/PychronDev/experiments/rem/CurrentExperiment.ex.txt
doing event level: 3
