do run
loading script "jan_unknown120_60.py"
loading script "jan_pump_ms.py"
loading script "jan_co2.py"
loading script "jan_pump_extraction_line.py"
testing...
no interpolation path defined
executed 213.652928
script duration name:unknown120_60 seconds:214.0
loading script "jan_unknown120_60.py"
loading script "jan_pump_ms.py"
loading script "jan_co2.py"
loading script "jan_pump_extraction_line.py"
testing...
no interpolation path defined
executed 0
loading script "jan_unknown120_60.py"
loading script "jan_pump_ms.py"
loading script "jan_co2.py"
loading script "jan_pump_extraction_line.py"
testing...
no interpolation path defined
calculate duration
testing...
no interpolation path defined
executed 0
calculate duration
testing...
no interpolation path defined
executed 0
executed 0.0
script duration name:co2 seconds:0.0
loading script "jan_unknown120_60.py"
loading script "jan_pump_ms.py"
loading script "jan_co2.py"
loading script "jan_pump_extraction_line.py"
testing...
no interpolation path defined
calculate duration
testing...
no interpolation path defined
executed 4.0
executed 4.0
Script duration 214.0
Run total estimated duration= 215.000
run duration: 0:03:35
doing event level: 2
07:58:26 -- Setting default integration. t=1.048576
setting integration time = 1.048576
SetIntegrationTime 1.048576 ===>> OK
----------------- start -----------------
**************** Experiment Type: Ar/Ar, Ar/Ar
create new session 4993924272
close session 4993924272
$$$$$ Clearing conditionals
adding conditionals 
Add queue conditionals
add default conditionals
adding default conditionals from /Users/jan/PychronDev/setupfiles/spectrometer/default_conditionals.yaml
Start automated run 65576-02B
loading script "jan_unknown120_60.py"
loading script "jan_pump_ms.py"
loading script "jan_co2.py"
loading script "jan_pump_extraction_line.py"
%%%%%%%%%%%%%%%%%% setting automated run 65576-02B
No value "sensitivity_multiplier" in metadata
$$$$$$$$$$$$$$$ auto_save_detector_ic=False
============================= Pre Extraction Check =============================
loading queue conditionals pre_run_terminations
loading system conditionals pre_run_terminations
loading conditionals from /Users/jan/PychronDev/setupfiles/spectrometer/default_conditionals.yaml
07:58:26 -- ******* Pre Extraction Check *******
Get a measurement from the spectrometer
GetData ===>> H2,-0.110905157489155,H1,-0.0110597716511006,AX,-0.173292598384789,L1,-0.00261720582957042,L2,-0....
Pre Extraction Termination data. keys=H2,H1,AX,L1,L2,CDD, signals=-0.11091,-0.01106,-0.17329,-0.00262,-0.06016,0.00000
07:58:26 -- testing system defined conditionals
Checking default pre extraction terminations n=2
testing CDD
evaluate ot="CDD.inactive" t="CDD", ctx="{'CDD': False}"
GetDeflection CDD ===>> 50
testing CDD==2000
evaluate ot="CDD.deflection==2000" t="CDD==2000", ctx="{'CDD': 50.0}"
07:58:26 -- ******* Pre Extraction Check Passed *******
=================================================================================
07:58:26 -- stopping status monitor
stop 5064012720
Alive clients [4977824688, 4983939824]
07:58:26 -- starting status monitor
start 5064012720
Monitor already running
start extraction
do extraction
Analysis started at 07:58:26.362282
Extraction Started jan_co2.py
07:58:26 -- ******* Extraction Started jan_co2.py *******
state changed from not run to extraction
DO EXTRACTION <pychron.extraction_line.pyscript_runner.RemotePyScriptRunner object at 0x12c3c43b0>
testing...
no interpolation path defined
calculate duration
testing...
no interpolation path defined
executed 0
calculate duration
testing...
no interpolation path defined
executed 0
executed 100.0
Jan CO2 laser analysis
doing GOSUB
testing...
no interpolation path defined
executed 0
Waiting for CO2 access
wait ('FelixCO2Flag', 0) {}
waiting for FelixCO2Flag = 0
Read FelixCO2Flag ===>> 0
finished waiting
CO2 free
wait ('CO2PumpTimeFlag', 0) {}
waiting for CO2PumpTimeFlag = 0
Read CO2PumpTimeFlag ===>> 0
finished waiting
acquire ('JanCO2Flag',) {'clear': True}
acquire JanCO2Flag
Set JanCO2Flag 1 ===>> OK
JanCO2Flag acquired
set extraction state False (0.75, 'red', 1.5)
CO2 acquired
executed 0
WaitForCO2Access.py completed successfully
gosub finished
doing GOSUB
testing...
no interpolation path defined
executed 0
Prepare for CO2 analysis
close () {'description': 'Jan Inlet'}
closing name=--- desc=Jan Inlet
checking ownership. requestor=129.138.12.150
check software interlocks R
interlocks []
actuate state mode=None-script, software_lock=False
doing actuation None-script close_channel False
Close R ===>> OK
GetIndicatorState R ===>> False
change switch state (True, True)
update switch state R False args=() kw={} ncanvase=3
07:58:26 -- CLOSE  VALVE-R (Jan Inlet)
---------------------------------------- close None (Jan Inlet) result=[(True, True)]
Get Checksum: 2035211824
action=close, ok=True, locked=[False]
open () {'description': 'Jan Ion Pump'}
opening name=--- desc=Jan Ion Pump
checking ownership. requestor=129.138.12.150
check software interlocks O
interlocks []
actuate state mode=None-script, software_lock=False
doing actuation None-script open_channel False
Open O ===>> OK
GetIndicatorState O ===>> OK
change switch state (True, True)
update switch state O True args=() kw={} ncanvase=3
07:58:27 -- OPEN   VALVE-O (Jan Ion Pump)
---------------------------------------- open None (Jan Ion Pump) result=[(True, True)], time=0.10 sec
action=open, ok=True, locked=[False]
close () {'description': 'Microbone to Minibone'}
closing name=--- desc=Microbone to Minibone
checking ownership. requestor=129.138.12.150
check software interlocks L
interlocks []
actuate state mode=None-script, software_lock=False
doing actuation None-script close_channel False
Close L ===>> OK
GetIndicatorState L ===>> False
change switch state (True, True)
update switch state L False args=() kw={} ncanvase=3
07:58:27 -- CLOSE  VALVE-L (Microbone to Minibone)
---------------------------------------- close None (Microbone to Minibone) result=[(True, True)]
action=close, ok=True, locked=[False]
open () {'description': 'Microbone to Turbo'}
opening name=--- desc=Microbone to Turbo
checking ownership. requestor=129.138.12.150
check software interlocks U
interlocks []
actuate state mode=None-script, software_lock=False
doing actuation None-script open_channel False
Open U ===>> OK
GetIndicatorState U ===>> OK
change switch state (True, True)
update switch state U True args=() kw={} ncanvase=3
07:58:28 -- OPEN   VALVE-U (Microbone to Turbo)
---------------------------------------- open None (Microbone to Turbo) result=[(True, True)], time=0.14 sec
action=open, ok=True, locked=[False]
open () {'description': 'Microbone to Inlet Pipette'}
opening name=--- desc=Microbone to Inlet Pipette
checking ownership. requestor=129.138.12.150
check software interlocks S
interlocks []
actuate state mode=None-script, software_lock=False
doing actuation None-script open_channel False
Open S ===>> OK
GetIndicatorState S ===>> OK
change switch state (True, True)
update switch state S True args=() kw={} ncanvase=3
07:58:28 -- OPEN   VALVE-S (Microbone to Inlet Pipette)
---------------------------------------- open None (Microbone to Inlet Pipette) result=[(True, True)], time=0.40 sec
action=open, ok=True, locked=[False]
open () {'description': 'Microbone to Getter D-50'}
opening name=--- desc=Microbone to Getter D-50
checking ownership. requestor=129.138.12.150
check software interlocks K
interlocks []
actuate state mode=None-script, software_lock=False
doing actuation None-script open_channel False
Open K ===>> OK
GetIndicatorState K ===>> OK
change switch state (True, True)
update switch state K True args=() kw={} ncanvase=3
07:58:29 -- OPEN   VALVE-K (Microbone to Getter D-50)
---------------------------------------- open None (Microbone to Getter D-50) result=[(True, True)], time=0.40 sec
action=open, ok=True, locked=[False]
open () {'description': 'Microbone to Getter NP-10'}
opening name=--- desc=Microbone to Getter NP-10
checking ownership. requestor=129.138.12.150
check software interlocks M
interlocks []
actuate state mode=None-script, software_lock=False
doing actuation None-script open_channel False
Open M ===>> OK
GetIndicatorState M ===>> OK
change switch state (True, True)
update switch state M True args=() kw={} ncanvase=3
07:58:29 -- OPEN   VALVE-M (Microbone to Getter NP-10)
---------------------------------------- open None (Microbone to Getter NP-10) result=[(True, True)], time=0.13 sec
Get Checksum: 2035211824
action=open, ok=True, locked=[False]
close () {'description': 'CO2 Laser to Felix'}
closing name=--- desc=CO2 Laser to Felix
checking ownership. requestor=129.138.12.150
check software interlocks F
interlocks []
actuate state mode=None-script, software_lock=True
VALVE-F(CO2 Laser to Felix) software locked
change switch state (True, False)
---------------------------------------- close None (CO2 Laser to Felix) result=[(True, False)]
action=close, ok=True, locked=[True]
open () {'description': 'CO2 Laser to Jan'}
opening name=--- desc=CO2 Laser to Jan
checking ownership. requestor=129.138.12.150
check software interlocks A
interlocks []
actuate state mode=None-script, software_lock=False
doing actuation None-script open_channel False
Open A ===>> OK
GetIndicatorState A ===>> OK
change switch state (True, True)
update switch state A True args=() kw={} ncanvase=3
07:58:30 -- OPEN   VALVE-A (CO2 Laser to Jan)
---------------------------------------- open None (CO2 Laser to Jan) result=[(True, True)], time=0.13 sec
action=open, ok=True, locked=[False]
open () {'description': 'Microbone to CO2 Laser'}
opening name=--- desc=Microbone to CO2 Laser
checking ownership. requestor=129.138.12.150
check software interlocks T
interlocks []
actuate state mode=None-script, software_lock=False
doing actuation None-script open_channel False
Open T ===>> OK
GetIndicatorState T ===>> OK
change switch state (True, True)
update switch state T True args=() kw={} ncanvase=3
07:58:31 -- OPEN   VALVE-T (Microbone to CO2 Laser)
---------------------------------------- open None (Microbone to CO2 Laser) result=[(True, True)], time=0.40 sec
action=open, ok=True, locked=[False]
executed 0
PrepareForCO2Analysis.py completed successfully
gosub finished
set_motor ('beam', '1.25') {}
setting motor "beam" to 1.25
set motor beam to 1.25
SetMotor beam,1.25 ===>> OK
GetMotorMoving beam ===>> False
GetMotorMoving beam ===>> False
Block completed
move_to_position ('114',) {'autocenter': True}
FusionsCO2 move to position 114
sending GoToHole 114,True
GoToHole 114,True ===>> OK
GetDriveMoving ===>> False
Get Checksum: 2035211824
GetDriveMoving ===>> False
Block completed
GetAutoCorrecting ===>> False
GetAutoCorrecting ===>> False
Block completed
update position
GetPosition ===>> 5.98170,0.00000,1.00000
got position (5.9817, 0.0, 1.0)
move to position succeeded
sleep (5,) {}
SLEEP 5.0
block started
WaitControl setup for 5.0  
Get Checksum: 2035211824
Get Checksum: 2035211824
Join finished
block finished. duration 5.00766611099
close () {'description': 'Microbone to Turbo'}
closing name=--- desc=Microbone to Turbo
checking ownership. requestor=129.138.12.150
check software interlocks U
interlocks []
actuate state mode=None-script, software_lock=False
doing actuation None-script close_channel True
Close U ===>> OK
GetIndicatorState U ===>> False
change switch state (True, True)
update switch state U False args=() kw={} ncanvase=3
07:58:39 -- CLOSE  VALVE-U (Microbone to Turbo)
---------------------------------------- close None (Microbone to Turbo) result=[(True, True)]
action=close, ok=True, locked=[False]
enable laser
enable () {}
set extraction state FusionsCO2 Enabled (False, 'red', 1.5)
enabling laser
Enable ===>> OK
begin interval
BEGIN INTERVAL Interval 1 waiting for 30.0
block started
set extract to 0.4
WaitControl setup for 30.0  
extract (0.4,) {}
GetPosition ===>> 5.98170,0.00000,1.00000
set extraction state FusionsCO2 ON! 0.4(watts) (0.75, 'red', 1.5)
extract sample to 0.4 (watts)
set laser output
SetLaserOutput 0.4,watts ===>> OK
executing pattern triangle.lp
execute_pattern ('triangle.lp',) {}
executing pattern triangle.lp
IsPatterning ===>> OK
Get Checksum: 1223320555
IsPatterning ===>> OK
IsPatterning ===>> OK
IsPatterning ===>> OK
Get Checksum: 1223320555
IsPatterning ===>> OK
IsPatterning ===>> OK
IsPatterning ===>> OK
Get Checksum: 1223320555
IsPatterning ===>> OK
IsPatterning ===>> OK
IsPatterning ===>> OK
Get Checksum: 1223320555
IsPatterning ===>> OK
IsPatterning ===>> OK
IsPatterning ===>> OK
Get Checksum: 1223320555
IsPatterning ===>> OK
IsPatterning ===>> OK
IsPatterning ===>> OK
Get Checksum: 1223320555
IsPatterning ===>> OK
IsPatterning ===>> OK
IsPatterning ===>> OK
Get Checksum: 1223320555
IsPatterning ===>> OK
IsPatterning ===>> OK
IsPatterning ===>> OK
Get Checksum: 1223320555
IsPatterning ===>> OK
IsPatterning ===>> OK
IsPatterning ===>> OK
Get Checksum: 1223320555
IsPatterning ===>> OK
IsPatterning ===>> False
IsPatterning ===>> False
Block completed
COMPLETE INTERVAL waiting for Interval 1 to complete
Get Checksum: 1223320555
Join finished
block finished. duration 30.0347921848
Interval 1 finished
end_extract () {}
ending extraction. set laser power to 0
set laser power 0
SetLaserPower 0 ===>> OK
disable () {}
%%%%%%%%%%%%%%%%%%%%%%%%%%%%%%%%%%% disable
set extraction state False (0.75, 'red', 1.5)
disabling laser
Disable ===>> OK
sleep (30.0,) {}
SLEEP 30.0
block started
WaitControl setup for 30.0  
Get Checksum: 1223320555
Get Checksum: 1223320555
Get Checksum: 1223320555
Get Checksum: 1223320555
Get Checksum: 1223320555
Get Checksum: 1223320555
Get Checksum: 1223320555
Get Checksum: 1223320555
Get Checksum: 1223320555
Get Checksum: 1223320555
Join finished
block finished. duration 30.0326108932
executed 166.5
jan_co2.py completed successfully
GetAchievedOutput ===>> No Response
Requested Output= 0.000
Achieved Output=  0.000
GetResponseBlob ===>> No Response
GetOutputBlob ===>> No Response
persistence save...
persistence save - db
AutomatedRunPersister post_extraction_save deprecated
persistence save - dvc
no extraction position for 114
create new session 4983587952
close session 4983587952
Extraction Finished
07:59:40 -- ******* Extraction Finished *******
no overlap. not waiting for min ms pumptime
07:59:40 -- Sending spectrometer configuration
======== Sending configuration ========
SetDeflection CDD,50.0 ===>> OK
SetDeflection H2,0.0 ===>> OK
SetDeflection H1,0.0 ===>> OK
SetDeflection L2,825.0 ===>> OK
SetDeflection L1,400.0 ===>> OK
SetDeflection AX,190.0 ===>> OK
SetZFocus 74.64 ===>> OK
SetZSymmetry -50.72 ===>> OK
SetExtractionLens 26.13 ===>> OK
SetIonRepeller -3.81 ===>> OK
SetElectronEnergy 75.08 ===>> OK
SetYSymmetry -2.81 ===>> OK
SetIonCounterVoltage 1590.0 ===>> OK
send trap current 200.0
GetParameter Trap Current Readback ===>> 198.258926936459
SetParameter Trap Current Set,200.0 ===>> OK
updating mftable name mftable
Using mftable located at /Users/jan/PychronDev/setupfiles/spectrometer/mftables/mftable.csv
============ MFtable ===========
Isotope  H2     H1     AX     L1     L2     CDD    
Ar40     5.7839 5.8789 5.9923 6.1238 6.2307 6.3520
Ar39     5.6831 5.7711 5.8847 6.0098 6.1158 6.2385
Ar36     5.3606 5.4402 5.5481 5.6687 5.7708 5.8896
================================
get initial guess parabolic
get initial guess parabolic
get initial guess parabolic
get initial guess parabolic
get initial guess parabolic
get initial guess parabolic
======== Configuration Finished ========
GetYSymmetry ===>> -2.81
GetZSymmetry ===>> -50.72
GetParameter Trap Current Readback ===>> 197.923274125618
GetHighVoltage ===>> 4500
start measurement
do measurement
L#=65576 analysis type=unknown
Measurement Started jan_unknown120_60.py
07:59:40 -- ******* Measurement Started jan_unknown120_60.py *******
state changed from extraction to measurement
setting spec, defl, and gains
GetExtractionLens ===>> 26.13
GetYSymmetry ===>> -2.81
GetZSymmetry ===>> -50.72
GetZFocus ===>> 74.64
GetDeflection H2 ===>> 0
GetDeflection H1 ===>> 0
GetDeflection AX ===>> 190
GetDeflection L1 ===>> 400
GetDeflection L2 ===>> 825
GetDeflection CDD ===>> 50
GetGain H2 ===>> 0.0113
GetGain H1 ===>> 0.1
GetGain AX ===>> 0.097049
GetGain L1 ===>> 0.010355
GetGain L2 ===>> 0.095649
GetGain CDD ===>> 0
pre measurement save
New frame /Users/jan/PychronDev/data/isotopes/22/62d65c-c65d-469c-bb2b-a3fc5e5a7128.h5
flush and close file /Users/jan/PychronDev/data/isotopes/22/62d65c-c65d-469c-bb2b-a3fc5e5a7128.h5
testing...
no interpolation path defined
executed 226.132928
unknown measurement script
activate_detectors ('H2', 'H1', 'AX', 'L1', 'L2', 'CDD') {}
activate detectors
*************** Set Analysis View Ar/Ar
create graphs
clearing graphs
clear isotope group
setting isotope det=H2, iso=PM41
setting isotope det=H1, iso=Ar40
setting isotope det=AX, iso=Ar39
setting isotope det=L1, iso=Ar38
setting isotope det=L2, iso=Ar37
setting isotope det=CDD, iso=Ar36
setting previous blanks
 - setting Ar40 blank 0.526+/-0.007
 - setting Ar36 blank 0.00485+/-0.00017
 - setting Ar37 blank 0.046+/-0.005
 - setting Ar38 blank 0.0061+/-0.0022
 - setting PM41 blank 0.01+/-0.07
 - setting Ar39 blank 0.012+/-0.009
load analysis view
position_magnet ('Ar40',) {'detector': 'H1'}
detector Detector(H1)
POSITION Ar40 H1
setting detector H2 to PM41 (40.9624)
setting detector H1 to Ar40 (39.9624)
setting detector AX to Ar39 (38.9624)
setting detector L1 to Ar38 (37.9624)
setting detector L2 to Ar37 (36.9624)
setting detector CDD to Ar36 (35.9624)
Mapping mass to dac mass func: "parabolic"
H1 map mass coeffs = [-0.00063987  0.15840543  0.57047999]
H1 map mass to dac 39.9624 >> 5.87887
GetDeflection H1 ===>> 0
GetHighVoltage ===>> 4500
positioning Ar40 (5.87887) on H1
setting magnet DAC
current  : 5.239526
requested: 5.878870
Delta Dac: 0.639344
Checking detector protection. dv=0.63934
Checking detector "CDD". Protection Threshold: 0.1 (V)
ProtectDetector CDD,On ===>> OK
GetDeflection CDD ===>> 2000
SetMagnetDAC 5.87887 ===>> OK
Magnet settling time: 0.500
GetMagnetMoving ===>> True
GetMagnetMoving ===>> True
GetMagnetMoving ===>> True
Get Checksum: 1223320555
GetMagnetMoving ===>> True
GetMagnetMoving ===>> True
GetMagnetMoving ===>> True
GetMagnetMoving ===>> True
GetMagnetMoving ===>> True
GetMagnetMoving ===>> False
ProtectDetector CDD,Off ===>> OK
GetDeflection CDD ===>> 50
equilibrate () {'delay': 3, 'inlet': 'R', 'outlet': 'O', 'eqtime': 12.0}
Equilibration Started
07:59:44 -- ******* Equilibration Started *******
checking ownership. requestor=129.138.12.150
check software interlocks O
interlocks []
actuate state mode=None-script, software_lock=False
doing actuation None-script close_channel True
Close O ===>> OK
GetIndicatorState O ===>> False
change switch state (True, True)
update switch state O False args=() kw={} ncanvase=3
07:59:44 -- CLOSE  VALVE-O (Jan Ion Pump)
waiting 3s before opening inlet value ('R',)
Get Checksum: 1281862853
checking ownership. requestor=129.138.12.150
check software interlocks R
interlocks []
actuate state mode=None-script, software_lock=False
doing actuation None-script open_channel True
Open R ===>> OK
GetIndicatorState R ===>> OK
change switch state (True, True)
update switch state R True args=() kw={} ncanvase=3
07:59:47 -- OPEN   VALVE-R (Jan Inlet)
equilibrating for 12.0sec
set_time_zero () {}
sniff (12.0,) {}
py_sniff
build tables- sniff [Detector(H2), Detector(H1), Detector(AX), Detector(L1), Detector(L2), Detector(CDD)]
add group /sniff/PM41 (Group) '' table H2
add group /sniff/Ar40 (Group) '' table H1
add group /sniff/Ar39 (Group) '' table AX
add group /sniff/Ar38 (Group) '' table L1
add group /sniff/Ar37 (Group) '' table L2
add group /sniff/Ar36 (Group) '' table CDD
flush and close file /Users/jan/PychronDev/data/isotopes/22/62d65c-c65d-469c-bb2b-a3fc5e5a7128.h5
measuring sniff. ncounts=12.0
starting measurement
GetData ===>> H2,-0.155138742775433,H1,-0.0800829044403926,AX,-0.0840225704406795,L1,-0.0341350533742172,L2,0.0...
GetData ===>> H2,0.476819885686988,H1,0.222572687597445,AX,0.888437908128647,L1,0.103681046964413,L2,0.21137847...
GetData ===>> H2,0.903141273412707,H1,0.474752178949323,AX,0.745272028504956,L1,0.360303006536615,L2,0.09280175...
Get Checksum: 594863745
GetData ===>> H2,0.290138343364707,H1,0.492226178042432,AX,0.238343051152293,L1,0.271021666496682,L2,0.10508941...
GetData ===>> H2,-0.0835622928141484,H1,0.48243701709525,AX,0.156125390273465,L1,0.150467929554757,L2,0.0493987...
GetData ===>> H2,-0.145999421034699,H1,0.54460664190843,AX,0.0226941763671459,L1,0.092486061718741,L2,0.0453847...
Get Checksum: 594863745
GetData ===>> H2,-0.0755719507095973,H1,0.584331671690452,AX,-0.0237898882144244,L1,0.051671929748536,L2,0.0554...
GetData ===>> H2,-0.163949982226171,H1,0.599646932054809,AX,0.0214061980356318,L1,0.0607980007769897,L2,0.00664...
GetData ===>> H2,-0.118893930723396,H1,0.690582354566538,AX,0.0649263896770904,L1,-0.000321634670420089,L2,0.04...
Get Checksum: 594863745
GetData ===>> H2,-0.0729813711066175,H1,0.648436963496546,AX,-0.0256571394958209,L1,0.0345860688191668,L2,-0.01...
GetData ===>> H2,-0.05460187295517,H1,0.581663705133173,AX,0.0188186894685071,L1,0.0319445752276549,L2,0.012481...
Equilibration Finished
07:59:59 -- ******* Equilibration Finished *******
checking ownership. requestor=129.138.12.150
check software interlocks R
interlocks []
actuate state mode=None-script, software_lock=False
doing actuation None-script close_channel True
GetData ===>> H2,-0.0501660368040008,H1,0.598857181812851,AX,0.0463565579443208,L1,0.032911920946519,L2,0.01773...
Close R ===>> OK
set states for children of R. state=False
handle state [('R', False)]
update switch state R False args=() kw={'refresh': False} ncanvase=3
refresh_canvas_needed fired
Get Checksum: 1281862853
GetIndicatorState R ===>> False
change switch state (True, True)
update switch state R False args=() kw={} ncanvase=3
08:00:00 -- CLOSE  VALVE-R (Jan Inlet)
Post Equilibration Started jan_pump_extraction_line.py
08:00:00 -- ******* Post Equilibration Started jan_pump_extraction_line.py *******
testing...
no interpolation path defined
calculate duration
testing...
no interpolation path defined
executed 4.0
executed 4.0
Pump after analysis
doing GOSUB
testing...
no interpolation path defined
executed 4.0
Pump Microbone
close () {'description': 'Jan Inlet'}
closing name=--- desc=Jan Inlet
checking ownership. requestor=129.138.12.150
check software interlocks R
interlocks []
actuate state mode=None-script, software_lock=False
doing actuation None-script close_channel False
Close R ===>> OK
measurement finished
estimated time: 12.583 actual time: :12.647
flush and close file /Users/jan/PychronDev/data/isotopes/22/62d65c-c65d-469c-bb2b-a3fc5e5a7128.h5
set_fits () {}
using default fits file=/Users/jan/PychronDev/scripts/measurement/fits/nominal_linear.yaml
set "Ar40" to "('Linear', 'SEM')"
No fit for "PM41". defaulting to linear. check the measurement script "jan_unknown120_60.py"
set "PM41" to "linear"
set "Ar36" to "('Linear', 'SEM')"
set "Ar37" to "('linear', 'SEM')"
set "Ar38" to "('linear', 'SEM')"
set "Ar39" to "('Linear', 'SEM')"
set_baseline_fits () {}
using default fits file=/Users/jan/PychronDev/scripts/measurement/fits/nominal_linear.yaml
GetIndicatorState R ===>> False
set "H1" to "('average', 'SEM')"
change switch state (True, True)
set "H2" to "('average', 'SEM')"
update switch state R False args=() kw={} ncanvase=3
set "CDD" to "('average', 'SEM')"
set "L2" to "('average', 'SEM')"
set "L1" to "('average', 'SEM')"
set "AX" to "('average', 'SEM')"
multicollect () {'integration_time': 1, 'ncounts': 120}
build tables- signal [Detector(H2), Detector(H1), Detector(AX), Detector(L1), Detector(L2), Detector(CDD)]
08:00:00 -- CLOSE  VALVE-R (Jan Inlet)
---------------------------------------- close None (Jan Inlet) result=[(True, True)]
add group /signal/PM41 (Group) '' table H2
add group /signal/Ar40 (Group) '' table H1
add group /signal/Ar39 (Group) '' table AX
add group /signal/Ar38 (Group) '' table L1
add group /signal/Ar37 (Group) '' table L2
add group /signal/Ar36 (Group) '' table CDD
flush and close file /Users/jan/PychronDev/data/isotopes/22/62d65c-c65d-469c-bb2b-a3fc5e5a7128.h5
measuring signal. ncounts=120
action=close, ok=True, locked=[False]
is_closed ('F',) {}
is F () closed?
is closed True
open () {'description': 'CO2 Laser to Jan'}
opening name=--- desc=CO2 Laser to Jan
checking ownership. requestor=129.138.12.150
check software interlocks A
interlocks []
actuate state mode=None-script, software_lock=False
doing actuation None-script open_channel False
Open A ===>> OK
GetIndicatorState A ===>> OK
change switch state (True, True)
update switch state A True args=() kw={} ncanvase=3
08:00:01 -- OPEN   VALVE-A (CO2 Laser to Jan)
---------------------------------------- open None (CO2 Laser to Jan) result=[(True, True)], time=0.12 sec
starting measurement
GetData ===>> H2,-0.0974734136985284,H1,0.620996474070545,AX,0.016672153836634,L1,0.0190740419823606,L2,0.10078...
action=open, ok=True, locked=[False]
sleep (1,) {}
SLEEP 1.0
GetData ===>> H2,0.0437968453645538,H1,0.736815475566366,AX,0.166097481812146,L1,0.0369264956483762,L2,0.028543...
close () {'description': 'CO2 Laser to Roughing'}
closing name=--- desc=CO2 Laser to Roughing
checking ownership. requestor=129.138.12.150
check software interlocks G
interlocks []
actuate state mode=None-script, software_lock=True
VALVE-G(CO2 Laser to Roughing) software locked
change switch state (True, False)
---------------------------------------- close None (CO2 Laser to Roughing) result=[(True, False)]
action=close, ok=True, locked=[True]
open () {'description': 'Microbone to Turbo'}
opening name=--- desc=Microbone to Turbo
checking ownership. requestor=129.138.12.150
check software interlocks U
interlocks []
actuate state mode=None-script, software_lock=False
doing actuation None-script open_channel True
Open U ===>> OK
GetIndicatorState U ===>> OK
change switch state (True, True)
update switch state U True args=() kw={} ncanvase=3
08:00:02 -- OPEN   VALVE-U (Microbone to Turbo)
---------------------------------------- open None (Microbone to Turbo) result=[(True, True)], time=0.18 sec
action=open, ok=True, locked=[False]
open () {'description': 'Microbone to Getter NP-10'}
opening name=--- desc=Microbone to Getter NP-10
checking ownership. requestor=129.138.12.150
check software interlocks M
interlocks []
actuate state mode=None-script, software_lock=False
doing actuation None-script open_channel False
Open M ===>> OK
GetIndicatorState M ===>> OK
change switch state (True, True)
update switch state M True args=() kw={} ncanvase=3
08:00:03 -- OPEN   VALVE-M (Microbone to Getter NP-10)
---------------------------------------- open None (Microbone to Getter NP-10) result=[(True, True)], time=0.19 sec
Get Checksum: 799532470
action=open, ok=True, locked=[False]
open () {'description': 'Microbone to Getter D-50'}
opening name=--- desc=Microbone to Getter D-50
checking ownership. requestor=129.138.12.150
check software interlocks K
interlocks []
actuate state mode=None-script, software_lock=False
doing actuation None-script open_channel False
GetData ===>> H2,-0.16441844460886,H1,0.692245564086247,AX,0.0780440402546884,L1,0.0159200355669693,L2,0.075390...
Open K ===>> OK
GetIndicatorState K ===>> OK
change switch state (True, True)
update switch state K True args=() kw={} ncanvase=3
08:00:03 -- OPEN   VALVE-K (Microbone to Getter D-50)
---------------------------------------- open None (Microbone to Getter D-50) result=[(True, True)], time=0.40 sec
action=open, ok=True, locked=[False]
open () {'description': 'Microbone to CO2 Laser'}
opening name=--- desc=Microbone to CO2 Laser
checking ownership. requestor=129.138.12.150
check software interlocks T
interlocks []
actuate state mode=None-script, software_lock=False
doing actuation None-script open_channel False
Open T ===>> OK
GetIndicatorState T ===>> OK
change switch state (True, True)
update switch state T True args=() kw={} ncanvase=3
08:00:04 -- OPEN   VALVE-T (Microbone to CO2 Laser)
---------------------------------------- open None (Microbone to CO2 Laser) result=[(True, True)], time=0.40 sec
GetData ===>> H2,-0.188763522942917,H1,0.717819381623719,AX,-0.00264453718344107,L1,-0.022967911926162,L2,-0.00...
action=open, ok=True, locked=[False]
open () {'description': 'Microbone to Inlet Pipette'}
opening name=--- desc=Microbone to Inlet Pipette
checking ownership. requestor=129.138.12.150
check software interlocks S
interlocks []
actuate state mode=None-script, software_lock=False
doing actuation None-script open_channel False
Open S ===>> OK
GetIndicatorState S ===>> OK
change switch state (True, True)
update switch state S True args=() kw={} ncanvase=3
08:00:05 -- OPEN   VALVE-S (Microbone to Inlet Pipette)
---------------------------------------- open None (Microbone to Inlet Pipette) result=[(True, True)], time=0.41 sec
action=open, ok=True, locked=[False]
sleep (1,) {}
SLEEP 1.0
GetData ===>> H2,-0.135243708796572,H1,0.806306894698694,AX,0.023506423716176,L1,0.0168699770419686,L2,-0.04727...
set_resource () {'name': 'CO2PumpTimeFlag', 'value': 30}
Set CO2PumpTimeFlag 30 ===>> OK
release ('JanCO2Flag',) {}
release JanCO2Flag
Set JanCO2Flag 0 ===>> OK
executed 6.0
PumpMicrobone.py completed successfully
gosub finished
get_resource_value () {'name': 'JanMiniboneFlag'}
Read JanMiniboneFlag ===>> 0
Get Resource Value JanMiniboneFlag=0.0
get resource value 0.0
get_resource_value () {'name': 'JanMiniboneFlag'}
Read JanMiniboneFlag ===>> 0
Get Resource Value JanMiniboneFlag=0.0
executed 4.0
jan_pump_extraction_line.py completed successfully
Post Equilibration Finished
08:00:06 -- ******* Post Equilibration Finished *******
Get Checksum: 799532470
GetData ===>> H2,-0.0480676059258985,H1,0.741292708812336,AX,-0.0855641304911191,L1,0.0141933169195712,L2,0.039...
GetData ===>> H2,-0.0840769943394951,H1,0.692305392279935,AX,-0.031084722420603,L1,-0.0170067097524337,L2,0.016...
GetData ===>> H2,-0.178057635326159,H1,0.733715048611505,AX,-0.0180487359679641,L1,0.0180530255498182,L2,0.0720...
Get Checksum: 799532470
GetData ===>> H2,-0.151840641185416,H1,0.762771837183984,AX,-0.0268285024489629,L1,0.00346065902487539,L2,0.103...
GetData ===>> H2,-0.228302315481438,H1,0.703900768912536,AX,-0.0881140258331604,L1,-0.0207754346828689,L2,-0.03...
GetData ===>> H2,-0.133077276485486,H1,0.785824504598387,AX,-0.0527456497268628,L1,-0.00703527706568074,L2,0.00...
Get Checksum: 799532470
GetData ===>> H2,-0.171908511351661,H1,0.728077065639865,AX,-0.0282433973161209,L1,0.0284448806814415,L2,-0.007...
GetData ===>> H2,-0.300553628430565,H1,0.807037630176599,AX,0.00713514622694856,L1,0.00571771542202829,L2,0.119...
GetData ===>> H2,-0.244117489588058,H1,0.768651261890452,AX,-0.0189070307624361,L1,-0.014326910124175,L2,-0.057...
Get Checksum: 799532470
GetData ===>> H2,-0.109192449410915,H1,0.866713709289591,AX,-0.103238167612249,L1,-0.0139266187985002,L2,-0.000...
GetData ===>> H2,-0.0466611965274818,H1,0.831694081831525,AX,-0.0465655876101449,L1,0.0189443070998398,L2,0.075...
GetData ===>> H2,-0.102458242049131,H1,0.896931341838348,AX,0.00133450370110609,L1,0.00239820838597692,L2,-0.02...
Get Checksum: 799532470
GetData ===>> H2,-0.110810389879132,H1,0.895134558020217,AX,-0.123017691966277,L1,0.0182764391295735,L2,-0.0408...
GetData ===>> H2,-0.161061828168084,H1,0.856954504074792,AX,-0.112682320336338,L1,-0.0277276224001664,L2,0.0434...
GetData ===>> H2,-0.206548618207572,H1,0.880965048066185,AX,0.0714907932169805,L1,-0.0396420468942315,L2,-0.001...
Get Checksum: 799532470
GetData ===>> H2,-0.226362208208171,H1,0.92585199973072,AX,-0.00387417872612948,L1,0.00489424462852277,L2,0.087...
GetData ===>> H2,-0.0263073946042616,H1,0.937247633375438,AX,-0.0680028091456612,L1,-0.000696065683728226,L2,0....
GetData ===>> H2,-0.0768704075723631,H1,0.882126800864369,AX,-0.079513656870118,L1,-0.00330829464626181,L2,-0.0...
Get Checksum: 799532470
GetData ===>> H2,-0.27213767359501,H1,0.932382462519299,AX,-0.00535900818696853,L1,-0.000885676078846477,L2,-0....
08:00:26 -- collecting point 25
GetData ===>> H2,-0.272515216050944,H1,0.878701465194287,AX,-0.116297507926458,L1,0.0153796536975661,L2,-0.0639...
Get Checksum: 799532470
GetData ===>> H2,-0.17851651252867,H1,0.839318491002206,AX,-0.0685592560671858,L1,0.0181839501114574,L2,0.03977...
GetData ===>> H2,-0.174381897854768,H1,0.966959042025795,AX,-0.00771380846506697,L1,0.0282935309724245,L2,0.041...
GetData ===>> H2,-0.334104902406927,H1,0.9972907497519,AX,0.00381713639053272,L1,0.00360712993710987,L2,0.02209...
Get Checksum: 799532470
GetData ===>> H2,-0.149970427676219,H1,0.955847697614654,AX,0.0180993046863312,L1,0.00240541106381943,L2,0.0336...
GetData ===>> H2,-0.197146865297714,H1,0.940938609652631,AX,0.0096991403825085,L1,-0.0101338474800308,L2,0.0617...
GetData ===>> H2,-0.15359161209004,H1,0.993381881963873,AX,-0.117386672724394,L1,-0.0159668543789176,L2,0.00314...
Get Checksum: 799532470
GetData ===>> H2,-0.108524542940087,H1,0.975314334938937,AX,-0.0650350384884913,L1,-0.052624873428333,L2,-0.015...
GetData ===>> H2,-0.126962256991646,H1,0.987998444607041,AX,-0.0463684684761355,L1,-0.0686354069341806,L2,0.061...
GetData ===>> H2,-0.330200639602012,H1,1.00910220868113,AX,0.0646712451171939,L1,-0.0135119289569294,L2,0.01508...
Get Checksum: 799532470
GetData ===>> H2,-0.266743213590783,H1,0.979630109558927,AX,0.039543894864699,L1,0.0560257600321248,L2,0.032842...
GetData ===>> H2,-0.231336346920921,H1,1.09224474449257,AX,-0.0248336976941281,L1,-0.00768049148127257,L2,0.051...
GetData ===>> H2,-0.185893784249463,H1,1.08122600471006,AX,-0.0320588719326918,L1,-0.00549043214381069,L2,0.020...
Get Checksum: 799532470
GetData ===>> H2,-0.227097360918184,H1,1.07571109287556,AX,0.0116946938805252,L1,-0.00464114622302711,L2,0.1011...
GetData ===>> H2,-0.247763599412135,H1,1.02246222027411,AX,-0.0403155571746338,L1,-0.0309330459318658,L2,-0.061...
GetData ===>> H2,-0.172581699991346,H1,1.07113154794549,AX,-0.0496150856971633,L1,-0.0323150395998545,L2,-0.011...
Get Checksum: 799532470
GetData ===>> H2,-0.148283595098155,H1,1.10123808124751,AX,-0.0063914153219152,L1,-0.000291631582888269,L2,-0.0...
GetData ===>> H2,-0.191070383947635,H1,1.07615467243367,AX,-0.0500440948708692,L1,0.00304526949952032,L2,0.0911...
GetData ===>> H2,-0.199034853023357,H1,1.13619981616868,AX,-0.0653596428127517,L1,-0.0231980403808387,L2,-0.004...
Get Checksum: 799532470
GetData ===>> H2,-0.186342903220578,H1,1.15418315222267,AX,-0.0525253540706972,L1,-0.0228300720492963,L2,0.0737...
GetData ===>> H2,-0.17302417494048,H1,1.09386348580427,AX,-0.00146128254287704,L1,-0.0519238511320067,L2,0.0452...
Get Checksum: 799532470
GetData ===>> H2,-0.14620205708344,H1,1.05132921345403,AX,0.0304224042171421,L1,-0.0339386993231267,L2,0.110367...
GetData ===>> H2,-0.13641195003276,H1,1.12686750300648,AX,-0.0655683164493903,L1,0.00646993373221807,L2,0.12345...
GetData ===>> H2,-0.124911233276452,H1,1.03973970325717,AX,-0.0235811249751491,L1,-0.00651355859204587,L2,-0.11...
Get Checksum: 799532470
GetData ===>> H2,-0.0332417729331927,H1,1.11291862745009,AX,0.0432461177070465,L1,-0.0298179715109592,L2,0.0851...
08:00:52 -- collecting point 50
GetData ===>> H2,-0.127801758342337,H1,1.08948694888571,AX,0.0789023743006529,L1,-0.0169527406642826,L2,0.06838...
GetData ===>> H2,-0.189252978103965,H1,1.18742298832191,AX,0.0439192642582223,L1,0.0304294536819577,L2,-0.01091...
Get Checksum: 799532470
GetData ===>> H2,-0.184972562555073,H1,1.18586275057619,AX,-0.00390897967580712,L1,-0.00495903705456383,L2,-0.0...
GetData ===>> H2,-0.139403667489093,H1,1.24064844068716,AX,0.0101748209331251,L1,-0.0236007525079237,L2,0.02277...
GetData ===>> H2,-0.177002147187947,H1,1.20798437943763,AX,-0.00563741118932244,L1,0.00297443889131176,L2,0.038...
Get Checksum: 799532470
GetData ===>> H2,-0.226263914935211,H1,1.23324662167252,AX,-0.0132351857237208,L1,0.00583768267945638,L2,-0.066...
GetData ===>> H2,-0.17635962797866,H1,1.19727704826162,AX,-0.0197885148352466,L1,0.0183545149353375,L2,-0.01861...
GetData ===>> H2,-0.262060279023995,H1,1.21404677011545,AX,-0.0639800669563486,L1,0.00402254263583297,L2,-0.042...
Get Checksum: 799532470
GetData ===>> H2,-0.216907329866334,H1,1.19870542685832,AX,0.00339949281665221,L1,-0.0253156941489415,L2,0.0482...
GetData ===>> H2,-0.272937081279742,H1,1.17904599537459,AX,0.0856069194874569,L1,-0.046585624767981,L2,-0.08594...
GetData ===>> H2,-0.240436549919961,H1,1.32278874556235,AX,-0.0933990506530489,L1,0.00728460033039806,L2,0.0079...
Get Checksum: 799532470
GetData ===>> H2,-0.139092771097257,H1,1.29736178093547,AX,0.0040259588494419,L1,0.0214840508821072,L2,0.064714...
GetData ===>> H2,-0.164132239345439,H1,1.24671905806031,AX,0.0194800640392253,L1,-0.03205997187431,L2,0.0169611...
GetData ===>> H2,-0.162929288180024,H1,1.23629365795483,AX,-0.00730781248143321,L1,-0.0474821088769951,L2,0.060...
Get Checksum: 799532470
GetData ===>> H2,-0.161680298032102,H1,1.32775963858467,AX,0.0407392680420907,L1,0.0192974781943181,L2,0.041131...
GetData ===>> H2,-0.303934160483071,H1,1.27022515596165,AX,-0.011808473290396,L1,0.0198056338263779,L2,-0.05133...
GetData ===>> H2,-0.263437260858235,H1,1.33702968833977,AX,0.0312231115451702,L1,0.034104106887583,L2,0.0677259...
Get Checksum: 799532470
GetData ===>> H2,-0.191140485745711,H1,1.33460402299395,AX,-0.0179907428034807,L1,0.0291223786485592,L2,0.14323...
GetData ===>> H2,-0.202661602513878,H1,1.2429278786197,AX,-0.117015894587729,L1,-0.000693665529262395,L2,-0.082...
Get Checksum: 799532470
GetData ===>> H2,-0.209832132375587,H1,1.38601179979048,AX,-0.104431773722053,L1,-0.0225975378890562,L2,0.07509...
GetData ===>> H2,-0.0759555395090702,H1,1.3669950731577,AX,0.00939749050600109,L1,-0.0100882871778118,L2,0.1010...
GetData ===>> H2,-0.160687759052838,H1,1.26734509413258,AX,0.00257581213105432,L1,-0.010332871645235,L2,-0.0230...
Get Checksum: 799532470
GetData ===>> H2,-0.121700779136603,H1,1.36183006271098,AX,0.0813034299898566,L1,-0.0259495852765159,L2,0.07816...
GetData ===>> H2,-0.228909456188346,H1,1.31785411606351,AX,0.0215106280763588,L1,-0.0307198618871108,L2,-0.1097...
GetData ===>> H2,-0.307160751909638,H1,1.36334350347054,AX,-0.0239174655291294,L1,-0.0260478408162891,L2,-0.126...
Get Checksum: 799532470
08:01:19 -- collecting point 75
GetData ===>> H2,-0.270541375761007,H1,1.43200669883277,AX,-0.00271413994967768,L1,-0.0112152446369436,L2,-0.02...
GetData ===>> H2,-0.158549791400433,H1,1.42911272827846,AX,0.0266974610538729,L1,-0.00235083601702663,L2,0.0367...
GetData ===>> H2,-0.136675598951046,H1,1.33640525405598,AX,0.0326620803965437,L1,-0.0177274691581681,L2,0.03921...
Get Checksum: 799532470
GetData ===>> H2,-0.197551460619032,H1,1.42924481641147,AX,0.00501207095799713,L1,-0.00798029823339936,L2,0.022...
GetData ===>> H2,-0.188079868323672,H1,1.49938403524594,AX,-0.00882738875642024,L1,-0.03140850192934,L2,0.01057...
GetData ===>> H2,-0.169915692440408,H1,1.50682244610392,AX,0.0454164517229157,L1,-0.0333496141585883,L2,0.03012...
Get Checksum: 799532470
GetData ===>> H2,-0.161534461018041,H1,1.47530609302942,AX,-0.00896658539704424,L1,0.00442476489773161,L2,0.029...
GetData ===>> H2,-0.195378613967421,H1,1.38988045500763,AX,-0.0637945762739165,L1,0.0165925512490498,L2,0.00943...
GetData ===>> H2,-0.210651178138878,H1,1.44952840240993,AX,0.0773712972371929,L1,-0.0158073284186438,L2,-0.0029...
Get Checksum: 799532470
GetData ===>> H2,-0.258244649492331,H1,1.45442877940345,AX,0.0347277341525963,L1,-0.0327856405324211,L2,0.11386...
GetData ===>> H2,-0.324111999939018,H1,1.4914295082616,AX,0.104191826174415,L1,-0.0259256203651009,L2,-0.006450...
GetData ===>> H2,-0.164556144565454,H1,1.6352667342866,AX,0.171554122287953,L1,-0.0192167950604999,L2,-0.113492...
GetData ===>> H2,-0.0611947632237783,H1,1.56123926787657,AX,0.0319425933122667,L1,-0.0357376949550123,L2,-0.022...
GetData ===>> H2,-0.181703846219157,H1,1.50706279163029,AX,-0.0136643552910179,L1,0.0156354308375031,L2,-0.0428...
Get Checksum: 799532470
GetData ===>> H2,-0.193995416925222,H1,1.47376837586617,AX,-0.0127712164953026,L1,0.0497548668467156,L2,0.10632...
GetData ===>> H2,-0.109916827821873,H1,1.46586391866748,AX,0.00947870384232623,L1,0.0310253823442871,L2,-0.0171...
Get Checksum: 799532470
GetData ===>> H2,-0.236220852171628,H1,1.57504347377289,AX,0.143972195553037,L1,0.0598734663155793,L2,0.0265145...
GetData ===>> H2,-0.174041666458054,H1,1.53837269305235,AX,0.0469136622108249,L1,-0.010317285557455,L2,0.167714...
GetData ===>> H2,-0.225081635705162,H1,1.5731675300154,AX,-0.0255063689826751,L1,-0.0190872972119204,L2,-0.0007...
Get Checksum: 799532470
GetData ===>> H2,-0.131677395175673,H1,1.60702084529321,AX,-0.00613621457707325,L1,-0.0407918583704386,L2,0.040...
GetData ===>> H2,-0.189652077390204,H1,1.59800786397695,AX,-0.0328358651485175,L1,-0.00914945925390201,L2,-0.01...
GetData ===>> H2,-0.123093800409351,H1,1.5818981802439,AX,0.0378611128379839,L1,0.027476762226198,L2,0.08366112...
Get Checksum: 799532470
GetData ===>> H2,-0.166551256147306,H1,1.46459061420974,AX,0.13043947646545,L1,0.0559860509698656,L2,0.03793887...
GetData ===>> H2,-0.259694691436692,H1,1.5280712035264,AX,-0.0337520133593146,L1,0.0261148273658558,L2,0.047551...
GetData ===>> H2,-0.192965675877063,H1,1.48390813088299,AX,0.0310838576237374,L1,0.00513229570390394,L2,-0.0161...
Get Checksum: 799532470
08:01:45 -- collecting point 100
GetData ===>> H2,-0.173566452980907,H1,1.55670641711592,AX,0.014572075592143,L1,0.00230817534754438,L2,0.096346...
GetData ===>> H2,-0.109021016159154,H1,1.62290968746393,AX,0.0291575321462936,L1,-0.0046015591147856,L2,0.10474...
GetData ===>> H2,-0.1049092389839,H1,1.59982241282155,AX,-0.0184662857323289,L1,-0.00285717259997815,L2,1.13976...
Get Checksum: 799532470
GetData ===>> H2,-0.111200285837396,H1,1.63305485597063,AX,0.0623865713548829,L1,-0.00643919651610632,L2,-0.069...
GetData ===>> H2,-0.226900786306838,H1,1.64763731705848,AX,0.0144096404884518,L1,-0.0208989165752469,L2,0.00468...
GetData ===>> H2,-0.192171740863647,H1,1.61140745412303,AX,0.00190295139127603,L1,-0.0255182081338684,L2,-0.040...
Get Checksum: 799532470
GetData ===>> H2,-0.199547252475353,H1,1.60549459050154,AX,0.039729582939159,L1,-0.0391509414862087,L2,-0.01530...
GetData ===>> H2,-0.191294168937436,H1,1.5952722114273,AX,-0.0143023065560373,L1,-0.0504343154087339,L2,0.00930...
GetData ===>> H2,-0.353048664954071,H1,1.70197042095623,AX,0.0604730533636579,L1,-0.0422660595736069,L2,0.04314...
Get Checksum: 799532470
GetData ===>> H2,-0.2620616238148,H1,1.68544371278581,AX,0.0420739253385516,L1,-0.00238323272197822,L2,0.009426...
GetData ===>> H2,-0.188619244242036,H1,1.69444044980855,AX,0.0441629908812606,L1,-0.0387412693490457,L2,0.03091...
GetData ===>> H2,-0.246828639229985,H1,1.74041089343613,AX,0.0323371500871306,L1,-0.00609616434493073,L2,0.0333...
Get Checksum: 799532470
GetData ===>> H2,-0.161442636750017,H1,1.70099606397918,AX,0.0566577267006227,L1,0.0246025394995998,L2,0.086852...
GetData ===>> H2,-0.137620628575066,H1,1.75794557135631,AX,0.0341126753622243,L1,0.014278565208907,L2,0.0159238...
Get Checksum: 799532470
GetData ===>> H2,-0.210574395118669,H1,1.79041545950793,AX,-0.0132467849261286,L1,0.0055005783194505,L2,-0.0286...
GetData ===>> H2,-0.162873930451239,H1,1.79003055337408,AX,0.0434782366817241,L1,0.00501191816974909,L2,0.03260...
GetData ===>> H2,-0.179975348567593,H1,1.82183837014118,AX,0.0167881815796852,L1,-0.00328909837518718,L2,0.0144...
Get Checksum: 799532470
GetData ===>> H2,-0.256965125019905,H1,1.69707467296283,AX,0.0689276077241547,L1,-0.0210056133004154,L2,0.00439...
GetData ===>> H2,-0.19562950397599,H1,1.72411852745549,AX,0.0635462975299204,L1,-0.0248411483656766,L2,0.083057...
GetData ===>> H2,-0.230935266165048,H1,1.7777946013138,AX,0.101360937266172,L1,0.0161626164066881,L2,0.06428149...
Get Checksum: 799532470
GetData ===>> H2,-0.242425886801324,H1,1.787112592795,AX,-0.0199160973949853,L1,0.00442596558524647,L2,-0.03714...
measurement finished
estimated time: 125.829 actual time: :126.100
flush and close file /Users/jan/PychronDev/data/isotopes/22/62d65c-c65d-469c-bb2b-a3fc5e5a7128.h5
baselines () {'settling_time': 15.0, 'detector': 'H1', 'mass': 34.2, 'ncounts': 60}
%%%%%%%%%%%%%%%%%%%%%%%%%%%%%%%% Baseline
build tables- baseline [Detector(H2), Detector(H1), Detector(AX), Detector(L1), Detector(L2), Detector(CDD)]
add group baseline table H2
add group baseline table H1
add group baseline table AX
add group baseline table L1
add group baseline table L2
add group baseline table CDD
flush and close file /Users/jan/PychronDev/data/isotopes/22/62d65c-c65d-469c-bb2b-a3fc5e5a7128.h5
detector Detector(H1)
POSITION 34.2 H1
Mapping mass to dac mass func: "parabolic"
H1 map mass coeffs = [-0.00063987  0.15840543  0.57047999]
H1 map mass to dac 34.2 >> 5.23952599104
GetDeflection H1 ===>> 0
GetHighVoltage ===>> 4500
positioning 34.2 (5.23952599104) on H1
setting magnet DAC
current  : 5.878870
requested: 5.239526
Delta Dac: 0.639344
Checking detector protection. dv=0.63934
Checking detector "CDD". Protection Threshold: 0.1 (V)
ProtectDetector CDD,On ===>> OK
GetDeflection CDD ===>> 2000
SetMagnetDAC 5.23952599104 ===>> OK
Magnet settling time: 0.500
GetMagnetMoving ===>> True
GetMagnetMoving ===>> True
GetMagnetMoving ===>> True
GetMagnetMoving ===>> True
GetMagnetMoving ===>> True
Get Checksum: 799532470
GetMagnetMoving ===>> True
GetMagnetMoving ===>> True
GetMagnetMoving ===>> True
GetMagnetMoving ===>> False
ProtectDetector CDD,Off ===>> OK
GetDeflection CDD ===>> 50
Delaying 15.0s for detectors to settle
Get Checksum: 799532470
Get Checksum: 799532470
Get Checksum: 799532470
Get Checksum: 799532470
Get Checksum: 799532470
Join finished
measuring baseline. ncounts=60
starting measurement
GetData ===>> H2,-0.0733894502615512,H1,0.00277681251443802,AX,0.00546452573932237,L1,0.00953817451491667,L2,-0...
GetData ===>> H2,-0.117710111906995,H1,-0.00347374339140212,AX,-0.0202872457086664,L1,0.043818701241272,L2,-0.0...
Get Checksum: 799532470
GetData ===>> H2,-0.181620193548928,H1,-0.0293187494693868,AX,-0.145782897035653,L1,0.0248405215952863,L2,-0.06...
GetData ===>> H2,-0.213417713141812,H1,-0.0349591579914542,AX,-0.0468206823673676,L1,0.0350163685039348,L2,-0.0...
GetData ===>> H2,-0.182847936835858,H1,-0.0603907094478327,AX,-0.228555111778652,L1,0.0215453298058624,L2,0.053...
Get Checksum: 799532470
GetData ===>> H2,-0.273110390765039,H1,-0.0358773339449446,AX,0.00720475603615556,L1,0.00204648388543574,L2,-0....
GetData ===>> H2,-0.240913053594381,H1,-0.0906068650862178,AX,-0.0425071719859622,L1,-0.00671505306935764,L2,-0...
GetData ===>> H2,-0.249469197782289,H1,-0.0455713271155787,AX,-0.00194850678389456,L1,-0.0182251347866452,L2,-0...
Get Checksum: 799532470
GetData ===>> H2,-0.346597790091603,H1,0.00955266512285848,AX,-0.0517833018756004,L1,-0.00675343251254358,L2,-0...
GetData ===>> H2,-0.368566715534699,H1,0.0352406514725569,AX,-0.100642313479108,L1,0.00706263014711569,L2,-0.04...
GetData ===>> H2,-0.219094279931671,H1,-0.00639610223054348,AX,-0.0774851571705884,L1,-0.0279504539416231,L2,-0...
Get Checksum: 799532470
GetData ===>> H2,-0.144239036870088,H1,-0.0419227756778493,AX,-0.0617541554299749,L1,-0.0272735579027404,L2,0.0...
GetData ===>> H2,-0.104127034572462,H1,-0.0377375087578401,AX,-0.130930692816723,L1,-0.0359953162986462,L2,-0.0...
Get Checksum: 799532470
GetData ===>> H2,-0.057959149779774,H1,-0.0473597841401439,AX,-0.0368946840936465,L1,-0.00947320291245732,L2,-0...
GetData ===>> H2,-0.123068105447962,H1,-0.0666373217152792,AX,-0.1338964540878,L1,-0.012102335150872,L2,-0.0864...
GetData ===>> H2,-0.235480911371561,H1,-0.0262778053810696,AX,-0.0394922393866869,L1,-0.0233718318180883,L2,-0....
Get Checksum: 799532470
GetData ===>> H2,-0.267704299060295,H1,-0.0165223101506794,AX,0.0206635876434134,L1,0.0112352877920958,L2,0.030...
GetData ===>> H2,-0.186957884076962,H1,-0.0849815108016515,AX,-0.160031412851925,L1,0.0183076693793035,L2,-0.02...
GetData ===>> H2,-0.132330694612654,H1,-0.0710001822007865,AX,-0.0376252535273454,L1,-0.0211938283600879,L2,-0....
Get Checksum: 799532470
GetData ===>> H2,-0.206787132880129,H1,-0.0633590909983937,AX,-0.120051599000929,L1,-0.0320623669065246,L2,-0.0...
GetData ===>> H2,-0.331605418908273,H1,-0.022759735182176,AX,0.0177512171840558,L1,-0.0514453095207187,L2,-0.11...
GetData ===>> H2,-0.188234941532752,H1,-0.031417543263079,AX,-0.0833503035225252,L1,-0.0764093058746223,L2,-0.1...
Get Checksum: 799532470
GetData ===>> H2,-0.208168263014503,H1,-0.0461078675788816,AX,-0.085112096616272,L1,-0.0071420161342012,L2,-0.0...
GetData ===>> H2,-0.116955109276507,H1,-0.0357461664672652,AX,-0.0709588969660983,L1,0.00812933158721485,L2,0.0...
08:02:50 -- collecting point 25
GetData ===>> H2,-0.11130994166406,H1,-0.0701419295937143,AX,-0.128590457988667,L1,0.00210170261875296,L2,-0.03...
Get Checksum: 799532470
GetData ===>> H2,-0.17648246535182,H1,0.00960038402106913,AX,-0.115440071741084,L1,-0.0437747661969539,L2,0.021...
GetData ===>> H2,-0.202001054451868,H1,-0.0176791850720502,AX,-0.181846494675941,L1,-0.0321210450175174,L2,-0.1...
GetData ===>> H2,-0.182583511069657,H1,-0.0398361260143919,AX,-0.152947993397052,L1,-0.00840001268577215,L2,-0....
Get Checksum: 799532470
GetData ===>> H2,-0.25625272184064,H1,-0.000241157292823879,AX,-0.0959719193626159,L1,0.0234824163919624,L2,-0....
GetData ===>> H2,-0.263333724122554,H1,-0.0175360672498347,AX,0.00417677534837976,L1,0.0367738164296555,L2,0.01...
GetData ===>> H2,-0.197830622955264,H1,-0.0308809240378459,AX,-0.0164133154768491,L1,0.0295548479585011,L2,-0.0...
Get Checksum: 799532470
GetData ===>> H2,-0.258303783670346,H1,-0.0270171806802775,AX,-0.157921512066322,L1,0.00593605689670429,L2,-0.0...
GetData ===>> H2,-0.297388614222152,H1,-0.0328246644563322,AX,-0.0491976695506814,L1,-0.024288681760821,L2,-0.0...
GetData ===>> H2,-0.166185466996441,H1,-0.0132662914317237,AX,-0.0439102433861341,L1,0.000664913700888066,L2,0....
Get Checksum: 799532470
GetData ===>> H2,-0.262498672336258,H1,-0.0421850942713185,AX,-0.0531978339849617,L1,-0.00625688716714021,L2,-0...
GetData ===>> H2,-0.235283137166521,H1,-0.0668757343053937,AX,-0.0272112219425063,L1,-0.0387412693490457,L2,-0....
Get Checksum: 799532470
GetData ===>> H2,-0.134045595735851,H1,0.0143365978400257,AX,-0.0366511597303863,L1,0.0128234397985282,L2,0.113...
GetData ===>> H2,-0.151266781761896,H1,0.0439280945508937,AX,-0.119738763611275,L1,0.0230762222357411,L2,-0.079...
GetData ===>> H2,-0.190369342084024,H1,0.0287136318211314,AX,-0.00476739916312689,L1,-0.0207130937342436,L2,-0....
Get Checksum: 799532470
GetData ===>> H2,-0.157429999907634,H1,-0.0591031912763772,AX,0.0180296870863101,L1,-0.021627788516947,L2,0.032...
GetData ===>> H2,-0.123343985151069,H1,-0.0708809808900089,AX,-0.0672840604957703,L1,-0.0509715308665942,L2,-0....
GetData ===>> H2,-0.171333773559106,H1,-0.00476197739509561,AX,0.0200370145311925,L1,-0.0343206283729976,L2,0.0...
Get Checksum: 799532470
GetData ===>> H2,-0.231445363054482,H1,-0.06883069611876,AX,-0.127316049008728,L1,-0.0358898720817155,L2,-0.110...
GetData ===>> H2,-0.215556128306882,H1,0.0199559230068537,AX,-0.111129602373623,L1,-0.0101014757075534,L2,-0.09...
GetData ===>> H2,-0.183919067829853,H1,0.0289880683188361,AX,-0.0795484307820056,L1,-0.0169635345050678,L2,-0.1...
GetData ===>> H2,-0.227139098922916,H1,-0.00416557482478803,AX,-0.0633540344859295,L1,-0.012141892771593,L2,0.0...
GetData ===>> H2,-0.302966706327583,H1,-0.0806788547671243,AX,-0.0424955762702591,L1,0.0122472105900562,L2,-0.0...
Get Checksum: 799532470
GetData ===>> H2,-0.158994165321042,H1,0.0565787415125698,AX,0.0196309044828229,L1,-0.0399510716546863,L2,0.051...
GetData ===>> H2,-0.229197533714098,H1,-0.0559796987248394,AX,-0.0755145741103005,L1,-0.018589674229239,L2,-0.1...
08:03:17 -- collecting point 50
GetData ===>> H2,-0.149436988941056,H1,-0.0385841153329956,AX,-0.0503455596453356,L1,-0.0225567839259153,L2,0.0...
Get Checksum: 799532470
GetData ===>> H2,-0.193568166633641,H1,-0.0185855931938093,AX,-0.030156951915311,L1,-0.0268266617434303,L2,-0.1...
GetData ===>> H2,-0.156403314596108,H1,-0.00978354611584893,AX,-0.093202026370718,L1,-0.0444751601367543,L2,-0....
GetData ===>> H2,-0.167192371003286,H1,0.0261244201561929,AX,-0.00412938540165794,L1,-0.0491168792758415,L2,-0....
Get Checksum: 799532470
GetData ===>> H2,-0.134353925859748,H1,0.0399661451428781,AX,-0.0444900190500074,L1,-0.053012448369946,L2,0.101...
GetData ===>> H2,-0.172100084135542,H1,0.0158517563697337,AX,-0.0614295390781972,L1,-0.0298371360254862,L2,-0.0...
GetData ===>> H2,-0.19857637068354,H1,0.062355606222453,AX,-0.152600185374371,L1,-0.00265440105350744,L2,-0.018...
Get Checksum: 799532470
GetData ===>> H2,-0.322668765902454,H1,-0.0800352282609438,AX,-0.0531862395430755,L1,0.0320887699477769,L2,0.04...
GetData ===>> H2,-0.24686496286977,H1,-0.00999823940042151,AX,-0.0862711536226251,L1,-0.0118649861613542,L2,0.0...
GetData ===>> H2,-0.289186835809233,H1,-0.0118588952438657,AX,0.0432112999085613,L1,-0.0308563960092209,L2,0.05...
Get Checksum: 799532470
GetData ===>> H2,-0.191722853126647,H1,-0.0228670679661701,AX,0.00920025839984377,L1,-0.0192503683047048,L2,-0....
measurement finished
estimated time: 62.915 actual time: :63.062
flush and close file /Users/jan/PychronDev/data/isotopes/22/62d65c-c65d-469c-bb2b-a3fc5e5a7128.h5
activate_detectors ('H1', 'AX', 'CDD') {'peak_center': True}
peak_center () {'detector': 'H1', 'integration_time': 0.262144, 'isotope': 'Ar40'}
peak center: mean=1.75877373063 threshold=3
Skipping peak center. intensities to small. 1.75877373063<3
finished measure script
executed 226.132928
jan_unknown120_60.py completed successfully
Measurement Finished
08:03:28 -- ******* Measurement Finished *******
Post Measurement Started jan_pump_ms.py
08:03:28 -- ******* Post Measurement Started jan_pump_ms.py *******
testing...
no interpolation path defined
executed 0
Pumping spectrometer
open () {'name': 'O'}
opening name=O desc=---
checking ownership. requestor=129.138.12.150
check software interlocks O
interlocks []
actuate state mode=None-script, software_lock=False
doing actuation None-script open_channel True
Open O ===>> OK
GetIndicatorState O ===>> OK
change switch state (True, True)
update switch state O True args=() kw={} ncanvase=3
08:03:28 -- OPEN   VALVE-O (Jan Ion Pump)
---------------------------------------- open O () result=[(True, True)], time=0.09 sec
action=open, ok=True, locked=[False]
executed 0
jan_pump_ms.py completed successfully
setting _ms_pumptime
Post Measurement Finished
08:03:28 -- ******* Post Measurement Finished *******
$$$$$$$$$$$$$$$$$$$$ state at run end measurement
state changed from measurement to success
post measurement save measured=True aborted=False
Set filtering
setting fod for Ar40= {'filter_outliers': True, 'std_devs': 2, 'iterations': 1}
setting fod for H1= {'filter_outliers': True, 'std_devs': 2, 'iterations': 1}
setting fod for PM41= {'filter_outliers': False, 'std_devs': 2, 'iterations': 1}
setting fod for H2= {'filter_outliers': True, 'std_devs': 2, 'iterations': 1}
setting fod for Ar36= {'filter_outliers': True, 'std_devs': 2, 'iterations': 1}
setting fod for CDD= {'filter_outliers': True, 'std_devs': 10, 'iterations': 1}
setting fod for Ar37= {'filter_outliers': True, 'std_devs': 2, 'iterations': 1}
setting fod for L2= {'filter_outliers': True, 'std_devs': 2, 'iterations': 1}
setting fod for Ar38= {'filter_outliers': True, 'std_devs': 2, 'iterations': 1}
setting fod for L1= {'filter_outliers': True, 'std_devs': 2, 'iterations': 1}
setting fod for Ar39= {'filter_outliers': True, 'std_devs': 2, 'iterations': 1}
setting fod for AX= {'filter_outliers': True, 'std_devs': 2, 'iterations': 1}
persistence save...
persistence save - db
post measurement save
6437054032 connecting to database sqlite:////Users/jan/PychronDev/.appdata/local_lab.db
connected to db sqlite:////Users/jan/PychronDev/.appdata/local_lab.db
create new session 6437054032
close session 6437054032
No database instance. Not saving post measurement to isotopedb database
$$$$$$$$$$$$$$$ auto_save_detector_ic=False
massspec enabled True
create new session 5064816880
MassSpec Database Version: 16.0
close session 5064816880
saving post measurement to secondary database
saving to massspec database 129.138.12.160/massspecdata
setting labnumber to 65576
setting aliquot to 2
setting step to B
setting uuid to 2262d65c-c65d-469c-bb2b-a3fc5e5a7128
setting irradpos to 65576
setting extract_device to Fusions CO2
setting tray to 
setting position to 114
setting power_requested to 0.4
setting extract_value to 0.4
setting duration to 30.0
setting duration_at_request to 30.0
setting first_stage_delay to 30.0
setting cleanup to 30.0
setting comment to M:21 w/o inclusions
setting irradiation to NM-289
setting level to M
setting irradiation_level to M
setting sample to NM-2605 WO
setting material to Sanidine
setting project to JoyitaHills
setting mass_spectrometer to Jan
no attribute chron_dosages
no attribute production_ratios
no attribute interference_corrections
no attribute production_name
no attribute j
Reference Isotope=Ar40
Reference Detector=H1
%%%%%%%%%%%%%%%%%%%% Comment: M:21 w/o inclusions %%%%%%%%%%%%%%%%%%%
adding isotope PM41 H2
add baseline dbdet= PM41. original det= H2
get baseline data PM41 H2
Get data baseline <pychron.processing.isotope.Baseline object at 0x12ca9e210> len t=60
baseline PM41. v=-0.198346790465, e=0.00768004932946
get signal data PM41 H2
Get data signal PM41 0.05+/-0.07 len t=120
adding isotope Ar40 H1
add baseline dbdet= Ar40. original det= H1
get baseline data Ar40 H1
Get data baseline <pychron.processing.isotope.Baseline object at 0x12ca8b690> len t=60
baseline Ar40. v=-0.0261721802512, e=0.00447335237476
get signal data Ar40 H1
Get data signal Ar40 0.603+/-0.009 len t=120
adding isotope Ar39 AX
add baseline dbdet= Ar39. original det= AX
get baseline data Ar39 AX
Get data baseline <pychron.processing.isotope.Baseline object at 0x12ca8b850> len t=60
baseline Ar39. v=-0.0590758273668, e=0.00700296573796
get signal data Ar39 AX
Get data signal Ar39 0.006+/-0.010 len t=120
adding isotope Ar38 L1
add baseline dbdet= Ar38. original det= L1
get baseline data Ar38 L1
Get data baseline <pychron.processing.isotope.Baseline object at 0x12ca8ba10> len t=60
baseline Ar38. v=-0.0115265015717, e=0.00313765735608
get signal data Ar38 L1
Get data signal Ar38 0.012+/-0.005 len t=120
adding isotope Ar37 L2
add baseline dbdet= Ar37. original det= L2
get baseline data Ar37 L2
Get data baseline <pychron.processing.isotope.Baseline object at 0x12ca8bbd0> len t=60
baseline Ar37. v=-0.0358364581822, e=0.00699901954361
get signal data Ar37 L2
Get data signal Ar37 0.060+/-0.011 len t=120
adding isotope Ar36 CDD
add baseline dbdet= Ar36. original det= CDD
get baseline data Ar36 CDD
Get data baseline <pychron.processing.isotope.Baseline object at 0x12ca8bd90> len t=60
baseline Ar36. v=9.92436074678e-06, e=4.83437743744e-06
get signal data Ar36 CDD
Get data signal Ar36 0.00522+/-0.00023 len t=120
65576-02B added analysis time 0.494216918945s
analysis added to mass spec database
mass spec save time= 0.501
persistence save - dvc
================= post measurement started
create new session 4983587952
close session 4983587952
Get Checksum: 2035211824
---------------- Experiment Queue saving disabled
DVC saving peakcenter
Smart pull ahead: 0 behind: 0
Up-to-date with origin
add to repo msg=modified - ad8224ebc6dbfeb9f5997218dfa5fe690569839d.json
add to repo msg=modified - 76-02B.json
add to repo msg=modified - 76-02B.dat.json
add to repo msg=modified - 76-02B.blan.json
add to repo msg=modified - 76-02B.inte.json
add to repo msg=modified - 76-02B.icfa.json
add to repo msg=modified - 76-02B.base.json
not at valid file /Users/jan/PychronDev/data/.dvc/repositories/Load1785/655/tags/76-02B.tags.json
add to repo msg=modified - 76-02B.peak.json
Get Checksum: 2035211824
add to repo msg=modified - 76-02B.extr.json
not at valid file /Users/jan/PychronDev/data/.dvc/repositories/Load1785/655/monitor/76-02B.moni.json
commit message=<COLLECTION>
add to repo msg=modified - 76-02B.inte.json
add to repo msg=modified - 76-02B.base.json
commit message=<ISOEVO> default collection fits
add to repo msg=modified - 76-02B.blan.json
commit message=<BLANKS> preceding bu-FC-J-7508
add to repo msg=modified - 76-02B.icfa.json
Get Checksum: 2035211824
commit message=<ICFactor> default
push repository <pychron.git_archive.repo_manager.GitRepoManager object at 0x12da48110>
pushing to remote=origin, url=https://github.com
Get Checksum: 2035211824
no changes to meta repo
create new session 4983587952
add association Load1785
get identifier "65576"
setting analysis irradiation position=<pychron.dvc.dvc_orm.IrradiationPositionTbl object at 0x107b7cf10>
close session 4983587952
================= post measurement finished
08:03:41 -- ******* Post Run Check *******
loading queue conditionals post_run_actions
loading system conditionals post_run_actions
loading conditionals from /Users/jan/PychronDev/setupfiles/spectrometer/default_conditionals.yaml
loading queue conditionals post_run_terminations
loading system conditionals post_run_terminations
loading conditionals from /Users/jan/PychronDev/setupfiles/spectrometer/default_conditionals.yaml
Checking default post run terminations n=1
GetDeflection CDD ===>> 50
testing CDD==2000
evaluate ot="CDD.deflection==2000" t="CDD==2000", ctx="{'CDD': 50.0}"
08:03:41 -- ******* Post Run Check Passed *******
08:03:41 -- Automated run 65576-02B success duration: 315.162 s
----------------- finish -----------------
----------------- stop -----------------
retroactive repository identifiers disabled
finish run. runs completed=6
update duration runid=65576-02B, duration=315.161622047, md5=301e91d8
loading script "jan_unknown120_60.py"
loading script "jan_pump_ms.py"
loading script "jan_co2.py"
loading script "jan_pump_extraction_line.py"
testing...
no interpolation path defined
executed 213.652928
script duration name:unknown120_60 seconds:214.0
loading script "jan_unknown120_60.py"
loading script "jan_pump_ms.py"
loading script "jan_co2.py"
loading script "jan_pump_extraction_line.py"
testing...
no interpolation path defined
executed 0
loading script "jan_unknown120_60.py"
loading script "jan_pump_ms.py"
loading script "jan_co2.py"
loading script "jan_pump_extraction_line.py"
testing...
no interpolation path defined
calculate duration
testing...
no interpolation path defined
executed 0
calculate duration
testing...
no interpolation path defined
executed 0
executed 0.0
script duration name:co2 seconds:0.0
loading script "jan_unknown120_60.py"
loading script "jan_pump_ms.py"
loading script "jan_co2.py"
loading script "jan_pump_extraction_line.py"
testing...
no interpolation path defined
calculate duration
testing...
no interpolation path defined
executed 4.0
executed 4.0
Script duration 214.0
Run total estimated duration= 215.000
unknown120_60 in script context. using previous estimated duration
script duration name:unknown120_60 seconds:214.0
pump_ms in script context. using previous estimated duration
co2 in script context. using previous estimated duration
script duration name:co2 seconds:0.0
pump_extraction_line in script context. using previous estimated duration
Script duration 214.0
Run total estimated duration= 215.000
script duration name:unknown120_60 seconds:214.0
script duration name:co2 seconds:0.0
Script duration 214.0
Run total estimated duration= 215.000
script duration name:unknown120_60 seconds:214.0
script duration name:co2 seconds:0.0
Script duration 214.0
Run total estimated duration= 215.000
loading script "jan_unknown400_120.py"
loading script "jan_pump_ms.py"
loading script "jan_cocktail_x1.py"
loading script "jan_pump_extraction_line.py"
testing...
no interpolation path defined
executed 556.052928
script duration name:unknown400_120 seconds:556.0
loading script "jan_unknown400_120.py"
loading script "jan_pump_ms.py"
loading script "jan_cocktail_x1.py"
loading script "jan_pump_extraction_line.py"
testing...
no interpolation path defined
calculate duration
testing...
no interpolation path defined
executed 0
calculate duration
testing...
no interpolation path defined
executed 0
calculate duration
testing...
no interpolation path defined
executed 32.0
calculate duration
testing...
no interpolation path defined
executed 34.0
calculate duration
testing...
no interpolation path defined
executed 4.0
calculate duration
testing...
no interpolation path defined
executed 38.0
executed 108.0
script duration name:cocktail_x1 seconds:108.0
Script duration 664.0
Run total estimated duration= 665.000
script duration name:unknown120_60 seconds:214.0
script duration name:co2 seconds:0.0
Script duration 214.0
Run total estimated duration= 215.000
script duration name:unknown120_60 seconds:214.0
script duration name:co2 seconds:0.0
Script duration 214.0
Run total estimated duration= 215.000
script duration name:unknown120_60 seconds:214.0
script duration name:co2 seconds:0.0
Script duration 214.0
Run total estimated duration= 215.000
script duration name:unknown120_60 seconds:214.0
script duration name:co2 seconds:0.0
Script duration 214.0
Run total estimated duration= 215.000
script duration name:unknown120_60 seconds:214.0
script duration name:co2 seconds:0.0
Script duration 214.0
Run total estimated duration= 215.000
script duration name:unknown120_60 seconds:214.0
script duration name:co2 seconds:0.0
Script duration 214.0
Run total estimated duration= 215.000
script duration name:unknown120_60 seconds:214.0
script duration name:co2 seconds:0.0
Script duration 214.0
Run total estimated duration= 215.000
script duration name:unknown120_60 seconds:214.0
script duration name:co2 seconds:0.0
Script duration 214.0
Run total estimated duration= 215.000
script duration name:unknown120_60 seconds:214.0
script duration name:co2 seconds:0.0
Script duration 214.0
Run total estimated duration= 215.000
script duration name:unknown120_60 seconds:214.0
script duration name:co2 seconds:0.0
Script duration 214.0
Run total estimated duration= 215.000
unknown400_120 in script context. using previous estimated duration
script duration name:unknown400_120 seconds:556.0
script duration name:co2 seconds:0.0
Script duration 556.0
Run total estimated duration= 557.000
script duration name:unknown400_120 seconds:556.0
loading script "jan_unknown400_120.py"
loading script "jan_pump_ms.py"
loading script "jan_sniffair_x2.py"
loading script "jan_pump_extraction_line.py"
testing...
no interpolation path defined
calculate duration
testing...
no interpolation path defined
executed 0
calculate duration
testing...
no interpolation path defined
executed 0
calculate duration
testing...
no interpolation path defined
executed 32.0
calculate duration
testing...
no interpolation path defined
executed 34.0
calculate duration
testing...
no interpolation path defined
executed 4.0
calculate duration
testing...
no interpolation path defined
executed 36.0
calculate duration
testing...
no interpolation path defined
executed 34.0
calculate duration
testing...
no interpolation path defined
executed 4.0
calculate duration
testing...
no interpolation path defined
executed 36.0
calculate duration
testing...
no interpolation path defined
executed 70.0
executed 250.0
script duration name:sniffair_x2 seconds:250.0
Script duration 806.0
Run total estimated duration= 807.000
script duration name:unknown400_120 seconds:556.0
sniffair_x2 in script context. using previous estimated duration
script duration name:sniffair_x2 seconds:250.0
Script duration 806.0
Run total estimated duration= 807.000
loading script "jan_ic_peak_hop3.py"
loading script "jan_pump_ms.py"
loading script "jan_air_x1.py"
loading script "jan_pump_extraction_line.py"
testing...
no interpolation path defined
executed 133.8
script duration name:ic_peak_hop3 seconds:134.0
loading script "jan_ic_peak_hop3.py"
loading script "jan_pump_ms.py"
loading script "jan_air_x1.py"
loading script "jan_pump_extraction_line.py"
testing...
no interpolation path defined
calculate duration
testing...
no interpolation path defined
executed 0
calculate duration
testing...
no interpolation path defined
executed 0
calculate duration
testing...
no interpolation path defined
executed 32.0
calculate duration
testing...
no interpolation path defined
executed 34.0
calculate duration
testing...
no interpolation path defined
executed 4.0
calculate duration
testing...
no interpolation path defined
executed 36.0
executed 106.0
script duration name:air_x1 seconds:106.0
Script duration 240.0
Run total estimated duration= 241.000
script duration name:unknown120_60 seconds:214.0
script duration name:co2 seconds:0.0
Script duration 214.0
Run total estimated duration= 215.000
script duration name:unknown120_60 seconds:214.0
script duration name:co2 seconds:0.0
Script duration 214.0
Run total estimated duration= 215.000
script duration name:unknown120_60 seconds:214.0
script duration name:co2 seconds:0.0
Script duration 214.0
Run total estimated duration= 215.000
script duration name:unknown120_60 seconds:214.0
script duration name:co2 seconds:0.0
Script duration 214.0
Run total estimated duration= 215.000
script duration name:unknown120_60 seconds:214.0
script duration name:co2 seconds:0.0
Script duration 214.0
Run total estimated duration= 215.000
script duration name:unknown120_60 seconds:214.0
script duration name:co2 seconds:0.0
Script duration 214.0
Run total estimated duration= 215.000
script duration name:unknown120_60 seconds:214.0
script duration name:co2 seconds:0.0
Script duration 214.0
Run total estimated duration= 215.000
script duration name:unknown120_60 seconds:214.0
script duration name:co2 seconds:0.0
Script duration 214.0
Run total estimated duration= 215.000
script duration name:unknown120_60 seconds:214.0
script duration name:co2 seconds:0.0
Script duration 214.0
Run total estimated duration= 215.000
script duration name:unknown120_60 seconds:214.0
script duration name:co2 seconds:0.0
Script duration 214.0
Run total estimated duration= 215.000
script duration name:unknown400_120 seconds:556.0
cocktail_x1 in script context. using previous estimated duration
script duration name:cocktail_x1 seconds:108.0
Script duration 664.0
Run total estimated duration= 665.000
script duration name:unknown120_60 seconds:214.0
script duration name:co2 seconds:0.0
Script duration 214.0
Run total estimated duration= 215.000
script duration name:unknown120_60 seconds:214.0
script duration name:co2 seconds:0.0
Script duration 214.0
Run total estimated duration= 215.000
script duration name:unknown120_60 seconds:214.0
script duration name:co2 seconds:0.0
Script duration 214.0
Run total estimated duration= 215.000
script duration name:unknown120_60 seconds:214.0
script duration name:co2 seconds:0.0
Script duration 214.0
Run total estimated duration= 215.000
script duration name:unknown120_60 seconds:214.0
script duration name:co2 seconds:0.0
Script duration 214.0
Run total estimated duration= 215.000
script duration name:unknown400_120 seconds:556.0
script duration name:co2 seconds:0.0
Script duration 556.0
Run total estimated duration= 557.000
script duration name:unknown120_60 seconds:214.0
script duration name:co2 seconds:0.0
Script duration 214.0
Run total estimated duration= 215.000
script duration name:unknown120_60 seconds:214.0
script duration name:co2 seconds:0.0
Script duration 214.0
Run total estimated duration= 215.000
script duration name:unknown120_60 seconds:214.0
script duration name:co2 seconds:0.0
Script duration 214.0
Run total estimated duration= 215.000
script duration name:unknown120_60 seconds:214.0
script duration name:co2 seconds:0.0
Script duration 214.0
Run total estimated duration= 215.000
script duration name:unknown120_60 seconds:214.0
script duration name:co2 seconds:0.0
Script duration 214.0
Run total estimated duration= 215.000
script duration name:unknown120_60 seconds:214.0
script duration name:co2 seconds:0.0
Script duration 214.0
Run total estimated duration= 215.000
script duration name:unknown120_60 seconds:214.0
script duration name:co2 seconds:0.0
Script duration 214.0
Run total estimated duration= 215.000
script duration name:unknown120_60 seconds:214.0
script duration name:co2 seconds:0.0
Script duration 214.0
Run total estimated duration= 215.000
script duration name:unknown120_60 seconds:214.0
script duration name:co2 seconds:0.0
Script duration 214.0
Run total estimated duration= 215.000
script duration name:unknown120_60 seconds:214.0
script duration name:co2 seconds:0.0
Script duration 214.0
Run total estimated duration= 215.000
script duration name:unknown120_60 seconds:214.0
script duration name:co2 seconds:0.0
Script duration 214.0
Run total estimated duration= 215.000
script duration name:unknown120_60 seconds:214.0
script duration name:co2 seconds:0.0
Script duration 214.0
Run total estimated duration= 215.000
script duration name:unknown120_60 seconds:214.0
script duration name:co2 seconds:0.0
Script duration 214.0
Run total estimated duration= 215.000
script duration name:unknown120_60 seconds:214.0
script duration name:co2 seconds:0.0
Script duration 214.0
Run total estimated duration= 215.000
script duration name:unknown120_60 seconds:214.0
script duration name:co2 seconds:0.0
Script duration 214.0
Run total estimated duration= 215.000
script duration name:unknown400_120 seconds:556.0
script duration name:co2 seconds:0.0
Script duration 556.0
Run total estimated duration= 557.000
script duration name:unknown400_120 seconds:556.0
script duration name:cocktail_x1 seconds:108.0
Script duration 664.0
Run total estimated duration= 665.000
script duration name:unknown400_120 seconds:556.0
script duration name:sniffair_x2 seconds:250.0
Script duration 806.0
Run total estimated duration= 807.000
ic_peak_hop3 in script context. using previous estimated duration
script duration name:ic_peak_hop3 seconds:134.0
air_x1 in script context. using previous estimated duration
script duration name:air_x1 seconds:106.0
Script duration 240.0
Run total estimated duration= 241.000
script duration name:unknown120_60 seconds:214.0
script duration name:co2 seconds:0.0
Script duration 214.0
Run total estimated duration= 215.000
script duration name:unknown120_60 seconds:214.0
script duration name:co2 seconds:0.0
Script duration 214.0
Run total estimated duration= 215.000
script duration name:unknown120_60 seconds:214.0
script duration name:co2 seconds:0.0
Script duration 214.0
Run total estimated duration= 215.000
script duration name:unknown120_60 seconds:214.0
script duration name:co2 seconds:0.0
Script duration 214.0
Run total estimated duration= 215.000
script duration name:unknown120_60 seconds:214.0
script duration name:co2 seconds:0.0
Script duration 214.0
Run total estimated duration= 215.000
script duration name:unknown120_60 seconds:214.0
script duration name:co2 seconds:0.0
Script duration 214.0
Run total estimated duration= 215.000
script duration name:unknown120_60 seconds:214.0
script duration name:co2 seconds:0.0
Script duration 214.0
Run total estimated duration= 215.000
script duration name:unknown120_60 seconds:214.0
script duration name:co2 seconds:0.0
Script duration 214.0
Run total estimated duration= 215.000
script duration name:unknown120_60 seconds:214.0
script duration name:co2 seconds:0.0
Script duration 214.0
Run total estimated duration= 215.000
script duration name:unknown120_60 seconds:214.0
script duration name:co2 seconds:0.0
Script duration 214.0
Run total estimated duration= 215.000
script duration name:unknown120_60 seconds:214.0
script duration name:co2 seconds:0.0
Script duration 214.0
Run total estimated duration= 215.000
script duration name:unknown120_60 seconds:214.0
script duration name:co2 seconds:0.0
Script duration 214.0
Run total estimated duration= 215.000
script duration name:unknown120_60 seconds:214.0
script duration name:co2 seconds:0.0
Script duration 214.0
Run total estimated duration= 215.000
script duration name:unknown120_60 seconds:214.0
script duration name:co2 seconds:0.0
Script duration 214.0
Run total estimated duration= 215.000
script duration name:unknown120_60 seconds:214.0
script duration name:co2 seconds:0.0
Script duration 214.0
Run total estimated duration= 215.000
script duration name:unknown400_120 seconds:556.0
script duration name:co2 seconds:0.0
Script duration 556.0
Run total estimated duration= 557.000
script duration name:unknown120_60 seconds:214.0
script duration name:co2 seconds:0.0
Script duration 214.0
Run total estimated duration= 215.000
script duration name:unknown120_60 seconds:214.0
script duration name:co2 seconds:0.0
Script duration 214.0
Run total estimated duration= 215.000
script duration name:unknown120_60 seconds:214.0
script duration name:co2 seconds:0.0
Script duration 214.0
Run total estimated duration= 215.000
script duration name:unknown120_60 seconds:214.0
script duration name:co2 seconds:0.0
Script duration 214.0
Run total estimated duration= 215.000
script duration name:unknown120_60 seconds:214.0
script duration name:co2 seconds:0.0
Script duration 214.0
Run total estimated duration= 215.000
script duration name:unknown400_120 seconds:556.0
script duration name:cocktail_x1 seconds:108.0
Script duration 664.0
Run total estimated duration= 665.000
script duration name:unknown400_120 seconds:556.0
script duration name:cocktail_x1 seconds:108.0
Script duration 664.0
Run total estimated duration= 665.000
script duration name:unknown120_60 seconds:214.0
script duration name:co2 seconds:0.0
Script duration 214.0
Run total estimated duration= 215.000
script duration name:unknown120_60 seconds:214.0
script duration name:co2 seconds:0.0
Script duration 214.0
Run total estimated duration= 215.000
script duration name:unknown120_60 seconds:214.0
script duration name:co2 seconds:0.0
Script duration 214.0
Run total estimated duration= 215.000
script duration name:unknown120_60 seconds:214.0
script duration name:co2 seconds:0.0
Script duration 214.0
Run total estimated duration= 215.000
script duration name:unknown120_60 seconds:214.0
script duration name:co2 seconds:0.0
Script duration 214.0
Run total estimated duration= 215.000
script duration name:unknown120_60 seconds:214.0
script duration name:co2 seconds:0.0
Script duration 214.0
Run total estimated duration= 215.000
script duration name:unknown120_60 seconds:214.0
script duration name:co2 seconds:0.0
Script duration 214.0
Run total estimated duration= 215.000
script duration name:unknown120_60 seconds:214.0
script duration name:co2 seconds:0.0
Script duration 214.0
Run total estimated duration= 215.000
script duration name:unknown120_60 seconds:214.0
script duration name:co2 seconds:0.0
Script duration 214.0
Run total estimated duration= 215.000
script duration name:unknown120_60 seconds:214.0
script duration name:co2 seconds:0.0
Script duration 214.0
Run total estimated duration= 215.000
script duration name:unknown400_120 seconds:556.0
script duration name:co2 seconds:0.0
Script duration 556.0
Run total estimated duration= 557.000
script duration name:unknown400_120 seconds:556.0
script duration name:sniffair_x2 seconds:250.0
Script duration 806.0
Run total estimated duration= 807.000
script duration name:ic_peak_hop3 seconds:134.0
script duration name:air_x1 seconds:106.0
Script duration 240.0
Run total estimated duration= 241.000
script duration name:unknown120_60 seconds:214.0
script duration name:co2 seconds:0.0
Script duration 214.0
Run total estimated duration= 215.000
script duration name:unknown120_60 seconds:214.0
script duration name:co2 seconds:0.0
Script duration 214.0
Run total estimated duration= 215.000
script duration name:unknown120_60 seconds:214.0
script duration name:co2 seconds:0.0
Script duration 214.0
Run total estimated duration= 215.000
script duration name:unknown120_60 seconds:214.0
script duration name:co2 seconds:0.0
Script duration 214.0
Run total estimated duration= 215.000
script duration name:unknown120_60 seconds:214.0
script duration name:co2 seconds:0.0
Script duration 214.0
Run total estimated duration= 215.000
script duration name:unknown120_60 seconds:214.0
script duration name:co2 seconds:0.0
Script duration 214.0
Run total estimated duration= 215.000
script duration name:unknown120_60 seconds:214.0
script duration name:co2 seconds:0.0
Script duration 214.0
Run total estimated duration= 215.000
script duration name:unknown120_60 seconds:214.0
script duration name:co2 seconds:0.0
Script duration 214.0
Run total estimated duration= 215.000
script duration name:unknown120_60 seconds:214.0
script duration name:co2 seconds:0.0
Script duration 214.0
Run total estimated duration= 215.000
script duration name:unknown120_60 seconds:214.0
script duration name:co2 seconds:0.0
Script duration 214.0
Run total estimated duration= 215.000
script duration name:unknown400_120 seconds:556.0
script duration name:cocktail_x1 seconds:108.0
Script duration 664.0
Run total estimated duration= 665.000
script duration name:unknown120_60 seconds:214.0
script duration name:co2 seconds:0.0
Script duration 214.0
Run total estimated duration= 215.000
script duration name:unknown120_60 seconds:214.0
script duration name:co2 seconds:0.0
Script duration 214.0
Run total estimated duration= 215.000
script duration name:unknown120_60 seconds:214.0
script duration name:co2 seconds:0.0
Script duration 214.0
Run total estimated duration= 215.000
script duration name:unknown120_60 seconds:214.0
script duration name:co2 seconds:0.0
Script duration 214.0
Run total estimated duration= 215.000
script duration name:unknown120_60 seconds:214.0
script duration name:co2 seconds:0.0
Script duration 214.0
Run total estimated duration= 215.000
script duration name:unknown400_120 seconds:556.0
script duration name:co2 seconds:0.0
Script duration 556.0
Run total estimated duration= 557.000
script duration name:unknown120_60 seconds:214.0
script duration name:co2 seconds:0.0
Script duration 214.0
Run total estimated duration= 215.000
script duration name:unknown120_60 seconds:214.0
script duration name:co2 seconds:0.0
Script duration 214.0
Run total estimated duration= 215.000
script duration name:unknown120_60 seconds:214.0
script duration name:co2 seconds:0.0
Script duration 214.0
Run total estimated duration= 215.000
script duration name:unknown120_60 seconds:214.0
script duration name:co2 seconds:0.0
Script duration 214.0
Run total estimated duration= 215.000
script duration name:unknown120_60 seconds:214.0
script duration name:co2 seconds:0.0
Script duration 214.0
Run total estimated duration= 215.000
script duration name:unknown120_60 seconds:214.0
script duration name:co2 seconds:0.0
Script duration 214.0
Run total estimated duration= 215.000
script duration name:unknown120_60 seconds:214.0
script duration name:co2 seconds:0.0
Script duration 214.0
Run total estimated duration= 215.000
script duration name:unknown120_60 seconds:214.0
script duration name:co2 seconds:0.0
Script duration 214.0
Run total estimated duration= 215.000
script duration name:unknown120_60 seconds:214.0
script duration name:co2 seconds:0.0
Script duration 214.0
Run total estimated duration= 215.000
script duration name:unknown120_60 seconds:214.0
script duration name:co2 seconds:0.0
Script duration 214.0
Run total estimated duration= 215.000
script duration name:unknown120_60 seconds:214.0
script duration name:co2 seconds:0.0
Script duration 214.0
Run total estimated duration= 215.000
script duration name:unknown120_60 seconds:214.0
script duration name:co2 seconds:0.0
Script duration 214.0
Run total estimated duration= 215.000
script duration name:unknown120_60 seconds:214.0
script duration name:co2 seconds:0.0
Script duration 214.0
Run total estimated duration= 215.000
script duration name:unknown120_60 seconds:214.0
script duration name:co2 seconds:0.0
Script duration 214.0
Run total estimated duration= 215.000
script duration name:unknown120_60 seconds:214.0
script duration name:co2 seconds:0.0
Script duration 214.0
Run total estimated duration= 215.000
script duration name:unknown400_120 seconds:556.0
script duration name:co2 seconds:0.0
Script duration 556.0
Run total estimated duration= 557.000
script duration name:unknown400_120 seconds:556.0
script duration name:cocktail_x1 seconds:108.0
Script duration 664.0
Run total estimated duration= 665.000
script duration name:unknown400_120 seconds:556.0
script duration name:cocktail_x1 seconds:108.0
Script duration 664.0
Run total estimated duration= 665.000
script duration name:unknown400_120 seconds:556.0
script duration name:sniffair_x2 seconds:250.0
Script duration 806.0
Run total estimated duration= 807.000
script duration name:unknown400_120 seconds:556.0
script duration name:sniffair_x2 seconds:250.0
Script duration 806.0
Run total estimated duration= 807.000
script duration name:ic_peak_hop3 seconds:134.0
script duration name:air_x1 seconds:106.0
Script duration 240.0
Run total estimated duration= 241.000
script duration name:unknown120_60 seconds:214.0
script duration name:co2 seconds:0.0
Script duration 214.0
Run total estimated duration= 215.000
script duration name:unknown120_60 seconds:214.0
script duration name:co2 seconds:0.0
Script duration 214.0
Run total estimated duration= 215.000
script duration name:unknown120_60 seconds:214.0
script duration name:co2 seconds:0.0
Script duration 214.0
Run total estimated duration= 215.000
script duration name:unknown120_60 seconds:214.0
script duration name:co2 seconds:0.0
Script duration 214.0
Run total estimated duration= 215.000
script duration name:unknown120_60 seconds:214.0
script duration name:co2 seconds:0.0
Script duration 214.0
Run total estimated duration= 215.000
script duration name:unknown120_60 seconds:214.0
script duration name:co2 seconds:0.0
Script duration 214.0
Run total estimated duration= 215.000
script duration name:unknown120_60 seconds:214.0
script duration name:co2 seconds:0.0
Script duration 214.0
Run total estimated duration= 215.000
script duration name:unknown120_60 seconds:214.0
script duration name:co2 seconds:0.0
Script duration 214.0
Run total estimated duration= 215.000
script duration name:unknown120_60 seconds:214.0
script duration name:co2 seconds:0.0
Script duration 214.0
Run total estimated duration= 215.000
script duration name:unknown120_60 seconds:214.0
script duration name:co2 seconds:0.0
Script duration 214.0
Run total estimated duration= 215.000
script duration name:unknown120_60 seconds:214.0
script duration name:co2 seconds:0.0
Script duration 214.0
Run total estimated duration= 215.000
script duration name:unknown120_60 seconds:214.0
script duration name:co2 seconds:0.0
Script duration 214.0
Run total estimated duration= 215.000
script duration name:unknown120_60 seconds:214.0
script duration name:co2 seconds:0.0
Script duration 214.0
Run total estimated duration= 215.000
nruns=142 before=5.0, run_dur=40180.0, btw=4230.0
write rem/ex queues
/Users/jan/PychronDev/experiments/rem/CurrentExperiment.rem.txt
/Users/jan/PychronDev/experiments/rem/CurrentExperiment.ex.txt
doing event level: 3
