do run
loading script "jan_unknown120_60.py"
loading script "jan_pump_ms.py"
loading script "jan_co2.py"
loading script "jan_pump_extraction_line.py"
testing...
no interpolation path defined
executed 213.652928
script duration name:unknown120_60 seconds:214.0
loading script "jan_unknown120_60.py"
loading script "jan_pump_ms.py"
loading script "jan_co2.py"
loading script "jan_pump_extraction_line.py"
testing...
no interpolation path defined
executed 0
loading script "jan_unknown120_60.py"
loading script "jan_pump_ms.py"
loading script "jan_co2.py"
loading script "jan_pump_extraction_line.py"
testing...
no interpolation path defined
calculate duration
testing...
no interpolation path defined
executed 0
calculate duration
testing...
no interpolation path defined
executed 0
executed 0.0
script duration name:co2 seconds:0.0
loading script "jan_unknown120_60.py"
loading script "jan_pump_ms.py"
loading script "jan_co2.py"
loading script "jan_pump_extraction_line.py"
testing...
no interpolation path defined
calculate duration
testing...
no interpolation path defined
executed 4.0
executed 4.0
Script duration 214.0
Run total estimated duration= 215.000
run duration: 0:03:35
doing event level: 2
11:13:28 -- Setting default integration. t=1.048576
setting integration time = 1.048576
SetIntegrationTime 1.048576 ===>> OK
----------------- start -----------------
**************** Experiment Type: Ar/Ar, Ar/Ar
create new session 4993924272
close session 4993924272
$$$$$ Clearing conditionals
adding conditionals 
Add queue conditionals
add default conditionals
adding default conditionals from /Users/jan/PychronDev/setupfiles/spectrometer/default_conditionals.yaml
Start automated run 65576-10A
loading script "jan_unknown120_60.py"
loading script "jan_pump_ms.py"
loading script "jan_co2.py"
loading script "jan_pump_extraction_line.py"
%%%%%%%%%%%%%%%%%% setting automated run 65576-10A
No value "sensitivity_multiplier" in metadata
$$$$$$$$$$$$$$$ auto_save_detector_ic=False
============================= Pre Extraction Check =============================
loading queue conditionals pre_run_terminations
loading system conditionals pre_run_terminations
loading conditionals from /Users/jan/PychronDev/setupfiles/spectrometer/default_conditionals.yaml
11:13:28 -- ******* Pre Extraction Check *******
Get a measurement from the spectrometer
GetData ===>> H2,-0.192844365133843,H1,0.0454675689950392,AX,-0.0832923492603509,L1,0.0127093918188397,L2,0.043...
Pre Extraction Termination data. keys=H2,H1,AX,L1,L2,CDD, signals=-0.19284,0.04547,-0.08329,0.01271,0.04381,0.00536
11:13:28 -- testing system defined conditionals
Checking default pre extraction terminations n=2
testing CDD
evaluate ot="CDD.inactive" t="CDD", ctx="{'CDD': False}"
GetDeflection CDD ===>> 50
testing CDD==2000
evaluate ot="CDD.deflection==2000" t="CDD==2000", ctx="{'CDD': 50.0}"
11:13:29 -- ******* Pre Extraction Check Passed *******
=================================================================================
11:13:29 -- stopping status monitor
stop 5064012720
Alive clients [4977824688, 4983939824]
11:13:29 -- starting status monitor
start 5064012720
Monitor already running
start extraction
do extraction
Analysis started at 11:13:29.013282
Extraction Started jan_co2.py
11:13:29 -- ******* Extraction Started jan_co2.py *******
state changed from not run to extraction
DO EXTRACTION <pychron.extraction_line.pyscript_runner.RemotePyScriptRunner object at 0x12c3c43b0>
testing...
no interpolation path defined
calculate duration
testing...
no interpolation path defined
executed 0
calculate duration
testing...
no interpolation path defined
executed 0
executed 100.0
Jan CO2 laser analysis
doing GOSUB
testing...
no interpolation path defined
executed 0
Waiting for CO2 access
wait ('FelixCO2Flag', 0) {}
waiting for FelixCO2Flag = 0
Read FelixCO2Flag ===>> 0
finished waiting
CO2 free
wait ('CO2PumpTimeFlag', 0) {}
waiting for CO2PumpTimeFlag = 0
Read CO2PumpTimeFlag ===>> 0
finished waiting
acquire ('JanCO2Flag',) {'clear': True}
acquire JanCO2Flag
Set JanCO2Flag 1 ===>> OK
JanCO2Flag acquired
set extraction state False (0.75, 'red', 1.5)
CO2 acquired
executed 0
WaitForCO2Access.py completed successfully
gosub finished
doing GOSUB
testing...
no interpolation path defined
executed 0
Prepare for CO2 analysis
close () {'description': 'Jan Inlet'}
closing name=--- desc=Jan Inlet
checking ownership. requestor=129.138.12.150
check software interlocks R
interlocks []
actuate state mode=None-script, software_lock=False
doing actuation None-script close_channel False
Close R ===>> OK
Get Checksum: 2035439760
GetIndicatorState R ===>> False
change switch state (True, True)
update switch state R False args=() kw={} ncanvase=3
11:13:29 -- CLOSE  VALVE-R (Jan Inlet)
---------------------------------------- close None (Jan Inlet) result=[(True, True)]
action=close, ok=True, locked=[False]
open () {'description': 'Jan Ion Pump'}
opening name=--- desc=Jan Ion Pump
checking ownership. requestor=129.138.12.150
check software interlocks O
interlocks []
actuate state mode=None-script, software_lock=False
doing actuation None-script open_channel False
Open O ===>> OK
GetIndicatorState O ===>> OK
change switch state (True, True)
update switch state O True args=() kw={} ncanvase=3
11:13:29 -- OPEN   VALVE-O (Jan Ion Pump)
---------------------------------------- open None (Jan Ion Pump) result=[(True, True)], time=0.10 sec
action=open, ok=True, locked=[False]
close () {'description': 'Microbone to Minibone'}
closing name=--- desc=Microbone to Minibone
checking ownership. requestor=129.138.12.150
check software interlocks L
interlocks []
actuate state mode=None-script, software_lock=False
doing actuation None-script close_channel False
Close L ===>> OK
GetIndicatorState L ===>> False
change switch state (True, True)
update switch state L False args=() kw={} ncanvase=3
11:13:30 -- CLOSE  VALVE-L (Microbone to Minibone)
---------------------------------------- close None (Microbone to Minibone) result=[(True, True)]
action=close, ok=True, locked=[False]
open () {'description': 'Microbone to Turbo'}
opening name=--- desc=Microbone to Turbo
checking ownership. requestor=129.138.12.150
check software interlocks U
interlocks []
actuate state mode=None-script, software_lock=False
doing actuation None-script open_channel False
Open U ===>> OK
GetIndicatorState U ===>> OK
change switch state (True, True)
update switch state U True args=() kw={} ncanvase=3
11:13:30 -- OPEN   VALVE-U (Microbone to Turbo)
---------------------------------------- open None (Microbone to Turbo) result=[(True, True)], time=0.12 sec
action=open, ok=True, locked=[False]
open () {'description': 'Microbone to Inlet Pipette'}
opening name=--- desc=Microbone to Inlet Pipette
checking ownership. requestor=129.138.12.150
check software interlocks S
interlocks []
actuate state mode=None-script, software_lock=False
doing actuation None-script open_channel False
Open S ===>> OK
GetIndicatorState S ===>> OK
change switch state (True, True)
update switch state S True args=() kw={} ncanvase=3
11:13:31 -- OPEN   VALVE-S (Microbone to Inlet Pipette)
---------------------------------------- open None (Microbone to Inlet Pipette) result=[(True, True)], time=0.41 sec
action=open, ok=True, locked=[False]
open () {'description': 'Microbone to Getter D-50'}
opening name=--- desc=Microbone to Getter D-50
checking ownership. requestor=129.138.12.150
check software interlocks K
interlocks []
actuate state mode=None-script, software_lock=False
doing actuation None-script open_channel False
Open K ===>> OK
GetIndicatorState K ===>> OK
change switch state (True, True)
update switch state K True args=() kw={} ncanvase=3
11:13:32 -- OPEN   VALVE-K (Microbone to Getter D-50)
---------------------------------------- open None (Microbone to Getter D-50) result=[(True, True)], time=0.41 sec
Get Checksum: 2035439760
action=open, ok=True, locked=[False]
open () {'description': 'Microbone to Getter NP-10'}
opening name=--- desc=Microbone to Getter NP-10
checking ownership. requestor=129.138.12.150
check software interlocks M
interlocks []
actuate state mode=None-script, software_lock=False
doing actuation None-script open_channel False
Open M ===>> OK
GetIndicatorState M ===>> OK
change switch state (True, True)
update switch state M True args=() kw={} ncanvase=3
11:13:32 -- OPEN   VALVE-M (Microbone to Getter NP-10)
---------------------------------------- open None (Microbone to Getter NP-10) result=[(True, True)], time=0.14 sec
action=open, ok=True, locked=[False]
close () {'description': 'CO2 Laser to Felix'}
closing name=--- desc=CO2 Laser to Felix
checking ownership. requestor=129.138.12.150
check software interlocks F
interlocks []
actuate state mode=None-script, software_lock=True
VALVE-F(CO2 Laser to Felix) software locked
change switch state (True, False)
---------------------------------------- close None (CO2 Laser to Felix) result=[(True, False)]
action=close, ok=True, locked=[True]
open () {'description': 'CO2 Laser to Jan'}
opening name=--- desc=CO2 Laser to Jan
checking ownership. requestor=129.138.12.150
check software interlocks A
interlocks []
actuate state mode=None-script, software_lock=False
doing actuation None-script open_channel False
Open A ===>> OK
GetIndicatorState A ===>> OK
change switch state (True, True)
update switch state A True args=() kw={} ncanvase=3
11:13:33 -- OPEN   VALVE-A (CO2 Laser to Jan)
---------------------------------------- open None (CO2 Laser to Jan) result=[(True, True)], time=0.14 sec
action=open, ok=True, locked=[False]
open () {'description': 'Microbone to CO2 Laser'}
opening name=--- desc=Microbone to CO2 Laser
checking ownership. requestor=129.138.12.150
check software interlocks T
interlocks []
actuate state mode=None-script, software_lock=False
doing actuation None-script open_channel False
Open T ===>> OK
GetIndicatorState T ===>> OK
change switch state (True, True)
update switch state T True args=() kw={} ncanvase=3
11:13:33 -- OPEN   VALVE-T (Microbone to CO2 Laser)
---------------------------------------- open None (Microbone to CO2 Laser) result=[(True, True)], time=0.40 sec
action=open, ok=True, locked=[False]
executed 0
PrepareForCO2Analysis.py completed successfully
gosub finished
set_motor ('beam', '1.25') {}
setting motor "beam" to 1.25
set motor beam to 1.25
SetMotor beam,1.25 ===>> OK
GetMotorMoving beam ===>> False
GetMotorMoving beam ===>> False
Block completed
move_to_position ('122',) {'autocenter': True}
FusionsCO2 move to position 122
sending GoToHole 122,True
GoToHole 122,True ===>> OK
Get Checksum: 2035439760
GetDriveMoving ===>> OK
GetDriveMoving ===>> OK
GetDriveMoving ===>> OK
GetDriveMoving ===>> False
GetDriveMoving ===>> OK
GetDriveMoving ===>> OK
GetDriveMoving ===>> OK
GetDriveMoving ===>> OK
GetDriveMoving ===>> OK
GetDriveMoving ===>> OK
GetDriveMoving ===>> False
Block completed
Get Checksum: 2035439760
GetAutoCorrecting ===>> False
GetAutoCorrecting ===>> False
Block completed
update position
GetPosition ===>> -11.96340,-1.99390,1.00000
got position (-11.9634, -1.9939, 1.0)
move to position succeeded
sleep (5,) {}
SLEEP 5.0
block started
WaitControl setup for 5.0  
Get Checksum: 2035439760
Join finished
block finished. duration 5.01000595093
close () {'description': 'Microbone to Turbo'}
closing name=--- desc=Microbone to Turbo
checking ownership. requestor=129.138.12.150
check software interlocks U
interlocks []
actuate state mode=None-script, software_lock=False
doing actuation None-script close_channel True
Close U ===>> OK
GetIndicatorState U ===>> False
change switch state (True, True)
update switch state U False args=() kw={} ncanvase=3
11:13:44 -- CLOSE  VALVE-U (Microbone to Turbo)
---------------------------------------- close None (Microbone to Turbo) result=[(True, True)]
Get Checksum: -1640178555
action=close, ok=True, locked=[False]
enable laser
enable () {}
set extraction state FusionsCO2 Enabled (False, 'red', 1.5)
enabling laser
Enable ===>> OK
begin interval
BEGIN INTERVAL Interval 1 waiting for 30.0
block started
set extract to 0.3
WaitControl setup for 30.0  
extract (0.3,) {}
GetPosition ===>> -11.96340,-1.99390,1.00000
set extraction state FusionsCO2 ON! 0.3(watts) (0.75, 'red', 1.5)
extract sample to 0.3 (watts)
set laser output
SetLaserOutput 0.3,watts ===>> OK
executing pattern triangle.lp
execute_pattern ('triangle.lp',) {}
executing pattern triangle.lp
IsPatterning ===>> OK
Get Checksum: -1640178555
IsPatterning ===>> OK
IsPatterning ===>> OK
IsPatterning ===>> OK
Get Checksum: -1640178555
IsPatterning ===>> OK
IsPatterning ===>> OK
IsPatterning ===>> OK
Get Checksum: -1640178555
IsPatterning ===>> OK
IsPatterning ===>> OK
IsPatterning ===>> OK
Get Checksum: -1640178555
IsPatterning ===>> OK
IsPatterning ===>> OK
IsPatterning ===>> OK
Get Checksum: -1640178555
IsPatterning ===>> OK
IsPatterning ===>> OK
IsPatterning ===>> OK
Get Checksum: -1640178555
IsPatterning ===>> OK
IsPatterning ===>> OK
IsPatterning ===>> OK
Get Checksum: -1640178555
IsPatterning ===>> OK
IsPatterning ===>> OK
IsPatterning ===>> OK
Get Checksum: -1640178555
IsPatterning ===>> OK
IsPatterning ===>> OK
IsPatterning ===>> OK
Get Checksum: -1640178555
IsPatterning ===>> OK
IsPatterning ===>> OK
IsPatterning ===>> False
IsPatterning ===>> False
Block completed
COMPLETE INTERVAL waiting for Interval 1 to complete
Join finished
block finished. duration 30.0801408291
Interval 1 finished
end_extract () {}
ending extraction. set laser power to 0
set laser power 0
SetLaserPower 0 ===>> OK
disable () {}
%%%%%%%%%%%%%%%%%%%%%%%%%%%%%%%%%%% disable
set extraction state False (0.75, 'red', 1.5)
disabling laser
Disable ===>> OK
sleep (30.0,) {}
SLEEP 30.0
block started
WaitControl setup for 30.0  
Get Checksum: -1640178555
Get Checksum: -1640178555
Get Checksum: -1640178555
Get Checksum: -1640178555
Get Checksum: -1640178555
Get Checksum: -1640178555
Get Checksum: -1640178555
Get Checksum: -1640178555
Get Checksum: -1640178555
Get Checksum: -1640178555
Join finished
block finished. duration 30.0523939133
executed 165.5
jan_co2.py completed successfully
GetAchievedOutput ===>> No Response
Requested Output= 0.000
Achieved Output=  0.000
GetResponseBlob ===>> No Response
GetOutputBlob ===>> No Response
persistence save...
persistence save - db
AutomatedRunPersister post_extraction_save deprecated
persistence save - dvc
no extraction position for 122
create new session 4983587952
close session 4983587952
Extraction Finished
11:14:45 -- ******* Extraction Finished *******
no overlap. not waiting for min ms pumptime
11:14:45 -- Sending spectrometer configuration
======== Sending configuration ========
SetDeflection CDD,50.0 ===>> OK
SetDeflection H2,0.0 ===>> OK
SetDeflection H1,0.0 ===>> OK
SetDeflection L2,825.0 ===>> OK
SetDeflection L1,400.0 ===>> OK
SetDeflection AX,190.0 ===>> OK
SetZFocus 74.64 ===>> OK
SetZSymmetry -50.72 ===>> OK
SetExtractionLens 26.13 ===>> OK
SetIonRepeller -3.81 ===>> OK
SetElectronEnergy 75.08 ===>> OK
SetYSymmetry -2.81 ===>> OK
SetIonCounterVoltage 1590.0 ===>> OK
send trap current 200.0
GetParameter Trap Current Readback ===>> 198.147042666178
SetParameter Trap Current Set,200.0 ===>> OK
updating mftable name mftable
Using mftable located at /Users/jan/PychronDev/setupfiles/spectrometer/mftables/mftable.csv
============ MFtable ===========
Isotope  H2     H1     AX     L1     L2     CDD    
Ar40     5.7842 5.8792 5.9924 6.1241 6.2308 6.3523
Ar39     5.6834 5.7715 5.8849 6.0102 6.1159 6.2388
Ar36     5.3609 5.4405 5.5482 5.6690 5.7709 5.8899
================================
get initial guess parabolic
get initial guess parabolic
get initial guess parabolic
get initial guess parabolic
get initial guess parabolic
get initial guess parabolic
======== Configuration Finished ========
GetYSymmetry ===>> -2.81
GetZSymmetry ===>> -50.72
GetParameter Trap Current Readback ===>> 197.475737044497
GetHighVoltage ===>> 4500
start measurement
do measurement
L#=65576 analysis type=unknown
Measurement Started jan_unknown120_60.py
11:14:45 -- ******* Measurement Started jan_unknown120_60.py *******
state changed from extraction to measurement
setting spec, defl, and gains
GetExtractionLens ===>> 26.13
GetYSymmetry ===>> -2.81
GetZSymmetry ===>> -50.72
GetZFocus ===>> 74.64
GetDeflection H2 ===>> 0
GetDeflection H1 ===>> 0
GetDeflection AX ===>> 190
GetDeflection L1 ===>> 400
GetDeflection L2 ===>> 825
GetDeflection CDD ===>> 50
GetGain H2 ===>> 0.0113
GetGain H1 ===>> 0.1
GetGain AX ===>> 0.097049
GetGain L1 ===>> 0.010355
GetGain L2 ===>> 0.095649
GetGain CDD ===>> 0
pre measurement save
New frame /Users/jan/PychronDev/data/isotopes/c2/34a81d-f99d-4de3-a037-787e6f366ffe.h5
flush and close file /Users/jan/PychronDev/data/isotopes/c2/34a81d-f99d-4de3-a037-787e6f366ffe.h5
testing...
no interpolation path defined
executed 226.132928
unknown measurement script
activate_detectors ('H2', 'H1', 'AX', 'L1', 'L2', 'CDD') {}
activate detectors
*************** Set Analysis View Ar/Ar
create graphs
clearing graphs
clear isotope group
setting isotope det=H2, iso=PM41
setting isotope det=H1, iso=Ar40
setting isotope det=AX, iso=Ar39
setting isotope det=L1, iso=Ar38
setting isotope det=L2, iso=Ar37
setting isotope det=CDD, iso=Ar36
setting previous blanks
 - setting Ar40 blank 0.089+/-0.006
 - setting Ar36 blank 0.00371+/-0.00016
 - setting Ar37 blank 0.047+/-0.005
 - setting Ar38 blank 0.0074+/-0.0023
 - setting PM41 blank 0.02+/-0.07
 - setting Ar39 blank 0.023+/-0.008
load analysis view
position_magnet ('Ar40',) {'detector': 'H1'}
detector Detector(H1)
POSITION Ar40 H1
setting detector H2 to PM41 (40.9624)
setting detector H1 to Ar40 (39.9624)
setting detector AX to Ar39 (38.9624)
setting detector L1 to Ar38 (37.9624)
setting detector L2 to Ar37 (36.9624)
setting detector CDD to Ar36 (35.9624)
Mapping mass to dac mass func: "parabolic"
H1 map mass coeffs = [-0.00063987  0.15840543  0.57080999]
H1 map mass to dac 39.9624 >> 5.8792
GetDeflection H1 ===>> 0
GetHighVoltage ===>> 4500
positioning Ar40 (5.8792) on H1
setting magnet DAC
current  : 5.879200
requested: 5.879200
Delta Dac: 0.000000
Checking detector protection. dv=0.00000
Checking detector "CDD". Protection Threshold: 0.1 (V)
SetMagnetDAC 5.8792 ===>> OK
Magnet settling time: 0.500
Get Checksum: -1640178555
equilibrate () {'delay': 3, 'inlet': 'R', 'outlet': 'O', 'eqtime': 12.0}
Equilibration Started
11:14:47 -- ******* Equilibration Started *******
checking ownership. requestor=129.138.12.150
check software interlocks O
interlocks []
actuate state mode=None-script, software_lock=False
doing actuation None-script close_channel True
Close O ===>> OK
GetIndicatorState O ===>> False
change switch state (True, True)
update switch state O False args=() kw={} ncanvase=3
11:14:47 -- CLOSE  VALVE-O (Jan Ion Pump)
waiting 3s before opening inlet value ('R',)
Get Checksum: -423938523
checking ownership. requestor=129.138.12.150
check software interlocks R
interlocks []
actuate state mode=None-script, software_lock=False
doing actuation None-script open_channel True
Open R ===>> OK
GetIndicatorState R ===>> OK
change switch state (True, True)
update switch state R True args=() kw={} ncanvase=3
11:14:50 -- OPEN   VALVE-R (Jan Inlet)
set_time_zero () {}
equilibrating for 12.0sec
sniff (12.0,) {}
py_sniff
build tables- sniff [Detector(H2), Detector(H1), Detector(AX), Detector(L1), Detector(L2), Detector(CDD)]
add group /sniff/PM41 (Group) '' table H2
add group /sniff/Ar40 (Group) '' table H1
add group /sniff/Ar39 (Group) '' table AX
add group /sniff/Ar38 (Group) '' table L1
add group /sniff/Ar37 (Group) '' table L2
add group /sniff/Ar36 (Group) '' table CDD
flush and close file /Users/jan/PychronDev/data/isotopes/c2/34a81d-f99d-4de3-a037-787e6f366ffe.h5
measuring sniff. ncounts=12.0
starting measurement
GetData ===>> H2,0.0619815079123826,H1,2.45682043030502,AX,0.994723185705871,L1,0.0156138156168175,L2,0.0923914...
GetData ===>> H2,1.13481168975305,H1,24.1892342973559,AX,7.02679360397908,L1,0.242014001967479,L2,0.29158850729...
Get Checksum: -173909521
GetData ===>> H2,0.575481900300138,H1,36.0703889582209,AX,9.0500478828373,L1,0.25508440976287,L2,0.201096849203...
GetData ===>> H2,0.269086096751644,H1,39.8434661709296,AX,9.64221778853491,L1,0.241299675470547,L2,0.0931094963...
GetData ===>> H2,0.316655129456923,H1,41.184572182013,AX,9.86377483169128,L1,0.224755413392176,L2,0.22772180315...
Get Checksum: -173909521
GetData ===>> H2,0.073744569305128,H1,41.6845407556212,AX,9.964706414979,L1,0.22871727715588,L2,0.1198754444971...
GetData ===>> H2,-0.122287762337486,H1,41.9549310108706,AX,9.87845380984646,L1,0.1904083077942,L2,0.07028086768...
GetData ===>> H2,-0.036987705865501,H1,42.0883909774024,AX,9.94900319752517,L1,0.165527557594563,L2,0.084219568...
Get Checksum: -173909521
GetData ===>> H2,-0.00347227303041479,H1,42.1855525052089,AX,9.81233952748196,L1,0.141019190357646,L2,0.0915252...
GetData ===>> H2,-0.103791400942972,H1,42.1439724474352,AX,9.84637997323564,L1,0.152148133589709,L2,0.049923293...
GetData ===>> H2,-0.0615988112828045,H1,42.0910323246928,AX,9.99132692266623,L1,0.134327451182958,L2,0.09633514...
Get Checksum: -173909521
Equilibration Finished
11:15:02 -- ******* Equilibration Finished *******
checking ownership. requestor=129.138.12.150
check software interlocks R
interlocks []
actuate state mode=None-script, software_lock=False
doing actuation None-script close_channel True
GetData ===>> H2,0.079198846006568,H1,42.1854947251715,AX,9.9094754102051,L1,0.149085294088306,L2,0.14073025706...
Close R ===>> OK
GetIndicatorState R ===>> False
change switch state (True, True)
update switch state R False args=() kw={} ncanvase=3
11:15:03 -- CLOSE  VALVE-R (Jan Inlet)
Post Equilibration Started jan_pump_extraction_line.py
11:15:03 -- ******* Post Equilibration Started jan_pump_extraction_line.py *******
testing...
no interpolation path defined
calculate duration
testing...
no interpolation path defined
executed 4.0
executed 4.0
Pump after analysis
doing GOSUB
testing...
no interpolation path defined
executed 4.0
Pump Microbone
close () {'description': 'Jan Inlet'}
closing name=--- desc=Jan Inlet
checking ownership. requestor=129.138.12.150
check software interlocks R
interlocks []
actuate state mode=None-script, software_lock=False
doing actuation None-script close_channel False
Close R ===>> OK
measurement finished
estimated time: 12.583 actual time: :12.675
flush and close file /Users/jan/PychronDev/data/isotopes/c2/34a81d-f99d-4de3-a037-787e6f366ffe.h5
set_fits () {}
using default fits file=/Users/jan/PychronDev/scripts/measurement/fits/nominal_linear.yaml
GetIndicatorState R ===>> False
change switch state (True, True)
update switch state R False args=() kw={} ncanvase=3
set "Ar40" to "('Linear', 'SEM')"
No fit for "PM41". defaulting to linear. check the measurement script "jan_unknown120_60.py"
set "PM41" to "linear"
set "Ar36" to "('Linear', 'SEM')"
set "Ar37" to "('linear', 'SEM')"
set "Ar38" to "('linear', 'SEM')"
set "Ar39" to "('Linear', 'SEM')"
11:15:03 -- CLOSE  VALVE-R (Jan Inlet)
set_baseline_fits () {}
---------------------------------------- close None (Jan Inlet) result=[(True, True)]
using default fits file=/Users/jan/PychronDev/scripts/measurement/fits/nominal_linear.yaml
set "H1" to "('average', 'SEM')"
set "H2" to "('average', 'SEM')"
set "CDD" to "('average', 'SEM')"
set "L2" to "('average', 'SEM')"
set "L1" to "('average', 'SEM')"
set "AX" to "('average', 'SEM')"
multicollect () {'integration_time': 1, 'ncounts': 120}
build tables- signal [Detector(H2), Detector(H1), Detector(AX), Detector(L1), Detector(L2), Detector(CDD)]
add group /signal/PM41 (Group) '' table H2
add group /signal/Ar40 (Group) '' table H1
add group /signal/Ar39 (Group) '' table AX
add group /signal/Ar38 (Group) '' table L1
add group /signal/Ar37 (Group) '' table L2
add group /signal/Ar36 (Group) '' table CDD
flush and close file /Users/jan/PychronDev/data/isotopes/c2/34a81d-f99d-4de3-a037-787e6f366ffe.h5
measuring signal. ncounts=120
action=close, ok=True, locked=[False]
is_closed ('F',) {}
is F () closed?
is closed True
open () {'description': 'CO2 Laser to Jan'}
opening name=--- desc=CO2 Laser to Jan
checking ownership. requestor=129.138.12.150
check software interlocks A
interlocks []
actuate state mode=None-script, software_lock=False
doing actuation None-script open_channel False
Open A ===>> OK
GetIndicatorState A ===>> OK
change switch state (True, True)
update switch state A True args=() kw={} ncanvase=3
11:15:04 -- OPEN   VALVE-A (CO2 Laser to Jan)
---------------------------------------- open None (CO2 Laser to Jan) result=[(True, True)], time=0.11 sec
starting measurement
GetData ===>> H2,-0.04617651521468,H1,42.2014575078982,AX,9.92225963153402,L1,0.206795675952394,L2,0.2588640168...
action=open, ok=True, locked=[False]
sleep (1,) {}
SLEEP 1.0
Get Checksum: -423938523
GetData ===>> H2,0.119593767824586,H1,42.2800302766437,AX,10.0014623395773,L1,0.202326326516814,L2,0.1836286022...
close () {'description': 'CO2 Laser to Roughing'}
closing name=--- desc=CO2 Laser to Roughing
checking ownership. requestor=129.138.12.150
check software interlocks G
interlocks []
actuate state mode=None-script, software_lock=True
VALVE-G(CO2 Laser to Roughing) software locked
change switch state (True, False)
---------------------------------------- close None (CO2 Laser to Roughing) result=[(True, False)]
action=close, ok=True, locked=[True]
open () {'description': 'Microbone to Turbo'}
opening name=--- desc=Microbone to Turbo
checking ownership. requestor=129.138.12.150
check software interlocks U
interlocks []
actuate state mode=None-script, software_lock=False
doing actuation None-script open_channel True
Open U ===>> OK
GetIndicatorState U ===>> OK
change switch state (True, True)
update switch state U True args=() kw={} ncanvase=3
11:15:05 -- OPEN   VALVE-U (Microbone to Turbo)
---------------------------------------- open None (Microbone to Turbo) result=[(True, True)], time=0.18 sec
action=open, ok=True, locked=[False]
open () {'description': 'Microbone to Getter NP-10'}
opening name=--- desc=Microbone to Getter NP-10
checking ownership. requestor=129.138.12.150
check software interlocks M
interlocks []
actuate state mode=None-script, software_lock=False
doing actuation None-script open_channel False
Open M ===>> OK
GetIndicatorState M ===>> OK
change switch state (True, True)
update switch state M True args=() kw={} ncanvase=3
11:15:06 -- OPEN   VALVE-M (Microbone to Getter NP-10)
---------------------------------------- open None (Microbone to Getter NP-10) result=[(True, True)], time=0.13 sec
action=open, ok=True, locked=[False]
open () {'description': 'Microbone to Getter D-50'}
opening name=--- desc=Microbone to Getter D-50
checking ownership. requestor=129.138.12.150
check software interlocks K
interlocks []
actuate state mode=None-script, software_lock=False
doing actuation None-script open_channel False
GetData ===>> H2,-0.0503261857632486,H1,42.1310926008998,AX,9.76795650067189,L1,0.1773819687736,L2,0.2249710899...
Open K ===>> OK
GetIndicatorState K ===>> OK
change switch state (True, True)
update switch state K True args=() kw={} ncanvase=3
11:15:06 -- OPEN   VALVE-K (Microbone to Getter D-50)
---------------------------------------- open None (Microbone to Getter D-50) result=[(True, True)], time=0.39 sec
action=open, ok=True, locked=[False]
open () {'description': 'Microbone to CO2 Laser'}
opening name=--- desc=Microbone to CO2 Laser
checking ownership. requestor=129.138.12.150
check software interlocks T
interlocks []
actuate state mode=None-script, software_lock=False
doing actuation None-script open_channel False
Open T ===>> OK
GetIndicatorState T ===>> OK
change switch state (True, True)
update switch state T True args=() kw={} ncanvase=3
11:15:07 -- OPEN   VALVE-T (Microbone to CO2 Laser)
---------------------------------------- open None (Microbone to CO2 Laser) result=[(True, True)], time=0.41 sec
GetData ===>> H2,-0.137757171410741,H1,42.2547398757991,AX,9.7623171060273,L1,0.132530206657849,L2,0.1467743269...
action=open, ok=True, locked=[False]
open () {'description': 'Microbone to Inlet Pipette'}
opening name=--- desc=Microbone to Inlet Pipette
checking ownership. requestor=129.138.12.150
check software interlocks S
interlocks []
actuate state mode=None-script, software_lock=False
doing actuation None-script open_channel False
Open S ===>> OK
Get Checksum: -110011688
GetIndicatorState S ===>> OK
change switch state (True, True)
update switch state S True args=() kw={} ncanvase=3
11:15:08 -- OPEN   VALVE-S (Microbone to Inlet Pipette)
---------------------------------------- open None (Microbone to Inlet Pipette) result=[(True, True)], time=0.40 sec
action=open, ok=True, locked=[False]
sleep (1,) {}
SLEEP 1.0
GetData ===>> H2,-0.0285341905853502,H1,42.3044590817218,AX,9.80015451057984,L1,0.131518189030728,L2,0.08076639...
set_resource () {'name': 'CO2PumpTimeFlag', 'value': 30}
Set CO2PumpTimeFlag 30 ===>> OK
release ('JanCO2Flag',) {}
release JanCO2Flag
Set JanCO2Flag 0 ===>> OK
executed 6.0
PumpMicrobone.py completed successfully
gosub finished
get_resource_value () {'name': 'JanMiniboneFlag'}
Read JanMiniboneFlag ===>> 0
Get Resource Value JanMiniboneFlag=0.0
get resource value 0.0
get_resource_value () {'name': 'JanMiniboneFlag'}
Read JanMiniboneFlag ===>> 0
Get Resource Value JanMiniboneFlag=0.0
executed 4.0
jan_pump_extraction_line.py completed successfully
Post Equilibration Finished
11:15:09 -- ******* Post Equilibration Finished *******
GetData ===>> H2,-0.0423865252203527,H1,42.1591643399762,AX,9.83267955550026,L1,0.138453380803942,L2,0.12769689...
GetData ===>> H2,-0.0919173976564607,H1,42.1647823567591,AX,9.72953439034794,L1,0.154460984558985,L2,0.14006885...
Get Checksum: -110011688
GetData ===>> H2,-0.0684345691744298,H1,42.1082097038385,AX,9.73764384565293,L1,0.145964179823884,L2,0.15861268...
GetData ===>> H2,-0.0101108429669017,H1,42.2677960544657,AX,9.79496413443441,L1,0.10191589596616,L2,0.019241152...
GetData ===>> H2,-0.0725597191286387,H1,42.2181737338192,AX,9.82835284766164,L1,0.11315215135918,L2,0.100666584...
Get Checksum: -110011688
GetData ===>> H2,-0.161049674491983,H1,42.0552852030041,AX,9.79207664487712,L1,0.135597067947512,L2,0.169437285...
GetData ===>> H2,-0.276394706481538,H1,42.1332150822874,AX,9.70594026581882,L1,0.166728461753465,L2,0.036046130...
GetData ===>> H2,-0.238074527367756,H1,42.0987113225797,AX,9.68278971754545,L1,0.174667918221424,L2,0.162513507...
Get Checksum: -110011688
GetData ===>> H2,-0.12123820417119,H1,42.2610367067806,AX,9.79647492096126,L1,0.175499488237338,L2,0.1354163523...
GetData ===>> H2,-0.0491616614710139,H1,42.2003162074936,AX,9.72675832826044,L1,0.128859407036888,L2,0.09022587...
GetData ===>> H2,-0.14090531225243,H1,42.1042976663496,AX,9.6644544895474,L1,0.12390472899384,L2,-0.01906635223...
Get Checksum: -110011688
GetData ===>> H2,-0.214074901406334,H1,42.1283926272874,AX,9.69525287308309,L1,0.133200512618075,L2,0.073839611...
GetData ===>> H2,-0.212546341111871,H1,42.2399955948157,AX,9.7774576963162,L1,0.137104868878217,L2,0.1281073645...
Get Checksum: -110011688
GetData ===>> H2,-0.146827504183644,H1,42.2333677511208,AX,9.87207032727256,L1,0.137333233283028,L2,0.109649239...
GetData ===>> H2,-0.0493924041822387,H1,42.103128410292,AX,9.6968352183701,L1,0.125264761120303,L2,0.0747749438...
GetData ===>> H2,-0.163116962369922,H1,42.2439955799715,AX,9.74419519681163,L1,0.1692323138654,L2,0.08119946034...
Get Checksum: -110011688
GetData ===>> H2,-0.14959904893243,H1,42.1376334281027,AX,9.78770292361297,L1,0.160982846464711,L2,0.0764859420...
GetData ===>> H2,-0.253374423967594,H1,42.0827332032366,AX,9.75092964412546,L1,0.10447328112696,L2,0.1320069422...
GetData ===>> H2,-0.175170331328677,H1,42.1235992394738,AX,9.71253828037342,L1,0.091806295689488,L2,0.120958551...
Get Checksum: -110011688
11:15:29 -- collecting point 25
GetData ===>> H2,-0.23594371638604,H1,42.1384420317057,AX,9.6545776793432,L1,0.0978293594429303,L2,-0.015818617...
GetData ===>> H2,-0.23940809493219,H1,42.1791246449786,AX,9.58214444954516,L1,0.114292439054796,L2,0.1545979728...
GetData ===>> H2,-0.118405535860319,H1,42.1016848998605,AX,9.67511179830907,L1,0.131827338828255,L2,-0.01866751...
Get Checksum: -110011688
GetData ===>> H2,-0.16731923995895,H1,42.171873850064,AX,9.83696988037724,L1,0.146168358096828,L2,0.17176433442...
GetData ===>> H2,-0.0520347535302945,H1,42.1670787419485,AX,9.79236904517188,L1,0.124633596625175,L2,0.08708021...
GetData ===>> H2,-0.0244525314437553,H1,42.1975135660243,AX,9.70891053699432,L1,0.135001500036879,L2,-0.0198070...
Get Checksum: -110011688
GetData ===>> H2,-0.125358785555144,H1,42.2233898993871,AX,9.69020170400345,L1,0.115093733883368,L2,0.159240000...
GetData ===>> H2,-0.135754829139709,H1,42.0636834575278,AX,9.6706173234122,L1,0.16060051489596,L2,0.20117672440...
GetData ===>> H2,-0.112210162438535,H1,42.1077188877771,AX,9.66763329616922,L1,0.104294861022687,L2,0.178574700...
Get Checksum: -110011688
GetData ===>> H2,-0.128581722465239,H1,42.2752635497738,AX,9.70743756385844,L1,0.0795027737507524,L2,0.07229975...
GetData ===>> H2,-0.170508042870214,H1,42.2477501987639,AX,9.74346454204898,L1,0.0972022920967227,L2,0.08863023...
GetData ===>> H2,-0.128357336199553,H1,42.2463494235377,AX,9.6971882064306,L1,0.129278342284096,L2,0.1696197967...
Get Checksum: -110011688
GetData ===>> H2,-0.215900822367324,H1,42.1946532049589,AX,9.64361809514206,L1,0.145666980925773,L2,0.128620457...
GetData ===>> H2,-0.165965447907795,H1,42.1701839860957,AX,9.66059377312679,L1,0.111779149898273,L2,0.053104947...
GetData ===>> H2,-0.232485673976569,H1,42.0439008701173,AX,9.78110005545779,L1,0.0880720131589435,L2,0.12449298...
Get Checksum: -110011688
GetData ===>> H2,-0.161620883178857,H1,42.2617299558656,AX,9.77688516337088,L1,0.0896323152740904,L2,0.18012620...
GetData ===>> H2,-0.113998208909362,H1,42.2783546785652,AX,9.73410044594194,L1,0.105923663926697,L2,0.073736953...
Get Checksum: -110011688
GetData ===>> H2,-0.0927695325561084,H1,42.3671932996058,AX,9.62957936775578,L1,0.157433524228144,L2,0.05526032...
GetData ===>> H2,-0.220997916006916,H1,42.1306738844728,AX,9.68159703431047,L1,0.139994238955708,L2,0.043252425...
GetData ===>> H2,-0.222623768814845,H1,42.1474381107435,AX,9.75894336207368,L1,0.128051768072421,L2,0.098284270...
Get Checksum: -110011688
GetData ===>> H2,-0.129375149161462,H1,42.2405587616377,AX,9.57187404578426,L1,0.134058085770067,L2,0.108395264...
GetData ===>> H2,-0.192562649613721,H1,42.1893804940555,AX,9.57616947999978,L1,0.137278860339148,L2,0.167155919...
GetData ===>> H2,-0.135012480124181,H1,42.2743535595848,AX,9.58126826106016,L1,0.127389045161839,L2,0.195574211...
Get Checksum: -110011688
GetData ===>> H2,-0.0726573376970222,H1,42.2752491054317,AX,9.60753284113927,L1,0.127125899451579,L2,0.10203444...
GetData ===>> H2,-0.185664497423785,H1,42.423613204976,AX,9.66776727103405,L1,0.132693249974012,L2,0.0585447960...
11:15:56 -- collecting point 50
GetData ===>> H2,-0.168783528794847,H1,42.2427536931958,AX,9.72843856735834,L1,0.124593773032976,L2,0.050641722...
GetData ===>> H2,-0.0892183231206305,H1,42.1869681247311,AX,9.73498932848459,L1,0.108153294243902,L2,0.05066452...
GetData ===>> H2,-0.19129147275907,H1,42.0365715996917,AX,9.590760703377,L1,0.108805755958055,L2,0.157289637355...
Get Checksum: -110011688
GetData ===>> H2,-0.120783726199893,H1,42.1007899320305,AX,9.64434869751311,L1,0.101032832734791,L2,0.077689416...
GetData ===>> H2,-0.144583569475973,H1,42.2699481481018,AX,9.76344983203413,L1,0.140442642446797,L2,0.128859902...
GetData ===>> H2,-0.267576607106948,H1,42.2904021662571,AX,9.73256622850692,L1,0.16368475434648,L2,0.0847210295...
Get Checksum: -110011688
GetData ===>> H2,-0.126471505220527,H1,42.1935841984557,AX,9.61476348009965,L1,0.150440129957542,L2,0.125313905...
GetData ===>> H2,-0.15047818401827,H1,42.0737274955483,AX,9.69667698273882,L1,0.137653435422827,L2,0.1086574578...
GetData ===>> H2,-0.175398480775885,H1,42.2073519899342,AX,9.57904131582614,L1,0.106584422577526,L2,0.107905078...
Get Checksum: -110011688
GetData ===>> H2,-0.181821228762678,H1,42.1248697575322,AX,9.48422697047718,L1,0.123460430607949,L2,0.038394958...
GetData ===>> H2,-0.182860078687023,H1,42.2480101382151,AX,9.65167936384394,L1,0.118378015540264,L2,0.092664980...
GetData ===>> H2,-0.131254015413229,H1,42.2084211178788,AX,9.6927820290604,L1,0.121095806300303,L2,0.1196018194...
Get Checksum: -110011688
GetData ===>> H2,-0.163620561921003,H1,42.2386093491699,AX,9.57441721306332,L1,0.111983037290935,L2,0.099013776...
GetData ===>> H2,-0.188925328643924,H1,42.2037401409497,AX,9.66287121280157,L1,0.104363576501293,L2,0.171376488...
Get Checksum: -110011688
GetData ===>> H2,-0.182946420364223,H1,42.2064128988439,AX,9.59022520879133,L1,0.0985360626785815,L2,0.21255391...
GetData ===>> H2,-0.165661733557289,H1,42.3521029077829,AX,9.70975050638706,L1,0.112253284895522,L2,0.063882306...
GetData ===>> H2,-0.173625805219922,H1,42.346119306782,AX,9.81500824002827,L1,0.138170613442545,L2,0.1440145345...
Get Checksum: -110011688
GetData ===>> H2,-0.183337647837422,H1,42.2044191603433,AX,9.63704290891214,L1,0.152787651250119,L2,0.072288347...
GetData ===>> H2,-0.178920039172774,H1,42.1784457672864,AX,9.6056096260444,L1,0.125863377922171,L2,0.1154633355...
GetData ===>> H2,-0.151301889290203,H1,42.1422829725112,AX,9.60620606229503,L1,0.111629554659092,L2,0.035555848...
Get Checksum: -110011688
GetData ===>> H2,-0.109390134831708,H1,42.284421609065,AX,9.66309043427222,L1,0.120011500263972,L2,0.0789999699...
GetData ===>> H2,-0.0917643046492917,H1,42.2029311015322,AX,9.63608101900259,L1,0.113703576043539,L2,0.01036101...
GetData ===>> H2,-0.00675260639851738,H1,42.2329923285539,AX,9.69323237548909,L1,0.114195901788408,L2,-0.023818...
Get Checksum: -110011688
GetData ===>> H2,-0.174021414266908,H1,42.1968923707617,AX,9.56954996264875,L1,0.105132739480174,L2,0.003499139...
GetData ===>> H2,-0.354070338823435,H1,42.1411133498243,AX,9.6380291598687,L1,0.094772773115285,L2,0.1360663205...
11:16:22 -- collecting point 75
GetData ===>> H2,-0.266841342154675,H1,42.1430049674597,AX,9.59930465583069,L1,0.0748516146040636,L2,0.03739156...
Get Checksum: -110011688
GetData ===>> H2,-0.264101486923051,H1,42.0802652263604,AX,9.51606199825187,L1,0.0897214826652201,L2,0.14757262...
GetData ===>> H2,-0.272394296355512,H1,42.0694990849371,AX,9.55681103284314,L1,0.135346997646791,L2,0.103767100...
GetData ===>> H2,-0.178671716785871,H1,42.2675360725858,AX,9.59382768100068,L1,0.157665752763509,L2,0.107893679...
Get Checksum: -110011688
GetData ===>> H2,-0.187730608706805,H1,42.2372231193769,AX,9.59340170637904,L1,0.107147548386097,L2,0.148724476...
GetData ===>> H2,-0.277212614235084,H1,42.2971631513694,AX,9.57653453939582,L1,0.122419348227461,L2,0.227835942...
GetData ===>> H2,-0.264820796951282,H1,42.0579979775699,AX,9.54536316900841,L1,0.125053564034917,L2,0.149135039...
Get Checksum: -110011688
GetData ===>> H2,-0.261870661915148,H1,42.1295043738414,AX,9.69531373206409,L1,0.122601711078605,L2,0.131550843...
GetData ===>> H2,-0.182978798323408,H1,42.2098803482663,AX,9.52569433209747,L1,0.104499803302838,L2,0.084367727...
GetData ===>> H2,-0.190293842677856,H1,42.1463261996328,AX,9.6379439279287,L1,0.0795810944125253,L2,0.087832426...
Get Checksum: -110011688
GetData ===>> H2,-0.158249930459934,H1,42.1682486152855,AX,9.67659781994763,L1,0.129530677633815,L2,0.049113641...
GetData ===>> H2,-0.169935932715623,H1,42.1345145790379,AX,9.44564733133745,L1,0.116472012744749,L2,0.052854060...
Get Checksum: -110011688
GetData ===>> H2,-0.0563952567215598,H1,42.1487377600392,AX,9.45646178575635,L1,0.0856531171134073,L2,0.0595255...
GetData ===>> H2,-0.218731838715541,H1,42.2312307458834,AX,9.69437650777479,L1,0.0998072879473429,L2,0.18240788...
GetData ===>> H2,-0.266122160963371,H1,42.1710650233442,AX,9.60620606229503,L1,0.119634797492085,L2,0.077814773...
Get Checksum: -110011688
GetData ===>> H2,-0.232585258872355,H1,42.1890338032939,AX,9.58387250997792,L1,0.148667156487563,L2,0.074193211...
GetData ===>> H2,-0.261410726326148,H1,42.2259605899389,AX,9.55149449013459,L1,0.108263039945675,L2,0.038930863...
GetData ===>> H2,-0.223235255241838,H1,42.0782879946141,AX,9.62302943343333,L1,0.128247333933921,L2,0.056332325...
Get Checksum: -110011688
GetData ===>> H2,-0.233287711173243,H1,41.9871117125001,AX,9.56252936255627,L1,0.119598576809926,L2,0.102741183...
GetData ===>> H2,-0.132096701415146,H1,42.0904838434686,AX,9.47102479057394,L1,0.117262616351896,L2,0.086236825...
GetData ===>> H2,-0.205231980599325,H1,42.137575670909,AX,9.55072805486053,L1,0.101076260272629,L2,0.1901203480...
Get Checksum: -110011688
GetData ===>> H2,-0.156161489655686,H1,42.0326699631132,AX,9.52306724183478,L1,0.139746477337583,L2,0.152590679...
GetData ===>> H2,-0.106018848350758,H1,42.1689563219224,AX,9.5514701587676,L1,0.101535879803718,L2,0.0817123021...
GetData ===>> H2,-0.196937818712887,H1,42.1822879762843,AX,9.54848961016968,L1,0.109325584570726,L2,-0.01513486...
Get Checksum: -110011688
GetData ===>> H2,-0.235542799186949,H1,42.0831517540092,AX,9.57503780416493,L1,0.0935286994357698,L2,0.14492685...
11:16:48 -- collecting point 100
GetData ===>> H2,-0.283603258785539,H1,42.1071125883288,AX,9.44036825012447,L1,0.123261143219211,L2,0.195163449...
GetData ===>> H2,-0.272539399834436,H1,42.1710794666311,AX,9.47664615521793,L1,0.151631954970616,L2,0.107186904...
Get Checksum: -110011688
GetData ===>> H2,-0.182996336345972,H1,42.297047575807,AX,9.47091528654446,L1,0.123355351314458,L2,0.0902372754...
GetData ===>> H2,-0.0802039707643081,H1,42.2923524117337,AX,9.58416457941844,L1,0.108384847007587,L2,0.05476994...
GetData ===>> H2,-0.0780399761636175,H1,42.131930038095,AX,9.53478020705212,L1,0.0868817669103332,L2,0.07801990...
Get Checksum: -110011688
GetData ===>> H2,-0.258172075304858,H1,42.0618219385139,AX,9.59774673087934,L1,0.118438376142329,L2,0.094693813...
GetData ===>> H2,-0.157417842336209,H1,41.9899116936489,AX,9.52722683263348,L1,0.104584192506593,L2,0.091924124...
GetData ===>> H2,-0.0620923270368921,H1,42.167324269984,AX,9.51438373001292,L1,0.0803498740372422,L2,0.06088277...
Get Checksum: -110011688
GetData ===>> H2,-0.0548582817383265,H1,42.0993753189443,AX,9.50716019468588,L1,0.0993513652634235,L2,0.0793076...
GetData ===>> H2,-0.18580746504841,H1,41.982868565498,AX,9.48642952796589,L1,0.124673420373893,L2,0.16506851692...
Get Checksum: -110011688
GetData ===>> H2,-0.119976171348007,H1,42.084811538552,AX,9.48376456112875,L1,0.130666868207061,L2,0.0803903155...
GetData ===>> H2,-0.0641149757142195,H1,42.0966904864712,AX,9.54702978137201,L1,0.113041146081805,L2,0.17022436...
GetData ===>> H2,-0.229629636230976,H1,42.2106027460487,AX,9.48500576990413,L1,0.11719139914678,L2,0.1125676433...
Get Checksum: -110011688
GetData ===>> H2,-0.241455489519184,H1,42.0867167105814,AX,9.57444154989821,L1,0.106639889681855,L2,0.186252629...
GetData ===>> H2,-0.193601862037519,H1,42.1103173483511,AX,9.4975052907085,L1,0.116449080125993,L2,0.0846640451...
GetData ===>> H2,-0.149180389217366,H1,42.1239746184226,AX,9.57031653919873,L1,0.113216100603978,L2,0.130558834...
Get Checksum: -110011688
GetData ===>> H2,-0.142574324039338,H1,42.0810445820474,AX,9.53209206612236,L1,0.108162942169986,L2,0.145451441...
GetData ===>> H2,-0.144501152824646,H1,42.0570023245284,AX,9.61948680010045,L1,0.0958204693133979,L2,0.03860019...
GetData ===>> H2,-0.203123963207557,H1,42.0329876029639,AX,9.49434393369175,L1,0.117930151108563,L2,0.049387326...
Get Checksum: -110011688
GetData ===>> H2,-0.146358759811655,H1,41.9868952218087,AX,9.44475935617893,L1,0.110911769536873,L2,0.110048234...
GetData ===>> H2,-0.22722930634195,H1,42.0697732777369,AX,9.49175412570129,L1,0.0970419138042916,L2,0.098603428...
measurement finished
estimated time: 125.829 actual time: :126.147
flush and close file /Users/jan/PychronDev/data/isotopes/c2/34a81d-f99d-4de3-a037-787e6f366ffe.h5
baselines () {'settling_time': 15.0, 'detector': 'H1', 'mass': 34.2, 'ncounts': 60}
%%%%%%%%%%%%%%%%%%%%%%%%%%%%%%%% Baseline
build tables- baseline [Detector(H2), Detector(H1), Detector(AX), Detector(L1), Detector(L2), Detector(CDD)]
add group baseline table H2
add group baseline table H1
add group baseline table AX
add group baseline table L1
add group baseline table L2
add group baseline table CDD
flush and close file /Users/jan/PychronDev/data/isotopes/c2/34a81d-f99d-4de3-a037-787e6f366ffe.h5
detector Detector(H1)
POSITION 34.2 H1
Mapping mass to dac mass func: "parabolic"
H1 map mass coeffs = [-0.00063987  0.15840543  0.57080999]
H1 map mass to dac 34.2 >> 5.23985599104
GetDeflection H1 ===>> 0
GetHighVoltage ===>> 4500
positioning 34.2 (5.23985599104) on H1
setting magnet DAC
current  : 5.879200
requested: 5.239856
Delta Dac: 0.639344
Checking detector protection. dv=0.63934
Checking detector "CDD". Protection Threshold: 0.1 (V)
ProtectDetector CDD,On ===>> OK
GetDeflection CDD ===>> 2000
SetMagnetDAC 5.23985599104 ===>> OK
Magnet settling time: 0.500
Get Checksum: -110011688
GetMagnetMoving ===>> True
GetMagnetMoving ===>> True
GetMagnetMoving ===>> True
GetMagnetMoving ===>> True
GetMagnetMoving ===>> True
GetMagnetMoving ===>> True
GetMagnetMoving ===>> True
GetMagnetMoving ===>> True
GetMagnetMoving ===>> False
ProtectDetector CDD,Off ===>> OK
GetDeflection CDD ===>> 50
Delaying 15.0s for detectors to settle
Get Checksum: -110011688
Get Checksum: -110011688
Get Checksum: -110011688
Get Checksum: -110011688
set states for children of V. state=True
handle state [('V', True)]
update switch state V True args=() kw={'refresh': False} ncanvase=3
refresh_canvas_needed fired
Get Checksum: -860229079
Join finished
measuring baseline. ncounts=60
starting measurement
GetData ===>> H2,-0.244965214270481,H1,-0.0328485137976341,AX,-0.227558833688328,L1,0.0276749426817077,L2,-0.09...
Get Checksum: -860229079
GetData ===>> H2,-0.176213841235346,H1,-0.0359250311668945,AX,-0.0657538037507089,L1,0.016080954878008,L2,0.071...
GetData ===>> H2,-0.223236602091724,H1,-0.00194692606612075,AX,0.00783124655892927,L1,-0.0538940060406584,L2,-0...
GetData ===>> H2,-0.188820155201382,H1,-0.040122297685241,AX,-0.0504499126188582,L1,-0.0181843631066948,L2,-0.0...
Get Checksum: -860229079
GetData ===>> H2,-0.180637903054497,H1,0.000736988963035046,AX,0.0153610499510616,L1,0.00655871599481523,L2,-0....
GetData ===>> H2,-0.131275658212318,H1,-0.0248825177597166,AX,-0.108244262137543,L1,-0.0260789948113891,L2,0.02...
GetData ===>> H2,-0.169443409085047,H1,-0.102416696428187,AX,0.0160572091074207,L1,-0.0228480512707892,L2,-0.06...
Get Checksum: -860229079
GetData ===>> H2,-0.317781568447656,H1,-0.0841591337842339,AX,-0.186679461150005,L1,-0.0161383719508444,L2,-0.0...
GetData ===>> H2,-0.202831451495416,H1,-0.00956885237084466,AX,-0.0529311614715328,L1,0.0197551775117301,L2,0.0...
GetData ===>> H2,-0.182652316327736,H1,-0.0501735584923278,AX,-0.0714457734051582,L1,-0.0327784559509407,L2,-0....
GetData ===>> H2,-0.124524512261817,H1,-0.00154136129946174,AX,-0.139092678483168,L1,-0.0395773660906881,L2,0.0...
GetData ===>> H2,-0.15867270507904,H1,0.00567558064565894,AX,0.0391028871073511,L1,-0.0302934802373596,L2,0.026...
Get Checksum: -860229079
GetData ===>> H2,-0.143020253222166,H1,-0.0232486947105535,AX,-0.0783777022484607,L1,0.00577769887214637,L2,-0....
GetData ===>> H2,-0.0959309502534294,H1,0.093973332291575,AX,-0.133677554596602,L1,-0.022023371243927,L2,0.0126...
Get Checksum: -860229079
GetData ===>> H2,-0.109769247930274,H1,0.0174623831014966,AX,-0.0764650956276703,L1,-0.028314641100192,L2,0.001...
GetData ===>> H2,-0.146958533006861,H1,-0.0588647601674317,AX,-0.0530934839580776,L1,-0.00889405413128369,L2,-0...
GetData ===>> H2,-0.116292072733721,H1,0.036517467418107,AX,-0.0639800669563486,L1,-0.00623050001417527,L2,-0.1...
Get Checksum: -860229079
GetData ===>> H2,-0.152736208152637,H1,0.0677508304406384,AX,-0.0954040397781084,L1,-0.0442907876629081,L2,-0.0...
GetData ===>> H2,-0.238040900266043,H1,-0.0644200574210661,AX,-0.117745862696629,L1,-0.040813416079278,L2,-0.04...
GetData ===>> H2,-0.178874153924482,H1,-0.0383456353321375,AX,-0.0911969918663474,L1,-0.0169023692541669,L2,0.0...
Get Checksum: -860229079
GetData ===>> H2,-0.246562262300489,H1,-0.00492896947796846,AX,-0.151197347058264,L1,-0.0147889414441748,L2,0.0...
GetData ===>> H2,-0.173493611171566,H1,-0.0285316904498732,AX,-0.0449306462445262,L1,-0.0229463371136046,L2,0.0...
GetData ===>> H2,-0.16520547180908,H1,-0.0234037301597877,AX,-0.0533949392861042,L1,-0.00776443827193167,L2,-0....
Get Checksum: -860229079
GetData ===>> H2,-0.240704417454357,H1,0.0185600102397434,AX,-0.102183610224099,L1,0.0193106923189634,L2,-0.036...
11:17:54 -- collecting point 25
GetData ===>> H2,-0.301532871902667,H1,-0.0734676174424241,AX,-0.0578354999617097,L1,-0.00210125790654474,L2,-0...
GetData ===>> H2,-0.17523648164151,H1,-0.0672571932681219,AX,-0.0167264832299625,L1,-0.0193690728054997,L2,-0.1...
Get Checksum: -860229079
GetData ===>> H2,-0.16424564229567,H1,-0.0368670466429631,AX,-0.0670406121687572,L1,0.00770935690976411,L2,-0.0...
GetData ===>> H2,-0.19300206884645,H1,-0.0407661809528779,AX,-0.023523135107005,L1,-0.0200237209507636,L2,-0.00...
GetData ===>> H2,-0.246593205397772,H1,-0.00596669974830526,AX,-0.124720837286578,L1,-0.0142789718825171,L2,-0....
Get Checksum: -860229079
GetData ===>> H2,-0.262124828802023,H1,-0.000420085451868624,AX,-0.141249367652014,L1,-0.00414809568072602,L2,0...
GetData ===>> H2,-0.326088507147264,H1,0.00284838602542261,AX,-0.0602469989247305,L1,-0.026734404567327,L2,-0.0...
GetData ===>> H2,-0.203431294553377,H1,-0.061427864816843,AX,-0.0627279979879636,L1,-0.0307090827985115,L2,-0.0...
Get Checksum: -860229079
GetData ===>> H2,-0.282705760092712,H1,-0.0148048629273532,AX,-0.0506934024553327,L1,-0.0317174763936846,L2,-0....
GetData ===>> H2,-0.264241319005974,H1,-0.0941583030167113,AX,-0.13584595945024,L1,0.0127610133760617,L2,-0.095...
GetData ===>> H2,-0.2183464795458,H1,-0.0323119022447969,AX,-0.0157637791469084,L1,-0.0193271067278949,L2,-0.00...
Get Checksum: -860229079
GetData ===>> H2,-0.216631915998052,H1,-0.0628464852133302,AX,-0.0960066873927769,L1,-0.00567755330815025,L2,-0...
GetData ===>> H2,-0.213041967441698,H1,-0.0441286151590557,AX,-0.143023382575264,L1,-0.033991380054738,L2,-0.06...
GetData ===>> H2,-0.226643618467012,H1,0.0661871404074478,AX,-0.0625193182602691,L1,-0.0228372637417489,L2,-0.0...
Get Checksum: -860229079
GetData ===>> H2,-0.136205082745554,H1,-0.015114959744955,AX,-0.0879054005425552,L1,0.00108380592503822,L2,-0.0...
GetData ===>> H2,-0.121523596216198,H1,-0.084588200897495,AX,-0.0199508926095138,L1,-0.00076326977653,L2,-0.022...
GetData ===>> H2,-0.152113383010092,H1,-0.0706068173362827,AX,-0.131173981325508,L1,-0.0210116074648884,L2,-0.0...
Get Checksum: -860229079
GetData ===>> H2,-0.168605395011439,H1,-0.0131828023794743,AX,-0.0425303634132305,L1,0.0176806805879221,L2,-0.0...
GetData ===>> H2,-0.205358664781612,H1,-0.0528203418155957,AX,-0.0221661623283226,L1,-0.0161899465930446,L2,-0....
Get Checksum: -860229079
GetData ===>> H2,-0.252474889362223,H1,-0.0924421876758562,AX,-0.158663460417385,L1,-0.0229775007168927,L2,0.00...
GetData ===>> H2,-0.213499863763973,H1,-0.0587693875648608,AX,-0.0662638920062934,L1,-0.0375720546944624,L2,-0....
GetData ===>> H2,-0.207770784310687,H1,0.049214915801188,AX,-0.0231635971532213,L1,-0.0359078456059804,L2,-0.06...
Get Checksum: -860229079
GetData ===>> H2,-0.193545253701695,H1,-0.0572076482661775,AX,-0.0365467919595835,L1,-0.0486322203341604,L2,0.0...
GetData ===>> H2,-0.199560736358062,H1,-0.0155443229833406,AX,0.018180525282584,L1,-0.0196568354790885,L2,0.003...
GetData ===>> H2,-0.219328715272085,H1,-0.115190242244956,AX,-0.0105789319773354,L1,-0.0639694413455272,L2,-0.0...
Get Checksum: -860229079
11:18:20 -- collecting point 50
GetData ===>> H2,-0.152232124739485,H1,-0.0602595740954779,AX,-0.0382166628616691,L1,-0.0666470763659749,L2,-0....
GetData ===>> H2,-0.173675714816543,H1,-0.0107735168718868,AX,0.00954831532741504,L1,-0.016030424169642,L2,0.01...
GetData ===>> H2,-0.215608640971247,H1,-0.055598196770412,AX,0.0191203685399229,L1,-0.01116489391154,L2,-0.0774...
Get Checksum: -860229079
GetData ===>> H2,-0.112413209893449,H1,-0.0687949349650772,AX,0.00172893643968365,L1,0.0152595727725101,L2,0.00...
GetData ===>> H2,-0.153824032971886,H1,-0.015258081029068,AX,-0.0975017009355122,L1,0.0219875103361964,L2,-0.05...
GetData ===>> H2,-0.244971941989574,H1,-0.0174525817590474,AX,-0.18886986325903,L1,0.00826132724469901,L2,-0.03...
Get Checksum: -860229079
GetData ===>> H2,-0.251701689470795,H1,0.0451214835303083,AX,-0.119043570254682,L1,-0.0223062632901082,L2,-0.02...
GetData ===>> H2,-0.247214740086468,H1,0.00130956681625456,AX,-0.022595292517461,L1,-0.00383017924288119,L2,-0....
GetData ===>> H2,-0.204765662767969,H1,-0.0633114068501637,AX,-0.169189242905867,L1,0.00800333734563819,L2,-0.1...
Get Checksum: -860229079
GetData ===>> H2,-0.151832539842756,H1,0.026899983445561,AX,-0.0420665338185872,L1,-0.0166744954386234,L2,0.050...
GetData ===>> H2,-0.192785057186089,H1,0.0311000613207881,AX,-0.0420665338185872,L1,-0.0598864372548629,L2,-0.0...
measurement finished
estimated time: 62.915 actual time: :63.127
flush and close file /Users/jan/PychronDev/data/isotopes/c2/34a81d-f99d-4de3-a037-787e6f366ffe.h5
activate_detectors ('H1', 'AX', 'CDD') {'peak_center': True}
peak_center () {'detector': 'H1', 'integration_time': 0.262144, 'isotope': 'Ar40'}
peak center: mean=42.0856004919 threshold=3
peak center started
setup peak center. detector=['H1', 'AX', 'CDD'], isotope=Ar40
VersionedUnpickler [<apptools.sweet_pickle.versioned_unpickler.VersionedUnpickler object at 0x16fba6fb0>] using Updater [<apptools.sweet_pickle.updater.Updater object at 0x133e38fb0>]
VersionedUnpickler [<apptools.sweet_pickle.versioned_unpickler.VersionedUnpickler object at 0x16fba6fb0>] using Updater [<apptools.sweet_pickle.updater.Updater object at 0x133e38fb0>]
VersionedUnpickler [<apptools.sweet_pickle.versioned_unpickler.VersionedUnpickler object at 0x18bb88a10>] using Updater [<apptools.sweet_pickle.updater.Updater object at 0x133e38fb0>]
setting integration time = 0.524288
SetIntegrationTime 0.524288 ===>> OK
Mapping mass to dac mass func: "parabolic"
H1 map mass coeffs = [-0.00063987  0.15840543  0.57080999]
H1 map mass to dac 39.9624 >> 5.8792
GetDeflection H1 ===>> 0
GetHighVoltage ===>> 4500
do peak center. <pychron.spectrometer.jobs.peak_center.PeakCenter object at 0x12d6e98f0>
doing pc
starting peak center. center dac= 5.8792 step_width=0.001
width = 0.001
get scan parameters. half-width=0.015,window=0.015, i=0, scalar=1
Scan parameters center=5.87920 width=0.03000 (5.86420 - 5.89420)
GetData ===>> H2,-0.103404327268796,H1,-0.0234514333266265,AX,-0.14119139276212,L1,0.0155897987593185,L2,-0.050...
Moving to starting dac 5.8642
setting magnet DAC
current  : 5.239856
requested: 5.864200
Delta Dac: 0.624344
Checking detector protection. dv=0.62434
Checking detector "CDD". Protection Threshold: 0.1 (V)
ProtectDetector CDD,On ===>> OK
GetDeflection CDD ===>> 2000
SetMagnetDAC 5.8642 ===>> OK
Magnet settling time: 0.500
Get Checksum: -860229079
GetMagnetMoving ===>> True
GetMagnetMoving ===>> True
GetMagnetMoving ===>> True
GetMagnetMoving ===>> True
GetMagnetMoving ===>> True
GetMagnetMoving ===>> True
GetMagnetMoving ===>> True
GetMagnetMoving ===>> True
GetMagnetMoving ===>> False
ProtectDetector CDD,Off ===>> OK
GetDeflection CDD ===>> 50
Wait until signal near baseline. tol= -0.017588574995. timeout= 10
GetData ===>> H2,0.0186887064288029,H1,0.173438377013269,AX,0.0663611006286961,L1,-0.0112883726228638,L2,0.0866...
Get Checksum: -860229079
GetData ===>> H2,2.03372237463423,H1,1.14792041180036,AX,0.0969083339926696,L1,-0.0120220207153426,L2,-0.178103...
GetData ===>> H2,2.19423392754468,H1,1.40877322109556,AX,0.138851061153776,L1,-0.0441531047130065,L2,-0.1806314...
GetData ===>> H2,1.07056633319021,H1,0.720679937312352,AX,0.0510920458196754,L1,-0.0432096264396246,L2,-0.08818...
GetData ===>> H2,0.342988696976628,H1,0.296022776881855,AX,-0.1246397358046,L1,-0.0139733602234766,L2,-0.075282...
GetData ===>> H2,-0.0194555423039925,H1,0.0845773498038273,AX,-0.145561676744783,L1,0.0132803659051589,L2,-0.00...
GetData ===>> H2,-0.168764635950601,H1,0.0590971270925557,AX,-0.0579050632688488,L1,0.0140240161102718,L2,0.002...
GetData ===>> H2,-0.158374198118624,H1,0.0249193260429383,AX,-0.0634699667287574,L1,-0.0249767190475027,L2,0.04...
Get Checksum: -860229079
GetData ===>> H2,-0.159017126418014,H1,-0.057279178843017,AX,-0.171875690549026,L1,-0.0252017873454182,L2,-0.01...
Peak center baseline intensity achieved
_do_sweep sm= 5.8642, em= 5.8942, stm= 0.001
calculated step values: start=5.8642, end=5.8942, width=0.001, nsteps=31.0
setting magnet DAC
current  : 5.864200
requested: 5.864200
Delta Dac: 0.000000
Checking detector protection. dv=0.00000
Checking detector "CDD". Protection Threshold: 0.1 (V)
SetMagnetDAC 5.8642 ===>> OK
GetData ===>> H2,-0.159017126418014,H1,-0.057279178843017,AX,-0.171875690549026,L1,-0.0252017873454182,L2,-0.01...
setting magnet DAC
current  : 5.864200
requested: 5.865234
Delta Dac: 0.001034
Checking detector protection. dv=0.00103
Checking detector "CDD". Protection Threshold: 0.1 (V)
SetMagnetDAC 5.86523448276 ===>> OK
Magnet settling time: 1.049
GetData ===>> H2,-0.206113349653233,H1,0.00575908549824717,AX,-0.107491046785869,L1,-0.0286035361490059,L2,0.03...
setting magnet DAC
current  : 5.865234
requested: 5.866269
Delta Dac: 0.001034
Checking detector protection. dv=0.00103
Checking detector "CDD". Protection Threshold: 0.1 (V)
SetMagnetDAC 5.86626896552 ===>> OK
Magnet settling time: 1.049
GetData ===>> H2,-0.0286890583242677,H1,0.207100736000787,AX,-0.0283129817788922,L1,-0.0477633657763679,L2,-0.0...
setting magnet DAC
current  : 5.866269
requested: 5.867303
Delta Dac: 0.001034
Checking detector protection. dv=0.00103
Checking detector "CDD". Protection Threshold: 0.1 (V)
SetMagnetDAC 5.86730344828 ===>> OK
Magnet settling time: 1.049
Get Checksum: -860229079
GetData ===>> H2,-0.205178072006276,H1,0.743998299411319,AX,0.134213055598722,L1,-0.0473899506483374,L2,-0.0605...
setting magnet DAC
current  : 5.867303
requested: 5.868338
Delta Dac: 0.001034
Checking detector protection. dv=0.00103
Checking detector "CDD". Protection Threshold: 0.1 (V)
SetMagnetDAC 5.86833793103 ===>> OK
Magnet settling time: 1.049
GetData ===>> H2,-0.337875189877941,H1,2.81963134129846,AX,0.3661517267181,L1,-0.0604655708785373,L2,-0.0398454...
setting magnet DAC
current  : 5.868338
requested: 5.869372
Delta Dac: 0.001034
Checking detector protection. dv=0.00103
Checking detector "CDD". Protection Threshold: 0.1 (V)
SetMagnetDAC 5.86937241379 ===>> OK
Magnet settling time: 1.049
GetData ===>> H2,-0.264032953276636,H1,11.3267550973958,AX,1.73555636984824,L1,-0.044059718681923,L2,0.00152584...
setting magnet DAC
current  : 5.869372
requested: 5.870407
Delta Dac: 0.001034
Checking detector protection. dv=0.00103
Checking detector "CDD". Protection Threshold: 0.1 (V)
SetMagnetDAC 5.87040689655 ===>> OK
Magnet settling time: 1.049
Get Checksum: -860229079
GetData ===>> H2,-0.22987093211056,H1,21.8394374699406,AX,3.94089202938073,L1,0.0202560420323247,L2,-0.05498236...
setting magnet DAC
current  : 5.870407
requested: 5.871441
Delta Dac: 0.001034
Checking detector protection. dv=0.00103
Checking detector "CDD". Protection Threshold: 0.1 (V)
SetMagnetDAC 5.87144137931 ===>> OK
Magnet settling time: 1.049
set states for children of B. state=False
set states for children of D. state=False
handle state [('B', False), ('D', False)]
update switch state B False args=() kw={'refresh': True} ncanvase=3
update switch state D False args=() kw={'refresh': False} ncanvase=3
refresh_canvas_needed fired
GetData ===>> H2,-0.26895900210084,H1,31.7478945622573,AX,6.22348332693631,L1,0.0534965533305144,L2,0.030270865...
setting magnet DAC
current  : 5.871441
requested: 5.872476
Delta Dac: 0.001034
Checking detector protection. dv=0.00103
Checking detector "CDD". Protection Threshold: 0.1 (V)
SetMagnetDAC 5.87247586207 ===>> OK
Magnet settling time: 1.049
Get Checksum: -2064761812
GetData ===>> H2,-0.258663957880619,H1,37.875540178521,AX,7.94731617470005,L1,0.0655220213194257,L2,0.023345759...
setting magnet DAC
current  : 5.872476
requested: 5.873510
Delta Dac: 0.001034
Checking detector protection. dv=0.00103
Checking detector "CDD". Protection Threshold: 0.1 (V)
SetMagnetDAC 5.87351034483 ===>> OK
Magnet settling time: 1.049
GetData ===>> H2,-0.226610721591212,H1,40.4855055045247,AX,8.68692985424679,L1,0.067919205403736,L2,0.087239771...
setting magnet DAC
current  : 5.873510
requested: 5.874545
Delta Dac: 0.001034
Checking detector protection. dv=0.00103
Checking detector "CDD". Protection Threshold: 0.1 (V)
SetMagnetDAC 5.87454482759 ===>> OK
Magnet settling time: 1.049
GetData ===>> H2,-0.183243502107354,H1,41.2407490384566,AX,8.97034388401217,L1,0.0602170250424503,L2,0.08138180...
setting magnet DAC
current  : 5.874545
requested: 5.875579
Delta Dac: 0.001034
Checking detector protection. dv=0.00103
Checking detector "CDD". Protection Threshold: 0.1 (V)
SetMagnetDAC 5.87557931034 ===>> OK
Magnet settling time: 1.049
Get Checksum: -2064761812
GetData ===>> H2,-0.10792949769481,H1,41.3422702544647,AX,9.2222837381214,L1,0.0944432390536024,L2,0.0177194797...
setting magnet DAC
current  : 5.875579
requested: 5.876614
Delta Dac: 0.001034
Checking detector protection. dv=0.00103
Checking detector "CDD". Protection Threshold: 0.1 (V)
SetMagnetDAC 5.8766137931 ===>> OK
Magnet settling time: 1.049
GetData ===>> H2,-0.164739741904472,H1,41.635633541296,AX,9.13652708652646,L1,0.0907561679705456,L2,0.201872782...
setting magnet DAC
current  : 5.876614
requested: 5.877648
Delta Dac: 0.001034
Checking detector protection. dv=0.00103
Checking detector "CDD". Protection Threshold: 0.1 (V)
SetMagnetDAC 5.87764827586 ===>> OK
Magnet settling time: 1.049
GetData ===>> H2,-0.15939260128593,H1,41.678817522073,AX,9.1368184058362,L1,0.063351568191416,L2,-0.02015248750...
setting magnet DAC
current  : 5.877648
requested: 5.878683
Delta Dac: 0.001034
Checking detector protection. dv=0.00103
Checking detector "CDD". Protection Threshold: 0.1 (V)
SetMagnetDAC 5.87868275862 ===>> OK
Magnet settling time: 1.049
Get Checksum: -2064761812
GetData ===>> H2,-0.231212940157376,H1,41.5371713557657,AX,9.24609758652034,L1,0.0750491339224752,L2,0.14855340...
setting magnet DAC
current  : 5.878683
requested: 5.879717
Delta Dac: 0.001034
Checking detector protection. dv=0.00103
Checking detector "CDD". Protection Threshold: 0.1 (V)
SetMagnetDAC 5.87971724138 ===>> OK
Magnet settling time: 1.049
GetData ===>> H2,-0.207468960641321,H1,41.5854559279029,AX,9.26136081394504,L1,0.096832966767456,L2,0.220748157...
setting magnet DAC
current  : 5.879717
requested: 5.880752
Delta Dac: 0.001034
Checking detector protection. dv=0.00103
Checking detector "CDD". Protection Threshold: 0.1 (V)
SetMagnetDAC 5.88075172414 ===>> OK
Magnet settling time: 1.049
GetData ===>> H2,-0.112586474184364,H1,41.7406785745456,AX,9.2344572657025,L1,0.182130269717201,L2,0.1960306153...
setting magnet DAC
current  : 5.880752
requested: 5.881786
Delta Dac: 0.001034
Checking detector protection. dv=0.00103
Checking detector "CDD". Protection Threshold: 0.1 (V)
SetMagnetDAC 5.8817862069 ===>> OK
Magnet settling time: 1.049
Get Checksum: -2064761812
GetData ===>> H2,-0.0821521621896211,H1,41.635633541296,AX,9.0905090937255,L1,0.19154437047736,L2,0.16208007493...
setting magnet DAC
current  : 5.881786
requested: 5.882821
Delta Dac: 0.001034
Checking detector protection. dv=0.00103
Checking detector "CDD". Protection Threshold: 0.1 (V)
SetMagnetDAC 5.88282068966 ===>> OK
Magnet settling time: 1.049
GetData ===>> H2,-0.156237144940208,H1,41.6057723261827,AX,9.11099132993263,L1,0.161033663770104,L2,-0.04528591...
setting magnet DAC
current  : 5.882821
requested: 5.883855
Delta Dac: 0.001034
Checking detector protection. dv=0.00103
Checking detector "CDD". Protection Threshold: 0.1 (V)
SetMagnetDAC 5.88385517241 ===>> OK
Magnet settling time: 1.049
Get Checksum: -2064761812
GetData ===>> H2,-0.171236631896302,H1,41.2702261307729,AX,9.05676121577575,L1,0.104617948385086,L2,0.036991431...
setting magnet DAC
current  : 5.883855
requested: 5.884890
Delta Dac: 0.001034
Checking detector protection. dv=0.00103
Checking detector "CDD". Protection Threshold: 0.1 (V)
SetMagnetDAC 5.88488965517 ===>> OK
Magnet settling time: 1.049
GetData ===>> H2,-0.148506011410435,H1,40.3373589350599,AX,8.60272584698157,L1,0.113644450296723,L2,0.195094988...
setting magnet DAC
current  : 5.884890
requested: 5.885924
Delta Dac: 0.001034
Checking detector protection. dv=0.00103
Checking detector "CDD". Protection Threshold: 0.1 (V)
SetMagnetDAC 5.88592413793 ===>> OK
Magnet settling time: 1.049
GetData ===>> H2,-0.20172469126695,H1,37.233649050057,AX,7.53219850814952,L1,0.108585047936575,L2,-0.0268462726...
setting magnet DAC
current  : 5.885924
requested: 5.886959
Delta Dac: 0.001034
Checking detector protection. dv=0.00103
Checking detector "CDD". Protection Threshold: 0.1 (V)
SetMagnetDAC 5.88695862069 ===>> OK
Magnet settling time: 1.049
Get Checksum: -2064761812
GetData ===>> H2,-0.204576973788868,H1,30.3652051143078,AX,5.51789945121596,L1,0.0313281660416491,L2,0.06768421...
setting magnet DAC
current  : 5.886959
requested: 5.887993
Delta Dac: 0.001034
Checking detector protection. dv=0.00103
Checking detector "CDD". Protection Threshold: 0.1 (V)
SetMagnetDAC 5.88799310345 ===>> OK
Magnet settling time: 1.049
GetData ===>> H2,-0.223252689880514,H1,20.5574166949941,AX,3.12755052903453,L1,0.00614171803713296,L2,-0.105315...
setting magnet DAC
current  : 5.887993
requested: 5.889028
Delta Dac: 0.001034
Checking detector protection. dv=0.00103
Checking detector "CDD". Protection Threshold: 0.1 (V)
SetMagnetDAC 5.88902758621 ===>> OK
Magnet settling time: 1.049
GetData ===>> H2,-0.187418110736966,H1,11.0028783063741,AX,1.37770801900483,L1,0.0421093416482951,L2,0.06011834...
setting magnet DAC
current  : 5.889028
requested: 5.890062
Delta Dac: 0.001034
Checking detector protection. dv=0.00103
Checking detector "CDD". Protection Threshold: 0.1 (V)
SetMagnetDAC 5.89006206897 ===>> OK
Magnet settling time: 1.049
Get Checksum: -2064761812
GetData ===>> H2,-0.144797421318161,H1,2.38669315779629,AX,0.229057784587156,L1,-0.0212791316154725,L2,0.040545...
setting magnet DAC
current  : 5.890062
requested: 5.891097
Delta Dac: 0.001034
Checking detector protection. dv=0.00103
Checking detector "CDD". Protection Threshold: 0.1 (V)
SetMagnetDAC 5.89109655172 ===>> OK
Magnet settling time: 1.049
GetData ===>> H2,-0.0952145730054541,H1,0.659632537878863,AX,0.0119383398424256,L1,-0.003896162725329,L2,0.0081...
setting magnet DAC
current  : 5.891097
requested: 5.892131
Delta Dac: 0.001034
Checking detector protection. dv=0.00103
Checking detector "CDD". Protection Threshold: 0.1 (V)
SetMagnetDAC 5.89213103448 ===>> OK
Magnet settling time: 1.049
Get Checksum: -2064761812
GetData ===>> H2,-0.172680179143136,H1,0.102572076855201,AX,0.0420623195441122,L1,0.00891312841681685,L2,-0.023...
setting magnet DAC
current  : 5.892131
requested: 5.893166
Delta Dac: 0.001034
Checking detector protection. dv=0.00103
Checking detector "CDD". Protection Threshold: 0.1 (V)
SetMagnetDAC 5.89316551724 ===>> OK
Magnet settling time: 1.049
GetData ===>> H2,-0.146012158630615,H1,0.024680695265933,AX,-0.0690809221661646,L1,0.0241959403592445,L2,-0.019...
setting magnet DAC
current  : 5.893166
requested: 5.894200
Delta Dac: 0.001034
Checking detector protection. dv=0.00103
Checking detector "CDD". Protection Threshold: 0.1 (V)
SetMagnetDAC 5.8942 ===>> OK
Magnet settling time: 1.049
GetData ===>> H2,-0.183871543548051,H1,-0.0935862678402842,AX,-0.0113560966887313,L1,-0.0150902958478065,L2,-0....
result of _do_sweep=True
result of _calculate_peak_center=([5.8713242484969941, 5.8791098196392788, 5.8868953907815635], [30.625995111925469, 41.737878967692296, 30.785019823807605], 5.8807330661322643, 41.737878967692296)
Failed to find a valid peak. No peak greater than 1.0. max = 0.0151723534483
new center pos Detector(H1) (Ar40) @ 5.87910981964
GetHighVoltage ===>> 4500
GetDeflection H1 ===>> 0
dac uncorrected for HV and deflection 5.87910981964
update mftable H1 Ar40 5.87910981964 message=automated run peakcenter
get initial guess parabolic
get initial guess parabolic
get initial guess parabolic
get initial guess parabolic
get initial guess parabolic
get initial guess parabolic
dump mftable to /Users/jan/PychronDev/setupfiles/spectrometer/mftables/mftable.csv
add to repo msg=modified - automated run peakcenter
sweep finished
Get Checksum: -2064761812
locally archiving mftable
setting magnet DAC
current  : 5.894200
requested: 5.879110
Delta Dac: 0.015090
Checking detector protection. dv=0.01509
Checking detector "CDD". Protection Threshold: 0.1 (V)
SetMagnetDAC 5.87910981964 ===>> OK
Magnet settling time: 0.500
setting integration time = 1.048576
SetIntegrationTime 1.048576 ===>> OK
Failed to find a valid peak. No peak greater than 1.0. max = 0.0151723534483
flush and close file /Users/jan/PychronDev/data/isotopes/c2/34a81d-f99d-4de3-a037-787e6f366ffe.h5
finished measure script
executed 226.132928
jan_unknown120_60.py completed successfully
Measurement Finished
11:19:12 -- ******* Measurement Finished *******
Post Measurement Started jan_pump_ms.py
11:19:12 -- ******* Post Measurement Started jan_pump_ms.py *******
testing...
no interpolation path defined
executed 0
Pumping spectrometer
open () {'name': 'O'}
opening name=O desc=---
checking ownership. requestor=129.138.12.150
check software interlocks O
interlocks []
actuate state mode=None-script, software_lock=False
doing actuation None-script open_channel True
Open O ===>> OK
GetIndicatorState O ===>> OK
change switch state (True, True)
update switch state O True args=() kw={} ncanvase=3
11:19:12 -- OPEN   VALVE-O (Jan Ion Pump)
---------------------------------------- open O () result=[(True, True)], time=0.15 sec
action=open, ok=True, locked=[False]
executed 0
jan_pump_ms.py completed successfully
setting _ms_pumptime
Post Measurement Finished
11:19:12 -- ******* Post Measurement Finished *******
$$$$$$$$$$$$$$$$$$$$ state at run end measurement
state changed from measurement to success
post measurement save measured=True aborted=False
Set filtering
setting fod for Ar40= {'filter_outliers': True, 'std_devs': 2, 'iterations': 1}
setting fod for H1= {'filter_outliers': True, 'std_devs': 2, 'iterations': 1}
setting fod for PM41= {'filter_outliers': False, 'std_devs': 2, 'iterations': 1}
setting fod for H2= {'filter_outliers': True, 'std_devs': 2, 'iterations': 1}
setting fod for Ar36= {'filter_outliers': True, 'std_devs': 2, 'iterations': 1}
setting fod for CDD= {'filter_outliers': True, 'std_devs': 10, 'iterations': 1}
setting fod for Ar37= {'filter_outliers': True, 'std_devs': 2, 'iterations': 1}
setting fod for L2= {'filter_outliers': True, 'std_devs': 2, 'iterations': 1}
setting fod for Ar38= {'filter_outliers': True, 'std_devs': 2, 'iterations': 1}
setting fod for L1= {'filter_outliers': True, 'std_devs': 2, 'iterations': 1}
setting fod for Ar39= {'filter_outliers': True, 'std_devs': 2, 'iterations': 1}
setting fod for AX= {'filter_outliers': True, 'std_devs': 2, 'iterations': 1}
persistence save...
persistence save - db
post measurement save
4424545680 connecting to database sqlite:////Users/jan/PychronDev/.appdata/local_lab.db
connected to db sqlite:////Users/jan/PychronDev/.appdata/local_lab.db
create new session 4424545680
close session 4424545680
No database instance. Not saving post measurement to isotopedb database
$$$$$$$$$$$$$$$ auto_save_detector_ic=False
massspec enabled True
create new session 5064816880
MassSpec Database Version: 16.0
close session 5064816880
saving post measurement to secondary database
saving to massspec database 129.138.12.160/massspecdata
setting labnumber to 65576
setting aliquot to 10
setting step to A
setting uuid to c234a81d-f99d-4de3-a037-787e6f366ffe
setting irradpos to 65576
setting extract_device to Fusions CO2
setting tray to 
setting position to 122
setting power_requested to 0.3
setting extract_value to 0.3
setting duration to 30.0
setting duration_at_request to 30.0
setting first_stage_delay to 30.0
setting cleanup to 30.0
setting comment to M:21 w/o inclusions
setting irradiation to NM-289
setting level to M
setting irradiation_level to M
setting sample to NM-2605 WO
setting material to Sanidine
setting project to JoyitaHills
setting mass_spectrometer to Jan
no attribute chron_dosages
no attribute production_ratios
no attribute interference_corrections
no attribute production_name
no attribute j
Reference Isotope=Ar40
Reference Detector=H1
%%%%%%%%%%%%%%%%%%%% Comment: M:21 w/o inclusions %%%%%%%%%%%%%%%%%%%
adding isotope PM41 H2
add baseline dbdet= PM41. original det= H2
get baseline data PM41 H2
Get data baseline <pychron.processing.isotope.Baseline object at 0x1836dca50> len t=60
baseline PM41. v=-0.189966985121, e=0.00594715602262
get signal data PM41 H2
Get data signal PM41 0.08+/-0.07 len t=120
adding isotope Ar40 H1
add baseline dbdet= Ar40. original det= H1
get baseline data Ar40 H1
Get data baseline <pychron.processing.isotope.Baseline object at 0x1836dc3d0> len t=60
baseline Ar40. v=-0.0299290967349, e=0.00488672430907
get signal data Ar40 H1
Get data signal Ar40 42.246+/-0.016 len t=120
adding isotope Ar39 AX
add baseline dbdet= Ar39. original det= AX
get baseline data Ar39 AX
Get data baseline <pychron.processing.isotope.Baseline object at 0x1836dcdd0> len t=60
baseline Ar39. v=-0.0654631090981, e=0.00706094493447
get signal data Ar39 AX
Get data signal Ar39 9.890+/-0.013 len t=120
adding isotope Ar38 L1
add baseline dbdet= Ar38. original det= L1
get baseline data Ar38 L1
Get data baseline <pychron.processing.isotope.Baseline object at 0x1836dc6d0> len t=60
baseline Ar38. v=-0.0142172325935, e=0.00249336059229
get signal data Ar38 L1
Get data signal Ar38 0.156+/-0.004 len t=120
adding isotope Ar37 L2
add baseline dbdet= Ar37. original det= L2
get baseline data Ar37 L2
Get data baseline <pychron.processing.isotope.Baseline object at 0x1836dc2d0> len t=60
baseline Ar37. v=-0.027197440513, e=0.00653679164242
get signal data Ar37 L2
Get data signal Ar37 0.152+/-0.011 len t=120
adding isotope Ar36 CDD
add baseline dbdet= Ar36. original det= CDD
get baseline data Ar36 CDD
Get data baseline <pychron.processing.isotope.Baseline object at 0x1836dcc10> len t=60
baseline Ar36. v=4.96218037339e-06, e=3.47892879403e-06
get signal data Ar36 CDD
Get data signal Ar36 0.00721+/-0.00023 len t=120
65576-10A added analysis time 0.457358837128s
analysis added to mass spec database
mass spec save time= 0.469
persistence save - dvc
================= post measurement started
create new session 4983587952
close session 4983587952
---------------- Experiment Queue saving disabled
DVC saving peakcenter
Failed to find a valid peak. No peak greater than 1.0. max = 0.0151723534483
Get Checksum: 1864646427
Smart pull ahead: 0 behind: 0
Up-to-date with origin
add to repo msg=modified - ad8224ebc6dbfeb9f5997218dfa5fe690569839d.json
add to repo msg=modified - 76-10A.json
add to repo msg=modified - 76-10A.dat.json
add to repo msg=modified - 76-10A.blan.json
add to repo msg=modified - 76-10A.inte.json
add to repo msg=modified - 76-10A.icfa.json
add to repo msg=modified - 76-10A.base.json
not at valid file /Users/jan/PychronDev/data/.dvc/repositories/Load1785/655/tags/76-10A.tags.json
add to repo msg=modified - 76-10A.peak.json
add to repo msg=modified - 76-10A.extr.json
not at valid file /Users/jan/PychronDev/data/.dvc/repositories/Load1785/655/monitor/76-10A.moni.json
commit message=<COLLECTION>
add to repo msg=modified - 76-10A.inte.json
add to repo msg=modified - 76-10A.base.json
commit message=<ISOEVO> default collection fits
Get Checksum: 1864646427
add to repo msg=modified - 76-10A.blan.json
commit message=<BLANKS> preceding ba-01-J-2242
add to repo msg=modified - 76-10A.icfa.json
commit message=<ICFactor> default
push repository <pychron.git_archive.repo_manager.GitRepoManager object at 0x130e81230>
pushing to remote=origin, url=https://github.com
Get Checksum: 1864646427
no changes to meta repo
create new session 4983587952
add association Load1785
get identifier "65576"
setting analysis irradiation position=<pychron.dvc.dvc_orm.IrradiationPositionTbl object at 0x18be1d150>
close session 4983587952
================= post measurement finished
11:19:25 -- ******* Post Run Check *******
loading queue conditionals post_run_actions
loading system conditionals post_run_actions
loading conditionals from /Users/jan/PychronDev/setupfiles/spectrometer/default_conditionals.yaml
loading queue conditionals post_run_terminations
loading system conditionals post_run_terminations
loading conditionals from /Users/jan/PychronDev/setupfiles/spectrometer/default_conditionals.yaml
Checking default post run terminations n=1
GetDeflection CDD ===>> 50
testing CDD==2000
evaluate ot="CDD.deflection==2000" t="CDD==2000", ctx="{'CDD': 50.0}"
11:19:25 -- ******* Post Run Check Passed *******
11:19:25 -- Automated run 65576-10A success duration: 356.189 s
----------------- finish -----------------
----------------- stop -----------------
retroactive repository identifiers disabled
finish run. runs completed=31
update duration runid=65576-10A, duration=356.189178944, md5=301e91d8
loading script "jan_unknown120_60.py"
loading script "jan_pump_ms.py"
loading script "jan_co2.py"
loading script "jan_pump_extraction_line.py"
testing...
no interpolation path defined
executed 213.652928
script duration name:unknown120_60 seconds:214.0
loading script "jan_unknown120_60.py"
loading script "jan_pump_ms.py"
loading script "jan_co2.py"
loading script "jan_pump_extraction_line.py"
testing...
no interpolation path defined
executed 0
loading script "jan_unknown120_60.py"
loading script "jan_pump_ms.py"
loading script "jan_co2.py"
loading script "jan_pump_extraction_line.py"
testing...
no interpolation path defined
calculate duration
testing...
no interpolation path defined
executed 0
calculate duration
testing...
no interpolation path defined
executed 0
executed 0.0
script duration name:co2 seconds:0.0
loading script "jan_unknown120_60.py"
loading script "jan_pump_ms.py"
loading script "jan_co2.py"
loading script "jan_pump_extraction_line.py"
testing...
no interpolation path defined
calculate duration
testing...
no interpolation path defined
executed 4.0
executed 4.0
Script duration 214.0
Run total estimated duration= 215.000
unknown120_60 in script context. using previous estimated duration
script duration name:unknown120_60 seconds:214.0
pump_ms in script context. using previous estimated duration
co2 in script context. using previous estimated duration
script duration name:co2 seconds:0.0
pump_extraction_line in script context. using previous estimated duration
Script duration 214.0
Run total estimated duration= 215.000
script duration name:unknown120_60 seconds:214.0
script duration name:co2 seconds:0.0
Script duration 214.0
Run total estimated duration= 215.000
script duration name:unknown120_60 seconds:214.0
script duration name:co2 seconds:0.0
Script duration 214.0
Run total estimated duration= 215.000
loading script "jan_unknown400_120.py"
loading script "jan_pump_ms.py"
loading script "jan_cocktail_x1.py"
loading script "jan_pump_extraction_line.py"
testing...
no interpolation path defined
executed 556.052928
script duration name:unknown400_120 seconds:556.0
loading script "jan_unknown400_120.py"
loading script "jan_pump_ms.py"
loading script "jan_cocktail_x1.py"
loading script "jan_pump_extraction_line.py"
testing...
no interpolation path defined
calculate duration
testing...
no interpolation path defined
executed 0
calculate duration
testing...
no interpolation path defined
executed 0
calculate duration
testing...
no interpolation path defined
executed 32.0
calculate duration
testing...
no interpolation path defined
executed 34.0
calculate duration
testing...
no interpolation path defined
executed 4.0
calculate duration
testing...
no interpolation path defined
executed 38.0
executed 108.0
script duration name:cocktail_x1 seconds:108.0
Script duration 664.0
Run total estimated duration= 665.000
script duration name:unknown120_60 seconds:214.0
script duration name:co2 seconds:0.0
Script duration 214.0
Run total estimated duration= 215.000
script duration name:unknown120_60 seconds:214.0
script duration name:co2 seconds:0.0
Script duration 214.0
Run total estimated duration= 215.000
script duration name:unknown120_60 seconds:214.0
script duration name:co2 seconds:0.0
Script duration 214.0
Run total estimated duration= 215.000
script duration name:unknown120_60 seconds:214.0
script duration name:co2 seconds:0.0
Script duration 214.0
Run total estimated duration= 215.000
script duration name:unknown120_60 seconds:214.0
script duration name:co2 seconds:0.0
Script duration 214.0
Run total estimated duration= 215.000
unknown400_120 in script context. using previous estimated duration
script duration name:unknown400_120 seconds:556.0
script duration name:co2 seconds:0.0
Script duration 556.0
Run total estimated duration= 557.000
script duration name:unknown120_60 seconds:214.0
script duration name:co2 seconds:0.0
Script duration 214.0
Run total estimated duration= 215.000
script duration name:unknown120_60 seconds:214.0
script duration name:co2 seconds:0.0
Script duration 214.0
Run total estimated duration= 215.000
script duration name:unknown120_60 seconds:214.0
script duration name:co2 seconds:0.0
Script duration 214.0
Run total estimated duration= 215.000
script duration name:unknown120_60 seconds:214.0
script duration name:co2 seconds:0.0
Script duration 214.0
Run total estimated duration= 215.000
script duration name:unknown120_60 seconds:214.0
script duration name:co2 seconds:0.0
Script duration 214.0
Run total estimated duration= 215.000
script duration name:unknown120_60 seconds:214.0
script duration name:co2 seconds:0.0
Script duration 214.0
Run total estimated duration= 215.000
script duration name:unknown120_60 seconds:214.0
script duration name:co2 seconds:0.0
Script duration 214.0
Run total estimated duration= 215.000
script duration name:unknown120_60 seconds:214.0
script duration name:co2 seconds:0.0
Script duration 214.0
Run total estimated duration= 215.000
script duration name:unknown120_60 seconds:214.0
script duration name:co2 seconds:0.0
Script duration 214.0
Run total estimated duration= 215.000
script duration name:unknown120_60 seconds:214.0
script duration name:co2 seconds:0.0
Script duration 214.0
Run total estimated duration= 215.000
script duration name:unknown120_60 seconds:214.0
script duration name:co2 seconds:0.0
Script duration 214.0
Run total estimated duration= 215.000
script duration name:unknown120_60 seconds:214.0
script duration name:co2 seconds:0.0
Script duration 214.0
Run total estimated duration= 215.000
script duration name:unknown120_60 seconds:214.0
script duration name:co2 seconds:0.0
Script duration 214.0
Run total estimated duration= 215.000
script duration name:unknown120_60 seconds:214.0
script duration name:co2 seconds:0.0
Script duration 214.0
Run total estimated duration= 215.000
script duration name:unknown120_60 seconds:214.0
script duration name:co2 seconds:0.0
Script duration 214.0
Run total estimated duration= 215.000
script duration name:unknown400_120 seconds:556.0
script duration name:co2 seconds:0.0
Script duration 556.0
Run total estimated duration= 557.000
script duration name:unknown400_120 seconds:556.0
cocktail_x1 in script context. using previous estimated duration
script duration name:cocktail_x1 seconds:108.0
Script duration 664.0
Run total estimated duration= 665.000
script duration name:unknown400_120 seconds:556.0
loading script "jan_unknown400_120.py"
loading script "jan_pump_ms.py"
loading script "jan_sniffair_x2.py"
loading script "jan_pump_extraction_line.py"
testing...
no interpolation path defined
calculate duration
testing...
no interpolation path defined
executed 0
calculate duration
testing...
no interpolation path defined
executed 0
calculate duration
testing...
no interpolation path defined
executed 32.0
calculate duration
testing...
no interpolation path defined
executed 34.0
calculate duration
testing...
no interpolation path defined
executed 4.0
calculate duration
testing...
no interpolation path defined
executed 36.0
calculate duration
testing...
no interpolation path defined
executed 34.0
calculate duration
testing...
no interpolation path defined
executed 4.0
calculate duration
testing...
no interpolation path defined
executed 36.0
calculate duration
testing...
no interpolation path defined
executed 70.0
executed 250.0
script duration name:sniffair_x2 seconds:250.0
Script duration 806.0
Run total estimated duration= 807.000
loading script "jan_ic_peak_hop3.py"
loading script "jan_pump_ms.py"
loading script "jan_air_x1.py"
loading script "jan_pump_extraction_line.py"
testing...
no interpolation path defined
executed 133.8
script duration name:ic_peak_hop3 seconds:134.0
loading script "jan_ic_peak_hop3.py"
loading script "jan_pump_ms.py"
loading script "jan_air_x1.py"
loading script "jan_pump_extraction_line.py"
testing...
no interpolation path defined
calculate duration
testing...
no interpolation path defined
executed 0
calculate duration
testing...
no interpolation path defined
executed 0
calculate duration
testing...
no interpolation path defined
executed 32.0
calculate duration
testing...
no interpolation path defined
executed 34.0
calculate duration
testing...
no interpolation path defined
executed 4.0
calculate duration
testing...
no interpolation path defined
executed 36.0
executed 106.0
script duration name:air_x1 seconds:106.0
Script duration 240.0
Run total estimated duration= 241.000
script duration name:unknown120_60 seconds:214.0
script duration name:co2 seconds:0.0
Script duration 214.0
Run total estimated duration= 215.000
script duration name:unknown120_60 seconds:214.0
script duration name:co2 seconds:0.0
Script duration 214.0
Run total estimated duration= 215.000
script duration name:unknown120_60 seconds:214.0
script duration name:co2 seconds:0.0
Script duration 214.0
Run total estimated duration= 215.000
script duration name:unknown120_60 seconds:214.0
script duration name:co2 seconds:0.0
Script duration 214.0
Run total estimated duration= 215.000
script duration name:unknown120_60 seconds:214.0
script duration name:co2 seconds:0.0
Script duration 214.0
Run total estimated duration= 215.000
script duration name:unknown120_60 seconds:214.0
script duration name:co2 seconds:0.0
Script duration 214.0
Run total estimated duration= 215.000
script duration name:unknown120_60 seconds:214.0
script duration name:co2 seconds:0.0
Script duration 214.0
Run total estimated duration= 215.000
script duration name:unknown120_60 seconds:214.0
script duration name:co2 seconds:0.0
Script duration 214.0
Run total estimated duration= 215.000
script duration name:unknown120_60 seconds:214.0
script duration name:co2 seconds:0.0
Script duration 214.0
Run total estimated duration= 215.000
script duration name:unknown120_60 seconds:214.0
script duration name:co2 seconds:0.0
Script duration 214.0
Run total estimated duration= 215.000
script duration name:unknown120_60 seconds:214.0
script duration name:co2 seconds:0.0
Script duration 214.0
Run total estimated duration= 215.000
script duration name:unknown120_60 seconds:214.0
script duration name:co2 seconds:0.0
Script duration 214.0
Run total estimated duration= 215.000
script duration name:unknown120_60 seconds:214.0
script duration name:co2 seconds:0.0
Script duration 214.0
Run total estimated duration= 215.000
script duration name:unknown120_60 seconds:214.0
script duration name:co2 seconds:0.0
Script duration 214.0
Run total estimated duration= 215.000
script duration name:unknown120_60 seconds:214.0
script duration name:co2 seconds:0.0
Script duration 214.0
Run total estimated duration= 215.000
script duration name:unknown400_120 seconds:556.0
script duration name:co2 seconds:0.0
Script duration 556.0
Run total estimated duration= 557.000
script duration name:unknown120_60 seconds:214.0
script duration name:co2 seconds:0.0
Script duration 214.0
Run total estimated duration= 215.000
script duration name:unknown120_60 seconds:214.0
script duration name:co2 seconds:0.0
Script duration 214.0
Run total estimated duration= 215.000
script duration name:unknown120_60 seconds:214.0
script duration name:co2 seconds:0.0
Script duration 214.0
Run total estimated duration= 215.000
script duration name:unknown120_60 seconds:214.0
script duration name:co2 seconds:0.0
Script duration 214.0
Run total estimated duration= 215.000
script duration name:unknown120_60 seconds:214.0
script duration name:co2 seconds:0.0
Script duration 214.0
Run total estimated duration= 215.000
script duration name:unknown400_120 seconds:556.0
script duration name:cocktail_x1 seconds:108.0
Script duration 664.0
Run total estimated duration= 665.000
script duration name:unknown400_120 seconds:556.0
script duration name:cocktail_x1 seconds:108.0
Script duration 664.0
Run total estimated duration= 665.000
script duration name:unknown120_60 seconds:214.0
script duration name:co2 seconds:0.0
Script duration 214.0
Run total estimated duration= 215.000
script duration name:unknown120_60 seconds:214.0
script duration name:co2 seconds:0.0
Script duration 214.0
Run total estimated duration= 215.000
script duration name:unknown120_60 seconds:214.0
script duration name:co2 seconds:0.0
Script duration 214.0
Run total estimated duration= 215.000
script duration name:unknown120_60 seconds:214.0
script duration name:co2 seconds:0.0
Script duration 214.0
Run total estimated duration= 215.000
script duration name:unknown120_60 seconds:214.0
script duration name:co2 seconds:0.0
Script duration 214.0
Run total estimated duration= 215.000
script duration name:unknown120_60 seconds:214.0
script duration name:co2 seconds:0.0
Script duration 214.0
Run total estimated duration= 215.000
script duration name:unknown120_60 seconds:214.0
script duration name:co2 seconds:0.0
Script duration 214.0
Run total estimated duration= 215.000
script duration name:unknown120_60 seconds:214.0
script duration name:co2 seconds:0.0
Script duration 214.0
Run total estimated duration= 215.000
script duration name:unknown120_60 seconds:214.0
script duration name:co2 seconds:0.0
Script duration 214.0
Run total estimated duration= 215.000
script duration name:unknown120_60 seconds:214.0
script duration name:co2 seconds:0.0
Script duration 214.0
Run total estimated duration= 215.000
script duration name:unknown400_120 seconds:556.0
script duration name:co2 seconds:0.0
Script duration 556.0
Run total estimated duration= 557.000
script duration name:unknown400_120 seconds:556.0
sniffair_x2 in script context. using previous estimated duration
script duration name:sniffair_x2 seconds:250.0
Script duration 806.0
Run total estimated duration= 807.000
ic_peak_hop3 in script context. using previous estimated duration
script duration name:ic_peak_hop3 seconds:134.0
air_x1 in script context. using previous estimated duration
script duration name:air_x1 seconds:106.0
Script duration 240.0
Run total estimated duration= 241.000
script duration name:unknown120_60 seconds:214.0
script duration name:co2 seconds:0.0
Script duration 214.0
Run total estimated duration= 215.000
script duration name:unknown120_60 seconds:214.0
script duration name:co2 seconds:0.0
Script duration 214.0
Run total estimated duration= 215.000
script duration name:unknown120_60 seconds:214.0
script duration name:co2 seconds:0.0
Script duration 214.0
Run total estimated duration= 215.000
script duration name:unknown120_60 seconds:214.0
script duration name:co2 seconds:0.0
Script duration 214.0
Run total estimated duration= 215.000
script duration name:unknown120_60 seconds:214.0
script duration name:co2 seconds:0.0
Script duration 214.0
Run total estimated duration= 215.000
script duration name:unknown120_60 seconds:214.0
script duration name:co2 seconds:0.0
Script duration 214.0
Run total estimated duration= 215.000
script duration name:unknown120_60 seconds:214.0
script duration name:co2 seconds:0.0
Script duration 214.0
Run total estimated duration= 215.000
script duration name:unknown120_60 seconds:214.0
script duration name:co2 seconds:0.0
Script duration 214.0
Run total estimated duration= 215.000
script duration name:unknown120_60 seconds:214.0
script duration name:co2 seconds:0.0
Script duration 214.0
Run total estimated duration= 215.000
script duration name:unknown120_60 seconds:214.0
script duration name:co2 seconds:0.0
Script duration 214.0
Run total estimated duration= 215.000
script duration name:unknown400_120 seconds:556.0
script duration name:cocktail_x1 seconds:108.0
Script duration 664.0
Run total estimated duration= 665.000
script duration name:unknown120_60 seconds:214.0
script duration name:co2 seconds:0.0
Script duration 214.0
Run total estimated duration= 215.000
script duration name:unknown120_60 seconds:214.0
script duration name:co2 seconds:0.0
Script duration 214.0
Run total estimated duration= 215.000
script duration name:unknown120_60 seconds:214.0
script duration name:co2 seconds:0.0
Script duration 214.0
Run total estimated duration= 215.000
script duration name:unknown120_60 seconds:214.0
script duration name:co2 seconds:0.0
Script duration 214.0
Run total estimated duration= 215.000
script duration name:unknown120_60 seconds:214.0
script duration name:co2 seconds:0.0
Script duration 214.0
Run total estimated duration= 215.000
script duration name:unknown400_120 seconds:556.0
script duration name:co2 seconds:0.0
Script duration 556.0
Run total estimated duration= 557.000
script duration name:unknown120_60 seconds:214.0
script duration name:co2 seconds:0.0
Script duration 214.0
Run total estimated duration= 215.000
script duration name:unknown120_60 seconds:214.0
script duration name:co2 seconds:0.0
Script duration 214.0
Run total estimated duration= 215.000
script duration name:unknown120_60 seconds:214.0
script duration name:co2 seconds:0.0
Script duration 214.0
Run total estimated duration= 215.000
script duration name:unknown120_60 seconds:214.0
script duration name:co2 seconds:0.0
Script duration 214.0
Run total estimated duration= 215.000
script duration name:unknown120_60 seconds:214.0
script duration name:co2 seconds:0.0
Script duration 214.0
Run total estimated duration= 215.000
script duration name:unknown120_60 seconds:214.0
script duration name:co2 seconds:0.0
Script duration 214.0
Run total estimated duration= 215.000
script duration name:unknown120_60 seconds:214.0
script duration name:co2 seconds:0.0
Script duration 214.0
Run total estimated duration= 215.000
script duration name:unknown120_60 seconds:214.0
script duration name:co2 seconds:0.0
Script duration 214.0
Run total estimated duration= 215.000
script duration name:unknown120_60 seconds:214.0
script duration name:co2 seconds:0.0
Script duration 214.0
Run total estimated duration= 215.000
script duration name:unknown120_60 seconds:214.0
script duration name:co2 seconds:0.0
Script duration 214.0
Run total estimated duration= 215.000
script duration name:unknown120_60 seconds:214.0
script duration name:co2 seconds:0.0
Script duration 214.0
Run total estimated duration= 215.000
script duration name:unknown120_60 seconds:214.0
script duration name:co2 seconds:0.0
Script duration 214.0
Run total estimated duration= 215.000
script duration name:unknown120_60 seconds:214.0
script duration name:co2 seconds:0.0
Script duration 214.0
Run total estimated duration= 215.000
script duration name:unknown120_60 seconds:214.0
script duration name:co2 seconds:0.0
Script duration 214.0
Run total estimated duration= 215.000
script duration name:unknown120_60 seconds:214.0
script duration name:co2 seconds:0.0
Script duration 214.0
Run total estimated duration= 215.000
script duration name:unknown400_120 seconds:556.0
script duration name:co2 seconds:0.0
Script duration 556.0
Run total estimated duration= 557.000
script duration name:unknown400_120 seconds:556.0
script duration name:cocktail_x1 seconds:108.0
Script duration 664.0
Run total estimated duration= 665.000
script duration name:unknown400_120 seconds:556.0
script duration name:cocktail_x1 seconds:108.0
Script duration 664.0
Run total estimated duration= 665.000
script duration name:unknown400_120 seconds:556.0
script duration name:sniffair_x2 seconds:250.0
Script duration 806.0
Run total estimated duration= 807.000
script duration name:unknown400_120 seconds:556.0
script duration name:sniffair_x2 seconds:250.0
Script duration 806.0
Run total estimated duration= 807.000
script duration name:ic_peak_hop3 seconds:134.0
script duration name:air_x1 seconds:106.0
Script duration 240.0
Run total estimated duration= 241.000
script duration name:unknown120_60 seconds:214.0
script duration name:co2 seconds:0.0
Script duration 214.0
Run total estimated duration= 215.000
script duration name:unknown120_60 seconds:214.0
script duration name:co2 seconds:0.0
Script duration 214.0
Run total estimated duration= 215.000
script duration name:unknown120_60 seconds:214.0
script duration name:co2 seconds:0.0
Script duration 214.0
Run total estimated duration= 215.000
script duration name:unknown120_60 seconds:214.0
script duration name:co2 seconds:0.0
Script duration 214.0
Run total estimated duration= 215.000
script duration name:unknown120_60 seconds:214.0
script duration name:co2 seconds:0.0
Script duration 214.0
Run total estimated duration= 215.000
script duration name:unknown120_60 seconds:214.0
script duration name:co2 seconds:0.0
Script duration 214.0
Run total estimated duration= 215.000
script duration name:unknown120_60 seconds:214.0
script duration name:co2 seconds:0.0
Script duration 214.0
Run total estimated duration= 215.000
script duration name:unknown120_60 seconds:214.0
script duration name:co2 seconds:0.0
Script duration 214.0
Run total estimated duration= 215.000
script duration name:unknown120_60 seconds:214.0
script duration name:co2 seconds:0.0
Script duration 214.0
Run total estimated duration= 215.000
script duration name:unknown120_60 seconds:214.0
script duration name:co2 seconds:0.0
Script duration 214.0
Run total estimated duration= 215.000
script duration name:unknown120_60 seconds:214.0
script duration name:co2 seconds:0.0
Script duration 214.0
Run total estimated duration= 215.000
script duration name:unknown120_60 seconds:214.0
script duration name:co2 seconds:0.0
Script duration 214.0
Run total estimated duration= 215.000
script duration name:unknown120_60 seconds:214.0
script duration name:co2 seconds:0.0
Script duration 214.0
Run total estimated duration= 215.000
nruns=117 before=5.0, run_dur=32803.0, btw=3480.0
write rem/ex queues
/Users/jan/PychronDev/experiments/rem/CurrentExperiment.rem.txt
/Users/jan/PychronDev/experiments/rem/CurrentExperiment.ex.txt
doing event level: 3
