do run
loading script "jan_unknown120_60.py"
loading script "jan_pump_ms.py"
loading script "jan_co2.py"
loading script "jan_pump_extraction_line.py"
testing...
no interpolation path defined
executed 213.652928
script duration name:unknown120_60 seconds:214.0
loading script "jan_unknown120_60.py"
loading script "jan_pump_ms.py"
loading script "jan_co2.py"
loading script "jan_pump_extraction_line.py"
testing...
no interpolation path defined
executed 0
loading script "jan_unknown120_60.py"
loading script "jan_pump_ms.py"
loading script "jan_co2.py"
loading script "jan_pump_extraction_line.py"
testing...
no interpolation path defined
calculate duration
testing...
no interpolation path defined
executed 0
calculate duration
testing...
no interpolation path defined
executed 0
executed 0.0
script duration name:co2 seconds:0.0
loading script "jan_unknown120_60.py"
loading script "jan_pump_ms.py"
loading script "jan_co2.py"
loading script "jan_pump_extraction_line.py"
testing...
no interpolation path defined
calculate duration
testing...
no interpolation path defined
executed 4.0
executed 4.0
Script duration 214.0
Run total estimated duration= 215.000
run duration: 0:03:35
doing event level: 2
12:05:23 -- Setting default integration. t=1.048576
setting integration time = 1.048576
SetIntegrationTime 1.048576 ===>> OK
----------------- start -----------------
**************** Experiment Type: Ar/Ar, Ar/Ar
create new session 4993924272
close session 4993924272
$$$$$ Clearing conditionals
adding conditionals 
Add queue conditionals
add default conditionals
adding default conditionals from /Users/jan/PychronDev/setupfiles/spectrometer/default_conditionals.yaml
Start automated run 65576-14
loading script "jan_unknown120_60.py"
loading script "jan_pump_ms.py"
loading script "jan_co2.py"
loading script "jan_pump_extraction_line.py"
%%%%%%%%%%%%%%%%%% setting automated run 65576-14
No value "sensitivity_multiplier" in metadata
$$$$$$$$$$$$$$$ auto_save_detector_ic=False
============================= Pre Extraction Check =============================
loading queue conditionals pre_run_terminations
loading system conditionals pre_run_terminations
loading conditionals from /Users/jan/PychronDev/setupfiles/spectrometer/default_conditionals.yaml
12:05:23 -- ******* Pre Extraction Check *******
Get a measurement from the spectrometer
GetData ===>> H2,-0.221962410349517,H1,0.0261363518536008,AX,-0.0411388679974027,L1,-0.0136329818039293,L2,0.07...
Pre Extraction Termination data. keys=H2,H1,AX,L1,L2,CDD, signals=-0.22196,0.02614,-0.04114,-0.01363,0.07614,0.00387
12:05:23 -- testing system defined conditionals
Checking default pre extraction terminations n=2
testing CDD
evaluate ot="CDD.inactive" t="CDD", ctx="{'CDD': False}"
GetDeflection CDD ===>> 50
testing CDD==2000
evaluate ot="CDD.deflection==2000" t="CDD==2000", ctx="{'CDD': 50.0}"
12:05:23 -- ******* Pre Extraction Check Passed *******
=================================================================================
12:05:23 -- stopping status monitor
stop 5064012720
Alive clients [4977824688, 4983939824]
12:05:23 -- starting status monitor
start 5064012720
Monitor already running
start extraction
do extraction
Analysis started at 12:05:23.745972
Extraction Started jan_co2.py
12:05:23 -- ******* Extraction Started jan_co2.py *******
state changed from not run to extraction
DO EXTRACTION <pychron.extraction_line.pyscript_runner.RemotePyScriptRunner object at 0x12c3c43b0>
testing...
no interpolation path defined
calculate duration
testing...
no interpolation path defined
executed 0
calculate duration
testing...
no interpolation path defined
executed 0
executed 100.0
Jan CO2 laser analysis
doing GOSUB
testing...
no interpolation path defined
executed 0
Waiting for CO2 access
wait ('FelixCO2Flag', 0) {}
waiting for FelixCO2Flag = 0
Read FelixCO2Flag ===>> 0
finished waiting
CO2 free
wait ('CO2PumpTimeFlag', 0) {}
waiting for CO2PumpTimeFlag = 0
Read CO2PumpTimeFlag ===>> 0
finished waiting
acquire ('JanCO2Flag',) {'clear': True}
acquire JanCO2Flag
Set JanCO2Flag 1 ===>> OK
JanCO2Flag acquired
set extraction state False (0.75, 'red', 1.5)
CO2 acquired
executed 0
WaitForCO2Access.py completed successfully
gosub finished
doing GOSUB
testing...
no interpolation path defined
executed 0
Prepare for CO2 analysis
close () {'description': 'Jan Inlet'}
closing name=--- desc=Jan Inlet
checking ownership. requestor=129.138.12.150
check software interlocks R
interlocks []
actuate state mode=None-script, software_lock=False
doing actuation None-script close_channel False
Close R ===>> OK
GetIndicatorState R ===>> False
change switch state (True, True)
update switch state R False args=() kw={} ncanvase=3
12:05:24 -- CLOSE  VALVE-R (Jan Inlet)
---------------------------------------- close None (Jan Inlet) result=[(True, True)]
action=close, ok=True, locked=[False]
open () {'description': 'Jan Ion Pump'}
opening name=--- desc=Jan Ion Pump
checking ownership. requestor=129.138.12.150
check software interlocks O
interlocks []
actuate state mode=None-script, software_lock=False
doing actuation None-script open_channel False
Open O ===>> OK
GetIndicatorState O ===>> OK
change switch state (True, True)
update switch state O True args=() kw={} ncanvase=3
12:05:24 -- OPEN   VALVE-O (Jan Ion Pump)
---------------------------------------- open None (Jan Ion Pump) result=[(True, True)], time=0.10 sec
action=open, ok=True, locked=[False]
close () {'description': 'Microbone to Minibone'}
closing name=--- desc=Microbone to Minibone
checking ownership. requestor=129.138.12.150
check software interlocks L
interlocks []
actuate state mode=None-script, software_lock=False
doing actuation None-script close_channel False
Close L ===>> OK
GetIndicatorState L ===>> False
change switch state (True, True)
update switch state L False args=() kw={} ncanvase=3
12:05:25 -- CLOSE  VALVE-L (Microbone to Minibone)
---------------------------------------- close None (Microbone to Minibone) result=[(True, True)]
action=close, ok=True, locked=[False]
open () {'description': 'Microbone to Turbo'}
opening name=--- desc=Microbone to Turbo
checking ownership. requestor=129.138.12.150
check software interlocks U
interlocks []
actuate state mode=None-script, software_lock=False
doing actuation None-script open_channel False
Open U ===>> OK
Get Checksum: 2035439760
GetIndicatorState U ===>> OK
change switch state (True, True)
update switch state U True args=() kw={} ncanvase=3
12:05:25 -- OPEN   VALVE-U (Microbone to Turbo)
---------------------------------------- open None (Microbone to Turbo) result=[(True, True)], time=0.13 sec
action=open, ok=True, locked=[False]
open () {'description': 'Microbone to Inlet Pipette'}
opening name=--- desc=Microbone to Inlet Pipette
checking ownership. requestor=129.138.12.150
check software interlocks S
interlocks []
actuate state mode=None-script, software_lock=False
doing actuation None-script open_channel False
Open S ===>> OK
GetIndicatorState S ===>> OK
change switch state (True, True)
update switch state S True args=() kw={} ncanvase=3
12:05:26 -- OPEN   VALVE-S (Microbone to Inlet Pipette)
---------------------------------------- open None (Microbone to Inlet Pipette) result=[(True, True)], time=0.41 sec
action=open, ok=True, locked=[False]
open () {'description': 'Microbone to Getter D-50'}
opening name=--- desc=Microbone to Getter D-50
checking ownership. requestor=129.138.12.150
check software interlocks K
interlocks []
actuate state mode=None-script, software_lock=False
doing actuation None-script open_channel False
Open K ===>> OK
GetIndicatorState K ===>> OK
change switch state (True, True)
update switch state K True args=() kw={} ncanvase=3
12:05:26 -- OPEN   VALVE-K (Microbone to Getter D-50)
---------------------------------------- open None (Microbone to Getter D-50) result=[(True, True)], time=0.44 sec
action=open, ok=True, locked=[False]
open () {'description': 'Microbone to Getter NP-10'}
opening name=--- desc=Microbone to Getter NP-10
checking ownership. requestor=129.138.12.150
check software interlocks M
interlocks []
actuate state mode=None-script, software_lock=False
doing actuation None-script open_channel False
Open M ===>> OK
GetIndicatorState M ===>> OK
change switch state (True, True)
update switch state M True args=() kw={} ncanvase=3
12:05:27 -- OPEN   VALVE-M (Microbone to Getter NP-10)
---------------------------------------- open None (Microbone to Getter NP-10) result=[(True, True)], time=0.13 sec
action=open, ok=True, locked=[False]
close () {'description': 'CO2 Laser to Felix'}
closing name=--- desc=CO2 Laser to Felix
checking ownership. requestor=129.138.12.150
check software interlocks F
interlocks []
actuate state mode=None-script, software_lock=True
VALVE-F(CO2 Laser to Felix) software locked
change switch state (True, False)
---------------------------------------- close None (CO2 Laser to Felix) result=[(True, False)]
action=close, ok=True, locked=[True]
open () {'description': 'CO2 Laser to Jan'}
opening name=--- desc=CO2 Laser to Jan
checking ownership. requestor=129.138.12.150
check software interlocks A
interlocks []
actuate state mode=None-script, software_lock=False
doing actuation None-script open_channel False
Open A ===>> OK
GetIndicatorState A ===>> OK
change switch state (True, True)
update switch state A True args=() kw={} ncanvase=3
12:05:27 -- OPEN   VALVE-A (CO2 Laser to Jan)
---------------------------------------- open None (CO2 Laser to Jan) result=[(True, True)], time=0.13 sec
action=open, ok=True, locked=[False]
open () {'description': 'Microbone to CO2 Laser'}
opening name=--- desc=Microbone to CO2 Laser
checking ownership. requestor=129.138.12.150
check software interlocks T
interlocks []
actuate state mode=None-script, software_lock=False
doing actuation None-script open_channel False
Open T ===>> OK
GetIndicatorState T ===>> OK
change switch state (True, True)
update switch state T True args=() kw={} ncanvase=3
12:05:28 -- OPEN   VALVE-T (Microbone to CO2 Laser)
---------------------------------------- open None (Microbone to CO2 Laser) result=[(True, True)], time=0.41 sec
action=open, ok=True, locked=[False]
executed 0
PrepareForCO2Analysis.py completed successfully
gosub finished
set_motor ('beam', '1.25') {}
setting motor "beam" to 1.25
set motor beam to 1.25
SetMotor beam,1.25 ===>> OK
GetMotorMoving beam ===>> False
GetMotorMoving beam ===>> False
Block completed
move_to_position ('126',) {'autocenter': True}
FusionsCO2 move to position 126
sending GoToHole 126,True
GoToHole 126,True ===>> OK
GetDriveMoving ===>> OK
GetDriveMoving ===>> OK
Get Checksum: 2035439760
GetDriveMoving ===>> OK
GetDriveMoving ===>> OK
GetDriveMoving ===>> OK
GetDriveMoving ===>> OK
GetDriveMoving ===>> OK
GetDriveMoving ===>> False
GetDriveMoving ===>> OK
GetDriveMoving ===>> OK
GetDriveMoving ===>> OK
GetDriveMoving ===>> OK
GetDriveMoving ===>> OK
GetDriveMoving ===>> False
Block completed
Get Checksum: 2035439760
GetAutoCorrecting ===>> False
GetAutoCorrecting ===>> False
Block completed
update position
GetPosition ===>> -3.98780,-1.99390,1.00000
got position (-3.9878, -1.9939, 1.0)
move to position succeeded
sleep (5,) {}
SLEEP 5.0
block started
WaitControl setup for 5.0  
Get Checksum: 2035439760
Join finished
block finished. duration 5.00675201416
close () {'description': 'Microbone to Turbo'}
closing name=--- desc=Microbone to Turbo
checking ownership. requestor=129.138.12.150
check software interlocks U
interlocks []
actuate state mode=None-script, software_lock=False
doing actuation None-script close_channel True
Close U ===>> OK
GetIndicatorState U ===>> False
change switch state (True, True)
update switch state U False args=() kw={} ncanvase=3
12:05:40 -- CLOSE  VALVE-U (Microbone to Turbo)
---------------------------------------- close None (Microbone to Turbo) result=[(True, True)]
Get Checksum: -1640178555
action=close, ok=True, locked=[False]
enable laser
enable () {}
set extraction state FusionsCO2 Enabled (False, 'red', 1.5)
enabling laser
Enable ===>> OK
begin interval
BEGIN INTERVAL Interval 1 waiting for 30.0
block started
WaitControl setup for 30.0  
set extract to 5.0
extract (5.0,) {}
GetPosition ===>> -3.98780,-1.99390,1.00000
set extraction state FusionsCO2 ON! 5.0(watts) (0.75, 'red', 1.5)
extract sample to 5.0 (watts)
set laser output
SetLaserOutput 5.0,watts ===>> OK
executing pattern triangle.lp
execute_pattern ('triangle.lp',) {}
executing pattern triangle.lp
IsPatterning ===>> OK
Get Checksum: -1640178555
IsPatterning ===>> OK
IsPatterning ===>> OK
IsPatterning ===>> OK
Get Checksum: -1640178555
IsPatterning ===>> OK
IsPatterning ===>> OK
IsPatterning ===>> OK
Get Checksum: -1640178555
IsPatterning ===>> OK
IsPatterning ===>> OK
IsPatterning ===>> OK
Get Checksum: -1640178555
IsPatterning ===>> OK
IsPatterning ===>> OK
IsPatterning ===>> OK
Get Checksum: -1640178555
IsPatterning ===>> OK
IsPatterning ===>> OK
IsPatterning ===>> OK
Get Checksum: -1640178555
IsPatterning ===>> OK
IsPatterning ===>> OK
IsPatterning ===>> OK
Get Checksum: -1640178555
IsPatterning ===>> OK
IsPatterning ===>> OK
IsPatterning ===>> OK
IsPatterning ===>> OK
Get Checksum: -1640178555
IsPatterning ===>> OK
IsPatterning ===>> OK
IsPatterning ===>> OK
Get Checksum: -1640178555
IsPatterning ===>> False
IsPatterning ===>> False
Block completed
COMPLETE INTERVAL waiting for Interval 1 to complete
Join finished
block finished. duration 30.0686450005
Interval 1 finished
Get Checksum: -1640178555
end_extract () {}
ending extraction. set laser power to 0
set laser power 0
SetLaserPower 0 ===>> OK
disable () {}
%%%%%%%%%%%%%%%%%%%%%%%%%%%%%%%%%%% disable
set extraction state False (0.75, 'red', 1.5)
disabling laser
Disable ===>> OK
sleep (30.0,) {}
SLEEP 30.0
block started
WaitControl setup for 30.0  
Get Checksum: -1640178555
Get Checksum: -1640178555
Get Checksum: -1640178555
Get Checksum: -1640178555
Get Checksum: -1640178555
Get Checksum: -1640178555
Get Checksum: -1640178555
Get Checksum: -1640178555
Get Checksum: -1640178555
Get Checksum: -1640178555
Join finished
block finished. duration 30.0557281971
executed 166.5
jan_co2.py completed successfully
GetAchievedOutput ===>> No Response
Requested Output= 0.000
Achieved Output=  0.000
GetResponseBlob ===>> No Response
GetOutputBlob ===>> No Response
persistence save...
persistence save - db
AutomatedRunPersister post_extraction_save deprecated
persistence save - dvc
no extraction position for 126
create new session 4983587952
close session 4983587952
Extraction Finished
12:06:41 -- ******* Extraction Finished *******
no overlap. not waiting for min ms pumptime
12:06:41 -- Sending spectrometer configuration
======== Sending configuration ========
SetDeflection CDD,50.0 ===>> OK
SetDeflection H2,0.0 ===>> OK
SetDeflection H1,0.0 ===>> OK
SetDeflection L2,825.0 ===>> OK
SetDeflection L1,400.0 ===>> OK
SetDeflection AX,190.0 ===>> OK
SetZFocus 74.64 ===>> OK
SetZSymmetry -50.72 ===>> OK
SetExtractionLens 26.13 ===>> OK
SetIonRepeller -3.81 ===>> OK
SetElectronEnergy 75.08 ===>> OK
SetYSymmetry -2.81 ===>> OK
SetIonCounterVoltage 1590.0 ===>> OK
send trap current 200.0
GetParameter Trap Current Readback ===>> 198.258926936459
SetParameter Trap Current Set,200.0 ===>> OK
updating mftable name mftable
Using mftable located at /Users/jan/PychronDev/setupfiles/spectrometer/mftables/mftable.csv
============ MFtable ===========
Isotope  H2     H1     AX     L1     L2     CDD    
Ar40     5.7841 5.8791 5.9923 6.1240 6.2307 6.3522
Ar39     5.6833 5.7713 5.8847 6.0100 6.1158 6.2387
Ar36     5.3608 5.4404 5.5481 5.6689 5.7708 5.8898
================================
get initial guess parabolic
get initial guess parabolic
get initial guess parabolic
get initial guess parabolic
get initial guess parabolic
get initial guess parabolic
======== Configuration Finished ========
GetYSymmetry ===>> -2.81
GetZSymmetry ===>> -50.72
GetParameter Trap Current Readback ===>> 198.147042666178
GetHighVoltage ===>> 4500
start measurement
do measurement
L#=65576 analysis type=unknown
Measurement Started jan_unknown120_60.py
12:06:41 -- ******* Measurement Started jan_unknown120_60.py *******
state changed from extraction to measurement
setting spec, defl, and gains
GetExtractionLens ===>> 26.13
GetYSymmetry ===>> -2.81
GetZSymmetry ===>> -50.72
GetZFocus ===>> 74.64
GetDeflection H2 ===>> 0
GetDeflection H1 ===>> 0
GetDeflection AX ===>> 190
GetDeflection L1 ===>> 400
GetDeflection L2 ===>> 825
GetDeflection CDD ===>> 50
GetGain H2 ===>> 0.0113
GetGain H1 ===>> 0.1
GetGain AX ===>> 0.097049
GetGain L1 ===>> 0.010355
GetGain L2 ===>> 0.095649
GetGain CDD ===>> 0
pre measurement save
New frame /Users/jan/PychronDev/data/isotopes/c4/d0bb97-ffc4-4ab9-8d1d-6c1560637e9b.h5
flush and close file /Users/jan/PychronDev/data/isotopes/c4/d0bb97-ffc4-4ab9-8d1d-6c1560637e9b.h5
testing...
no interpolation path defined
executed 226.132928
unknown measurement script
activate_detectors ('H2', 'H1', 'AX', 'L1', 'L2', 'CDD') {}
activate detectors
*************** Set Analysis View Ar/Ar
create graphs
clearing graphs
clear isotope group
setting isotope det=H2, iso=PM41
setting isotope det=H1, iso=Ar40
setting isotope det=AX, iso=Ar39
setting isotope det=L1, iso=Ar38
setting isotope det=L2, iso=Ar37
setting isotope det=CDD, iso=Ar36
setting previous blanks
 - setting Ar40 blank 0.089+/-0.006
 - setting Ar36 blank 0.00371+/-0.00016
 - setting Ar37 blank 0.047+/-0.005
 - setting Ar38 blank 0.0074+/-0.0023
 - setting PM41 blank 0.02+/-0.07
 - setting Ar39 blank 0.023+/-0.008
load analysis view
position_magnet ('Ar40',) {'detector': 'H1'}
detector Detector(H1)
POSITION Ar40 H1
setting detector H2 to PM41 (40.9624)
setting detector H1 to Ar40 (39.9624)
setting detector AX to Ar39 (38.9624)
setting detector L1 to Ar38 (37.9624)
setting detector L2 to Ar37 (36.9624)
setting detector CDD to Ar36 (35.9624)
Mapping mass to dac mass func: "parabolic"
H1 map mass coeffs = [-0.00063987  0.15840543  0.57068999]
H1 map mass to dac 39.9624 >> 5.87908
GetDeflection H1 ===>> 0
GetHighVoltage ===>> 4500
positioning Ar40 (5.87908) on H1
setting magnet DAC
current  : 5.879080
requested: 5.879080
Delta Dac: 0.000000
Checking detector protection. dv=0.00000
Checking detector "CDD". Protection Threshold: 0.1 (V)
SetMagnetDAC 5.87908 ===>> OK
Magnet settling time: 0.500
equilibrate () {'delay': 3, 'inlet': 'R', 'outlet': 'O', 'eqtime': 12.0}
Equilibration Started
12:06:42 -- ******* Equilibration Started *******
checking ownership. requestor=129.138.12.150
check software interlocks O
interlocks []
actuate state mode=None-script, software_lock=False
doing actuation None-script close_channel True
Close O ===>> OK
set states for children of O. state=False
handle state [('O', False)]
update switch state O False args=() kw={'refresh': False} ncanvase=3
refresh_canvas_needed fired
GetIndicatorState O ===>> False
change switch state (True, True)
update switch state O False args=() kw={} ncanvase=3
12:06:42 -- CLOSE  VALVE-O (Jan Ion Pump)
waiting 3s before opening inlet value ('R',)
Get Checksum: -423938523
checking ownership. requestor=129.138.12.150
check software interlocks R
interlocks []
actuate state mode=None-script, software_lock=False
doing actuation None-script open_channel True
Open R ===>> OK
GetIndicatorState R ===>> OK
change switch state (True, True)
update switch state R True args=() kw={} ncanvase=3
12:06:46 -- OPEN   VALVE-R (Jan Inlet)
equilibrating for 12.0sec
set_time_zero () {}
sniff (12.0,) {}
py_sniff
build tables- sniff [Detector(H2), Detector(H1), Detector(AX), Detector(L1), Detector(L2), Detector(CDD)]
add group /sniff/PM41 (Group) '' table H2
add group /sniff/Ar40 (Group) '' table H1
add group /sniff/Ar39 (Group) '' table AX
add group /sniff/Ar38 (Group) '' table L1
add group /sniff/Ar37 (Group) '' table L2
add group /sniff/Ar36 (Group) '' table CDD
flush and close file /Users/jan/PychronDev/data/isotopes/c4/d0bb97-ffc4-4ab9-8d1d-6c1560637e9b.h5
measuring sniff. ncounts=12.0
Get Checksum: -173909521
starting measurement
GetData ===>> H2,0.274964455158759,H1,75.6985591355052,AX,20.2676060606364,L1,0.0473596511933179,L2,0.435870742...
GetData ===>> H2,1.01705196821484,H1,403.62032936077,AX,103.868282562266,L1,0.693346771420275,L2,1.151814419511...
GetData ===>> H2,0.510134650578131,H1,546.872880790725,AX,136.122861713868,L1,1.24521939273929,L2,1.09895361830...
Get Checksum: -173909521
GetData ===>> H2,0.186977085453622,H1,592.145569935491,AX,145.240540453259,L1,1.50872301014249,L2,1.10035216347...
GetData ===>> H2,0.016555344012893,H1,608.720773330262,AX,148.177176782938,L1,1.70240597225227,L2,1.19161048822...
GetData ===>> H2,-0.0712363625615603,H1,615.382080940704,AX,149.336886447373,L1,1.76977751532427,L2,1.206296454...
Get Checksum: -173909521
GetData ===>> H2,-0.113567804070895,H1,617.988628834939,AX,149.838449536812,L1,1.8339856643502,L2,1.12197488316...
GetData ===>> H2,-0.0293302427130055,H1,619.338468433846,AX,150.171220976676,L1,1.85446169920647,L2,1.182955874...
GetData ===>> H2,-0.0564454456982894,H1,619.771453551954,AX,149.991913151477,L1,1.88140702588745,L2,1.232670323...
Get Checksum: -173909521
GetData ===>> H2,-0.0347231861014999,H1,619.783034217308,AX,149.840009522264,L1,1.92465164440701,L2,1.157893553...
GetData ===>> H2,-0.146990952275865,H1,619.936789995333,AX,149.967360179372,L1,1.93839388824642,L2,1.1234196283...
Equilibration Finished
12:06:58 -- ******* Equilibration Finished *******
checking ownership. requestor=129.138.12.150
check software interlocks R
interlocks []
actuate state mode=None-script, software_lock=False
doing actuation None-script close_channel True
GetData ===>> H2,-0.147382677783468,H1,619.561878295139,AX,149.873840050101,L1,1.92784831177635,L2,1.1672538764...
Close R ===>> OK
set states for children of R. state=False
handle state [('R', False)]
update switch state R False args=() kw={'refresh': False} ncanvase=3
refresh_canvas_needed fired
GetIndicatorState R ===>> False
change switch state (True, True)
update switch state R False args=() kw={} ncanvase=3
12:06:59 -- CLOSE  VALVE-R (Jan Inlet)
Post Equilibration Started jan_pump_extraction_line.py
12:06:59 -- ******* Post Equilibration Started jan_pump_extraction_line.py *******
testing...
no interpolation path defined
calculate duration
testing...
no interpolation path defined
executed 4.0
executed 4.0
Get Checksum: -423938523
Pump after analysis
doing GOSUB
testing...
no interpolation path defined
executed 4.0
Pump Microbone
close () {'description': 'Jan Inlet'}
closing name=--- desc=Jan Inlet
checking ownership. requestor=129.138.12.150
check software interlocks R
interlocks []
actuate state mode=None-script, software_lock=False
doing actuation None-script close_channel False
Close R ===>> OK
measurement finished
estimated time: 12.583 actual time: :12.666
flush and close file /Users/jan/PychronDev/data/isotopes/c4/d0bb97-ffc4-4ab9-8d1d-6c1560637e9b.h5
set_fits () {}
using default fits file=/Users/jan/PychronDev/scripts/measurement/fits/nominal_linear.yaml
set "Ar40" to "('Linear', 'SEM')"
No fit for "PM41". defaulting to linear. check the measurement script "jan_unknown120_60.py"
set "PM41" to "linear"
set "Ar36" to "('Linear', 'SEM')"
set "Ar37" to "('linear', 'SEM')"
set "Ar38" to "('linear', 'SEM')"
set "Ar39" to "('Linear', 'SEM')"
set_baseline_fits () {}
using default fits file=/Users/jan/PychronDev/scripts/measurement/fits/nominal_linear.yaml
GetIndicatorState R ===>> False
change switch state (True, True)
update switch state R False args=() kw={} ncanvase=3
set "H1" to "('average', 'SEM')"
set "H2" to "('average', 'SEM')"
set "CDD" to "('average', 'SEM')"
set "L2" to "('average', 'SEM')"
set "L1" to "('average', 'SEM')"
set "AX" to "('average', 'SEM')"
multicollect () {'integration_time': 1, 'ncounts': 120}
build tables- signal [Detector(H2), Detector(H1), Detector(AX), Detector(L1), Detector(L2), Detector(CDD)]
add group /signal/PM41 (Group) '' table H2
12:06:59 -- CLOSE  VALVE-R (Jan Inlet)
add group /signal/Ar40 (Group) '' table H1
---------------------------------------- close None (Jan Inlet) result=[(True, True)]
add group /signal/Ar39 (Group) '' table AX
add group /signal/Ar38 (Group) '' table L1
add group /signal/Ar37 (Group) '' table L2
add group /signal/Ar36 (Group) '' table CDD
flush and close file /Users/jan/PychronDev/data/isotopes/c4/d0bb97-ffc4-4ab9-8d1d-6c1560637e9b.h5
measuring signal. ncounts=120
action=close, ok=True, locked=[False]
is_closed ('F',) {}
is F () closed?
is closed True
open () {'description': 'CO2 Laser to Jan'}
opening name=--- desc=CO2 Laser to Jan
checking ownership. requestor=129.138.12.150
check software interlocks A
interlocks []
actuate state mode=None-script, software_lock=False
doing actuation None-script open_channel False
Open A ===>> OK
GetIndicatorState A ===>> OK
change switch state (True, True)
update switch state A True args=() kw={} ncanvase=3
12:06:59 -- OPEN   VALVE-A (CO2 Laser to Jan)
---------------------------------------- open None (CO2 Laser to Jan) result=[(True, True)], time=0.11 sec
starting measurement
GetData ===>> H2,-0.000996063792053121,H1,619.792367396627,AX,150.053441883053,L1,1.93424311063635,L2,1.1572397...
action=open, ok=True, locked=[False]
sleep (1,) {}
SLEEP 1.0
GetData ===>> H2,0.0569202676166748,H1,619.67251592657,AX,150.01076374658,L1,1.91464810152269,L2,1.223656527848...
close () {'description': 'CO2 Laser to Roughing'}
closing name=--- desc=CO2 Laser to Roughing
checking ownership. requestor=129.138.12.150
check software interlocks G
interlocks []
actuate state mode=None-script, software_lock=True
VALVE-G(CO2 Laser to Roughing) software locked
change switch state (True, False)
---------------------------------------- close None (CO2 Laser to Roughing) result=[(True, False)]
action=close, ok=True, locked=[True]
open () {'description': 'Microbone to Turbo'}
opening name=--- desc=Microbone to Turbo
checking ownership. requestor=129.138.12.150
check software interlocks U
interlocks []
actuate state mode=None-script, software_lock=False
doing actuation None-script open_channel True
Open U ===>> OK
GetIndicatorState U ===>> OK
change switch state (True, True)
update switch state U True args=() kw={} ncanvase=3
12:07:01 -- OPEN   VALVE-U (Microbone to Turbo)
---------------------------------------- open None (Microbone to Turbo) result=[(True, True)], time=0.26 sec
action=open, ok=True, locked=[False]
open () {'description': 'Microbone to Getter NP-10'}
opening name=--- desc=Microbone to Getter NP-10
checking ownership. requestor=129.138.12.150
check software interlocks M
interlocks []
actuate state mode=None-script, software_lock=False
doing actuation None-script open_channel False
Open M ===>> OK
GetIndicatorState M ===>> OK
change switch state (True, True)
update switch state M True args=() kw={} ncanvase=3
12:07:01 -- OPEN   VALVE-M (Microbone to Getter NP-10)
---------------------------------------- open None (Microbone to Getter NP-10) result=[(True, True)], time=0.14 sec
action=open, ok=True, locked=[False]
Get Checksum: -110011688
open () {'description': 'Microbone to Getter D-50'}
opening name=--- desc=Microbone to Getter D-50
checking ownership. requestor=129.138.12.150
check software interlocks K
interlocks []
actuate state mode=None-script, software_lock=False
doing actuation None-script open_channel False
GetData ===>> H2,0.0229738652581031,H1,619.356981245208,AX,150.042740549145,L1,1.94584808891769,L2,1.2391272895...
Open K ===>> OK
GetIndicatorState K ===>> OK
change switch state (True, True)
update switch state K True args=() kw={} ncanvase=3
12:07:02 -- OPEN   VALVE-K (Microbone to Getter D-50)
---------------------------------------- open None (Microbone to Getter D-50) result=[(True, True)], time=0.40 sec
action=open, ok=True, locked=[False]
open () {'description': 'Microbone to CO2 Laser'}
opening name=--- desc=Microbone to CO2 Laser
checking ownership. requestor=129.138.12.150
check software interlocks T
interlocks []
actuate state mode=None-script, software_lock=False
doing actuation None-script open_channel False
Open T ===>> OK
GetData ===>> H2,-0.0723590561075525,H1,618.65575563382,AX,149.937783109039,L1,1.95476077976715,L2,1.2240464201...
GetIndicatorState T ===>> OK
change switch state (True, True)
update switch state T True args=() kw={} ncanvase=3
12:07:03 -- OPEN   VALVE-T (Microbone to CO2 Laser)
---------------------------------------- open None (Microbone to CO2 Laser) result=[(True, True)], time=0.70 sec
action=open, ok=True, locked=[False]
open () {'description': 'Microbone to Inlet Pipette'}
opening name=--- desc=Microbone to Inlet Pipette
checking ownership. requestor=129.138.12.150
check software interlocks S
interlocks []
actuate state mode=None-script, software_lock=False
doing actuation None-script open_channel False
Open S ===>> OK
GetIndicatorState S ===>> OK
change switch state (True, True)
update switch state S True args=() kw={} ncanvase=3
12:07:04 -- OPEN   VALVE-S (Microbone to Inlet Pipette)
---------------------------------------- open None (Microbone to Inlet Pipette) result=[(True, True)], time=0.41 sec
GetData ===>> H2,-0.162332490602311,H1,618.626380239521,AX,149.916219695413,L1,1.94914542012308,L2,1.1765943702...
action=open, ok=True, locked=[False]
sleep (1,) {}
SLEEP 1.0
GetData ===>> H2,-0.196735511888764,H1,618.523167083629,AX,149.914104572559,L1,1.91760284786356,L2,1.1586391340...
set_resource () {'name': 'CO2PumpTimeFlag', 'value': 30}
Set CO2PumpTimeFlag 30 ===>> OK
release ('JanCO2Flag',) {}
release JanCO2Flag
Set JanCO2Flag 0 ===>> OK
executed 6.0
PumpMicrobone.py completed successfully
gosub finished
get_resource_value () {'name': 'JanMiniboneFlag'}
Read JanMiniboneFlag ===>> 0
Get Resource Value JanMiniboneFlag=0.0
get resource value 0.0
get_resource_value () {'name': 'JanMiniboneFlag'}
Read JanMiniboneFlag ===>> 0
Get Resource Value JanMiniboneFlag=0.0
executed 4.0
jan_pump_extraction_line.py completed successfully
Post Equilibration Finished
12:07:05 -- ******* Post Equilibration Finished *******
Get Checksum: -110011688
GetData ===>> H2,-0.133042112499654,H1,618.088685373507,AX,149.739402704866,L1,1.92347678646249,L2,1.0948956597...
GetData ===>> H2,-0.161926056161385,H1,617.818239241488,AX,149.68315217152,L1,1.89536008514715,L2,1.14923377124...
Get Checksum: -110011688
GetData ===>> H2,-0.0547402530157185,H1,617.549873165216,AX,149.722695958407,L1,1.92161882136516,L2,1.163904244...
GetData ===>> H2,-0.0507957621008328,H1,617.293054669967,AX,149.914392063461,L1,1.95953858334395,L2,1.198316916...
GetData ===>> H2,-0.0526982981060578,H1,617.056119795252,AX,149.63457109882,L1,1.95216335402171,L2,1.1165744803...
GetData ===>> H2,-0.123572527474229,H1,616.649548323729,AX,149.367597196678,L1,1.89645788372474,L2,1.1408385410...
GetData ===>> H2,-0.0969723730256377,H1,616.602473626123,AX,149.357797042836,L1,1.88633628287058,L2,1.109397344...
Get Checksum: -110011688
GetData ===>> H2,-0.214585273315657,H1,616.592446004814,AX,149.603940871039,L1,1.94604542741336,L2,1.2312138391...
GetData ===>> H2,-0.229116765055342,H1,616.422180472524,AX,149.504405944103,L1,1.96277604739693,L2,1.2782453444...
GetData ===>> H2,-0.0408382567313916,H1,615.982340474373,AX,149.251794249627,L1,1.92321922806384,L2,1.187128332...
Get Checksum: -110011688
GetData ===>> H2,-0.0640688871861922,H1,615.818778539173,AX,149.084110467895,L1,1.91133152703568,L2,1.120243510...
GetData ===>> H2,-0.19321772848553,H1,615.743367465081,AX,149.328051459701,L1,1.88980842327896,L2,1.19750294859...
GetData ===>> H2,-0.0791538682635437,H1,615.674022986149,AX,149.115591480602,L1,1.8929665806689,L2,1.0924655517...
Get Checksum: -110011688
GetData ===>> H2,-0.0501361782743663,H1,615.391877976815,AX,149.266506123108,L1,1.821927549046,L2,1.10245001935...
GetData ===>> H2,-0.155183329437689,H1,614.93443746319,AX,149.066416450673,L1,1.87417694917401,L2,1.21884034158...
GetData ===>> H2,-0.159807229942241,H1,614.886295700135,AX,148.981336482332,L1,1.87621296232545,L2,1.1808811756...
Get Checksum: -110011688
GetData ===>> H2,-0.11254721922506,H1,614.452056912418,AX,148.887977525131,L1,1.87998294201746,L2,1.10090241633...
GetData ===>> H2,-0.107845408188996,H1,614.218788755895,AX,148.874479203876,L1,1.91986544634433,L2,1.0782070986...
12:07:25 -- collecting point 25
GetData ===>> H2,-0.0753333871938123,H1,613.807004551254,AX,148.683459608526,L1,1.89969413697256,L2,1.152858168...
Get Checksum: -110011688
GetData ===>> H2,-0.0498348741853361,H1,613.734140560972,AX,148.739893617762,L1,1.90350132754926,L2,1.117835693...
GetData ===>> H2,-0.0834701858730991,H1,613.712846558513,AX,148.667149320508,L1,1.87584430058132,L2,1.094276664...
GetData ===>> H2,-0.0112907497018071,H1,613.719588730322,AX,148.553961380555,L1,1.87893435653137,L2,1.193926159...
Get Checksum: -110011688
GetData ===>> H2,-0.0916125644128926,H1,613.074697225819,AX,148.724118701747,L1,1.84866133668123,L2,1.286139711...
GetData ===>> H2,-0.190552695687928,H1,612.696385631789,AX,148.689026335018,L1,1.88660787344024,L2,1.1382696552...
GetData ===>> H2,-0.141798635748002,H1,612.561712859077,AX,148.696071165988,L1,1.87387262904471,L2,1.0618308244...
Get Checksum: -110011688
GetData ===>> H2,-0.202599593520036,H1,612.550427563433,AX,148.466840300529,L1,1.89314249801575,L2,1.1610594431...
GetData ===>> H2,-0.213287078955993,H1,612.171938341971,AX,148.341481900447,L1,1.90789774246834,L2,1.1311941055...
Get Checksum: -110011688
GetData ===>> H2,-0.104140567978582,H1,612.113879255927,AX,148.320023035613,L1,1.88071530500304,L2,1.2102062108...
GetData ===>> H2,-0.108428492482418,H1,611.684369890857,AX,148.312479249005,L1,1.91456662062545,L2,1.1957947857...
GetData ===>> H2,-0.0579388056291772,H1,611.086058970928,AX,148.438088906233,L1,1.86728589833188,L2,1.263353372...
Get Checksum: -110011688
GetData ===>> H2,-0.00801444036007092,H1,610.81158463688,AX,148.349186387219,L1,1.87735182462145,L2,1.179723490...
GetData ===>> H2,-0.0278359011397505,H1,611.115118635049,AX,148.311579741038,L1,1.87144099369812,L2,1.158065609...
GetData ===>> H2,-0.0455085172521987,H1,610.664816193983,AX,148.050794019823,L1,1.87669709560982,L2,1.112458453...
Get Checksum: -110011688
GetData ===>> H2,-0.201827148649893,H1,610.784046506654,AX,147.939621824452,L1,1.8764281300455,L2,1.09864410695...
GetData ===>> H2,-0.207167128916622,H1,610.460635499012,AX,147.856446725168,L1,1.85096565472152,L2,1.1746573470...
GetData ===>> H2,-0.206076964216638,H1,610.082376566887,AX,147.820057562363,L1,1.87993175717847,L2,1.0749751707...
Get Checksum: -110011688
GetData ===>> H2,-0.122827381405881,H1,609.855761055003,AX,147.840139015801,L1,1.89642505323332,L2,1.0875367477...
GetData ===>> H2,-0.11078195944193,H1,609.276974567887,AX,147.803528864494,L1,1.87615129918102,L2,1.14539160094...
GetData ===>> H2,-0.195400196122324,H1,609.366231266563,AX,147.695057504835,L1,1.87329811656385,L2,1.1657740589...
Get Checksum: -110011688
GetData ===>> H2,-0.344958142286959,H1,609.432963409823,AX,147.79536713297,L1,1.87951047561981,L2,1.23811800171...
GetData ===>> H2,-0.252410346006202,H1,608.68601628286,AX,147.584142398921,L1,1.89258193536077,L2,1.16588877266...
GetData ===>> H2,-0.137136631821224,H1,608.515579296476,AX,147.411138056738,L1,1.86976119697158,L2,1.0708265431...
Get Checksum: -110011688
GetData ===>> H2,-0.193770337551933,H1,608.486658416489,AX,147.490394267061,L1,1.8557762792934,L2,1.19271099817...
12:07:51 -- collecting point 50
GetData ===>> H2,-0.109861316344517,H1,608.433834948942,AX,147.591911049934,L1,1.85539879654634,L2,1.1310794331...
GetData ===>> H2,0.0145870682075449,H1,608.203130273657,AX,147.539866468503,L1,1.87810632016827,L2,1.1554159732...
Get Checksum: -110011688
GetData ===>> H2,-0.000577418591056999,H1,607.741708417156,AX,147.364628509172,L1,1.85724045822416,L2,1.1484767...
GetData ===>> H2,-0.0517077163142799,H1,607.293054944667,AX,147.332911472412,L1,1.81807701164982,L2,1.255564113...
GetData ===>> H2,-0.162794268854731,H1,606.869822946316,AX,147.323678761916,L1,1.8176517291834,L2,1.13598753292...
Get Checksum: -110011688
GetData ===>> H2,-0.298500965165762,H1,606.693109905693,AX,147.225125679218,L1,1.85407639843111,L2,1.1239126812...
GetData ===>> H2,-0.247343885857898,H1,606.607942695178,AX,147.172795419445,L1,1.84941585268654,L2,1.1237636184...
Get Checksum: -110011688
GetData ===>> H2,-0.234723430853471,H1,605.98470691499,AX,147.013328054767,L1,1.88705004246341,L2,1.08435035305...
GetData ===>> H2,-0.224708613057671,H1,606.068556867123,AX,146.890037405314,L1,1.90111423801264,L2,1.1270889198...
GetData ===>> H2,-0.1021225591167,H1,605.991481920412,AX,146.907886238446,L1,1.8353919491324,L2,1.1398981373791...
Get Checksum: -110011688
GetData ===>> H2,-0.126272764995597,H1,606.070959269717,AX,146.936322040828,L1,1.83012127233951,L2,1.1739811173...
GetData ===>> H2,-0.115393528777606,H1,605.547026423973,AX,146.992576587332,L1,1.83474377875728,L2,1.1963909197...
GetData ===>> H2,-0.114134906403921,H1,605.209479462642,AX,146.824462998115,L1,1.81654999707565,L2,1.1505642301...
Get Checksum: -110011688
GetData ===>> H2,-0.0305228584104737,H1,605.524649798813,AX,146.789212995039,L1,1.8525877440471,L2,1.1997614385...
GetData ===>> H2,-0.0545557458945711,H1,605.504243016132,AX,146.709438913616,L1,1.85596240402798,L2,1.109317091...
GetData ===>> H2,-0.16829365415041,H1,604.92619577217,AX,146.662987332519,L1,1.85731911256415,L2,1.146699068543...
Get Checksum: -110011688
GetData ===>> H2,-0.181237002449952,H1,604.708828307391,AX,146.690889305537,L1,1.88354729097078,L2,1.1640877829...
GetData ===>> H2,-0.183966281599604,H1,604.203911170866,AX,146.678381661735,L1,1.85580642604368,L2,1.1028168622...
GetData ===>> H2,-0.229376568849218,H1,603.757814144347,AX,146.344793878478,L1,1.8374257500301,L2,1.11329540280...
Get Checksum: -110011688
GetData ===>> H2,-0.251459633401285,H1,603.644004916751,AX,146.266793146456,L1,1.83345148043235,L2,1.2586499155...
GetData ===>> H2,-0.0635469893607429,H1,603.375232830215,AX,146.250902930052,L1,1.83946778716124,L2,1.109982042...
GetData ===>> H2,-0.141295896536748,H1,603.142204921162,AX,146.283965186078,L1,1.80837943391231,L2,1.1624015365...
Get Checksum: -110011688
GetData ===>> H2,-0.161009162144184,H1,602.944728346511,AX,146.314500665084,L1,1.82847748516828,L2,1.2308468543...
GetData ===>> H2,-0.083352342081224,H1,602.747829370726,AX,146.167473124685,L1,1.82372418900029,L2,1.0921560612...
GetData ===>> H2,-0.0394526426322752,H1,602.482138814641,AX,146.106577077205,L1,1.83092755086154,L2,1.078871834...
Get Checksum: -110011688
12:08:17 -- collecting point 75
GetData ===>> H2,-0.0367542150443916,H1,602.579928284564,AX,146.218273702568,L1,1.83626409324331,L2,1.158260607...
GetData ===>> H2,-0.159786971565581,H1,602.340456308998,AX,146.001309142015,L1,1.84006252486717,L2,1.1769267627...
GetData ===>> H2,-0.106296233758621,H1,602.128602862122,AX,145.869138735969,L1,1.85493351445994,L2,1.0691419305...
Get Checksum: -110011688
GetData ===>> H2,-0.198379487270558,H1,601.59904136714,AX,146.173383169267,L1,1.81904933467924,L2,1.13401508892...
GetData ===>> H2,-0.0507876193235363,H1,601.22022267686,AX,145.9215882089,L1,1.81272488796771,L2,1.170615097011...
Get Checksum: -110011688
GetData ===>> H2,-0.0959038638625159,H1,600.992586894548,AX,145.66322656537,L1,1.84574855240179,L2,1.1932841854...
GetData ===>> H2,-0.0910882321110214,H1,600.696622838234,AX,145.760226907656,L1,1.86910691931,L2,1.171494008274...
GetData ===>> H2,-0.0933222345512888,H1,600.512374673419,AX,145.760855669419,L1,1.84955340024653,L2,1.116264912...
Get Checksum: -110011688
GetData ===>> H2,-0.18675424280042,H1,600.442678815374,AX,145.652396286525,L1,1.82529269324039,L2,1.12672198437...
GetData ===>> H2,-0.118094359201191,H1,600.397301273842,AX,145.576015750432,L1,1.83460236484747,L2,1.1204957618...
GetData ===>> H2,-0.0193171284838357,H1,600.173393162691,AX,145.631001413257,L1,1.83815397631624,L2,1.203326979...
Get Checksum: -110011688
GetData ===>> H2,-0.0672735077894664,H1,599.802955910803,AX,145.39986768368,L1,1.82281118459958,L2,1.0609599460...
GetData ===>> H2,-0.106717034787204,H1,599.857644200944,AX,145.472724127938,L1,1.81109268903522,L2,1.1144533859...
GetData ===>> H2,-0.198949900345152,H1,599.108257921384,AX,145.375352784611,L1,1.80826176573428,L2,1.1295313695...
Get Checksum: -110011688
GetData ===>> H2,-0.232391471240139,H1,598.912965536346,AX,145.320946588016,L1,1.81448683660945,L2,1.1561385941...
GetData ===>> H2,-0.177162771294429,H1,598.706247951301,AX,145.191958659854,L1,1.79810001061349,L2,1.1623785946...
GetData ===>> H2,-0.0588949414070981,H1,598.541333946185,AX,145.0998567641,L1,1.82272224266959,L2,1.14400386968...
Get Checksum: -110011688
GetData ===>> H2,-0.0585870880146787,H1,598.701343777473,AX,145.248844692173,L1,1.86650199504837,L2,0.998632410...
GetData ===>> H2,-0.168124959631324,H1,598.488781109237,AX,145.203581384914,L1,1.888082714039,L2,1.048905965290...
GetData ===>> H2,-0.151998616210203,H1,598.258528802736,AX,145.184649304395,L1,1.87597287160246,L2,1.1973883058...
Get Checksum: -110011688
GetData ===>> H2,-0.215533238094798,H1,598.130533705346,AX,145.029388068449,L1,1.86010514987463,L2,1.1486717725...
GetData ===>> H2,-0.0654284203083853,H1,597.885690875405,AX,145.105303565386,L1,1.80433368019604,L2,1.064271617...
GetData ===>> H2,-0.155550824943529,H1,597.570990091634,AX,145.141491768308,L1,1.79619401243535,L2,1.1731788170...
Get Checksum: -110011688
GetData ===>> H2,-0.131791015171,H1,597.123122537417,AX,145.237968246923,L1,1.83814873710587,L2,1.1630209705617...
GetData ===>> H2,-0.257535015183338,H1,596.705151434504,AX,144.987984010374,L1,1.82972469925909,L2,1.0336916903...
12:08:44 -- collecting point 100
GetData ===>> H2,-0.17345044543387,H1,596.804557828096,AX,144.803141732674,L1,1.79339836334224,L2,1.11727387850...
Get Checksum: -110011688
GetData ===>> H2,-0.129561670723278,H1,596.804225323908,AX,144.830424085005,L1,1.80155727486081,L2,1.1653610906...
GetData ===>> H2,-0.172454889959421,H1,596.538340499922,AX,144.556284417974,L1,1.77256052083031,L2,1.1489470368...
Get Checksum: -110011688
GetData ===>> H2,-0.107814291480574,H1,596.201603530599,AX,144.644555554338,L1,1.81945111374988,L2,1.0830551940...
GetData ===>> H2,-0.17073606928879,H1,595.899750163862,AX,144.699814336133,L1,1.84071493936697,L2,1.11154125685...
GetData ===>> H2,-0.278899277679639,H1,595.856004037019,AX,144.686346761582,L1,1.83597468039124,L2,1.1216996960...
Get Checksum: -110011688
GetData ===>> H2,-0.202436481282712,H1,595.513313857716,AX,144.507145692628,L1,1.83201795344177,L2,1.1728922828...
GetData ===>> H2,-0.157605607818026,H1,595.031329539894,AX,144.230897219378,L1,1.81814636696817,L2,1.1136278915...
GetData ===>> H2,-0.202187090256964,H1,594.680288201318,AX,144.351028763102,L1,1.79398775601808,L2,1.2069270494...
GetData ===>> H2,-0.158806422841858,H1,594.290060769145,AX,144.390752265368,L1,1.80883181443443,L2,1.1350815797...
GetData ===>> H2,-0.198391624018401,H1,594.289776677286,AX,144.227039142691,L1,1.79151016773987,L2,1.0800752482...
Get Checksum: -110011688
GetData ===>> H2,-0.0982696166738947,H1,594.143000025151,AX,144.110247668538,L1,1.81618888329404,L2,1.159877957...
GetData ===>> H2,-0.103271690598551,H1,594.124489540133,AX,144.247744510146,L1,1.7719169206032,L2,1.15869648660...
GetData ===>> H2,-0.187881641214973,H1,593.526613316506,AX,144.124801826639,L1,1.77971055030239,L2,1.1484194477...
Get Checksum: -110011688
GetData ===>> H2,-0.177382782129313,H1,593.380078298328,AX,144.064534347909,L1,1.81593637238058,L2,1.0239663555...
GetData ===>> H2,-0.0954257784379165,H1,592.923623901788,AX,143.858868621442,L1,1.85016125006776,L2,1.095709530...
GetData ===>> H2,-0.246236681962274,H1,592.760804174391,AX,144.028742525003,L1,1.86137843996216,L2,1.1112775644...
Get Checksum: -110011688
GetData ===>> H2,-0.217897775567205,H1,592.958838150554,AX,143.880940797645,L1,1.87121280953958,L2,1.0754565148...
GetData ===>> H2,-0.160356893407787,H1,592.612809543506,AX,143.815896424656,L1,1.84381978146791,L2,1.1518258892...
GetData ===>> H2,-0.128708782600078,H1,592.531687819945,AX,143.647982705792,L1,1.84327905307462,L2,1.0333823889...
Get Checksum: -110011688
GetData ===>> H2,-0.139018425045451,H1,592.228682461561,AX,143.645643791295,L1,1.81711262554978,L2,1.1596141327...
measurement finished
estimated time: 125.829 actual time: :126.130
flush and close file /Users/jan/PychronDev/data/isotopes/c4/d0bb97-ffc4-4ab9-8d1d-6c1560637e9b.h5
baselines () {'settling_time': 15.0, 'detector': 'H1', 'mass': 34.2, 'ncounts': 60}
%%%%%%%%%%%%%%%%%%%%%%%%%%%%%%%% Baseline
build tables- baseline [Detector(H2), Detector(H1), Detector(AX), Detector(L1), Detector(L2), Detector(CDD)]
add group baseline table H2
add group baseline table H1
add group baseline table AX
add group baseline table L1
add group baseline table L2
add group baseline table CDD
flush and close file /Users/jan/PychronDev/data/isotopes/c4/d0bb97-ffc4-4ab9-8d1d-6c1560637e9b.h5
detector Detector(H1)
POSITION 34.2 H1
Mapping mass to dac mass func: "parabolic"
H1 map mass coeffs = [-0.00063987  0.15840543  0.57068999]
H1 map mass to dac 34.2 >> 5.23973599104
GetDeflection H1 ===>> 0
GetHighVoltage ===>> 4500
positioning 34.2 (5.23973599104) on H1
setting magnet DAC
current  : 5.879080
requested: 5.239736
Delta Dac: 0.639344
Checking detector protection. dv=0.63934
Checking detector "CDD". Protection Threshold: 0.1 (V)
ProtectDetector CDD,On ===>> OK
GetDeflection CDD ===>> 2000
SetMagnetDAC 5.23973599104 ===>> OK
Magnet settling time: 0.500
GetMagnetMoving ===>> True
GetMagnetMoving ===>> True
GetMagnetMoving ===>> True
Get Checksum: -110011688
GetMagnetMoving ===>> True
GetMagnetMoving ===>> True
GetMagnetMoving ===>> True
GetMagnetMoving ===>> True
GetMagnetMoving ===>> True
GetMagnetMoving ===>> False
ProtectDetector CDD,Off ===>> OK
GetDeflection CDD ===>> 50
Delaying 15.0s for detectors to settle
Get Checksum: -110011688
Get Checksum: -110011688
Get Checksum: -110011688
Get Checksum: -110011688
Get Checksum: -110011688
Join finished
measuring baseline. ncounts=60
starting measurement
GetData ===>> H2,-0.121308538421942,H1,0.00678500794395478,AX,-0.0310963194959747,L1,-0.0623247156113239,L2,0.0...
GetData ===>> H2,-0.14843891843524,H1,-0.0498039570527407,AX,-0.0819362096715808,L1,-0.062976657321106,L2,-0.02...
Get Checksum: -110011688
GetData ===>> H2,-0.266525445783192,H1,-0.100200224862123,AX,-0.0892150963450268,L1,-0.0128503074715311,L2,-0.0...
GetData ===>> H2,-0.147277318460081,H1,-0.0882828693470781,AX,-0.0855989022406732,L1,-0.0151715983431448,L2,-0....
Get Checksum: -110011688
GetData ===>> H2,-0.129027778371647,H1,-0.0385960393180838,AX,-0.0405242845211621,L1,-0.0026999950115393,L2,-0....
GetData ===>> H2,-0.147813560212399,H1,-0.0680320273094502,AX,-0.0972467390104019,L1,-0.0523892109826003,L2,-0....
GetData ===>> H2,-0.0937123609555084,H1,-0.0680201068311124,AX,-0.0543920541029104,L1,-0.033584294498833,L2,-0....
Get Checksum: -110011688
GetData ===>> H2,-0.0431246264840489,H1,-0.024906368993549,AX,-0.0219226011089799,L1,-0.017344909447181,L2,0.06...
GetData ===>> H2,-0.228068066220824,H1,-0.010201004857424,AX,-0.0062290149253335,L1,-0.0592522442803678,L2,-0.0...
GetData ===>> H2,-0.329407022593285,H1,-0.0389776060920387,AX,-0.0342158825822599,L1,-0.0419175879867739,L2,0.0...
Get Checksum: -110011688
GetData ===>> H2,-0.173094321820642,H1,-0.0570526651743506,AX,-0.0613483848210483,L1,-0.0375337174848979,L2,0.0...
GetData ===>> H2,-0.0975654944462779,H1,-0.0321211063326164,AX,-0.0911738120350951,L1,-0.032028836403632,L2,-0....
GetData ===>> H2,-0.103555910138752,H1,0.0557671425939656,AX,-0.0773692416247325,L1,-0.0305845236030568,L2,-0.0...
Get Checksum: -110011688
GetData ===>> H2,-0.163615161508341,H1,-0.014888350626596,AX,-0.182483950047768,L1,-0.0662871500162174,L2,-0.07...
GetData ===>> H2,-0.120925752520395,H1,-0.0549067207709751,AX,-0.0892150963450268,L1,-0.00999237007797772,L2,-0...
GetData ===>> H2,-0.228314431690413,H1,-0.0225927728449314,AX,-0.00593901354319147,L1,0.017895678097422,L2,-0.0...
Get Checksum: -110011688
GetData ===>> H2,-0.228314431690413,H1,-0.0225927728449314,AX,-0.00593901354319147,L1,0.017895678097422,L2,-0.0...
GetData ===>> H2,-0.232757511754707,H1,0.0392859467063246,AX,0.0414356086966877,L1,-0.041801428105831,L2,-0.008...
GetData ===>> H2,-0.240993814936314,H1,-0.0301892772368138,AX,-0.0103585408551666,L1,-0.0663672676294152,L2,0.0...
Get Checksum: -110011688
GetData ===>> H2,-0.112234528324802,H1,-0.0557770259926425,AX,-0.0668783129457019,L1,-0.023220813222879,L2,-0.1...
GetData ===>> H2,-0.168181641269945,H1,-0.0814535848854934,AX,-0.0493715931626421,L1,-0.027087852795009,L2,-0.0...
GetData ===>> H2,-0.239198084754627,H1,-0.0364139263814732,AX,-0.0538007430607255,L1,-0.0336956460092545,L2,-0....
Get Checksum: -110011688
GetData ===>> H2,-0.174047067036243,H1,0.017665204601003,AX,-0.187293705872671,L1,-0.0253228840643788,L2,-0.145...
GetData ===>> H2,-0.171668366243375,H1,0.0546094319921366,AX,-0.127814229052183,L1,-0.0392288012613076,L2,-0.05...
12:09:49 -- collecting point 25
GetData ===>> H2,-0.208207336437998,H1,0.138440438628718,AX,-0.114849131592555,L1,-0.0376391444593496,L2,-0.070...
Get Checksum: -110011688
GetData ===>> H2,-0.254318253155318,H1,-0.0365927898877015,AX,-0.104234771780905,L1,-0.0167644462454686,L2,0.03...
GetData ===>> H2,-0.169043976936556,H1,0.027126687695689,AX,-0.0150330455945361,L1,0.00701463723704515,L2,0.017...
Get Checksum: -110011688
GetData ===>> H2,-0.169605337025031,H1,-0.0703803338340635,AX,-0.0468554679642266,L1,-0.0147529541533677,L2,-0....
GetData ===>> H2,-0.17576702017426,H1,-0.00469040927428817,AX,-0.140205814347816,L1,0.00185442108395535,L2,-0.0...
GetData ===>> H2,-0.0923929211935397,H1,-0.00909175351087019,AX,-0.13817665087324,L1,0.0038124329156438,L2,-0.0...
Get Checksum: -110011688
GetData ===>> H2,-0.146577599653205,H1,-0.0603668666692812,AX,-0.131046544563479,L1,-0.0379721905915651,L2,0.09...
GetData ===>> H2,-0.091096361478577,H1,-0.0181920222544594,AX,-0.107305639035646,L1,-0.0125362617610714,L2,-0.0...
GetData ===>> H2,-0.114272955669016,H1,-0.0174525817590474,AX,-0.0524325978557298,L1,0.03245527413985,L2,-0.056...
Get Checksum: -110011688
GetData ===>> H2,-0.114272955669016,H1,-0.0174525817590474,AX,-0.0524325978557298,L1,0.03245527413985,L2,-0.056...
GetData ===>> H2,-0.134294424207613,H1,-0.0244054918889123,AX,-0.0166104952907528,L1,0.015167111435227,L2,-0.01...
GetData ===>> H2,-0.146542477494007,H1,-0.0316321901475234,AX,-0.093202026370718,L1,-0.038698144994803,L2,0.024...
Get Checksum: -110011688
GetData ===>> H2,-0.134892131172682,H1,-0.00687321393917344,AX,0.015291434309217,L1,-0.0328658680101959,L2,-0.1...
GetData ===>> H2,-0.241172833851778,H1,0.0268164609565027,AX,-0.0523514360951903,L1,-0.0282954736838184,L2,-0.0...
GetData ===>> H2,-0.241172833851778,H1,0.0268164609565027,AX,-0.0523514360951903,L1,-0.0282954736838184,L2,-0.0...
Get Checksum: -110011688
GetData ===>> H2,-0.135431663134048,H1,-0.0244174175633603,AX,0.0635231028710898,L1,0.0175005186089118,L2,0.011...
GetData ===>> H2,-0.0871295082009164,H1,0.0661035851387439,AX,-0.0394110668331841,L1,-0.0157569512741671,L2,-0....
GetData ===>> H2,-0.101130341502689,H1,-0.0226881799288535,AX,-0.0269096854976191,L1,-0.0173904815865758,L2,0.0...
Get Checksum: -110011688
GetData ===>> H2,-0.177763404277129,H1,0.00524612821821715,AX,-0.0411272721187015,L1,-0.0181795664276028,L2,-0....
GetData ===>> H2,-0.177763404277129,H1,0.00524612821821715,AX,-0.0411272721187015,L1,-0.0181795664276028,L2,-0....
GetData ===>> H2,-0.15536302541992,H1,-0.017965420102528,AX,-0.114130728930481,L1,-0.0321593652316804,L2,-0.030...
Get Checksum: -110011688
GetData ===>> H2,-0.290359075861025,H1,-0.0227478093101972,AX,-0.0836400743154398,L1,-0.0120627773746627,L2,-0....
GetData ===>> H2,-0.249594282787951,H1,-0.0361038955468683,AX,-0.129158143886447,L1,0.0067302839355508,L2,-0.01...
GetData ===>> H2,-0.178226342341551,H1,0.0255755636126899,AX,-0.0574413069484476,L1,0.00585087916500055,L2,0.06...
Get Checksum: -110011688
GetData ===>> H2,-0.154078068950189,H1,0.00864601037797748,AX,0.00671748841710172,L1,-0.0101062715322681,L2,-0....
12:10:15 -- collecting point 50
GetData ===>> H2,-0.111988159733463,H1,-0.010201004857424,AX,-0.0463104921842501,L1,0.0168951979472695,L2,-0.02...
Get Checksum: -110011688
GetData ===>> H2,-0.181354389833525,H1,-0.00740996189307881,AX,-0.0485135669944628,L1,-0.00935090097637246,L2,0...
GetData ===>> H2,-0.280587031399617,H1,0.0373289103132503,AX,-0.110202594760549,L1,-0.0160292247433467,L2,-0.09...
GetData ===>> H2,-0.281462361816192,H1,-0.03314663008378,AX,-0.0833618943708227,L1,0.0198500836461626,L2,0.0822...
Get Checksum: -110011688
GetData ===>> H2,-0.192561301675716,H1,-0.0391564650165098,AX,-0.110527048429908,L1,0.0191196898381443,L2,0.020...
GetData ===>> H2,-0.192561301675716,H1,-0.0391564650165098,AX,-0.110527048429908,L1,0.0191196898381443,L2,0.020...
GetData ===>> H2,-0.129853611361217,H1,-0.100807971951755,AX,0.0133538189212958,L1,-0.023472509621912,L2,0.0277...
Get Checksum: -110011688
GetData ===>> H2,-0.257871021839385,H1,-0.0328127397836163,AX,-0.146953927830872,L1,-0.0133621090606866,L2,-0.0...
GetData ===>> H2,-0.262786442733768,H1,-0.121513539391293,AX,-0.245687180677658,L1,-0.03441713213412,L2,-0.0052...
GetData ===>> H2,-0.33049555057139,H1,-0.0781281624541606,AX,-0.0797107088730468,L1,-0.0369586417943298,L2,-0.0...
Get Checksum: -110011688
GetData ===>> H2,-0.33049555057139,H1,-0.0781281624541606,AX,-0.0797107088730468,L1,-0.0369586417943298,L2,-0.0...
measurement finished
estimated time: 62.915 actual time: :63.094
flush and close file /Users/jan/PychronDev/data/isotopes/c4/d0bb97-ffc4-4ab9-8d1d-6c1560637e9b.h5
activate_detectors ('H1', 'AX', 'CDD') {'peak_center': True}
peak_center () {'detector': 'H1', 'integration_time': 0.262144, 'isotope': 'Ar40'}
peak center: mean=593.119062723 threshold=3
peak center started
setup peak center. detector=['H1', 'AX', 'CDD'], isotope=Ar40
VersionedUnpickler [<apptools.sweet_pickle.versioned_unpickler.VersionedUnpickler object at 0x190defdd0>] using Updater [<apptools.sweet_pickle.updater.Updater object at 0x133e38fb0>]
VersionedUnpickler [<apptools.sweet_pickle.versioned_unpickler.VersionedUnpickler object at 0x190defdd0>] using Updater [<apptools.sweet_pickle.updater.Updater object at 0x133e38fb0>]
VersionedUnpickler [<apptools.sweet_pickle.versioned_unpickler.VersionedUnpickler object at 0x193049dd0>] using Updater [<apptools.sweet_pickle.updater.Updater object at 0x133e38fb0>]
setting integration time = 0.524288
SetIntegrationTime 0.524288 ===>> OK
Mapping mass to dac mass func: "parabolic"
H1 map mass coeffs = [-0.00063987  0.15840543  0.57068999]
H1 map mass to dac 39.9624 >> 5.87908
GetDeflection H1 ===>> 0
GetHighVoltage ===>> 4500
do peak center. <pychron.spectrometer.jobs.peak_center.PeakCenter object at 0x12d6e98f0>
doing pc
starting peak center. center dac= 5.87908 step_width=0.001
width = 0.001
get scan parameters. half-width=0.015,window=0.015, i=0, scalar=1
Scan parameters center=5.87908 width=0.03000 (5.86408 - 5.89408)
GetData ===>> H2,-0.221686271635369,H1,0.0366009980006911,AX,-0.0537891486906412,L1,-0.0251766881069236,L2,-0.0...
Moving to starting dac 5.86408
setting magnet DAC
current  : 5.239736
requested: 5.864080
Delta Dac: 0.624344
Checking detector protection. dv=0.62434
Checking detector "CDD". Protection Threshold: 0.1 (V)
ProtectDetector CDD,On ===>> OK
GetDeflection CDD ===>> 2000
SetMagnetDAC 5.86408 ===>> OK
Magnet settling time: 0.500
GetMagnetMoving ===>> True
GetMagnetMoving ===>> True
GetMagnetMoving ===>> True
GetMagnetMoving ===>> True
Get Checksum: -110011688
GetMagnetMoving ===>> True
GetMagnetMoving ===>> True
GetMagnetMoving ===>> True
GetMagnetMoving ===>> True
GetMagnetMoving ===>> False
ProtectDetector CDD,Off ===>> OK
GetDeflection CDD ===>> 50
Wait until signal near baseline. tol= 0.0274507485005. timeout= 10
GetData ===>> H2,2.51274142175046,H1,1.13577996344356,AX,0.103723667537108,L1,0.00897067442796131,L2,0.01806114...
GetData ===>> H2,31.0418742604638,H1,17.5972747448493,AX,1.48659583399806,L1,-0.00261960552558218,L2,0.07570652...
GetData ===>> H2,35.1548733984229,H1,20.5520773547305,AX,3.30398002182136,L1,-0.0262073501329132,L2,-0.18013041...
GetData ===>> H2,18.9842481272449,H1,9.83928706719304,AX,1.44174090647109,L1,-0.0101014757075534,L2,0.148872734...
Get Checksum: -110011688
GetData ===>> H2,7.9425780634877,H1,4.91407921816458,AX,0.65999439182522,L1,0.00391448566088202,L2,0.1631522533...
GetData ===>> H2,2.70419534286531,H1,2.54595481685398,AX,0.308405685220054,L1,0.00401053624803786,L2,-0.0202891...
GetData ===>> H2,0.778668310697533,H1,1.41813800980699,AX,0.193735430766868,L1,0.0114478622413902,L2,-0.0822682...
GetData ===>> H2,0.232335600954056,H1,0.82162949343958,AX,0.0375129546707304,L1,-0.0127268479223138,L2,-0.15309...
GetData ===>> H2,0.0381024508258874,H1,0.546060162156237,AX,0.0231235062644639,L1,0.0216387925799344,L2,0.01496...
GetData ===>> H2,-0.0439074500118992,H1,0.45324147672885,AX,-0.00244732907555796,L1,0.0266960892323582,L2,-0.02...
GetData ===>> H2,-0.00417346079076261,H1,0.25046573889258,AX,-0.0906174944283352,L1,0.026268546253465,L2,-0.146...
GetData ===>> H2,0.0186015670380131,H1,0.324112273965116,AX,0.0347277341525963,L1,0.0354094236416016,L2,-0.0299...
GetData ===>> H2,0.0785972384398115,H1,0.377637857503843,AX,-0.125566605854777,L1,0.00938309712703878,L2,-0.080...
GetData ===>> H2,0.0804191037652996,H1,0.374865295364724,AX,-0.00954656925702818,L1,-0.0259032977036004,L2,-0.0...
Get Checksum: -110011688
GetData ===>> H2,-0.038566358377106,H1,0.30782131789342,AX,-0.0221197697621184,L1,-0.0213006888488754,L2,-0.022...
GetData ===>> H2,-0.109841007199645,H1,0.347430623063638,AX,-0.00555621039588555,L1,-0.0168876787211905,L2,-0.0...
GetData ===>> H2,-0.204323586493767,H1,0.286374799701217,AX,-0.165135719128863,L1,-0.0250413668401282,L2,0.0100...
GetData ===>> H2,-0.197113148367851,H1,0.277826130507619,AX,-0.0707270501864776,L1,-0.0167199365702589,L2,-0.11...
GetData ===>> H2,-0.131991577301179,H1,0.368555612076693,AX,0.0184822023763431,L1,-0.0115281327842547,L2,-0.108...
GetData ===>> H2,-0.0441407942775717,H1,0.276751628694982,AX,0.0148621389513986,L1,-0.0150279808166245,L2,-0.08...
Get Checksum: -110011688
GetData ===>> H2,0.0449110017041576,H1,0.239103582789446,AX,0.136091421240844,L1,-0.00311393071091034,L2,-0.043...
Peak center failed to move to a baseline position
_do_sweep sm= 5.86408, em= 5.89408, stm= 0.001
calculated step values: start=5.86408, end=5.89408, width=0.001, nsteps=31.0
setting magnet DAC
current  : 5.864080
requested: 5.864080
Delta Dac: 0.000000
Checking detector protection. dv=0.00000
Checking detector "CDD". Protection Threshold: 0.1 (V)
SetMagnetDAC 5.86408 ===>> OK
GetData ===>> H2,0.0449110017041576,H1,0.239103582789446,AX,0.136091421240844,L1,-0.00311393071091034,L2,-0.043...
setting magnet DAC
current  : 5.864080
requested: 5.865114
Delta Dac: 0.001034
Checking detector protection. dv=0.00103
Checking detector "CDD". Protection Threshold: 0.1 (V)
SetMagnetDAC 5.86511448276 ===>> OK
Magnet settling time: 1.049
GetData ===>> H2,-0.0964756115549085,H1,0.704379450998771,AX,-0.0150214466050345,L1,0.0163872689281402,L2,-0.01...
setting magnet DAC
current  : 5.865114
requested: 5.866149
Delta Dac: 0.001034
Checking detector protection. dv=0.00103
Checking detector "CDD". Protection Threshold: 0.1 (V)
SetMagnetDAC 5.86614896552 ===>> OK
Magnet settling time: 1.049
GetData ===>> H2,-0.221734790433671,H1,2.62238113523108,AX,0.294375192730563,L1,0.0084911343784384,L2,-0.043146...
setting magnet DAC
current  : 5.866149
requested: 5.867183
Delta Dac: 0.001034
Checking detector protection. dv=0.00103
Checking detector "CDD". Protection Threshold: 0.1 (V)
SetMagnetDAC 5.86718344828 ===>> OK
Magnet settling time: 1.049
Get Checksum: -110011688
GetData ===>> H2,-0.0949818338584347,H1,10.4090249823293,AX,1.56805291137248,L1,0.00454843646347149,L2,0.073017...
setting magnet DAC
current  : 5.867183
requested: 5.868218
Delta Dac: 0.001034
Checking detector protection. dv=0.00103
Checking detector "CDD". Protection Threshold: 0.1 (V)
SetMagnetDAC 5.86821793103 ===>> OK
Magnet settling time: 1.049
GetData ===>> H2,-0.0540209779004385,H1,36.9814869744417,AX,5.64082763404704,L1,0.0277313947969191,L2,-0.014528...
setting magnet DAC
current  : 5.868218
requested: 5.869252
Delta Dac: 0.001034
Checking detector protection. dv=0.00103
Checking detector "CDD". Protection Threshold: 0.1 (V)
SetMagnetDAC 5.86925241379 ===>> OK
Magnet settling time: 1.049
GetData ===>> H2,-0.0920180524140111,H1,103.714713218622,AX,17.2222334111291,L1,0.100211347120067,L2,0.01122802...
setting magnet DAC
current  : 5.869252
requested: 5.870287
Delta Dac: 0.001034
Checking detector protection. dv=0.00103
Checking detector "CDD". Protection Threshold: 0.1 (V)
SetMagnetDAC 5.87028689655 ===>> OK
Magnet settling time: 1.049
Get Checksum: -110011688
GetData ===>> H2,-0.190058449746192,H1,226.030422244043,AX,41.8282947390208,L1,0.230565299169322,L2,0.062214850...
setting magnet DAC
current  : 5.870287
requested: 5.871321
Delta Dac: 0.001034
Checking detector protection. dv=0.00103
Checking detector "CDD". Protection Threshold: 0.1 (V)
SetMagnetDAC 5.87132137931 ===>> OK
Magnet settling time: 1.049
GetData ===>> H2,-0.142699668552743,H1,368.053055671161,AX,75.174708998377,L1,0.512708999084738,L2,0.1921512481...
setting magnet DAC
current  : 5.871321
requested: 5.872356
Delta Dac: 0.001034
Checking detector protection. dv=0.00103
Checking detector "CDD". Protection Threshold: 0.1 (V)
SetMagnetDAC 5.87235586207 ===>> OK
Magnet settling time: 1.049
GetData ===>> H2,-0.213794793046624,H1,478.523299548499,AX,105.474674430057,L1,0.891969039179926,L2,0.429701509...
setting magnet DAC
current  : 5.872356
requested: 5.873390
Delta Dac: 0.001034
Checking detector protection. dv=0.00103
Checking detector "CDD". Protection Threshold: 0.1 (V)
SetMagnetDAC 5.87339034483 ===>> OK
Magnet settling time: 1.049
Get Checksum: -110011688
GetData ===>> H2,-0.260873133207661,H1,536.971656741338,AX,125.124566699749,L1,1.21126618414386,L2,0.6758015121...
setting magnet DAC
current  : 5.873390
requested: 5.874425
Delta Dac: 0.001034
Checking detector protection. dv=0.00103
Checking detector "CDD". Protection Threshold: 0.1 (V)
SetMagnetDAC 5.87442482759 ===>> OK
Magnet settling time: 1.049
GetData ===>> H2,-0.197350513417882,H1,558.361978725511,AX,133.623842971905,L1,1.42033540900965,L2,0.9043677586...
setting magnet DAC
current  : 5.874425
requested: 5.875459
Delta Dac: 0.001034
Checking detector protection. dv=0.00103
Checking detector "CDD". Protection Threshold: 0.1 (V)
SetMagnetDAC 5.87545931034 ===>> OK
Magnet settling time: 1.049
Get Checksum: -110011688
GetData ===>> H2,-0.171590115613941,H1,564.968890363261,AX,136.398390515681,L1,1.54256887309798,L2,1.0496471212...
setting magnet DAC
current  : 5.875459
requested: 5.876494
Delta Dac: 0.001034
Checking detector protection. dv=0.00103
Checking detector "CDD". Protection Threshold: 0.1 (V)
SetMagnetDAC 5.8764937931 ===>> OK
Magnet settling time: 1.049
GetData ===>> H2,-0.298839076613774,H1,566.615222816947,AX,136.907419736159,L1,1.70715713451901,L2,1.0244219537...
setting magnet DAC
current  : 5.876494
requested: 5.877528
Delta Dac: 0.001034
Checking detector protection. dv=0.00103
Checking detector "CDD". Protection Threshold: 0.1 (V)
SetMagnetDAC 5.87752827586 ===>> OK
Magnet settling time: 1.049
GetData ===>> H2,-0.0230445363965439,H1,566.561681790328,AX,136.875416720126,L1,1.73912853094451,L2,1.094528564...
setting magnet DAC
current  : 5.877528
requested: 5.878563
Delta Dac: 0.001034
Checking detector protection. dv=0.00103
Checking detector "CDD". Protection Threshold: 0.1 (V)
SetMagnetDAC 5.87856275862 ===>> OK
Magnet settling time: 1.049
Get Checksum: -110011688
GetData ===>> H2,-0.0681470276252081,H1,566.213272867076,AX,137.123054389202,L1,1.74565037982861,L2,1.207465924...
setting magnet DAC
current  : 5.878563
requested: 5.879597
Delta Dac: 0.001034
Checking detector protection. dv=0.00103
Checking detector "CDD". Protection Threshold: 0.1 (V)
SetMagnetDAC 5.87959724138 ===>> OK
Magnet settling time: 1.049
GetData ===>> H2,-0.132826653075127,H1,566.355671820737,AX,137.270731061834,L1,1.74591865918098,L2,1.0800314007...
setting magnet DAC
current  : 5.879597
requested: 5.880632
Delta Dac: 0.001034
Checking detector protection. dv=0.00103
Checking detector "CDD". Protection Threshold: 0.1 (V)
SetMagnetDAC 5.88063172414 ===>> OK
Magnet settling time: 1.049
GetData ===>> H2,-0.194631783478405,H1,566.192451796929,AX,137.101714415991,L1,1.74455649327348,L2,1.0990178611...
setting magnet DAC
current  : 5.880632
requested: 5.881666
Delta Dac: 0.001034
Checking detector protection. dv=0.00103
Checking detector "CDD". Protection Threshold: 0.1 (V)
SetMagnetDAC 5.8816662069 ===>> OK
Magnet settling time: 1.049
Get Checksum: -110011688
GetData ===>> H2,-0.20197274438722,H1,565.828686754346,AX,136.935634925745,L1,1.80456762660858,L2,1.01201781034...
setting magnet DAC
current  : 5.881666
requested: 5.882701
Delta Dac: 0.001034
Checking detector protection. dv=0.00103
Checking detector "CDD". Protection Threshold: 0.1 (V)
SetMagnetDAC 5.88270068966 ===>> OK
Magnet settling time: 1.049
GetData ===>> H2,-0.124300045769556,H1,565.354801942018,AX,136.45301908041,L1,1.76926589518553,L2,1.02018788730...
setting magnet DAC
current  : 5.882701
requested: 5.883735
Delta Dac: 0.001034
Checking detector protection. dv=0.00103
Checking detector "CDD". Protection Threshold: 0.1 (V)
SetMagnetDAC 5.88373517241 ===>> OK
Magnet settling time: 1.049
GetData ===>> H2,-0.0169936511393592,H1,562.861220671532,AX,135.359549777831,L1,1.72850442743827,L2,1.039849264...
setting magnet DAC
current  : 5.883735
requested: 5.884770
Delta Dac: 0.001034
Checking detector protection. dv=0.00103
Checking detector "CDD". Protection Threshold: 0.1 (V)
SetMagnetDAC 5.88476965517 ===>> OK
Magnet settling time: 1.049
Get Checksum: -110011688
GetData ===>> H2,-0.167830750379363,H1,553.769890305866,AX,131.575474918792,L1,1.66771837997216,L2,0.9687673002...
setting magnet DAC
current  : 5.884770
requested: 5.885804
Delta Dac: 0.001034
Checking detector protection. dv=0.00103
Checking detector "CDD". Protection Threshold: 0.1 (V)
SetMagnetDAC 5.88580413793 ===>> OK
Magnet settling time: 1.049
GetData ===>> H2,-0.226177570033373,H1,525.546382053699,AX,119.583036546638,L1,1.5532516886594,L2,0.83959938173...
setting magnet DAC
current  : 5.885804
requested: 5.886839
Delta Dac: 0.001034
Checking detector protection. dv=0.00103
Checking detector "CDD". Protection Threshold: 0.1 (V)
SetMagnetDAC 5.88683862069 ===>> OK
Magnet settling time: 1.049
Get Checksum: -110011688
GetData ===>> H2,-0.130537479933681,H1,455.635452028985,AX,95.6022487477972,L1,1.30927268025164,L2,0.5899597145...
setting magnet DAC
current  : 5.886839
requested: 5.887873
Delta Dac: 0.001034
Checking detector protection. dv=0.00103
Checking detector "CDD". Protection Threshold: 0.1 (V)
SetMagnetDAC 5.88787310345 ===>> OK
Magnet settling time: 1.049
GetData ===>> H2,-0.275372533132374,H1,265.849113453116,AX,44.4294716382221,L1,0.793209316424513,L2,0.069530202...
setting magnet DAC
current  : 5.887873
requested: 5.888908
Delta Dac: 0.001034
Checking detector protection. dv=0.00103
Checking detector "CDD". Protection Threshold: 0.1 (V)
SetMagnetDAC 5.88890758621 ===>> OK
Magnet settling time: 1.049
GetData ===>> H2,-0.156553270487131,H1,131.487524617433,AX,18.6098954828057,L1,0.491057129356016,L2,0.162969754...
setting magnet DAC
current  : 5.888908
requested: 5.889942
Delta Dac: 0.001034
Checking detector protection. dv=0.00103
Checking detector "CDD". Protection Threshold: 0.1 (V)
SetMagnetDAC 5.88994206897 ===>> OK
Magnet settling time: 1.049
Get Checksum: -110011688
GetData ===>> H2,-0.107018477807006,H1,49.2089824654569,AX,5.68301014534091,L1,0.264892498966412,L2,-0.12962693...
setting magnet DAC
current  : 5.889942
requested: 5.890977
Delta Dac: 0.001034
Checking detector protection. dv=0.00103
Checking detector "CDD". Protection Threshold: 0.1 (V)
SetMagnetDAC 5.89097655172 ===>> OK
Magnet settling time: 1.049
GetData ===>> H2,-0.145995962988987,H1,14.9234862210356,AX,1.3657750998383,L1,0.182016520902406,L2,0.0960615909...
setting magnet DAC
current  : 5.890977
requested: 5.892011
Delta Dac: 0.001034
Checking detector protection. dv=0.00103
Checking detector "CDD". Protection Threshold: 0.1 (V)
SetMagnetDAC 5.89201103448 ===>> OK
Magnet settling time: 1.049
GetData ===>> H2,-0.180900842802543,H1,3.86219653644948,AX,0.217104306502697,L1,0.0561313108442542,L2,-0.010725...
setting magnet DAC
current  : 5.892011
requested: 5.893046
Delta Dac: 0.001034
Checking detector protection. dv=0.00103
Checking detector "CDD". Protection Threshold: 0.1 (V)
SetMagnetDAC 5.89304551724 ===>> OK
Magnet settling time: 1.049
Get Checksum: -110011688
GetData ===>> H2,-0.0965378480316745,H1,0.765885135317146,AX,-0.0995877279529516,L1,0.0533739673013483,L2,-0.03...
setting magnet DAC
current  : 5.893046
requested: 5.894080
Delta Dac: 0.001034
Checking detector protection. dv=0.00103
Checking detector "CDD". Protection Threshold: 0.1 (V)
SetMagnetDAC 5.89408 ===>> OK
Magnet settling time: 1.049
GetData ===>> H2,-0.197345118812952,H1,0.0413623564117451,AX,-0.182459513968265,L1,0.0333517634692896,L2,0.0591...
result of _do_sweep=True
result of _calculate_peak_center=([5.8718054509018032, 5.8794407214428857, 5.8870759919839681], [419.74604554162408, 566.61361336724906, 412.08728415941687], 5.8765248897795592, 566.61361336724906)
Failed to find a valid peak. No peak greater than 1.0. max = 0.0198996612367
new center pos Detector(H1) (Ar40) @ 5.87944072144
GetHighVoltage ===>> 4500
GetDeflection H1 ===>> 0
dac uncorrected for HV and deflection 5.87944072144
update mftable H1 Ar40 5.87944072144 message=automated run peakcenter
get initial guess parabolic
get initial guess parabolic
get initial guess parabolic
get initial guess parabolic
get initial guess parabolic
get initial guess parabolic
dump mftable to /Users/jan/PychronDev/setupfiles/spectrometer/mftables/mftable.csv
add to repo msg=modified - automated run peakcenter
sweep finished
locally archiving mftable
setting magnet DAC
current  : 5.894080
requested: 5.879441
Delta Dac: 0.014639
Checking detector protection. dv=0.01464
Checking detector "CDD". Protection Threshold: 0.1 (V)
SetMagnetDAC 5.87944072144 ===>> OK
Magnet settling time: 0.500
Get Checksum: -110011688
setting integration time = 1.048576
SetIntegrationTime 1.048576 ===>> OK
Failed to find a valid peak. No peak greater than 1.0. max = 0.0198996612367
flush and close file /Users/jan/PychronDev/data/isotopes/c4/d0bb97-ffc4-4ab9-8d1d-6c1560637e9b.h5
finished measure script
executed 226.132928
jan_unknown120_60.py completed successfully
Measurement Finished
12:11:13 -- ******* Measurement Finished *******
Post Measurement Started jan_pump_ms.py
12:11:13 -- ******* Post Measurement Started jan_pump_ms.py *******
testing...
no interpolation path defined
executed 0
Pumping spectrometer
open () {'name': 'O'}
opening name=O desc=---
checking ownership. requestor=129.138.12.150
check software interlocks O
interlocks []
actuate state mode=None-script, software_lock=False
doing actuation None-script open_channel True
Open O ===>> OK
GetIndicatorState O ===>> OK
change switch state (True, True)
update switch state O True args=() kw={} ncanvase=3
12:11:13 -- OPEN   VALVE-O (Jan Ion Pump)
---------------------------------------- open O () result=[(True, True)], time=0.10 sec
action=open, ok=True, locked=[False]
executed 0
jan_pump_ms.py completed successfully
setting _ms_pumptime
Post Measurement Finished
12:11:13 -- ******* Post Measurement Finished *******
$$$$$$$$$$$$$$$$$$$$ state at run end measurement
state changed from measurement to success
post measurement save measured=True aborted=False
Set filtering
setting fod for Ar40= {'filter_outliers': True, 'std_devs': 2, 'iterations': 1}
setting fod for H1= {'filter_outliers': True, 'std_devs': 2, 'iterations': 1}
setting fod for PM41= {'filter_outliers': False, 'std_devs': 2, 'iterations': 1}
setting fod for H2= {'filter_outliers': True, 'std_devs': 2, 'iterations': 1}
setting fod for Ar36= {'filter_outliers': True, 'std_devs': 2, 'iterations': 1}
setting fod for CDD= {'filter_outliers': True, 'std_devs': 10, 'iterations': 1}
setting fod for Ar37= {'filter_outliers': True, 'std_devs': 2, 'iterations': 1}
setting fod for L2= {'filter_outliers': True, 'std_devs': 2, 'iterations': 1}
setting fod for Ar38= {'filter_outliers': True, 'std_devs': 2, 'iterations': 1}
setting fod for L1= {'filter_outliers': True, 'std_devs': 2, 'iterations': 1}
setting fod for Ar39= {'filter_outliers': True, 'std_devs': 2, 'iterations': 1}
setting fod for AX= {'filter_outliers': True, 'std_devs': 2, 'iterations': 1}
persistence save...
persistence save - db
post measurement save
5927538416 connecting to database sqlite:////Users/jan/PychronDev/.appdata/local_lab.db
connected to db sqlite:////Users/jan/PychronDev/.appdata/local_lab.db
create new session 5927538416
close session 5927538416
No database instance. Not saving post measurement to isotopedb database
$$$$$$$$$$$$$$$ auto_save_detector_ic=False
massspec enabled True
create new session 5064816880
MassSpec Database Version: 16.0
close session 5064816880
saving post measurement to secondary database
saving to massspec database 129.138.12.160/massspecdata
setting labnumber to 65576
setting aliquot to 14
setting step to 
setting uuid to c4d0bb97-ffc4-4ab9-8d1d-6c1560637e9b
setting irradpos to 65576
setting extract_device to Fusions CO2
setting tray to 
setting position to 126
setting power_requested to 5.0
setting extract_value to 5.0
setting duration to 30.0
setting duration_at_request to 30.0
setting first_stage_delay to 30.0
setting cleanup to 30.0
setting comment to M:21 w/o inclusions
setting irradiation to NM-289
setting level to M
setting irradiation_level to M
setting sample to NM-2605 WO
setting material to Sanidine
setting project to JoyitaHills
setting mass_spectrometer to Jan
no attribute chron_dosages
no attribute production_ratios
no attribute interference_corrections
no attribute production_name
no attribute j
Reference Isotope=Ar40
Reference Detector=H1
%%%%%%%%%%%%%%%%%%%% Comment: M:21 w/o inclusions %%%%%%%%%%%%%%%%%%%
adding isotope PM41 H2
add baseline dbdet= PM41. original det= H2
get baseline data PM41 H2
Get data baseline <pychron.processing.isotope.Baseline object at 0x1309159d0> len t=60
baseline PM41. v=-0.174430940389, e=0.00766955473192
get signal data PM41 H2
Get data signal PM41 0.08+/-0.07 len t=120
adding isotope Ar40 H1
add baseline dbdet= Ar40. original det= H1
get baseline data Ar40 H1
Get data baseline <pychron.processing.isotope.Baseline object at 0x130915590> len t=60
baseline Ar40. v=-0.0229653492986, e=0.00502882492144
get signal data Ar40 H1
Get data signal Ar40 622.59+/-0.05 len t=120
adding isotope Ar39 AX
add baseline dbdet= Ar39. original det= AX
get baseline data Ar39 AX
Get data baseline <pychron.processing.isotope.Baseline object at 0x130915c10> len t=60
baseline Ar39. v=-0.0637613916314, e=0.00590532781429
get signal data Ar39 AX
Get data signal Ar39 150.893+/-0.021 len t=120
adding isotope Ar38 L1
add baseline dbdet= Ar38. original det= L1
get baseline data Ar38 L1
Get data baseline <pychron.processing.isotope.Baseline object at 0x130915f10> len t=60
baseline Ar38. v=-0.0201234587473, e=0.00304844878621
get signal data Ar38 L1
Get data signal Ar38 1.954+/-0.005 len t=120
adding isotope Ar37 L2
add baseline dbdet= Ar37. original det= L2
get baseline data Ar37 L2
Get data baseline <pychron.processing.isotope.Baseline object at 0x130915c90> len t=60
baseline Ar37. v=-0.0247474369069, e=0.00596628233756
get signal data Ar37 L2
Get data signal Ar37 1.192+/-0.010 len t=120
adding isotope Ar36 CDD
add baseline dbdet= Ar36. original det= CDD
get baseline data Ar36 CDD
Get data baseline <pychron.processing.isotope.Baseline object at 0x130915cd0> len t=60
baseline Ar36. v=0.000148865412479, e=1.83860762242e-05
get signal data Ar36 CDD
Get data signal Ar36 0.00987+/-0.00028 len t=120
65576-14 added analysis time 0.494006872177s
analysis added to mass spec database
mass spec save time= 0.514
persistence save - dvc
================= post measurement started
create new session 4983587952
close session 4983587952
---------------- Experiment Queue saving disabled
DVC saving peakcenter
Failed to find a valid peak. No peak greater than 1.0. max = 0.0198996612367
Smart pull ahead: 0 behind: 0
Up-to-date with origin
add to repo msg=modified - ad8224ebc6dbfeb9f5997218dfa5fe690569839d.json
Get Checksum: 2035439760
add to repo msg=modified - 76-14.json
add to repo msg=modified - 76-14.dat.json
add to repo msg=modified - 76-14.blan.json
add to repo msg=modified - 76-14.inte.json
add to repo msg=modified - 76-14.icfa.json
add to repo msg=modified - 76-14.base.json
not at valid file /Users/jan/PychronDev/data/.dvc/repositories/Load1785/655/tags/76-14.tags.json
add to repo msg=modified - 76-14.peak.json
add to repo msg=modified - 76-14.extr.json
not at valid file /Users/jan/PychronDev/data/.dvc/repositories/Load1785/655/monitor/76-14.moni.json
commit message=<COLLECTION>
add to repo msg=modified - 76-14.inte.json
add to repo msg=modified - 76-14.base.json
commit message=<ISOEVO> default collection fits
add to repo msg=modified - 76-14.blan.json
Get Checksum: 2035439760
commit message=<BLANKS> preceding ba-01-J-2242
add to repo msg=modified - 76-14.icfa.json
commit message=<ICFactor> default
push repository <pychron.git_archive.repo_manager.GitRepoManager object at 0x18247d470>
pushing to remote=origin, url=https://github.com
Get Checksum: 2035439760
set states for children of V. state=True
handle state [('V', True)]
update switch state V True args=() kw={'refresh': False} ncanvase=3
no changes to meta repo
refresh_canvas_needed fired
create new session 4983587952
add association Load1785
get identifier "65576"
setting analysis irradiation position=<pychron.dvc.dvc_orm.IrradiationPositionTbl object at 0x18cc804d0>
close session 4983587952
================= post measurement finished
12:11:26 -- ******* Post Run Check *******
loading queue conditionals post_run_actions
loading system conditionals post_run_actions
loading conditionals from /Users/jan/PychronDev/setupfiles/spectrometer/default_conditionals.yaml
loading queue conditionals post_run_terminations
loading system conditionals post_run_terminations
loading conditionals from /Users/jan/PychronDev/setupfiles/spectrometer/default_conditionals.yaml
Get Checksum: -1965264452
Checking default post run terminations n=1
GetDeflection CDD ===>> 50
testing CDD==2000
evaluate ot="CDD.deflection==2000" t="CDD==2000", ctx="{'CDD': 50.0}"
12:11:26 -- ******* Post Run Check Passed *******
12:11:26 -- Automated run 65576-14 success duration: 362.846 s
----------------- finish -----------------
----------------- stop -----------------
retroactive repository identifiers disabled
finish run. runs completed=38
update duration runid=65576-14, duration=362.846158981, md5=301e91d8
loading script "jan_unknown120_60.py"
loading script "jan_pump_ms.py"
loading script "jan_co2.py"
loading script "jan_pump_extraction_line.py"
testing...
no interpolation path defined
executed 213.652928
script duration name:unknown120_60 seconds:214.0
loading script "jan_unknown120_60.py"
loading script "jan_pump_ms.py"
loading script "jan_co2.py"
loading script "jan_pump_extraction_line.py"
testing...
no interpolation path defined
executed 0
loading script "jan_unknown120_60.py"
loading script "jan_pump_ms.py"
loading script "jan_co2.py"
loading script "jan_pump_extraction_line.py"
testing...
no interpolation path defined
calculate duration
testing...
no interpolation path defined
executed 0
calculate duration
testing...
no interpolation path defined
executed 0
executed 0.0
script duration name:co2 seconds:0.0
loading script "jan_unknown120_60.py"
loading script "jan_pump_ms.py"
loading script "jan_co2.py"
loading script "jan_pump_extraction_line.py"
testing...
no interpolation path defined
calculate duration
testing...
no interpolation path defined
executed 4.0
executed 4.0
Script duration 214.0
Run total estimated duration= 215.000
unknown120_60 in script context. using previous estimated duration
script duration name:unknown120_60 seconds:214.0
pump_ms in script context. using previous estimated duration
co2 in script context. using previous estimated duration
script duration name:co2 seconds:0.0
pump_extraction_line in script context. using previous estimated duration
Script duration 214.0
Run total estimated duration= 215.000
script duration name:unknown120_60 seconds:214.0
script duration name:co2 seconds:0.0
Script duration 214.0
Run total estimated duration= 215.000
loading script "jan_unknown400_120.py"
loading script "jan_pump_ms.py"
loading script "jan_co2.py"
loading script "jan_pump_extraction_line.py"
testing...
no interpolation path defined
executed 556.052928
script duration name:unknown400_120 seconds:556.0
script duration name:co2 seconds:0.0
Script duration 556.0
Run total estimated duration= 557.000
script duration name:unknown120_60 seconds:214.0
script duration name:co2 seconds:0.0
Script duration 214.0
Run total estimated duration= 215.000
script duration name:unknown120_60 seconds:214.0
script duration name:co2 seconds:0.0
Script duration 214.0
Run total estimated duration= 215.000
script duration name:unknown120_60 seconds:214.0
script duration name:co2 seconds:0.0
Script duration 214.0
Run total estimated duration= 215.000
script duration name:unknown120_60 seconds:214.0
script duration name:co2 seconds:0.0
Script duration 214.0
Run total estimated duration= 215.000
script duration name:unknown120_60 seconds:214.0
script duration name:co2 seconds:0.0
Script duration 214.0
Run total estimated duration= 215.000
script duration name:unknown120_60 seconds:214.0
script duration name:co2 seconds:0.0
Script duration 214.0
Run total estimated duration= 215.000
script duration name:unknown120_60 seconds:214.0
script duration name:co2 seconds:0.0
Script duration 214.0
Run total estimated duration= 215.000
script duration name:unknown120_60 seconds:214.0
script duration name:co2 seconds:0.0
Script duration 214.0
Run total estimated duration= 215.000
script duration name:unknown120_60 seconds:214.0
script duration name:co2 seconds:0.0
Script duration 214.0
Run total estimated duration= 215.000
script duration name:unknown120_60 seconds:214.0
script duration name:co2 seconds:0.0
Script duration 214.0
Run total estimated duration= 215.000
script duration name:unknown120_60 seconds:214.0
script duration name:co2 seconds:0.0
Script duration 214.0
Run total estimated duration= 215.000
script duration name:unknown120_60 seconds:214.0
script duration name:co2 seconds:0.0
Script duration 214.0
Run total estimated duration= 215.000
script duration name:unknown120_60 seconds:214.0
script duration name:co2 seconds:0.0
Script duration 214.0
Run total estimated duration= 215.000
script duration name:unknown120_60 seconds:214.0
script duration name:co2 seconds:0.0
Script duration 214.0
Run total estimated duration= 215.000
script duration name:unknown120_60 seconds:214.0
script duration name:co2 seconds:0.0
Script duration 214.0
Run total estimated duration= 215.000
unknown400_120 in script context. using previous estimated duration
script duration name:unknown400_120 seconds:556.0
script duration name:co2 seconds:0.0
Script duration 556.0
Run total estimated duration= 557.000
script duration name:unknown400_120 seconds:556.0
loading script "jan_unknown400_120.py"
loading script "jan_pump_ms.py"
loading script "jan_cocktail_x1.py"
loading script "jan_pump_extraction_line.py"
testing...
no interpolation path defined
calculate duration
testing...
no interpolation path defined
executed 0
calculate duration
testing...
no interpolation path defined
executed 0
calculate duration
testing...
no interpolation path defined
executed 32.0
calculate duration
testing...
no interpolation path defined
executed 34.0
calculate duration
testing...
no interpolation path defined
executed 4.0
calculate duration
testing...
no interpolation path defined
executed 38.0
executed 108.0
script duration name:cocktail_x1 seconds:108.0
Script duration 664.0
Run total estimated duration= 665.000
script duration name:unknown400_120 seconds:556.0
loading script "jan_unknown400_120.py"
loading script "jan_pump_ms.py"
loading script "jan_sniffair_x2.py"
loading script "jan_pump_extraction_line.py"
testing...
no interpolation path defined
calculate duration
testing...
no interpolation path defined
executed 0
calculate duration
testing...
no interpolation path defined
executed 0
calculate duration
testing...
no interpolation path defined
executed 32.0
calculate duration
testing...
no interpolation path defined
executed 34.0
calculate duration
testing...
no interpolation path defined
executed 4.0
calculate duration
testing...
no interpolation path defined
executed 36.0
calculate duration
testing...
no interpolation path defined
executed 34.0
calculate duration
testing...
no interpolation path defined
executed 4.0
calculate duration
testing...
no interpolation path defined
executed 36.0
calculate duration
testing...
no interpolation path defined
executed 70.0
executed 250.0
script duration name:sniffair_x2 seconds:250.0
Script duration 806.0
Run total estimated duration= 807.000
loading script "jan_ic_peak_hop3.py"
loading script "jan_pump_ms.py"
loading script "jan_air_x1.py"
loading script "jan_pump_extraction_line.py"
testing...
no interpolation path defined
executed 133.8
script duration name:ic_peak_hop3 seconds:134.0
loading script "jan_ic_peak_hop3.py"
loading script "jan_pump_ms.py"
loading script "jan_air_x1.py"
loading script "jan_pump_extraction_line.py"
testing...
no interpolation path defined
calculate duration
testing...
no interpolation path defined
executed 0
calculate duration
testing...
no interpolation path defined
executed 0
calculate duration
testing...
no interpolation path defined
executed 32.0
calculate duration
testing...
no interpolation path defined
executed 34.0
calculate duration
testing...
no interpolation path defined
executed 4.0
calculate duration
testing...
no interpolation path defined
executed 36.0
executed 106.0
script duration name:air_x1 seconds:106.0
Script duration 240.0
Run total estimated duration= 241.000
script duration name:unknown120_60 seconds:214.0
script duration name:co2 seconds:0.0
Script duration 214.0
Run total estimated duration= 215.000
script duration name:unknown120_60 seconds:214.0
script duration name:co2 seconds:0.0
Script duration 214.0
Run total estimated duration= 215.000
script duration name:unknown120_60 seconds:214.0
script duration name:co2 seconds:0.0
Script duration 214.0
Run total estimated duration= 215.000
script duration name:unknown120_60 seconds:214.0
script duration name:co2 seconds:0.0
Script duration 214.0
Run total estimated duration= 215.000
script duration name:unknown120_60 seconds:214.0
script duration name:co2 seconds:0.0
Script duration 214.0
Run total estimated duration= 215.000
script duration name:unknown120_60 seconds:214.0
script duration name:co2 seconds:0.0
Script duration 214.0
Run total estimated duration= 215.000
script duration name:unknown120_60 seconds:214.0
script duration name:co2 seconds:0.0
Script duration 214.0
Run total estimated duration= 215.000
script duration name:unknown120_60 seconds:214.0
script duration name:co2 seconds:0.0
Script duration 214.0
Run total estimated duration= 215.000
script duration name:unknown120_60 seconds:214.0
script duration name:co2 seconds:0.0
Script duration 214.0
Run total estimated duration= 215.000
script duration name:unknown120_60 seconds:214.0
script duration name:co2 seconds:0.0
Script duration 214.0
Run total estimated duration= 215.000
script duration name:unknown120_60 seconds:214.0
script duration name:co2 seconds:0.0
Script duration 214.0
Run total estimated duration= 215.000
script duration name:unknown120_60 seconds:214.0
script duration name:co2 seconds:0.0
Script duration 214.0
Run total estimated duration= 215.000
script duration name:unknown120_60 seconds:214.0
script duration name:co2 seconds:0.0
Script duration 214.0
Run total estimated duration= 215.000
script duration name:unknown120_60 seconds:214.0
script duration name:co2 seconds:0.0
Script duration 214.0
Run total estimated duration= 215.000
script duration name:unknown120_60 seconds:214.0
script duration name:co2 seconds:0.0
Script duration 214.0
Run total estimated duration= 215.000
script duration name:unknown400_120 seconds:556.0
script duration name:co2 seconds:0.0
Script duration 556.0
Run total estimated duration= 557.000
script duration name:unknown120_60 seconds:214.0
script duration name:co2 seconds:0.0
Script duration 214.0
Run total estimated duration= 215.000
script duration name:unknown120_60 seconds:214.0
script duration name:co2 seconds:0.0
Script duration 214.0
Run total estimated duration= 215.000
script duration name:unknown120_60 seconds:214.0
script duration name:co2 seconds:0.0
Script duration 214.0
Run total estimated duration= 215.000
script duration name:unknown120_60 seconds:214.0
script duration name:co2 seconds:0.0
Script duration 214.0
Run total estimated duration= 215.000
script duration name:unknown120_60 seconds:214.0
script duration name:co2 seconds:0.0
Script duration 214.0
Run total estimated duration= 215.000
script duration name:unknown400_120 seconds:556.0
cocktail_x1 in script context. using previous estimated duration
script duration name:cocktail_x1 seconds:108.0
Script duration 664.0
Run total estimated duration= 665.000
script duration name:unknown400_120 seconds:556.0
script duration name:cocktail_x1 seconds:108.0
Script duration 664.0
Run total estimated duration= 665.000
script duration name:unknown120_60 seconds:214.0
script duration name:co2 seconds:0.0
Script duration 214.0
Run total estimated duration= 215.000
script duration name:unknown120_60 seconds:214.0
script duration name:co2 seconds:0.0
Script duration 214.0
Run total estimated duration= 215.000
script duration name:unknown120_60 seconds:214.0
script duration name:co2 seconds:0.0
Script duration 214.0
Run total estimated duration= 215.000
script duration name:unknown120_60 seconds:214.0
script duration name:co2 seconds:0.0
Script duration 214.0
Run total estimated duration= 215.000
script duration name:unknown120_60 seconds:214.0
script duration name:co2 seconds:0.0
Script duration 214.0
Run total estimated duration= 215.000
script duration name:unknown120_60 seconds:214.0
script duration name:co2 seconds:0.0
Script duration 214.0
Run total estimated duration= 215.000
script duration name:unknown120_60 seconds:214.0
script duration name:co2 seconds:0.0
Script duration 214.0
Run total estimated duration= 215.000
script duration name:unknown120_60 seconds:214.0
script duration name:co2 seconds:0.0
Script duration 214.0
Run total estimated duration= 215.000
script duration name:unknown120_60 seconds:214.0
script duration name:co2 seconds:0.0
Script duration 214.0
Run total estimated duration= 215.000
script duration name:unknown120_60 seconds:214.0
script duration name:co2 seconds:0.0
Script duration 214.0
Run total estimated duration= 215.000
script duration name:unknown400_120 seconds:556.0
script duration name:co2 seconds:0.0
Script duration 556.0
Run total estimated duration= 557.000
script duration name:unknown400_120 seconds:556.0
sniffair_x2 in script context. using previous estimated duration
script duration name:sniffair_x2 seconds:250.0
Script duration 806.0
Run total estimated duration= 807.000
ic_peak_hop3 in script context. using previous estimated duration
script duration name:ic_peak_hop3 seconds:134.0
air_x1 in script context. using previous estimated duration
script duration name:air_x1 seconds:106.0
Script duration 240.0
Run total estimated duration= 241.000
script duration name:unknown120_60 seconds:214.0
script duration name:co2 seconds:0.0
Script duration 214.0
Run total estimated duration= 215.000
script duration name:unknown120_60 seconds:214.0
script duration name:co2 seconds:0.0
Script duration 214.0
Run total estimated duration= 215.000
script duration name:unknown120_60 seconds:214.0
script duration name:co2 seconds:0.0
Script duration 214.0
Run total estimated duration= 215.000
script duration name:unknown120_60 seconds:214.0
script duration name:co2 seconds:0.0
Script duration 214.0
Run total estimated duration= 215.000
script duration name:unknown120_60 seconds:214.0
script duration name:co2 seconds:0.0
Script duration 214.0
Run total estimated duration= 215.000
script duration name:unknown120_60 seconds:214.0
script duration name:co2 seconds:0.0
Script duration 214.0
Run total estimated duration= 215.000
script duration name:unknown120_60 seconds:214.0
script duration name:co2 seconds:0.0
Script duration 214.0
Run total estimated duration= 215.000
script duration name:unknown120_60 seconds:214.0
script duration name:co2 seconds:0.0
Script duration 214.0
Run total estimated duration= 215.000
script duration name:unknown120_60 seconds:214.0
script duration name:co2 seconds:0.0
Script duration 214.0
Run total estimated duration= 215.000
script duration name:unknown120_60 seconds:214.0
script duration name:co2 seconds:0.0
Script duration 214.0
Run total estimated duration= 215.000
script duration name:unknown400_120 seconds:556.0
script duration name:cocktail_x1 seconds:108.0
Script duration 664.0
Run total estimated duration= 665.000
script duration name:unknown120_60 seconds:214.0
script duration name:co2 seconds:0.0
Script duration 214.0
Run total estimated duration= 215.000
script duration name:unknown120_60 seconds:214.0
script duration name:co2 seconds:0.0
Script duration 214.0
Run total estimated duration= 215.000
script duration name:unknown120_60 seconds:214.0
script duration name:co2 seconds:0.0
Script duration 214.0
Run total estimated duration= 215.000
script duration name:unknown120_60 seconds:214.0
script duration name:co2 seconds:0.0
Script duration 214.0
Run total estimated duration= 215.000
script duration name:unknown120_60 seconds:214.0
script duration name:co2 seconds:0.0
Script duration 214.0
Run total estimated duration= 215.000
script duration name:unknown400_120 seconds:556.0
script duration name:co2 seconds:0.0
Script duration 556.0
Run total estimated duration= 557.000
script duration name:unknown120_60 seconds:214.0
script duration name:co2 seconds:0.0
Script duration 214.0
Run total estimated duration= 215.000
script duration name:unknown120_60 seconds:214.0
script duration name:co2 seconds:0.0
Script duration 214.0
Run total estimated duration= 215.000
script duration name:unknown120_60 seconds:214.0
script duration name:co2 seconds:0.0
Script duration 214.0
Run total estimated duration= 215.000
script duration name:unknown120_60 seconds:214.0
script duration name:co2 seconds:0.0
Script duration 214.0
Run total estimated duration= 215.000
script duration name:unknown120_60 seconds:214.0
script duration name:co2 seconds:0.0
Script duration 214.0
Run total estimated duration= 215.000
script duration name:unknown120_60 seconds:214.0
script duration name:co2 seconds:0.0
Script duration 214.0
Run total estimated duration= 215.000
script duration name:unknown120_60 seconds:214.0
script duration name:co2 seconds:0.0
Script duration 214.0
Run total estimated duration= 215.000
script duration name:unknown120_60 seconds:214.0
script duration name:co2 seconds:0.0
Script duration 214.0
Run total estimated duration= 215.000
script duration name:unknown120_60 seconds:214.0
script duration name:co2 seconds:0.0
Script duration 214.0
Run total estimated duration= 215.000
script duration name:unknown120_60 seconds:214.0
script duration name:co2 seconds:0.0
Script duration 214.0
Run total estimated duration= 215.000
script duration name:unknown120_60 seconds:214.0
script duration name:co2 seconds:0.0
Script duration 214.0
Run total estimated duration= 215.000
script duration name:unknown120_60 seconds:214.0
script duration name:co2 seconds:0.0
Script duration 214.0
Run total estimated duration= 215.000
script duration name:unknown120_60 seconds:214.0
script duration name:co2 seconds:0.0
Script duration 214.0
Run total estimated duration= 215.000
script duration name:unknown120_60 seconds:214.0
script duration name:co2 seconds:0.0
Script duration 214.0
Run total estimated duration= 215.000
script duration name:unknown120_60 seconds:214.0
script duration name:co2 seconds:0.0
Script duration 214.0
Run total estimated duration= 215.000
script duration name:unknown400_120 seconds:556.0
script duration name:co2 seconds:0.0
Script duration 556.0
Run total estimated duration= 557.000
script duration name:unknown400_120 seconds:556.0
script duration name:cocktail_x1 seconds:108.0
Script duration 664.0
Run total estimated duration= 665.000
script duration name:unknown400_120 seconds:556.0
script duration name:cocktail_x1 seconds:108.0
Script duration 664.0
Run total estimated duration= 665.000
script duration name:unknown400_120 seconds:556.0
script duration name:sniffair_x2 seconds:250.0
Script duration 806.0
Run total estimated duration= 807.000
script duration name:unknown400_120 seconds:556.0
script duration name:sniffair_x2 seconds:250.0
Script duration 806.0
Run total estimated duration= 807.000
script duration name:ic_peak_hop3 seconds:134.0
script duration name:air_x1 seconds:106.0
Script duration 240.0
Run total estimated duration= 241.000
script duration name:unknown120_60 seconds:214.0
script duration name:co2 seconds:0.0
Script duration 214.0
Run total estimated duration= 215.000
script duration name:unknown120_60 seconds:214.0
script duration name:co2 seconds:0.0
Script duration 214.0
Run total estimated duration= 215.000
script duration name:unknown120_60 seconds:214.0
script duration name:co2 seconds:0.0
Script duration 214.0
Run total estimated duration= 215.000
script duration name:unknown120_60 seconds:214.0
script duration name:co2 seconds:0.0
Script duration 214.0
Run total estimated duration= 215.000
script duration name:unknown120_60 seconds:214.0
script duration name:co2 seconds:0.0
Script duration 214.0
Run total estimated duration= 215.000
script duration name:unknown120_60 seconds:214.0
script duration name:co2 seconds:0.0
Script duration 214.0
Run total estimated duration= 215.000
script duration name:unknown120_60 seconds:214.0
script duration name:co2 seconds:0.0
Script duration 214.0
Run total estimated duration= 215.000
script duration name:unknown120_60 seconds:214.0
script duration name:co2 seconds:0.0
Script duration 214.0
Run total estimated duration= 215.000
script duration name:unknown120_60 seconds:214.0
script duration name:co2 seconds:0.0
Script duration 214.0
Run total estimated duration= 215.000
script duration name:unknown120_60 seconds:214.0
script duration name:co2 seconds:0.0
Script duration 214.0
Run total estimated duration= 215.000
script duration name:unknown120_60 seconds:214.0
script duration name:co2 seconds:0.0
Script duration 214.0
Run total estimated duration= 215.000
script duration name:unknown120_60 seconds:214.0
script duration name:co2 seconds:0.0
Script duration 214.0
Run total estimated duration= 215.000
script duration name:unknown120_60 seconds:214.0
script duration name:co2 seconds:0.0
Script duration 214.0
Run total estimated duration= 215.000
nruns=110 before=5.0, run_dur=30848.0, btw=3270.0
write rem/ex queues
/Users/jan/PychronDev/experiments/rem/CurrentExperiment.rem.txt
/Users/jan/PychronDev/experiments/rem/CurrentExperiment.ex.txt
doing event level: 3
