do run
loading script "jan_unknown120_60.py"
loading script "jan_pump_ms.py"
loading script "jan_co2.py"
loading script "jan_pump_extraction_line.py"
testing...
no interpolation path defined
executed 213.652928
script duration name:unknown120_60 seconds:214.0
loading script "jan_unknown120_60.py"
loading script "jan_pump_ms.py"
loading script "jan_co2.py"
loading script "jan_pump_extraction_line.py"
testing...
no interpolation path defined
executed 0
loading script "jan_unknown120_60.py"
loading script "jan_pump_ms.py"
loading script "jan_co2.py"
loading script "jan_pump_extraction_line.py"
testing...
no interpolation path defined
calculate duration
testing...
no interpolation path defined
executed 0
calculate duration
testing...
no interpolation path defined
executed 0
executed 0.0
script duration name:co2 seconds:0.0
loading script "jan_unknown120_60.py"
loading script "jan_pump_ms.py"
loading script "jan_co2.py"
loading script "jan_pump_extraction_line.py"
testing...
no interpolation path defined
calculate duration
testing...
no interpolation path defined
executed 4.0
executed 4.0
Script duration 214.0
Run total estimated duration= 215.000
run duration: 0:03:35
doing event level: 2
15:20:35 -- Setting default integration. t=1.048576
setting integration time = 1.048576
SetIntegrationTime 1.048576 ===>> OK
----------------- start -----------------
**************** Experiment Type: Ar/Ar, Ar/Ar
create new session 4993924272
close session 4993924272
$$$$$ Clearing conditionals
adding conditionals 
Add queue conditionals
add default conditionals
adding default conditionals from /Users/jan/PychronDev/setupfiles/spectrometer/default_conditionals.yaml
Start automated run 25382-09
loading script "jan_unknown120_60.py"
loading script "jan_pump_ms.py"
loading script "jan_co2.py"
loading script "jan_pump_extraction_line.py"
%%%%%%%%%%%%%%%%%% setting automated run 25382-09
No value "sensitivity_multiplier" in metadata
$$$$$$$$$$$$$$$ auto_save_detector_ic=False
============================= Pre Extraction Check =============================
loading queue conditionals pre_run_terminations
loading system conditionals pre_run_terminations
loading conditionals from /Users/jan/PychronDev/setupfiles/spectrometer/default_conditionals.yaml
15:20:35 -- ******* Pre Extraction Check *******
Get a measurement from the spectrometer
GetData ===>> H2,-0.213494476856217,H1,-0.00653923598188373,AX,0.0425381582521156,L1,-0.000156016512050421,L2,0...
Pre Extraction Termination data. keys=H2,H1,AX,L1,L2,CDD, signals=-0.21349,-0.00654,0.04254,-0.00016,0.09062,0.00372
15:20:35 -- testing system defined conditionals
Checking default pre extraction terminations n=2
testing CDD
evaluate ot="CDD.inactive" t="CDD", ctx="{'CDD': False}"
GetDeflection CDD ===>> 50
testing CDD==2000
evaluate ot="CDD.deflection==2000" t="CDD==2000", ctx="{'CDD': 50.0}"
15:20:35 -- ******* Pre Extraction Check Passed *******
=================================================================================
15:20:35 -- stopping status monitor
stop 5064012720
Alive clients [4977824688, 4983939824]
15:20:35 -- starting status monitor
start 5064012720
Monitor already running
start extraction
do extraction
Analysis started at 15:20:35.708599
Extraction Started jan_co2.py
15:20:35 -- ******* Extraction Started jan_co2.py *******
state changed from not run to extraction
DO EXTRACTION <pychron.extraction_line.pyscript_runner.RemotePyScriptRunner object at 0x12c3c43b0>
testing...
no interpolation path defined
calculate duration
testing...
no interpolation path defined
executed 0
calculate duration
testing...
no interpolation path defined
executed 0
executed 100.0
Jan CO2 laser analysis
doing GOSUB
testing...
no interpolation path defined
executed 0
Waiting for CO2 access
wait ('FelixCO2Flag', 0) {}
waiting for FelixCO2Flag = 0
Read FelixCO2Flag ===>> 0
finished waiting
CO2 free
wait ('CO2PumpTimeFlag', 0) {}
waiting for CO2PumpTimeFlag = 0
Read CO2PumpTimeFlag ===>> 0
finished waiting
acquire ('JanCO2Flag',) {'clear': True}
acquire JanCO2Flag
Set JanCO2Flag 1 ===>> OK
JanCO2Flag acquired
set extraction state False (0.75, 'red', 1.5)
CO2 acquired
executed 0
WaitForCO2Access.py completed successfully
gosub finished
doing GOSUB
testing...
no interpolation path defined
executed 0
Prepare for CO2 analysis
close () {'description': 'Jan Inlet'}
closing name=--- desc=Jan Inlet
checking ownership. requestor=129.138.12.150
check software interlocks R
interlocks []
actuate state mode=None-script, software_lock=False
doing actuation None-script close_channel False
Close R ===>> OK
GetIndicatorState R ===>> False
change switch state (True, True)
update switch state R False args=() kw={} ncanvase=3
15:20:36 -- CLOSE  VALVE-R (Jan Inlet)
---------------------------------------- close None (Jan Inlet) result=[(True, True)]
action=close, ok=True, locked=[False]
open () {'description': 'Jan Ion Pump'}
opening name=--- desc=Jan Ion Pump
checking ownership. requestor=129.138.12.150
check software interlocks O
interlocks []
actuate state mode=None-script, software_lock=False
doing actuation None-script open_channel False
Open O ===>> OK
GetIndicatorState O ===>> OK
change switch state (True, True)
update switch state O True args=() kw={} ncanvase=3
15:20:36 -- OPEN   VALVE-O (Jan Ion Pump)
---------------------------------------- open None (Jan Ion Pump) result=[(True, True)], time=0.09 sec
action=open, ok=True, locked=[False]
close () {'description': 'Microbone to Minibone'}
closing name=--- desc=Microbone to Minibone
checking ownership. requestor=129.138.12.150
check software interlocks L
interlocks []
actuate state mode=None-script, software_lock=False
doing actuation None-script close_channel False
Close L ===>> OK
GetIndicatorState L ===>> False
change switch state (True, True)
update switch state L False args=() kw={} ncanvase=3
15:20:37 -- CLOSE  VALVE-L (Microbone to Minibone)
---------------------------------------- close None (Microbone to Minibone) result=[(True, True)]
action=close, ok=True, locked=[False]
open () {'description': 'Microbone to Turbo'}
opening name=--- desc=Microbone to Turbo
checking ownership. requestor=129.138.12.150
check software interlocks U
interlocks []
actuate state mode=None-script, software_lock=False
doing actuation None-script open_channel False
Open U ===>> OK
GetIndicatorState U ===>> OK
change switch state (True, True)
update switch state U True args=() kw={} ncanvase=3
15:20:37 -- OPEN   VALVE-U (Microbone to Turbo)
---------------------------------------- open None (Microbone to Turbo) result=[(True, True)], time=0.13 sec
action=open, ok=True, locked=[False]
open () {'description': 'Microbone to Inlet Pipette'}
opening name=--- desc=Microbone to Inlet Pipette
checking ownership. requestor=129.138.12.150
check software interlocks S
interlocks []
actuate state mode=None-script, software_lock=False
doing actuation None-script open_channel False
Open S ===>> OK
GetIndicatorState S ===>> OK
change switch state (True, True)
update switch state S True args=() kw={} ncanvase=3
15:20:38 -- OPEN   VALVE-S (Microbone to Inlet Pipette)
---------------------------------------- open None (Microbone to Inlet Pipette) result=[(True, True)], time=0.42 sec
Get Checksum: 2035439760
action=open, ok=True, locked=[False]
open () {'description': 'Microbone to Getter D-50'}
opening name=--- desc=Microbone to Getter D-50
checking ownership. requestor=129.138.12.150
check software interlocks K
interlocks []
actuate state mode=None-script, software_lock=False
doing actuation None-script open_channel False
Open K ===>> OK
GetIndicatorState K ===>> OK
change switch state (True, True)
update switch state K True args=() kw={} ncanvase=3
15:20:38 -- OPEN   VALVE-K (Microbone to Getter D-50)
---------------------------------------- open None (Microbone to Getter D-50) result=[(True, True)], time=0.42 sec
action=open, ok=True, locked=[False]
open () {'description': 'Microbone to Getter NP-10'}
opening name=--- desc=Microbone to Getter NP-10
checking ownership. requestor=129.138.12.150
check software interlocks M
interlocks []
actuate state mode=None-script, software_lock=False
doing actuation None-script open_channel False
Open M ===>> OK
GetIndicatorState M ===>> OK
change switch state (True, True)
update switch state M True args=() kw={} ncanvase=3
15:20:39 -- OPEN   VALVE-M (Microbone to Getter NP-10)
---------------------------------------- open None (Microbone to Getter NP-10) result=[(True, True)], time=0.15 sec
action=open, ok=True, locked=[False]
close () {'description': 'CO2 Laser to Felix'}
closing name=--- desc=CO2 Laser to Felix
checking ownership. requestor=129.138.12.150
check software interlocks F
interlocks []
actuate state mode=None-script, software_lock=True
VALVE-F(CO2 Laser to Felix) software locked
change switch state (True, False)
---------------------------------------- close None (CO2 Laser to Felix) result=[(True, False)]
action=close, ok=True, locked=[True]
open () {'description': 'CO2 Laser to Jan'}
opening name=--- desc=CO2 Laser to Jan
checking ownership. requestor=129.138.12.150
check software interlocks A
interlocks []
actuate state mode=None-script, software_lock=False
doing actuation None-script open_channel False
Open A ===>> OK
GetIndicatorState A ===>> OK
change switch state (True, True)
update switch state A True args=() kw={} ncanvase=3
15:20:39 -- OPEN   VALVE-A (CO2 Laser to Jan)
---------------------------------------- open None (CO2 Laser to Jan) result=[(True, True)], time=0.12 sec
action=open, ok=True, locked=[False]
open () {'description': 'Microbone to CO2 Laser'}
opening name=--- desc=Microbone to CO2 Laser
checking ownership. requestor=129.138.12.150
check software interlocks T
interlocks []
actuate state mode=None-script, software_lock=False
doing actuation None-script open_channel False
Open T ===>> OK
GetIndicatorState T ===>> OK
change switch state (True, True)
update switch state T True args=() kw={} ncanvase=3
15:20:40 -- OPEN   VALVE-T (Microbone to CO2 Laser)
---------------------------------------- open None (Microbone to CO2 Laser) result=[(True, True)], time=0.42 sec
action=open, ok=True, locked=[False]
executed 0
PrepareForCO2Analysis.py completed successfully
gosub finished
set_motor ('beam', '1.25') {}
setting motor "beam" to 1.25
set motor beam to 1.25
SetMotor beam,1.25 ===>> OK
GetMotorMoving beam ===>> False
Get Checksum: 2035439760
GetMotorMoving beam ===>> False
Block completed
move_to_position ('146',) {'autocenter': True}
FusionsCO2 move to position 146
sending GoToHole 146,True
GoToHole 146,True ===>> OK
GetDriveMoving ===>> OK
GetDriveMoving ===>> OK
GetDriveMoving ===>> OK
GetDriveMoving ===>> False
GetDriveMoving ===>> OK
GetDriveMoving ===>> OK
GetDriveMoving ===>> OK
GetDriveMoving ===>> OK
Get Checksum: 2035439760
GetDriveMoving ===>> False
Block completed
GetAutoCorrecting ===>> False
GetAutoCorrecting ===>> False
Block completed
update position
GetPosition ===>> 1.99390,-3.98780,1.00000
got position (1.9939, -3.9878, 1.0)
move to position succeeded
sleep (5,) {}
SLEEP 5.0
block started
WaitControl setup for 5.0  
Get Checksum: 2035439760
Get Checksum: 2035439760
Join finished
block finished. duration 5.010379076
close () {'description': 'Microbone to Turbo'}
closing name=--- desc=Microbone to Turbo
checking ownership. requestor=129.138.12.150
check software interlocks U
interlocks []
actuate state mode=None-script, software_lock=False
doing actuation None-script close_channel True
Close U ===>> OK
GetIndicatorState U ===>> False
change switch state (True, True)
update switch state U False args=() kw={} ncanvase=3
15:20:50 -- CLOSE  VALVE-U (Microbone to Turbo)
---------------------------------------- close None (Microbone to Turbo) result=[(True, True)]
action=close, ok=True, locked=[False]
enable laser
enable () {}
set extraction state FusionsCO2 Enabled (False, 'red', 1.5)
enabling laser
Enable ===>> OK
begin interval
BEGIN INTERVAL Interval 1 waiting for 30.0
block started
set extract to 5.0
WaitControl setup for 30.0  
extract (5.0,) {}
GetPosition ===>> 1.99390,-3.98780,1.00000
set extraction state FusionsCO2 ON! 5.0(watts) (0.75, 'red', 1.5)
extract sample to 5.0 (watts)
set laser output
SetLaserOutput 5.0,watts ===>> OK
executing pattern triangle.lp
execute_pattern ('triangle.lp',) {}
executing pattern triangle.lp
IsPatterning ===>> OK
Get Checksum: -1640178555
IsPatterning ===>> OK
IsPatterning ===>> OK
IsPatterning ===>> OK
Get Checksum: -1640178555
IsPatterning ===>> OK
IsPatterning ===>> OK
IsPatterning ===>> OK
Get Checksum: -1640178555
IsPatterning ===>> OK
IsPatterning ===>> OK
IsPatterning ===>> OK
Get Checksum: -1640178555
IsPatterning ===>> OK
IsPatterning ===>> OK
IsPatterning ===>> OK
Get Checksum: -1640178555
IsPatterning ===>> OK
IsPatterning ===>> OK
IsPatterning ===>> OK
Get Checksum: -1640178555
IsPatterning ===>> OK
IsPatterning ===>> OK
IsPatterning ===>> OK
Get Checksum: -1640178555
IsPatterning ===>> OK
IsPatterning ===>> OK
IsPatterning ===>> OK
Get Checksum: -1640178555
IsPatterning ===>> OK
IsPatterning ===>> OK
IsPatterning ===>> OK
Get Checksum: -1640178555
IsPatterning ===>> OK
IsPatterning ===>> False
IsPatterning ===>> False
Block completed
COMPLETE INTERVAL waiting for Interval 1 to complete
Get Checksum: -1640178555
Join finished
block finished. duration 30.0298340321
Interval 1 finished
end_extract () {}
ending extraction. set laser power to 0
set laser power 0
SetLaserPower 0 ===>> OK
disable () {}
%%%%%%%%%%%%%%%%%%%%%%%%%%%%%%%%%%% disable
set extraction state False (0.75, 'red', 1.5)
disabling laser
Disable ===>> OK
sleep (30.0,) {}
SLEEP 30.0
block started
WaitControl setup for 30.0  
Get Checksum: -1640178555
Get Checksum: -1640178555
Get Checksum: -1640178555
Get Checksum: -1640178555
Get Checksum: -1640178555
Get Checksum: -1640178555
Get Checksum: -1640178555
Get Checksum: -1640178555
Get Checksum: -1640178555
Join finished
block finished. duration 30.0261399746
executed 166.5
jan_co2.py completed successfully
GetAchievedOutput ===>> No Response
Requested Output= 0.000
Achieved Output=  0.000
GetResponseBlob ===>> No Response
GetOutputBlob ===>> No Response
persistence save...
persistence save - db
AutomatedRunPersister post_extraction_save deprecated
persistence save - dvc
no extraction position for 146
create new session 4983587952
close session 4983587952
Extraction Finished
15:21:51 -- ******* Extraction Finished *******
no overlap. not waiting for min ms pumptime
15:21:51 -- Sending spectrometer configuration
======== Sending configuration ========
SetDeflection CDD,50.0 ===>> OK
SetDeflection H2,0.0 ===>> OK
SetDeflection H1,0.0 ===>> OK
SetDeflection L2,825.0 ===>> OK
SetDeflection L1,400.0 ===>> OK
SetDeflection AX,190.0 ===>> OK
SetZFocus 74.64 ===>> OK
SetZSymmetry -50.72 ===>> OK
SetExtractionLens 26.13 ===>> OK
SetIonRepeller -3.81 ===>> OK
SetElectronEnergy 75.08 ===>> OK
SetYSymmetry -2.81 ===>> OK
SetIonCounterVoltage 1590.0 ===>> OK
send trap current 200.0
GetParameter Trap Current Readback ===>> 198.482695477019
SetParameter Trap Current Set,200.0 ===>> OK
updating mftable name mftable
Using mftable located at /Users/jan/PychronDev/setupfiles/spectrometer/mftables/mftable.csv
============ MFtable ===========
Isotope  H2     H1     AX     L1     L2     CDD    
Ar40     5.7848 5.8795 5.9929 6.1247 6.2313 6.3530
Ar39     5.6841 5.7718 5.8853 6.0108 6.1164 6.2395
Ar36     5.3616 5.4408 5.5487 5.6697 5.7714 5.8906
================================
get initial guess parabolic
get initial guess parabolic
get initial guess parabolic
get initial guess parabolic
get initial guess parabolic
get initial guess parabolic
======== Configuration Finished ========
GetYSymmetry ===>> -2.81
GetZSymmetry ===>> -50.72
GetParameter Trap Current Readback ===>> 197.923274125618
GetHighVoltage ===>> 4500
start measurement
do measurement
L#=25382 analysis type=unknown
Measurement Started jan_unknown120_60.py
15:21:52 -- ******* Measurement Started jan_unknown120_60.py *******
state changed from extraction to measurement
setting spec, defl, and gains
GetExtractionLens ===>> 26.13
GetYSymmetry ===>> -2.81
GetZSymmetry ===>> -50.72
GetZFocus ===>> 74.64
GetDeflection H2 ===>> 0
GetDeflection H1 ===>> 0
GetDeflection AX ===>> 190
GetDeflection L1 ===>> 400
GetDeflection L2 ===>> 825
GetDeflection CDD ===>> 50
GetGain H2 ===>> 0.0113
GetGain H1 ===>> 0.1
GetGain AX ===>> 0.097049
GetGain L1 ===>> 0.010355
GetGain L2 ===>> 0.095649
GetGain CDD ===>> 0
pre measurement save
New frame /Users/jan/PychronDev/data/isotopes/80/d1e8bf-21e8-4355-84a2-ade858f0d722.h5
flush and close file /Users/jan/PychronDev/data/isotopes/80/d1e8bf-21e8-4355-84a2-ade858f0d722.h5
testing...
no interpolation path defined
executed 226.132928
unknown measurement script
activate_detectors ('H2', 'H1', 'AX', 'L1', 'L2', 'CDD') {}
activate detectors
*************** Set Analysis View Ar/Ar
create graphs
clearing graphs
clear isotope group
setting isotope det=H2, iso=PM41
setting isotope det=H1, iso=Ar40
setting isotope det=AX, iso=Ar39
setting isotope det=L1, iso=Ar38
setting isotope det=L2, iso=Ar37
setting isotope det=CDD, iso=Ar36
setting previous blanks
 - setting Ar40 blank 0.835+/-0.007
 - setting Ar36 blank 0.00679+/-0.00020
 - setting Ar37 blank 0.051+/-0.005
 - setting Ar38 blank 0.0190+/-0.0023
 - setting PM41 blank 0.02+/-0.07
 - setting Ar39 blank 0.026+/-0.009
load analysis view
position_magnet ('Ar40',) {'detector': 'H1'}
detector Detector(H1)
POSITION Ar40 H1
setting detector H2 to PM41 (40.9624)
setting detector H1 to Ar40 (39.9624)
setting detector AX to Ar39 (38.9624)
setting detector L1 to Ar38 (37.9624)
setting detector L2 to Ar37 (36.9624)
setting detector CDD to Ar36 (35.9624)
Mapping mass to dac mass func: "parabolic"
H1 map mass coeffs = [-0.00063987  0.15840543  0.57113999]
H1 map mass to dac 39.9624 >> 5.87953
GetDeflection H1 ===>> 0
GetHighVoltage ===>> 4500
positioning Ar40 (5.87953) on H1
setting magnet DAC
current  : 5.879530
requested: 5.879530
Delta Dac: 0.000000
Checking detector protection. dv=0.00000
Checking detector "CDD". Protection Threshold: 0.1 (V)
SetMagnetDAC 5.87953 ===>> OK
Magnet settling time: 0.500
Get Checksum: -1640178555
equilibrate () {'delay': 3, 'inlet': 'R', 'outlet': 'O', 'eqtime': 12.0}
Equilibration Started
15:21:53 -- ******* Equilibration Started *******
checking ownership. requestor=129.138.12.150
check software interlocks O
interlocks []
actuate state mode=None-script, software_lock=False
doing actuation None-script close_channel True
Close O ===>> OK
GetIndicatorState O ===>> False
change switch state (True, True)
update switch state O False args=() kw={} ncanvase=3
15:21:53 -- CLOSE  VALVE-O (Jan Ion Pump)
waiting 3s before opening inlet value ('R',)
Get Checksum: -423938523
checking ownership. requestor=129.138.12.150
check software interlocks R
interlocks []
actuate state mode=None-script, software_lock=False
doing actuation None-script open_channel True
Open R ===>> OK
GetIndicatorState R ===>> OK
change switch state (True, True)
update switch state R True args=() kw={} ncanvase=3
15:21:56 -- OPEN   VALVE-R (Jan Inlet)
equilibrating for 12.0sec
set_time_zero () {}
sniff (12.0,) {}
py_sniff
build tables- sniff [Detector(H2), Detector(H1), Detector(AX), Detector(L1), Detector(L2), Detector(CDD)]
add group /sniff/PM41 (Group) '' table H2
add group /sniff/Ar40 (Group) '' table H1
add group /sniff/Ar39 (Group) '' table AX
add group /sniff/Ar38 (Group) '' table L1
add group /sniff/Ar37 (Group) '' table L2
add group /sniff/Ar36 (Group) '' table CDD
flush and close file /Users/jan/PychronDev/data/isotopes/80/d1e8bf-21e8-4355-84a2-ade858f0d722.h5
measuring sniff. ncounts=12.0
starting measurement
GetData ===>> H2,-0.207359817063527,H1,-0.0176791850720502,AX,-0.0760246112009138,L1,-0.0224021570934827,L2,0.0...
GetData ===>> H2,0.550177981553641,H1,533.912672419743,AX,140.720485815907,L1,0.521533193719103,L2,0.7988758131...
Get Checksum: -173909521
GetData ===>> H2,0.986005489595506,H1,1447.80449620484,AX,368.576252496643,L1,2.43176033467202,L2,1.42836538336...
GetData ===>> H2,0.350931387618047,H1,1756.59378813333,AX,436.299956579508,L1,3.94214404749139,L2,1.50600769992...
GetData ===>> H2,0.183960527418844,H1,1858.24764501457,AX,456.409766284924,L1,4.793521424465,L2,1.5242788124834...
Get Checksum: -173909521
GetData ===>> H2,0.165386882366051,H1,1896.76133709655,AX,463.487799490218,L1,5.31134886357271,L2,1.39621267866...
GetData ===>> H2,0.144479792755007,H1,1913.28565396035,AX,466.848849686516,L1,5.5828855785798,L2,1.520842659653...
GetData ===>> H2,0.0135173178440102,H1,1919.94542860629,AX,468.023927085123,L1,5.75322181113543,L2,1.4536037601...
Get Checksum: -173909521
GetData ===>> H2,-0.0175185802141067,H1,1921.41890975819,AX,468.326645132117,L1,5.86552340758362,L2,1.460701091...
GetData ===>> H2,-0.104807744912377,H1,1922.33091165697,AX,468.409262255451,L1,5.95472438027926,L2,1.4840294971...
Get Checksum: -173909521
GetData ===>> H2,-0.108092985918859,H1,1922.21153479554,AX,468.45241490088,L1,6.00256881050993,L2,1.52360076593...
Equilibration Finished
15:22:08 -- ******* Equilibration Finished *******
checking ownership. requestor=129.138.12.150
check software interlocks R
interlocks []
actuate state mode=None-script, software_lock=False
doing actuation None-script close_channel True
GetData ===>> H2,-0.0912169464146074,H1,1922.66801996721,AX,468.591679519072,L1,6.03214227090037,L2,1.469292087...
Close R ===>> OK
GetIndicatorState R ===>> False
change switch state (True, True)
update switch state R False args=() kw={} ncanvase=3
15:22:09 -- CLOSE  VALVE-R (Jan Inlet)
Post Equilibration Started jan_pump_extraction_line.py
15:22:09 -- ******* Post Equilibration Started jan_pump_extraction_line.py *******
testing...
no interpolation path defined
calculate duration
testing...
no interpolation path defined
executed 4.0
executed 4.0
Pump after analysis
doing GOSUB
testing...
no interpolation path defined
executed 4.0
Pump Microbone
close () {'description': 'Jan Inlet'}
closing name=--- desc=Jan Inlet
checking ownership. requestor=129.138.12.150
check software interlocks R
interlocks []
actuate state mode=None-script, software_lock=False
doing actuation None-script close_channel False
measurement finished
Close R ===>> OK
estimated time: 12.583 actual time: :12.661
flush and close file /Users/jan/PychronDev/data/isotopes/80/d1e8bf-21e8-4355-84a2-ade858f0d722.h5
set_fits () {}
using default fits file=/Users/jan/PychronDev/scripts/measurement/fits/nominal_linear.yaml
set "Ar40" to "('Linear', 'SEM')"
No fit for "PM41". defaulting to linear. check the measurement script "jan_unknown120_60.py"
set "PM41" to "linear"
set "Ar36" to "('Linear', 'SEM')"
set "Ar37" to "('linear', 'SEM')"
set "Ar38" to "('linear', 'SEM')"
set "Ar39" to "('Linear', 'SEM')"
set_baseline_fits () {}
using default fits file=/Users/jan/PychronDev/scripts/measurement/fits/nominal_linear.yaml
set "H1" to "('average', 'SEM')"
set "H2" to "('average', 'SEM')"
set "CDD" to "('average', 'SEM')"
set "L2" to "('average', 'SEM')"
set "L1" to "('average', 'SEM')"
set "AX" to "('average', 'SEM')"
multicollect () {'integration_time': 1, 'ncounts': 120}
build tables- signal [Detector(H2), Detector(H1), Detector(AX), Detector(L1), Detector(L2), Detector(CDD)]
add group /signal/PM41 (Group) '' table H2
add group /signal/Ar40 (Group) '' table H1
add group /signal/Ar39 (Group) '' table AX
add group /signal/Ar38 (Group) '' table L1
add group /signal/Ar37 (Group) '' table L2
add group /signal/Ar36 (Group) '' table CDD
flush and close file /Users/jan/PychronDev/data/isotopes/80/d1e8bf-21e8-4355-84a2-ade858f0d722.h5
measuring signal. ncounts=120
GetIndicatorState R ===>> False
change switch state (True, True)
update switch state R False args=() kw={} ncanvase=3
15:22:10 -- CLOSE  VALVE-R (Jan Inlet)
---------------------------------------- close None (Jan Inlet) result=[(True, True)]
action=close, ok=True, locked=[False]
is_closed ('F',) {}
is F () closed?
is closed True
open () {'description': 'CO2 Laser to Jan'}
opening name=--- desc=CO2 Laser to Jan
checking ownership. requestor=129.138.12.150
check software interlocks A
interlocks []
actuate state mode=None-script, software_lock=False
doing actuation None-script open_channel False
Open A ===>> OK
GetIndicatorState A ===>> OK
change switch state (True, True)
update switch state A True args=() kw={} ncanvase=3
15:22:10 -- OPEN   VALVE-A (CO2 Laser to Jan)
---------------------------------------- open None (CO2 Laser to Jan) result=[(True, True)], time=0.12 sec
starting measurement
GetData ===>> H2,0.118932079595392,H1,1921.92910703448,AX,468.505019722752,L1,6.05738892973989,L2,1.43210823745...
action=open, ok=True, locked=[False]
sleep (1,) {}
SLEEP 1.0
Get Checksum: -423938523
GetData ===>> H2,0.0722085069425785,H1,1921.30986873182,AX,468.370194278124,L1,6.05454225137624,L2,1.4214541146...
close () {'description': 'CO2 Laser to Roughing'}
closing name=--- desc=CO2 Laser to Roughing
checking ownership. requestor=129.138.12.150
check software interlocks G
interlocks []
actuate state mode=None-script, software_lock=True
VALVE-G(CO2 Laser to Roughing) software locked
change switch state (True, False)
---------------------------------------- close None (CO2 Laser to Roughing) result=[(True, False)]
action=close, ok=True, locked=[True]
open () {'description': 'Microbone to Turbo'}
opening name=--- desc=Microbone to Turbo
checking ownership. requestor=129.138.12.150
check software interlocks U
interlocks []
actuate state mode=None-script, software_lock=False
doing actuation None-script open_channel True
Open U ===>> OK
GetIndicatorState U ===>> OK
change switch state (True, True)
update switch state U True args=() kw={} ncanvase=3
15:22:12 -- OPEN   VALVE-U (Microbone to Turbo)
---------------------------------------- open None (Microbone to Turbo) result=[(True, True)], time=0.21 sec
action=open, ok=True, locked=[False]
open () {'description': 'Microbone to Getter NP-10'}
opening name=--- desc=Microbone to Getter NP-10
checking ownership. requestor=129.138.12.150
check software interlocks M
interlocks []
actuate state mode=None-script, software_lock=False
doing actuation None-script open_channel False
Open M ===>> OK
GetIndicatorState M ===>> OK
change switch state (True, True)
update switch state M True args=() kw={} ncanvase=3
15:22:12 -- OPEN   VALVE-M (Microbone to Getter NP-10)
---------------------------------------- open None (Microbone to Getter NP-10) result=[(True, True)], time=0.14 sec
action=open, ok=True, locked=[False]
open () {'description': 'Microbone to Getter D-50'}
opening name=--- desc=Microbone to Getter D-50
checking ownership. requestor=129.138.12.150
check software interlocks K
interlocks []
actuate state mode=None-script, software_lock=False
doing actuation None-script open_channel False
GetData ===>> H2,0.0548165087800472,H1,1919.852932187,AX,468.223999274487,L1,6.07421356547454,L2,1.493438265900...
Open K ===>> OK
GetIndicatorState K ===>> OK
change switch state (True, True)
update switch state K True args=() kw={} ncanvase=3
15:22:13 -- OPEN   VALVE-K (Microbone to Getter D-50)
---------------------------------------- open None (Microbone to Getter D-50) result=[(True, True)], time=0.41 sec
action=open, ok=True, locked=[False]
open () {'description': 'Microbone to CO2 Laser'}
opening name=--- desc=Microbone to CO2 Laser
checking ownership. requestor=129.138.12.150
check software interlocks T
interlocks []
actuate state mode=None-script, software_lock=False
doing actuation None-script open_channel False
Open T ===>> OK
GetIndicatorState T ===>> OK
change switch state (True, True)
update switch state T True args=() kw={} ncanvase=3
15:22:13 -- OPEN   VALVE-T (Microbone to CO2 Laser)
---------------------------------------- open None (Microbone to CO2 Laser) result=[(True, True)], time=0.42 sec
GetData ===>> H2,-0.00533695630214776,H1,1920.09925600827,AX,468.031667339852,L1,6.0504418747664,L2,1.419663235...
action=open, ok=True, locked=[False]
open () {'description': 'Microbone to Inlet Pipette'}
opening name=--- desc=Microbone to Inlet Pipette
checking ownership. requestor=129.138.12.150
check software interlocks S
interlocks []
actuate state mode=None-script, software_lock=False
doing actuation None-script open_channel False
Open S ===>> OK
Get Checksum: -110011688
GetIndicatorState S ===>> OK
change switch state (True, True)
update switch state S True args=() kw={} ncanvase=3
15:22:14 -- OPEN   VALVE-S (Microbone to Inlet Pipette)
---------------------------------------- open None (Microbone to Inlet Pipette) result=[(True, True)], time=0.44 sec
action=open, ok=True, locked=[False]
sleep (1,) {}
SLEEP 1.0
GetData ===>> H2,-0.0245204804743224,H1,1919.40773047432,AX,467.964000370792,L1,6.06837097915999,L2,1.455085198...
set_resource () {'name': 'CO2PumpTimeFlag', 'value': 30}
Set CO2PumpTimeFlag 30 ===>> OK
release ('JanCO2Flag',) {}
release JanCO2Flag
Set JanCO2Flag 0 ===>> OK
executed 6.0
PumpMicrobone.py completed successfully
gosub finished
get_resource_value () {'name': 'JanMiniboneFlag'}
Read JanMiniboneFlag ===>> 0
Get Resource Value JanMiniboneFlag=0.0
get resource value 0.0
get_resource_value () {'name': 'JanMiniboneFlag'}
Read JanMiniboneFlag ===>> 0
Get Resource Value JanMiniboneFlag=0.0
executed 4.0
jan_pump_extraction_line.py completed successfully
Post Equilibration Finished
15:22:15 -- ******* Post Equilibration Finished *******
GetData ===>> H2,0.00338823926997269,H1,1918.40368463336,AX,467.760939698642,L1,6.08648471907193,L2,1.433692679...
GetData ===>> H2,-0.0226051302255229,H1,1918.10374543737,AX,467.496246486862,L1,6.071947767823,L2,1.58228374546...
Get Checksum: -110011688
GetData ===>> H2,-0.0748657339674919,H1,1917.44222052753,AX,467.154308600768,L1,6.0346587654201,L2,1.4001953126...
GetData ===>> H2,-0.0884269066844428,H1,1916.66884029241,AX,467.343054555608,L1,6.04933898647681,L2,1.411455465...
GetData ===>> H2,-0.132350982812855,H1,1915.29063583801,AX,466.83993912728,L1,6.00901052845761,L2,1.36419690631...
Get Checksum: -110011688
GetData ===>> H2,-0.167973807208503,H1,1914.45146433105,AX,467.215646800797,L1,6.03628523336208,L2,1.5150738757...
GetData ===>> H2,-0.101740843086405,H1,1913.34814254578,AX,466.839308300326,L1,6.09101414452731,L2,1.4773439705...
GetData ===>> H2,-0.114206638094254,H1,1912.75892629719,AX,466.308417142195,L1,6.0939066562952,L2,1.42684991324...
Get Checksum: -110011688
GetData ===>> H2,-0.0850020440417673,H1,1912.35491759455,AX,466.461243032986,L1,6.06984003762991,L2,1.378792024...
GetData ===>> H2,-0.0359668270044961,H1,1911.06089848145,AX,465.998253649619,L1,6.01868541304414,L2,1.422441408...
GetData ===>> H2,0.054039456561888,H1,1910.33777075998,AX,466.000300923007,L1,6.02100012269858,L2,1.33774442475...
Get Checksum: -110011688
GetData ===>> H2,-0.138788625077341,H1,1910.00650756675,AX,465.836924257157,L1,5.99699291504192,L2,1.5094088522...
GetData ===>> H2,-0.0985431293123924,H1,1908.88175409686,AX,465.863219334147,L1,5.99201711356467,L2,1.460827423...
Get Checksum: -110011688
GetData ===>> H2,-0.0933777741971166,H1,1908.1185866026,AX,465.560976946266,L1,6.01142751916041,L2,1.4841558603...
GetData ===>> H2,-0.0544716313618043,H1,1907.5847166654,AX,465.28938153938,L1,5.98881318538087,L2,1.39092188355...
GetData ===>> H2,-0.0200926988464839,H1,1906.69796548672,AX,464.92230194494,L1,5.95501196527037,L2,1.3608926581...
Get Checksum: -110011688
GetData ===>> H2,-0.0261742349968558,H1,1906.32832462279,AX,464.89235026239,L1,5.96955492660178,L2,1.4090564030...
GetData ===>> H2,-0.11272318867311,H1,1905.31512784677,AX,464.519587771051,L1,5.92871938510833,L2,1.48969302937...
GetData ===>> H2,-0.198078761471746,H1,1904.09471474283,AX,464.293104766026,L1,5.96589355149194,L2,1.3716777757...
Get Checksum: -110011688
15:22:35 -- collecting point 25
GetData ===>> H2,-0.133305839737102,H1,1903.59500873204,AX,464.323370320323,L1,5.96660613985371,L2,1.4693265450...
GetData ===>> H2,-0.0103786435654377,H1,1902.95047607036,AX,464.211770936956,L1,5.90603130599889,L2,1.545792000...
GetData ===>> H2,-0.0848341050310036,H1,1901.83104386674,AX,464.093550106258,L1,5.8942009823438,L2,1.4500093565...
Get Checksum: -110011688
GetData ===>> H2,-0.0520116848229531,H1,1901.35664240137,AX,463.83316911134,L1,5.90723743902328,L2,1.4997457569...
GetData ===>> H2,-0.101987200289729,H1,1900.56020246637,AX,463.917163736224,L1,5.91699074245648,L2,1.4872001151...
GetData ===>> H2,-0.0855992909108588,H1,1900.54339141241,AX,463.433868553379,L1,5.93613004513862,L2,1.441041157...
Get Checksum: -110011688
GetData ===>> H2,-0.000684799830972932,H1,1899.48409495616,AX,463.008070251468,L1,5.93110402761949,L2,1.3781035...
GetData ===>> H2,-0.0371302415148571,H1,1898.32061258187,AX,463.18775548752,L1,5.91833204403379,L2,1.4045224531...
GetData ===>> H2,-0.150981866645702,H1,1898.17441306859,AX,463.262559465014,L1,5.89474998177801,L2,1.4416841762...
Get Checksum: -110011688
GetData ===>> H2,-0.0630589593519491,H1,1896.78820783857,AX,463.15397000261,L1,5.92392694680694,L2,1.3675586361...
GetData ===>> H2,-0.205316886112351,H1,1896.10490736758,AX,462.894760052572,L1,5.89448323339832,L2,1.3927810886...
GetData ===>> H2,-0.068174154496862,H1,1895.11104776638,AX,462.662909929837,L1,5.90008920051476,L2,1.5143844028...
Get Checksum: -110011688
GetData ===>> H2,-0.124402814112111,H1,1894.19649163316,AX,462.331348731369,L1,5.93993657003905,L2,1.3817526252...
GetData ===>> H2,-0.202277410885128,H1,1893.79319199499,AX,462.16197175719,L1,5.90731816233856,L2,1.47534529495...
GetData ===>> H2,-0.186581616862516,H1,1893.41360948978,AX,462.187925848437,L1,5.90516829867505,L2,1.5976794318...
Get Checksum: -110011688
GetData ===>> H2,-0.108433903797399,H1,1892.75922052813,AX,461.787903246844,L1,5.91092556105827,L2,1.4658349235...
GetData ===>> H2,-0.157869014582203,H1,1892.10533019313,AX,461.740099192576,L1,5.8547431787835,L2,1.36888959239...
Get Checksum: -110011688
GetData ===>> H2,-0.165142025673035,H1,1891.35811877069,AX,461.475935624076,L1,5.88725358417541,L2,1.4639053974...
GetData ===>> H2,-0.154642873225862,H1,1890.02860683314,AX,461.402304943771,L1,5.91104503710863,L2,1.4844660253...
GetData ===>> H2,-0.107921170253087,H1,1888.9262720228,AX,461.157121304829,L1,5.89608225463459,L2,1.37210232104...
Get Checksum: -110011688
GetData ===>> H2,0.04846531376926,H1,1888.24044636838,AX,460.842750718789,L1,5.88687820848046,L2,1.449745236358...
GetData ===>> H2,-0.114789948789795,H1,1888.36843257359,AX,460.694235707133,L1,5.89587596830951,L2,1.4376079708...
GetData ===>> H2,-0.127501653879918,H1,1886.75258277846,AX,460.492949770371,L1,5.84760755617459,L2,1.4581170510...
Get Checksum: -110011688
GetData ===>> H2,-0.143956647438957,H1,1886.20054243744,AX,460.034248480086,L1,5.87061997905499,L2,1.3426124884...
GetData ===>> H2,-0.0524676223722691,H1,1885.77220881179,AX,460.216815714686,L1,5.90346263048372,L2,1.419456597...
15:23:02 -- collecting point 50
GetData ===>> H2,-0.0280342522969073,H1,1885.13515089726,AX,459.948290669153,L1,5.83468932917658,L2,1.425391869...
Get Checksum: -110011688
GetData ===>> H2,-0.175471379630353,H1,1884.23708165219,AX,459.760675348163,L1,5.83564092310513,L2,1.4202487115...
GetData ===>> H2,-0.104998553016793,H1,1883.17393854984,AX,459.612639473916,L1,5.87584668960673,L2,1.4783662977...
GetData ===>> H2,-0.0984727207475335,H1,1882.58138096917,AX,459.452032670012,L1,5.87038122643405,L2,1.426608817...
Get Checksum: -110011688
GetData ===>> H2,-0.00336889728259047,H1,1881.78706172638,AX,459.28825654042,L1,5.89476549057287,L2,1.327193970...
GetData ===>> H2,-0.0662534121774429,H1,1881.6320694405,AX,458.861334578332,L1,5.91388330341974,L2,1.5096156829...
GetData ===>> H2,-0.00913202587959462,H1,1880.3649127575,AX,458.637388933515,L1,5.90327019423055,L2,1.470934571...
Get Checksum: -110011688
GetData ===>> H2,0.0322309539417994,H1,1879.52262100076,AX,458.846533903666,L1,5.82476336872347,L2,1.4368846059...
GetData ===>> H2,-0.152755127737092,H1,1878.36399227143,AX,458.566652854844,L1,5.83303851779559,L2,1.4547521601...
GetData ===>> H2,-0.232185568238439,H1,1878.01597860988,AX,458.666863576285,L1,5.85832217147634,L2,1.4409607806...
Get Checksum: -110011688
GetData ===>> H2,-0.159206216035842,H1,1877.11474837209,AX,458.470374028963,L1,5.84792506198077,L2,1.5380405750...
GetData ===>> H2,-0.0957169660058061,H1,1876.81241123391,AX,458.340361679843,L1,5.83837385522796,L2,1.349065348...
GetData ===>> H2,-0.0174669560610368,H1,1876.14667308274,AX,458.045246219028,L1,5.82673315969505,L2,1.417505040...
Get Checksum: -110011688
GetData ===>> H2,-0.0808488888846514,H1,1875.66520608455,AX,457.601569405391,L1,5.82484692016567,L2,1.393791042...
GetData ===>> H2,-0.103597865754325,H1,1874.90848485491,AX,457.821258443981,L1,5.85831752480633,L2,1.4444974325...
GetData ===>> H2,-0.00787575422946258,H1,1873.46982391305,AX,457.912486510597,L1,5.87839636421209,L2,1.35482369...
GetData ===>> H2,-0.0763689334501795,H1,1872.59801865456,AX,457.380795313327,L1,5.84889466431516,L2,1.413636482...
Get Checksum: -110011688
GetData ===>> H2,-0.0348005781965268,H1,1872.41643507398,AX,457.253290352179,L1,5.86626575827453,L2,1.393458215...
GetData ===>> H2,-0.110343309391267,H1,1871.64501166968,AX,457.013301499826,L1,5.85530218626219,L2,1.5063064449...
GetData ===>> H2,-0.0997982241788965,H1,1870.92877316816,AX,456.750021586411,L1,5.80796044012669,L2,1.375154512...
Get Checksum: -110011688
GetData ===>> H2,-0.0793760915903854,H1,1869.88900545934,AX,456.440032634452,L1,5.78525551810204,L2,1.368706011...
GetData ===>> H2,0.0138235338563279,H1,1869.14844370931,AX,456.661953482182,L1,5.78957729211589,L2,1.3186304695...
GetData ===>> H2,-0.169305768516161,H1,1869.30796082196,AX,456.37205369477,L1,5.77166171201415,L2,1.48323685896...
Get Checksum: -110011688
GetData ===>> H2,-0.142312163548303,H1,1868.45484150179,AX,456.029807462408,L1,5.79105169117753,L2,1.5019747322...
GetData ===>> H2,-0.0959620995231616,H1,1867.55098344414,AX,455.946631836526,L1,5.76837863729003,L2,1.360204287...
15:23:28 -- collecting point 75
GetData ===>> H2,-0.0305473070852754,H1,1866.88588190642,AX,456.085109562172,L1,5.76435082672481,L2,1.414531862...
Get Checksum: -110011688
GetData ===>> H2,-0.0213788612589385,H1,1865.43037458922,AX,455.675981850372,L1,5.81114181203668,L2,1.415025472...
GetData ===>> H2,-0.0839903093982656,H1,1864.15284813738,AX,455.484009210715,L1,5.82107371627374,L2,1.375613497...
GetData ===>> H2,-0.186864829908452,H1,1864.13267052835,AX,455.512372531461,L1,5.82010081285725,L2,1.5241179196...
Get Checksum: -110011688
GetData ===>> H2,-0.152248401287237,H1,1863.14736769075,AX,454.983338868956,L1,5.79382923985067,L2,1.4534085335...
GetData ===>> H2,-0.240000410289564,H1,1862.52156465489,AX,454.766239246935,L1,5.7651504227037,L2,1.46026467072...
GetData ===>> H2,-0.0503166854640984,H1,1862.26580789795,AX,454.838624884446,L1,5.77031193712141,L2,1.464284408...
Get Checksum: -110011688
GetData ===>> H2,0.0176104032544256,H1,1861.5605523077,AX,454.884232249739,L1,5.78940111727896,L2,1.35746232599...
GetData ===>> H2,-0.00654455356157577,H1,1860.81791249579,AX,454.754782892418,L1,5.80559463624187,L2,1.40092987...
GetData ===>> H2,-0.0632121488025686,H1,1859.64051255698,AX,454.001911060989,L1,5.74948427459261,L2,1.412534488...
Get Checksum: -110011688
GetData ===>> H2,-0.103172888807245,H1,1858.80618526717,AX,454.200364065399,L1,5.74231757943886,L2,1.3460914677...
GetData ===>> H2,-0.176400123963186,H1,1858.25034406343,AX,454.131577027315,L1,5.75952497021238,L2,1.4190433235...
Get Checksum: -110011688
GetData ===>> H2,-0.17838559945785,H1,1857.40085561711,AX,453.867545945989,L1,5.77175283460827,L2,1.44624284106...
GetData ===>> H2,-0.079227039838436,H1,1856.96777409776,AX,453.690611569123,L1,5.73842121698641,L2,1.4078855904...
GetData ===>> H2,-0.116693958688371,H1,1855.87121244605,AX,453.485047325766,L1,5.75745443125617,L2,1.4715203588...
Get Checksum: -110011688
GetData ===>> H2,-0.273180251199659,H1,1854.76504596057,AX,453.502971717017,L1,5.80871820709499,L2,1.3784821998...
GetData ===>> H2,-0.26988290426618,H1,1854.5250791362,AX,453.11078633697,L1,5.82903136897122,L2,1.5236122582132...
GetData ===>> H2,-0.148012111808288,H1,1854.09195046102,AX,453.180362787608,L1,5.78946447812886,L2,1.4110766620...
Get Checksum: -110011688
GetData ===>> H2,-0.0895042494148643,H1,1852.97085501084,AX,453.17874096881,L1,5.76380904360461,L2,1.3750741904...
GetData ===>> H2,-0.061276116335166,H1,1852.19486000108,AX,452.997846207548,L1,5.79105169117753,L2,1.3623611988...
GetData ===>> H2,-0.127135299387764,H1,1851.47170081918,AX,452.559008468214,L1,5.81523738935022,L2,1.3534287369...
Get Checksum: -110011688
GetData ===>> H2,-0.0856493986321762,H1,1851.16225062436,AX,452.214323893311,L1,5.81273448046695,L2,1.369451812...
GetData ===>> H2,-0.0572742100505289,H1,1850.16030612118,AX,451.93200104675,L1,5.76386461006116,L2,1.3674094784...
GetData ===>> H2,-0.146678912964468,H1,1849.81818368418,AX,451.870267268699,L1,5.77224089195326,L2,1.3393173335...
Get Checksum: -110011688
GetData ===>> H2,-0.148456476591668,H1,1848.89732747425,AX,451.570076570775,L1,5.71903417869792,L2,1.4393532545...
15:23:54 -- collecting point 100
GetData ===>> H2,-0.119669096053935,H1,1847.9371349777,AX,451.616986539549,L1,5.71727501709626,L2,1.44075409726...
GetData ===>> H2,-0.100869074704827,H1,1847.02819458919,AX,451.538961070917,L1,5.7394649631901,L2,1.34689521017...
Get Checksum: -110011688
GetData ===>> H2,-0.0877804520381019,H1,1846.48517785745,AX,451.50973652338,L1,5.76174707922936,L2,1.4244619480...
GetData ===>> H2,-0.11639761991728,H1,1846.00774401138,AX,451.312198290776,L1,5.77267850390315,L2,1.45327072672...
GetData ===>> H2,-0.110943064311754,H1,1845.35874150932,AX,451.212030425961,L1,5.75757785201901,L2,1.4171491728...
Get Checksum: -110011688
GetData ===>> H2,-0.121534416626501,H1,1844.35014204987,AX,451.040698462604,L1,5.75345315039414,L2,1.3929647157...
GetData ===>> H2,-0.0710600841883003,H1,1843.24623899097,AX,450.537925739332,L1,5.72013570207594,L2,1.337847753...
GetData ===>> H2,-0.0691967903845041,H1,1843.02811159939,AX,450.491437850048,L1,5.75878898066195,L2,1.360135450...
Get Checksum: -110011688
GetData ===>> H2,-0.098059738650851,H1,1842.76627756315,AX,450.170477606299,L1,5.76080109315835,L2,1.3511436745...
GetData ===>> H2,-0.180778235485599,H1,1841.15408501776,AX,449.963604138728,L1,5.75655658061403,L2,1.3896135755...
Get Checksum: -110011688
GetData ===>> H2,-0.199580962151993,H1,1840.0811037011,AX,449.785703550292,L1,5.74432249682885,L2,1.39708494177...
GetData ===>> H2,-0.0170770503046158,H1,1839.54328700721,AX,450.003447028736,L1,5.7616992381444,L2,1.3324747935...
GetData ===>> H2,-0.0260872727810178,H1,1838.79122525485,AX,450.01516646311,L1,5.74926363050348,L2,1.3784821998...
Get Checksum: -110011688
GetData ===>> H2,0.034783417241942,H1,1838.73004570963,AX,449.729670051947,L1,5.7598274015241,L2,1.366021175206...
GetData ===>> H2,0.0257148155337657,H1,1837.64568861715,AX,449.389162956986,L1,5.74623671161777,L2,1.4320852747...
GetData ===>> H2,-0.0545286122422191,H1,1836.94837134877,AX,449.180602401841,L1,5.73718794741958,L2,1.415691276...
Get Checksum: -110011688
GetData ===>> H2,-0.0470766212372994,H1,1835.97859857281,AX,449.104910932865,L1,5.70828395036993,L2,1.371104068...
GetData ===>> H2,-0.154723943300353,H1,1835.51925373648,AX,448.803443495848,L1,5.71662501969298,L2,1.3842083860...
GetData ===>> H2,-0.072064834332884,H1,1834.02588387225,AX,448.519893479509,L1,5.75244558960427,L2,1.3681782169...
Get Checksum: -110011688
GetData ===>> H2,-0.0296263707845285,H1,1833.93360588626,AX,448.705753981961,L1,5.73266423503933,L2,1.354284501...
GetData ===>> H2,-0.14060256639175,H1,1833.87759426696,AX,448.446221878243,L1,5.7488254394077,L2,1.311043338496...
measurement finished
estimated time: 125.829 actual time: :126.102
flush and close file /Users/jan/PychronDev/data/isotopes/80/d1e8bf-21e8-4355-84a2-ade858f0d722.h5
baselines () {'settling_time': 15.0, 'detector': 'H1', 'mass': 34.2, 'ncounts': 60}
%%%%%%%%%%%%%%%%%%%%%%%%%%%%%%%% Baseline
build tables- baseline [Detector(H2), Detector(H1), Detector(AX), Detector(L1), Detector(L2), Detector(CDD)]
add group baseline table H2
add group baseline table H1
add group baseline table AX
add group baseline table L1
add group baseline table L2
add group baseline table CDD
flush and close file /Users/jan/PychronDev/data/isotopes/80/d1e8bf-21e8-4355-84a2-ade858f0d722.h5
detector Detector(H1)
POSITION 34.2 H1
Mapping mass to dac mass func: "parabolic"
H1 map mass coeffs = [-0.00063987  0.15840543  0.57113999]
H1 map mass to dac 34.2 >> 5.24018599104
GetDeflection H1 ===>> 0
GetHighVoltage ===>> 4500
positioning 34.2 (5.24018599104) on H1
setting magnet DAC
current  : 5.879530
requested: 5.240186
Delta Dac: 0.639344
Checking detector protection. dv=0.63934
Checking detector "CDD". Protection Threshold: 0.1 (V)
ProtectDetector CDD,On ===>> OK
GetDeflection CDD ===>> 2000
SetMagnetDAC 5.24018599104 ===>> OK
Magnet settling time: 0.500
Get Checksum: -110011688
GetMagnetMoving ===>> True
GetMagnetMoving ===>> True
GetMagnetMoving ===>> True
GetMagnetMoving ===>> True
GetMagnetMoving ===>> True
GetMagnetMoving ===>> True
GetMagnetMoving ===>> True
GetMagnetMoving ===>> True
GetMagnetMoving ===>> True
GetMagnetMoving ===>> False
ProtectDetector CDD,Off ===>> OK
GetDeflection CDD ===>> 50
Delaying 15.0s for detectors to settle
Get Checksum: -110011688
Get Checksum: -110011688
Get Checksum: -110011688
Get Checksum: -110011688
Get Checksum: -110011688
Join finished
measuring baseline. ncounts=60
starting measurement
GetData ===>> H2,-0.12889937013507,H1,-0.0516757954555523,AX,-0.114443582354795,L1,-0.095922066363703,L2,0.0562...
Get Checksum: -110011688
GetData ===>> H2,-0.164608794106608,H1,-0.0838492508359988,AX,-0.138536105773837,L1,-0.0604894817190308,L2,0.09...
GetData ===>> H2,-0.182795321997003,H1,-0.0619285566649584,AX,-0.150037961278377,L1,-0.124082957825339,L2,-0.05...
GetData ===>> H2,-0.20484113747823,H1,-0.0880087534702366,AX,-0.183654539030589,L1,-0.119746336348126,L2,-0.043...
Get Checksum: -110011688
GetData ===>> H2,-0.188327984438422,H1,-0.0604741591280654,AX,-0.147881466969527,L1,-0.0737831492201566,L2,0.02...
GetData ===>> H2,-0.244966559814617,H1,-0.043830531583766,AX,-0.178809831724196,L1,-0.0865167555705339,L2,-0.04...
Get Checksum: -110011688
GetData ===>> H2,-0.229544832367513,H1,-0.0975785284384355,AX,-0.0185822714600295,L1,-0.103883376682947,L2,0.00...
GetData ===>> H2,-0.287175078993587,H1,-0.0405515536572974,AX,-0.0705299799894672,L1,-0.0809210900668422,L2,-0....
GetData ===>> H2,-0.292915290991736,H1,-0.0669114961449278,AX,-0.093097719236151,L1,-0.0998575378280852,L2,-0.0...
Get Checksum: -110011688
GetData ===>> H2,-0.177733710810795,H1,-0.0373320889887062,AX,-0.125717221403784,L1,-0.0815162931996584,L2,-0.0...
GetData ===>> H2,-0.108496133734381,H1,-0.026826374674349,AX,-0.00634501523624456,L1,-0.0762371149286333,L2,-0....
GetData ===>> H2,-0.161715406662598,H1,0.0455153050150649,AX,-0.110503873203722,L1,-0.0945983496129501,L2,-0.00...
Get Checksum: -110011688
GetData ===>> H2,-0.20728705409314,H1,0.00252630562880292,AX,0.00939749050600109,L1,-0.0452892319111595,L2,-0.0...
GetData ===>> H2,-0.262139621407475,H1,0.0738401764496689,AX,-0.159741594027251,L1,-0.0637110877249737,L2,-0.09...
GetData ===>> H2,-0.302208902645717,H1,-0.0300700273052844,AX,-0.113748351156718,L1,-0.05083872526423,L2,0.0401...
Get Checksum: -110011688
GetData ===>> H2,-0.100308616852446,H1,-0.0448320888765118,AX,-0.0656958390070434,L1,-0.0252557779871049,L2,0.0...
GetData ===>> H2,-0.0968450780924417,H1,0.0337729298956592,AX,-0.0816696159054186,L1,-0.0574834718581462,L2,-0....
GetData ===>> H2,-0.185521527993523,H1,0.0352406514725569,AX,-0.144808959694943,L1,-0.085335270330145,L2,-0.102...
Get Checksum: -110011688
GetData ===>> H2,-0.111328894415684,H1,0.103778976882008,AX,0.0176119825316222,L1,-0.0382237648858633,L2,0.0096...
GetData ===>> H2,-0.135276161566451,H1,-0.0081614041931964,AX,0.0119963508755544,L1,-0.056214742246334,L2,-0.00...
GetData ===>> H2,-0.155349514542855,H1,-0.0319660843861812,AX,-0.0874997389746841,L1,-0.0336896594002832,L2,-0....
Get Checksum: -110011688
GetData ===>> H2,-0.2631374051056,H1,0.0224853188054432,AX,-0.0997847393041637,L1,-0.055571937859914,L2,-0.0331...
GetData ===>> H2,-0.234561971955219,H1,0.0146945072349915,AX,-0.118835011278959,L1,-0.0420948190323732,L2,0.025...
GetData ===>> H2,-0.150409314145278,H1,0.0301216183456578,AX,-0.129714241145541,L1,-0.0290849014109204,L2,-0.02...
15:25:00 -- collecting point 25
GetData ===>> H2,-0.201432143368535,H1,0.0463387549433981,AX,-0.0604672771012568,L1,-0.0517420080054302,L2,0.04...
GetData ===>> H2,-0.224879639410153,H1,0.0458255897001215,AX,-0.15112778430119,L1,-0.0236067451261592,L2,-0.031...
Get Checksum: -110011688
GetData ===>> H2,-0.262060279023995,H1,0.0754024980593072,AX,-0.0280810333761426,L1,-0.021760849897742,L2,-0.08...
GetData ===>> H2,-0.281700691706375,H1,-0.0200048210015289,AX,-0.0876504134687447,L1,-0.0213988229218214,L2,-0....
Get Checksum: -110011688
GetData ===>> H2,-0.195247423458218,H1,0.0389876155166171,AX,-0.0919039740666435,L1,-0.0468884514446252,L2,-0.0...
GetData ===>> H2,-0.250547842270507,H1,0.0142172949926912,AX,0.0210464954195314,L1,-0.0446044582950401,L2,-0.02...
GetData ===>> H2,-0.136986561594745,H1,0.0101491529859611,AX,-0.0368251057663223,L1,-0.0266050034657325,L2,-0.0...
Get Checksum: -110011688
GetData ===>> H2,-0.214967700490525,H1,0.0685147794885712,AX,-0.133039173011505,L1,-0.00201606396222437,L2,-0.0...
GetData ===>> H2,-0.273138603684966,H1,0.0342025047153751,AX,-0.0753175136092696,L1,-0.00944682418918877,L2,0.0...
GetData ===>> H2,-0.207225070452821,H1,0.0591090627200643,AX,0.00454801695667993,L1,-0.013677327531967,L2,-0.09...
Get Checksum: -110011688
GetData ===>> H2,-0.276739873475962,H1,0.108861112022729,AX,-0.145551008077209,L1,-0.0341470260581584,L2,-0.099...
GetData ===>> H2,-0.227478382789302,H1,0.104912294535908,AX,-0.141782735017383,L1,-0.0105930358542248,L2,-0.094...
GetData ===>> H2,-0.14364182222416,H1,0.0559223007021494,AX,0.0070191299888895,L1,-0.0107177204646253,L2,-0.024...
Get Checksum: -110011688
GetData ===>> H2,-0.219005354909916,H1,0.00918284443265378,AX,-0.0550181442312926,L1,0.0244991752885619,L2,-0.1...
GetData ===>> H2,-0.222568544843435,H1,0.13466945375209,AX,-0.00749341085550942,L1,0.00837052495940546,L2,-0.00...
GetData ===>> H2,-0.272822883651473,H1,0.0702336861566401,AX,-0.0143371037775298,L1,-0.0321018848556615,L2,-0.0...
Get Checksum: -110011688
GetData ===>> H2,-0.156331713335756,H1,-0.0235468395920922,AX,-0.0881256161139811,L1,-0.0389892307952666,L2,-0....
GetData ===>> H2,-0.146324987855008,H1,0.0318398660162924,AX,-0.0743669808813991,L1,-0.00538607459915602,L2,-0....
GetData ===>> H2,-0.206903019549363,H1,0.0594790678779546,AX,0.0596264786147186,L1,-0.0102069833234069,L2,-0.03...
Get Checksum: -110011688
GetData ===>> H2,-0.0565186940780455,H1,0.0195979948007575,AX,0.0780208421422526,L1,-0.0104155973994069,L2,0.03...
GetData ===>> H2,-0.178162908798619,H1,-0.00143400564500669,AX,-0.061626627706632,L1,-0.0223518129606962,L2,0.0...
GetData ===>> H2,-0.276878205920044,H1,-0.0242981607546209,AX,-0.107769157748631,L1,0.00654551858194248,L2,0.00...
Get Checksum: -110011688
GetData ===>> H2,-0.209677207508395,H1,-0.0308451493204796,AX,-0.0544152426980098,L1,0.0113013057536407,L2,-0.1...
GetData ===>> H2,-0.166744269278805,H1,0.132819813697416,AX,-0.0405474764209184,L1,0.00563253953657558,L2,-0.01...
GetData ===>> H2,-0.214641830262235,H1,-0.0071594798727979,AX,0.00600979455222342,L1,-0.0170378917603056,L2,-0....
Get Checksum: -110011688
15:25:26 -- collecting point 50
GetData ===>> H2,-0.193751468419052,H1,0.0279857821444686,AX,-0.151765441045528,L1,-0.0267895193457385,L2,-0.05...
GetData ===>> H2,-0.252219403083581,H1,0.0980171496839823,AX,0.00838813040850887,L1,-0.0240813491518755,L2,0.03...
Get Checksum: -110011688
GetData ===>> H2,-0.282193831377651,H1,0.00367148508042554,AX,0.059754044201785,L1,0.00330938802355644,L2,-0.08...
GetData ===>> H2,-0.277208585278273,H1,0.0182856023269508,AX,0.0130289530506053,L1,0.0218493268370082,L2,-0.120...
GetData ===>> H2,-0.17923718212863,H1,-0.0469782493234703,AX,-0.0737178312433559,L1,-0.000568856708674449,L2,-0...
Get Checksum: -110011688
GetData ===>> H2,-0.158052720291683,H1,-0.0184305502812563,AX,-0.121256585175377,L1,0.0136362190942083,L2,0.005...
GetData ===>> H2,-0.252724991380673,H1,0.0265897574087905,AX,-0.104964835797955,L1,-0.00841800005694447,L2,0.02...
GetData ===>> H2,-0.301948689266684,H1,0.0935796950715996,AX,-0.0915678684153093,L1,-0.0156741882749936,L2,-0.0...
Get Checksum: -110011688
GetData ===>> H2,-0.278070749223708,H1,0.0727072103772432,AX,0.0168113871448281,L1,-0.0131679391566541,L2,-0.14...
GetData ===>> H2,-0.298028665517931,H1,-0.0304993263938734,AX,-0.0252280228064417,L1,-0.0238056980247324,L2,-0....
GetData ===>> H2,-0.12654856682042,H1,0.034620148668263,AX,-0.0434696115715515,L1,0.0257821781084378,L2,0.01337...
Get Checksum: -110011688
measurement finished
estimated time: 62.915 actual time: :63.073
flush and close file /Users/jan/PychronDev/data/isotopes/80/d1e8bf-21e8-4355-84a2-ade858f0d722.h5
activate_detectors ('H1', 'AX', 'CDD') {'peak_center': True}
peak_center () {'detector': 'H1', 'integration_time': 0.262144, 'isotope': 'Ar40'}
peak center: mean=1836.49935543 threshold=3
peak center started
setup peak center. detector=['H1', 'AX', 'CDD'], isotope=Ar40
VersionedUnpickler [<apptools.sweet_pickle.versioned_unpickler.VersionedUnpickler object at 0x1a20e2890>] using Updater [<apptools.sweet_pickle.updater.Updater object at 0x133e38fb0>]
VersionedUnpickler [<apptools.sweet_pickle.versioned_unpickler.VersionedUnpickler object at 0x1a20e2890>] using Updater [<apptools.sweet_pickle.updater.Updater object at 0x133e38fb0>]
VersionedUnpickler [<apptools.sweet_pickle.versioned_unpickler.VersionedUnpickler object at 0x1935eb410>] using Updater [<apptools.sweet_pickle.updater.Updater object at 0x133e38fb0>]
setting integration time = 0.524288
SetIntegrationTime 0.524288 ===>> OK
Mapping mass to dac mass func: "parabolic"
H1 map mass coeffs = [-0.00063987  0.15840543  0.57113999]
H1 map mass to dac 39.9624 >> 5.87953
GetDeflection H1 ===>> 0
GetHighVoltage ===>> 4500
do peak center. <pychron.spectrometer.jobs.peak_center.PeakCenter object at 0x12d6e98f0>
doing pc
starting peak center. center dac= 5.87953 step_width=0.001
width = 0.001
get scan parameters. half-width=0.015,window=0.015, i=0, scalar=1
Scan parameters center=5.87953 width=0.03000 (5.86453 - 5.89453)
GetData ===>> H2,-0.135583106090361,H1,0.0392382136562343,AX,-0.0681998844609531,L1,0.0139747964291827,L2,-0.01...
Moving to starting dac 5.86453
setting magnet DAC
current  : 5.240186
requested: 5.864530
Delta Dac: 0.624344
Checking detector protection. dv=0.62434
Checking detector "CDD". Protection Threshold: 0.1 (V)
ProtectDetector CDD,On ===>> OK
GetDeflection CDD ===>> 2000
SetMagnetDAC 5.86453 ===>> OK
Magnet settling time: 0.500
GetMagnetMoving ===>> True
GetMagnetMoving ===>> True
GetMagnetMoving ===>> True
GetMagnetMoving ===>> True
GetMagnetMoving ===>> True
GetMagnetMoving ===>> True
GetMagnetMoving ===>> True
GetMagnetMoving ===>> True
Get Checksum: -110011688
GetMagnetMoving ===>> False
ProtectDetector CDD,Off ===>> OK
GetDeflection CDD ===>> 50
Wait until signal near baseline. tol= 0.0294286602422. timeout= 10
GetData ===>> H2,7.11029579316854,H1,2.90049771291645,AX,-0.066831941689379,L1,0.0625431815626994,L2,-0.0502025...
GetData ===>> H2,102.031934652264,H1,59.183551625969,AX,4.92493913547858,L1,0.0755718561077433,L2,0.04936306378...
GetData ===>> H2,125.657184444328,H1,67.702939012901,AX,10.6159943159475,L1,0.0936315345783691,L2,-0.1280318906...
GetData ===>> H2,69.1922278133394,H1,32.4219930747289,AX,4.78418873922617,L1,0.109827347013365,L2,0.13090090557...
GetData ===>> H2,29.1590814124991,H1,16.3165071799118,AX,2.2315418974848,L1,0.068222504161002,L2,-0.01942388397...
GetData ===>> H2,10.0245776934151,H1,8.73514682114396,AX,1.06164691087542,L1,0.00911454089388928,L2,0.012139083...
Get Checksum: -110011688
GetData ===>> H2,2.9936513537823,H1,4.88172892855518,AX,0.666975839053592,L1,-0.0118709798915958,L2,0.107232502...
GetData ===>> H2,1.05459417328638,H1,3.10894365054699,AX,0.437779964811781,L1,0.00940227998905645,L2,0.22029163...
GetData ===>> H2,0.582137437890503,H1,2.18804071534742,AX,0.352508027269015,L1,0.0239774169422669,L2,-0.1125813...
GetData ===>> H2,0.53352114621691,H1,1.80184302860791,AX,0.106412841921053,L1,0.00454843646347149,L2,-0.0885709...
GetData ===>> H2,0.46649147631377,H1,1.57073847518159,AX,0.049861725353192,L1,-0.00661910382123965,L2,0.0144167...
GetData ===>> H2,0.490967107473694,H1,1.40697239992449,AX,0.0681222892697333,L1,0.00432750968447484,L2,-0.04842...
Get Checksum: -110011688
GetData ===>> H2,0.446793843693842,H1,1.39479969255845,AX,0.172854385072043,L1,0.0117068870373088,L2,-0.0712547...
GetData ===>> H2,0.419230010089079,H1,1.31078329103251,AX,0.172367214097346,L1,0.0146501641603049,L2,-0.1054062...
GetData ===>> H2,0.435909005221731,H1,1.30174028558778,AX,0.233050340795623,L1,0.00250024680250924,L2,0.0446466...
GetData ===>> H2,0.378846264726538,H1,1.19366418107123,AX,0.113089733843954,L1,-0.0040353264705173,L2,-0.085658...
GetData ===>> H2,0.357837878259725,H1,1.32148243050054,AX,0.154877070048377,L1,-0.0401031850043836,L2,-0.115316...
GetData ===>> H2,0.27608789105196,H1,1.27243405312598,AX,0.185011249632183,L1,-0.0413224041024802,L2,-0.1046555...
Get Checksum: -110011688
GetData ===>> H2,0.172577405618535,H1,1.27413655514219,AX,0.151769070646536,L1,-0.00109088330632049,L2,-0.08611...
GetData ===>> H2,0.115483224559372,H1,1.32196223915566,AX,0.0707641319593334,L1,-0.0113123488960275,L2,0.097588...
GetData ===>> H2,0.115483224559372,H1,1.32196223915566,AX,0.0707641319593334,L1,-0.0113123488960275,L2,0.097588...
Peak center failed to move to a baseline position
_do_sweep sm= 5.86453, em= 5.89453, stm= 0.001
calculated step values: start=5.86453, end=5.89453, width=0.001, nsteps=31.0
setting magnet DAC
current  : 5.864530
requested: 5.864530
Delta Dac: 0.000000
Checking detector protection. dv=0.00000
Checking detector "CDD". Protection Threshold: 0.1 (V)
SetMagnetDAC 5.86453 ===>> OK
GetData ===>> H2,0.05891940143672,H1,1.40060975609757,AX,0.00639264469274662,L1,-0.0206563471502588,L2,0.043370...
setting magnet DAC
current  : 5.864530
requested: 5.865564
Delta Dac: 0.001034
Checking detector protection. dv=0.00103
Checking detector "CDD". Protection Threshold: 0.1 (V)
SetMagnetDAC 5.86556448276 ===>> OK
Magnet settling time: 1.049
GetData ===>> H2,0.0263957813254066,H1,3.03505499655457,AX,0.595160590600216,L1,0.00335260807781753,L2,-0.07678...
setting magnet DAC
current  : 5.865564
requested: 5.866599
Delta Dac: 0.001034
Checking detector protection. dv=0.00103
Checking detector "CDD". Protection Threshold: 0.1 (V)
SetMagnetDAC 5.86659896552 ===>> OK
Magnet settling time: 1.049
Get Checksum: -110011688
GetData ===>> H2,-0.0239116427181995,H1,11.1461967323688,AX,2.04591452693444,L1,0.00894429913204945,L2,-0.04430...
setting magnet DAC
current  : 5.866599
requested: 5.867633
Delta Dac: 0.001034
Checking detector protection. dv=0.00103
Checking detector "CDD". Protection Threshold: 0.1 (V)
SetMagnetDAC 5.86763344828 ===>> OK
Magnet settling time: 1.049
GetData ===>> H2,0.0681761777806122,H1,44.6320581266391,AX,6.74913668457951,L1,0.0411832086239866,L2,-0.0098832...
setting magnet DAC
current  : 5.867633
requested: 5.868668
Delta Dac: 0.001034
Checking detector protection. dv=0.00103
Checking detector "CDD". Protection Threshold: 0.1 (V)
SetMagnetDAC 5.86866793103 ===>> OK
Magnet settling time: 1.049
GetData ===>> H2,0.0139160807558278,H1,153.78381992599,AX,24.015319339809,L1,0.121751517595799,L2,0.04492002836...
setting magnet DAC
current  : 5.868668
requested: 5.869702
Delta Dac: 0.001034
Checking detector protection. dv=0.00103
Checking detector "CDD". Protection Threshold: 0.1 (V)
SetMagnetDAC 5.86970241379 ===>> OK
Magnet settling time: 1.049
Get Checksum: -110011688
GetData ===>> H2,0.102711306476665,H1,419.177918976958,AX,72.7937926518936,L1,0.437501089584555,L2,-0.006786283...
setting magnet DAC
current  : 5.869702
requested: 5.870737
Delta Dac: 0.001034
Checking detector protection. dv=0.00103
Checking detector "CDD". Protection Threshold: 0.1 (V)
SetMagnetDAC 5.87073689655 ===>> OK
Magnet settling time: 1.049
GetData ===>> H2,0.0878786819116812,H1,836.475420449143,AX,161.389095492272,L1,1.04648560058746,L2,0.0176511463...
setting magnet DAC
current  : 5.870737
requested: 5.871771
Delta Dac: 0.001034
Checking detector protection. dv=0.00103
Checking detector "CDD". Protection Threshold: 0.1 (V)
SetMagnetDAC 5.87177137931 ===>> OK
Magnet settling time: 1.049
GetData ===>> H2,-0.0993191999438163,H1,1264.7964397745,AX,267.300586190202,L1,1.99261671352813,L2,0.3921722178...
setting magnet DAC
current  : 5.871771
requested: 5.872806
Delta Dac: 0.001034
Checking detector protection. dv=0.00103
Checking detector "CDD". Protection Threshold: 0.1 (V)
SetMagnetDAC 5.87280586207 ===>> OK
Magnet settling time: 1.049
Get Checksum: -110011688
GetData ===>> H2,-0.0870604497342351,H1,1554.20331992224,AX,352.654434898531,L1,3.0150871745488,L2,0.6734253784...
setting magnet DAC
current  : 5.872806
requested: 5.873840
Delta Dac: 0.001034
Checking detector protection. dv=0.00103
Checking detector "CDD". Protection Threshold: 0.1 (V)
SetMagnetDAC 5.87384034483 ===>> OK
Magnet settling time: 1.049
GetData ===>> H2,-0.0346403624000417,H1,1688.69059742197,AX,400.726036359633,L1,3.99427173000528,L2,1.080535214...
setting magnet DAC
current  : 5.873840
requested: 5.874875
Delta Dac: 0.001034
Checking detector protection. dv=0.00103
Checking detector "CDD". Protection Threshold: 0.1 (V)
SetMagnetDAC 5.87487482759 ===>> OK
Magnet settling time: 1.049
Get Checksum: -110011688
GetData ===>> H2,0.0452324655206637,H1,1735.48265293413,AX,420.251942044107,L1,4.6339127212689,L2,1.18357485427...
setting magnet DAC
current  : 5.874875
requested: 5.875909
Delta Dac: 0.001034
Checking detector protection. dv=0.00103
Checking detector "CDD". Protection Threshold: 0.1 (V)
SetMagnetDAC 5.87590931034 ===>> OK
Magnet settling time: 1.049
GetData ===>> H2,-0.113136029367945,H1,1748.28882923305,AX,426.184368130702,L1,4.97506041762504,L2,1.2960889136...
setting magnet DAC
current  : 5.875909
requested: 5.876944
Delta Dac: 0.001034
Checking detector protection. dv=0.00103
Checking detector "CDD". Protection Threshold: 0.1 (V)
SetMagnetDAC 5.8769437931 ===>> OK
Magnet settling time: 1.049
GetData ===>> H2,-0.132229404492639,H1,1751.47348277601,AX,427.187839335113,L1,5.20275737329165,L2,1.3156690068...
setting magnet DAC
current  : 5.876944
requested: 5.877978
Delta Dac: 0.001034
Checking detector protection. dv=0.00103
Checking detector "CDD". Protection Threshold: 0.1 (V)
SetMagnetDAC 5.87797827586 ===>> OK
Magnet settling time: 1.049
Get Checksum: -110011688
GetData ===>> H2,-0.00922992162806865,H1,1751.60841228663,AX,427.94151664524,L1,5.35855701659319,L2,1.420914920...
setting magnet DAC
current  : 5.877978
requested: 5.879013
Delta Dac: 0.001034
Checking detector protection. dv=0.00103
Checking detector "CDD". Protection Threshold: 0.1 (V)
SetMagnetDAC 5.87901275862 ===>> OK
Magnet settling time: 1.049
GetData ===>> H2,0.0423096566852315,H1,1750.09894110077,AX,427.779922072679,L1,5.43011176001209,L2,1.3324059113...
setting magnet DAC
current  : 5.879013
requested: 5.880047
Delta Dac: 0.001034
Checking detector protection. dv=0.00103
Checking detector "CDD". Protection Threshold: 0.1 (V)
SetMagnetDAC 5.88004724138 ===>> OK
Magnet settling time: 1.049
GetData ===>> H2,0.00494796181182105,H1,1751.39632931281,AX,427.489477123664,L1,5.45596669620237,L2,1.318309066...
setting magnet DAC
current  : 5.880047
requested: 5.881082
Delta Dac: 0.001034
Checking detector protection. dv=0.00103
Checking detector "CDD". Protection Threshold: 0.1 (V)
SetMagnetDAC 5.88108172414 ===>> OK
Magnet settling time: 1.049
Get Checksum: -110011688
GetData ===>> H2,-0.0480146958815544,H1,1750.74810141927,AX,427.464934560434,L1,5.46869117078419,L2,1.398277406...
setting magnet DAC
current  : 5.881082
requested: 5.882116
Delta Dac: 0.001034
Checking detector protection. dv=0.00103
Checking detector "CDD". Protection Threshold: 0.1 (V)
SetMagnetDAC 5.8821162069 ===>> OK
Magnet settling time: 1.049
GetData ===>> H2,-0.000544796242122713,H1,1750.05756139611,AX,426.883467723798,L1,5.47957379722466,L2,1.1868073...
setting magnet DAC
current  : 5.882116
requested: 5.883151
Delta Dac: 0.001034
Checking detector protection. dv=0.00103
Checking detector "CDD". Protection Threshold: 0.1 (V)
SetMagnetDAC 5.88315068966 ===>> OK
Magnet settling time: 1.049
GetData ===>> H2,-0.104936644790712,H1,1746.76322825309,AX,425.421965491058,L1,5.48386287726325,L2,1.2939084931...
setting magnet DAC
current  : 5.883151
requested: 5.884185
Delta Dac: 0.001034
Checking detector protection. dv=0.00103
Checking detector "CDD". Protection Threshold: 0.1 (V)
SetMagnetDAC 5.88418517241 ===>> OK
Magnet settling time: 1.049
Get Checksum: -110011688
GetData ===>> H2,0.00573674309888588,H1,1736.15754916518,AX,420.258609014997,L1,5.40490031900453,L2,1.250058095...
setting magnet DAC
current  : 5.884185
requested: 5.885220
Delta Dac: 0.001034
Checking detector protection. dv=0.00103
Checking detector "CDD". Protection Threshold: 0.1 (V)
SetMagnetDAC 5.88521965517 ===>> OK
Magnet settling time: 1.049
GetData ===>> H2,-0.200252437982695,H1,1696.88101866557,AX,402.661543528168,L1,5.20560477922915,L2,1.2632960119...
setting magnet DAC
current  : 5.885220
requested: 5.886254
Delta Dac: 0.001034
Checking detector protection. dv=0.00103
Checking detector "CDD". Protection Threshold: 0.1 (V)
SetMagnetDAC 5.88625413793 ===>> OK
Magnet settling time: 1.049
GetData ===>> H2,-0.268628696437696,H1,1572.20500426939,AX,352.359524998916,L1,4.69003811877496,L2,1.0415661068...
setting magnet DAC
current  : 5.886254
requested: 5.887289
Delta Dac: 0.001034
Checking detector protection. dv=0.00103
Checking detector "CDD". Protection Threshold: 0.1 (V)
SetMagnetDAC 5.88728862069 ===>> OK
Magnet settling time: 1.049
Get Checksum: -110011688
GetData ===>> H2,-0.257623721912565,H1,1284.41150774181,AX,257.969006118081,L1,3.7522194938519,L2,0.58485968591...
setting magnet DAC
current  : 5.887289
requested: 5.888323
Delta Dac: 0.001034
Checking detector protection. dv=0.00103
Checking detector "CDD". Protection Threshold: 0.1 (V)
SetMagnetDAC 5.88832310345 ===>> OK
Magnet settling time: 1.049
GetData ===>> H2,-0.318558089272459,H1,865.494801829494,AX,149.959946658458,L1,2.673817881814,L2,0.220976418982...
setting magnet DAC
current  : 5.888323
requested: 5.889358
Delta Dac: 0.001034
Checking detector protection. dv=0.00103
Checking detector "CDD". Protection Threshold: 0.1 (V)
SetMagnetDAC 5.88935758621 ===>> OK
Magnet settling time: 1.049
Get Checksum: -110011688
GetData ===>> H2,-0.244581727655163,H1,450.274469127306,AX,65.5851297973741,L1,1.70530078302435,L2,0.0642658276...
setting magnet DAC
current  : 5.889358
requested: 5.890392
Delta Dac: 0.001034
Checking detector protection. dv=0.00103
Checking detector "CDD". Protection Threshold: 0.1 (V)
SetMagnetDAC 5.89039206897 ===>> OK
Magnet settling time: 1.049
GetData ===>> H2,-0.236211122424777,H1,176.551738883971,AX,21.1129549959404,L1,1.05307690261036,L2,-0.145849273...
setting magnet DAC
current  : 5.890392
requested: 5.891427
Delta Dac: 0.001034
Checking detector protection. dv=0.00103
Checking detector "CDD". Protection Threshold: 0.1 (V)
SetMagnetDAC 5.89142655172 ===>> OK
Magnet settling time: 1.049
GetData ===>> H2,-0.168583802847349,H1,28.0208784717869,AX,2.05512081674742,L1,0.436267389885087,L2,0.020748973...
setting magnet DAC
current  : 5.891427
requested: 5.892461
Delta Dac: 0.001034
Checking detector protection. dv=0.00103
Checking detector "CDD". Protection Threshold: 0.1 (V)
SetMagnetDAC 5.89246103448 ===>> OK
Magnet settling time: 1.049
Get Checksum: -110011688
GetData ===>> H2,-0.202916375029805,H1,6.79817268360339,AX,0.15274320904376,L1,0.274502415947799,L2,-0.08734229...
setting magnet DAC
current  : 5.892461
requested: 5.893496
Delta Dac: 0.001034
Checking detector protection. dv=0.00103
Checking detector "CDD". Protection Threshold: 0.1 (V)
SetMagnetDAC 5.89349551724 ===>> OK
Magnet settling time: 1.049
GetData ===>> H2,-0.232124554094085,H1,1.37264289622545,AX,-0.275279141101499,L1,0.159194723274805,L2,-0.088980...
setting magnet DAC
current  : 5.893496
requested: 5.894530
Delta Dac: 0.001034
Checking detector protection. dv=0.00103
Checking detector "CDD". Protection Threshold: 0.1 (V)
SetMagnetDAC 5.89453 ===>> OK
Magnet settling time: 1.049
GetData ===>> H2,-0.209638139163292,H1,0.169431138661902,AX,-0.355118616396746,L1,0.103778907066898,L2,-0.01245...
result of _do_sweep=True
result of _calculate_peak_center=([5.8718947294589174, 5.87956006012024, 5.8872253907815626], [1299.30487538334, 1751.6030042902123, 1302.002092198911], 5.8779368136272545, 1751.6030042902123)
Failed to find a valid peak. No peak greater than 1.0. max = 0.033010601521
new center pos Detector(H1) (Ar40) @ 5.87956006012
GetHighVoltage ===>> 4500
GetDeflection H1 ===>> 0
dac uncorrected for HV and deflection 5.87956006012
update mftable H1 Ar40 5.87956006012 message=automated run peakcenter
get initial guess parabolic
get initial guess parabolic
get initial guess parabolic
get initial guess parabolic
get initial guess parabolic
get initial guess parabolic
dump mftable to /Users/jan/PychronDev/setupfiles/spectrometer/mftables/mftable.csv
add to repo msg=modified - automated run peakcenter
sweep finished
Get Checksum: -110011688
locally archiving mftable
setting magnet DAC
current  : 5.894530
requested: 5.879560
Delta Dac: 0.014970
Checking detector protection. dv=0.01497
Checking detector "CDD". Protection Threshold: 0.1 (V)
SetMagnetDAC 5.87956006012 ===>> OK
Magnet settling time: 0.500
setting integration time = 1.048576
SetIntegrationTime 1.048576 ===>> OK
Failed to find a valid peak. No peak greater than 1.0. max = 0.033010601521
flush and close file /Users/jan/PychronDev/data/isotopes/80/d1e8bf-21e8-4355-84a2-ade858f0d722.h5
finished measure script
executed 226.132928
jan_unknown120_60.py completed successfully
Measurement Finished
15:26:24 -- ******* Measurement Finished *******
Post Measurement Started jan_pump_ms.py
15:26:24 -- ******* Post Measurement Started jan_pump_ms.py *******
testing...
no interpolation path defined
executed 0
Pumping spectrometer
open () {'name': 'O'}
opening name=O desc=---
checking ownership. requestor=129.138.12.150
check software interlocks O
interlocks []
actuate state mode=None-script, software_lock=False
doing actuation None-script open_channel True
Open O ===>> OK
GetIndicatorState O ===>> OK
change switch state (True, True)
update switch state O True args=() kw={} ncanvase=3
15:26:24 -- OPEN   VALVE-O (Jan Ion Pump)
---------------------------------------- open O () result=[(True, True)], time=0.09 sec
action=open, ok=True, locked=[False]
executed 0
jan_pump_ms.py completed successfully
setting _ms_pumptime
Post Measurement Finished
15:26:24 -- ******* Post Measurement Finished *******
$$$$$$$$$$$$$$$$$$$$ state at run end measurement
state changed from measurement to success
post measurement save measured=True aborted=False
Set filtering
setting fod for Ar40= {'filter_outliers': True, 'std_devs': 2, 'iterations': 1}
setting fod for H1= {'filter_outliers': True, 'std_devs': 2, 'iterations': 1}
setting fod for PM41= {'filter_outliers': False, 'std_devs': 2, 'iterations': 1}
setting fod for H2= {'filter_outliers': True, 'std_devs': 2, 'iterations': 1}
setting fod for Ar36= {'filter_outliers': True, 'std_devs': 2, 'iterations': 1}
setting fod for CDD= {'filter_outliers': True, 'std_devs': 10, 'iterations': 1}
setting fod for Ar37= {'filter_outliers': True, 'std_devs': 2, 'iterations': 1}
setting fod for L2= {'filter_outliers': True, 'std_devs': 2, 'iterations': 1}
setting fod for Ar38= {'filter_outliers': True, 'std_devs': 2, 'iterations': 1}
setting fod for L1= {'filter_outliers': True, 'std_devs': 2, 'iterations': 1}
setting fod for Ar39= {'filter_outliers': True, 'std_devs': 2, 'iterations': 1}
setting fod for AX= {'filter_outliers': True, 'std_devs': 2, 'iterations': 1}
persistence save...
persistence save - db
post measurement save
5134318096 connecting to database sqlite:////Users/jan/PychronDev/.appdata/local_lab.db
connected to db sqlite:////Users/jan/PychronDev/.appdata/local_lab.db
create new session 5134318096
close session 5134318096
No database instance. Not saving post measurement to isotopedb database
$$$$$$$$$$$$$$$ auto_save_detector_ic=False
massspec enabled True
create new session 5064816880
MassSpec Database Version: 16.0
close session 5064816880
saving post measurement to secondary database
saving to massspec database 129.138.12.160/massspecdata
setting labnumber to 25382
setting aliquot to 9
setting step to 
setting uuid to 80d1e8bf-21e8-4355-84a2-ade858f0d722
setting irradpos to 25382
setting extract_device to Fusions CO2
setting tray to 
setting position to 146
setting power_requested to 5.0
setting extract_value to 5.0
setting duration to 30.0
setting duration_at_request to 30.0
setting first_stage_delay to 30.0
setting cleanup to 30.0
setting comment to N:1
setting irradiation to NM-289
setting level to N
setting irradiation_level to N
setting sample to FC-2
setting material to Sanidine
setting project to Irradiation-NM-289
setting mass_spectrometer to Jan
no attribute chron_dosages
no attribute production_ratios
no attribute interference_corrections
no attribute production_name
no attribute j
Reference Isotope=Ar40
Reference Detector=H1
%%%%%%%%%%%%%%%%%%%% Comment: N:1 %%%%%%%%%%%%%%%%%%%
adding isotope PM41 H2
add baseline dbdet= PM41. original det= H2
get baseline data PM41 H2
Get data baseline <pychron.processing.isotope.Baseline object at 0x196f89910> len t=60
baseline PM41. v=-0.209194669441, e=0.00748995128965
get signal data PM41 H2
Get data signal PM41 0.15+/-0.07 len t=120
adding isotope Ar40 H1
add baseline dbdet= Ar40. original det= H1
get baseline data Ar40 H1
Get data baseline <pychron.processing.isotope.Baseline object at 0x196f89490> len t=60
baseline Ar40. v=0.012466566537, e=0.00667726369594
get signal data Ar40 H1
Get data signal Ar40 1931.42+/-0.07 len t=120
adding isotope Ar39 AX
add baseline dbdet= Ar39. original det= AX
get baseline data Ar39 AX
Get data baseline <pychron.processing.isotope.Baseline object at 0x196f89390> len t=60
baseline Ar39. v=-0.0707087352236, e=0.00816747569401
get signal data Ar39 AX
Get data signal Ar39 470.768+/-0.035 len t=120
adding isotope Ar38 L1
add baseline dbdet= Ar38. original det= L1
get baseline data Ar38 L1
Get data baseline <pychron.processing.isotope.Baseline object at 0x1a27759d0> len t=60
baseline Ar38. v=-0.0324446860785, e=0.00439013497073
get signal data Ar38 L1
Get data signal Ar38 6.091+/-0.007 len t=120
adding isotope Ar37 L2
add baseline dbdet= Ar37. original det= L2
get baseline data Ar37 L2
Get data baseline <pychron.processing.isotope.Baseline object at 0x1a2775f90> len t=60
baseline Ar37. v=-0.0339474324595, e=0.00645683803452
get signal data Ar37 L2
Get data signal Ar37 1.495+/-0.010 len t=120
adding isotope Ar36 CDD
add baseline dbdet= Ar36. original det= CDD
get baseline data Ar36 CDD
Get data baseline <pychron.processing.isotope.Baseline object at 0x1a2775e50> len t=60
baseline Ar36. v=0.000511104595211, e=3.59747222388e-05
get signal data Ar36 CDD
Get data signal Ar36 0.0185+/-0.0004 len t=120
25382-09 added analysis time 0.488337039948s
analysis added to mass spec database
mass spec save time= 0.499
persistence save - dvc
================= post measurement started
create new session 4983587952
close session 4983587952
---------------- Experiment Queue saving disabled
DVC saving peakcenter
Failed to find a valid peak. No peak greater than 1.0. max = 0.033010601521
Get Checksum: 2035439760
Smart pull ahead: 0 behind: 0
Up-to-date with origin
add to repo msg=modified - ad8224ebc6dbfeb9f5997218dfa5fe690569839d.json
add to repo msg=modified - 82-09.json
add to repo msg=modified - 82-09.dat.json
add to repo msg=modified - 82-09.blan.json
add to repo msg=modified - 82-09.inte.json
add to repo msg=modified - 82-09.icfa.json
add to repo msg=modified - 82-09.base.json
not at valid file /Users/jan/PychronDev/data/.dvc/repositories/Load1785/253/tags/82-09.tags.json
add to repo msg=modified - 82-09.peak.json
add to repo msg=modified - 82-09.extr.json
not at valid file /Users/jan/PychronDev/data/.dvc/repositories/Load1785/253/monitor/82-09.moni.json
commit message=<COLLECTION>
add to repo msg=modified - 82-09.inte.json
add to repo msg=modified - 82-09.base.json
Get Checksum: 2035439760
commit message=<ISOEVO> default collection fits
add to repo msg=modified - 82-09.blan.json
commit message=<BLANKS> preceding bu-FC-J-7511
add to repo msg=modified - 82-09.icfa.json
commit message=<ICFactor> default
Get Checksum: 2035439760
push repository <pychron.git_archive.repo_manager.GitRepoManager object at 0x19cba6290>
pushing to remote=origin, url=https://github.com
Get Checksum: 2035439760
no changes to meta repo
create new session 4983587952
add association Load1785
get identifier "25382"
setting analysis irradiation position=<pychron.dvc.dvc_orm.IrradiationPositionTbl object at 0x18d60f1d0>
close session 4983587952
================= post measurement finished
15:26:36 -- ******* Post Run Check *******
loading queue conditionals post_run_actions
loading system conditionals post_run_actions
loading conditionals from /Users/jan/PychronDev/setupfiles/spectrometer/default_conditionals.yaml
loading queue conditionals post_run_terminations
loading system conditionals post_run_terminations
loading conditionals from /Users/jan/PychronDev/setupfiles/spectrometer/default_conditionals.yaml
Checking default post run terminations n=1
GetDeflection CDD ===>> 50
testing CDD==2000
evaluate ot="CDD.deflection==2000" t="CDD==2000", ctx="{'CDD': 50.0}"
15:26:37 -- ******* Post Run Check Passed *******
15:26:37 -- Automated run 25382-09 success duration: 361.427 s
----------------- finish -----------------
----------------- stop -----------------
retroactive repository identifiers disabled
finish run. runs completed=63
update duration runid=25382-09, duration=361.427357197, md5=301e91d8
loading script "jan_unknown120_60.py"
loading script "jan_pump_ms.py"
loading script "jan_co2.py"
loading script "jan_pump_extraction_line.py"
testing...
no interpolation path defined
executed 213.652928
script duration name:unknown120_60 seconds:214.0
loading script "jan_unknown120_60.py"
loading script "jan_pump_ms.py"
loading script "jan_co2.py"
loading script "jan_pump_extraction_line.py"
testing...
no interpolation path defined
executed 0
loading script "jan_unknown120_60.py"
loading script "jan_pump_ms.py"
loading script "jan_co2.py"
loading script "jan_pump_extraction_line.py"
testing...
no interpolation path defined
calculate duration
testing...
no interpolation path defined
executed 0
calculate duration
testing...
no interpolation path defined
executed 0
executed 0.0
script duration name:co2 seconds:0.0
loading script "jan_unknown120_60.py"
loading script "jan_pump_ms.py"
loading script "jan_co2.py"
loading script "jan_pump_extraction_line.py"
testing...
no interpolation path defined
calculate duration
testing...
no interpolation path defined
executed 4.0
executed 4.0
Script duration 214.0
Run total estimated duration= 215.000
unknown120_60 in script context. using previous estimated duration
script duration name:unknown120_60 seconds:214.0
pump_ms in script context. using previous estimated duration
co2 in script context. using previous estimated duration
script duration name:co2 seconds:0.0
pump_extraction_line in script context. using previous estimated duration
Script duration 214.0
Run total estimated duration= 215.000
script duration name:unknown120_60 seconds:214.0
script duration name:co2 seconds:0.0
Script duration 214.0
Run total estimated duration= 215.000
script duration name:unknown120_60 seconds:214.0
script duration name:co2 seconds:0.0
Script duration 214.0
Run total estimated duration= 215.000
script duration name:unknown120_60 seconds:214.0
script duration name:co2 seconds:0.0
Script duration 214.0
Run total estimated duration= 215.000
script duration name:unknown120_60 seconds:214.0
script duration name:co2 seconds:0.0
Script duration 214.0
Run total estimated duration= 215.000
script duration name:unknown120_60 seconds:214.0
script duration name:co2 seconds:0.0
Script duration 214.0
Run total estimated duration= 215.000
script duration name:unknown120_60 seconds:214.0
script duration name:co2 seconds:0.0
Script duration 214.0
Run total estimated duration= 215.000
script duration name:unknown120_60 seconds:214.0
script duration name:co2 seconds:0.0
Script duration 214.0
Run total estimated duration= 215.000
script duration name:unknown120_60 seconds:214.0
script duration name:co2 seconds:0.0
Script duration 214.0
Run total estimated duration= 215.000
script duration name:unknown120_60 seconds:214.0
script duration name:co2 seconds:0.0
Script duration 214.0
Run total estimated duration= 215.000
script duration name:unknown120_60 seconds:214.0
script duration name:co2 seconds:0.0
Script duration 214.0
Run total estimated duration= 215.000
script duration name:unknown120_60 seconds:214.0
script duration name:co2 seconds:0.0
Script duration 214.0
Run total estimated duration= 215.000
loading script "jan_unknown400_120.py"
loading script "jan_pump_ms.py"
loading script "jan_co2.py"
loading script "jan_pump_extraction_line.py"
testing...
no interpolation path defined
executed 556.052928
script duration name:unknown400_120 seconds:556.0
script duration name:co2 seconds:0.0
Script duration 556.0
Run total estimated duration= 557.000
script duration name:unknown120_60 seconds:214.0
script duration name:co2 seconds:0.0
Script duration 214.0
Run total estimated duration= 215.000
script duration name:unknown120_60 seconds:214.0
script duration name:co2 seconds:0.0
Script duration 214.0
Run total estimated duration= 215.000
script duration name:unknown120_60 seconds:214.0
script duration name:co2 seconds:0.0
Script duration 214.0
Run total estimated duration= 215.000
script duration name:unknown120_60 seconds:214.0
script duration name:co2 seconds:0.0
Script duration 214.0
Run total estimated duration= 215.000
script duration name:unknown120_60 seconds:214.0
script duration name:co2 seconds:0.0
Script duration 214.0
Run total estimated duration= 215.000
unknown400_120 in script context. using previous estimated duration
script duration name:unknown400_120 seconds:556.0
loading script "jan_unknown400_120.py"
loading script "jan_pump_ms.py"
loading script "jan_cocktail_x1.py"
loading script "jan_pump_extraction_line.py"
testing...
no interpolation path defined
calculate duration
testing...
no interpolation path defined
executed 0
calculate duration
testing...
no interpolation path defined
executed 0
calculate duration
testing...
no interpolation path defined
executed 32.0
calculate duration
testing...
no interpolation path defined
executed 34.0
calculate duration
testing...
no interpolation path defined
executed 4.0
calculate duration
testing...
no interpolation path defined
executed 38.0
executed 108.0
script duration name:cocktail_x1 seconds:108.0
Script duration 664.0
Run total estimated duration= 665.000
script duration name:unknown400_120 seconds:556.0
cocktail_x1 in script context. using previous estimated duration
script duration name:cocktail_x1 seconds:108.0
Script duration 664.0
Run total estimated duration= 665.000
script duration name:unknown120_60 seconds:214.0
script duration name:co2 seconds:0.0
Script duration 214.0
Run total estimated duration= 215.000
script duration name:unknown120_60 seconds:214.0
script duration name:co2 seconds:0.0
Script duration 214.0
Run total estimated duration= 215.000
script duration name:unknown120_60 seconds:214.0
script duration name:co2 seconds:0.0
Script duration 214.0
Run total estimated duration= 215.000
script duration name:unknown120_60 seconds:214.0
script duration name:co2 seconds:0.0
Script duration 214.0
Run total estimated duration= 215.000
script duration name:unknown120_60 seconds:214.0
script duration name:co2 seconds:0.0
Script duration 214.0
Run total estimated duration= 215.000
script duration name:unknown120_60 seconds:214.0
script duration name:co2 seconds:0.0
Script duration 214.0
Run total estimated duration= 215.000
script duration name:unknown120_60 seconds:214.0
script duration name:co2 seconds:0.0
Script duration 214.0
Run total estimated duration= 215.000
script duration name:unknown120_60 seconds:214.0
script duration name:co2 seconds:0.0
Script duration 214.0
Run total estimated duration= 215.000
script duration name:unknown120_60 seconds:214.0
script duration name:co2 seconds:0.0
Script duration 214.0
Run total estimated duration= 215.000
script duration name:unknown120_60 seconds:214.0
script duration name:co2 seconds:0.0
Script duration 214.0
Run total estimated duration= 215.000
script duration name:unknown400_120 seconds:556.0
script duration name:co2 seconds:0.0
Script duration 556.0
Run total estimated duration= 557.000
script duration name:unknown400_120 seconds:556.0
loading script "jan_unknown400_120.py"
loading script "jan_pump_ms.py"
loading script "jan_sniffair_x2.py"
loading script "jan_pump_extraction_line.py"
testing...
no interpolation path defined
calculate duration
testing...
no interpolation path defined
executed 0
calculate duration
testing...
no interpolation path defined
executed 0
calculate duration
testing...
no interpolation path defined
executed 32.0
calculate duration
testing...
no interpolation path defined
executed 34.0
calculate duration
testing...
no interpolation path defined
executed 4.0
calculate duration
testing...
no interpolation path defined
executed 36.0
calculate duration
testing...
no interpolation path defined
executed 34.0
calculate duration
testing...
no interpolation path defined
executed 4.0
calculate duration
testing...
no interpolation path defined
executed 36.0
calculate duration
testing...
no interpolation path defined
executed 70.0
executed 250.0
script duration name:sniffair_x2 seconds:250.0
Script duration 806.0
Run total estimated duration= 807.000
loading script "jan_ic_peak_hop3.py"
loading script "jan_pump_ms.py"
loading script "jan_air_x1.py"
loading script "jan_pump_extraction_line.py"
testing...
no interpolation path defined
executed 133.8
script duration name:ic_peak_hop3 seconds:134.0
loading script "jan_ic_peak_hop3.py"
loading script "jan_pump_ms.py"
loading script "jan_air_x1.py"
loading script "jan_pump_extraction_line.py"
testing...
no interpolation path defined
calculate duration
testing...
no interpolation path defined
executed 0
calculate duration
testing...
no interpolation path defined
executed 0
calculate duration
testing...
no interpolation path defined
executed 32.0
calculate duration
testing...
no interpolation path defined
executed 34.0
calculate duration
testing...
no interpolation path defined
executed 4.0
calculate duration
testing...
no interpolation path defined
executed 36.0
executed 106.0
script duration name:air_x1 seconds:106.0
Script duration 240.0
Run total estimated duration= 241.000
script duration name:unknown120_60 seconds:214.0
script duration name:co2 seconds:0.0
Script duration 214.0
Run total estimated duration= 215.000
script duration name:unknown120_60 seconds:214.0
script duration name:co2 seconds:0.0
Script duration 214.0
Run total estimated duration= 215.000
script duration name:unknown120_60 seconds:214.0
script duration name:co2 seconds:0.0
Script duration 214.0
Run total estimated duration= 215.000
script duration name:unknown120_60 seconds:214.0
script duration name:co2 seconds:0.0
Script duration 214.0
Run total estimated duration= 215.000
script duration name:unknown120_60 seconds:214.0
script duration name:co2 seconds:0.0
Script duration 214.0
Run total estimated duration= 215.000
script duration name:unknown120_60 seconds:214.0
script duration name:co2 seconds:0.0
Script duration 214.0
Run total estimated duration= 215.000
script duration name:unknown120_60 seconds:214.0
script duration name:co2 seconds:0.0
Script duration 214.0
Run total estimated duration= 215.000
script duration name:unknown120_60 seconds:214.0
script duration name:co2 seconds:0.0
Script duration 214.0
Run total estimated duration= 215.000
script duration name:unknown120_60 seconds:214.0
script duration name:co2 seconds:0.0
Script duration 214.0
Run total estimated duration= 215.000
script duration name:unknown120_60 seconds:214.0
script duration name:co2 seconds:0.0
Script duration 214.0
Run total estimated duration= 215.000
script duration name:unknown400_120 seconds:556.0
script duration name:cocktail_x1 seconds:108.0
Script duration 664.0
Run total estimated duration= 665.000
script duration name:unknown120_60 seconds:214.0
script duration name:co2 seconds:0.0
Script duration 214.0
Run total estimated duration= 215.000
script duration name:unknown120_60 seconds:214.0
script duration name:co2 seconds:0.0
Script duration 214.0
Run total estimated duration= 215.000
script duration name:unknown120_60 seconds:214.0
script duration name:co2 seconds:0.0
Script duration 214.0
Run total estimated duration= 215.000
script duration name:unknown120_60 seconds:214.0
script duration name:co2 seconds:0.0
Script duration 214.0
Run total estimated duration= 215.000
script duration name:unknown120_60 seconds:214.0
script duration name:co2 seconds:0.0
Script duration 214.0
Run total estimated duration= 215.000
script duration name:unknown400_120 seconds:556.0
script duration name:co2 seconds:0.0
Script duration 556.0
Run total estimated duration= 557.000
script duration name:unknown120_60 seconds:214.0
script duration name:co2 seconds:0.0
Script duration 214.0
Run total estimated duration= 215.000
script duration name:unknown120_60 seconds:214.0
script duration name:co2 seconds:0.0
Script duration 214.0
Run total estimated duration= 215.000
script duration name:unknown120_60 seconds:214.0
script duration name:co2 seconds:0.0
Script duration 214.0
Run total estimated duration= 215.000
script duration name:unknown120_60 seconds:214.0
script duration name:co2 seconds:0.0
Script duration 214.0
Run total estimated duration= 215.000
script duration name:unknown120_60 seconds:214.0
script duration name:co2 seconds:0.0
Script duration 214.0
Run total estimated duration= 215.000
script duration name:unknown120_60 seconds:214.0
script duration name:co2 seconds:0.0
Script duration 214.0
Run total estimated duration= 215.000
script duration name:unknown120_60 seconds:214.0
script duration name:co2 seconds:0.0
Script duration 214.0
Run total estimated duration= 215.000
script duration name:unknown120_60 seconds:214.0
script duration name:co2 seconds:0.0
Script duration 214.0
Run total estimated duration= 215.000
script duration name:unknown120_60 seconds:214.0
script duration name:co2 seconds:0.0
Script duration 214.0
Run total estimated duration= 215.000
script duration name:unknown120_60 seconds:214.0
script duration name:co2 seconds:0.0
Script duration 214.0
Run total estimated duration= 215.000
script duration name:unknown120_60 seconds:214.0
script duration name:co2 seconds:0.0
Script duration 214.0
Run total estimated duration= 215.000
script duration name:unknown120_60 seconds:214.0
script duration name:co2 seconds:0.0
Script duration 214.0
Run total estimated duration= 215.000
script duration name:unknown120_60 seconds:214.0
script duration name:co2 seconds:0.0
Script duration 214.0
Run total estimated duration= 215.000
script duration name:unknown120_60 seconds:214.0
script duration name:co2 seconds:0.0
Script duration 214.0
Run total estimated duration= 215.000
script duration name:unknown120_60 seconds:214.0
script duration name:co2 seconds:0.0
Script duration 214.0
Run total estimated duration= 215.000
script duration name:unknown400_120 seconds:556.0
script duration name:co2 seconds:0.0
Script duration 556.0
Run total estimated duration= 557.000
script duration name:unknown400_120 seconds:556.0
script duration name:cocktail_x1 seconds:108.0
Script duration 664.0
Run total estimated duration= 665.000
script duration name:unknown400_120 seconds:556.0
script duration name:cocktail_x1 seconds:108.0
Script duration 664.0
Run total estimated duration= 665.000
script duration name:unknown400_120 seconds:556.0
sniffair_x2 in script context. using previous estimated duration
script duration name:sniffair_x2 seconds:250.0
Script duration 806.0
Run total estimated duration= 807.000
script duration name:unknown400_120 seconds:556.0
script duration name:sniffair_x2 seconds:250.0
Script duration 806.0
Run total estimated duration= 807.000
ic_peak_hop3 in script context. using previous estimated duration
script duration name:ic_peak_hop3 seconds:134.0
air_x1 in script context. using previous estimated duration
script duration name:air_x1 seconds:106.0
Script duration 240.0
Run total estimated duration= 241.000
script duration name:unknown120_60 seconds:214.0
script duration name:co2 seconds:0.0
Script duration 214.0
Run total estimated duration= 215.000
script duration name:unknown120_60 seconds:214.0
script duration name:co2 seconds:0.0
Script duration 214.0
Run total estimated duration= 215.000
script duration name:unknown120_60 seconds:214.0
script duration name:co2 seconds:0.0
Script duration 214.0
Run total estimated duration= 215.000
script duration name:unknown120_60 seconds:214.0
script duration name:co2 seconds:0.0
Script duration 214.0
Run total estimated duration= 215.000
script duration name:unknown120_60 seconds:214.0
script duration name:co2 seconds:0.0
Script duration 214.0
Run total estimated duration= 215.000
script duration name:unknown120_60 seconds:214.0
script duration name:co2 seconds:0.0
Script duration 214.0
Run total estimated duration= 215.000
script duration name:unknown120_60 seconds:214.0
script duration name:co2 seconds:0.0
Script duration 214.0
Run total estimated duration= 215.000
script duration name:unknown120_60 seconds:214.0
script duration name:co2 seconds:0.0
Script duration 214.0
Run total estimated duration= 215.000
script duration name:unknown120_60 seconds:214.0
script duration name:co2 seconds:0.0
Script duration 214.0
Run total estimated duration= 215.000
script duration name:unknown120_60 seconds:214.0
script duration name:co2 seconds:0.0
Script duration 214.0
Run total estimated duration= 215.000
script duration name:unknown120_60 seconds:214.0
script duration name:co2 seconds:0.0
Script duration 214.0
Run total estimated duration= 215.000
script duration name:unknown120_60 seconds:214.0
script duration name:co2 seconds:0.0
Script duration 214.0
Run total estimated duration= 215.000
script duration name:unknown120_60 seconds:214.0
script duration name:co2 seconds:0.0
Script duration 214.0
Run total estimated duration= 215.000
nruns=85 before=5.0, run_dur=23721.0, btw=2520.0
write rem/ex queues
/Users/jan/PychronDev/experiments/rem/CurrentExperiment.rem.txt
/Users/jan/PychronDev/experiments/rem/CurrentExperiment.ex.txt
doing event level: 3
