do run
loading script "jan_unknown120_60.py"
loading script "jan_pump_ms.py"
loading script "jan_co2.py"
loading script "jan_pump_extraction_line.py"
testing...
no interpolation path defined
executed 213.652928
script duration name:unknown120_60 seconds:214.0
loading script "jan_unknown120_60.py"
loading script "jan_pump_ms.py"
loading script "jan_co2.py"
loading script "jan_pump_extraction_line.py"
testing...
no interpolation path defined
executed 0
loading script "jan_unknown120_60.py"
loading script "jan_pump_ms.py"
loading script "jan_co2.py"
loading script "jan_pump_extraction_line.py"
testing...
no interpolation path defined
calculate duration
testing...
no interpolation path defined
executed 0
calculate duration
testing...
no interpolation path defined
executed 0
executed 0.0
script duration name:co2 seconds:0.0
loading script "jan_unknown120_60.py"
loading script "jan_pump_ms.py"
loading script "jan_co2.py"
loading script "jan_pump_extraction_line.py"
testing...
no interpolation path defined
calculate duration
testing...
no interpolation path defined
executed 4.0
executed 4.0
Script duration 214.0
Run total estimated duration= 215.000
run duration: 0:03:35
doing event level: 2
13:50:21 -- Setting default integration. t=1.048576
setting integration time = 1.048576
SetIntegrationTime 1.048576 ===>> OK
----------------- start -----------------
**************** Experiment Type: Ar/Ar, Ar/Ar
create new session 4993924272
close session 4993924272
$$$$$ Clearing conditionals
adding conditionals 
Add queue conditionals
add default conditionals
adding default conditionals from /Users/jan/PychronDev/setupfiles/spectrometer/default_conditionals.yaml
Start automated run 25382-03
loading script "jan_unknown120_60.py"
loading script "jan_pump_ms.py"
loading script "jan_co2.py"
loading script "jan_pump_extraction_line.py"
%%%%%%%%%%%%%%%%%% setting automated run 25382-03
No value "sensitivity_multiplier" in metadata
$$$$$$$$$$$$$$$ auto_save_detector_ic=False
============================= Pre Extraction Check =============================
loading queue conditionals pre_run_terminations
loading system conditionals pre_run_terminations
loading conditionals from /Users/jan/PychronDev/setupfiles/spectrometer/default_conditionals.yaml
13:50:21 -- ******* Pre Extraction Check *******
Get a measurement from the spectrometer
GetData ===>> H2,-0.169772660131396,H1,0.0828566581097646,AX,0.0620038647482825,L1,1.80055020216075E-05,L2,0.05...
Pre Extraction Termination data. keys=H2,H1,AX,L1,L2,CDD, signals=-0.16977,0.08286,0.06200,0.00002,0.05752,0.00328
13:50:21 -- testing system defined conditionals
Checking default pre extraction terminations n=2
testing CDD
evaluate ot="CDD.inactive" t="CDD", ctx="{'CDD': False}"
GetDeflection CDD ===>> 50
testing CDD==2000
evaluate ot="CDD.deflection==2000" t="CDD==2000", ctx="{'CDD': 50.0}"
13:50:21 -- ******* Pre Extraction Check Passed *******
=================================================================================
13:50:21 -- stopping status monitor
stop 5064012720
Alive clients [4977824688, 4983939824]
13:50:21 -- starting status monitor
start 5064012720
Monitor already running
start extraction
do extraction
Analysis started at 13:50:21.243984
Extraction Started jan_co2.py
13:50:21 -- ******* Extraction Started jan_co2.py *******
state changed from not run to extraction
DO EXTRACTION <pychron.extraction_line.pyscript_runner.RemotePyScriptRunner object at 0x12c3c43b0>
testing...
no interpolation path defined
calculate duration
testing...
no interpolation path defined
executed 0
calculate duration
testing...
no interpolation path defined
executed 0
executed 100.0
Jan CO2 laser analysis
doing GOSUB
testing...
no interpolation path defined
executed 0
Waiting for CO2 access
wait ('FelixCO2Flag', 0) {}
waiting for FelixCO2Flag = 0
Read FelixCO2Flag ===>> 0
finished waiting
CO2 free
wait ('CO2PumpTimeFlag', 0) {}
waiting for CO2PumpTimeFlag = 0
Read CO2PumpTimeFlag ===>> 0
finished waiting
acquire ('JanCO2Flag',) {'clear': True}
acquire JanCO2Flag
Set JanCO2Flag 1 ===>> OK
JanCO2Flag acquired
set extraction state False (0.75, 'red', 1.5)
CO2 acquired
executed 0
WaitForCO2Access.py completed successfully
gosub finished
doing GOSUB
testing...
no interpolation path defined
executed 0
Prepare for CO2 analysis
close () {'description': 'Jan Inlet'}
closing name=--- desc=Jan Inlet
checking ownership. requestor=129.138.12.150
check software interlocks R
interlocks []
actuate state mode=None-script, software_lock=False
doing actuation None-script close_channel False
Close R ===>> OK
GetIndicatorState R ===>> False
change switch state (True, True)
update switch state R False args=() kw={} ncanvase=3
13:50:21 -- CLOSE  VALVE-R (Jan Inlet)
---------------------------------------- close None (Jan Inlet) result=[(True, True)]
action=close, ok=True, locked=[False]
open () {'description': 'Jan Ion Pump'}
opening name=--- desc=Jan Ion Pump
checking ownership. requestor=129.138.12.150
check software interlocks O
interlocks []
actuate state mode=None-script, software_lock=False
doing actuation None-script open_channel False
Open O ===>> OK
GetIndicatorState O ===>> OK
change switch state (True, True)
update switch state O True args=() kw={} ncanvase=3
13:50:22 -- OPEN   VALVE-O (Jan Ion Pump)
---------------------------------------- open None (Jan Ion Pump) result=[(True, True)], time=0.10 sec
action=open, ok=True, locked=[False]
close () {'description': 'Microbone to Minibone'}
closing name=--- desc=Microbone to Minibone
checking ownership. requestor=129.138.12.150
check software interlocks L
interlocks []
actuate state mode=None-script, software_lock=False
doing actuation None-script close_channel False
Close L ===>> OK
Get Checksum: -1429742521
GetIndicatorState L ===>> False
change switch state (True, True)
update switch state L False args=() kw={} ncanvase=3
13:50:22 -- CLOSE  VALVE-L (Microbone to Minibone)
---------------------------------------- close None (Microbone to Minibone) result=[(True, True)]
action=close, ok=True, locked=[False]
open () {'description': 'Microbone to Turbo'}
opening name=--- desc=Microbone to Turbo
checking ownership. requestor=129.138.12.150
check software interlocks U
interlocks []
actuate state mode=None-script, software_lock=False
doing actuation None-script open_channel False
Open U ===>> OK
GetIndicatorState U ===>> OK
change switch state (True, True)
update switch state U True args=() kw={} ncanvase=3
13:50:23 -- OPEN   VALVE-U (Microbone to Turbo)
---------------------------------------- open None (Microbone to Turbo) result=[(True, True)], time=0.12 sec
action=open, ok=True, locked=[False]
open () {'description': 'Microbone to Inlet Pipette'}
opening name=--- desc=Microbone to Inlet Pipette
checking ownership. requestor=129.138.12.150
check software interlocks S
interlocks []
actuate state mode=None-script, software_lock=False
doing actuation None-script open_channel False
Open S ===>> OK
GetIndicatorState S ===>> OK
change switch state (True, True)
update switch state S True args=() kw={} ncanvase=3
13:50:23 -- OPEN   VALVE-S (Microbone to Inlet Pipette)
---------------------------------------- open None (Microbone to Inlet Pipette) result=[(True, True)], time=0.40 sec
action=open, ok=True, locked=[False]
open () {'description': 'Microbone to Getter D-50'}
opening name=--- desc=Microbone to Getter D-50
checking ownership. requestor=129.138.12.150
check software interlocks K
interlocks []
actuate state mode=None-script, software_lock=False
doing actuation None-script open_channel False
Open K ===>> OK
GetIndicatorState K ===>> OK
change switch state (True, True)
update switch state K True args=() kw={} ncanvase=3
13:50:24 -- OPEN   VALVE-K (Microbone to Getter D-50)
---------------------------------------- open None (Microbone to Getter D-50) result=[(True, True)], time=0.41 sec
action=open, ok=True, locked=[False]
open () {'description': 'Microbone to Getter NP-10'}
opening name=--- desc=Microbone to Getter NP-10
checking ownership. requestor=129.138.12.150
check software interlocks M
interlocks []
actuate state mode=None-script, software_lock=False
doing actuation None-script open_channel False
Open M ===>> OK
GetIndicatorState M ===>> OK
change switch state (True, True)
update switch state M True args=() kw={} ncanvase=3
13:50:24 -- OPEN   VALVE-M (Microbone to Getter NP-10)
---------------------------------------- open None (Microbone to Getter NP-10) result=[(True, True)], time=0.13 sec
action=open, ok=True, locked=[False]
close () {'description': 'CO2 Laser to Felix'}
closing name=--- desc=CO2 Laser to Felix
checking ownership. requestor=129.138.12.150
check software interlocks F
interlocks []
actuate state mode=None-script, software_lock=True
VALVE-F(CO2 Laser to Felix) software locked
change switch state (True, False)
---------------------------------------- close None (CO2 Laser to Felix) result=[(True, False)]
action=close, ok=True, locked=[True]
open () {'description': 'CO2 Laser to Jan'}
opening name=--- desc=CO2 Laser to Jan
checking ownership. requestor=129.138.12.150
check software interlocks A
interlocks []
actuate state mode=None-script, software_lock=False
doing actuation None-script open_channel False
Open A ===>> OK
GetIndicatorState A ===>> OK
change switch state (True, True)
update switch state A True args=() kw={} ncanvase=3
13:50:25 -- OPEN   VALVE-A (CO2 Laser to Jan)
---------------------------------------- open None (CO2 Laser to Jan) result=[(True, True)], time=0.14 sec
action=open, ok=True, locked=[False]
open () {'description': 'Microbone to CO2 Laser'}
opening name=--- desc=Microbone to CO2 Laser
checking ownership. requestor=129.138.12.150
check software interlocks T
interlocks []
actuate state mode=None-script, software_lock=False
doing actuation None-script open_channel False
Open T ===>> OK
Get Checksum: -1429742521
GetIndicatorState T ===>> OK
change switch state (True, True)
update switch state T True args=() kw={} ncanvase=3
13:50:25 -- OPEN   VALVE-T (Microbone to CO2 Laser)
---------------------------------------- open None (Microbone to CO2 Laser) result=[(True, True)], time=0.40 sec
action=open, ok=True, locked=[False]
executed 0
PrepareForCO2Analysis.py completed successfully
gosub finished
set_motor ('beam', '1.25') {}
setting motor "beam" to 1.25
set motor beam to 1.25
SetMotor beam,1.25 ===>> OK
GetMotorMoving beam ===>> False
GetMotorMoving beam ===>> False
Block completed
move_to_position ('140',) {'autocenter': True}
FusionsCO2 move to position 140
sending GoToHole 140,True
GoToHole 140,True ===>> OK
GetDriveMoving ===>> OK
GetDriveMoving ===>> OK
GetDriveMoving ===>> OK
GetDriveMoving ===>> OK
Get Checksum: -1429742521
GetDriveMoving ===>> OK
GetDriveMoving ===>> OK
GetDriveMoving ===>> False
GetDriveMoving ===>> False
Block completed
GetAutoCorrecting ===>> OK
GetAutoCorrecting ===>> OK
GetAutoCorrecting ===>> False
GetAutoCorrecting ===>> False
Block completed
update position
GetPosition ===>> -9.96950,-3.98780,1.00000
got position (-9.9695, -3.9878, 1.0)
move to position succeeded
sleep (5,) {}
SLEEP 5.0
block started
WaitControl setup for 5.0  
Get Checksum: -1429742521
set states for children of H. state=False
handle state [('H', False)]
update switch state H False args=() kw={'refresh': False} ncanvase=3
refresh_canvas_needed fired
Get Checksum: 1971109982
Join finished
block finished. duration 5.01941108704
close () {'description': 'Microbone to Turbo'}
closing name=--- desc=Microbone to Turbo
checking ownership. requestor=129.138.12.150
check software interlocks U
interlocks []
actuate state mode=None-script, software_lock=False
doing actuation None-script close_channel True
Close U ===>> OK
set states for children of C. state=True
set states for children of B. state=True
set states for children of D. state=True
set states for children of U. state=False
handle state [('C', True), ('B', True), ('D', True), ('U', False)]
update switch state C True args=() kw={'refresh': True} ncanvase=3
update switch state B True args=() kw={'refresh': True} ncanvase=3
GetIndicatorState U ===>> False
change switch state (True, True)
update switch state U False args=() kw={} ncanvase=3
update switch state D True args=() kw={'refresh': True} ncanvase=3
13:50:36 -- CLOSE  VALVE-U (Microbone to Turbo)
---------------------------------------- close None (Microbone to Turbo) result=[(True, True)]
update switch state U False args=() kw={'refresh': False} ncanvase=3
refresh_canvas_needed fired
action=close, ok=True, locked=[False]
enable laser
enable () {}
set extraction state FusionsCO2 Enabled (False, 'red', 1.5)
enabling laser
Enable ===>> OK
begin interval
BEGIN INTERVAL Interval 1 waiting for 30.0
block started
set extract to 5.0
WaitControl setup for 30.0  
extract (5.0,) {}
GetPosition ===>> -9.96950,-3.98780,1.00000
set extraction state FusionsCO2 ON! 5.0(watts) (0.75, 'red', 1.5)
extract sample to 5.0 (watts)
set laser output
SetLaserOutput 5.0,watts ===>> OK
executing pattern triangle.lp
execute_pattern ('triangle.lp',) {}
executing pattern triangle.lp
Get Checksum: -1682734195
set states for children of Q. state=True
set states for children of P. state=True
handle state [('Q', True), ('P', True)]
update switch state Q True args=() kw={'refresh': True} ncanvase=3
update switch state P True args=() kw={'refresh': False} ncanvase=3
refresh_canvas_needed fired
IsPatterning ===>> OK
IsPatterning ===>> OK
set states for children of I. state=False
handle state [('I', False)]
update switch state I False args=() kw={'refresh': False} ncanvase=3
refresh_canvas_needed fired
Get Checksum: 38271967
IsPatterning ===>> OK
IsPatterning ===>> OK
IsPatterning ===>> OK
Get Checksum: 38271967
IsPatterning ===>> OK
IsPatterning ===>> OK
IsPatterning ===>> OK
Get Checksum: 38271967
IsPatterning ===>> OK
IsPatterning ===>> OK
IsPatterning ===>> OK
Get Checksum: 38271967
IsPatterning ===>> OK
IsPatterning ===>> OK
IsPatterning ===>> OK
Get Checksum: 38271967
IsPatterning ===>> OK
IsPatterning ===>> OK
IsPatterning ===>> OK
Get Checksum: 38271967
IsPatterning ===>> OK
IsPatterning ===>> OK
IsPatterning ===>> OK
Get Checksum: 38271967
IsPatterning ===>> OK
IsPatterning ===>> OK
IsPatterning ===>> OK
Get Checksum: 38271967
IsPatterning ===>> OK
IsPatterning ===>> OK
IsPatterning ===>> OK
Get Checksum: 38271967
IsPatterning ===>> False
IsPatterning ===>> False
Block completed
COMPLETE INTERVAL waiting for Interval 1 to complete
Join finished
block finished. duration 30.0422120094
Interval 1 finished
end_extract () {}
ending extraction. set laser power to 0
set laser power 0
SetLaserPower 0 ===>> OK
disable () {}
%%%%%%%%%%%%%%%%%%%%%%%%%%%%%%%%%%% disable
set extraction state False (0.75, 'red', 1.5)
disabling laser
Disable ===>> OK
sleep (30.0,) {}
SLEEP 30.0
block started
WaitControl setup for 30.0  
Get Checksum: 38271967
Get Checksum: 38271967
Get Checksum: 38271967
Get Checksum: 38271967
Get Checksum: 38271967
Get Checksum: 38271967
Get Checksum: 38271967
Get Checksum: 38271967
Get Checksum: 38271967
Get Checksum: 38271967
Join finished
block finished. duration 30.0833129883
executed 166.5
jan_co2.py completed successfully
GetAchievedOutput ===>> No Response
Requested Output= 0.000
Achieved Output=  0.000
GetResponseBlob ===>> No Response
GetOutputBlob ===>> No Response
persistence save...
persistence save - db
AutomatedRunPersister post_extraction_save deprecated
persistence save - dvc
no extraction position for 140
create new session 4983587952
close session 4983587952
Extraction Finished
13:51:38 -- ******* Extraction Finished *******
no overlap. not waiting for min ms pumptime
13:51:38 -- Sending spectrometer configuration
======== Sending configuration ========
SetDeflection CDD,50.0 ===>> OK
SetDeflection H2,0.0 ===>> OK
SetDeflection H1,0.0 ===>> OK
SetDeflection L2,825.0 ===>> OK
SetDeflection L1,400.0 ===>> OK
SetDeflection AX,190.0 ===>> OK
SetZFocus 74.64 ===>> OK
SetZSymmetry -50.72 ===>> OK
SetExtractionLens 26.13 ===>> OK
SetIonRepeller -3.81 ===>> OK
SetElectronEnergy 75.08 ===>> OK
SetYSymmetry -2.81 ===>> OK
SetIonCounterVoltage 1590.0 ===>> OK
send trap current 200.0
GetParameter Trap Current Readback ===>> 198.258926936459
SetParameter Trap Current Set,200.0 ===>> OK
updating mftable name mftable
Using mftable located at /Users/jan/PychronDev/setupfiles/spectrometer/mftables/mftable.csv
============ MFtable ===========
Isotope  H2     H1     AX     L1     L2     CDD    
Ar40     5.7844 5.8794 5.9927 6.1243 6.2310 6.3526
Ar39     5.6837 5.7717 5.8851 6.0104 6.1162 6.2391
Ar36     5.3612 5.4407 5.5485 5.6693 5.7711 5.8902
================================
get initial guess parabolic
get initial guess parabolic
get initial guess parabolic
get initial guess parabolic
get initial guess parabolic
get initial guess parabolic
======== Configuration Finished ========
GetYSymmetry ===>> -2.81
GetZSymmetry ===>> -50.72
GetParameter Trap Current Readback ===>> 198.258926936459
GetHighVoltage ===>> 4500
start measurement
do measurement
L#=25382 analysis type=unknown
Measurement Started jan_unknown120_60.py
13:51:38 -- ******* Measurement Started jan_unknown120_60.py *******
state changed from extraction to measurement
setting spec, defl, and gains
GetExtractionLens ===>> 26.13
GetYSymmetry ===>> -2.81
GetZSymmetry ===>> -50.72
GetZFocus ===>> 74.64
GetDeflection H2 ===>> 0
GetDeflection H1 ===>> 0
GetDeflection AX ===>> 190
GetDeflection L1 ===>> 400
GetDeflection L2 ===>> 825
GetDeflection CDD ===>> 50
GetGain H2 ===>> 0.0113
GetGain H1 ===>> 0.1
GetGain AX ===>> 0.097049
GetGain L1 ===>> 0.010355
GetGain L2 ===>> 0.095649
GetGain CDD ===>> 0
pre measurement save
New frame /Users/jan/PychronDev/data/isotopes/42/a4d2c8-d97c-4ed7-8c2b-489c1180a3d3.h5
flush and close file /Users/jan/PychronDev/data/isotopes/42/a4d2c8-d97c-4ed7-8c2b-489c1180a3d3.h5
testing...
no interpolation path defined
executed 226.132928
unknown measurement script
activate_detectors ('H2', 'H1', 'AX', 'L1', 'L2', 'CDD') {}
activate detectors
*************** Set Analysis View Ar/Ar
create graphs
clearing graphs
clear isotope group
setting isotope det=H2, iso=PM41
setting isotope det=H1, iso=Ar40
setting isotope det=AX, iso=Ar39
setting isotope det=L1, iso=Ar38
setting isotope det=L2, iso=Ar37
setting isotope det=CDD, iso=Ar36
setting previous blanks
 - setting Ar40 blank 0.703+/-0.008
 - setting Ar36 blank 0.00608+/-0.00020
 - setting Ar37 blank 0.039+/-0.005
 - setting Ar38 blank 0.0201+/-0.0022
 - setting PM41 blank 0.03+/-0.07
 - setting Ar39 blank 0.014+/-0.009
load analysis view
position_magnet ('Ar40',) {'detector': 'H1'}
detector Detector(H1)
POSITION Ar40 H1
setting detector H2 to PM41 (40.9624)
setting detector H1 to Ar40 (39.9624)
setting detector AX to Ar39 (38.9624)
setting detector L1 to Ar38 (37.9624)
setting detector L2 to Ar37 (36.9624)
setting detector CDD to Ar36 (35.9624)
Mapping mass to dac mass func: "parabolic"
H1 map mass coeffs = [-0.00063987  0.15840543  0.57104999]
H1 map mass to dac 39.9624 >> 5.87944
GetDeflection H1 ===>> 0
GetHighVoltage ===>> 4500
positioning Ar40 (5.87944) on H1
setting magnet DAC
current  : 5.879440
requested: 5.879440
Delta Dac: 0.000000
Checking detector protection. dv=0.00000
Checking detector "CDD". Protection Threshold: 0.1 (V)
SetMagnetDAC 5.87944 ===>> OK
Magnet settling time: 0.500
equilibrate () {'delay': 3, 'inlet': 'R', 'outlet': 'O', 'eqtime': 12.0}
Equilibration Started
13:51:39 -- ******* Equilibration Started *******
checking ownership. requestor=129.138.12.150
check software interlocks O
interlocks []
actuate state mode=None-script, software_lock=False
doing actuation None-script close_channel True
Close O ===>> OK
GetIndicatorState O ===>> False
change switch state (True, True)
update switch state O False args=() kw={} ncanvase=3
13:51:39 -- CLOSE  VALVE-O (Jan Ion Pump)
waiting 3s before opening inlet value ('R',)
Get Checksum: 1838806504
checking ownership. requestor=129.138.12.150
check software interlocks R
interlocks []
actuate state mode=None-script, software_lock=False
doing actuation None-script open_channel True
Open R ===>> OK
GetIndicatorState R ===>> OK
change switch state (True, True)
update switch state R True args=() kw={} ncanvase=3
13:51:42 -- OPEN   VALVE-R (Jan Inlet)
equilibrating for 12.0sec
set_time_zero () {}
sniff (12.0,) {}
py_sniff
build tables- sniff [Detector(H2), Detector(H1), Detector(AX), Detector(L1), Detector(L2), Detector(CDD)]
add group /sniff/PM41 (Group) '' table H2
add group /sniff/Ar40 (Group) '' table H1
add group /sniff/Ar39 (Group) '' table AX
add group /sniff/Ar38 (Group) '' table L1
add group /sniff/Ar37 (Group) '' table L2
add group /sniff/Ar36 (Group) '' table CDD
flush and close file /Users/jan/PychronDev/data/isotopes/42/a4d2c8-d97c-4ed7-8c2b-489c1180a3d3.h5
measuring sniff. ncounts=12.0
Get Checksum: 1775861429
starting measurement
GetData ===>> H2,0.064444042604316,H1,49.4371328083492,AX,13.357697418651,L1,0.0730753185764423,L2,0.1512106890...
GetData ===>> H2,1.23635201455606,H1,708.192131742129,AX,183.909205615958,L1,0.963469408492438,L2,0.90547851980...
GetData ===>> H2,0.790364226088863,H1,1123.25928253377,AX,281.837235402181,L1,2.26522034944335,L2,1.06417994370...
Get Checksum: 1775861429
GetData ===>> H2,0.286668277100781,H1,1253.02434150772,AX,308.435929202488,L1,3.06984486551239,L2,1.08463689502...
GetData ===>> H2,0.0705717223579351,H1,1298.28833409453,AX,317.342600104814,L1,3.49710296272974,L2,1.0983345966...
GetData ===>> H2,0.0529939274798408,H1,1315.50689896253,AX,320.539807607856,L1,3.73702383805468,L2,1.0976353361...
Get Checksum: 1775861429
GetData ===>> H2,0.041288373592532,H1,1322.82370075712,AX,321.947230884891,L1,3.87783934265157,L2,1.09558343724...
GetData ===>> H2,0.0314710456420061,H1,1325.81770424192,AX,322.364542179041,L1,4.00653066146619,L2,1.0823101989...
GetData ===>> H2,-0.0825517846850427,H1,1327.14788701359,AX,322.697225842798,L1,4.06298528619787,L2,1.142054198...
Get Checksum: 1775861429
GetData ===>> H2,-0.0577963955570506,H1,1327.03546874691,AX,322.681266885268,L1,4.14280466743748,L2,1.056903589...
GetData ===>> H2,0.0192061102534402,H1,1327.0596805137,AX,322.532122774389,L1,4.17591795731778,L2,1.04006122943...
Equilibration Finished
13:51:55 -- ******* Equilibration Finished *******
checking ownership. requestor=129.138.12.150
check software interlocks R
interlocks []
actuate state mode=None-script, software_lock=False
doing actuation None-script close_channel True
GetData ===>> H2,-0.0669371033848401,H1,1326.79983322877,AX,322.742823585836,L1,4.14437020953035,L2,1.094517384...
Close R ===>> OK
Get Checksum: 1838806504
State checksums do not match. Local:1775861429 Remote:1838806504
State checksum failed
GetIndicatorState R ===>> False
change switch state (True, True)
update switch state R False args=() kw={} ncanvase=3
13:51:55 -- CLOSE  VALVE-R (Jan Inlet)
Post Equilibration Started jan_pump_extraction_line.py
13:51:55 -- ******* Post Equilibration Started jan_pump_extraction_line.py *******
testing...
no interpolation path defined
calculate duration
testing...
no interpolation path defined
executed 4.0
executed 4.0
Pump after analysis
doing GOSUB
testing...
no interpolation path defined
executed 4.0
Pump Microbone
close () {'description': 'Jan Inlet'}
closing name=--- desc=Jan Inlet
checking ownership. requestor=129.138.12.150
check software interlocks R
interlocks []
actuate state mode=None-script, software_lock=False
doing actuation None-script close_channel False
Close R ===>> OK
measurement finished
estimated time: 12.583 actual time: :12.662
flush and close file /Users/jan/PychronDev/data/isotopes/42/a4d2c8-d97c-4ed7-8c2b-489c1180a3d3.h5
set_fits () {}
using default fits file=/Users/jan/PychronDev/scripts/measurement/fits/nominal_linear.yaml
set "Ar40" to "('Linear', 'SEM')"
No fit for "PM41". defaulting to linear. check the measurement script "jan_unknown120_60.py"
set "PM41" to "linear"
set "Ar36" to "('Linear', 'SEM')"
set "Ar37" to "('linear', 'SEM')"
set "Ar38" to "('linear', 'SEM')"
set "Ar39" to "('Linear', 'SEM')"
set_baseline_fits () {}
using default fits file=/Users/jan/PychronDev/scripts/measurement/fits/nominal_linear.yaml
GetIndicatorState R ===>> False
change switch state (True, True)
update switch state R False args=() kw={} ncanvase=3
set "H1" to "('average', 'SEM')"
set "H2" to "('average', 'SEM')"
set "CDD" to "('average', 'SEM')"
13:51:56 -- CLOSE  VALVE-R (Jan Inlet)
set "L2" to "('average', 'SEM')"
---------------------------------------- close None (Jan Inlet) result=[(True, True)]
set "L1" to "('average', 'SEM')"
set "AX" to "('average', 'SEM')"
multicollect () {'integration_time': 1, 'ncounts': 120}
build tables- signal [Detector(H2), Detector(H1), Detector(AX), Detector(L1), Detector(L2), Detector(CDD)]
add group /signal/PM41 (Group) '' table H2
add group /signal/Ar40 (Group) '' table H1
add group /signal/Ar39 (Group) '' table AX
add group /signal/Ar38 (Group) '' table L1
add group /signal/Ar37 (Group) '' table L2
add group /signal/Ar36 (Group) '' table CDD
flush and close file /Users/jan/PychronDev/data/isotopes/42/a4d2c8-d97c-4ed7-8c2b-489c1180a3d3.h5
measuring signal. ncounts=120
action=close, ok=True, locked=[False]
is_closed ('F',) {}
is F () closed?
is closed True
open () {'description': 'CO2 Laser to Jan'}
opening name=--- desc=CO2 Laser to Jan
checking ownership. requestor=129.138.12.150
check software interlocks A
interlocks []
actuate state mode=None-script, software_lock=False
doing actuation None-script open_channel False
Open A ===>> OK
GetIndicatorState A ===>> OK
change switch state (True, True)
update switch state A True args=() kw={} ncanvase=3
13:51:56 -- OPEN   VALVE-A (CO2 Laser to Jan)
---------------------------------------- open None (CO2 Laser to Jan) result=[(True, True)], time=0.14 sec
starting measurement
GetData ===>> H2,0.0646553343131638,H1,1327.10573960276,AX,322.902282786432,L1,4.15001188631437,L2,1.1343476493...
action=open, ok=True, locked=[False]
sleep (1,) {}
SLEEP 1.0
GetData ===>> H2,0.172988301024637,H1,1327.24438900436,AX,322.714890546159,L1,4.16991527641985,L2,1.10045533564...
close () {'description': 'CO2 Laser to Roughing'}
closing name=--- desc=CO2 Laser to Roughing
checking ownership. requestor=129.138.12.150
check software interlocks G
interlocks []
actuate state mode=None-script, software_lock=True
VALVE-G(CO2 Laser to Roughing) software locked
change switch state (True, False)
---------------------------------------- close None (CO2 Laser to Roughing) result=[(True, False)]
action=close, ok=True, locked=[True]
open () {'description': 'Microbone to Turbo'}
opening name=--- desc=Microbone to Turbo
checking ownership. requestor=129.138.12.150
check software interlocks U
interlocks []
actuate state mode=None-script, software_lock=False
doing actuation None-script open_channel True
Open U ===>> OK
GetIndicatorState U ===>> OK
change switch state (True, True)
update switch state U True args=() kw={} ncanvase=3
13:51:58 -- OPEN   VALVE-U (Microbone to Turbo)
---------------------------------------- open None (Microbone to Turbo) result=[(True, True)], time=0.23 sec
action=open, ok=True, locked=[False]
open () {'description': 'Microbone to Getter NP-10'}
opening name=--- desc=Microbone to Getter NP-10
checking ownership. requestor=129.138.12.150
check software interlocks M
interlocks []
actuate state mode=None-script, software_lock=False
doing actuation None-script open_channel False
Open M ===>> OK
GetIndicatorState M ===>> OK
change switch state (True, True)
update switch state M True args=() kw={} ncanvase=3
13:51:58 -- OPEN   VALVE-M (Microbone to Getter NP-10)
---------------------------------------- open None (Microbone to Getter NP-10) result=[(True, True)], time=0.13 sec
Get Checksum: 1695186306
action=open, ok=True, locked=[False]
open () {'description': 'Microbone to Getter D-50'}
opening name=--- desc=Microbone to Getter D-50
checking ownership. requestor=129.138.12.150
check software interlocks K
interlocks []
actuate state mode=None-script, software_lock=False
doing actuation None-script open_channel False
GetData ===>> H2,0.0675483782589046,H1,1326.63347614817,AX,322.658757199866,L1,4.18110432333269,L2,1.1508853781...
Open K ===>> OK
GetIndicatorState K ===>> OK
change switch state (True, True)
update switch state K True args=() kw={} ncanvase=3
13:51:59 -- OPEN   VALVE-K (Microbone to Getter D-50)
---------------------------------------- open None (Microbone to Getter D-50) result=[(True, True)], time=0.40 sec
action=open, ok=True, locked=[False]
open () {'description': 'Microbone to CO2 Laser'}
opening name=--- desc=Microbone to CO2 Laser
checking ownership. requestor=129.138.12.150
check software interlocks T
interlocks []
actuate state mode=None-script, software_lock=False
doing actuation None-script open_channel False
Open T ===>> OK
GetIndicatorState T ===>> OK
change switch state (True, True)
update switch state T True args=() kw={} ncanvase=3
13:51:59 -- OPEN   VALVE-T (Microbone to CO2 Laser)
---------------------------------------- open None (Microbone to CO2 Laser) result=[(True, True)], time=0.41 sec
GetData ===>> H2,-0.0892088372909363,H1,1326.41445671609,AX,322.533509621889,L1,4.21295125713267,L2,1.042043204...
action=open, ok=True, locked=[False]
open () {'description': 'Microbone to Inlet Pipette'}
opening name=--- desc=Microbone to Inlet Pipette
checking ownership. requestor=129.138.12.150
check software interlocks S
interlocks []
actuate state mode=None-script, software_lock=False
doing actuation None-script open_channel False
Open S ===>> OK
GetIndicatorState S ===>> OK
change switch state (True, True)
update switch state S True args=() kw={} ncanvase=3
13:52:00 -- OPEN   VALVE-S (Microbone to Inlet Pipette)
---------------------------------------- open None (Microbone to Inlet Pipette) result=[(True, True)], time=0.40 sec
action=open, ok=True, locked=[False]
sleep (1,) {}
SLEEP 1.0
GetData ===>> H2,-0.066091979092452,H1,1325.33004641827,AX,322.31035310111,L1,4.1810159337645,L2,1.078642614946...
Get Checksum: 1695186306
set_resource () {'name': 'CO2PumpTimeFlag', 'value': 30}
Set CO2PumpTimeFlag 30 ===>> OK
release ('JanCO2Flag',) {}
release JanCO2Flag
Set JanCO2Flag 0 ===>> OK
executed 6.0
PumpMicrobone.py completed successfully
gosub finished
get_resource_value () {'name': 'JanMiniboneFlag'}
Read JanMiniboneFlag ===>> 0
Get Resource Value JanMiniboneFlag=0.0
get resource value 0.0
get_resource_value () {'name': 'JanMiniboneFlag'}
Read JanMiniboneFlag ===>> 0
Get Resource Value JanMiniboneFlag=0.0
executed 4.0
jan_pump_extraction_line.py completed successfully
Post Equilibration Finished
13:52:01 -- ******* Post Equilibration Finished *******
GetData ===>> H2,-0.180457087550176,H1,1325.21115193467,AX,322.179671554394,L1,4.1564309971884,L2,1.07623583894...
GetData ===>> H2,-0.018343176453702,H1,1324.77907766754,AX,321.923182549532,L1,4.16604889028652,L2,1.1312973108...
GetData ===>> H2,-0.0669086170712858,H1,1324.07407537869,AX,321.764588656409,L1,4.15584053319266,L2,1.139794922...
Get Checksum: 1695186306
GetData ===>> H2,-0.0744265290834057,H1,1323.65193628072,AX,321.685797692591,L1,4.14936769370162,L2,1.102186351...
GetData ===>> H2,-0.0663687201218014,H1,1322.94406899017,AX,321.798665848768,L1,4.16012204748672,L2,1.165464332...
GetData ===>> H2,-0.0563857614848533,H1,1322.35981919245,AX,321.605830987398,L1,4.13254918496355,L2,1.077989341...
Get Checksum: 1695186306
GetData ===>> H2,-0.0843898673022486,H1,1322.22771144588,AX,321.46279348755,L1,4.129062999595,L2,1.043956479189...
GetData ===>> H2,-0.0077316276407404,H1,1321.59056903242,AX,321.489984527439,L1,4.16981530565096,L2,1.017517706...
GetData ===>> H2,-0.00325599901445878,H1,1320.85985448011,AX,321.246708334813,L1,4.16600688685022,L2,1.01408165...
Get Checksum: 1695186306
GetData ===>> H2,-0.081547960496263,H1,1319.91155749686,AX,321.153713546065,L1,4.10512246846243,L2,1.0390301603...
GetData ===>> H2,-0.0486675848844913,H1,1319.23576619627,AX,320.774203126831,L1,4.07388223299148,L2,1.075238763...
GetData ===>> H2,-0.131958737846718,H1,1319.25786231713,AX,320.570819112438,L1,4.09831133940847,L2,1.1054535866...
Get Checksum: 1695186306
GetData ===>> H2,-0.0368682460431392,H1,1319.01652882219,AX,320.618756118858,L1,4.11236674098547,L2,1.035421505...
GetData ===>> H2,-0.0482929410962614,H1,1318.49498652332,AX,320.688571333728,L1,4.15504895124696,L2,0.997842263...
GetData ===>> H2,-0.0549111907685258,H1,1317.89052914025,AX,320.557400805247,L1,4.1507227092754,L2,1.0915485458...
Get Checksum: 1695186306
GetData ===>> H2,-0.167065500626897,H1,1317.12332893558,AX,320.275885531844,L1,4.12919172473233,L2,1.1494287511...
GetData ===>> H2,-0.163686716767195,H1,1316.70369876406,AX,320.504317833221,L1,4.10746594256068,L2,1.0835595016...
Get Checksum: 1695186306
GetData ===>> H2,-0.0746176666262669,H1,1315.74099550623,AX,320.121575608166,L1,4.12113385043967,L2,1.043727342...
GetData ===>> H2,-0.0915095966702999,H1,1315.39082170728,AX,320.176888256027,L1,4.11489567482212,L2,1.062094381...
13:52:22 -- collecting point 25
GetData ===>> H2,-0.163042703170004,H1,1315.05328551719,AX,320.065869937463,L1,4.09650809987326,L2,1.0877430647...
Get Checksum: 1695186306
GetData ===>> H2,-0.178326215710259,H1,1314.57493244892,AX,319.831680954854,L1,4.10391189913215,L2,1.1989016011...
GetData ===>> H2,-0.0894161686214734,H1,1313.93018510976,AX,319.52735217986,L1,4.12268919760074,L2,1.1289580189...
GetData ===>> H2,-0.131715268633857,H1,1313.73170476329,AX,319.395292726333,L1,4.10078924623034,L2,1.0210684189...
Get Checksum: 1695186306
GetData ===>> H2,-0.0186202926110361,H1,1313.24884546479,AX,319.425130391665,L1,4.09220234796,L2,1.098414839936...
GetData ===>> H2,-0.0429631709191067,H1,1312.48411906975,AX,319.422066816784,L1,4.06448361386939,L2,1.085347522...
GetData ===>> H2,0.00595978769212644,H1,1312.00252099313,AX,319.074995734681,L1,4.09559575423178,L2,1.091880959...
Get Checksum: 1695186306
GetData ===>> H2,-0.163067006234458,H1,1311.95619749644,AX,318.896230139932,L1,4.102431355172,L2,1.102392700283...
GetData ===>> H2,-0.0815100274804496,H1,1311.1174772785,AX,318.960235220816,L1,4.10910462079818,L2,0.9946359377...
GetData ===>> H2,-0.0696307725314205,H1,1310.23393746718,AX,318.782606672145,L1,4.09044909161461,L2,1.104032039...
Get Checksum: 1695186306
GetData ===>> H2,-0.114283782991383,H1,1309.97239768,AX,318.520059935386,L1,4.07732650417931,L2,1.0484247540742...
GetData ===>> H2,-0.0247338377980443,H1,1309.43899851474,AX,318.381677446701,L1,4.08526590495088,L2,1.045571908...
GetData ===>> H2,-0.127090687147435,H1,1309.23144319832,AX,318.376937940799,L1,4.02271420422171,L2,1.0973372922...
Get Checksum: 1695186306
GetData ===>> H2,-0.137530049747636,H1,1308.14078699192,AX,318.182682679966,L1,4.0285371507517,L2,1.09013866630...
GetData ===>> H2,-0.147814910915271,H1,1307.91224845897,AX,318.199952515445,L1,4.02734612703894,L2,0.9784045960...
GetData ===>> H2,-0.054985805649667,H1,1307.42573977722,AX,318.462447647355,L1,4.04786218798037,L2,1.0604786744...
Get Checksum: 1695186306
GetData ===>> H2,-0.12302888671055,H1,1306.77962735585,AX,317.769272910008,L1,4.03162543006036,L2,1.14875205790...
GetData ===>> H2,-0.0368736760622361,H1,1306.39573723671,AX,317.801186936292,L1,3.98321031096035,L2,1.103493232...
GetData ===>> H2,-0.0896546627304226,H1,1305.88321040603,AX,317.417480240806,L1,4.01933605073246,L2,1.066872907...
Get Checksum: 1695186306
GetData ===>> H2,-0.139069791460544,H1,1304.94936615644,AX,317.445436223047,L1,4.02392492714658,L2,1.1181681982...
GetData ===>> H2,-0.224068924620942,H1,1304.8688907329,AX,317.928252161876,L1,4.04170333579078,L2,1.09520515898...
Get Checksum: 1695186306
GetData ===>> H2,-0.117304202754164,H1,1303.76229986464,AX,317.669206990105,L1,4.01017281018418,L2,1.0660249019...
GetData ===>> H2,-0.0324555001855599,H1,1303.45641908558,AX,317.168533404538,L1,4.00967052840359,L2,1.121539170...
GetData ===>> H2,-0.218237336974081,H1,1303.38042592029,AX,317.39801051923,L1,4.03964195948236,L2,1.08595499906...
Get Checksum: 1695186306
GetData ===>> H2,-0.156227688057259,H1,1302.7094732468,AX,317.463993844284,L1,4.02629777767354,L2,1.01750625283...
13:52:48 -- collecting point 50
GetData ===>> H2,-0.137070384848877,H1,1302.02384346431,AX,317.255440730789,L1,3.99434365593801,L2,1.0530651054...
GetData ===>> H2,-0.104477544592759,H1,1301.918910754,AX,316.85540138615,L1,3.97328835585593,L2,1.0458583349178...
Get Checksum: 1695186306
GetData ===>> H2,-0.138944078506373,H1,1301.44788116707,AX,316.762802480157,L1,3.98226323593156,L2,1.0884193289...
GetData ===>> H2,-0.0805264343959343,H1,1300.22227388977,AX,316.79779300131,L1,4.04784056743081,L2,1.0569265067...
GetData ===>> H2,-0.16888878835029,H1,1299.66780317001,AX,316.732137361171,L1,4.07005457786098,L2,1.00677473655...
Get Checksum: 1695186306
GetData ===>> H2,-0.120430681648326,H1,1300.00168615346,AX,316.546678558077,L1,4.05297725465266,L2,0.9934450438...
GetData ===>> H2,-0.142702699389153,H1,1298.74928475846,AX,316.467622892492,L1,3.99976444898392,L2,1.0854277552...
GetData ===>> H2,-0.124651617825118,H1,1298.57168622305,AX,316.101968462767,L1,3.97469113507955,L2,1.1571020972...
Get Checksum: 1695186306
GetData ===>> H2,0.00527298749877645,H1,1298.42224803469,AX,315.957039253077,L1,3.97724598504568,L2,1.107826700...
GetData ===>> H2,-0.00673628866606022,H1,1298.10395415831,AX,315.849301808542,L1,4.01489421653239,L2,0.97066947...
GetData ===>> H2,-0.15529952415768,H1,1297.08413426639,AX,315.762862920887,L1,4.02728708296816,L2,1.03573081344...
GetData ===>> H2,-0.109794973003506,H1,1296.700568108,AX,315.466403644811,L1,4.02352037959286,L2,1.000453208576...
GetData ===>> H2,-0.0600435543704708,H1,1296.25106050372,AX,315.420888811739,L1,4.05148201284317,L2,1.078619692...
Get Checksum: 1695186306
GetData ===>> H2,-0.0483743864464334,H1,1295.62190698221,AX,315.311741040293,L1,4.05383526373501,L2,1.042237967...
GetData ===>> H2,-0.161383220650702,H1,1295.77696340421,AX,315.522812106598,L1,4.01184819331357,L2,1.0803732387...
GetData ===>> H2,-0.202224836278838,H1,1295.15767378422,AX,315.546739946105,L1,4.02213120019513,L2,1.0100272788...
Get Checksum: 1695186306
GetData ===>> H2,-0.0797663269252843,H1,1294.78302106504,AX,315.162267412121,L1,4.01177190363549,L2,1.017712419...
GetData ===>> H2,-0.0279975711786503,H1,1293.69057187194,AX,315.079454184092,L1,4.02292294089788,L2,1.075800333...
Get Checksum: 1695186306
GetData ===>> H2,-0.0576933166791595,H1,1292.9940906162,AX,314.809876315957,L1,4.01391395552857,L2,1.0984836199...
GetData ===>> H2,-0.0812106231649947,H1,1292.75406807276,AX,314.73184758931,L1,3.96095351653914,L2,0.9959757110...
GetData ===>> H2,-0.127220467723269,H1,1292.72977694498,AX,314.828974465477,L1,3.97143164910577,L2,1.0458125066...
Get Checksum: 1695186306
GetData ===>> H2,-0.137965362274058,H1,1291.99910435154,AX,314.863287933458,L1,4.00360881495004,L2,1.1317560021...
GetData ===>> H2,-0.160364996355295,H1,1290.79790703886,AX,314.662901845311,L1,4.02442163217001,L2,1.1611167971...
GetData ===>> H2,-0.0997643777003541,H1,1290.32481457396,AX,314.079612231208,L1,4.01454751427454,L2,1.087043881...
Get Checksum: 1695186306
GetData ===>> H2,-0.0334603987214517,H1,1290.0050027272,AX,314.169795903417,L1,3.99295556113894,L2,1.0767401108...
13:53:14 -- collecting point 75
GetData ===>> H2,-0.113468998142237,H1,1289.93634590217,AX,314.28000008487,L1,3.97167018829903,L2,1.01600583008...
GetData ===>> H2,-0.099079303303541,H1,1288.99638848896,AX,313.901178787816,L1,3.99596730826499,L2,1.0081490367...
Get Checksum: 1695186306
GetData ===>> H2,-0.137635499656719,H1,1288.57216467134,AX,313.897481187443,L1,4.0303491144806,L2,1.05559734219...
GetData ===>> H2,-0.106776568079207,H1,1288.34622208387,AX,313.579040573364,L1,4.05199097990347,L2,1.0747918022...
GetData ===>> H2,-0.0611201890275433,H1,1287.84182709727,AX,313.806438041411,L1,4.06373803206196,L2,1.154544247...
Get Checksum: 1695186306
GetData ===>> H2,-0.0437622857604254,H1,1286.98665117434,AX,313.287957925263,L1,4.02064718604006,L2,0.972491467...
GetData ===>> H2,-0.0183295921551994,H1,1286.45420318339,AX,313.32961068599,L1,3.97159833864773,L2,1.0832615013...
GetData ===>> H2,-0.101962835529624,H1,1285.88860054706,AX,313.689626931182,L1,3.95791735075594,L2,0.9504121275...
Get Checksum: 1695186306
GetData ===>> H2,-0.144751103117665,H1,1285.33901837536,AX,313.311719746225,L1,3.96449739511128,L2,1.0766713463...
GetData ===>> H2,-0.10315529387757,H1,1285.20353921759,AX,313.028246545798,L1,3.97038127061665,L2,1.03038107141...
GetData ===>> H2,-0.200143224748329,H1,1285.42171875385,AX,313.255028019485,L1,3.93676529229849,L2,1.0501662917...
Get Checksum: 1695186306
GetData ===>> H2,-0.22634470398926,H1,1285.18007792142,AX,313.214277366587,L1,3.94581014938698,L2,1.06043283923...
GetData ===>> H2,-0.0814368705926179,H1,1284.14133604786,AX,312.907872447688,L1,3.9394830562588,L2,1.1232247011...
GetData ===>> H2,-0.037526616994669,H1,1283.27811533623,AX,312.858490562895,L1,3.97562286567709,L2,1.0096149786...
Get Checksum: 1695186306
GetData ===>> H2,0.0205668897187408,H1,1282.25997669174,AX,312.806646810187,L1,3.97303828735646,L2,1.0786999198...
GetData ===>> H2,-0.0711360198224028,H1,1282.06607720271,AX,312.458581878206,L1,3.96423889223535,L2,1.063710115...
Get Checksum: 1695186306
GetData ===>> H2,-0.0453537316460117,H1,1281.61888786217,AX,312.227574058738,L1,3.95724418640724,L2,0.981888469...
GetData ===>> H2,-0.199025413868392,H1,1281.13490837614,AX,311.742348594403,L1,3.94467935000459,L2,1.0380220145...
GetData ===>> H2,-0.0634588743794645,H1,1280.89969649948,AX,311.81925062388,L1,3.96196287013833,L2,1.0677209196...
Get Checksum: 1695186306
GetData ===>> H2,-0.0379732016148121,H1,1279.39222291483,AX,311.861236711444,L1,3.9463540615264,L2,0.9563811842...
GetData ===>> H2,-0.221768440445654,H1,1279.51383711489,AX,311.765590929099,L1,3.95472967762363,L2,1.0230156394...
GetData ===>> H2,-0.128015341369286,H1,1278.98865853647,AX,311.651693696673,L1,3.9845944101862,L2,0.98183116826...
Get Checksum: 1695186306
GetData ===>> H2,-0.144647070421744,H1,1278.13146996209,AX,311.373182093916,L1,3.99267796133934,L2,1.0676521616...
GetData ===>> H2,-0.16892927253427,H1,1278.13851896982,AX,311.450645675773,L1,3.95840538254143,L2,1.10075338920...
GetData ===>> H2,-0.0341529123539904,H1,1277.69178946026,AX,311.109555886647,L1,3.93723852634018,L2,1.069153390...
Get Checksum: 1695186306
13:53:40 -- collecting point 100
GetData ===>> H2,-0.0433240684343557,H1,1277.34011361319,AX,310.906712114958,L1,3.93379427648963,L2,0.979940235...
GetData ===>> H2,-0.141802690005905,H1,1276.72322362953,AX,311.156037781946,L1,3.95219369475537,L2,1.0402559881...
GetData ===>> H2,-0.0673725281592476,H1,1275.91020407069,AX,311.289919829732,L1,3.95670453383437,L2,1.073233183...
Get Checksum: 1695186306
GetData ===>> H2,-0.0802351336152032,H1,1276.24170349397,AX,311.038071228431,L1,3.933808624864,L2,1.01017616542...
GetData ===>> H2,-0.202494447057935,H1,1275.50499418352,AX,310.933105606554,L1,3.919425794744,L2,1.017895679365...
GetData ===>> H2,-0.155273853333671,H1,1274.83995168071,AX,310.539118766351,L1,3.948505553708,L2,0.949002980140...
Get Checksum: 1695186306
GetData ===>> H2,-0.112034185041096,H1,1274.55827098802,AX,310.459502213097,L1,3.93073415908656,L2,0.9972696978...
GetData ===>> H2,-0.131903281429894,H1,1274.21523748359,AX,310.539901529533,L1,3.96402634957972,L2,1.0714453878...
GetData ===>> H2,-0.173538125666275,H1,1273.38083982521,AX,310.448422796727,L1,3.94077976774166,L2,0.9845587612...
Get Checksum: 1695186306
GetData ===>> H2,-0.0447562937897973,H1,1272.25041342634,AX,310.126098267825,L1,3.92449152257081,L2,1.024745262...
GetData ===>> H2,-0.0555745677409872,H1,1272.11676170413,AX,309.848507982696,L1,3.94822421601039,L2,1.006751831...
GetData ===>> H2,-0.131114688905892,H1,1271.50739801903,AX,309.956778008985,L1,3.95249379171848,L2,1.0289033578...
Get Checksum: 1695186306
GetData ===>> H2,-0.101643381619293,H1,1271.01631507183,AX,310.04862822777,L1,3.89075817467057,L2,1.06086827507...
GetData ===>> H2,-0.184768885560332,H1,1270.75414454692,AX,309.756065718898,L1,3.90006642678284,L2,0.9876875660...
Get Checksum: 1695186306
GetData ===>> H2,-0.196322794750828,H1,1270.14210868878,AX,309.83834519191,L1,3.91924378932739,L2,0.97000485370...
GetData ===>> H2,-0.0663334495805032,H1,1269.21464275554,AX,309.74752967063,L1,3.95417533453104,L2,1.0119857288...
GetData ===>> H2,-0.0310552843522963,H1,1268.79806373868,AX,309.669679652163,L1,3.96390141071384,L2,1.072373662...
Get Checksum: 1695186306
GetData ===>> H2,-0.182936976775345,H1,1269.01497646089,AX,309.450796800621,L1,3.92945754686074,L2,1.0164067041...
GetData ===>> H2,-0.18511958539315,H1,1268.88941023238,AX,308.9368229198,L1,3.93105118153757,L2,1.1227316517245...
GetData ===>> H2,-0.107016051124619,H1,1267.94571508332,AX,309.026114915865,L1,3.93179858425574,L2,1.1564138797...
Get Checksum: 1695186306
GetData ===>> H2,-0.211840574821816,H1,1267.43330361789,AX,308.850035890778,L1,3.95684518563351,L2,0.9114333346...
measurement finished
estimated time: 125.829 actual time: :126.143
flush and close file /Users/jan/PychronDev/data/isotopes/42/a4d2c8-d97c-4ed7-8c2b-489c1180a3d3.h5
baselines () {'settling_time': 15.0, 'detector': 'H1', 'mass': 34.2, 'ncounts': 60}
%%%%%%%%%%%%%%%%%%%%%%%%%%%%%%%% Baseline
build tables- baseline [Detector(H2), Detector(H1), Detector(AX), Detector(L1), Detector(L2), Detector(CDD)]
add group baseline table H2
add group baseline table H1
add group baseline table AX
add group baseline table L1
add group baseline table L2
add group baseline table CDD
flush and close file /Users/jan/PychronDev/data/isotopes/42/a4d2c8-d97c-4ed7-8c2b-489c1180a3d3.h5
detector Detector(H1)
POSITION 34.2 H1
Mapping mass to dac mass func: "parabolic"
H1 map mass coeffs = [-0.00063987  0.15840543  0.57104999]
H1 map mass to dac 34.2 >> 5.24009599104
GetDeflection H1 ===>> 0
GetHighVoltage ===>> 4500
positioning 34.2 (5.24009599104) on H1
setting magnet DAC
current  : 5.879440
requested: 5.240096
Delta Dac: 0.639344
Checking detector protection. dv=0.63934
Checking detector "CDD". Protection Threshold: 0.1 (V)
ProtectDetector CDD,On ===>> OK
GetDeflection CDD ===>> 2000
SetMagnetDAC 5.24009599104 ===>> OK
Magnet settling time: 0.500
GetMagnetMoving ===>> True
GetMagnetMoving ===>> True
GetMagnetMoving ===>> True
GetMagnetMoving ===>> True
GetMagnetMoving ===>> True
Get Checksum: 1695186306
GetMagnetMoving ===>> True
GetMagnetMoving ===>> True
GetMagnetMoving ===>> True
GetMagnetMoving ===>> False
ProtectDetector CDD,Off ===>> OK
GetDeflection CDD ===>> 50
Delaying 15.0s for detectors to settle
Get Checksum: 1695186306
Get Checksum: 1695186306
Get Checksum: 1695186306
Get Checksum: 1695186306
Get Checksum: 1695186306
Join finished
measuring baseline. ncounts=60
starting measurement
GetData ===>> H2,-0.0749809546631922,H1,-0.0188598992969301,AX,-0.0923791559373669,L1,-0.0963521172112245,L2,0....
GetData ===>> H2,-0.111219238772009,H1,-0.0366285625505779,AX,-0.042599937661721,L1,-0.0916615815028279,L2,0.04...
Get Checksum: 1695186306
GetData ===>> H2,-0.0486132894469251,H1,-0.0933240839580794,AX,-0.145980002215689,L1,-0.0602525757135136,L2,-0....
GetData ===>> H2,-0.125895554589879,H1,-0.0589482111202021,AX,-0.0784008851283655,L1,-0.0667451271544832,L2,-0....
GetData ===>> H2,-0.160042224465098,H1,-0.0648015257449284,AX,0.0014389122116757,L1,-0.0467998785784958,L2,-0.0...
Get Checksum: 1695186306
GetData ===>> H2,-0.210527247391754,H1,-0.0216744750114682,AX,-0.202242994282245,L1,-0.0536428238136885,L2,-0.0...
GetData ===>> H2,-0.24342984392652,H1,-0.0380356104815015,AX,-0.138211436889403,L1,-0.0409511447942529,L2,0.044...
GetData ===>> H2,-0.251744721117486,H1,-0.0938722858373041,AX,-0.0531050784110401,L1,-0.0283649553943569,L2,0.0...
Get Checksum: 1695186306
GetData ===>> H2,-0.11268393418636,H1,-0.0416127619081273,AX,-0.113006765735672,L1,-0.0319474047167659,L2,-0.09...
GetData ===>> H2,-0.163901379832581,H1,-0.00111193799077189,AX,-0.0143719009865237,L1,-0.0508147961401817,L2,-0...
GetData ===>> H2,-0.188042111046805,H1,0.0270670286327103,AX,-0.0911506321983262,L1,-0.0579262925678276,L2,-0.0...
Get Checksum: 1695186306
GetData ===>> H2,-0.237056254341667,H1,-0.0523553714355749,AX,-0.122612176780703,L1,-0.0468333927277851,L2,-0.1...
GetData ===>> H2,-0.224332884658673,H1,0.0187866956046669,AX,-0.0392835098266672,L1,-0.0486657283714239,L2,-0.0...
Get Checksum: 1695186306
GetData ===>> H2,-0.176178744146483,H1,0.0826658246918079,AX,0.0201878558377928,L1,-0.0494710843551277,L2,0.024...
GetData ===>> H2,-0.286723794504633,H1,-0.024524748569754,AX,-0.0603281541003927,L1,-0.0686975732770302,L2,-0.0...
GetData ===>> H2,-0.202241013106797,H1,-0.0665419565201607,AX,-0.0937583291995921,L1,-0.0928423214934258,L2,-0....
Get Checksum: 1695186306
GetData ===>> H2,-0.247729969093435,H1,0.0613649218617286,AX,0.0331030589795409,L1,-0.0774507589446157,L2,0.011...
GetData ===>> H2,-0.319142315229663,H1,0.0103877491263617,AX,-0.103087517256662,L1,-0.0438681548763433,L2,-0.10...
GetData ===>> H2,-0.327568887106278,H1,0.00752463297375456,AX,-0.199276496569997,L1,-0.0219694290608069,L2,0.00...
GetData ===>> H2,-0.117558574187408,H1,0.0538933290421763,AX,-0.0868854482378677,L1,0.00292761893222554,L2,-0.0...
GetData ===>> H2,-0.123446762149776,H1,-0.0161764377324179,AX,-0.10534724809665,L1,-0.0156322067833116,L2,-0.03...
Get Checksum: 1695186306
GetData ===>> H2,-0.217484089753063,H1,-0.0681750729379036,AX,-0.00954656925702818,L1,-0.024380961374192,L2,0.0...
GetData ===>> H2,-0.230492445704761,H1,-0.00296083079389649,AX,-0.118649625147331,L1,-0.0194937709746354,L2,-0....
GetData ===>> H2,-0.222402871310132,H1,0.0580348619438233,AX,0.0162196469602303,L1,-0.0131619461987839,L2,-0.04...
Get Checksum: 1695186306
13:54:46 -- collecting point 25
GetData ===>> H2,-0.159916624550449,H1,-0.0287821189910219,AX,-0.0396082000599006,L1,-0.020880933869679,L2,-0.0...
GetData ===>> H2,-0.0908240245006423,H1,0.0657216190840028,AX,-0.0708545659836274,L1,-0.0445422038339267,L2,0.0...
GetData ===>> H2,-0.242660061726883,H1,0.0665213621794837,AX,-0.062658438128439,L1,-0.0478040576119224,L2,-0.05...
Get Checksum: 1695186306
GetData ===>> H2,-0.174827423514468,H1,-0.0300700273052844,AX,0.0512539028220612,L1,0.00585927693753077,L2,-0.0...
GetData ===>> H2,-0.179650129430578,H1,-0.0437709147621977,AX,-0.0140123292266458,L1,-0.014838123866816,L2,0.02...
GetData ===>> H2,-0.233793665078599,H1,-0.00206620950835552,AX,-0.161213864707129,L1,-0.018262308821426,L2,-0.0...
Get Checksum: 1695186306
GetData ===>> H2,-0.176112599337194,H1,0.0190730357466197,AX,-0.126076380618017,L1,-0.0355315931263347,L2,-0.07...
GetData ===>> H2,-0.143176999921721,H1,0.0140144804785749,AX,-0.100120816570753,L1,0.0029876445601502,L2,0.0117...
GetData ===>> H2,-0.187505404706359,H1,0.0616991275384617,AX,-0.0873722449897708,L1,-0.0105690578674529,L2,0.04...
Get Checksum: 1695186306
GetData ===>> H2,-0.132049361164046,H1,0.0148615320572311,AX,-0.0793629697750724,L1,-0.0085127330146953,L2,-0.1...
GetData ===>> H2,-0.303598563370808,H1,0.0380090954540392,AX,-0.0289508370362906,L1,-0.0195980846019209,L2,0.02...
GetData ===>> H2,-0.226593799936498,H1,0.0320665814528499,AX,-0.0244277731155582,L1,0.019056023148821,L2,-0.110...
Get Checksum: 1695186306
GetData ===>> H2,-0.225066822766219,H1,0.0837154129907926,AX,-0.0707502348892299,L1,-0.0257686487833432,L2,-0.0...
GetData ===>> H2,-0.219757153503719,H1,0.0336416712906075,AX,-0.126389195627422,L1,-0.0540004575653274,L2,-0.05...
Get Checksum: 1695186306
GetData ===>> H2,-0.245955491386757,H1,0.00130956681625456,AX,-0.0720253850372446,L1,-0.00928015702122572,L2,-0...
GetData ===>> H2,-0.230130369877572,H1,0.00587837826568922,AX,-0.133735533964981,L1,0.00817972972506248,L2,-0.1...
GetData ===>> H2,-0.112302211067927,H1,0.0878542377032111,AX,-0.110191007109508,L1,-0.00474791067834423,L2,-0.0...
Get Checksum: 1695186306
GetData ===>> H2,-0.163216873980135,H1,-0.0249182946083558,AX,-0.0381702779456919,L1,-0.00425126640494011,L2,0....
GetData ===>> H2,-0.327421394217874,H1,-0.00251948529228478,AX,-0.0180603345967319,L1,-0.00338987839004077,L2,-...
GetData ===>> H2,-0.151351849816116,H1,0.0416487611299533,AX,-0.0940480689965587,L1,0.0258650391714837,L2,-0.07...
Get Checksum: 1695186306
GetData ===>> H2,-0.145410405027123,H1,-0.0348041404408804,AX,-0.0521427341142333,L1,0.00949136992510631,L2,-0....
GetData ===>> H2,-0.146511407800966,H1,0.0144439705241474,AX,-0.0898757326711643,L1,-0.01734131163791,L2,-0.008...
GetData ===>> H2,-0.12083647904064,H1,0.0152433041259894,AX,-0.0527456497268628,L1,0.0271080368343579,L2,0.0319...
GetData ===>> H2,-0.174268488524814,H1,0.0585719608914072,AX,-0.0639800669563486,L1,0.0238585811966002,L2,-0.06...
Get Checksum: 1695186306
GetData ===>> H2,-0.15660325534328,H1,-0.00267455285241063,AX,-0.144924905127825,L1,-0.021833972970224,L2,-0.02...
13:55:13 -- collecting point 50
GetData ===>> H2,-0.296642512718695,H1,0.0709737800592027,AX,-0.00452379440227552,L1,-0.0341542096616782,L2,-0....
GetData ===>> H2,-0.284475161380776,H1,-0.0884973942921306,AX,-0.125670878182764,L1,-0.0300946556464372,L2,0.03...
Get Checksum: 1695186306
GetData ===>> H2,-0.28678826482377,H1,0.00296767532417266,AX,-0.0640380327220928,L1,0.00876892665839358,L2,0.04...
GetData ===>> H2,-0.199402973924351,H1,0.00167935842039237,AX,0.0179484666158617,L1,-0.0259507835205877,L2,-0.0...
GetData ===>> H2,-0.0960447123902832,H1,-0.00918717346480842,AX,-0.0635974920363478,L1,-0.0362050032159717,L2,-...
Get Checksum: 1695186306
GetData ===>> H2,-0.282475999686966,H1,0.0834768692295597,AX,-0.112137713126411,L1,-0.0128239375979254,L2,-0.01...
GetData ===>> H2,-0.15768530589513,H1,-0.0415173728627092,AX,-0.0278722793410079,L1,0.00811373221469723,L2,-0.1...
Get Checksum: 1695186306
GetData ===>> H2,-0.14160538110714,H1,-0.0170590063645502,AX,-0.100178760809745,L1,0.0223263683253278,L2,-0.000...
GetData ===>> H2,-0.115492317962505,H1,0.05073060227494,AX,-0.0536036385815559,L1,0.0396510660787981,L2,-0.0049...
GetData ===>> H2,-0.14114588132639,H1,0.0586793810266386,AX,-0.0361409162313848,L1,0.0396450534187844,L2,-0.015...
Get Checksum: 1695186306
GetData ===>> H2,-0.116080975423264,H1,0.0101252934032072,AX,-0.0922980274895739,L1,0.0290046541033158,L2,0.040...
measurement finished
estimated time: 62.915 actual time: :63.905
flush and close file /Users/jan/PychronDev/data/isotopes/42/a4d2c8-d97c-4ed7-8c2b-489c1180a3d3.h5
activate_detectors ('H1', 'AX', 'CDD') {'peak_center': True}
peak_center () {'detector': 'H1', 'integration_time': 0.262144, 'isotope': 'Ar40'}
peak center: mean=1269.47160782 threshold=3
peak center started
setup peak center. detector=['H1', 'AX', 'CDD'], isotope=Ar40
VersionedUnpickler [<apptools.sweet_pickle.versioned_unpickler.VersionedUnpickler object at 0x1a1433ef0>] using Updater [<apptools.sweet_pickle.updater.Updater object at 0x133e38fb0>]
VersionedUnpickler [<apptools.sweet_pickle.versioned_unpickler.VersionedUnpickler object at 0x1a1433ef0>] using Updater [<apptools.sweet_pickle.updater.Updater object at 0x133e38fb0>]
VersionedUnpickler [<apptools.sweet_pickle.versioned_unpickler.VersionedUnpickler object at 0x1a1433ef0>] using Updater [<apptools.sweet_pickle.updater.Updater object at 0x133e38fb0>]
setting integration time = 0.524288
SetIntegrationTime 0.524288 ===>> OK
Mapping mass to dac mass func: "parabolic"
H1 map mass coeffs = [-0.00063987  0.15840543  0.57104999]
H1 map mass to dac 39.9624 >> 5.87944
GetDeflection H1 ===>> 0
GetHighVoltage ===>> 4500
do peak center. <pychron.spectrometer.jobs.peak_center.PeakCenter object at 0x12d6e98f0>
doing pc
starting peak center. center dac= 5.87944 step_width=0.001
width = 0.001
get scan parameters. half-width=0.015,window=0.015, i=0, scalar=1
Scan parameters center=5.87944 width=0.03000 (5.86444 - 5.89444)
GetData ===>> H2,-0.217571679218117,H1,-0.0203983848127585,AX,0.0415864831616128,L1,0.000302447958401813,L2,-0....
Moving to starting dac 5.86444
setting magnet DAC
current  : 5.240096
requested: 5.864440
Delta Dac: 0.624344
Checking detector protection. dv=0.62434
Checking detector "CDD". Protection Threshold: 0.1 (V)
ProtectDetector CDD,On ===>> OK
GetDeflection CDD ===>> 2000
SetMagnetDAC 5.86444 ===>> OK
Magnet settling time: 0.500
GetMagnetMoving ===>> True
GetMagnetMoving ===>> True
GetMagnetMoving ===>> True
GetMagnetMoving ===>> True
GetMagnetMoving ===>> True
Get Checksum: 1695186306
GetMagnetMoving ===>> True
GetMagnetMoving ===>> True
GetMagnetMoving ===>> True
GetMagnetMoving ===>> False
ProtectDetector CDD,Off ===>> OK
GetDeflection CDD ===>> 50
Wait until signal near baseline. tol= -0.0152987886096. timeout= 10
GetData ===>> H2,11.2965925607755,H1,6.49816954612807,AX,0.100478211129574,L1,0.0250676798020723,L2,0.100917357...
GetData ===>> H2,80.149733669965,H1,45.5024100977977,AX,5.07927125250486,L1,0.023331479808799,L2,-0.20545184030...
GetData ===>> H2,68.1208984679664,H1,37.8877836801063,AX,6.27443014601389,L1,0.0158209974639932,L2,0.0388368222...
GetData ===>> H2,34.2261609072702,H1,18.3811631579161,AX,2.79686751305378,L1,0.0256152571649051,L2,0.0731311108...
GetData ===>> H2,13.6321770363263,H1,9.36709510833491,AX,1.14942468554547,L1,0.0295116001929508,L2,-0.097626000...
Get Checksum: 1695186306
GetData ===>> H2,4.58654160109366,H1,5.04871710626917,AX,0.543036316813222,L1,0.00968043559273281,L2,-0.0327655...
GetData ===>> H2,1.42313788924222,H1,2.86002021313922,AX,0.451967038413497,L1,0.000428469336461282,L2,0.0537835...
GetData ===>> H2,0.505676199945524,H1,1.82251216899758,AX,0.258309370320764,L1,0.0135346401236378,L2,-0.0076516...
GetData ===>> H2,0.266610952123886,H1,1.3990491689458,AX,0.189396445167734,L1,0.00193844810891623,L2,0.00179912...
GetData ===>> H2,0.224865229601901,H1,1.10864919465821,AX,0.046635109679128,L1,-0.00113408429503295,L2,-0.05049...
GetData ===>> H2,0.263381266729499,H1,0.955118026241597,AX,0.0642291780506585,L1,-0.00207006020777004,L2,-0.004...
Get Checksum: 1695186306
GetData ===>> H2,0.289798150085695,H1,0.897442637061619,AX,0.028275612719727,L1,-0.0151957511753203,L2,-0.03080...
GetData ===>> H2,0.316764078344388,H1,0.973200767306204,AX,0.169815405933967,L1,-0.000776470527770786,L2,-0.011...
GetData ===>> H2,0.271181923007803,H1,0.854488907970486,AX,0.142561624603323,L1,0.0341185293542951,L2,-0.117390...
GetData ===>> H2,0.165364474061154,H1,0.924803797373453,AX,0.0760248567427921,L1,0.0253582763660075,L2,-0.04084...
GetData ===>> H2,0.0250495485953299,H1,0.969583959011744,AX,0.113437501172854,L1,0.0310013522814442,L2,0.075729...
GetData ===>> H2,0.0486601585158531,H1,0.840159128235851,AX,0.126073889689988,L1,0.0187486759408069,L2,-0.14598...
Get Checksum: 1695186306
GetData ===>> H2,0.14851038171011,H1,0.86111622477294,AX,-0.00845619674150776,L1,0.00146310445980762,L2,0.00293...
GetData ===>> H2,0.172226786481654,H1,0.915275619343636,AX,0.0655036913718574,L1,-0.0180114790023057,L2,0.03279...
GetData ===>> H2,0.126783310557141,H1,0.810655448021725,AX,0.0672416909674169,L1,-0.0384645515270756,L2,0.02831...
GetData ===>> H2,0.072533714985088,H1,0.834226862413279,AX,-0.0812523372397301,L1,-0.035145739970238,L2,-0.1685...
Peak center failed to move to a baseline position
_do_sweep sm= 5.86444, em= 5.89444, stm= 0.001
calculated step values: start=5.86444, end=5.89444, width=0.001, nsteps=31.0
setting magnet DAC
current  : 5.864440
requested: 5.864440
Delta Dac: 0.000000
Checking detector protection. dv=0.00000
Checking detector "CDD". Protection Threshold: 0.1 (V)
SetMagnetDAC 5.86444 ===>> OK
GetData ===>> H2,0.072533714985088,H1,0.834226862413279,AX,-0.0812523372397301,L1,-0.035145739970238,L2,-0.1685...
setting magnet DAC
current  : 5.864440
requested: 5.865474
Delta Dac: 0.001034
Checking detector protection. dv=0.00103
Checking detector "CDD". Protection Threshold: 0.1 (V)
SetMagnetDAC 5.86547448276 ===>> OK
Magnet settling time: 1.049
Get Checksum: 1695186306
GetData ===>> H2,-0.0190212891950322,H1,1.82224746176798,AX,0.331639417082869,L1,-0.0141267664516782,L2,-0.0550...
setting magnet DAC
current  : 5.865474
requested: 5.866509
Delta Dac: 0.001034
Checking detector protection. dv=0.00103
Checking detector "CDD". Protection Threshold: 0.1 (V)
SetMagnetDAC 5.86650896552 ===>> OK
Magnet settling time: 1.049
GetData ===>> H2,-0.0333748499994462,H1,6.72776927553727,AX,1.19133748191058,L1,0.030482316898117,L2,0.00298338...
setting magnet DAC
current  : 5.866509
requested: 5.867543
Delta Dac: 0.001034
Checking detector protection. dv=0.00103
Checking detector "CDD". Protection Threshold: 0.1 (V)
SetMagnetDAC 5.86754344828 ===>> OK
Magnet settling time: 1.049
GetData ===>> H2,-0.0155575287385994,H1,26.8463756984188,AX,4.07025463202504,L1,0.0382297729366361,L2,-0.093007...
setting magnet DAC
current  : 5.867543
requested: 5.868578
Delta Dac: 0.001034
Checking detector protection. dv=0.00103
Checking detector "CDD". Protection Threshold: 0.1 (V)
SetMagnetDAC 5.86857793103 ===>> OK
Magnet settling time: 1.049
Get Checksum: 1695186306
GetData ===>> H2,-0.0179898717811061,H1,93.3548274400375,AX,14.3841782898525,L1,0.0777955340975925,L2,-0.065519...
setting magnet DAC
current  : 5.868578
requested: 5.869612
Delta Dac: 0.001034
Checking detector protection. dv=0.00103
Checking detector "CDD". Protection Threshold: 0.1 (V)
SetMagnetDAC 5.86961241379 ===>> OK
Magnet settling time: 1.049
GetData ===>> H2,-0.0926000430794929,H1,260.349979311231,AX,44.5469048831236,L1,0.219744032643535,L2,0.08140459...
setting magnet DAC
current  : 5.869612
requested: 5.870647
Delta Dac: 0.001034
Checking detector protection. dv=0.00103
Checking detector "CDD". Protection Threshold: 0.1 (V)
SetMagnetDAC 5.87064689655 ===>> OK
Magnet settling time: 1.049
GetData ===>> H2,-0.0796294750857696,H1,534.185199049703,AX,101.400840274335,L1,0.616368480063787,L2,0.06638521...
setting magnet DAC
current  : 5.870647
requested: 5.871681
Delta Dac: 0.001034
Checking detector protection. dv=0.00103
Checking detector "CDD". Protection Threshold: 0.1 (V)
SetMagnetDAC 5.87168137931 ===>> OK
Magnet settling time: 1.049
Get Checksum: 1695186306
GetData ===>> H2,-0.160732323891338,H1,840.676401529323,AX,175.583040780478,L1,1.24193420991802,L2,0.3160858309...
setting magnet DAC
current  : 5.871681
requested: 5.872716
Delta Dac: 0.001034
Checking detector protection. dv=0.00103
Checking detector "CDD". Protection Threshold: 0.1 (V)
SetMagnetDAC 5.87271586207 ===>> OK
Magnet settling time: 1.049
GetData ===>> H2,-0.0896329328926017,H1,1054.51665844927,AX,236.228884166598,L1,1.99426913636281,L2,0.369054731...
setting magnet DAC
current  : 5.872716
requested: 5.873750
Delta Dac: 0.001034
Checking detector protection. dv=0.00103
Checking detector "CDD". Protection Threshold: 0.1 (V)
SetMagnetDAC 5.87375034483 ===>> OK
Magnet settling time: 1.049
GetData ===>> H2,-0.0729583230099851,H1,1160.27529865582,AX,273.16480779114,L1,2.62493961763347,L2,0.8048407322...
setting magnet DAC
current  : 5.873750
requested: 5.874785
Delta Dac: 0.001034
Checking detector protection. dv=0.00103
Checking detector "CDD". Protection Threshold: 0.1 (V)
SetMagnetDAC 5.87478482759 ===>> OK
Magnet settling time: 1.049
Get Checksum: 1695186306
GetData ===>> H2,-0.0602760734867455,H1,1198.47041444479,AX,288.422556697708,L1,3.08480173336971,L2,0.840514855...
setting magnet DAC
current  : 5.874785
requested: 5.875819
Delta Dac: 0.001034
Checking detector protection. dv=0.00103
Checking detector "CDD". Protection Threshold: 0.1 (V)
SetMagnetDAC 5.87581931034 ===>> OK
Magnet settling time: 1.049
GetData ===>> H2,-0.122303991856544,H1,1209.61664945401,AX,294.104790249475,L1,3.45322335429088,L2,1.0889172389...
setting magnet DAC
current  : 5.875819
requested: 5.876854
Delta Dac: 0.001034
Checking detector protection. dv=0.00103
Checking detector "CDD". Protection Threshold: 0.1 (V)
SetMagnetDAC 5.8768537931 ===>> OK
Magnet settling time: 1.049
Get Checksum: 1695186306
GetData ===>> H2,-0.124278410210457,H1,1211.12038677331,AX,294.687850090349,L1,3.56929687718283,L2,1.0798939972...
setting magnet DAC
current  : 5.876854
requested: 5.877888
Delta Dac: 0.001034
Checking detector protection. dv=0.00103
Checking detector "CDD". Protection Threshold: 0.1 (V)
SetMagnetDAC 5.87788827586 ===>> OK
Magnet settling time: 1.049
GetData ===>> H2,-0.108491752438212,H1,1211.09700340166,AX,294.542532580439,L1,3.67431960597085,L2,1.0155191868...
setting magnet DAC
current  : 5.877888
requested: 5.878923
Delta Dac: 0.001034
Checking detector protection. dv=0.00103
Checking detector "CDD". Protection Threshold: 0.1 (V)
SetMagnetDAC 5.87892275862 ===>> OK
Magnet settling time: 1.049
GetData ===>> H2,-0.0493463843033981,H1,1210.76871785275,AX,295.084643135969,L1,3.67217395562133,L2,0.872378766...
setting magnet DAC
current  : 5.878923
requested: 5.879957
Delta Dac: 0.001034
Checking detector protection. dv=0.00103
Checking detector "CDD". Protection Threshold: 0.1 (V)
SetMagnetDAC 5.87995724138 ===>> OK
Magnet settling time: 1.049
Get Checksum: 1695186306
GetData ===>> H2,-0.0244606853488077,H1,1210.67016533098,AX,294.605617301306,L1,3.73812663182657,L2,0.979355772...
setting magnet DAC
current  : 5.879957
requested: 5.880992
Delta Dac: 0.001034
Checking detector protection. dv=0.00103
Checking detector "CDD". Protection Threshold: 0.1 (V)
SetMagnetDAC 5.88099172414 ===>> OK
Magnet settling time: 1.049
GetData ===>> H2,-0.0540887508165065,H1,1210.27882690537,AX,294.390018746624,L1,3.71737927240148,L2,1.126324624...
setting magnet DAC
current  : 5.880992
requested: 5.882026
Delta Dac: 0.001034
Checking detector protection. dv=0.00103
Checking detector "CDD". Protection Threshold: 0.1 (V)
SetMagnetDAC 5.8820262069 ===>> OK
Magnet settling time: 1.049
GetData ===>> H2,-0.153797007532785,H1,1209.50944051918,AX,294.042951372119,L1,3.79186557494112,L2,1.0171669376...
setting magnet DAC
current  : 5.882026
requested: 5.883061
Delta Dac: 0.001034
Checking detector protection. dv=0.00103
Checking detector "CDD". Protection Threshold: 0.1 (V)
SetMagnetDAC 5.88306068966 ===>> OK
Magnet settling time: 1.049
Get Checksum: 1695186306
GetData ===>> H2,-0.202075199523497,H1,1207.61998517469,AX,293.588797750854,L1,3.78465994247185,L2,0.9943069179...
setting magnet DAC
current  : 5.883061
requested: 5.884095
Delta Dac: 0.001034
Checking detector protection. dv=0.00103
Checking detector "CDD". Protection Threshold: 0.1 (V)
SetMagnetDAC 5.88409517241 ===>> OK
Magnet settling time: 1.049
GetData ===>> H2,-0.116251477401883,H1,1201.65796246382,AX,290.386008924492,L1,3.71202526964072,L2,1.0181510244...
setting magnet DAC
current  : 5.884095
requested: 5.885130
Delta Dac: 0.001034
Checking detector protection. dv=0.00103
Checking detector "CDD". Protection Threshold: 0.1 (V)
SetMagnetDAC 5.88512965517 ===>> OK
Magnet settling time: 1.049
GetData ===>> H2,-0.194138986539035,H1,1177.70057987762,AX,279.819071957747,L1,3.594805712895,L2,0.769545774007...
setting magnet DAC
current  : 5.885130
requested: 5.886164
Delta Dac: 0.001034
Checking detector protection. dv=0.00103
Checking detector "CDD". Protection Threshold: 0.1 (V)
SetMagnetDAC 5.88616413793 ===>> OK
Magnet settling time: 1.049
Get Checksum: 1695186306
GetData ===>> H2,-0.191421485746466,H1,1106.16827117535,AX,250.8224246349,L1,3.25945385817852,L2,0.772861987234...
setting magnet DAC
current  : 5.886164
requested: 5.887199
Delta Dac: 0.001034
Checking detector protection. dv=0.00103
Checking detector "CDD". Protection Threshold: 0.1 (V)
SetMagnetDAC 5.88719862069 ===>> OK
Magnet settling time: 1.049
GetData ===>> H2,-0.31789107614313,H1,838.090910985126,AX,161.768661233842,L1,2.33207225676383,L2,0.44867719986...
setting magnet DAC
current  : 5.887199
requested: 5.888233
Delta Dac: 0.001034
Checking detector protection. dv=0.00103
Checking detector "CDD". Protection Threshold: 0.1 (V)
SetMagnetDAC 5.88823310345 ===>> OK
Magnet settling time: 1.049
Get Checksum: 1695186306
GetData ===>> H2,-0.380549420866255,H1,522.076524845059,AX,85.7050459529424,L1,1.60069674109315,L2,0.2163656345...
setting magnet DAC
current  : 5.888233
requested: 5.889268
Delta Dac: 0.001034
Checking detector protection. dv=0.00103
Checking detector "CDD". Protection Threshold: 0.1 (V)
SetMagnetDAC 5.88926758621 ===>> OK
Magnet settling time: 1.049
GetData ===>> H2,-0.344480193463185,H1,248.891666356915,AX,34.2334965575916,L1,0.974817750560197,L2,0.131630660...
setting magnet DAC
current  : 5.889268
requested: 5.890302
Delta Dac: 0.001034
Checking detector protection. dv=0.00103
Checking detector "CDD". Protection Threshold: 0.1 (V)
SetMagnetDAC 5.89030206897 ===>> OK
Magnet settling time: 1.049
GetData ===>> H2,-0.282772940612989,H1,92.6460763558967,AX,10.4509486077475,L1,0.586713761537245,L2,-0.06196958...
setting magnet DAC
current  : 5.890302
requested: 5.891337
Delta Dac: 0.001034
Checking detector protection. dv=0.00103
Checking detector "CDD". Protection Threshold: 0.1 (V)
SetMagnetDAC 5.89133655172 ===>> OK
Magnet settling time: 1.049
Get Checksum: 1695186306
GetData ===>> H2,-0.21042217460741,H1,27.8702298031631,AX,2.29177047834171,L1,0.413344573009412,L2,-0.105201561...
setting magnet DAC
current  : 5.891337
requested: 5.892371
Delta Dac: 0.001034
Checking detector protection. dv=0.00103
Checking detector "CDD". Protection Threshold: 0.1 (V)
SetMagnetDAC 5.89237103448 ===>> OK
Magnet settling time: 1.049
GetData ===>> H2,-0.202147996030096,H1,7.23367556076682,AX,0.370382358532963,L1,0.259422877334676,L2,-0.0018218...
setting magnet DAC
current  : 5.892371
requested: 5.893406
Delta Dac: 0.001034
Checking detector protection. dv=0.00103
Checking detector "CDD". Protection Threshold: 0.1 (V)
SetMagnetDAC 5.89340551724 ===>> OK
Magnet settling time: 1.049
GetData ===>> H2,-0.133912970353362,H1,1.5715561702786,AX,-0.0547978537194829,L1,0.172500014801714,L2,-0.044580...
setting magnet DAC
current  : 5.893406
requested: 5.894440
Delta Dac: 0.001034
Checking detector protection. dv=0.00103
Checking detector "CDD". Protection Threshold: 0.1 (V)
SetMagnetDAC 5.89444 ===>> OK
Magnet settling time: 1.049
Get Checksum: 1695186306
GetData ===>> H2,-0.25035014332704,H1,0.189850644558409,AX,-0.268754572165607,L1,0.101348972914957,L2,-0.032674...
result of _do_sweep=True
result of _calculate_peak_center=([5.8719249699398794, 5.8794700601202399, 5.8870151503006003], [891.02956823901468, 1211.1196838663466, 885.63569330350469], 5.8768848897795589, 1211.1196838663466)
Failed to find a valid peak. No peak greater than 1.0. max = 0.0279151483742
new center pos Detector(H1) (Ar40) @ 5.87947006012
GetHighVoltage ===>> 4500
GetDeflection H1 ===>> 0
dac uncorrected for HV and deflection 5.87947006012
update mftable H1 Ar40 5.87947006012 message=automated run peakcenter
get initial guess parabolic
get initial guess parabolic
get initial guess parabolic
get initial guess parabolic
get initial guess parabolic
get initial guess parabolic
dump mftable to /Users/jan/PychronDev/setupfiles/spectrometer/mftables/mftable.csv
add to repo msg=modified - automated run peakcenter
sweep finished
locally archiving mftable
setting magnet DAC
current  : 5.894440
requested: 5.879470
Delta Dac: 0.014970
Checking detector protection. dv=0.01497
Checking detector "CDD". Protection Threshold: 0.1 (V)
SetMagnetDAC 5.87947006012 ===>> OK
Magnet settling time: 0.500
setting integration time = 1.048576
SetIntegrationTime 1.048576 ===>> OK
Failed to find a valid peak. No peak greater than 1.0. max = 0.0279151483742
flush and close file /Users/jan/PychronDev/data/isotopes/42/a4d2c8-d97c-4ed7-8c2b-489c1180a3d3.h5
finished measure script
executed 226.132928
jan_unknown120_60.py completed successfully
Measurement Finished
13:56:11 -- ******* Measurement Finished *******
Post Measurement Started jan_pump_ms.py
13:56:11 -- ******* Post Measurement Started jan_pump_ms.py *******
testing...
no interpolation path defined
executed 0
Pumping spectrometer
open () {'name': 'O'}
opening name=O desc=---
checking ownership. requestor=129.138.12.150
check software interlocks O
interlocks []
actuate state mode=None-script, software_lock=False
doing actuation None-script open_channel True
Open O ===>> OK
GetIndicatorState O ===>> OK
change switch state (True, True)
update switch state O True args=() kw={} ncanvase=3
13:56:11 -- OPEN   VALVE-O (Jan Ion Pump)
---------------------------------------- open O () result=[(True, True)], time=0.09 sec
action=open, ok=True, locked=[False]
executed 0
jan_pump_ms.py completed successfully
setting _ms_pumptime
Post Measurement Finished
13:56:11 -- ******* Post Measurement Finished *******
$$$$$$$$$$$$$$$$$$$$ state at run end measurement
state changed from measurement to success
post measurement save measured=True aborted=False
Set filtering
setting fod for Ar40= {'filter_outliers': True, 'std_devs': 2, 'iterations': 1}
setting fod for H1= {'filter_outliers': True, 'std_devs': 2, 'iterations': 1}
setting fod for PM41= {'filter_outliers': False, 'std_devs': 2, 'iterations': 1}
setting fod for H2= {'filter_outliers': True, 'std_devs': 2, 'iterations': 1}
setting fod for Ar36= {'filter_outliers': True, 'std_devs': 2, 'iterations': 1}
setting fod for CDD= {'filter_outliers': True, 'std_devs': 10, 'iterations': 1}
setting fod for Ar37= {'filter_outliers': True, 'std_devs': 2, 'iterations': 1}
setting fod for L2= {'filter_outliers': True, 'std_devs': 2, 'iterations': 1}
setting fod for Ar38= {'filter_outliers': True, 'std_devs': 2, 'iterations': 1}
setting fod for L1= {'filter_outliers': True, 'std_devs': 2, 'iterations': 1}
setting fod for Ar39= {'filter_outliers': True, 'std_devs': 2, 'iterations': 1}
setting fod for AX= {'filter_outliers': True, 'std_devs': 2, 'iterations': 1}
persistence save...
persistence save - db
post measurement save
6898142480 connecting to database sqlite:////Users/jan/PychronDev/.appdata/local_lab.db
connected to db sqlite:////Users/jan/PychronDev/.appdata/local_lab.db
create new session 6898142480
close session 6898142480
No database instance. Not saving post measurement to isotopedb database
$$$$$$$$$$$$$$$ auto_save_detector_ic=False
massspec enabled True
create new session 5064816880
MassSpec Database Version: 16.0
close session 5064816880
saving post measurement to secondary database
saving to massspec database 129.138.12.160/massspecdata
setting labnumber to 25382
setting aliquot to 3
setting step to 
setting uuid to 42a4d2c8-d97c-4ed7-8c2b-489c1180a3d3
setting irradpos to 25382
setting extract_device to Fusions CO2
setting tray to 
setting position to 140
setting power_requested to 5.0
setting extract_value to 5.0
setting duration to 30.0
setting duration_at_request to 30.0
setting first_stage_delay to 30.0
setting cleanup to 30.0
setting comment to N:1
setting irradiation to NM-289
setting level to N
setting irradiation_level to N
setting sample to FC-2
setting material to Sanidine
setting project to Irradiation-NM-289
setting mass_spectrometer to Jan
no attribute chron_dosages
no attribute production_ratios
no attribute interference_corrections
no attribute production_name
no attribute j
Reference Isotope=Ar40
Reference Detector=H1
%%%%%%%%%%%%%%%%%%%% Comment: N:1 %%%%%%%%%%%%%%%%%%%
adding isotope PM41 H2
add baseline dbdet= PM41. original det= H2
get baseline data PM41 H2
Get data baseline <pychron.processing.isotope.Baseline object at 0x1a121dd50> len t=60
baseline PM41. v=-0.187845892635, e=0.00809109560089
get signal data PM41 H2
Get data signal PM41 0.13+/-0.07 len t=120
adding isotope Ar40 H1
add baseline dbdet= Ar40. original det= H1
get baseline data Ar40 H1
Get data baseline <pychron.processing.isotope.Baseline object at 0x1a121df10> len t=60
baseline Ar40. v=0.00714410359492, e=0.00581379385011
get signal data Ar40 H1
Get data signal Ar40 1334.00+/-0.07 len t=120
adding isotope Ar39 AX
add baseline dbdet= Ar39. original det= AX
get baseline data Ar39 AX
Get data baseline <pychron.processing.isotope.Baseline object at 0x1a122c110> len t=60
baseline Ar39. v=-0.0695011493397, e=0.00622652201829
get signal data Ar39 AX
Get data signal Ar39 324.28+/-0.04 len t=120
adding isotope Ar38 L1
Get Checksum: 192129876
add baseline dbdet= Ar38. original det= L1
get baseline data Ar38 L1
Get data baseline <pychron.processing.isotope.Baseline object at 0x1a122c2d0> len t=60
baseline Ar38. v=-0.0192036521806, e=0.00379933490261
get signal data Ar38 L1
Get data signal Ar38 4.196+/-0.006 len t=120
adding isotope Ar37 L2
add baseline dbdet= Ar37. original det= L2
get baseline data Ar37 L2
Get data baseline <pychron.processing.isotope.Baseline object at 0x1a122c490> len t=60
baseline Ar37. v=-0.0279266145426, e=0.00642994147467
get signal data Ar37 L2
Get data signal Ar37 1.129+/-0.010 len t=120
adding isotope Ar36 CDD
add baseline dbdet= Ar36. original det= CDD
get baseline data Ar36 CDD
Get data baseline <pychron.processing.isotope.Baseline object at 0x1a122c650> len t=60
baseline Ar36. v=0.000258033383912, e=2.66830868551e-05
get signal data Ar36 CDD
Get data signal Ar36 0.01916+/-0.00031 len t=120
25382-03 added analysis time 0.548564910889s
analysis added to mass spec database
mass spec save time= 0.557
persistence save - dvc
================= post measurement started
create new session 4983587952
close session 4983587952
---------------- Experiment Queue saving disabled
DVC saving peakcenter
Failed to find a valid peak. No peak greater than 1.0. max = 0.0279151483742
Smart pull ahead: 0 behind: 0
Up-to-date with origin
add to repo msg=modified - ad8224ebc6dbfeb9f5997218dfa5fe690569839d.json
add to repo msg=modified - 82-03.json
add to repo msg=modified - 82-03.dat.json
add to repo msg=modified - 82-03.blan.json
add to repo msg=modified - 82-03.inte.json
add to repo msg=modified - 82-03.icfa.json
Get Checksum: 192129876
add to repo msg=modified - 82-03.base.json
not at valid file /Users/jan/PychronDev/data/.dvc/repositories/Load1785/253/tags/82-03.tags.json
add to repo msg=modified - 82-03.peak.json
add to repo msg=modified - 82-03.extr.json
not at valid file /Users/jan/PychronDev/data/.dvc/repositories/Load1785/253/monitor/82-03.moni.json
commit message=<COLLECTION>
add to repo msg=modified - 82-03.inte.json
add to repo msg=modified - 82-03.base.json
commit message=<ISOEVO> default collection fits
add to repo msg=modified - 82-03.blan.json
Get Checksum: 192129876
commit message=<BLANKS> preceding bu-FC-J-7510
add to repo msg=modified - 82-03.icfa.json
commit message=<ICFactor> default
push repository <pychron.git_archive.repo_manager.GitRepoManager object at 0x182c810b0>
pushing to remote=origin, url=https://github.com
Get Checksum: 192129876
no changes to meta repo
create new session 4983587952
add association Load1785
get identifier "25382"
setting analysis irradiation position=<pychron.dvc.dvc_orm.IrradiationPositionTbl object at 0x13dc24dd0>
close session 4983587952
================= post measurement finished
13:56:24 -- ******* Post Run Check *******
loading queue conditionals post_run_actions
loading system conditionals post_run_actions
loading conditionals from /Users/jan/PychronDev/setupfiles/spectrometer/default_conditionals.yaml
loading queue conditionals post_run_terminations
loading system conditionals post_run_terminations
loading conditionals from /Users/jan/PychronDev/setupfiles/spectrometer/default_conditionals.yaml
Checking default post run terminations n=1
GetDeflection CDD ===>> 50
testing CDD==2000
evaluate ot="CDD.deflection==2000" t="CDD==2000", ctx="{'CDD': 50.0}"
13:56:24 -- ******* Post Run Check Passed *******
13:56:24 -- Automated run 25382-03 success duration: 363.781 s
----------------- finish -----------------
----------------- stop -----------------
retroactive repository identifiers disabled
finish run. runs completed=53
update duration runid=25382-03, duration=363.78057003, md5=301e91d8
loading script "jan_unknown120_60.py"
loading script "jan_pump_ms.py"
loading script "jan_co2.py"
loading script "jan_pump_extraction_line.py"
testing...
no interpolation path defined
executed 213.652928
script duration name:unknown120_60 seconds:214.0
loading script "jan_unknown120_60.py"
loading script "jan_pump_ms.py"
loading script "jan_co2.py"
loading script "jan_pump_extraction_line.py"
testing...
no interpolation path defined
executed 0
loading script "jan_unknown120_60.py"
loading script "jan_pump_ms.py"
loading script "jan_co2.py"
loading script "jan_pump_extraction_line.py"
testing...
no interpolation path defined
calculate duration
testing...
no interpolation path defined
executed 0
calculate duration
testing...
no interpolation path defined
executed 0
executed 0.0
script duration name:co2 seconds:0.0
loading script "jan_unknown120_60.py"
loading script "jan_pump_ms.py"
loading script "jan_co2.py"
loading script "jan_pump_extraction_line.py"
testing...
no interpolation path defined
calculate duration
testing...
no interpolation path defined
executed 4.0
executed 4.0
Script duration 214.0
Run total estimated duration= 215.000
unknown120_60 in script context. using previous estimated duration
script duration name:unknown120_60 seconds:214.0
pump_ms in script context. using previous estimated duration
co2 in script context. using previous estimated duration
script duration name:co2 seconds:0.0
pump_extraction_line in script context. using previous estimated duration
Script duration 214.0
Run total estimated duration= 215.000
script duration name:unknown120_60 seconds:214.0
script duration name:co2 seconds:0.0
Script duration 214.0
Run total estimated duration= 215.000
script duration name:unknown120_60 seconds:214.0
script duration name:co2 seconds:0.0
Script duration 214.0
Run total estimated duration= 215.000
loading script "jan_unknown400_120.py"
loading script "jan_pump_ms.py"
loading script "jan_co2.py"
loading script "jan_pump_extraction_line.py"
testing...
no interpolation path defined
executed 556.052928
script duration name:unknown400_120 seconds:556.0
script duration name:co2 seconds:0.0
Script duration 556.0
Run total estimated duration= 557.000
unknown400_120 in script context. using previous estimated duration
script duration name:unknown400_120 seconds:556.0
loading script "jan_unknown400_120.py"
loading script "jan_pump_ms.py"
loading script "jan_cocktail_x1.py"
loading script "jan_pump_extraction_line.py"
testing...
no interpolation path defined
calculate duration
testing...
no interpolation path defined
executed 0
calculate duration
testing...
no interpolation path defined
executed 0
calculate duration
testing...
no interpolation path defined
executed 32.0
calculate duration
testing...
no interpolation path defined
executed 34.0
calculate duration
testing...
no interpolation path defined
executed 4.0
calculate duration
testing...
no interpolation path defined
executed 38.0
executed 108.0
script duration name:cocktail_x1 seconds:108.0
Script duration 664.0
Run total estimated duration= 665.000
script duration name:unknown400_120 seconds:556.0
loading script "jan_unknown400_120.py"
loading script "jan_pump_ms.py"
loading script "jan_sniffair_x2.py"
loading script "jan_pump_extraction_line.py"
testing...
no interpolation path defined
calculate duration
testing...
no interpolation path defined
executed 0
calculate duration
testing...
no interpolation path defined
executed 0
calculate duration
testing...
no interpolation path defined
executed 32.0
calculate duration
testing...
no interpolation path defined
executed 34.0
calculate duration
testing...
no interpolation path defined
executed 4.0
calculate duration
testing...
no interpolation path defined
executed 36.0
calculate duration
testing...
no interpolation path defined
executed 34.0
calculate duration
testing...
no interpolation path defined
executed 4.0
calculate duration
testing...
no interpolation path defined
executed 36.0
calculate duration
testing...
no interpolation path defined
executed 70.0
executed 250.0
script duration name:sniffair_x2 seconds:250.0
Script duration 806.0
Run total estimated duration= 807.000
loading script "jan_ic_peak_hop3.py"
loading script "jan_pump_ms.py"
loading script "jan_air_x1.py"
loading script "jan_pump_extraction_line.py"
testing...
no interpolation path defined
executed 133.8
script duration name:ic_peak_hop3 seconds:134.0
loading script "jan_ic_peak_hop3.py"
loading script "jan_pump_ms.py"
loading script "jan_air_x1.py"
loading script "jan_pump_extraction_line.py"
testing...
no interpolation path defined
calculate duration
testing...
no interpolation path defined
executed 0
calculate duration
testing...
no interpolation path defined
executed 0
calculate duration
testing...
no interpolation path defined
executed 32.0
calculate duration
testing...
no interpolation path defined
executed 34.0
calculate duration
testing...
no interpolation path defined
executed 4.0
calculate duration
testing...
no interpolation path defined
executed 36.0
executed 106.0
script duration name:air_x1 seconds:106.0
Script duration 240.0
Run total estimated duration= 241.000
script duration name:unknown120_60 seconds:214.0
script duration name:co2 seconds:0.0
Script duration 214.0
Run total estimated duration= 215.000
script duration name:unknown120_60 seconds:214.0
script duration name:co2 seconds:0.0
Script duration 214.0
Run total estimated duration= 215.000
script duration name:unknown120_60 seconds:214.0
script duration name:co2 seconds:0.0
Script duration 214.0
Run total estimated duration= 215.000
script duration name:unknown120_60 seconds:214.0
script duration name:co2 seconds:0.0
Script duration 214.0
Run total estimated duration= 215.000
script duration name:unknown120_60 seconds:214.0
script duration name:co2 seconds:0.0
Script duration 214.0
Run total estimated duration= 215.000
script duration name:unknown120_60 seconds:214.0
script duration name:co2 seconds:0.0
Script duration 214.0
Run total estimated duration= 215.000
script duration name:unknown120_60 seconds:214.0
script duration name:co2 seconds:0.0
Script duration 214.0
Run total estimated duration= 215.000
script duration name:unknown120_60 seconds:214.0
script duration name:co2 seconds:0.0
Script duration 214.0
Run total estimated duration= 215.000
script duration name:unknown120_60 seconds:214.0
script duration name:co2 seconds:0.0
Script duration 214.0
Run total estimated duration= 215.000
script duration name:unknown120_60 seconds:214.0
script duration name:co2 seconds:0.0
Script duration 214.0
Run total estimated duration= 215.000
script duration name:unknown120_60 seconds:214.0
script duration name:co2 seconds:0.0
Script duration 214.0
Run total estimated duration= 215.000
script duration name:unknown120_60 seconds:214.0
script duration name:co2 seconds:0.0
Script duration 214.0
Run total estimated duration= 215.000
script duration name:unknown120_60 seconds:214.0
script duration name:co2 seconds:0.0
Script duration 214.0
Run total estimated duration= 215.000
script duration name:unknown120_60 seconds:214.0
script duration name:co2 seconds:0.0
Script duration 214.0
Run total estimated duration= 215.000
script duration name:unknown120_60 seconds:214.0
script duration name:co2 seconds:0.0
Script duration 214.0
Run total estimated duration= 215.000
script duration name:unknown400_120 seconds:556.0
script duration name:co2 seconds:0.0
Script duration 556.0
Run total estimated duration= 557.000
script duration name:unknown120_60 seconds:214.0
script duration name:co2 seconds:0.0
Script duration 214.0
Run total estimated duration= 215.000
script duration name:unknown120_60 seconds:214.0
script duration name:co2 seconds:0.0
Script duration 214.0
Run total estimated duration= 215.000
script duration name:unknown120_60 seconds:214.0
script duration name:co2 seconds:0.0
Script duration 214.0
Run total estimated duration= 215.000
script duration name:unknown120_60 seconds:214.0
script duration name:co2 seconds:0.0
Script duration 214.0
Run total estimated duration= 215.000
script duration name:unknown120_60 seconds:214.0
script duration name:co2 seconds:0.0
Script duration 214.0
Run total estimated duration= 215.000
script duration name:unknown400_120 seconds:556.0
cocktail_x1 in script context. using previous estimated duration
script duration name:cocktail_x1 seconds:108.0
Script duration 664.0
Run total estimated duration= 665.000
script duration name:unknown400_120 seconds:556.0
script duration name:cocktail_x1 seconds:108.0
Script duration 664.0
Run total estimated duration= 665.000
script duration name:unknown120_60 seconds:214.0
script duration name:co2 seconds:0.0
Script duration 214.0
Run total estimated duration= 215.000
script duration name:unknown120_60 seconds:214.0
script duration name:co2 seconds:0.0
Script duration 214.0
Run total estimated duration= 215.000
script duration name:unknown120_60 seconds:214.0
script duration name:co2 seconds:0.0
Script duration 214.0
Run total estimated duration= 215.000
script duration name:unknown120_60 seconds:214.0
script duration name:co2 seconds:0.0
Script duration 214.0
Run total estimated duration= 215.000
script duration name:unknown120_60 seconds:214.0
script duration name:co2 seconds:0.0
Script duration 214.0
Run total estimated duration= 215.000
script duration name:unknown120_60 seconds:214.0
script duration name:co2 seconds:0.0
Script duration 214.0
Run total estimated duration= 215.000
script duration name:unknown120_60 seconds:214.0
script duration name:co2 seconds:0.0
Script duration 214.0
Run total estimated duration= 215.000
script duration name:unknown120_60 seconds:214.0
script duration name:co2 seconds:0.0
Script duration 214.0
Run total estimated duration= 215.000
script duration name:unknown120_60 seconds:214.0
script duration name:co2 seconds:0.0
Script duration 214.0
Run total estimated duration= 215.000
script duration name:unknown120_60 seconds:214.0
script duration name:co2 seconds:0.0
Script duration 214.0
Run total estimated duration= 215.000
script duration name:unknown400_120 seconds:556.0
script duration name:co2 seconds:0.0
Script duration 556.0
Run total estimated duration= 557.000
script duration name:unknown400_120 seconds:556.0
sniffair_x2 in script context. using previous estimated duration
script duration name:sniffair_x2 seconds:250.0
Script duration 806.0
Run total estimated duration= 807.000
ic_peak_hop3 in script context. using previous estimated duration
script duration name:ic_peak_hop3 seconds:134.0
air_x1 in script context. using previous estimated duration
script duration name:air_x1 seconds:106.0
Script duration 240.0
Run total estimated duration= 241.000
script duration name:unknown120_60 seconds:214.0
script duration name:co2 seconds:0.0
Script duration 214.0
Run total estimated duration= 215.000
script duration name:unknown120_60 seconds:214.0
script duration name:co2 seconds:0.0
Script duration 214.0
Run total estimated duration= 215.000
script duration name:unknown120_60 seconds:214.0
script duration name:co2 seconds:0.0
Script duration 214.0
Run total estimated duration= 215.000
script duration name:unknown120_60 seconds:214.0
script duration name:co2 seconds:0.0
Script duration 214.0
Run total estimated duration= 215.000
script duration name:unknown120_60 seconds:214.0
script duration name:co2 seconds:0.0
Script duration 214.0
Run total estimated duration= 215.000
script duration name:unknown120_60 seconds:214.0
script duration name:co2 seconds:0.0
Script duration 214.0
Run total estimated duration= 215.000
script duration name:unknown120_60 seconds:214.0
script duration name:co2 seconds:0.0
Script duration 214.0
Run total estimated duration= 215.000
script duration name:unknown120_60 seconds:214.0
script duration name:co2 seconds:0.0
Script duration 214.0
Run total estimated duration= 215.000
script duration name:unknown120_60 seconds:214.0
script duration name:co2 seconds:0.0
Script duration 214.0
Run total estimated duration= 215.000
script duration name:unknown120_60 seconds:214.0
script duration name:co2 seconds:0.0
Script duration 214.0
Run total estimated duration= 215.000
script duration name:unknown400_120 seconds:556.0
script duration name:cocktail_x1 seconds:108.0
Script duration 664.0
Run total estimated duration= 665.000
script duration name:unknown120_60 seconds:214.0
script duration name:co2 seconds:0.0
Script duration 214.0
Run total estimated duration= 215.000
script duration name:unknown120_60 seconds:214.0
script duration name:co2 seconds:0.0
Script duration 214.0
Run total estimated duration= 215.000
script duration name:unknown120_60 seconds:214.0
script duration name:co2 seconds:0.0
Script duration 214.0
Run total estimated duration= 215.000
script duration name:unknown120_60 seconds:214.0
script duration name:co2 seconds:0.0
Script duration 214.0
Run total estimated duration= 215.000
script duration name:unknown120_60 seconds:214.0
script duration name:co2 seconds:0.0
Script duration 214.0
Run total estimated duration= 215.000
script duration name:unknown400_120 seconds:556.0
script duration name:co2 seconds:0.0
Script duration 556.0
Run total estimated duration= 557.000
script duration name:unknown120_60 seconds:214.0
script duration name:co2 seconds:0.0
Script duration 214.0
Run total estimated duration= 215.000
script duration name:unknown120_60 seconds:214.0
script duration name:co2 seconds:0.0
Script duration 214.0
Run total estimated duration= 215.000
script duration name:unknown120_60 seconds:214.0
script duration name:co2 seconds:0.0
Script duration 214.0
Run total estimated duration= 215.000
script duration name:unknown120_60 seconds:214.0
script duration name:co2 seconds:0.0
Script duration 214.0
Run total estimated duration= 215.000
script duration name:unknown120_60 seconds:214.0
script duration name:co2 seconds:0.0
Script duration 214.0
Run total estimated duration= 215.000
script duration name:unknown120_60 seconds:214.0
script duration name:co2 seconds:0.0
Script duration 214.0
Run total estimated duration= 215.000
script duration name:unknown120_60 seconds:214.0
script duration name:co2 seconds:0.0
Script duration 214.0
Run total estimated duration= 215.000
script duration name:unknown120_60 seconds:214.0
script duration name:co2 seconds:0.0
Script duration 214.0
Run total estimated duration= 215.000
script duration name:unknown120_60 seconds:214.0
script duration name:co2 seconds:0.0
Script duration 214.0
Run total estimated duration= 215.000
script duration name:unknown120_60 seconds:214.0
script duration name:co2 seconds:0.0
Script duration 214.0
Run total estimated duration= 215.000
script duration name:unknown120_60 seconds:214.0
script duration name:co2 seconds:0.0
Script duration 214.0
Run total estimated duration= 215.000
script duration name:unknown120_60 seconds:214.0
script duration name:co2 seconds:0.0
Script duration 214.0
Run total estimated duration= 215.000
script duration name:unknown120_60 seconds:214.0
script duration name:co2 seconds:0.0
Script duration 214.0
Run total estimated duration= 215.000
script duration name:unknown120_60 seconds:214.0
script duration name:co2 seconds:0.0
Script duration 214.0
Run total estimated duration= 215.000
script duration name:unknown120_60 seconds:214.0
script duration name:co2 seconds:0.0
Script duration 214.0
Run total estimated duration= 215.000
script duration name:unknown400_120 seconds:556.0
script duration name:co2 seconds:0.0
Script duration 556.0
Run total estimated duration= 557.000
script duration name:unknown400_120 seconds:556.0
script duration name:cocktail_x1 seconds:108.0
Script duration 664.0
Run total estimated duration= 665.000
script duration name:unknown400_120 seconds:556.0
script duration name:cocktail_x1 seconds:108.0
Script duration 664.0
Run total estimated duration= 665.000
script duration name:unknown400_120 seconds:556.0
script duration name:sniffair_x2 seconds:250.0
Script duration 806.0
Run total estimated duration= 807.000
script duration name:unknown400_120 seconds:556.0
script duration name:sniffair_x2 seconds:250.0
Script duration 806.0
Run total estimated duration= 807.000
script duration name:ic_peak_hop3 seconds:134.0
script duration name:air_x1 seconds:106.0
Script duration 240.0
Run total estimated duration= 241.000
script duration name:unknown120_60 seconds:214.0
script duration name:co2 seconds:0.0
Script duration 214.0
Run total estimated duration= 215.000
script duration name:unknown120_60 seconds:214.0
script duration name:co2 seconds:0.0
Script duration 214.0
Run total estimated duration= 215.000
script duration name:unknown120_60 seconds:214.0
script duration name:co2 seconds:0.0
Script duration 214.0
Run total estimated duration= 215.000
script duration name:unknown120_60 seconds:214.0
script duration name:co2 seconds:0.0
Script duration 214.0
Run total estimated duration= 215.000
script duration name:unknown120_60 seconds:214.0
script duration name:co2 seconds:0.0
Script duration 214.0
Run total estimated duration= 215.000
script duration name:unknown120_60 seconds:214.0
script duration name:co2 seconds:0.0
Script duration 214.0
Run total estimated duration= 215.000
script duration name:unknown120_60 seconds:214.0
script duration name:co2 seconds:0.0
Script duration 214.0
Run total estimated duration= 215.000
script duration name:unknown120_60 seconds:214.0
script duration name:co2 seconds:0.0
Script duration 214.0
Run total estimated duration= 215.000
script duration name:unknown120_60 seconds:214.0
script duration name:co2 seconds:0.0
Script duration 214.0
Run total estimated duration= 215.000
script duration name:unknown120_60 seconds:214.0
script duration name:co2 seconds:0.0
Script duration 214.0
Run total estimated duration= 215.000
script duration name:unknown120_60 seconds:214.0
script duration name:co2 seconds:0.0
Script duration 214.0
Run total estimated duration= 215.000
script duration name:unknown120_60 seconds:214.0
script duration name:co2 seconds:0.0
Script duration 214.0
Run total estimated duration= 215.000
script duration name:unknown120_60 seconds:214.0
script duration name:co2 seconds:0.0
Script duration 214.0
Run total estimated duration= 215.000
nruns=95 before=5.0, run_dur=27281.0, btw=2820.0
write rem/ex queues
/Users/jan/PychronDev/experiments/rem/CurrentExperiment.rem.txt
/Users/jan/PychronDev/experiments/rem/CurrentExperiment.ex.txt
doing event level: 3
