do run
loading script "jan_unknown120_60.py"
loading script "jan_pump_ms.py"
loading script "jan_co2.py"
loading script "jan_pump_extraction_line.py"
testing...
no interpolation path defined
executed 213.652928
script duration name:unknown120_60 seconds:214.0
loading script "jan_unknown120_60.py"
loading script "jan_pump_ms.py"
loading script "jan_co2.py"
loading script "jan_pump_extraction_line.py"
testing...
no interpolation path defined
executed 0
loading script "jan_unknown120_60.py"
loading script "jan_pump_ms.py"
loading script "jan_co2.py"
loading script "jan_pump_extraction_line.py"
testing...
no interpolation path defined
calculate duration
testing...
no interpolation path defined
executed 0
calculate duration
testing...
no interpolation path defined
executed 0
executed 0.0
script duration name:co2 seconds:0.0
loading script "jan_unknown120_60.py"
loading script "jan_pump_ms.py"
loading script "jan_co2.py"
loading script "jan_pump_extraction_line.py"
testing...
no interpolation path defined
calculate duration
testing...
no interpolation path defined
executed 4.0
executed 4.0
Script duration 214.0
Run total estimated duration= 215.000
run duration: 0:03:35
doing event level: 2
15:27:12 -- Setting default integration. t=1.048576
setting integration time = 1.048576
SetIntegrationTime 1.048576 ===>> OK
----------------- start -----------------
**************** Experiment Type: Ar/Ar, Ar/Ar
create new session 4993924272
close session 4993924272
$$$$$ Clearing conditionals
adding conditionals 
Add queue conditionals
add default conditionals
adding default conditionals from /Users/jan/PychronDev/setupfiles/spectrometer/default_conditionals.yaml
Start automated run 25382-10
loading script "jan_unknown120_60.py"
loading script "jan_pump_ms.py"
loading script "jan_co2.py"
loading script "jan_pump_extraction_line.py"
%%%%%%%%%%%%%%%%%% setting automated run 25382-10
No value "sensitivity_multiplier" in metadata
$$$$$$$$$$$$$$$ auto_save_detector_ic=False
============================= Pre Extraction Check =============================
loading queue conditionals pre_run_terminations
loading system conditionals pre_run_terminations
loading conditionals from /Users/jan/PychronDev/setupfiles/spectrometer/default_conditionals.yaml
15:27:12 -- ******* Pre Extraction Check *******
Get a measurement from the spectrometer
GetData ===>> H2,-0.193675991572881,H1,-0.0281262333878594,AX,-0.0434232291592043,L1,0.00602603415612759,L2,-0....
Pre Extraction Termination data. keys=H2,H1,AX,L1,L2,CDD, signals=-0.19368,-0.02813,-0.04342,0.00603,-0.04138,0.00372
15:27:12 -- testing system defined conditionals
Checking default pre extraction terminations n=2
testing CDD
evaluate ot="CDD.inactive" t="CDD", ctx="{'CDD': False}"
GetDeflection CDD ===>> 50
testing CDD==2000
evaluate ot="CDD.deflection==2000" t="CDD==2000", ctx="{'CDD': 50.0}"
15:27:12 -- ******* Pre Extraction Check Passed *******
=================================================================================
15:27:12 -- stopping status monitor
stop 5064012720
Alive clients [4977824688, 4983939824]
15:27:12 -- starting status monitor
start 5064012720
Monitor already running
start extraction
do extraction
Analysis started at 15:27:12.945352
Extraction Started jan_co2.py
15:27:12 -- ******* Extraction Started jan_co2.py *******
state changed from not run to extraction
DO EXTRACTION <pychron.extraction_line.pyscript_runner.RemotePyScriptRunner object at 0x12c3c43b0>
testing...
no interpolation path defined
calculate duration
testing...
no interpolation path defined
executed 0
calculate duration
testing...
no interpolation path defined
executed 0
executed 100.0
Jan CO2 laser analysis
doing GOSUB
testing...
no interpolation path defined
executed 0
Waiting for CO2 access
wait ('FelixCO2Flag', 0) {}
waiting for FelixCO2Flag = 0
Read FelixCO2Flag ===>> 0
finished waiting
CO2 free
wait ('CO2PumpTimeFlag', 0) {}
waiting for CO2PumpTimeFlag = 0
Read CO2PumpTimeFlag ===>> 0
finished waiting
acquire ('JanCO2Flag',) {'clear': True}
acquire JanCO2Flag
Set JanCO2Flag 1 ===>> OK
JanCO2Flag acquired
set extraction state False (0.75, 'red', 1.5)
CO2 acquired
executed 0
WaitForCO2Access.py completed successfully
gosub finished
doing GOSUB
testing...
no interpolation path defined
executed 0
Prepare for CO2 analysis
close () {'description': 'Jan Inlet'}
closing name=--- desc=Jan Inlet
checking ownership. requestor=129.138.12.150
check software interlocks R
interlocks []
actuate state mode=None-script, software_lock=False
doing actuation None-script close_channel False
Close R ===>> OK
GetIndicatorState R ===>> False
change switch state (True, True)
update switch state R False args=() kw={} ncanvase=3
15:27:13 -- CLOSE  VALVE-R (Jan Inlet)
---------------------------------------- close None (Jan Inlet) result=[(True, True)]
action=close, ok=True, locked=[False]
open () {'description': 'Jan Ion Pump'}
opening name=--- desc=Jan Ion Pump
checking ownership. requestor=129.138.12.150
check software interlocks O
interlocks []
actuate state mode=None-script, software_lock=False
doing actuation None-script open_channel False
Open O ===>> OK
GetIndicatorState O ===>> OK
change switch state (True, True)
update switch state O True args=() kw={} ncanvase=3
15:27:13 -- OPEN   VALVE-O (Jan Ion Pump)
---------------------------------------- open None (Jan Ion Pump) result=[(True, True)], time=0.09 sec
action=open, ok=True, locked=[False]
close () {'description': 'Microbone to Minibone'}
closing name=--- desc=Microbone to Minibone
checking ownership. requestor=129.138.12.150
check software interlocks L
interlocks []
actuate state mode=None-script, software_lock=False
doing actuation None-script close_channel False
Close L ===>> OK
GetIndicatorState L ===>> False
change switch state (True, True)
update switch state L False args=() kw={} ncanvase=3
15:27:14 -- CLOSE  VALVE-L (Microbone to Minibone)
---------------------------------------- close None (Microbone to Minibone) result=[(True, True)]
Get Checksum: 2035439760
action=close, ok=True, locked=[False]
open () {'description': 'Microbone to Turbo'}
opening name=--- desc=Microbone to Turbo
checking ownership. requestor=129.138.12.150
check software interlocks U
interlocks []
actuate state mode=None-script, software_lock=False
doing actuation None-script open_channel False
Open U ===>> OK
GetIndicatorState U ===>> OK
change switch state (True, True)
update switch state U True args=() kw={} ncanvase=3
15:27:14 -- OPEN   VALVE-U (Microbone to Turbo)
---------------------------------------- open None (Microbone to Turbo) result=[(True, True)], time=0.13 sec
action=open, ok=True, locked=[False]
open () {'description': 'Microbone to Inlet Pipette'}
opening name=--- desc=Microbone to Inlet Pipette
checking ownership. requestor=129.138.12.150
check software interlocks S
interlocks []
actuate state mode=None-script, software_lock=False
doing actuation None-script open_channel False
Open S ===>> OK
GetIndicatorState S ===>> OK
change switch state (True, True)
update switch state S True args=() kw={} ncanvase=3
15:27:15 -- OPEN   VALVE-S (Microbone to Inlet Pipette)
---------------------------------------- open None (Microbone to Inlet Pipette) result=[(True, True)], time=0.42 sec
action=open, ok=True, locked=[False]
open () {'description': 'Microbone to Getter D-50'}
opening name=--- desc=Microbone to Getter D-50
checking ownership. requestor=129.138.12.150
check software interlocks K
interlocks []
actuate state mode=None-script, software_lock=False
doing actuation None-script open_channel False
Open K ===>> OK
GetIndicatorState K ===>> OK
change switch state (True, True)
update switch state K True args=() kw={} ncanvase=3
15:27:16 -- OPEN   VALVE-K (Microbone to Getter D-50)
---------------------------------------- open None (Microbone to Getter D-50) result=[(True, True)], time=0.40 sec
action=open, ok=True, locked=[False]
open () {'description': 'Microbone to Getter NP-10'}
opening name=--- desc=Microbone to Getter NP-10
checking ownership. requestor=129.138.12.150
check software interlocks M
interlocks []
actuate state mode=None-script, software_lock=False
doing actuation None-script open_channel False
Open M ===>> OK
GetIndicatorState M ===>> OK
change switch state (True, True)
update switch state M True args=() kw={} ncanvase=3
15:27:16 -- OPEN   VALVE-M (Microbone to Getter NP-10)
---------------------------------------- open None (Microbone to Getter NP-10) result=[(True, True)], time=0.14 sec
action=open, ok=True, locked=[False]
close () {'description': 'CO2 Laser to Felix'}
closing name=--- desc=CO2 Laser to Felix
checking ownership. requestor=129.138.12.150
check software interlocks F
interlocks []
actuate state mode=None-script, software_lock=True
VALVE-F(CO2 Laser to Felix) software locked
change switch state (True, False)
---------------------------------------- close None (CO2 Laser to Felix) result=[(True, False)]
action=close, ok=True, locked=[True]
open () {'description': 'CO2 Laser to Jan'}
opening name=--- desc=CO2 Laser to Jan
checking ownership. requestor=129.138.12.150
check software interlocks A
interlocks []
actuate state mode=None-script, software_lock=False
doing actuation None-script open_channel False
Open A ===>> OK
GetIndicatorState A ===>> OK
change switch state (True, True)
update switch state A True args=() kw={} ncanvase=3
15:27:16 -- OPEN   VALVE-A (CO2 Laser to Jan)
---------------------------------------- open None (CO2 Laser to Jan) result=[(True, True)], time=0.13 sec
action=open, ok=True, locked=[False]
open () {'description': 'Microbone to CO2 Laser'}
opening name=--- desc=Microbone to CO2 Laser
checking ownership. requestor=129.138.12.150
check software interlocks T
interlocks []
actuate state mode=None-script, software_lock=False
doing actuation None-script open_channel False
Open T ===>> OK
Get Checksum: 2035439760
GetIndicatorState T ===>> OK
change switch state (True, True)
update switch state T True args=() kw={} ncanvase=3
15:27:17 -- OPEN   VALVE-T (Microbone to CO2 Laser)
---------------------------------------- open None (Microbone to CO2 Laser) result=[(True, True)], time=0.42 sec
action=open, ok=True, locked=[False]
executed 0
PrepareForCO2Analysis.py completed successfully
gosub finished
set_motor ('beam', '1.25') {}
setting motor "beam" to 1.25
set motor beam to 1.25
SetMotor beam,1.25 ===>> OK
GetMotorMoving beam ===>> False
GetMotorMoving beam ===>> False
Block completed
move_to_position ('147',) {'autocenter': True}
FusionsCO2 move to position 147
sending GoToHole 147,True
GoToHole 147,True ===>> OK
GetDriveMoving ===>> OK
GetDriveMoving ===>> OK
GetDriveMoving ===>> OK
GetDriveMoving ===>> OK
Get Checksum: 2035439760
GetDriveMoving ===>> OK
GetDriveMoving ===>> OK
GetDriveMoving ===>> False
GetDriveMoving ===>> OK
GetDriveMoving ===>> OK
GetDriveMoving ===>> OK
GetDriveMoving ===>> False
Block completed
GetAutoCorrecting ===>> False
GetAutoCorrecting ===>> False
Block completed
update position
GetPosition ===>> 3.98780,-3.98780,1.00000
got position (3.9878, -3.9878, 1.0)
move to position succeeded
sleep (5,) {}
SLEEP 5.0
block started
WaitControl setup for 5.0  
Get Checksum: 2035439760
Get Checksum: 2035439760
Join finished
block finished. duration 5.00644302368
close () {'description': 'Microbone to Turbo'}
closing name=--- desc=Microbone to Turbo
checking ownership. requestor=129.138.12.150
check software interlocks U
interlocks []
actuate state mode=None-script, software_lock=False
doing actuation None-script close_channel True
Close U ===>> OK
GetIndicatorState U ===>> False
change switch state (True, True)
update switch state U False args=() kw={} ncanvase=3
15:27:28 -- CLOSE  VALVE-U (Microbone to Turbo)
---------------------------------------- close None (Microbone to Turbo) result=[(True, True)]
action=close, ok=True, locked=[False]
enable laser
enable () {}
set extraction state FusionsCO2 Enabled (False, 'red', 1.5)
enabling laser
Enable ===>> OK
begin interval
BEGIN INTERVAL Interval 1 waiting for 30.0
block started
WaitControl setup for 30.0  
set extract to 5.0
extract (5.0,) {}
GetPosition ===>> 3.98780,-3.98780,1.00000
set extraction state FusionsCO2 ON! 5.0(watts) (0.75, 'red', 1.5)
extract sample to 5.0 (watts)
set laser output
SetLaserOutput 5.0,watts ===>> OK
executing pattern triangle.lp
execute_pattern ('triangle.lp',) {}
executing pattern triangle.lp
Get Checksum: -1640178555
IsPatterning ===>> OK
IsPatterning ===>> OK
Get Checksum: -1640178555
IsPatterning ===>> OK
IsPatterning ===>> OK
IsPatterning ===>> OK
Get Checksum: -1640178555
IsPatterning ===>> OK
IsPatterning ===>> OK
IsPatterning ===>> OK
IsPatterning ===>> OK
Get Checksum: -1640178555
IsPatterning ===>> OK
IsPatterning ===>> OK
Get Checksum: -1640178555
IsPatterning ===>> OK
IsPatterning ===>> OK
IsPatterning ===>> OK
Get Checksum: -1640178555
IsPatterning ===>> OK
IsPatterning ===>> OK
IsPatterning ===>> OK
Get Checksum: -1640178555
IsPatterning ===>> OK
IsPatterning ===>> OK
IsPatterning ===>> OK
Get Checksum: -1640178555
IsPatterning ===>> OK
IsPatterning ===>> OK
IsPatterning ===>> OK
Get Checksum: -1640178555
IsPatterning ===>> OK
IsPatterning ===>> OK
IsPatterning ===>> OK
Get Checksum: -1640178555
IsPatterning ===>> OK
IsPatterning ===>> OK
IsPatterning ===>> False
Join finished
block finished. duration 30.0285348892
Interval 1 finished
Get Checksum: -1640178555
IsPatterning ===>> False
Block completed
COMPLETE INTERVAL waiting for Interval 1 to complete
end_extract () {}
ending extraction. set laser power to 0
set laser power 0
SetLaserPower 0 ===>> OK
disable () {}
%%%%%%%%%%%%%%%%%%%%%%%%%%%%%%%%%%% disable
set extraction state False (0.75, 'red', 1.5)
disabling laser
Disable ===>> OK
sleep (30.0,) {}
SLEEP 30.0
block started
WaitControl setup for 30.0  
Get Checksum: -1640178555
Get Checksum: -1640178555
Get Checksum: -1640178555
Get Checksum: -1640178555
Get Checksum: -1640178555
set states for children of V. state=True
handle state [('V', True)]
update switch state V True args=() kw={'refresh': False} ncanvase=3
refresh_canvas_needed fired
Get Checksum: 1551197106
Get Checksum: 1551197106
Get Checksum: 1551197106
Get Checksum: 1551197106
Join finished
block finished. duration 30.0343220234
executed 165.0
jan_co2.py completed successfully
GetAchievedOutput ===>> No Response
Requested Output= 0.000
Achieved Output=  0.000
GetResponseBlob ===>> No Response
GetOutputBlob ===>> No Response
persistence save...
persistence save - db
AutomatedRunPersister post_extraction_save deprecated
persistence save - dvc
no extraction position for 147
create new session 4983587952
close session 4983587952
Extraction Finished
15:28:30 -- ******* Extraction Finished *******
no overlap. not waiting for min ms pumptime
15:28:30 -- Sending spectrometer configuration
======== Sending configuration ========
SetDeflection CDD,50.0 ===>> OK
SetDeflection H2,0.0 ===>> OK
SetDeflection H1,0.0 ===>> OK
SetDeflection L2,825.0 ===>> OK
SetDeflection L1,400.0 ===>> OK
SetDeflection AX,190.0 ===>> OK
SetZFocus 74.64 ===>> OK
SetZSymmetry -50.72 ===>> OK
SetExtractionLens 26.13 ===>> OK
SetIonRepeller -3.81 ===>> OK
SetElectronEnergy 75.08 ===>> OK
SetYSymmetry -2.81 ===>> OK
SetIonCounterVoltage 1590.0 ===>> OK
send trap current 200.0
GetParameter Trap Current Readback ===>> 198.147042666178
SetParameter Trap Current Set,200.0 ===>> OK
updating mftable name mftable
Using mftable located at /Users/jan/PychronDev/setupfiles/spectrometer/mftables/mftable.csv
============ MFtable ===========
Isotope  H2     H1     AX     L1     L2     CDD    
Ar40     5.7848 5.8796 5.9929 6.1248 6.2313 6.3530
Ar39     5.6841 5.7718 5.8853 6.0108 6.1164 6.2395
Ar36     5.3616 5.4408 5.5487 5.6697 5.7714 5.8906
================================
get initial guess parabolic
get initial guess parabolic
get initial guess parabolic
get initial guess parabolic
get initial guess parabolic
get initial guess parabolic
======== Configuration Finished ========
GetYSymmetry ===>> -2.81
GetZSymmetry ===>> -50.72
GetParameter Trap Current Readback ===>> 198.258926936459
GetHighVoltage ===>> 4500
start measurement
do measurement
L#=25382 analysis type=unknown
Measurement Started jan_unknown120_60.py
15:28:30 -- ******* Measurement Started jan_unknown120_60.py *******
state changed from extraction to measurement
setting spec, defl, and gains
GetExtractionLens ===>> 26.13
GetYSymmetry ===>> -2.81
GetZSymmetry ===>> -50.72
GetZFocus ===>> 74.64
GetDeflection H2 ===>> 0
GetDeflection H1 ===>> 0
GetDeflection AX ===>> 190
GetDeflection L1 ===>> 400
GetDeflection L2 ===>> 825
GetDeflection CDD ===>> 50
GetGain H2 ===>> 0.0113
GetGain H1 ===>> 0.1
GetGain AX ===>> 0.097049
GetGain L1 ===>> 0.010355
GetGain L2 ===>> 0.095649
GetGain CDD ===>> 0
pre measurement save
New frame /Users/jan/PychronDev/data/isotopes/42/ecd44f-7a28-4b18-a539-cbad32c3e98a.h5
flush and close file /Users/jan/PychronDev/data/isotopes/42/ecd44f-7a28-4b18-a539-cbad32c3e98a.h5
testing...
no interpolation path defined
executed 226.132928
unknown measurement script
activate_detectors ('H2', 'H1', 'AX', 'L1', 'L2', 'CDD') {}
activate detectors
*************** Set Analysis View Ar/Ar
create graphs
clearing graphs
clear isotope group
setting isotope det=H2, iso=PM41
setting isotope det=H1, iso=Ar40
setting isotope det=AX, iso=Ar39
setting isotope det=L1, iso=Ar38
setting isotope det=L2, iso=Ar37
setting isotope det=CDD, iso=Ar36
setting previous blanks
 - setting Ar40 blank 0.835+/-0.007
 - setting Ar36 blank 0.00679+/-0.00020
 - setting Ar37 blank 0.051+/-0.005
 - setting Ar38 blank 0.0190+/-0.0023
 - setting PM41 blank 0.02+/-0.07
 - setting Ar39 blank 0.026+/-0.009
load analysis view
position_magnet ('Ar40',) {'detector': 'H1'}
detector Detector(H1)
POSITION Ar40 H1
setting detector H2 to PM41 (40.9624)
setting detector H1 to Ar40 (39.9624)
setting detector AX to Ar39 (38.9624)
setting detector L1 to Ar38 (37.9624)
setting detector L2 to Ar37 (36.9624)
setting detector CDD to Ar36 (35.9624)
Mapping mass to dac mass func: "parabolic"
H1 map mass coeffs = [-0.00063987  0.15840543  0.57116999]
H1 map mass to dac 39.9624 >> 5.87956
GetDeflection H1 ===>> 0
GetHighVoltage ===>> 4500
positioning Ar40 (5.87956) on H1
setting magnet DAC
current  : 5.879560
requested: 5.879560
Delta Dac: 0.000000
Checking detector protection. dv=0.00000
Checking detector "CDD". Protection Threshold: 0.1 (V)
SetMagnetDAC 5.87956 ===>> OK
equilibrate () {'delay': 3, 'inlet': 'R', 'outlet': 'O', 'eqtime': 12.0}
Equilibration Started
15:28:31 -- ******* Equilibration Started *******
checking ownership. requestor=129.138.12.150
check software interlocks O
interlocks []
actuate state mode=None-script, software_lock=False
doing actuation None-script close_channel True
Close O ===>> OK
GetIndicatorState O ===>> False
change switch state (True, True)
update switch state O False args=() kw={} ncanvase=3
15:28:31 -- CLOSE  VALVE-O (Jan Ion Pump)
waiting 3s before opening inlet value ('R',)
Get Checksum: -598318598
checking ownership. requestor=129.138.12.150
check software interlocks R
interlocks []
actuate state mode=None-script, software_lock=False
doing actuation None-script open_channel True
Open R ===>> OK
GetIndicatorState R ===>> OK
change switch state (True, True)
update switch state R True args=() kw={} ncanvase=3
15:28:34 -- OPEN   VALVE-R (Jan Inlet)
set_time_zero () {}
equilibrating for 12.0sec
sniff (12.0,) {}
py_sniff
build tables- sniff [Detector(H2), Detector(H1), Detector(AX), Detector(L1), Detector(L2), Detector(CDD)]
add group /sniff/PM41 (Group) '' table H2
add group /sniff/Ar40 (Group) '' table H1
add group /sniff/Ar39 (Group) '' table AX
add group /sniff/Ar38 (Group) '' table L1
add group /sniff/Ar37 (Group) '' table L2
add group /sniff/Ar36 (Group) '' table CDD
flush and close file /Users/jan/PychronDev/data/isotopes/42/ecd44f-7a28-4b18-a539-cbad32c3e98a.h5
measuring sniff. ncounts=12.0
Get Checksum: -1449001502
starting measurement
GetData ===>> H2,0.0675688312195731,H1,53.0645143910993,AX,14.3882262176396,L1,0.00799373784897556,L2,0.1907706...
GetData ===>> H2,1.24571491015612,H1,600.420204121916,AX,156.145538486083,L1,0.855616479577934,L2,0.93490118736...
GetData ===>> H2,0.688375718285701,H1,917.988193738311,AX,231.104210983069,L1,1.93311852524651,L2,0.94320621700...
Get Checksum: -1449001502
GetData ===>> H2,0.171895351658262,H1,1017.16296590852,AX,251.292445982055,L1,2.53221083523355,L2,0.85482026100...
GetData ===>> H2,0.0633876425670989,H1,1052.23446478607,AX,257.975209949657,L1,2.87420816802077,L2,0.9513744840...
GetData ===>> H2,0.0617073170964302,H1,1066.06611472163,AX,260.150986675174,L1,3.11478674749665,L2,0.9280744176...
Get Checksum: -1449001502
GetData ===>> H2,0.0968767441019434,H1,1071.56276131585,AX,261.38971415573,L1,3.2083074885537,L2,0.965375568646...
GetData ===>> H2,0.0353664504041549,H1,1074.00126851542,AX,261.765695388,L1,3.22577999844763,L2,0.9567249032617...
GetData ===>> H2,0.0181876640099271,H1,1074.7362621267,AX,261.994160767222,L1,3.25972058684098,L2,0.92631053247...
Get Checksum: -1449001502
GetData ===>> H2,-0.00820887003804362,H1,1074.97721340712,AX,262.202637473764,L1,3.33951036564755,L2,0.94955288...
GetData ===>> H2,0.103711581142567,H1,1074.86724806885,AX,262.20201132868,L1,3.40790410299532,L2,0.978255617408...
Equilibration Finished
15:28:46 -- ******* Equilibration Finished *******
checking ownership. requestor=129.138.12.150
check software interlocks R
interlocks []
actuate state mode=None-script, software_lock=False
doing actuation None-script close_channel True
GetData ===>> H2,0.0413020032766368,H1,1074.78329832672,AX,261.984664703163,L1,3.43442442302119,L2,0.9903877201...
Close R ===>> OK
set states for children of R. state=False
handle state [('R', False)]
update switch state R False args=() kw={'refresh': False} ncanvase=3
refresh_canvas_needed fired
Get Checksum: -598318598
GetIndicatorState R ===>> False
change switch state (True, True)
update switch state R False args=() kw={} ncanvase=3
15:28:47 -- CLOSE  VALVE-R (Jan Inlet)
Post Equilibration Started jan_pump_extraction_line.py
15:28:47 -- ******* Post Equilibration Started jan_pump_extraction_line.py *******
testing...
no interpolation path defined
calculate duration
testing...
no interpolation path defined
executed 4.0
executed 4.0
Pump after analysis
doing GOSUB
testing...
no interpolation path defined
executed 4.0
Pump Microbone
close () {'description': 'Jan Inlet'}
closing name=--- desc=Jan Inlet
checking ownership. requestor=129.138.12.150
check software interlocks R
interlocks []
actuate state mode=None-script, software_lock=False
doing actuation None-script close_channel False
Close R ===>> OK
measurement finished
estimated time: 12.583 actual time: :12.664
flush and close file /Users/jan/PychronDev/data/isotopes/42/ecd44f-7a28-4b18-a539-cbad32c3e98a.h5
set_fits () {}
using default fits file=/Users/jan/PychronDev/scripts/measurement/fits/nominal_linear.yaml
set "Ar40" to "('Linear', 'SEM')"
No fit for "PM41". defaulting to linear. check the measurement script "jan_unknown120_60.py"
set "PM41" to "linear"
set "Ar36" to "('Linear', 'SEM')"
set "Ar37" to "('linear', 'SEM')"
set "Ar38" to "('linear', 'SEM')"
set "Ar39" to "('Linear', 'SEM')"
set_baseline_fits () {}
using default fits file=/Users/jan/PychronDev/scripts/measurement/fits/nominal_linear.yaml
set "H1" to "('average', 'SEM')"
set "H2" to "('average', 'SEM')"
set "CDD" to "('average', 'SEM')"
set "L2" to "('average', 'SEM')"
set "L1" to "('average', 'SEM')"
set "AX" to "('average', 'SEM')"
multicollect () {'integration_time': 1, 'ncounts': 120}
build tables- signal [Detector(H2), Detector(H1), Detector(AX), Detector(L1), Detector(L2), Detector(CDD)]
add group /signal/PM41 (Group) '' table H2
GetIndicatorState R ===>> False
add group /signal/Ar40 (Group) '' table H1
change switch state (True, True)
add group /signal/Ar39 (Group) '' table AX
update switch state R False args=() kw={} ncanvase=3
add group /signal/Ar38 (Group) '' table L1
add group /signal/Ar37 (Group) '' table L2
add group /signal/Ar36 (Group) '' table CDD
flush and close file /Users/jan/PychronDev/data/isotopes/42/ecd44f-7a28-4b18-a539-cbad32c3e98a.h5
measuring signal. ncounts=120
15:28:47 -- CLOSE  VALVE-R (Jan Inlet)
---------------------------------------- close None (Jan Inlet) result=[(True, True)]
action=close, ok=True, locked=[False]
is_closed ('F',) {}
is F () closed?
is closed True
open () {'description': 'CO2 Laser to Jan'}
opening name=--- desc=CO2 Laser to Jan
checking ownership. requestor=129.138.12.150
check software interlocks A
interlocks []
actuate state mode=None-script, software_lock=False
doing actuation None-script open_channel False
Open A ===>> OK
GetIndicatorState A ===>> OK
change switch state (True, True)
update switch state A True args=() kw={} ncanvase=3
15:28:48 -- OPEN   VALVE-A (CO2 Laser to Jan)
---------------------------------------- open None (CO2 Laser to Jan) result=[(True, True)], time=0.13 sec
starting measurement
GetData ===>> H2,0.117655293241714,H1,1074.65153762337,AX,262.163384218309,L1,3.40040043939356,L2,0.94082345923...
action=open, ok=True, locked=[False]
sleep (1,) {}
SLEEP 1.0
GetData ===>> H2,0.0578488804726074,H1,1074.19183674978,AX,262.205468759917,L1,3.41975913115157,L2,0.9430458372...
close () {'description': 'CO2 Laser to Roughing'}
closing name=--- desc=CO2 Laser to Roughing
checking ownership. requestor=129.138.12.150
check software interlocks G
interlocks []
actuate state mode=None-script, software_lock=True
VALVE-G(CO2 Laser to Roughing) software locked
change switch state (True, False)
---------------------------------------- close None (CO2 Laser to Roughing) result=[(True, False)]
action=close, ok=True, locked=[True]
open () {'description': 'Microbone to Turbo'}
opening name=--- desc=Microbone to Turbo
checking ownership. requestor=129.138.12.150
check software interlocks U
interlocks []
actuate state mode=None-script, software_lock=False
doing actuation None-script open_channel True
Open U ===>> OK
GetIndicatorState U ===>> OK
change switch state (True, True)
update switch state U True args=() kw={} ncanvase=3
15:28:49 -- OPEN   VALVE-U (Microbone to Turbo)
---------------------------------------- open None (Microbone to Turbo) result=[(True, True)], time=0.19 sec
action=open, ok=True, locked=[False]
open () {'description': 'Microbone to Getter NP-10'}
opening name=--- desc=Microbone to Getter NP-10
checking ownership. requestor=129.138.12.150
check software interlocks M
interlocks []
actuate state mode=None-script, software_lock=False
doing actuation None-script open_channel False
Open M ===>> OK
GetIndicatorState M ===>> OK
change switch state (True, True)
update switch state M True args=() kw={} ncanvase=3
15:28:50 -- OPEN   VALVE-M (Microbone to Getter NP-10)
---------------------------------------- open None (Microbone to Getter NP-10) result=[(True, True)], time=0.13 sec
Get Checksum: -860229079
action=open, ok=True, locked=[False]
open () {'description': 'Microbone to Getter D-50'}
opening name=--- desc=Microbone to Getter D-50
checking ownership. requestor=129.138.12.150
check software interlocks K
interlocks []
actuate state mode=None-script, software_lock=False
doing actuation None-script open_channel False
GetData ===>> H2,0.00761779842191162,H1,1074.19700162917,AX,261.83047462538,L1,3.43228660587075,L2,0.9188201080...
Open K ===>> OK
GetIndicatorState K ===>> OK
change switch state (True, True)
update switch state K True args=() kw={} ncanvase=3
15:28:50 -- OPEN   VALVE-K (Microbone to Getter D-50)
---------------------------------------- open None (Microbone to Getter D-50) result=[(True, True)], time=0.41 sec
action=open, ok=True, locked=[False]
open () {'description': 'Microbone to CO2 Laser'}
opening name=--- desc=Microbone to CO2 Laser
checking ownership. requestor=129.138.12.150
check software interlocks T
interlocks []
actuate state mode=None-script, software_lock=False
doing actuation None-script open_channel False
Open T ===>> OK
GetIndicatorState T ===>> OK
change switch state (True, True)
update switch state T True args=() kw={} ncanvase=3
15:28:51 -- OPEN   VALVE-T (Microbone to CO2 Laser)
---------------------------------------- open None (Microbone to CO2 Laser) result=[(True, True)], time=0.43 sec
GetData ===>> H2,-0.106777921104942,H1,1074.2972536949,AX,261.912991498956,L1,3.40520551360722,L2,0.92321808467...
action=open, ok=True, locked=[False]
open () {'description': 'Microbone to Inlet Pipette'}
opening name=--- desc=Microbone to Inlet Pipette
checking ownership. requestor=129.138.12.150
check software interlocks S
interlocks []
actuate state mode=None-script, software_lock=False
doing actuation None-script open_channel False
Open S ===>> OK
GetIndicatorState S ===>> OK
change switch state (True, True)
update switch state S True args=() kw={} ncanvase=3
15:28:52 -- OPEN   VALVE-S (Microbone to Inlet Pipette)
---------------------------------------- open None (Microbone to Inlet Pipette) result=[(True, True)], time=0.41 sec
action=open, ok=True, locked=[False]
sleep (1,) {}
SLEEP 1.0
GetData ===>> H2,-0.098023178856872,H1,1073.6458692272,AX,261.916365721659,L1,3.41297755425047,L2,0.80535637866...
set_resource () {'name': 'CO2PumpTimeFlag', 'value': 30}
Set CO2PumpTimeFlag 30 ===>> OK
release ('JanCO2Flag',) {}
release JanCO2Flag
Set JanCO2Flag 0 ===>> OK
executed 6.0
PumpMicrobone.py completed successfully
gosub finished
get_resource_value () {'name': 'JanMiniboneFlag'}
Get Checksum: -860229079
Read JanMiniboneFlag ===>> 0
Get Resource Value JanMiniboneFlag=0.0
get resource value 0.0
get_resource_value () {'name': 'JanMiniboneFlag'}
Read JanMiniboneFlag ===>> 0
Get Resource Value JanMiniboneFlag=0.0
executed 4.0
jan_pump_extraction_line.py completed successfully
Post Equilibration Finished
15:28:53 -- ******* Post Equilibration Finished *******
GetData ===>> H2,-0.075681742464694,H1,1073.26722945482,AX,261.872749574228,L1,3.3970560762404,L2,0.90728782836...
GetData ===>> H2,-0.222277604343327,H1,1072.54794970137,AX,261.828978551203,L1,3.37600794024563,L2,0.9242259826...
GetData ===>> H2,-0.260376475188225,H1,1072.07882569294,AX,261.569912811451,L1,3.40852133092843,L2,0.9021004715...
Get Checksum: -860229079
GetData ===>> H2,-0.20063265361092,H1,1071.81563225208,AX,261.516078132781,L1,3.40227759867336,L2,0.93293099599...
GetData ===>> H2,-0.204753532856842,H1,1071.40470059349,AX,261.365768078151,L1,3.40559679877792,L2,0.9440997663...
GetData ===>> H2,-0.173779580028746,H1,1071.11091601291,AX,261.344243217117,L1,3.40557435913346,L2,0.9710476194...
Get Checksum: -860229079
GetData ===>> H2,-0.181022463742205,H1,1070.82015865818,AX,261.17538672973,L1,3.41757023860037,L2,0.80187559656...
GetData ===>> H2,-0.233379215153867,H1,1070.34941619177,AX,260.926795178678,L1,3.42358483297696,L2,0.8921845819...
GetData ===>> H2,-0.169478493668466,H1,1069.79376887255,AX,260.721169936285,L1,3.3739271853601,L2,0.98310327130...
Get Checksum: -860229079
GetData ===>> H2,-0.0160431241603751,H1,1069.37086723913,AX,260.988214214855,L1,3.3565414114502,L2,0.8617448424...
GetData ===>> H2,-0.0925744548469286,H1,1069.06660099809,AX,260.771321673303,L1,3.31469695315516,L2,0.901814201...
GetData ===>> H2,-0.0718560271669944,H1,1068.42214525898,AX,260.665814046112,L1,3.31894061779195,L2,0.891234267...
Get Checksum: -860229079
GetData ===>> H2,-0.0814544824789944,H1,1068.39598575523,AX,260.472195719482,L1,3.37897487874946,L2,0.848273842...
GetData ===>> H2,-0.19830262089858,H1,1067.47711804182,AX,260.399152328742,L1,3.36425406026053,L2,0.91332292031...
GetData ===>> H2,-0.225780515027641,H1,1067.35038937754,AX,260.132965539075,L1,3.37076122113527,L2,0.9086391063...
Get Checksum: -860229079
GetData ===>> H2,-0.0745742881748544,H1,1067.15196093571,AX,260.145837633422,L1,3.3645256450255,L2,0.8267150183...
GetData ===>> H2,-0.0734829945835399,H1,1066.80479924796,AX,260.062811070633,L1,3.37135512467504,L2,0.878869586...
GetData ===>> H2,-0.0707400641617381,H1,1066.47145816326,AX,260.15071567007,L1,3.35434476208836,L2,0.9166899105...
Get Checksum: -860229079
GetData ===>> H2,-0.268024194659327,H1,1065.81893974251,AX,259.716832633803,L1,3.33123077475381,L2,0.8799342606...
15:29:13 -- collecting point 25
GetData ===>> H2,-0.114000915806415,H1,1065.19978486058,AX,259.774107670416,L1,3.32742935144402,L2,0.8826933089...
GetData ===>> H2,-0.0150661748350726,H1,1064.45199571337,AX,259.810096738002,L1,3.33514812996956,L2,0.901756947...
Get Checksum: -860229079
GetData ===>> H2,-0.029184892633724,H1,1064.40571867684,AX,259.43677045125,L1,3.35974541975526,L2,0.94025068973...
GetData ===>> H2,-0.123161418450867,H1,1063.85852087464,AX,259.338587996521,L1,3.34355928187411,L2,0.8102401975...
GetData ===>> H2,-0.0362247704582981,H1,1063.28494536828,AX,259.412742871438,L1,3.30976192052346,L2,0.925314066...
Get Checksum: -860229079
GetData ===>> H2,-0.023211710928537,H1,1062.80523651517,AX,259.284287391772,L1,3.36008715751675,L2,0.8959515834...
GetData ===>> H2,-0.141058033660464,H1,1062.5837243275,AX,259.295730833542,L1,3.33690094390796,L2,0.95761857833...
Get Checksum: -860229079
GetData ===>> H2,-0.17887685306188,H1,1062.27922934416,AX,258.992639862994,L1,3.30986669153843,L2,0.87936185393...
GetData ===>> H2,-0.148094502946433,H1,1061.65417082642,AX,258.900291152692,L1,3.33594966364148,L2,0.9121548084...
GetData ===>> H2,-0.107543707813951,H1,1061.36238493935,AX,259.069127316779,L1,3.34360403765865,L2,0.9248902848...
Get Checksum: -860229079
GetData ===>> H2,-0.0509382597609739,H1,1061.34952824496,AX,258.95881575791,L1,3.32117768613124,L2,0.8926998166...
GetData ===>> H2,-0.0916924992541826,H1,1060.69241610928,AX,259.081348712078,L1,3.3069222841319,L2,0.9792870126...
GetData ===>> H2,-0.13638761290064,H1,1060.25048732138,AX,258.868048250176,L1,3.34343480574537,L2,0.85947856086...
Get Checksum: -860229079
GetData ===>> H2,-0.122803038241007,H1,1059.8812189288,AX,258.550509244177,L1,3.31805150161455,L2,0.92169480437...
GetData ===>> H2,-0.0603893360474919,H1,1059.50436045091,AX,258.320224400599,L1,3.3079530219593,L2,0.8622141296...
GetData ===>> H2,-0.11673455243829,H1,1059.09537603373,AX,258.364307628473,L1,3.27432562357174,L2,0.97932139269...
Get Checksum: -860229079
GetData ===>> H2,-0.0869548300914802,H1,1058.50034897944,AX,258.279199343267,L1,3.27959319950681,L2,0.935588472...
GetData ===>> H2,-0.0823147221872479,H1,1058.03634487778,AX,257.952984835381,L1,3.2839652155082,L2,0.9428510907...
GetData ===>> H2,-0.075367274361712,H1,1057.72977842063,AX,258.120956319149,L1,3.30580924491398,L2,0.8517873370...
Get Checksum: -860229079
GetData ===>> H2,-0.200600295331546,H1,1057.60975651273,AX,258.079837556518,L1,3.30376359524078,L2,0.8551636169...
GetData ===>> H2,-0.139103585027833,H1,1056.83248502077,AX,257.928334773685,L1,3.2789121185581,L2,0.80366177162...
GetData ===>> H2,-0.162609289767245,H1,1056.91070527706,AX,257.961022306821,L1,3.29682061415385,L2,0.9430572929...
Get Checksum: -860229079
GetData ===>> H2,-0.26291687830006,H1,1056.11595526151,AX,257.67088914738,L1,3.27389315970196,L2,0.960460061956...
GetData ===>> H2,-0.223895192456252,H1,1055.54108112293,AX,257.436977679486,L1,3.24803627603864,L2,0.9196332604...
set states for children of D. state=False
handle state [('D', False)]
update switch state D False args=() kw={'refresh': False} ncanvase=3
refresh_canvas_needed fired
GetData ===>> H2,-0.24754432793136,H1,1055.65673125381,AX,257.630157256361,L1,3.28173020853616,L2,0.90035996425...
Get Checksum: -2064761812
State checksums do not match. Local:1823859597 Remote:-2064761812
State checksum failed
15:29:39 -- collecting point 50
GetData ===>> H2,-0.108090280180481,H1,1055.15057541073,AX,257.276231672402,L1,3.33849591026674,L2,0.9547198932...
set states for children of B. state=False
handle state [('B', False)]
update switch state B False args=() kw={'refresh': False} ncanvase=3
refresh_canvas_needed fired
GetData ===>> H2,-0.11900351228059,H1,1054.77974723983,AX,257.065471895471,L1,3.29466450106319,L2,0.98393988879...
GetData ===>> H2,-0.00951268694849691,H1,1054.24345634744,AX,256.873302107631,L1,3.25643837898055,L2,0.92885328...
Get Checksum: -2064761812
GetData ===>> H2,-0.0795021065477207,H1,1053.26484351299,AX,257.024395303786,L1,3.27677701907402,L2,0.816509449...
GetData ===>> H2,-0.0996533605430518,H1,1052.96611102039,AX,257.054381017871,L1,3.27499388141646,L2,0.886311102...
GetData ===>> H2,-0.0912237208112601,H1,1052.59782853462,AX,256.904410351398,L1,3.2681540636738,L2,0.9166211952...
Get Checksum: -2064761812
GetData ===>> H2,-0.191962801339212,H1,1052.28119347134,AX,256.832189828558,L1,3.2829824453121,L2,0.78483990378...
GetData ===>> H2,-0.0868519177009269,H1,1052.44922055104,AX,256.924326183217,L1,3.29378206141982,L2,0.843581754...
Get Checksum: -2064761812
GetData ===>> H2,-0.0920190069210605,H1,1051.68999641266,AX,256.867086354709,L1,3.29786110855551,L2,0.802986227...
GetData ===>> H2,-0.136671542860247,H1,1051.33615418098,AX,256.618397513412,L1,3.25319750981817,L2,0.9221987440...
GetData ===>> H2,-0.155030653169326,H1,1051.26693530359,AX,256.597271117154,L1,3.2510680855444,L2,0.96472244488...
Get Checksum: -2064761812
GetData ===>> H2,-0.19448868899644,H1,1050.36009505554,AX,256.390957107225,L1,3.22837012480551,L2,0.94385919459...
GetData ===>> H2,-0.154568558481578,H1,1050.25239731237,AX,256.229567462507,L1,3.23029952270823,L2,0.8925853197...
GetData ===>> H2,-0.178928136550232,H1,1049.57173499995,AX,256.283285551007,L1,3.28769615505119,L2,0.8230765856...
Get Checksum: -2064761812
GetData ===>> H2,-0.1762057419168,H1,1049.33462189605,AX,256.007099121247,L1,3.3005654293909,L2,0.9540668419077...
GetData ===>> H2,-0.141756741664838,H1,1049.0091868131,AX,256.140599299707,L1,3.27610586888274,L2,0.87554971211...
GetData ===>> H2,-0.109781433498542,H1,1048.59418198844,AX,256.18716146402,L1,3.26020588516741,L2,0.81719588839...
Get Checksum: -2064761812
GetData ===>> H2,-0.0882656352768172,H1,1048.3550262856,AX,255.970625789818,L1,3.24712242881616,L2,0.9040585799...
GetData ===>> H2,-0.046602818638339,H1,1047.74109328952,AX,255.781526841407,L1,3.29113095348795,L2,0.8947378829...
GetData ===>> H2,-0.0878170447919926,H1,1046.96873600312,AX,255.532950521868,L1,3.3051738684012,L2,0.9895098839...
Get Checksum: -2064761812
GetData ===>> H2,-0.0348969781412048,H1,1047.26446375364,AX,255.559751134559,L1,3.28036504608684,L2,0.851695778...
GetData ===>> H2,-0.176998097811284,H1,1046.6525638084,AX,255.676997721924,L1,3.25096078842924,L2,0.90958959292...
GetData ===>> H2,-0.18339565627737,H1,1045.91720729762,AX,255.707314191422,L1,3.26976602615179,L2,1.04348674952...
Get Checksum: -2064761812
GetData ===>> H2,-0.119414771901309,H1,1045.09129593073,AX,255.738016206273,L1,3.24363861788667,L2,0.8513638798...
GetData ===>> H2,-0.0631633453075874,H1,1044.65863442469,AX,255.330101697389,L1,3.26190179830614,L2,0.840903934...
15:30:06 -- collecting point 75
GetData ===>> H2,-0.00589861371845235,H1,1044.07429868615,AX,255.266133449701,L1,3.26766047942329,L2,0.82859149...
GetData ===>> H2,-0.0394635002048577,H1,1044.04634108387,AX,255.097746656339,L1,3.30180604978927,L2,0.827939301...
GetData ===>> H2,-0.137612517067765,H1,1044.10700400105,AX,255.104019595769,L1,3.25175926977548,L2,0.9037837553...
Get Checksum: -2064761812
GetData ===>> H2,-0.0758931902665749,H1,1043.63940296853,AX,255.046497398581,L1,3.2810852960133,L2,0.8176878395...
GetData ===>> H2,-0.147234093839092,H1,1042.90751369736,AX,254.696972584761,L1,3.26961402367041,L2,0.8670559340...
Get Checksum: -2064761812
GetData ===>> H2,-0.15932777198139,H1,1042.46290015465,AX,254.372278729203,L1,3.24617940221332,L2,0.77905898776...
GetData ===>> H2,-0.140725557872218,H1,1042.04639078834,AX,254.488147319418,L1,3.24984328478529,L2,0.8249529928...
GetData ===>> H2,-0.165366110437373,H1,1041.75394619447,AX,254.275946444025,L1,3.25704901743134,L2,0.8318410945...
Get Checksum: -2064761812
GetData ===>> H2,-0.236689007858647,H1,1041.32545049697,AX,254.406735373166,L1,3.24087649885975,L2,0.8574297967...
GetData ===>> H2,-0.236793936643716,H1,1041.42445866676,AX,254.159089137186,L1,3.20735070369476,L2,0.7662048514...
GetData ===>> H2,-0.175402530724553,H1,1041.0240685515,AX,254.283812030764,L1,3.24789278615402,L2,0.87431337426...
Get Checksum: -2064761812
GetData ===>> H2,-0.137416487210866,H1,1040.51164969589,AX,254.149459225363,L1,3.2530762560116,L2,0.89188689208...
GetData ===>> H2,-0.136332178127021,H1,1040.0096942279,AX,254.062434266731,L1,3.22701166345277,L2,0.85976470457...
GetData ===>> H2,-0.0613574688651089,H1,1039.71960358239,AX,253.877492630149,L1,3.23629577455579,L2,0.820994274...
Get Checksum: -2064761812
GetData ===>> H2,-0.174227984917478,H1,1039.36592781541,AX,253.788003567119,L1,3.21896814742223,L2,1.0414818316...
GetData ===>> H2,-0.0669452423184702,H1,1038.81771087807,AX,253.635780012793,L1,3.21505727410131,L2,0.915029305...
GetData ===>> H2,-0.159915274006168,H1,1038.52628851463,AX,253.705722665883,L1,3.24420031930318,L2,0.8557015436...
Get Checksum: -2064761812
GetData ===>> H2,-0.0635388556987403,H1,1037.72253436556,AX,253.73046522487,L1,3.25739896387842,L2,0.8051846265...
GetData ===>> H2,-0.0931772883436104,H1,1037.15216315818,AX,253.642246598965,L1,3.27669748367398,L2,0.942438687...
set states for children of C. state=False
handle state [('C', False)]
update switch state C False args=() kw={'refresh': False} ncanvase=3
refresh_canvas_needed fired
GetData ===>> H2,-0.122433827173672,H1,1036.77655923699,AX,253.333825876897,L1,3.22840631548501,L2,0.9660630721...
Get Checksum: 968834110
GetData ===>> H2,-0.13833306667299,H1,1037.0703616696,AX,253.362819701088,L1,3.22729002381446,L2,0.827447298225...
set states for children of B. state=True
handle state [('B', True)]
update switch state B True args=() kw={'refresh': False} ncanvase=3
refresh_canvas_needed fired
GetData ===>> H2,-0.121359936252694,H1,1036.94913599689,AX,253.066437794166,L1,3.19794272069683,L2,0.8506543070...
GetData ===>> H2,-0.210183736590546,H1,1036.04059226357,AX,252.673502786332,L1,3.20059503694298,L2,0.9531961136...
Get Checksum: -1735986017
GetData ===>> H2,-0.151201967577879,H1,1035.50408067599,AX,252.98188496252,L1,3.20562229263708,L2,0.92684885763...
GetData ===>> H2,-0.22948021947287,H1,1035.46917170269,AX,253.211304364283,L1,3.24241077402025,L2,0.87177206310...
15:30:32 -- collecting point 100
GetData ===>> H2,-0.28562371284848,H1,1035.31048428058,AX,252.81242378675,L1,3.20118065836854,L2,0.799791767648...
Get Checksum: -1735986017
GetData ===>> H2,-0.0895408366207396,H1,1034.64020589649,AX,252.858402465456,L1,3.21526461493306,L2,0.869013328...
GetData ===>> H2,-0.141410771707771,H1,1033.90355344132,AX,252.90415049173,L1,3.20265944847316,L2,0.93042249681...
Get Checksum: -1735986017
GetData ===>> H2,-0.131818067383154,H1,1033.26118707526,AX,252.643084084595,L1,3.22513290445889,L2,0.9306859434...
GetData ===>> H2,-0.189850273495164,H1,1033.46890435651,AX,252.599342792261,L1,3.22959649451674,L2,0.8954019813...
GetData ===>> H2,-0.0935064625774727,H1,1032.83731815337,AX,252.552652206325,L1,3.2788716457323,L2,0.9524857885...
Get Checksum: -1735986017
GetData ===>> H2,-0.136077985940245,H1,1032.49429317425,AX,252.315824258133,L1,3.27424331470112,L2,0.8479190673...
GetData ===>> H2,-0.0224326729031277,H1,1032.1402790537,AX,252.168202370939,L1,3.26856539978354,L2,0.8521306821...
GetData ===>> H2,-0.0946903273179195,H1,1031.85006109292,AX,252.40911867114,L1,3.24651230838529,L2,0.9164494072...
Get Checksum: -1735986017
GetData ===>> H2,-0.100993617140162,H1,1031.08549395353,AX,252.227500401409,L1,3.2279247102375,L2,0.86864702935...
GetData ===>> H2,-0.14742184958996,H1,1030.79224192602,AX,251.769862512618,L1,3.22828382440675,L2,0.92903655046...
GetData ===>> H2,-0.150869789069038,H1,1030.32848285083,AX,251.706595414655,L1,3.20094139855881,L2,0.8253534503...
Get Checksum: -1735986017
GetData ===>> H2,-0.124916641868549,H1,1029.94396260362,AX,251.648665081572,L1,3.16660133461033,L2,0.7266574108...
GetData ===>> H2,-0.100759422082826,H1,1029.30783034694,AX,251.515490290444,L1,3.16729957764741,L2,0.8915090562...
GetData ===>> H2,-0.035349096577753,H1,1029.23589186076,AX,251.537959678793,L1,3.20296969820866,L2,0.9443403388...
set states for children of B. state=False
handle state [('B', False)]
update switch state B False args=() kw={'refresh': False} ncanvase=3
refresh_canvas_needed fired
Get Checksum: 968834110
GetData ===>> H2,-0.071076356152557,H1,1028.44793298033,AX,251.720960633631,L1,3.21846703712247,L2,0.8121163540...
GetData ===>> H2,-0.183921765764859,H1,1028.55487610838,AX,251.33996553303,L1,3.22699496204195,L2,0.86833796560...
GetData ===>> H2,-0.217578416841161,H1,1028.6376322227,AX,251.122855296625,L1,3.22260184018728,L2,0.83895855551...
Get Checksum: 968834110
GetData ===>> H2,-0.159949037564909,H1,1027.73714356081,AX,250.883156750758,L1,3.22037137064973,L2,0.9341909974...
GetData ===>> H2,-0.168200535086468,H1,1027.26554279316,AX,250.723598449092,L1,3.17324119421385,L2,0.8966271403...
GetData ===>> H2,-0.0664080602119849,H1,1026.70172270219,AX,250.810505355117,L1,3.19793437665728,L2,0.886666019...
Get Checksum: 968834110
measurement finished
estimated time: 125.829 actual time: :126.096
flush and close file /Users/jan/PychronDev/data/isotopes/42/ecd44f-7a28-4b18-a539-cbad32c3e98a.h5
baselines () {'settling_time': 15.0, 'detector': 'H1', 'mass': 34.2, 'ncounts': 60}
%%%%%%%%%%%%%%%%%%%%%%%%%%%%%%%% Baseline
build tables- baseline [Detector(H2), Detector(H1), Detector(AX), Detector(L1), Detector(L2), Detector(CDD)]
add group baseline table H2
add group baseline table H1
add group baseline table AX
add group baseline table L1
add group baseline table L2
add group baseline table CDD
flush and close file /Users/jan/PychronDev/data/isotopes/42/ecd44f-7a28-4b18-a539-cbad32c3e98a.h5
detector Detector(H1)
POSITION 34.2 H1
Mapping mass to dac mass func: "parabolic"
H1 map mass coeffs = [-0.00063987  0.15840543  0.57116999]
H1 map mass to dac 34.2 >> 5.24021599104
GetDeflection H1 ===>> 0
GetHighVoltage ===>> 4500
positioning 34.2 (5.24021599104) on H1
setting magnet DAC
current  : 5.879560
requested: 5.240216
Delta Dac: 0.639344
Checking detector protection. dv=0.63934
Checking detector "CDD". Protection Threshold: 0.1 (V)
ProtectDetector CDD,On ===>> OK
GetDeflection CDD ===>> 2000
SetMagnetDAC 5.24021599104 ===>> OK
Magnet settling time: 0.500
GetMagnetMoving ===>> True
GetMagnetMoving ===>> True
GetMagnetMoving ===>> True
GetMagnetMoving ===>> True
GetMagnetMoving ===>> True
GetMagnetMoving ===>> True
GetMagnetMoving ===>> True
Get Checksum: 968834110
GetMagnetMoving ===>> True
GetMagnetMoving ===>> False
ProtectDetector CDD,Off ===>> OK
GetDeflection CDD ===>> 50
Delaying 15.0s for detectors to settle
Get Checksum: 968834110
Get Checksum: 968834110
Get Checksum: 968834110
Get Checksum: 968834110
Get Checksum: 968834110
Join finished
measuring baseline. ncounts=60
starting measurement
GetData ===>> H2,-0.110282384433221,H1,-0.0721564275464324,AX,-0.0531282673127847,L1,-0.0479979399766352,L2,0.0...
GetData ===>> H2,-0.155042813301472,H1,-0.132174336986224,AX,-0.0906174944283352,L1,-0.0465928065339617,L2,-0.0...
GetData ===>> H2,-0.139003555776616,H1,-0.0252045089372597,AX,-0.0832459858257868,L1,-0.091396522673869,L2,-0.0...
Get Checksum: 968834110
GetData ===>> H2,-0.161500702182462,H1,-0.0717630672272705,AX,-0.0775083402632271,L1,-0.112686349757493,L2,0.02...
GetData ===>> H2,-0.145914312814455,H1,-0.069963126040684,AX,0.00179854238300603,L1,-0.0664150987354166,L2,-0.0...
Get Checksum: 968834110
GetData ===>> H2,-0.221706477135912,H1,-0.0821687150552862,AX,0.00365471923220225,L1,-0.0456806811777892,L2,-0....
GetData ===>> H2,-0.144507908310407,H1,-0.0182516543144605,AX,-0.0982781717732648,L1,-0.0576187137678053,L2,-0....
GetData ===>> H2,-0.190172503291362,H1,-0.061427864816843,AX,-0.208616023145319,L1,-0.0326060244551293,L2,0.100...
Get Checksum: 968834110
GetData ===>> H2,-0.183100214845682,H1,-0.0149241310478441,AX,-0.175471711135556,L1,-0.00201846380150829,L2,0.0...
GetData ===>> H2,-0.147435357078064,H1,0.00905161806452628,AX,-0.0432724861664643,L1,-0.0361930212242446,L2,0.0...
GetData ===>> H2,-0.181122312451519,H1,0.0383551563343022,AX,-0.0325111523203372,L1,-0.0494986065241764,L2,-0.0...
Get Checksum: 968834110
GetData ===>> H2,-0.198921582643991,H1,0.0307540255171325,AX,0.0165213179774577,L1,-0.0211794426199446,L2,0.039...
GetData ===>> H2,-0.267987904438377,H1,-0.0193250253189835,AX,-0.156286887134558,L1,-0.0575923836273031,L2,-0.0...
GetData ===>> H2,-0.114696566957383,H1,-0.0169874470356877,AX,-0.151788628484684,L1,-0.0914239840491596,L2,-0.0...
Get Checksum: 968834110
GetData ===>> H2,-0.104484311089076,H1,0.0278187354242788,AX,-0.106540828330985,L1,-0.0666841444596079,L2,-0.01...
GetData ===>> H2,-0.0945575888968866,H1,-0.00105229571885064,AX,-0.081287110530225,L1,-0.0659236232597543,L2,-0...
GetData ===>> H2,-0.110637098490114,H1,0.0340593129039892,AX,-0.0856568551289131,L1,-0.0449025560422065,L2,-0.0...
Get Checksum: 968834110
GetData ===>> H2,-0.127671984413501,H1,-0.014816789745775,AX,0.0273356810731013,L1,-0.010047522522068,L2,-0.046...
GetData ===>> H2,-0.150726652239619,H1,-0.0653260423159494,AX,-0.107317227030354,L1,-0.015231574594399,L2,-0.06...
GetData ===>> H2,-0.218421935522473,H1,-0.0189553099392058,AX,-0.0378455829150447,L1,-0.0322108577894766,L2,-0....
Get Checksum: 968834110
GetData ===>> H2,-0.222118661462244,H1,-0.0513896568201887,AX,0.000847265465947356,L1,-0.0316073005421229,L2,0....
GetData ===>> H2,-0.188201230146288,H1,-0.017762670373833,AX,0.0276257824649402,L1,-0.0112164434606641,L2,-0.04...
GetData ===>> H2,-0.202602289570312,H1,0.0145036220651431,AX,-0.0570818942800288,L1,-0.0413667147811623,L2,-0.1...
Get Checksum: 968834110
GetData ===>> H2,-0.199907266629975,H1,0.078574920753849,AX,-0.0524557869178004,L1,-0.0353111074220876,L2,-0.01...
15:31:37 -- collecting point 25
GetData ===>> H2,-0.28382896577339,H1,0.016830059887485,AX,-0.0114952897131829,L1,-0.0292310405651028,L2,-0.087...
GetData ===>> H2,-0.307115124366316,H1,0.00903968840322302,AX,-0.0436551409998456,L1,-0.0277611672489889,L2,-0....
Get Checksum: 968834110
GetData ===>> H2,-0.209721664426558,H1,0.0326990009103635,AX,-0.0315138132881709,L1,-0.0196220645932256,L2,-0.0...
GetData ===>> H2,-0.222534871557706,H1,-0.0374274820233332,AX,-0.0514470576117946,L1,-0.0366926581597799,L2,0.1...
Get Checksum: 968834110
GetData ===>> H2,-0.257168084486371,H1,-0.00129086459323953,AX,-0.106367006877694,L1,-0.0194697906775298,L2,0.0...
GetData ===>> H2,-0.210466628596866,H1,-0.00205428117052693,AX,-0.0962616525675075,L1,-0.00944562515467565,L2,0...
GetData ===>> H2,-0.232516626132797,H1,-0.0180369787322608,AX,-0.0203452375048183,L1,-0.0263222323011286,L2,-0....
Get Checksum: 968834110
GetData ===>> H2,-0.254560247925796,H1,0.0762969679686034,AX,-0.050032500053208,L1,-0.0170282973066384,L2,-0.02...
GetData ===>> H2,-0.264229218221154,H1,0.0821171806409062,AX,-0.0537427711965557,L1,-0.0220545377067712,L2,-0.0...
GetData ===>> H2,-0.144247143639879,H1,0.0480930838957285,AX,-0.0731382296926778,L1,-0.0289495411193903,L2,-0.0...
GetData ===>> H2,-0.105871357741611,H1,-0.0220084024711962,AX,-0.143777039253445,L1,0.0202801758096592,L2,-0.06...
set states for children of V. state=False
handle state [('V', False)]
update switch state V False args=() kw={'refresh': False} ncanvase=3
refresh_canvas_needed fired
GetData ===>> H2,-0.104861875196691,H1,-0.0104395519280541,AX,-0.0842891577599224,L1,-0.000932478095330061,L2,0...
Get Checksum: 2052577745
GetData ===>> H2,-0.214054701516427,H1,-0.00434449596899962,AX,-0.119715590579444,L1,-0.0541069079616861,L2,-0....
GetData ===>> H2,-0.286177125101348,H1,0.0738998065980436,AX,-0.0821332567684017,L1,-0.0138918622135544,L2,-0.1...
GetData ===>> H2,-0.218881397651723,H1,-0.00288926138527472,AX,-0.161364568322443,L1,-0.0220185763949151,L2,-0....
set states for children of H. state=True
handle state [('H', True)]
update switch state H True args=() kw={'refresh': False} ncanvase=3
refresh_canvas_needed fired
Get Checksum: 1671910529
GetData ===>> H2,-0.177813343113097,H1,-0.0248705921406465,AX,-0.0673420242933393,L1,-0.00727993572650568,L2,-0...
GetData ===>> H2,-0.334636892338088,H1,0.0390114819790679,AX,-0.0255643576692333,L1,0.0325574170253179,L2,-0.06...
GetData ===>> H2,-0.374070689273811,H1,-0.000181514502073221,AX,-0.0742278777521361,L1,-0.00657112885423858,L2,...
Get Checksum: 1671910529
GetData ===>> H2,-0.185245025387639,H1,0.0296681967948189,AX,-0.0793513784504082,L1,-0.00616093355210033,L2,-0....
GetData ===>> H2,-0.150745557207459,H1,-0.0233321753668968,AX,-0.104142064847078,L1,0.00587487281937438,L2,0.05...
GetData ===>> H2,-0.190363949286,H1,-0.00922295592407068,AX,-0.12825447906003,L1,0.00190723798923112,L2,-0.0080...
Get Checksum: 1671910529
GetData ===>> H2,-0.210105603265338,H1,0.0319711222591003,AX,-0.0352827734046778,L1,-0.00895161078090849,L2,-0....
GetData ===>> H2,-0.14287431469241,H1,0.0663303781731851,AX,0.0366309595524023,L1,-0.00134288646104263,L2,-0.06...
GetData ===>> H2,-0.158919879100388,H1,0.0312671135161537,AX,0.0179484666158617,L1,0.00497349400513177,L2,-0.17...
Get Checksum: 1671910529
GetData ===>> H2,-0.222410953002247,H1,0.0289403401782408,AX,-0.094059658570479,L1,-0.000811272425362028,L2,-0....
15:32:04 -- collecting point 50
GetData ===>> H2,-0.208561685804532,H1,-0.0310836471944185,AX,-0.0788529501833204,L1,4.32089395746956E-05,L2,-0...
GetData ===>> H2,-0.249903626849293,H1,0.0345366197383125,AX,-0.112914067160609,L1,-0.00572913096634911,L2,-0.0...
Get Checksum: 1671910529
GetData ===>> H2,-0.173983610079877,H1,-0.0124075435689484,AX,-0.0567108862622003,L1,-0.0221983816685941,L2,-0....
GetData ===>> H2,-0.304001278705381,H1,-0.0226404763982611,AX,-0.0417998308007045,L1,-0.0301090286402634,L2,0.0...
Get Checksum: 1671910529
GetData ===>> H2,-0.23260140769165,H1,0.0177606501547746,AX,0.0269063325995481,L1,-0.0482037862933099,L2,-0.004...
GetData ===>> H2,-0.196846106734174,H1,0.0119863579366665,AX,-0.00497620275859305,L1,-0.0154390896655713,L2,-0....
GetData ===>> H2,-0.167452855727265,H1,-0.0335282176343153,AX,-0.0240914343251221,L1,-0.00469632799298053,L2,-0...
GetData ===>> H2,-0.187500010543619,H1,0.0110558213450187,AX,-0.0479106251612756,L1,0.0281950347628967,L2,0.073...
Get Checksum: 1671910529
GetData ===>> H2,-0.150679389682107,H1,0.000247914640350144,AX,-0.041347593578146,L1,0.00255306709479872,L2,-0....
GetData ===>> H2,-0.138621003340796,H1,-0.00960463469363833,AX,-0.0563050946230148,L1,-0.00547603806403327,L2,-...
Get Checksum: 1671910529
GetData ===>> H2,-0.0349865886260196,H1,0.0155057732677435,AX,-0.0744713080978444,L1,0.00021843458248678,L2,0.0...
measurement finished
estimated time: 62.915 actual time: :63.960
flush and close file /Users/jan/PychronDev/data/isotopes/42/ecd44f-7a28-4b18-a539-cbad32c3e98a.h5
activate_detectors ('H1', 'AX', 'CDD') {'peak_center': True}
peak_center () {'detector': 'H1', 'integration_time': 0.262144, 'isotope': 'Ar40'}
peak center: mean=1028.6161018 threshold=3
peak center started
setup peak center. detector=['H1', 'AX', 'CDD'], isotope=Ar40
VersionedUnpickler [<apptools.sweet_pickle.versioned_unpickler.VersionedUnpickler object at 0x19d4fb170>] using Updater [<apptools.sweet_pickle.updater.Updater object at 0x133e38fb0>]
VersionedUnpickler [<apptools.sweet_pickle.versioned_unpickler.VersionedUnpickler object at 0x19d4fb170>] using Updater [<apptools.sweet_pickle.updater.Updater object at 0x133e38fb0>]
VersionedUnpickler [<apptools.sweet_pickle.versioned_unpickler.VersionedUnpickler object at 0x19d4fb170>] using Updater [<apptools.sweet_pickle.updater.Updater object at 0x133e38fb0>]
setting integration time = 0.524288
SetIntegrationTime 0.524288 ===>> OK
Mapping mass to dac mass func: "parabolic"
H1 map mass coeffs = [-0.00063987  0.15840543  0.57116999]
H1 map mass to dac 39.9624 >> 5.87956
GetDeflection H1 ===>> 0
GetHighVoltage ===>> 4500
do peak center. <pychron.spectrometer.jobs.peak_center.PeakCenter object at 0x12d6e98f0>
doing pc
starting peak center. center dac= 5.87956 step_width=0.001
width = 0.001
get scan parameters. half-width=0.015,window=0.015, i=0, scalar=1
Scan parameters center=5.87956 width=0.03000 (5.86456 - 5.89456)
GetData ===>> H2,-0.196900055046977,H1,0.00454230739073154,AX,-0.0754682069695315,L1,0.00605842616626258,L2,-0....
Moving to starting dac 5.86456
setting magnet DAC
current  : 5.240216
requested: 5.864560
Delta Dac: 0.624344
Checking detector protection. dv=0.62434
Checking detector "CDD". Protection Threshold: 0.1 (V)
ProtectDetector CDD,On ===>> OK
GetDeflection CDD ===>> 2000
SetMagnetDAC 5.86456 ===>> OK
Magnet settling time: 0.500
GetMagnetMoving ===>> True
GetMagnetMoving ===>> True
GetMagnetMoving ===>> True
GetMagnetMoving ===>> True
GetMagnetMoving ===>> True
set states for children of H. state=False
handle state [('H', False)]
update switch state H False args=() kw={'refresh': False} ncanvase=3
refresh_canvas_needed fired
GetMagnetMoving ===>> True
Get Checksum: 2052577745
GetMagnetMoving ===>> True
GetMagnetMoving ===>> True
GetMagnetMoving ===>> False
ProtectDetector CDD,Off ===>> OK
GetDeflection CDD ===>> 50
Wait until signal near baseline. tol= 0.00340673054305. timeout= 10
GetData ===>> H2,6.86961748923196,H1,2.98174318642486,AX,0.0403910995823758,L1,0.0301699473669063,L2,-0.0007059...
GetData ===>> H2,77.9499461578358,H1,41.2005522323652,AX,3.20110118459061,L1,0.0248035083752208,L2,0.0271271698...
GetData ===>> H2,84.0388710550911,H1,39.2191702367279,AX,5.91945570584299,L1,0.0420925021073571,L2,-0.056256946...
set states for children of C. state=True
set states for children of B. state=True
set states for children of D. state=True
handle state [('C', True), ('B', True), ('D', True)]
update switch state C True args=() kw={'refresh': True} ncanvase=3
update switch state B True args=() kw={'refresh': True} ncanvase=3
update switch state D True args=() kw={'refresh': False} ncanvase=3
refresh_canvas_needed fired
GetData ===>> H2,44.5716609580976,H1,18.903333895381,AX,2.60499230463264,L1,0.0582641408289603,L2,-0.0637447517...
GetData ===>> H2,18.3687774366425,H1,9.44210757022417,AX,1.07972334956757,L1,0.0416979837608145,L2,0.0077433277...
Get Checksum: -110011688
GetData ===>> H2,6.25066576129688,H1,4.92409912679281,AX,0.64421815921188,L1,0.0335704901153428,L2,0.0774614963...
GetData ===>> H2,1.83320206493064,H1,2.92100860251294,AX,0.323042291008595,L1,0.0370010327992371,L2,0.071512964...
GetData ===>> H2,0.525861544919467,H1,1.74315514509129,AX,0.0804515017411581,L1,0.0314290959607476,L2,0.0341892...
GetData ===>> H2,0.244195109943661,H1,1.30893624518189,AX,-0.043063764714075,L1,0.00124224534780081,L2,0.037447...
GetData ===>> H2,0.243585501713163,H1,1.0656771263035,AX,0.178422226368552,L1,-0.0492999665687525,L2,-0.1040186...
GetData ===>> H2,0.302617583562869,H1,0.824744615489537,AX,0.0507438403366991,L1,-0.0352152425640077,L2,0.06394...
Get Checksum: -110011688
GetData ===>> H2,0.338803551270998,H1,0.828794418494661,AX,-0.00140327949459137,L1,-0.0308077145509053,L2,-0.27...
GetData ===>> H2,0.247988036187875,H1,0.840828922179138,AX,0.13228834813158,L1,-0.00243482725912051,L2,0.006763...
GetData ===>> H2,0.221542346833014,H1,0.77235152428663,AX,0.108429771438147,L1,0.020359261650721,L2,0.012116307...
GetData ===>> H2,0.187642205788692,H1,0.751756325976527,AX,0.0584593173668313,L1,0.00146310445980762,L2,-0.1400...
GetData ===>> H2,0.159838717583943,H1,0.783225575782898,AX,0.12229439431334,L1,0.00904980072999104,L2,-0.003575...
GetData ===>> H2,0.166481442945674,H1,0.719913922782634,AX,0.144092273204118,L1,0.0108243113389283,L2,0.0269221...
Get Checksum: -110011688
GetData ===>> H2,0.0589548598956587,H1,0.682171004521659,AX,0.0724790506657032,L1,0.0327364699909676,L2,0.08195...
GetData ===>> H2,0.028612651538147,H1,0.685162157828789,AX,-0.0108225215843965,L1,0.0154778908279799,L2,0.00207...
GetData ===>> H2,0.028612651538147,H1,0.685162157828789,AX,-0.0108225215843965,L1,0.0154778908279799,L2,0.00207...
GetData ===>> H2,0.0740901855804002,H1,0.806558458771734,AX,-0.0398169289235362,L1,-0.0334109424169006,L2,-0.09...
Peak center failed to move to a baseline position
_do_sweep sm= 5.86456, em= 5.89456, stm= 0.001
calculated step values: start=5.86456, end=5.89456, width=0.001, nsteps=31.0
setting magnet DAC
current  : 5.864560
requested: 5.864560
Delta Dac: 0.000000
Checking detector protection. dv=0.00000
Checking detector "CDD". Protection Threshold: 0.1 (V)
SetMagnetDAC 5.86456 ===>> OK
GetData ===>> H2,0.0880451726791324,H1,0.690378942342673,AX,0.0124256335956249,L1,-0.0196118989646732,L2,-0.201...
setting magnet DAC
current  : 5.864560
requested: 5.865594
Delta Dac: 0.001034
Checking detector protection. dv=0.00103
Checking detector "CDD". Protection Threshold: 0.1 (V)
SetMagnetDAC 5.86559448276 ===>> OK
Magnet settling time: 1.049
GetData ===>> H2,-0.0150009487522619,H1,1.93748471603439,AX,0.262744305634403,L1,-0.0418110083530033,L2,-0.0162...
setting magnet DAC
current  : 5.865594
requested: 5.866629
Delta Dac: 0.001034
Checking detector protection. dv=0.00103
Checking detector "CDD". Protection Threshold: 0.1 (V)
SetMagnetDAC 5.86662896552 ===>> OK
Magnet settling time: 1.049
Get Checksum: -110011688
GetData ===>> H2,-0.101461567191979,H1,6.76008085926549,AX,1.0766909397124,L1,-0.00941564924529394,L2,-0.079719...
setting magnet DAC
current  : 5.866629
requested: 5.867663
Delta Dac: 0.001034
Checking detector protection. dv=0.00103
Checking detector "CDD". Protection Threshold: 0.1 (V)
SetMagnetDAC 5.86766344828 ===>> OK
Magnet settling time: 1.049
GetData ===>> H2,-0.0592030864116683,H1,25.9600535270885,AX,4.06494899215338,L1,-0.0120052385135318,L2,0.079877...
setting magnet DAC
current  : 5.867663
requested: 5.868698
Delta Dac: 0.001034
Checking detector protection. dv=0.00103
Checking detector "CDD". Protection Threshold: 0.1 (V)
SetMagnetDAC 5.86869793103 ===>> OK
Magnet settling time: 1.049
Get Checksum: -110011688
GetData ===>> H2,-0.0912492376691033,H1,87.3719525811395,AX,13.7183702917352,L1,0.0075680840405314,L2,-0.052251...
setting magnet DAC
current  : 5.868698
requested: 5.869732
Delta Dac: 0.001034
Checking detector protection. dv=0.00103
Checking detector "CDD". Protection Threshold: 0.1 (V)
SetMagnetDAC 5.86973241379 ===>> OK
Magnet settling time: 1.049
GetData ===>> H2,0.0292737157138944,H1,232.682529244898,AX,40.2614213746913,L1,0.199042175677831,L2,-0.18315932...
setting magnet DAC
current  : 5.869732
requested: 5.870767
Delta Dac: 0.001034
Checking detector protection. dv=0.00103
Checking detector "CDD". Protection Threshold: 0.1 (V)
SetMagnetDAC 5.87076689655 ===>> OK
Magnet settling time: 1.049
GetData ===>> H2,-0.0127825040258293,H1,457.046013324204,AX,87.8099872980113,L1,0.519862811555788,L2,0.09642633...
setting magnet DAC
current  : 5.870767
requested: 5.871801
Delta Dac: 0.001034
Checking detector protection. dv=0.00103
Checking detector "CDD". Protection Threshold: 0.1 (V)
SetMagnetDAC 5.87180137931 ===>> OK
Magnet settling time: 1.049
Get Checksum: -110011688
GetData ===>> H2,-0.0386586545935573,H1,688.923788960404,AX,144.099084273749,L1,1.06123338230922,L2,0.228943099...
setting magnet DAC
current  : 5.871801
requested: 5.872836
Delta Dac: 0.001034
Checking detector protection. dv=0.00103
Checking detector "CDD". Protection Threshold: 0.1 (V)
SetMagnetDAC 5.87283586207 ===>> OK
Magnet settling time: 1.049
GetData ===>> H2,-0.058796625501079,H1,856.278703086577,AX,192.177806311459,L1,1.63871764775644,L2,0.4604389894...
setting magnet DAC
current  : 5.872836
requested: 5.873870
Delta Dac: 0.001034
Checking detector protection. dv=0.00103
Checking detector "CDD". Protection Threshold: 0.1 (V)
SetMagnetDAC 5.87387034483 ===>> OK
Magnet settling time: 1.049
GetData ===>> H2,-0.206606562912629,H1,960.371232359648,AX,229.600319002706,L1,2.36117174352224,L2,0.7114277206...
setting magnet DAC
current  : 5.873870
requested: 5.874905
Delta Dac: 0.001034
Checking detector protection. dv=0.00103
Checking detector "CDD". Protection Threshold: 0.1 (V)
SetMagnetDAC 5.87490482759 ===>> OK
Magnet settling time: 1.049
Get Checksum: -110011688
GetData ===>> H2,-0.147828622975183,H1,976.553445478541,AX,237.036669513451,L1,2.65436828269124,L2,0.7384704166...
setting magnet DAC
current  : 5.874905
requested: 5.875939
Delta Dac: 0.001034
Checking detector protection. dv=0.00103
Checking detector "CDD". Protection Threshold: 0.1 (V)
SetMagnetDAC 5.87593931034 ===>> OK
Magnet settling time: 1.049
GetData ===>> H2,-0.0412507870409543,H1,980.552982690823,AX,239.068074375454,L1,2.83457585207758,L2,0.760901287...
setting magnet DAC
current  : 5.875939
requested: 5.876974
Delta Dac: 0.001034
Checking detector protection. dv=0.00103
Checking detector "CDD". Protection Threshold: 0.1 (V)
SetMagnetDAC 5.8769737931 ===>> OK
Magnet settling time: 1.049
Get Checksum: -110011688
GetData ===>> H2,-0.0509165459469639,H1,981.523762772674,AX,239.170082852481,L1,2.89619680181968,L2,0.757173878...
setting magnet DAC
current  : 5.876974
requested: 5.878008
Delta Dac: 0.001034
Checking detector protection. dv=0.00103
Checking detector "CDD". Protection Threshold: 0.1 (V)
SetMagnetDAC 5.87800827586 ===>> OK
Magnet settling time: 1.049
GetData ===>> H2,-0.0840783487864569,H1,981.328416463977,AX,239.287672605673,L1,3.0090380360103,L2,1.0088826990...
setting magnet DAC
current  : 5.878008
requested: 5.879043
Delta Dac: 0.001034
Checking detector protection. dv=0.00103
Checking detector "CDD". Protection Threshold: 0.1 (V)
SetMagnetDAC 5.87904275862 ===>> OK
Magnet settling time: 1.049
GetData ===>> H2,-0.0975525251191681,H1,981.63528885712,AX,239.195114055409,L1,3.08112851609312,L2,0.8775301753...
setting magnet DAC
current  : 5.879043
requested: 5.880077
Delta Dac: 0.001034
Checking detector protection. dv=0.00103
Checking detector "CDD". Protection Threshold: 0.1 (V)
SetMagnetDAC 5.88007724138 ===>> OK
Magnet settling time: 1.049
Get Checksum: -110011688
GetData ===>> H2,-0.0470436314119483,H1,981.728817536044,AX,239.558689163788,L1,3.1106227707204,L2,0.7429973263...
setting magnet DAC
current  : 5.880077
requested: 5.881112
Delta Dac: 0.001034
Checking detector protection. dv=0.00103
Checking detector "CDD". Protection Threshold: 0.1 (V)
SetMagnetDAC 5.88111172414 ===>> OK
Magnet settling time: 1.049
GetData ===>> H2,-0.0366714061038519,H1,981.162734528587,AX,239.277953542298,L1,3.1026397537079,L2,0.8203535721...
setting magnet DAC
current  : 5.881112
requested: 5.882146
Delta Dac: 0.001034
Checking detector protection. dv=0.00103
Checking detector "CDD". Protection Threshold: 0.1 (V)
SetMagnetDAC 5.8821462069 ===>> OK
Magnet settling time: 1.049
GetData ===>> H2,-0.0825856503527411,H1,980.889459207997,AX,239.032566209888,L1,3.05498732963349,L2,0.735681214...
setting magnet DAC
current  : 5.882146
requested: 5.883181
Delta Dac: 0.001034
Checking detector protection. dv=0.00103
Checking detector "CDD". Protection Threshold: 0.1 (V)
SetMagnetDAC 5.88318068966 ===>> OK
Magnet settling time: 1.049
Get Checksum: -110011688
GetData ===>> H2,-0.114392055647269,H1,978.543528422506,AX,238.110342180033,L1,3.05860256010647,L2,0.7250052651...
setting magnet DAC
current  : 5.883181
requested: 5.884215
Delta Dac: 0.001034
Checking detector protection. dv=0.00103
Checking detector "CDD". Protection Threshold: 0.1 (V)
SetMagnetDAC 5.88421517241 ===>> OK
Magnet settling time: 1.049
GetData ===>> H2,-0.168645880208169,H1,972.392090343757,AX,234.992244057903,L1,3.03589331238454,L2,0.8328709195...
setting magnet DAC
current  : 5.884215
requested: 5.885250
Delta Dac: 0.001034
Checking detector protection. dv=0.00103
Checking detector "CDD". Protection Threshold: 0.1 (V)
SetMagnetDAC 5.88524965517 ===>> OK
Magnet settling time: 1.049
GetData ===>> H2,-0.0965378480316745,H1,945.785107437296,AX,223.559279543142,L1,2.90263495029485,L2,0.716273357...
setting magnet DAC
current  : 5.885250
requested: 5.886284
Delta Dac: 0.001034
Checking detector protection. dv=0.00103
Checking detector "CDD". Protection Threshold: 0.1 (V)
SetMagnetDAC 5.88628413793 ===>> OK
Magnet settling time: 1.049
Get Checksum: -110011688
GetData ===>> H2,-0.179436771613115,H1,864.590316967712,AX,190.678635075471,L1,2.56900593296096,L2,0.4973552558...
setting magnet DAC
current  : 5.886284
requested: 5.887319
Delta Dac: 0.001034
Checking detector protection. dv=0.00103
Checking detector "CDD". Protection Threshold: 0.1 (V)
SetMagnetDAC 5.88731862069 ===>> OK
Magnet settling time: 1.049
GetData ===>> H2,-0.289846151921179,H1,685.112398867374,AX,133.577600147914,L1,2.0322676374855,L2,0.35426976720...
setting magnet DAC
current  : 5.887319
requested: 5.888353
Delta Dac: 0.001034
Checking detector protection. dv=0.00103
Checking detector "CDD". Protection Threshold: 0.1 (V)
SetMagnetDAC 5.88835310345 ===>> OK
Magnet settling time: 1.049
GetData ===>> H2,-0.222526061326805,H1,433.42886556915,AX,72.1013400188639,L1,1.40846089044072,L2,0.05455825917...
setting magnet DAC
current  : 5.888353
requested: 5.889388
Delta Dac: 0.001034
Checking detector protection. dv=0.00103
Checking detector "CDD". Protection Threshold: 0.1 (V)
Get Checksum: -110011688
SetMagnetDAC 5.88938758621 ===>> OK
Magnet settling time: 1.049
GetData ===>> H2,-0.287670665245915,H1,210.500277101136,AX,29.4940354957545,L1,0.914544917317873,L2,-0.02315791...
setting magnet DAC
current  : 5.889388
requested: 5.890422
Delta Dac: 0.001034
Checking detector protection. dv=0.00103
Checking detector "CDD". Protection Threshold: 0.1 (V)
SetMagnetDAC 5.89042206897 ===>> OK
Magnet settling time: 1.049
GetData ===>> H2,-0.279673917257331,H1,77.9148716808222,AX,8.90460012363184,L1,0.532718135265969,L2,-0.05316151...
setting magnet DAC
current  : 5.890422
requested: 5.891457
Delta Dac: 0.001034
Checking detector protection. dv=0.00103
Checking detector "CDD". Protection Threshold: 0.1 (V)
SetMagnetDAC 5.89145655172 ===>> OK
Magnet settling time: 1.049
Get Checksum: -110011688
GetData ===>> H2,-0.234998748831713,H1,23.0254989420836,AX,2.23517962938472,L1,0.326285049460352,L2,-0.03246960...
setting magnet DAC
current  : 5.891457
requested: 5.892491
Delta Dac: 0.001034
Checking detector protection. dv=0.00103
Checking detector "CDD". Protection Threshold: 0.1 (V)
SetMagnetDAC 5.89249103448 ===>> OK
Magnet settling time: 1.049
GetData ===>> H2,-0.186960030051819,H1,5.87934054611024,AX,0.165477485444636,L1,0.185618378080416,L2,-0.0893900...
setting magnet DAC
current  : 5.892491
requested: 5.893526
Delta Dac: 0.001034
Checking detector protection. dv=0.00103
Checking detector "CDD". Protection Threshold: 0.1 (V)
SetMagnetDAC 5.89352551724 ===>> OK
Magnet settling time: 1.049
GetData ===>> H2,-0.248055506369611,H1,1.33959679222493,AX,-0.0820637107797999,L1,0.106899142134006,L2,0.186606...
setting magnet DAC
current  : 5.893526
requested: 5.894560
Delta Dac: 0.001034
Checking detector protection. dv=0.00103
Checking detector "CDD". Protection Threshold: 0.1 (V)
SetMagnetDAC 5.89456 ===>> OK
Magnet settling time: 1.049
Get Checksum: -110011688
GetData ===>> H2,-0.1834321877465,H1,0.174988839617885,AX,-0.282798047942678,L1,0.0658396877225333,L2,-0.026459...
result of _do_sweep=True
result of _calculate_peak_center=([5.8720449699398802, 5.8795600000000006, 5.8870750300601209], [728.33100821863741, 981.72825523937706, 727.37423328986961], 5.8800710220440884, 981.72825523937706)
Failed to find a valid peak. No peak greater than 1.0. max = 0.0223083637757
new center pos Detector(H1) (Ar40) @ 5.87956
GetHighVoltage ===>> 4500
GetDeflection H1 ===>> 0
dac uncorrected for HV and deflection 5.87956
update mftable H1 Ar40 5.87956 message=automated run peakcenter
get initial guess parabolic
get initial guess parabolic
get initial guess parabolic
get initial guess parabolic
get initial guess parabolic
get initial guess parabolic
dump mftable to /Users/jan/PychronDev/setupfiles/spectrometer/mftables/mftable.csv
add to repo msg=modified - automated run peakcenter
sweep finished
locally archiving mftable
setting magnet DAC
current  : 5.894560
requested: 5.879560
Delta Dac: 0.015000
Checking detector protection. dv=0.01500
Checking detector "CDD". Protection Threshold: 0.1 (V)
SetMagnetDAC 5.87956 ===>> OK
Magnet settling time: 0.500
setting integration time = 1.048576
SetIntegrationTime 1.048576 ===>> OK
Failed to find a valid peak. No peak greater than 1.0. max = 0.0223083637757
flush and close file /Users/jan/PychronDev/data/isotopes/42/ecd44f-7a28-4b18-a539-cbad32c3e98a.h5
finished measure script
executed 226.132928
jan_unknown120_60.py completed successfully
Measurement Finished
15:33:02 -- ******* Measurement Finished *******
Post Measurement Started jan_pump_ms.py
15:33:02 -- ******* Post Measurement Started jan_pump_ms.py *******
testing...
no interpolation path defined
executed 0
Pumping spectrometer
open () {'name': 'O'}
opening name=O desc=---
checking ownership. requestor=129.138.12.150
check software interlocks O
interlocks []
actuate state mode=None-script, software_lock=False
doing actuation None-script open_channel True
Open O ===>> OK
GetIndicatorState O ===>> OK
change switch state (True, True)
update switch state O True args=() kw={} ncanvase=3
15:33:03 -- OPEN   VALVE-O (Jan Ion Pump)
---------------------------------------- open O () result=[(True, True)], time=0.09 sec
action=open, ok=True, locked=[False]
executed 0
jan_pump_ms.py completed successfully
setting _ms_pumptime
Post Measurement Finished
15:33:03 -- ******* Post Measurement Finished *******
$$$$$$$$$$$$$$$$$$$$ state at run end measurement
state changed from measurement to success
post measurement save measured=True aborted=False
Set filtering
setting fod for Ar40= {'filter_outliers': True, 'std_devs': 2, 'iterations': 1}
setting fod for H1= {'filter_outliers': True, 'std_devs': 2, 'iterations': 1}
setting fod for PM41= {'filter_outliers': False, 'std_devs': 2, 'iterations': 1}
setting fod for H2= {'filter_outliers': True, 'std_devs': 2, 'iterations': 1}
setting fod for Ar36= {'filter_outliers': True, 'std_devs': 2, 'iterations': 1}
setting fod for CDD= {'filter_outliers': True, 'std_devs': 10, 'iterations': 1}
setting fod for Ar37= {'filter_outliers': True, 'std_devs': 2, 'iterations': 1}
setting fod for L2= {'filter_outliers': True, 'std_devs': 2, 'iterations': 1}
setting fod for Ar38= {'filter_outliers': True, 'std_devs': 2, 'iterations': 1}
setting fod for L1= {'filter_outliers': True, 'std_devs': 2, 'iterations': 1}
setting fod for Ar39= {'filter_outliers': True, 'std_devs': 2, 'iterations': 1}
setting fod for AX= {'filter_outliers': True, 'std_devs': 2, 'iterations': 1}
persistence save...
persistence save - db
post measurement save
6658860240 connecting to database sqlite:////Users/jan/PychronDev/.appdata/local_lab.db
connected to db sqlite:////Users/jan/PychronDev/.appdata/local_lab.db
create new session 6658860240
close session 6658860240
No database instance. Not saving post measurement to isotopedb database
$$$$$$$$$$$$$$$ auto_save_detector_ic=False
massspec enabled True
create new session 5064816880
MassSpec Database Version: 16.0
close session 5064816880
saving post measurement to secondary database
saving to massspec database 129.138.12.160/massspecdata
setting labnumber to 25382
setting aliquot to 10
setting step to 
setting uuid to 42ecd44f-7a28-4b18-a539-cbad32c3e98a
setting irradpos to 25382
setting extract_device to Fusions CO2
setting tray to 
setting position to 147
setting power_requested to 5.0
setting extract_value to 5.0
setting duration to 30.0
setting duration_at_request to 30.0
setting first_stage_delay to 30.0
setting cleanup to 30.0
setting comment to N:1
setting irradiation to NM-289
setting level to N
setting irradiation_level to N
setting sample to FC-2
setting material to Sanidine
setting project to Irradiation-NM-289
setting mass_spectrometer to Jan
no attribute chron_dosages
no attribute production_ratios
no attribute interference_corrections
no attribute production_name
no attribute j
Reference Isotope=Ar40
Reference Detector=H1
%%%%%%%%%%%%%%%%%%%% Comment: N:1 %%%%%%%%%%%%%%%%%%%
adding isotope PM41 H2
add baseline dbdet= PM41. original det= H2
get baseline data PM41 H2
Get data baseline <pychron.processing.isotope.Baseline object at 0x19a3841d0> len t=60
baseline PM41. v=-0.188519092047, e=0.00702369106252
get signal data PM41 H2
Get data signal PM41 0.08+/-0.07 len t=120
adding isotope Ar40 H1
add baseline dbdet= Ar40. original det= H1
get baseline data Ar40 H1
Get data baseline <pychron.processing.isotope.Baseline object at 0x19a384390> len t=60
baseline Ar40. v=-0.00135482826277, e=0.00489691575251
get signal data Ar40 H1
Get data signal Ar40 1080.29+/-0.05 len t=120
adding isotope Ar39 AX
add baseline dbdet= Ar39. original det= AX
get baseline data Ar39 AX
Get data baseline <pychron.processing.isotope.Baseline object at 0x19a384550> len t=60
baseline Ar39. v=-0.0591799405287, e=0.00634941312327
get signal data Ar39 AX
Get data signal Ar39 263.402+/-0.032 len t=120
adding isotope Ar38 L1
add baseline dbdet= Ar38. original det= L1
get baseline data Ar38 L1
Get data baseline <pychron.processing.isotope.Baseline object at 0x19a384710> len t=60
baseline Ar38. v=-0.022220461284, e=0.00294838425536
get signal data Ar38 L1
Get data signal Ar38 3.433+/-0.005 len t=120
adding isotope Ar37 L2
add baseline dbdet= Ar37. original det= L2
get baseline data Ar37 L2
Get data baseline <pychron.processing.isotope.Baseline object at 0x19a3848d0> len t=60
baseline Ar37. v=-0.0300346145394, e=0.00633858768109
get signal data Ar37 L2
Get data signal Ar37 0.941+/-0.011 len t=120
adding isotope Ar36 CDD
add baseline dbdet= Ar36. original det= CDD
get baseline data Ar36 CDD
Get data baseline <pychron.processing.isotope.Baseline object at 0x19a384a90> len t=60
baseline Ar36. v=0.000270438834893, e=2.53907573895e-05
get signal data Ar36 CDD
Get data signal Ar36 0.01300+/-0.00026 len t=120
25382-10 added analysis time 0.483731985092s
analysis added to mass spec database
mass spec save time= 0.491
persistence save - dvc
================= post measurement started
create new session 4983587952
close session 4983587952
Get Checksum: 2035439760
---------------- Experiment Queue saving disabled
DVC saving peakcenter
Failed to find a valid peak. No peak greater than 1.0. max = 0.0223083637757
Smart pull ahead: 0 behind: 0
Up-to-date with origin
add to repo msg=modified - ad8224ebc6dbfeb9f5997218dfa5fe690569839d.json
add to repo msg=modified - 82-10.json
add to repo msg=modified - 82-10.dat.json
add to repo msg=modified - 82-10.blan.json
add to repo msg=modified - 82-10.inte.json
add to repo msg=modified - 82-10.icfa.json
add to repo msg=modified - 82-10.base.json
not at valid file /Users/jan/PychronDev/data/.dvc/repositories/Load1785/253/tags/82-10.tags.json
add to repo msg=modified - 82-10.peak.json
add to repo msg=modified - 82-10.extr.json
Get Checksum: 2035439760
not at valid file /Users/jan/PychronDev/data/.dvc/repositories/Load1785/253/monitor/82-10.moni.json
commit message=<COLLECTION>
add to repo msg=modified - 82-10.inte.json
add to repo msg=modified - 82-10.base.json
commit message=<ISOEVO> default collection fits
add to repo msg=modified - 82-10.blan.json
commit message=<BLANKS> preceding bu-FC-J-7511
add to repo msg=modified - 82-10.icfa.json
commit message=<ICFactor> default
Get Checksum: 2035439760
push repository <pychron.git_archive.repo_manager.GitRepoManager object at 0x181b97890>
pushing to remote=origin, url=https://github.com
Get Checksum: 2035439760
no changes to meta repo
create new session 4983587952
add association Load1785
get identifier "25382"
setting analysis irradiation position=<pychron.dvc.dvc_orm.IrradiationPositionTbl object at 0x130a8ce50>
close session 4983587952
================= post measurement finished
15:33:15 -- ******* Post Run Check *******
loading queue conditionals post_run_actions
loading system conditionals post_run_actions
loading conditionals from /Users/jan/PychronDev/setupfiles/spectrometer/default_conditionals.yaml
loading queue conditionals post_run_terminations
loading system conditionals post_run_terminations
loading conditionals from /Users/jan/PychronDev/setupfiles/spectrometer/default_conditionals.yaml
Checking default post run terminations n=1
GetDeflection CDD ===>> 50
testing CDD==2000
evaluate ot="CDD.deflection==2000" t="CDD==2000", ctx="{'CDD': 50.0}"
15:33:15 -- ******* Post Run Check Passed *******
15:33:15 -- Automated run 25382-10 success duration: 362.776 s
----------------- finish -----------------
----------------- stop -----------------
retroactive repository identifiers disabled
finish run. runs completed=64
update duration runid=25382-10, duration=362.776221037, md5=301e91d8
loading script "jan_unknown120_60.py"
loading script "jan_pump_ms.py"
loading script "jan_co2.py"
loading script "jan_pump_extraction_line.py"
testing...
no interpolation path defined
executed 213.652928
script duration name:unknown120_60 seconds:214.0
loading script "jan_unknown120_60.py"
loading script "jan_pump_ms.py"
loading script "jan_co2.py"
loading script "jan_pump_extraction_line.py"
testing...
no interpolation path defined
executed 0
loading script "jan_unknown120_60.py"
loading script "jan_pump_ms.py"
loading script "jan_co2.py"
loading script "jan_pump_extraction_line.py"
testing...
no interpolation path defined
calculate duration
testing...
no interpolation path defined
executed 0
calculate duration
testing...
no interpolation path defined
executed 0
executed 0.0
script duration name:co2 seconds:0.0
loading script "jan_unknown120_60.py"
loading script "jan_pump_ms.py"
loading script "jan_co2.py"
loading script "jan_pump_extraction_line.py"
testing...
no interpolation path defined
calculate duration
testing...
no interpolation path defined
executed 4.0
executed 4.0
Script duration 214.0
Run total estimated duration= 215.000
unknown120_60 in script context. using previous estimated duration
script duration name:unknown120_60 seconds:214.0
pump_ms in script context. using previous estimated duration
co2 in script context. using previous estimated duration
script duration name:co2 seconds:0.0
pump_extraction_line in script context. using previous estimated duration
Script duration 214.0
Run total estimated duration= 215.000
script duration name:unknown120_60 seconds:214.0
script duration name:co2 seconds:0.0
Script duration 214.0
Run total estimated duration= 215.000
script duration name:unknown120_60 seconds:214.0
script duration name:co2 seconds:0.0
Script duration 214.0
Run total estimated duration= 215.000
script duration name:unknown120_60 seconds:214.0
script duration name:co2 seconds:0.0
Script duration 214.0
Run total estimated duration= 215.000
script duration name:unknown120_60 seconds:214.0
script duration name:co2 seconds:0.0
Script duration 214.0
Run total estimated duration= 215.000
script duration name:unknown120_60 seconds:214.0
script duration name:co2 seconds:0.0
Script duration 214.0
Run total estimated duration= 215.000
script duration name:unknown120_60 seconds:214.0
script duration name:co2 seconds:0.0
Script duration 214.0
Run total estimated duration= 215.000
script duration name:unknown120_60 seconds:214.0
script duration name:co2 seconds:0.0
Script duration 214.0
Run total estimated duration= 215.000
script duration name:unknown120_60 seconds:214.0
script duration name:co2 seconds:0.0
Script duration 214.0
Run total estimated duration= 215.000
script duration name:unknown120_60 seconds:214.0
script duration name:co2 seconds:0.0
Script duration 214.0
Run total estimated duration= 215.000
script duration name:unknown120_60 seconds:214.0
script duration name:co2 seconds:0.0
Script duration 214.0
Run total estimated duration= 215.000
loading script "jan_unknown400_120.py"
loading script "jan_pump_ms.py"
loading script "jan_co2.py"
loading script "jan_pump_extraction_line.py"
testing...
no interpolation path defined
executed 556.052928
script duration name:unknown400_120 seconds:556.0
script duration name:co2 seconds:0.0
Script duration 556.0
Run total estimated duration= 557.000
script duration name:unknown120_60 seconds:214.0
script duration name:co2 seconds:0.0
Script duration 214.0
Run total estimated duration= 215.000
script duration name:unknown120_60 seconds:214.0
script duration name:co2 seconds:0.0
Script duration 214.0
Run total estimated duration= 215.000
script duration name:unknown120_60 seconds:214.0
script duration name:co2 seconds:0.0
Script duration 214.0
Run total estimated duration= 215.000
script duration name:unknown120_60 seconds:214.0
script duration name:co2 seconds:0.0
Script duration 214.0
Run total estimated duration= 215.000
script duration name:unknown120_60 seconds:214.0
script duration name:co2 seconds:0.0
Script duration 214.0
Run total estimated duration= 215.000
unknown400_120 in script context. using previous estimated duration
script duration name:unknown400_120 seconds:556.0
loading script "jan_unknown400_120.py"
loading script "jan_pump_ms.py"
loading script "jan_cocktail_x1.py"
loading script "jan_pump_extraction_line.py"
testing...
no interpolation path defined
calculate duration
testing...
no interpolation path defined
executed 0
calculate duration
testing...
no interpolation path defined
executed 0
calculate duration
testing...
no interpolation path defined
executed 32.0
calculate duration
testing...
no interpolation path defined
executed 34.0
calculate duration
testing...
no interpolation path defined
executed 4.0
calculate duration
testing...
no interpolation path defined
executed 38.0
executed 108.0
script duration name:cocktail_x1 seconds:108.0
Script duration 664.0
Run total estimated duration= 665.000
script duration name:unknown400_120 seconds:556.0
cocktail_x1 in script context. using previous estimated duration
script duration name:cocktail_x1 seconds:108.0
Script duration 664.0
Run total estimated duration= 665.000
script duration name:unknown120_60 seconds:214.0
script duration name:co2 seconds:0.0
Script duration 214.0
Run total estimated duration= 215.000
script duration name:unknown120_60 seconds:214.0
script duration name:co2 seconds:0.0
Script duration 214.0
Run total estimated duration= 215.000
script duration name:unknown120_60 seconds:214.0
script duration name:co2 seconds:0.0
Script duration 214.0
Run total estimated duration= 215.000
script duration name:unknown120_60 seconds:214.0
script duration name:co2 seconds:0.0
Script duration 214.0
Run total estimated duration= 215.000
script duration name:unknown120_60 seconds:214.0
script duration name:co2 seconds:0.0
Script duration 214.0
Run total estimated duration= 215.000
script duration name:unknown120_60 seconds:214.0
script duration name:co2 seconds:0.0
Script duration 214.0
Run total estimated duration= 215.000
script duration name:unknown120_60 seconds:214.0
script duration name:co2 seconds:0.0
Script duration 214.0
Run total estimated duration= 215.000
script duration name:unknown120_60 seconds:214.0
script duration name:co2 seconds:0.0
Script duration 214.0
Run total estimated duration= 215.000
script duration name:unknown120_60 seconds:214.0
script duration name:co2 seconds:0.0
Script duration 214.0
Run total estimated duration= 215.000
script duration name:unknown120_60 seconds:214.0
script duration name:co2 seconds:0.0
Script duration 214.0
Run total estimated duration= 215.000
script duration name:unknown400_120 seconds:556.0
script duration name:co2 seconds:0.0
Script duration 556.0
Run total estimated duration= 557.000
script duration name:unknown400_120 seconds:556.0
loading script "jan_unknown400_120.py"
loading script "jan_pump_ms.py"
loading script "jan_sniffair_x2.py"
loading script "jan_pump_extraction_line.py"
testing...
no interpolation path defined
calculate duration
testing...
no interpolation path defined
executed 0
calculate duration
testing...
no interpolation path defined
executed 0
calculate duration
testing...
no interpolation path defined
executed 32.0
calculate duration
testing...
no interpolation path defined
executed 34.0
calculate duration
testing...
no interpolation path defined
executed 4.0
calculate duration
testing...
no interpolation path defined
executed 36.0
calculate duration
testing...
no interpolation path defined
executed 34.0
calculate duration
testing...
no interpolation path defined
executed 4.0
calculate duration
testing...
no interpolation path defined
executed 36.0
calculate duration
testing...
no interpolation path defined
executed 70.0
executed 250.0
script duration name:sniffair_x2 seconds:250.0
Script duration 806.0
Run total estimated duration= 807.000
loading script "jan_ic_peak_hop3.py"
loading script "jan_pump_ms.py"
loading script "jan_air_x1.py"
loading script "jan_pump_extraction_line.py"
testing...
no interpolation path defined
executed 133.8
script duration name:ic_peak_hop3 seconds:134.0
loading script "jan_ic_peak_hop3.py"
loading script "jan_pump_ms.py"
loading script "jan_air_x1.py"
loading script "jan_pump_extraction_line.py"
testing...
no interpolation path defined
calculate duration
testing...
no interpolation path defined
executed 0
calculate duration
testing...
no interpolation path defined
executed 0
calculate duration
testing...
no interpolation path defined
executed 32.0
calculate duration
testing...
no interpolation path defined
executed 34.0
calculate duration
testing...
no interpolation path defined
executed 4.0
calculate duration
testing...
no interpolation path defined
executed 36.0
executed 106.0
script duration name:air_x1 seconds:106.0
Script duration 240.0
Run total estimated duration= 241.000
script duration name:unknown120_60 seconds:214.0
script duration name:co2 seconds:0.0
Script duration 214.0
Run total estimated duration= 215.000
script duration name:unknown120_60 seconds:214.0
script duration name:co2 seconds:0.0
Script duration 214.0
Run total estimated duration= 215.000
script duration name:unknown120_60 seconds:214.0
script duration name:co2 seconds:0.0
Script duration 214.0
Run total estimated duration= 215.000
script duration name:unknown120_60 seconds:214.0
script duration name:co2 seconds:0.0
Script duration 214.0
Run total estimated duration= 215.000
script duration name:unknown120_60 seconds:214.0
script duration name:co2 seconds:0.0
Script duration 214.0
Run total estimated duration= 215.000
script duration name:unknown120_60 seconds:214.0
script duration name:co2 seconds:0.0
Script duration 214.0
Run total estimated duration= 215.000
script duration name:unknown120_60 seconds:214.0
script duration name:co2 seconds:0.0
Script duration 214.0
Run total estimated duration= 215.000
script duration name:unknown120_60 seconds:214.0
script duration name:co2 seconds:0.0
Script duration 214.0
Run total estimated duration= 215.000
script duration name:unknown120_60 seconds:214.0
script duration name:co2 seconds:0.0
Script duration 214.0
Run total estimated duration= 215.000
script duration name:unknown120_60 seconds:214.0
script duration name:co2 seconds:0.0
Script duration 214.0
Run total estimated duration= 215.000
script duration name:unknown400_120 seconds:556.0
script duration name:cocktail_x1 seconds:108.0
Script duration 664.0
Run total estimated duration= 665.000
script duration name:unknown120_60 seconds:214.0
script duration name:co2 seconds:0.0
Script duration 214.0
Run total estimated duration= 215.000
script duration name:unknown120_60 seconds:214.0
script duration name:co2 seconds:0.0
Script duration 214.0
Run total estimated duration= 215.000
script duration name:unknown120_60 seconds:214.0
script duration name:co2 seconds:0.0
Script duration 214.0
Run total estimated duration= 215.000
script duration name:unknown120_60 seconds:214.0
script duration name:co2 seconds:0.0
Script duration 214.0
Run total estimated duration= 215.000
script duration name:unknown120_60 seconds:214.0
script duration name:co2 seconds:0.0
Script duration 214.0
Run total estimated duration= 215.000
script duration name:unknown400_120 seconds:556.0
script duration name:co2 seconds:0.0
Script duration 556.0
Run total estimated duration= 557.000
script duration name:unknown120_60 seconds:214.0
script duration name:co2 seconds:0.0
Script duration 214.0
Run total estimated duration= 215.000
script duration name:unknown120_60 seconds:214.0
script duration name:co2 seconds:0.0
Script duration 214.0
Run total estimated duration= 215.000
script duration name:unknown120_60 seconds:214.0
script duration name:co2 seconds:0.0
Script duration 214.0
Run total estimated duration= 215.000
script duration name:unknown120_60 seconds:214.0
script duration name:co2 seconds:0.0
Script duration 214.0
Run total estimated duration= 215.000
script duration name:unknown120_60 seconds:214.0
script duration name:co2 seconds:0.0
Script duration 214.0
Run total estimated duration= 215.000
script duration name:unknown120_60 seconds:214.0
script duration name:co2 seconds:0.0
Script duration 214.0
Run total estimated duration= 215.000
script duration name:unknown120_60 seconds:214.0
script duration name:co2 seconds:0.0
Script duration 214.0
Run total estimated duration= 215.000
script duration name:unknown120_60 seconds:214.0
script duration name:co2 seconds:0.0
Script duration 214.0
Run total estimated duration= 215.000
script duration name:unknown120_60 seconds:214.0
script duration name:co2 seconds:0.0
Script duration 214.0
Run total estimated duration= 215.000
script duration name:unknown120_60 seconds:214.0
script duration name:co2 seconds:0.0
Script duration 214.0
Run total estimated duration= 215.000
script duration name:unknown120_60 seconds:214.0
script duration name:co2 seconds:0.0
Script duration 214.0
Run total estimated duration= 215.000
script duration name:unknown120_60 seconds:214.0
script duration name:co2 seconds:0.0
Script duration 214.0
Run total estimated duration= 215.000
script duration name:unknown120_60 seconds:214.0
script duration name:co2 seconds:0.0
Script duration 214.0
Run total estimated duration= 215.000
script duration name:unknown120_60 seconds:214.0
script duration name:co2 seconds:0.0
Script duration 214.0
Run total estimated duration= 215.000
script duration name:unknown120_60 seconds:214.0
script duration name:co2 seconds:0.0
Script duration 214.0
Run total estimated duration= 215.000
script duration name:unknown400_120 seconds:556.0
script duration name:co2 seconds:0.0
Script duration 556.0
Run total estimated duration= 557.000
script duration name:unknown400_120 seconds:556.0
script duration name:cocktail_x1 seconds:108.0
Script duration 664.0
Run total estimated duration= 665.000
script duration name:unknown400_120 seconds:556.0
script duration name:cocktail_x1 seconds:108.0
Script duration 664.0
Run total estimated duration= 665.000
script duration name:unknown400_120 seconds:556.0
sniffair_x2 in script context. using previous estimated duration
script duration name:sniffair_x2 seconds:250.0
Script duration 806.0
Run total estimated duration= 807.000
script duration name:unknown400_120 seconds:556.0
script duration name:sniffair_x2 seconds:250.0
Script duration 806.0
Run total estimated duration= 807.000
ic_peak_hop3 in script context. using previous estimated duration
script duration name:ic_peak_hop3 seconds:134.0
air_x1 in script context. using previous estimated duration
script duration name:air_x1 seconds:106.0
Script duration 240.0
Run total estimated duration= 241.000
script duration name:unknown120_60 seconds:214.0
script duration name:co2 seconds:0.0
Script duration 214.0
Run total estimated duration= 215.000
script duration name:unknown120_60 seconds:214.0
script duration name:co2 seconds:0.0
Script duration 214.0
Run total estimated duration= 215.000
script duration name:unknown120_60 seconds:214.0
script duration name:co2 seconds:0.0
Script duration 214.0
Run total estimated duration= 215.000
script duration name:unknown120_60 seconds:214.0
script duration name:co2 seconds:0.0
Script duration 214.0
Run total estimated duration= 215.000
script duration name:unknown120_60 seconds:214.0
script duration name:co2 seconds:0.0
Script duration 214.0
Run total estimated duration= 215.000
script duration name:unknown120_60 seconds:214.0
script duration name:co2 seconds:0.0
Script duration 214.0
Run total estimated duration= 215.000
script duration name:unknown120_60 seconds:214.0
script duration name:co2 seconds:0.0
Script duration 214.0
Run total estimated duration= 215.000
script duration name:unknown120_60 seconds:214.0
script duration name:co2 seconds:0.0
Script duration 214.0
Run total estimated duration= 215.000
script duration name:unknown120_60 seconds:214.0
script duration name:co2 seconds:0.0
Script duration 214.0
Run total estimated duration= 215.000
script duration name:unknown120_60 seconds:214.0
script duration name:co2 seconds:0.0
Script duration 214.0
Run total estimated duration= 215.000
script duration name:unknown120_60 seconds:214.0
script duration name:co2 seconds:0.0
Script duration 214.0
Run total estimated duration= 215.000
script duration name:unknown120_60 seconds:214.0
script duration name:co2 seconds:0.0
Script duration 214.0
Run total estimated duration= 215.000
script duration name:unknown120_60 seconds:214.0
script duration name:co2 seconds:0.0
Script duration 214.0
Run total estimated duration= 215.000
nruns=84 before=5.0, run_dur=23506.0, btw=2490.0
write rem/ex queues
/Users/jan/PychronDev/experiments/rem/CurrentExperiment.rem.txt
/Users/jan/PychronDev/experiments/rem/CurrentExperiment.ex.txt
doing event level: 3
