do run
loading script "jan_unknown120_60.py"
loading script "jan_pump_ms.py"
loading script "jan_co2.py"
loading script "jan_pump_extraction_line.py"
testing...
no interpolation path defined
executed 213.652928
script duration name:unknown120_60 seconds:214.0
loading script "jan_unknown120_60.py"
loading script "jan_pump_ms.py"
loading script "jan_co2.py"
loading script "jan_pump_extraction_line.py"
testing...
no interpolation path defined
executed 0
loading script "jan_unknown120_60.py"
loading script "jan_pump_ms.py"
loading script "jan_co2.py"
loading script "jan_pump_extraction_line.py"
testing...
no interpolation path defined
calculate duration
testing...
no interpolation path defined
executed 0
calculate duration
testing...
no interpolation path defined
executed 0
executed 0.0
script duration name:co2 seconds:0.0
loading script "jan_unknown120_60.py"
loading script "jan_pump_ms.py"
loading script "jan_co2.py"
loading script "jan_pump_extraction_line.py"
testing...
no interpolation path defined
calculate duration
testing...
no interpolation path defined
executed 4.0
executed 4.0
Script duration 214.0
Run total estimated duration= 215.000
run duration: 0:03:35
doing event level: 2
16:27:12 -- Setting default integration. t=1.048576
setting integration time = 1.048576
SetIntegrationTime 1.048576 ===>> OK
----------------- start -----------------
**************** Experiment Type: Ar/Ar, Ar/Ar
create new session 4993924272
close session 4993924272
$$$$$ Clearing conditionals
adding conditionals 
Add queue conditionals
add default conditionals
adding default conditionals from /Users/jan/PychronDev/setupfiles/spectrometer/default_conditionals.yaml
Start automated run 25383-09
loading script "jan_unknown120_60.py"
loading script "jan_pump_ms.py"
loading script "jan_co2.py"
loading script "jan_pump_extraction_line.py"
%%%%%%%%%%%%%%%%%% setting automated run 25383-09
No value "sensitivity_multiplier" in metadata
$$$$$$$$$$$$$$$ auto_save_detector_ic=False
============================= Pre Extraction Check =============================
loading queue conditionals pre_run_terminations
loading system conditionals pre_run_terminations
loading conditionals from /Users/jan/PychronDev/setupfiles/spectrometer/default_conditionals.yaml
16:27:12 -- ******* Pre Extraction Check *******
Get a measurement from the spectrometer
GetData ===>> H2,-0.11982872213325,H1,0.0928878515860322,AX,0.0316176654042109,L1,0.000817345244361276,L2,0.007...
Pre Extraction Termination data. keys=H2,H1,AX,L1,L2,CDD, signals=-0.11983,0.09289,0.03162,0.00082,0.00764,0.00328
16:27:12 -- testing system defined conditionals
Checking default pre extraction terminations n=2
testing CDD
evaluate ot="CDD.inactive" t="CDD", ctx="{'CDD': False}"
GetDeflection CDD ===>> 50
testing CDD==2000
evaluate ot="CDD.deflection==2000" t="CDD==2000", ctx="{'CDD': 50.0}"
16:27:12 -- ******* Pre Extraction Check Passed *******
=================================================================================
16:27:12 -- stopping status monitor
stop 5064012720
Alive clients [4977824688, 4983939824]
16:27:12 -- starting status monitor
start 5064012720
Monitor already running
start extraction
do extraction
Analysis started at 16:27:12.928288
Extraction Started jan_co2.py
16:27:12 -- ******* Extraction Started jan_co2.py *******
state changed from not run to extraction
DO EXTRACTION <pychron.extraction_line.pyscript_runner.RemotePyScriptRunner object at 0x12c3c43b0>
testing...
no interpolation path defined
calculate duration
testing...
no interpolation path defined
executed 0
calculate duration
testing...
no interpolation path defined
executed 0
executed 100.0
Jan CO2 laser analysis
doing GOSUB
testing...
no interpolation path defined
executed 0
Waiting for CO2 access
wait ('FelixCO2Flag', 0) {}
waiting for FelixCO2Flag = 0
Read FelixCO2Flag ===>> 0
finished waiting
CO2 free
wait ('CO2PumpTimeFlag', 0) {}
waiting for CO2PumpTimeFlag = 0
Read CO2PumpTimeFlag ===>> 0
finished waiting
acquire ('JanCO2Flag',) {'clear': True}
acquire JanCO2Flag
Set JanCO2Flag 1 ===>> OK
JanCO2Flag acquired
set extraction state False (0.75, 'red', 1.5)
CO2 acquired
executed 0
WaitForCO2Access.py completed successfully
gosub finished
doing GOSUB
testing...
no interpolation path defined
executed 0
Prepare for CO2 analysis
close () {'description': 'Jan Inlet'}
closing name=--- desc=Jan Inlet
checking ownership. requestor=129.138.12.150
check software interlocks R
interlocks []
actuate state mode=None-script, software_lock=False
doing actuation None-script close_channel False
Close R ===>> OK
GetIndicatorState R ===>> False
change switch state (True, True)
update switch state R False args=() kw={} ncanvase=3
16:27:13 -- CLOSE  VALVE-R (Jan Inlet)
---------------------------------------- close None (Jan Inlet) result=[(True, True)]
action=close, ok=True, locked=[False]
open () {'description': 'Jan Ion Pump'}
opening name=--- desc=Jan Ion Pump
checking ownership. requestor=129.138.12.150
check software interlocks O
interlocks []
actuate state mode=None-script, software_lock=False
doing actuation None-script open_channel False
Open O ===>> OK
GetIndicatorState O ===>> OK
change switch state (True, True)
update switch state O True args=() kw={} ncanvase=3
16:27:13 -- OPEN   VALVE-O (Jan Ion Pump)
---------------------------------------- open None (Jan Ion Pump) result=[(True, True)], time=0.10 sec
action=open, ok=True, locked=[False]
close () {'description': 'Microbone to Minibone'}
closing name=--- desc=Microbone to Minibone
checking ownership. requestor=129.138.12.150
check software interlocks L
interlocks []
actuate state mode=None-script, software_lock=False
doing actuation None-script close_channel False
Close L ===>> OK
GetIndicatorState L ===>> False
change switch state (True, True)
update switch state L False args=() kw={} ncanvase=3
16:27:14 -- CLOSE  VALVE-L (Microbone to Minibone)
---------------------------------------- close None (Microbone to Minibone) result=[(True, True)]
action=close, ok=True, locked=[False]
open () {'description': 'Microbone to Turbo'}
opening name=--- desc=Microbone to Turbo
checking ownership. requestor=129.138.12.150
check software interlocks U
interlocks []
actuate state mode=None-script, software_lock=False
doing actuation None-script open_channel False
Open U ===>> OK
GetIndicatorState U ===>> OK
change switch state (True, True)
update switch state U True args=() kw={} ncanvase=3
16:27:14 -- OPEN   VALVE-U (Microbone to Turbo)
---------------------------------------- open None (Microbone to Turbo) result=[(True, True)], time=0.13 sec
action=open, ok=True, locked=[False]
open () {'description': 'Microbone to Inlet Pipette'}
opening name=--- desc=Microbone to Inlet Pipette
checking ownership. requestor=129.138.12.150
check software interlocks S
interlocks []
actuate state mode=None-script, software_lock=False
doing actuation None-script open_channel False
Open S ===>> OK
GetIndicatorState S ===>> OK
change switch state (True, True)
update switch state S True args=() kw={} ncanvase=3
16:27:15 -- OPEN   VALVE-S (Microbone to Inlet Pipette)
---------------------------------------- open None (Microbone to Inlet Pipette) result=[(True, True)], time=0.41 sec
action=open, ok=True, locked=[False]
open () {'description': 'Microbone to Getter D-50'}
opening name=--- desc=Microbone to Getter D-50
checking ownership. requestor=129.138.12.150
check software interlocks K
interlocks []
actuate state mode=None-script, software_lock=False
doing actuation None-script open_channel False
Open K ===>> OK
Get Checksum: 1864646427
GetIndicatorState K ===>> OK
change switch state (True, True)
update switch state K True args=() kw={} ncanvase=3
16:27:16 -- OPEN   VALVE-K (Microbone to Getter D-50)
---------------------------------------- open None (Microbone to Getter D-50) result=[(True, True)], time=0.43 sec
action=open, ok=True, locked=[False]
open () {'description': 'Microbone to Getter NP-10'}
opening name=--- desc=Microbone to Getter NP-10
checking ownership. requestor=129.138.12.150
check software interlocks M
interlocks []
actuate state mode=None-script, software_lock=False
doing actuation None-script open_channel False
Open M ===>> OK
GetIndicatorState M ===>> OK
change switch state (True, True)
update switch state M True args=() kw={} ncanvase=3
16:27:16 -- OPEN   VALVE-M (Microbone to Getter NP-10)
---------------------------------------- open None (Microbone to Getter NP-10) result=[(True, True)], time=0.13 sec
action=open, ok=True, locked=[False]
close () {'description': 'CO2 Laser to Felix'}
closing name=--- desc=CO2 Laser to Felix
checking ownership. requestor=129.138.12.150
check software interlocks F
interlocks []
actuate state mode=None-script, software_lock=True
VALVE-F(CO2 Laser to Felix) software locked
change switch state (True, False)
---------------------------------------- close None (CO2 Laser to Felix) result=[(True, False)]
action=close, ok=True, locked=[True]
open () {'description': 'CO2 Laser to Jan'}
opening name=--- desc=CO2 Laser to Jan
checking ownership. requestor=129.138.12.150
check software interlocks A
interlocks []
actuate state mode=None-script, software_lock=False
doing actuation None-script open_channel False
Open A ===>> OK
GetIndicatorState A ===>> OK
change switch state (True, True)
update switch state A True args=() kw={} ncanvase=3
16:27:16 -- OPEN   VALVE-A (CO2 Laser to Jan)
---------------------------------------- open None (CO2 Laser to Jan) result=[(True, True)], time=0.14 sec
action=open, ok=True, locked=[False]
open () {'description': 'Microbone to CO2 Laser'}
opening name=--- desc=Microbone to CO2 Laser
checking ownership. requestor=129.138.12.150
check software interlocks T
interlocks []
actuate state mode=None-script, software_lock=False
doing actuation None-script open_channel False
Open T ===>> OK
GetIndicatorState T ===>> OK
change switch state (True, True)
update switch state T True args=() kw={} ncanvase=3
16:27:17 -- OPEN   VALVE-T (Microbone to CO2 Laser)
---------------------------------------- open None (Microbone to CO2 Laser) result=[(True, True)], time=0.41 sec
action=open, ok=True, locked=[False]
executed 0
PrepareForCO2Analysis.py completed successfully
gosub finished
set_motor ('beam', '1.25') {}
setting motor "beam" to 1.25
set motor beam to 1.25
SetMotor beam,1.25 ===>> OK
GetMotorMoving beam ===>> False
GetMotorMoving beam ===>> False
Block completed
move_to_position ('156',) {'autocenter': True}
FusionsCO2 move to position 156
sending GoToHole 156,True
GoToHole 156,True ===>> OK
Get Checksum: 1864646427
GetDriveMoving ===>> OK
GetDriveMoving ===>> OK
GetDriveMoving ===>> OK
GetDriveMoving ===>> OK
GetDriveMoving ===>> OK
GetDriveMoving ===>> OK
GetDriveMoving ===>> False
GetDriveMoving ===>> OK
GetDriveMoving ===>> OK
GetDriveMoving ===>> OK
Get Checksum: 1864646427
GetDriveMoving ===>> OK
GetDriveMoving ===>> False
Block completed
GetAutoCorrecting ===>> False
GetAutoCorrecting ===>> False
Block completed
update position
GetPosition ===>> -9.96950,-5.98170,1.00000
got position (-9.9695, -5.9817, 1.0)
move to position succeeded
sleep (5,) {}
SLEEP 5.0
block started
WaitControl setup for 5.0  
Get Checksum: 1864646427
Get Checksum: 1864646427
Join finished
block finished. duration 5.01297020912
close () {'description': 'Microbone to Turbo'}
closing name=--- desc=Microbone to Turbo
checking ownership. requestor=129.138.12.150
check software interlocks U
interlocks []
actuate state mode=None-script, software_lock=False
doing actuation None-script close_channel True
Close U ===>> OK
GetIndicatorState U ===>> False
change switch state (True, True)
update switch state U False args=() kw={} ncanvase=3
16:27:28 -- CLOSE  VALVE-U (Microbone to Turbo)
---------------------------------------- close None (Microbone to Turbo) result=[(True, True)]
action=close, ok=True, locked=[False]
enable laser
enable () {}
set extraction state FusionsCO2 Enabled (False, 'red', 1.5)
enabling laser
Enable ===>> OK
begin interval
BEGIN INTERVAL Interval 1 waiting for 30.0
block started
WaitControl setup for 30.0  
set extract to 5.0
extract (5.0,) {}
GetPosition ===>> -9.96950,-5.98170,1.00000
set extraction state FusionsCO2 ON! 5.0(watts) (0.75, 'red', 1.5)
extract sample to 5.0 (watts)
set laser output
SetLaserOutput 5.0,watts ===>> OK
executing pattern triangle.lp
execute_pattern ('triangle.lp',) {}
executing pattern triangle.lp
IsPatterning ===>> OK
Get Checksum: 337817015
IsPatterning ===>> OK
IsPatterning ===>> OK
IsPatterning ===>> OK
Get Checksum: 337817015
IsPatterning ===>> OK
IsPatterning ===>> OK
IsPatterning ===>> OK
Get Checksum: 337817015
IsPatterning ===>> OK
IsPatterning ===>> OK
IsPatterning ===>> OK
Get Checksum: 337817015
IsPatterning ===>> OK
IsPatterning ===>> OK
set states for children of C. state=False
handle state [('C', False)]
update switch state C False args=() kw={'refresh': False} ncanvase=3
refresh_canvas_needed fired
IsPatterning ===>> OK
Get Checksum: 139093252
State checksums do not match. Local:-1452036699 Remote:139093252
State checksum failed
IsPatterning ===>> OK
set states for children of B. state=True
handle state [('B', True)]
update switch state B True args=() kw={'refresh': False} ncanvase=3
refresh_canvas_needed fired
IsPatterning ===>> OK
IsPatterning ===>> OK
Get Checksum: 139093252
IsPatterning ===>> OK
IsPatterning ===>> OK
IsPatterning ===>> OK
Get Checksum: 139093252
IsPatterning ===>> OK
IsPatterning ===>> OK
IsPatterning ===>> OK
Get Checksum: 139093252
IsPatterning ===>> OK
IsPatterning ===>> OK
IsPatterning ===>> OK
Get Checksum: 139093252
IsPatterning ===>> OK
IsPatterning ===>> False
IsPatterning ===>> False
Block completed
COMPLETE INTERVAL waiting for Interval 1 to complete
Get Checksum: 139093252
Join finished
block finished. duration 30.0450189114
Interval 1 finished
end_extract () {}
ending extraction. set laser power to 0
set laser power 0
SetLaserPower 0 ===>> OK
disable () {}
%%%%%%%%%%%%%%%%%%%%%%%%%%%%%%%%%%% disable
set extraction state False (0.75, 'red', 1.5)
disabling laser
Disable ===>> OK
sleep (30.0,) {}
SLEEP 30.0
block started
WaitControl setup for 30.0  
Get Checksum: 139093252
set states for children of B. state=False
handle state [('B', False)]
update switch state B False args=() kw={'refresh': False} ncanvase=3
refresh_canvas_needed fired
Get Checksum: -1452036699
Get Checksum: -1452036699
Get Checksum: -1452036699
Get Checksum: -1452036699
Get Checksum: -1452036699
Get Checksum: -1452036699
Get Checksum: -1452036699
Get Checksum: -1452036699
Join finished
block finished. duration 30.055973053
executed 166.5
jan_co2.py completed successfully
GetAchievedOutput ===>> No Response
Requested Output= 0.000
Achieved Output=  0.000
GetResponseBlob ===>> No Response
GetOutputBlob ===>> No Response
persistence save...
persistence save - db
AutomatedRunPersister post_extraction_save deprecated
persistence save - dvc
no extraction position for 156
create new session 4983587952
close session 4983587952
Extraction Finished
16:28:29 -- ******* Extraction Finished *******
no overlap. not waiting for min ms pumptime
16:28:29 -- Sending spectrometer configuration
======== Sending configuration ========
SetDeflection CDD,50.0 ===>> OK
SetDeflection H2,0.0 ===>> OK
SetDeflection H1,0.0 ===>> OK
SetDeflection L2,825.0 ===>> OK
SetDeflection L1,400.0 ===>> OK
SetDeflection AX,190.0 ===>> OK
SetZFocus 74.64 ===>> OK
SetZSymmetry -50.72 ===>> OK
SetExtractionLens 26.13 ===>> OK
SetIonRepeller -3.81 ===>> OK
SetElectronEnergy 75.08 ===>> OK
SetYSymmetry -2.81 ===>> OK
SetIonCounterVoltage 1590.0 ===>> OK
send trap current 200.0
GetParameter Trap Current Readback ===>> 198.035158395898
SetParameter Trap Current Set,200.0 ===>> OK
updating mftable name mftable
Using mftable located at /Users/jan/PychronDev/setupfiles/spectrometer/mftables/mftable.csv
============ MFtable ===========
Isotope  H2     H1     AX     L1     L2     CDD    
Ar40     5.7850 5.8797 5.9930 6.1249 6.2314 6.3531
Ar39     5.6842 5.7720 5.8855 6.0110 6.1165 6.2396
Ar36     5.3617 5.4410 5.5488 5.6698 5.7715 5.8907
================================
get initial guess parabolic
get initial guess parabolic
get initial guess parabolic
get initial guess parabolic
get initial guess parabolic
get initial guess parabolic
======== Configuration Finished ========
GetYSymmetry ===>> -2.81
GetZSymmetry ===>> -50.72
GetParameter Trap Current Readback ===>> 198.147042666178
GetHighVoltage ===>> 4500
start measurement
do measurement
L#=25383 analysis type=unknown
Measurement Started jan_unknown120_60.py
16:28:30 -- ******* Measurement Started jan_unknown120_60.py *******
state changed from extraction to measurement
setting spec, defl, and gains
GetExtractionLens ===>> 26.13
GetYSymmetry ===>> -2.81
GetZSymmetry ===>> -50.72
GetZFocus ===>> 74.64
GetDeflection H2 ===>> 0
GetDeflection H1 ===>> 0
GetDeflection AX ===>> 190
GetDeflection L1 ===>> 400
GetDeflection L2 ===>> 825
GetDeflection CDD ===>> 50
GetGain H2 ===>> 0.0113
GetGain H1 ===>> 0.1
GetGain AX ===>> 0.097049
GetGain L1 ===>> 0.010355
GetGain L2 ===>> 0.095649
GetGain CDD ===>> 0
pre measurement save
New frame /Users/jan/PychronDev/data/isotopes/40/cf589b-3c66-4325-98bf-cc7b246921dc.h5
flush and close file /Users/jan/PychronDev/data/isotopes/40/cf589b-3c66-4325-98bf-cc7b246921dc.h5
testing...
no interpolation path defined
executed 226.132928
unknown measurement script
activate_detectors ('H2', 'H1', 'AX', 'L1', 'L2', 'CDD') {}
activate detectors
*************** Set Analysis View Ar/Ar
create graphs
clearing graphs
clear isotope group
setting isotope det=H2, iso=PM41
setting isotope det=H1, iso=Ar40
setting isotope det=AX, iso=Ar39
setting isotope det=L1, iso=Ar38
setting isotope det=L2, iso=Ar37
setting isotope det=CDD, iso=Ar36
setting previous blanks
 - setting Ar40 blank 0.835+/-0.007
 - setting Ar36 blank 0.00679+/-0.00020
 - setting Ar37 blank 0.051+/-0.005
 - setting Ar38 blank 0.0190+/-0.0023
 - setting PM41 blank 0.02+/-0.07
 - setting Ar39 blank 0.026+/-0.009
load analysis view
position_magnet ('Ar40',) {'detector': 'H1'}
detector Detector(H1)
POSITION Ar40 H1
setting detector H2 to PM41 (40.9624)
setting detector H1 to Ar40 (39.9624)
setting detector AX to Ar39 (38.9624)
setting detector L1 to Ar38 (37.9624)
setting detector L2 to Ar37 (36.9624)
setting detector CDD to Ar36 (35.9624)
Mapping mass to dac mass func: "parabolic"
H1 map mass coeffs = [-0.00063987  0.15840543  0.57128999]
H1 map mass to dac 39.9624 >> 5.87968
GetDeflection H1 ===>> 0
GetHighVoltage ===>> 4500
positioning Ar40 (5.87968) on H1
setting magnet DAC
current  : 5.879681
requested: 5.879680
Delta Dac: 0.000001
Checking detector protection. dv=0.00000
Checking detector "CDD". Protection Threshold: 0.1 (V)
SetMagnetDAC 5.87968 ===>> OK
Magnet settling time: 0.500
Get Checksum: -1452036699
equilibrate () {'delay': 3, 'inlet': 'R', 'outlet': 'O', 'eqtime': 12.0}
Equilibration Started
16:28:31 -- ******* Equilibration Started *******
checking ownership. requestor=129.138.12.150
check software interlocks O
interlocks []
actuate state mode=None-script, software_lock=False
doing actuation None-script close_channel True
Close O ===>> OK
GetIndicatorState O ===>> False
change switch state (True, True)
update switch state O False args=() kw={} ncanvase=3
16:28:31 -- CLOSE  VALVE-O (Jan Ion Pump)
waiting 3s before opening inlet value ('R',)
Get Checksum: 1601233651
checking ownership. requestor=129.138.12.150
check software interlocks R
interlocks []
actuate state mode=None-script, software_lock=False
doing actuation None-script open_channel True
Open R ===>> OK
GetIndicatorState R ===>> OK
change switch state (True, True)
update switch state R True args=() kw={} ncanvase=3
16:28:34 -- OPEN   VALVE-R (Jan Inlet)
set_time_zero () {}
equilibrating for 12.0sec
sniff (12.0,) {}
py_sniff
build tables- sniff [Detector(H2), Detector(H1), Detector(AX), Detector(L1), Detector(L2), Detector(CDD)]
add group /sniff/PM41 (Group) '' table H2
add group /sniff/Ar40 (Group) '' table H1
add group /sniff/Ar39 (Group) '' table AX
add group /sniff/Ar38 (Group) '' table L1
add group /sniff/Ar37 (Group) '' table L2
add group /sniff/Ar36 (Group) '' table CDD
flush and close file /Users/jan/PychronDev/data/isotopes/40/cf589b-3c66-4325-98bf-cc7b246921dc.h5
measuring sniff. ncounts=12.0
starting measurement
GetData ===>> H2,-0.0821115218271232,H1,18.9295417470146,AX,5.09021741760734,L1,-0.00284277475503273,L2,0.02430...
GetData ===>> H2,0.934218412184311,H1,594.469639446899,AX,154.206546966783,L1,0.740237903098425,L2,1.0157653064...
Get Checksum: 1554461685
GetData ===>> H2,0.666587667309377,H1,1050.87685761104,AX,263.71492216642,L1,2.07689849974769,L2,1.158834132964...
GetData ===>> H2,0.302179572032824,H1,1193.52955200597,AX,293.735522207341,L1,2.93954052014903,L2,1.06969200487...
GetData ===>> H2,0.213238007867009,H1,1243.04838648998,AX,302.764526339221,L1,3.38715061195599,L2,1.04691239164...
Get Checksum: 1554461685
GetData ===>> H2,0.177447460228404,H1,1261.73279698535,AX,306.08032191706,L1,3.58295721801546,L2,1.239677814655...
GetData ===>> H2,0.100833977363161,H1,1269.01996803069,AX,307.689938496041,L1,3.7321732984907,L2,1.035845372203...
GetData ===>> H2,0.0129702323420244,H1,1272.77660465947,AX,308.435479384293,L1,3.82632629674317,L2,1.0817142070...
Get Checksum: 1554461685
GetData ===>> H2,0.0121537355666936,H1,1274.91608832458,AX,308.554595629434,L1,3.87286073069129,L2,1.0852902138...
GetData ===>> H2,-0.0691235542648827,H1,1275.07876939626,AX,308.559424229982,L1,3.94037237873507,L2,1.133177959...
Get Checksum: 1554461685
GetData ===>> H2,-0.0628894995931065,H1,1274.9293646873,AX,308.942495727687,L1,3.99691612203862,L2,1.1850650067...
Equilibration Finished
16:28:46 -- ******* Equilibration Finished *******
checking ownership. requestor=129.138.12.150
check software interlocks R
interlocks []
actuate state mode=None-script, software_lock=False
doing actuation None-script close_channel True
GetData ===>> H2,-0.101226453683664,H1,1275.03445392425,AX,308.990344493577,L1,3.97806768274451,L2,1.1380402937...
Close R ===>> OK
GetIndicatorState R ===>> False
change switch state (True, True)
update switch state R False args=() kw={} ncanvase=3
16:28:47 -- CLOSE  VALVE-R (Jan Inlet)
Post Equilibration Started jan_pump_extraction_line.py
16:28:47 -- ******* Post Equilibration Started jan_pump_extraction_line.py *******
testing...
no interpolation path defined
calculate duration
testing...
no interpolation path defined
executed 4.0
executed 4.0
Pump after analysis
doing GOSUB
testing...
no interpolation path defined
executed 4.0
Pump Microbone
close () {'description': 'Jan Inlet'}
closing name=--- desc=Jan Inlet
checking ownership. requestor=129.138.12.150
check software interlocks R
interlocks []
actuate state mode=None-script, software_lock=False
doing actuation None-script close_channel False
Close R ===>> OK
measurement finished
estimated time: 12.583 actual time: :12.663
flush and close file /Users/jan/PychronDev/data/isotopes/40/cf589b-3c66-4325-98bf-cc7b246921dc.h5
set_fits () {}
using default fits file=/Users/jan/PychronDev/scripts/measurement/fits/nominal_linear.yaml
set "Ar40" to "('Linear', 'SEM')"
No fit for "PM41". defaulting to linear. check the measurement script "jan_unknown120_60.py"
set "PM41" to "linear"
set "Ar36" to "('Linear', 'SEM')"
set "Ar37" to "('linear', 'SEM')"
set "Ar38" to "('linear', 'SEM')"
set "Ar39" to "('Linear', 'SEM')"
set_baseline_fits () {}
using default fits file=/Users/jan/PychronDev/scripts/measurement/fits/nominal_linear.yaml
set "H1" to "('average', 'SEM')"
set "H2" to "('average', 'SEM')"
set "CDD" to "('average', 'SEM')"
set "L2" to "('average', 'SEM')"
set "L1" to "('average', 'SEM')"
set "AX" to "('average', 'SEM')"
multicollect () {'integration_time': 1, 'ncounts': 120}
build tables- signal [Detector(H2), Detector(H1), Detector(AX), Detector(L1), Detector(L2), Detector(CDD)]
add group /signal/PM41 (Group) '' table H2
add group /signal/Ar40 (Group) '' table H1
add group /signal/Ar39 (Group) '' table AX
add group /signal/Ar38 (Group) '' table L1
add group /signal/Ar37 (Group) '' table L2
add group /signal/Ar36 (Group) '' table CDD
flush and close file /Users/jan/PychronDev/data/isotopes/40/cf589b-3c66-4325-98bf-cc7b246921dc.h5
GetIndicatorState R ===>> False
change switch state (True, True)
measuring signal. ncounts=120
update switch state R False args=() kw={} ncanvase=3
16:28:48 -- CLOSE  VALVE-R (Jan Inlet)
---------------------------------------- close None (Jan Inlet) result=[(True, True)]
action=close, ok=True, locked=[False]
is_closed ('F',) {}
is F () closed?
is closed True
open () {'description': 'CO2 Laser to Jan'}
opening name=--- desc=CO2 Laser to Jan
checking ownership. requestor=129.138.12.150
check software interlocks A
interlocks []
actuate state mode=None-script, software_lock=False
doing actuation None-script open_channel False
Open A ===>> OK
GetIndicatorState A ===>> OK
change switch state (True, True)
update switch state A True args=() kw={} ncanvase=3
16:28:48 -- OPEN   VALVE-A (CO2 Laser to Jan)
---------------------------------------- open None (CO2 Laser to Jan) result=[(True, True)], time=0.13 sec
starting measurement
GetData ===>> H2,0.106283726262459,H1,1275.31593168825,AX,308.782433053502,L1,4.02351750029938,L2,1.15400515746...
action=open, ok=True, locked=[False]
sleep (1,) {}
SLEEP 1.0
Get Checksum: 1601233651
GetData ===>> H2,-0.00197051226253644,H1,1274.98372301161,AX,308.615784749376,L1,4.04252020475886,L2,1.03882394...
close () {'description': 'CO2 Laser to Roughing'}
closing name=--- desc=CO2 Laser to Roughing
checking ownership. requestor=129.138.12.150
check software interlocks G
interlocks []
actuate state mode=None-script, software_lock=True
VALVE-G(CO2 Laser to Roughing) software locked
change switch state (True, False)
---------------------------------------- close None (CO2 Laser to Roughing) result=[(True, False)]
action=close, ok=True, locked=[True]
open () {'description': 'Microbone to Turbo'}
opening name=--- desc=Microbone to Turbo
checking ownership. requestor=129.138.12.150
check software interlocks U
interlocks []
actuate state mode=None-script, software_lock=False
doing actuation None-script open_channel True
Open U ===>> OK
GetIndicatorState U ===>> OK
change switch state (True, True)
update switch state U True args=() kw={} ncanvase=3
16:28:49 -- OPEN   VALVE-U (Microbone to Turbo)
---------------------------------------- open None (Microbone to Turbo) result=[(True, True)], time=0.18 sec
action=open, ok=True, locked=[False]
open () {'description': 'Microbone to Getter NP-10'}
opening name=--- desc=Microbone to Getter NP-10
checking ownership. requestor=129.138.12.150
check software interlocks M
interlocks []
actuate state mode=None-script, software_lock=False
doing actuation None-script open_channel False
Open M ===>> OK
GetIndicatorState M ===>> OK
change switch state (True, True)
update switch state M True args=() kw={} ncanvase=3
16:28:50 -- OPEN   VALVE-M (Microbone to Getter NP-10)
---------------------------------------- open None (Microbone to Getter NP-10) result=[(True, True)], time=0.14 sec
action=open, ok=True, locked=[False]
open () {'description': 'Microbone to Getter D-50'}
opening name=--- desc=Microbone to Getter D-50
checking ownership. requestor=129.138.12.150
check software interlocks K
interlocks []
actuate state mode=None-script, software_lock=False
doing actuation None-script open_channel False
GetData ===>> H2,-0.0129000109855222,H1,1273.47231579156,AX,308.547008015784,L1,4.04083034107581,L2,1.137421020...
Open K ===>> OK
GetIndicatorState K ===>> OK
change switch state (True, True)
update switch state K True args=() kw={} ncanvase=3
16:28:51 -- OPEN   VALVE-K (Microbone to Getter D-50)
---------------------------------------- open None (Microbone to Getter D-50) result=[(True, True)], time=0.42 sec
action=open, ok=True, locked=[False]
open () {'description': 'Microbone to CO2 Laser'}
opening name=--- desc=Microbone to CO2 Laser
checking ownership. requestor=129.138.12.150
check software interlocks T
interlocks []
actuate state mode=None-script, software_lock=False
doing actuation None-script open_channel False
Open T ===>> OK
GetIndicatorState T ===>> OK
change switch state (True, True)
update switch state T True args=() kw={} ncanvase=3
16:28:51 -- OPEN   VALVE-T (Microbone to CO2 Laser)
---------------------------------------- open None (Microbone to CO2 Laser) result=[(True, True)], time=0.40 sec
GetData ===>> H2,-0.0346281424587041,H1,1273.19125135798,AX,308.391161241994,L1,4.04246545696509,L2,1.207936010...
action=open, ok=True, locked=[False]
open () {'description': 'Microbone to Inlet Pipette'}
opening name=--- desc=Microbone to Inlet Pipette
checking ownership. requestor=129.138.12.150
check software interlocks S
interlocks []
actuate state mode=None-script, software_lock=False
doing actuation None-script open_channel False
Open S ===>> OK
Get Checksum: 968834110
GetIndicatorState S ===>> OK
change switch state (True, True)
update switch state S True args=() kw={} ncanvase=3
16:28:52 -- OPEN   VALVE-S (Microbone to Inlet Pipette)
---------------------------------------- open None (Microbone to Inlet Pipette) result=[(True, True)], time=0.43 sec
action=open, ok=True, locked=[False]
sleep (1,) {}
SLEEP 1.0
GetData ===>> H2,-0.0366727636323195,H1,1272.7232289665,AX,308.196901282728,L1,4.00093215534198,L2,1.1611512096...
set_resource () {'name': 'CO2PumpTimeFlag', 'value': 30}
Set CO2PumpTimeFlag 30 ===>> OK
release ('JanCO2Flag',) {}
release JanCO2Flag
Set JanCO2Flag 0 ===>> OK
executed 6.0
PumpMicrobone.py completed successfully
gosub finished
get_resource_value () {'name': 'JanMiniboneFlag'}
Read JanMiniboneFlag ===>> 0
Get Resource Value JanMiniboneFlag=0.0
get resource value 0.0
get_resource_value () {'name': 'JanMiniboneFlag'}
Read JanMiniboneFlag ===>> 0
Get Resource Value JanMiniboneFlag=0.0
executed 4.0
jan_pump_extraction_line.py completed successfully
Post Equilibration Finished
16:28:53 -- ******* Post Equilibration Finished *******
GetData ===>> H2,-0.185460832878089,H1,1272.88629243285,AX,308.015081420004,L1,3.97941814673525,L2,1.1182713895...
GetData ===>> H2,-0.227874201091041,H1,1272.32204444266,AX,308.042705877459,L1,4.00623571134055,L2,1.0927979685...
Get Checksum: 968834110
GetData ===>> H2,-0.0245993008424267,H1,1271.5684763432,AX,307.917431430684,L1,4.01289326647985,L2,1.1491420161...
GetData ===>> H2,0.0172101499526705,H1,1270.80016997652,AX,308.060324796001,L1,4.01355260158676,L2,1.0566285889...
GetData ===>> H2,-0.00444885559218717,H1,1270.47763746537,AX,307.325895798063,L1,3.98010493004756,L2,1.23960899...
Get Checksum: 968834110
GetData ===>> H2,-0.039167627651216,H1,1269.69853144249,AX,307.484392464968,L1,3.97239589378057,L2,1.0976009464...
GetData ===>> H2,-0.0993189486491284,H1,1268.85158695606,AX,307.423582800075,L1,3.95406044796191,L2,1.113650821...
GetData ===>> H2,-0.148391646340498,H1,1268.11805563717,AX,307.434564558229,L1,3.95157772967324,L2,1.0841096584...
Get Checksum: 968834110
GetData ===>> H2,-0.172859597862496,H1,1268.17572676606,AX,307.256995398124,L1,3.96772052977387,L2,1.1079872029...
GetData ===>> H2,-0.134247093125119,H1,1267.41624648324,AX,307.121169588498,L1,3.97485786969143,L2,1.0861498507...
GetData ===>> H2,-0.00189705150285577,H1,1267.06453293764,AX,306.964378905928,L1,3.98185798526932,L2,1.18515670...
Get Checksum: 968834110
GetData ===>> H2,0.110292622362896,H1,1266.6768710187,AX,306.758773465768,L1,3.97953739709863,L2,1.158776780289...
set states for children of V. state=False
handle state [('V', False)]
update switch state V False args=() kw={'refresh': False} ncanvase=3
refresh_canvas_needed fired
GetData ===>> H2,0.0204172358556306,H1,1266.48081215781,AX,306.444729745686,L1,3.91885972394129,L2,1.1160470687...
Get Checksum: 2052577745
GetData ===>> H2,-0.062615647289608,H1,1265.74779086832,AX,306.679674334346,L1,3.91619739881558,L2,1.0722819805...
GetData ===>> H2,-0.171065282765922,H1,1265.05936066904,AX,306.700380535611,L1,3.98184505196175,L2,1.0350320079...
GetData ===>> H2,-0.0720838166124767,H1,1264.26682764629,AX,306.565127837511,L1,3.98085066583973,L2,1.090723247...
set states for children of H. state=True
handle state [('H', True)]
update switch state H True args=() kw={'refresh': False} ncanvase=3
refresh_canvas_needed fired
Get Checksum: 1671910529
GetData ===>> H2,-0.0124039369071582,H1,1264.53208711508,AX,306.552879295984,L1,3.93549037281527,L2,1.051002699...
GetData ===>> H2,-0.0108965548058429,H1,1263.50285115727,AX,306.293408787449,L1,3.93283440908897,L2,1.029430291...
GetData ===>> H2,-0.114026631296204,H1,1263.65151014522,AX,306.146066958979,L1,3.94422304225203,L2,1.0889236647...
Get Checksum: 1671910529
16:29:13 -- collecting point 25
GetData ===>> H2,-0.00500375663382499,H1,1262.8633019008,AX,305.89484865885,L1,3.95545165710113,L2,1.0738749648...
GetData ===>> H2,-0.112057197624969,H1,1262.36477702187,AX,305.695958265559,L1,3.98314132574615,L2,1.1301849933...
GetData ===>> H2,-0.161360264347076,H1,1261.63887148042,AX,305.693811541207,L1,3.99228530517081,L2,1.0182392923...
Get Checksum: 1671910529
GetData ===>> H2,-0.168189738623752,H1,1261.2160674477,AX,305.681557675701,L1,3.99002598262853,L2,1.02434435376...
GetData ===>> H2,-0.180361281149985,H1,1260.89594831237,AX,305.63960794759,L1,3.90483734453968,L2,1.19783541333...
GetData ===>> H2,-0.143701274865414,H1,1260.15048077777,AX,305.426133363195,L1,3.8815006051911,L2,1.07759967128...
Get Checksum: 1671910529
GetData ===>> H2,-0.148284945745043,H1,1260.2562387947,AX,305.293086575299,L1,3.90322009064094,L2,1.11050942123...
GetData ===>> H2,-0.140416049294227,H1,1259.72849115771,AX,304.851787385452,L1,3.90021678706576,L2,1.0466947050...
GetData ===>> H2,-0.00337433813476908,H1,1258.98667412217,AX,305.19528552842,L1,3.88168376916801,L2,1.076682807...
Get Checksum: 1671910529
GetData ===>> H2,0.0202839095199075,H1,1258.31768151096,AX,305.116416286334,L1,3.96402778566617,L2,1.0311256643...
GetData ===>> H2,-0.00246704018243455,H1,1257.49941374588,AX,304.684206004202,L1,3.96907668714487,L2,1.08084314...
GetData ===>> H2,-0.154099688770588,H1,1257.09078086212,AX,304.824251399286,L1,3.90772860259056,L2,1.1000885017...
Get Checksum: 1671910529
GetData ===>> H2,-0.0754540250515438,H1,1256.80321222813,AX,304.600650171652,L1,3.89544479140286,L2,1.087628444...
GetData ===>> H2,-0.0622536640844908,H1,1256.12407501828,AX,304.45747214355,L1,3.91389741499661,L2,1.0421577707...
GetData ===>> H2,-0.171584718998877,H1,1255.85796957017,AX,304.070952206853,L1,3.92910470939014,L2,1.1158980181...
Get Checksum: 1671910529
GetData ===>> H2,-0.0208125330672277,H1,1254.97343478861,AX,304.039746767557,L1,3.93770174009931,L2,1.156046832...
GetData ===>> H2,-0.0229771946190896,H1,1255.22157529932,AX,304.050623648764,L1,3.90880333063661,L2,1.137214596...
Get Checksum: 1671910529
GetData ===>> H2,-0.0773298468882123,H1,1254.54908266168,AX,303.939103631498,L1,3.88430990357591,L2,1.025661631...
GetData ===>> H2,-0.0727874944852359,H1,1253.8922210882,AX,304.000284908796,L1,3.87920270702489,L2,1.0404965730...
GetData ===>> H2,-0.0427230184926265,H1,1254.24757937456,AX,303.382245271127,L1,3.84508227750892,L2,1.089852107...
set states for children of H. state=False
handle state [('H', False)]
update switch state H False args=() kw={'refresh': False} ncanvase=3
refresh_canvas_needed fired
Get Checksum: 2052577745
GetData ===>> H2,-0.0730816975714804,H1,1253.3421357769,AX,303.380701741344,L1,3.85061080945268,L2,1.1869449243...
GetData ===>> H2,-0.199706361267317,H1,1252.29222460253,AX,303.74302764705,L1,3.90545765995794,L2,1.13887746575...
set states for children of C. state=True
handle state [('C', True)]
update switch state C True args=() kw={'refresh': False} ncanvase=3
refresh_canvas_needed fired
GetData ===>> H2,-0.177489411609619,H1,1251.81483628058,AX,303.854633535938,L1,3.88597747492674,L2,1.0394654992...
Get Checksum: -110011688
State checksums do not match. Local:-1990985319 Remote:-110011688
State checksum failed
GetData ===>> H2,-0.160269111105055,H1,1251.85940774053,AX,303.580098740701,L1,3.90108318533737,L2,1.0988160575...
set states for children of B. state=True
set states for children of D. state=True
handle state [('B', True), ('D', True)]
update switch state B True args=() kw={'refresh': True} ncanvase=3
update switch state D True args=() kw={'refresh': False} ncanvase=3
refresh_canvas_needed fired
GetData ===>> H2,-0.196183870236171,H1,1251.44142611468,AX,303.110769893863,L1,3.89661868038689,L2,1.0874679755...
16:29:40 -- collecting point 50
GetData ===>> H2,-0.143821530391538,H1,1250.60811998156,AX,302.94760085643,L1,3.88686932696793,L2,1.05155267002...
Get Checksum: -110011688
GetData ===>> H2,-0.114603184357046,H1,1250.05825990346,AX,302.958365350136,L1,3.91409095821299,L2,1.0766140426...
GetData ===>> H2,-0.0620326724233613,H1,1249.50587716408,AX,303.243483526544,L1,3.87929999392455,L2,1.056399422...
GetData ===>> H2,-0.143821530391538,H1,1249.05126368753,AX,302.886403329859,L1,3.85296421015928,L2,1.0851068256...
Get Checksum: -110011688
GetData ===>> H2,-0.0903023658027185,H1,1248.17114272125,AX,302.607439007683,L1,3.87181177695939,L2,1.118065007...
GetData ===>> H2,-0.134028015256993,H1,1247.90808935864,AX,302.243988195326,L1,3.89370428485786,L2,1.0049652712...
GetData ===>> H2,-0.0945873874528777,H1,1247.59939700853,AX,302.538843153621,L1,3.89943922988899,L2,1.102805398...
GetData ===>> H2,-0.0856412730707508,H1,1247.01031342376,AX,301.989771374214,L1,3.83989052268219,L2,1.076361906...
GetData ===>> H2,-0.186917425836822,H1,1245.78745989212,AX,301.822947062572,L1,3.85531664243361,L2,1.0978187482...
Get Checksum: -110011688
GetData ===>> H2,-0.17120155275778,H1,1245.37949823087,AX,301.828035862284,L1,3.89609616393882,L2,1.09502175188...
GetData ===>> H2,-0.178288425890554,H1,1245.49184901818,AX,301.942620639931,L1,3.86917620218747,L2,1.0441397889...
GetData ===>> H2,-0.0875514058286861,H1,1245.14761451723,AX,302.191754826932,L1,3.84153181142118,L2,1.013715153...
Get Checksum: -110011688
GetData ===>> H2,-0.196727419540564,H1,1245.66826835532,AX,302.087038261687,L1,3.81571173753358,L2,1.0688210552...
GetData ===>> H2,-0.164090387969936,H1,1244.95593759695,AX,301.846172956164,L1,3.81862661492873,L2,1.0119399166...
GetData ===>> H2,-0.0874707321147147,H1,1243.95408863789,AX,301.663948501964,L1,3.8194029250741,L2,1.1648907678...
Get Checksum: -110011688
GetData ===>> H2,-0.0479712262688873,H1,1243.24806326338,AX,301.559702738631,L1,3.82336089089099,L2,1.023645631...
GetData ===>> H2,-0.12666889002659,H1,1242.40947532566,AX,301.450412348092,L1,3.82941526803639,L2,1.08827032118...
Get Checksum: -110011688
GetData ===>> H2,-0.0759202986748663,H1,1242.00198992931,AX,301.376292859199,L1,3.82881112086764,L2,1.141652800...
GetData ===>> H2,0.0485348034728968,H1,1241.09522032165,AX,301.213925617555,L1,3.85432127132863,L2,1.0153186213...
GetData ===>> H2,-0.0919959755673531,H1,1241.32615239662,AX,300.986632954978,L1,3.82893251915397,L2,1.121069061...
Get Checksum: -110011688
GetData ===>> H2,-0.0282964509270204,H1,1240.87864431375,AX,301.215433042964,L1,3.84223896328308,L2,1.020667525...
GetData ===>> H2,-0.109337328788964,H1,1240.41750286847,AX,300.934291460045,L1,3.83249217785265,L2,1.0700358029...
GetData ===>> H2,-0.0588284891767675,H1,1239.71458731816,AX,300.622389431406,L1,3.85563128840859,L2,1.060558886...
Get Checksum: -110011688
GetData ===>> H2,-0.0904270240838936,H1,1239.00086779273,AX,300.336664605748,L1,3.82428027381719,L2,1.061177664...
GetData ===>> H2,-0.189358147524714,H1,1238.45442039826,AX,300.627614500737,L1,3.84442639797899,L2,1.0414130923...
16:30:06 -- collecting point 75
GetData ===>> H2,-0.120442855781142,H1,1237.93195432882,AX,300.591602137183,L1,3.830860774458,L2,1.073450930452...
Get Checksum: -110011688
GetData ===>> H2,-0.150895445479554,H1,1237.60787223173,AX,300.343861936587,L1,3.82340657284913,L2,1.0685460202...
GetData ===>> H2,-0.126609404556003,H1,1237.20211071353,AX,300.253771441549,L1,3.84036331650515,L2,1.0729925170...
GetData ===>> H2,-0.123264197102567,H1,1236.52779665619,AX,299.859360879156,L1,3.81142617845545,L2,1.0246192624...
Get Checksum: -110011688
GetData ===>> H2,-0.144963218774767,H1,1236.53550348801,AX,300.024925409227,L1,3.79544862023822,L2,1.1132036819...
GetData ===>> H2,-0.100124499061866,H1,1236.02932581681,AX,299.759821032221,L1,3.81374007569625,L2,1.0747344996...
GetData ===>> H2,-0.0563939002596521,H1,1235.74264668842,AX,300.012248589638,L1,3.76660601313696,L2,1.137719188...
Get Checksum: -110011688
GetData ===>> H2,-0.054291190025831,H1,1235.13472349996,AX,299.757581993901,L1,3.82527968310142,L2,1.1165974113...
GetData ===>> H2,-0.0437419354838711,H1,1234.33389567876,AX,299.686240533183,L1,3.8584424291993,L2,1.1072878723...
GetData ===>> H2,-0.174522307832786,H1,1234.41529108796,AX,299.454505663611,L1,3.87342030556657,L2,1.0864707838...
Get Checksum: -110011688
GetData ===>> H2,-0.116419270500338,H1,1233.82175611641,AX,299.535262072375,L1,3.85757053517113,L2,1.1034129849...
GetData ===>> H2,-0.112949237732258,H1,1232.91496401418,AX,299.111733793673,L1,3.82992660314719,L2,1.1429028739...
GetData ===>> H2,-0.134739326731917,H1,1232.44931893373,AX,298.791628900684,L1,3.79479098258281,L2,1.1584785469...
Get Checksum: -110011688
GetData ===>> H2,-0.161466943246318,H1,1232.30829250604,AX,298.724049513044,L1,3.78336014007366,L2,1.0266925575...
GetData ===>> H2,-0.123649608758555,H1,1231.99641775662,AX,298.632061902756,L1,3.84146752695614,L2,1.0954229553...
GetData ===>> H2,-0.0485074125991471,H1,1231.23869960327,AX,298.666542212992,L1,3.83787528742283,L2,1.129324962...
Get Checksum: -110011688
GetData ===>> H2,-0.112666337303432,H1,1230.87779357626,AX,298.863386453291,L1,3.8463112551172,L2,1.06770946001...
GetData ===>> H2,-0.112188503829075,H1,1230.73800293749,AX,298.854240279007,L1,3.83880359610202,L2,0.9998119173...
Get Checksum: -110011688
GetData ===>> H2,-0.146019684802519,H1,1230.27242424665,AX,298.499710883927,L1,3.80462839105208,L2,1.0593098822...
GetData ===>> H2,-0.209202989505954,H1,1229.10887830473,AX,298.74519181387,L1,3.83883930171742,L2,1.12798333084...
GetData ===>> H2,-0.200207943829298,H1,1229.27251188848,AX,298.652108691845,L1,3.81837546653438,L2,1.0481383199...
Get Checksum: -110011688
GetData ===>> H2,-0.213424446821823,H1,1228.81126004327,AX,298.341681181188,L1,3.79658138240134,L2,1.0483216376...
GetData ===>> H2,-0.133576322843869,H1,1228.12382937261,AX,297.830325003426,L1,3.82476569077288,L2,1.0390301603...
GetData ===>> H2,-0.0105648768238031,H1,1227.62229324883,AX,297.762412655516,L1,3.80789838138026,L2,0.968652712...
Get Checksum: -110011688
GetData ===>> H2,0.0123483286659141,H1,1227.43070998641,AX,297.743104785471,L1,3.80949375311337,L2,1.0842701214...
16:30:32 -- collecting point 100
GetData ===>> H2,-0.163454498054455,H1,1227.27330669018,AX,297.560340611083,L1,3.84688720307773,L2,1.0951593071...
GetData ===>> H2,-0.250106713340744,H1,1226.84890180402,AX,297.277035050544,L1,3.81769054312867,L2,1.1122291534...
Get Checksum: -110011688
GetData ===>> H2,-0.240412320382389,H1,1226.48419186709,AX,297.268737728228,L1,3.82116836170021,L2,0.8980240697...
GetData ===>> H2,-0.10240410031148,H1,1225.84934849301,AX,297.193664083871,L1,3.82290265338455,L2,1.04663741920...
GetData ===>> H2,-0.146662702895487,H1,1224.70482982492,AX,297.297970174802,L1,3.80878736820939,L2,1.0181133007...
Get Checksum: -110011688
GetData ===>> H2,-0.142190540644229,H1,1224.31718232065,AX,297.055169952127,L1,3.8170869868377,L2,1.08720434912...
GetData ===>> H2,-0.00750319686487934,H1,1223.86426883862,AX,297.074570124427,L1,3.84292043998903,L2,1.05940155...
GetData ===>> H2,-0.0305079175278348,H1,1222.86373907208,AX,296.770223221248,L1,3.80212799321495,L2,1.017964401...
Get Checksum: -110011688
GetData ===>> H2,-0.0762266191990199,H1,1222.44886217833,AX,296.637564752365,L1,3.74438981208788,L2,1.017574975...
GetData ===>> H2,-0.0673969440084096,H1,1222.62466576703,AX,296.54032313789,L1,3.75761258961285,L2,1.1340150889...
GetData ===>> H2,-0.132084528226587,H1,1222.51137726292,AX,296.318482238393,L1,3.74252317445997,L2,1.0788947568...
Get Checksum: -110011688
GetData ===>> H2,-0.154323991974152,H1,1221.56823961896,AX,296.352046386679,L1,3.77159788756318,L2,1.0721444579...
GetData ===>> H2,-0.186201291054043,H1,1220.72467746232,AX,296.228083776768,L1,3.75920609097916,L2,1.0797887199...
GetData ===>> H2,-0.206262932996118,H1,1220.25737301804,AX,296.251309200353,L1,3.78792860041133,L2,0.9954947646...
Get Checksum: -110011688
GetData ===>> H2,-0.128361391412392,H1,1220.25508726225,AX,296.089100170236,L1,3.79863002434531,L2,1.0501662917...
GetData ===>> H2,-0.08154389625062,H1,1219.79117989025,AX,296.004363509965,L1,3.81407128078167,L2,1.00534319472...
GetData ===>> H2,-0.0980028678093915,H1,1219.53342926642,AX,295.871977096413,L1,3.82264570544214,L2,1.074631355...
Get Checksum: -110011688
GetData ===>> H2,-0.191325174942416,H1,1218.82881400948,AX,295.997374013307,L1,3.7947239369559,L2,1.06933674816...
GetData ===>> H2,-0.147155748793568,H1,1218.17453720185,AX,295.757008519367,L1,3.81073395185043,L2,1.0889236647...
Get Checksum: -110011688
GetData ===>> H2,-0.177405727798462,H1,1217.81972163138,AX,295.726234714722,L1,3.79285251698778,L2,1.1821305746...
GetData ===>> H2,-0.161888247565326,H1,1217.2595513484,AX,295.728514123366,L1,3.7950406238583,L2,1.064535181364...
measurement finished
estimated time: 125.829 actual time: :126.190
flush and close file /Users/jan/PychronDev/data/isotopes/40/cf589b-3c66-4325-98bf-cc7b246921dc.h5
baselines () {'settling_time': 15.0, 'detector': 'H1', 'mass': 34.2, 'ncounts': 60}
%%%%%%%%%%%%%%%%%%%%%%%%%%%%%%%% Baseline
build tables- baseline [Detector(H2), Detector(H1), Detector(AX), Detector(L1), Detector(L2), Detector(CDD)]
add group baseline table H2
add group baseline table H1
add group baseline table AX
add group baseline table L1
add group baseline table L2
add group baseline table CDD
flush and close file /Users/jan/PychronDev/data/isotopes/40/cf589b-3c66-4325-98bf-cc7b246921dc.h5
detector Detector(H1)
POSITION 34.2 H1
Mapping mass to dac mass func: "parabolic"
H1 map mass coeffs = [-0.00063987  0.15840543  0.57128999]
H1 map mass to dac 34.2 >> 5.24033599104
GetDeflection H1 ===>> 0
GetHighVoltage ===>> 4500
positioning 34.2 (5.24033599104) on H1
setting magnet DAC
current  : 5.879680
requested: 5.240336
Delta Dac: 0.639344
Checking detector protection. dv=0.63934
Checking detector "CDD". Protection Threshold: 0.1 (V)
ProtectDetector CDD,On ===>> OK
GetDeflection CDD ===>> 2000
SetMagnetDAC 5.24033599104 ===>> OK
Magnet settling time: 0.500
GetMagnetMoving ===>> True
Get Checksum: -110011688
GetMagnetMoving ===>> True
GetMagnetMoving ===>> True
GetMagnetMoving ===>> True
GetMagnetMoving ===>> True
GetMagnetMoving ===>> True
GetMagnetMoving ===>> True
GetMagnetMoving ===>> True
GetMagnetMoving ===>> False
ProtectDetector CDD,Off ===>> OK
GetDeflection CDD ===>> 50
Delaying 15.0s for detectors to settle
Get Checksum: -110011688
Get Checksum: -110011688
Get Checksum: -110011688
Get Checksum: -110011688
Get Checksum: -110011688
Join finished
measuring baseline. ncounts=60
starting measurement
GetData ===>> H2,-0.0661001186305554,H1,0.0173669378321197,AX,-0.00772540832545826,L1,-0.0124811229532292,L2,0....
Get Checksum: -110011688
GetData ===>> H2,-0.0873014755010092,H1,-0.0396334205857716,AX,-0.0964354920763185,L1,-0.0125134870727111,L2,0....
GetData ===>> H2,-0.173095670794851,H1,-0.0417081508626403,AX,-0.0180371373378602,L1,-0.0264372588188999,L2,0.0...
GetData ===>> H2,-0.31377881268456,H1,-0.0669830197856267,AX,-0.0833387126728486,L1,-0.045237755796542,L2,-0.06...
Get Checksum: -110011688
GetData ===>> H2,-0.288335441845864,H1,-0.0804166370606872,AX,-0.149006096311045,L1,-0.0672341710523425,L2,-0.0...
GetData ===>> H2,-0.201136891505413,H1,-0.0941583030167113,AX,-0.0731382296926778,L1,-0.0876801853709354,L2,-0....
GetData ===>> H2,-0.16593035244332,H1,0.0203854385434578,AX,-0.161376160898599,L1,-0.12023185464398,L2,-0.07196...
Get Checksum: -110011688
GetData ===>> H2,-0.296741816848873,H1,0.00946915710564613,AX,-0.0154042125289299,L1,-0.113771460252154,L2,-0.0...
GetData ===>> H2,-0.359895987474934,H1,0.0443577129448648,AX,-0.151162565685912,L1,-0.0772223898569481,L2,0.030...
GetData ===>> H2,-0.272272031789603,H1,0.0969077675976983,AX,-0.162547003969755,L1,-0.033306509010789,L2,0.0289...
Get Checksum: -110011688
GetData ===>> H2,-0.17209198957643,H1,0.0241318466373876,AX,-0.172944863109256,L1,-0.0565068036427206,L2,-0.050...
GetData ===>> H2,-0.155022546407317,H1,-0.0375705714047435,AX,-0.0369294732386684,L1,-0.0160951929773361,L2,-0....
GetData ===>> H2,-0.190923438384919,H1,-0.0272437623398901,AX,-0.0122260498258146,L1,-0.0267284138123409,L2,0.0...
Get Checksum: -110011688
GetData ===>> H2,-0.149266823457105,H1,-0.0126580124566676,AX,-0.030794795087785,L1,-0.0123528641228824,L2,-0.0...
GetData ===>> H2,-0.117197310930135,H1,0.0419829010033681,AX,-0.0637597967315658,L1,0.0157975464703808,L2,-0.08...
GetData ===>> H2,-0.262209549825218,H1,0.0472218826826911,AX,-0.0676782136386037,L1,-0.0543819828016028,L2,-0.0...
GetData ===>> H2,-0.233766753207458,H1,-0.0154727625714777,AX,0.0112886186325731,L1,-0.0617241740434247,L2,-0.0...
GetData ===>> H2,-0.221007345819292,H1,-0.00730261253256688,AX,0.0489447985125746,L1,-0.0492724438554754,L2,-0....
Get Checksum: -110011688
GetData ===>> H2,-0.163952682353029,H1,-0.00718333533027398,AX,-0.0750045343462066,L1,-0.0173856845289893,L2,0....
GetData ===>> H2,-0.226663815106001,H1,0.0508260793564254,AX,-0.052212301490897,L1,-0.0670763404181364,L2,-0.02...
Get Checksum: -110011688
GetData ===>> H2,-0.184445152994579,H1,-0.00582356517824216,AX,-0.0987185554645473,L1,-0.0386741869402673,L2,0....
GetData ===>> H2,-0.102615251629343,H1,-0.0433059023349667,AX,-0.126609324105143,L1,-0.0108891592819123,L2,0.05...
GetData ===>> H2,-0.131551600282348,H1,-0.0377136605815618,AX,-0.0843702928860302,L1,-0.0210883324546446,L2,-0....
Get Checksum: -110011688
GetData ===>> H2,-0.177813343113097,H1,0.0545378214666716,AX,-0.0569543604334788,L1,-3.59739424714391E-06,L2,-0...
16:31:38 -- collecting point 25
GetData ===>> H2,-0.265164973937019,H1,0.0830713461396517,AX,0.0298653943077624,L1,0.0184890469733546,L2,0.0111...
GetData ===>> H2,-0.209359268090049,H1,0.0167226846440773,AX,-0.152785683141234,L1,0.0116614113402616,L2,-0.051...
Get Checksum: -110011688
GetData ===>> H2,-0.357342283610466,H1,0.0348588031378717,AX,-0.0957285428037278,L1,-0.0136869157717968,L2,-0.0...
GetData ===>> H2,-0.326303067038425,H1,0.075044712332706,AX,-0.109669561383234,L1,-0.00893362436325349,L2,-0.08...
GetData ===>> H2,-0.256181479049099,H1,0.0930190629143236,AX,-0.0480613609698548,L1,-0.0177370629451476,L2,-0.0...
Get Checksum: -110011688
GetData ===>> H2,-0.126314676489053,H1,0.0112944196464461,AX,-0.0684549225117827,L1,-0.0221756065116974,L2,-0.0...
GetData ===>> H2,-0.0923265387605519,H1,-0.00240020239019574,AX,-0.0943725765447963,L1,-0.0313438316537765,L2,0...
GetData ===>> H2,-0.208235630901764,H1,0.0358372924110341,AX,0.042259618238353,L1,0.00624918122768122,L2,-0.030...
Get Checksum: -110011688
GetData ===>> H2,-0.233731767679124,H1,-0.0419704700186816,AX,0.016416893288778,L1,0.0312825076005257,L2,0.0014...
GetData ===>> H2,-0.204226543047678,H1,-0.00177992900829409,AX,-0.0743901647169251,L1,0.00925254989062421,L2,-0...
GetData ===>> H2,-0.228326547886394,H1,-0.026134699853597,AX,0.00370112410692551,L1,0.0064279423940973,L2,-0.04...
Get Checksum: -110011688
GetData ===>> H2,-0.286066982110294,H1,0.0405747476611264,AX,-0.119379580997361,L1,0.029523613442555,L2,-0.0392...
GetData ===>> H2,-0.243789147373114,H1,-0.0300581023042977,AX,-0.0632960683127328,L1,0.0178440302324851,L2,-0.0...
GetData ===>> H2,-0.229372530493986,H1,0.00667764347446216,AX,-0.0299018134759064,L1,0.0451128495820311,L2,-0.0...
Get Checksum: -110011688
GetData ===>> H2,-0.216069126195366,H1,0.00586644898252793,AX,-0.110260532995156,L1,0.01814791565882,L2,-0.0171...
GetData ===>> H2,-0.181504158176654,H1,0.0661035851387439,AX,-0.0686288117086257,L1,0.00912894174433718,L2,0.04...
GetData ===>> H2,-0.04535916275552,H1,0.0164363512247025,AX,0.00111408610215956,L1,-0.00606138070983066,L2,0.07...
Get Checksum: -110011688
GetData ===>> H2,-0.19329455623909,H1,0.0115091586039952,AX,-0.0015424867524234,L1,-0.0235252452122305,L2,-0.04...
GetData ===>> H2,-0.196879824459819,H1,-0.064539266428487,AX,0.020164649467744,L1,-0.0117570984065944,L2,0.1115...
Get Checksum: -110011688
GetData ===>> H2,-0.284976239747487,H1,0.0502651528064614,AX,-0.0576731853849307,L1,-0.00636483389087308,L2,0.0...
GetData ===>> H2,-0.191826651573307,H1,0.00321818331430208,AX,-0.0929934119897867,L1,0.00523426185538089,L2,-0....
GetData ===>> H2,-0.215227581997993,H1,-0.0249540714442496,AX,-0.042657916164167,L1,0.00542380167954038,L2,-0.1...
Get Checksum: -110011688
GetData ===>> H2,-0.270643502589814,H1,-0.0206607598271401,AX,0.0141311809413671,L1,0.00782334830536482,L2,-0.0...
GetData ===>> H2,-0.209097904416067,H1,-0.0276253723966001,AX,-0.075305921802679,L1,0.0123936657239467,L2,-0.06...
GetData ===>> H2,-0.276878205920044,H1,0.021125164065139,AX,-0.011031312190949,L1,-0.019806708611755,L2,-0.0580...
Get Checksum: -110011688
16:32:04 -- collecting point 50
GetData ===>> H2,-0.254048019529167,H1,0.0241079837217885,AX,-0.0300293827792196,L1,-0.0113339274930392,L2,0.05...
GetData ===>> H2,-0.252431860499223,H1,0.0201229566076712,AX,-0.087140437316401,L1,0.0188722328866178,L2,-0.135...
GetData ===>> H2,-0.241213213666005,H1,0.0333314243628148,AX,0.0610297092643912,L1,0.0226339939518179,L2,-0.017...
Get Checksum: -110011688
GetData ===>> H2,-0.179370784374295,H1,-0.0593297003036007,AX,0.0302483382780576,L1,0.00964258553726224,L2,-0.0...
GetData ===>> H2,-0.17773641022004,H1,0.0235233440665673,AX,-0.00155408734824586,L1,-0.0156226109891894,L2,-0.0...
GetData ===>> H2,-0.145184787581197,H1,0.00840741838887844,AX,-0.10232267339109,L1,0.0246806643157259,L2,0.0030...
Get Checksum: -110011688
GetData ===>> H2,-0.189381068935429,H1,-0.0116919147219228,AX,-0.146733635985597,L1,0.0313630107805134,L2,0.008...
GetData ===>> H2,-0.191573219924237,H1,0.0230222270795057,AX,-0.0360017584491526,L1,-0.0532947466292964,L2,0.02...
GetData ===>> H2,-0.129695477781284,H1,0.0527595098456458,AX,-0.103099105753855,L1,-0.00774525049578594,L2,0.08...
Get Checksum: -110011688
GetData ===>> H2,-0.20367796235607,H1,-0.0320376330066761,AX,-0.0407330114199841,L1,0.0239030488902439,L2,-0.03...
GetData ===>> H2,-0.215083503350928,H1,0.0047689610153558,AX,0.0551617883537203,L1,0.00933535619610996,L2,-0.01...
measurement finished
estimated time: 62.915 actual time: :63.099
flush and close file /Users/jan/PychronDev/data/isotopes/40/cf589b-3c66-4325-98bf-cc7b246921dc.h5
activate_detectors ('H1', 'AX', 'CDD') {'peak_center': True}
peak_center () {'detector': 'H1', 'integration_time': 0.262144, 'isotope': 'Ar40'}
peak center: mean=1219.42126107 threshold=3
peak center started
setup peak center. detector=['H1', 'AX', 'CDD'], isotope=Ar40
VersionedUnpickler [<apptools.sweet_pickle.versioned_unpickler.VersionedUnpickler object at 0x17e911710>] using Updater [<apptools.sweet_pickle.updater.Updater object at 0x133e38fb0>]
VersionedUnpickler [<apptools.sweet_pickle.versioned_unpickler.VersionedUnpickler object at 0x17e911710>] using Updater [<apptools.sweet_pickle.updater.Updater object at 0x133e38fb0>]
VersionedUnpickler [<apptools.sweet_pickle.versioned_unpickler.VersionedUnpickler object at 0x18d687710>] using Updater [<apptools.sweet_pickle.updater.Updater object at 0x133e38fb0>]
setting integration time = 0.524288
SetIntegrationTime 0.524288 ===>> OK
Mapping mass to dac mass func: "parabolic"
H1 map mass coeffs = [-0.00063987  0.15840543  0.57128999]
H1 map mass to dac 39.9624 >> 5.87968
GetDeflection H1 ===>> 0
GetHighVoltage ===>> 4500
do peak center. <pychron.spectrometer.jobs.peak_center.PeakCenter object at 0x12d6e98f0>
doing pc
starting peak center. center dac= 5.87968 step_width=0.001
width = 0.001
get scan parameters. half-width=0.015,window=0.015, i=0, scalar=1
Scan parameters center=5.87968 width=0.03000 (5.86468 - 5.89468)
GetData ===>> H2,-0.161870693531416,H1,-0.0162718509326919,AX,-0.0750277180298539,L1,-0.0237661474607021,L2,-0....
Moving to starting dac 5.86468
setting magnet DAC
current  : 5.240336
requested: 5.864680
Delta Dac: 0.624344
Checking detector protection. dv=0.62434
Checking detector "CDD". Protection Threshold: 0.1 (V)
ProtectDetector CDD,On ===>> OK
GetDeflection CDD ===>> 2000
SetMagnetDAC 5.86468 ===>> OK
Magnet settling time: 0.500
Get Checksum: -110011688
GetMagnetMoving ===>> True
GetMagnetMoving ===>> True
GetMagnetMoving ===>> True
GetMagnetMoving ===>> True
GetMagnetMoving ===>> True
GetMagnetMoving ===>> True
GetMagnetMoving ===>> True
GetMagnetMoving ===>> True
GetMagnetMoving ===>> False
ProtectDetector CDD,Off ===>> OK
GetDeflection CDD ===>> 50
Wait until signal near baseline. tol= -0.0122038881995. timeout= 10
GetData ===>> H2,6.33798618826917,H1,2.62931646139093,AX,0.00565014882206413,L1,0.0766149724109307,L2,-0.024956...
GetData ===>> H2,75.5648637790602,H1,41.633471526159,AX,3.46008392481786,L1,0.0719037362021248,L2,-0.1288749874...
Get Checksum: -110011688
GetData ===>> H2,84.7122579505949,H1,45.2494543013564,AX,7.04971678175726,L1,0.0638977469658851,L2,-0.084361636...
GetData ===>> H2,45.5280269510269,H1,21.7363541734319,AX,3.38918850978725,L1,0.0385640353815261,L2,-0.014277963...
GetData ===>> H2,18.9845641193381,H1,11.0517284557318,AX,1.61119874020184,L1,0.0166728161824856,L2,-0.048518172...
GetData ===>> H2,6.52474030732689,H1,5.90944492483467,AX,0.694347925136298,L1,-0.0238513020055249,L2,-0.0829736...
GetData ===>> H2,1.97437388407807,H1,3.4602349458223,AX,0.223092467586585,L1,0.0019288449848648,L2,-0.003757565...
GetData ===>> H2,0.677222155266764,H1,2.1933200675502,AX,0.12025399151117,L1,0.0287692091355477,L2,0.0288356873...
Get Checksum: -110011688
GetData ===>> H2,0.427540209306155,H1,1.62506503086817,AX,0.149217801961388,L1,0.0291560144853321,L2,-0.0978990...
GetData ===>> H2,0.361781159927813,H1,1.29065951292302,AX,0.153462222204389,L1,0.0196823522530711,L2,-0.0270967...
GetData ===>> H2,0.473515740777023,H1,1.14451326072176,AX,0.210698774085153,L1,0.0274311212185265,L2,-0.0401413...
GetData ===>> H2,0.386490524263542,H1,1.11299058573431,AX,0.30538570670078,L1,0.0301363081482885,L2,0.018835597...
GetData ===>> H2,0.293725619709546,H1,1.02377784780596,AX,0.129343387429775,L1,0.0279812292285429,L2,0.05125426...
GetData ===>> H2,0.247238140861114,H1,1.00762683606723,AX,0.127627467130234,L1,0.00428668678835351,L2,-0.041529...
Get Checksum: -110011688
GetData ===>> H2,0.229964009737437,H1,1.0618412266109,AX,0.242475279215355,L1,0.0282022417700015,L2,-0.06797771...
GetData ===>> H2,0.24616145332371,H1,1.07665819754466,AX,0.083302274935796,L1,0.0156074541989931,L2,0.043735253...
GetData ===>> H2,0.164129911693194,H1,0.962087280486501,AX,0.16888749226389,L1,-0.0104299844176788,L2,-0.000478...
GetData ===>> H2,0.152983794883952,H1,0.996725170822521,AX,0.190556582820265,L1,0.00311730113737318,L2,-0.03950...
GetData ===>> H2,0.0968507950617895,H1,0.951597658707804,AX,0.185823307989324,L1,-0.000368439308466816,L2,-0.00...
GetData ===>> H2,0.118771559801558,H1,0.956243611926078,AX,0.00745999242907457,L1,0.00272593544276962,L2,-0.058...
Get Checksum: -110011688
GetData ===>> H2,0.0668384550637562,H1,1.00904054512216,AX,0.031339156631842,L1,0.0112967675187764,L2,0.0445326...
Peak center failed to move to a baseline position
_do_sweep sm= 5.86468, em= 5.89468, stm= 0.001
calculated step values: start=5.86468, end=5.89468, width=0.001, nsteps=31.0
setting magnet DAC
current  : 5.864680
requested: 5.864680
Delta Dac: 0.000000
Checking detector protection. dv=0.00000
Checking detector "CDD". Protection Threshold: 0.1 (V)
SetMagnetDAC 5.86468 ===>> OK
GetData ===>> H2,0.0668384550637562,H1,1.00904054512216,AX,0.031339156631842,L1,0.0112967675187764,L2,0.0445326...
setting magnet DAC
current  : 5.864680
requested: 5.865714
Delta Dac: 0.001034
Checking detector protection. dv=0.00103
Checking detector "CDD". Protection Threshold: 0.1 (V)
SetMagnetDAC 5.86571448276 ===>> OK
Magnet settling time: 1.049
GetData ===>> H2,-0.0186901600872082,H1,2.33261118315664,AX,0.418001244307687,L1,-0.00393215353348858,L2,0.0601...
setting magnet DAC
current  : 5.865714
requested: 5.866749
Delta Dac: 0.001034
Checking detector protection. dv=0.00103
Checking detector "CDD". Protection Threshold: 0.1 (V)
SetMagnetDAC 5.86674896552 ===>> OK
Magnet settling time: 1.049
GetData ===>> H2,-0.0947003754999133,H1,8.75127929634323,AX,1.44924256882022,L1,0.0168479878296531,L2,-0.041962...
setting magnet DAC
current  : 5.866749
requested: 5.867783
Delta Dac: 0.001034
Checking detector protection. dv=0.00103
Checking detector "CDD". Protection Threshold: 0.1 (V)
SetMagnetDAC 5.86778344828 ===>> OK
Magnet settling time: 1.049
Get Checksum: -110011688
GetData ===>> H2,-0.0197377979571335,H1,33.7258709297816,AX,5.13763292055001,L1,0.0110545410246348,L2,0.0420492...
setting magnet DAC
current  : 5.867783
requested: 5.868818
Delta Dac: 0.001034
Checking detector protection. dv=0.00103
Checking detector "CDD". Protection Threshold: 0.1 (V)
SetMagnetDAC 5.86881793103 ===>> OK
Magnet settling time: 1.049
GetData ===>> H2,0.0261727580729338,H1,113.265315927968,AX,17.6904967428241,L1,0.0673896579697657,L2,-0.0121830...
setting magnet DAC
current  : 5.868818
requested: 5.869852
Delta Dac: 0.001034
Checking detector protection. dv=0.00103
Checking detector "CDD". Protection Threshold: 0.1 (V)
SetMagnetDAC 5.86985241379 ===>> OK
Magnet settling time: 1.049
GetData ===>> H2,0.0426746264731689,H1,300.428168246143,AX,52.251244647138,L1,0.259558914096355,L2,-0.077580855...
setting magnet DAC
current  : 5.869852
requested: 5.870887
Delta Dac: 0.001034
Checking detector protection. dv=0.00103
Checking detector "CDD". Protection Threshold: 0.1 (V)
SetMagnetDAC 5.87088689655 ===>> OK
Magnet settling time: 1.049
Get Checksum: -110011688
GetData ===>> H2,-0.0467072657534535,H1,580.219611427989,AX,111.932153233389,L1,0.683988061346309,L2,0.15487169...
setting magnet DAC
current  : 5.870887
requested: 5.871921
Delta Dac: 0.001034
Checking detector protection. dv=0.00103
Checking detector "CDD". Protection Threshold: 0.1 (V)
SetMagnetDAC 5.87192137931 ===>> OK
Magnet settling time: 1.049
GetData ===>> H2,-0.0501138651426363,H1,855.928772190707,AX,180.265731580242,L1,1.35213706039456,L2,0.230084512...
setting magnet DAC
current  : 5.871921
requested: 5.872956
Delta Dac: 0.001034
Checking detector protection. dv=0.00103
Checking detector "CDD". Protection Threshold: 0.1 (V)
SetMagnetDAC 5.87295586207 ===>> OK
Magnet settling time: 1.049
Get Checksum: -110011688
GetData ===>> H2,-0.0396277197284202,H1,1041.41113826275,AX,234.987533362779,L1,2.04508956377285,L2,0.548824160...
setting magnet DAC
current  : 5.872956
requested: 5.873990
Delta Dac: 0.001034
Checking detector protection. dv=0.00103
Checking detector "CDD". Protection Threshold: 0.1 (V)
SetMagnetDAC 5.87399034483 ===>> OK
Magnet settling time: 1.049
GetData ===>> H2,-0.143704046476972,H1,1126.7865373945,AX,265.484311998272,L1,2.62433786676085,L2,0.73152042523...
setting magnet DAC
current  : 5.873990
requested: 5.875025
Delta Dac: 0.001034
Checking detector protection. dv=0.00103
Checking detector "CDD". Protection Threshold: 0.1 (V)
SetMagnetDAC 5.87502482759 ===>> OK
Magnet settling time: 1.049
GetData ===>> H2,-0.230435724463135,H1,1154.96016542356,AX,277.813873229711,L1,3.03323976867368,L2,0.8998790401...
setting magnet DAC
current  : 5.875025
requested: 5.876059
Delta Dac: 0.001034
Checking detector protection. dv=0.00103
Checking detector "CDD". Protection Threshold: 0.1 (V)
SetMagnetDAC 5.87605931034 ===>> OK
Magnet settling time: 1.049
Get Checksum: -110011688
GetData ===>> H2,-0.183922755691419,H1,1163.64699436879,AX,281.439992048648,L1,3.39621873138427,L2,1.1407829367...
setting magnet DAC
current  : 5.876059
requested: 5.877094
Delta Dac: 0.001034
Checking detector protection. dv=0.00103
Checking detector "CDD". Protection Threshold: 0.1 (V)
SetMagnetDAC 5.8770937931 ===>> OK
Magnet settling time: 1.049
GetData ===>> H2,-0.262275815634666,H1,1164.3904184767,AX,281.881297317177,L1,3.47162425187288,L2,0.97653664990...
setting magnet DAC
current  : 5.877094
requested: 5.878128
Delta Dac: 0.001034
Checking detector protection. dv=0.00103
Checking detector "CDD". Protection Threshold: 0.1 (V)
SetMagnetDAC 5.87812827586 ===>> OK
Magnet settling time: 1.049
GetData ===>> H2,-0.258763406943067,H1,1163.91037430544,AX,281.920534242803,L1,3.55889432327773,L2,1.0598809948...
setting magnet DAC
current  : 5.878128
requested: 5.879163
Delta Dac: 0.001034
Checking detector protection. dv=0.00103
Checking detector "CDD". Protection Threshold: 0.1 (V)
SetMagnetDAC 5.87916275862 ===>> OK
Magnet settling time: 1.049
Get Checksum: -110011688
GetData ===>> H2,-0.158012197229382,H1,1164.15099044892,AX,282.03265912186,L1,3.582913414256,L2,0.9922706033002...
setting magnet DAC
current  : 5.879163
requested: 5.880197
Delta Dac: 0.001034
Checking detector protection. dv=0.00103
Checking detector "CDD". Protection Threshold: 0.1 (V)
SetMagnetDAC 5.88019724138 ===>> OK
Magnet settling time: 1.049
GetData ===>> H2,-0.106615659369168,H1,1163.93444124752,AX,282.096640512316,L1,3.64057329380182,L2,1.0013771543...
setting magnet DAC
current  : 5.880197
requested: 5.881232
Delta Dac: 0.001034
Checking detector protection. dv=0.00103
Checking detector "CDD". Protection Threshold: 0.1 (V)
SetMagnetDAC 5.88123172414 ===>> OK
Magnet settling time: 1.049
GetData ===>> H2,-0.206830253639958,H1,1163.36685250033,AX,281.952053384515,L1,3.57049945122029,L2,0.9050090212...
setting magnet DAC
current  : 5.881232
requested: 5.882266
Delta Dac: 0.001034
Checking detector protection. dv=0.00103
Checking detector "CDD". Protection Threshold: 0.1 (V)
SetMagnetDAC 5.8822662069 ===>> OK
Magnet settling time: 1.049
Get Checksum: -110011688
GetData ===>> H2,-0.162860428525146,H1,1162.27570455885,AX,281.474875601864,L1,3.65241583329265,L2,0.9280973254...
setting magnet DAC
current  : 5.882266
requested: 5.883301
Delta Dac: 0.001034
Checking detector protection. dv=0.00103
Checking detector "CDD". Protection Threshold: 0.1 (V)
SetMagnetDAC 5.88330068966 ===>> OK
Magnet settling time: 1.049
GetData ===>> H2,-0.144864910138104,H1,1160.62231922139,AX,280.23645809806,L1,3.63800276475153,L2,1.06590277614...
setting magnet DAC
current  : 5.883301
requested: 5.884335
Delta Dac: 0.001034
Checking detector protection. dv=0.00103
Checking detector "CDD". Protection Threshold: 0.1 (V)
SetMagnetDAC 5.88433517241 ===>> OK
Magnet settling time: 1.049
Get Checksum: -110011688
GetData ===>> H2,-0.100996339952361,H1,1152.72570899749,AX,276.251213573832,L1,3.57275531228053,L2,0.8408810470...
setting magnet DAC
current  : 5.884335
requested: 5.885370
Delta Dac: 0.001034
Checking detector protection. dv=0.00103
Checking detector "CDD". Protection Threshold: 0.1 (V)
SetMagnetDAC 5.88536965517 ===>> OK
Magnet settling time: 1.049
GetData ===>> H2,-0.0825937780979752,H1,1121.64820388727,AX,263.230931774706,L1,3.41768481856749,L2,0.888452075...
setting magnet DAC
current  : 5.885370
requested: 5.886404
Delta Dac: 0.001034
Checking detector protection. dv=0.00103
Checking detector "CDD". Protection Threshold: 0.1 (V)
SetMagnetDAC 5.88640413793 ===>> OK
Magnet settling time: 1.049
GetData ===>> H2,-0.0993651893416044,H1,1032.92478105706,AX,228.558358853555,L1,3.07316602697298,L2,0.606016283...
setting magnet DAC
current  : 5.886404
requested: 5.887439
Delta Dac: 0.001034
Checking detector protection. dv=0.00103
Checking detector "CDD". Protection Threshold: 0.1 (V)
SetMagnetDAC 5.88743862069 ===>> OK
Magnet settling time: 1.049
Get Checksum: -110011688
GetData ===>> H2,-0.2844227685225,H1,835.55173991801,AX,165.672015582286,L1,2.42837778383198,L2,0.4317564572692...
setting magnet DAC
current  : 5.887439
requested: 5.888473
Delta Dac: 0.001034
Checking detector protection. dv=0.00103
Checking detector "CDD". Protection Threshold: 0.1 (V)
SetMagnetDAC 5.88847310345 ===>> OK
Magnet settling time: 1.049
GetData ===>> H2,-0.3662550833183,H1,552.341089630295,AX,93.9859802060419,L1,1.6540493543408,L2,0.1760649616385...
setting magnet DAC
current  : 5.888473
requested: 5.889508
Delta Dac: 0.001034
Checking detector protection. dv=0.00103
Checking detector "CDD". Protection Threshold: 0.1 (V)
SetMagnetDAC 5.88950758621 ===>> OK
Magnet settling time: 1.049
GetData ===>> H2,-0.179911334760189,H1,177.517299707219,AX,22.8490991533194,L1,0.82601656077795,L2,0.0105675208...
setting magnet DAC
current  : 5.889508
requested: 5.890542
Delta Dac: 0.001034
Checking detector protection. dv=0.00103
Checking detector "CDD". Protection Threshold: 0.1 (V)
SetMagnetDAC 5.89054206897 ===>> OK
Magnet settling time: 1.049
Get Checksum: -110011688
GetData ===>> H2,-0.12146273121608,H1,60.6294945153473,AX,6.29449994202241,L1,0.525980994139257,L2,-0.034814453...
setting magnet DAC
current  : 5.890542
requested: 5.891577
Delta Dac: 0.001034
Checking detector protection. dv=0.00103
Checking detector "CDD". Protection Threshold: 0.1 (V)
SetMagnetDAC 5.89157655172 ===>> OK
Magnet settling time: 1.049
GetData ===>> H2,-0.121194921338746,H1,17.0310426018181,AX,1.33687123118925,L1,0.334326146273717,L2,0.025008650...
setting magnet DAC
current  : 5.891577
requested: 5.892611
Delta Dac: 0.001034
Checking detector protection. dv=0.00103
Checking detector "CDD". Protection Threshold: 0.1 (V)
SetMagnetDAC 5.89261103448 ===>> OK
Magnet settling time: 1.049
GetData ===>> H2,-0.214422333864044,H1,4.08670982271058,AX,0.0869411879864473,L1,0.219491891876689,L2,-0.115544...
setting magnet DAC
current  : 5.892611
requested: 5.893646
Delta Dac: 0.001034
Checking detector protection. dv=0.00103
Checking detector "CDD". Protection Threshold: 0.1 (V)
SetMagnetDAC 5.89364551724 ===>> OK
Magnet settling time: 1.049
Get Checksum: -110011688
GetData ===>> H2,-0.107296927840302,H1,0.794963207338051,AX,-0.242860209928266,L1,0.102371016990934,L2,0.103083...
setting magnet DAC
current  : 5.893646
requested: 5.894680
Delta Dac: 0.001034
Checking detector protection. dv=0.00103
Checking detector "CDD". Protection Threshold: 0.1 (V)
SetMagnetDAC 5.89468 ===>> OK
Magnet settling time: 1.049
GetData ===>> H2,-0.103078895064448,H1,0.120379313874142,AX,-0.232676444290256,L1,0.0708057267927396,L2,-0.1090...
result of _do_sweep=True
result of _calculate_peak_center=([5.8719846092184369, 5.8796499398797595, 5.8873152705410821], [867.26587071815948, 1164.3759882911913, 859.08620073521945], 5.8771248897795596, 1164.3759882911913)
Failed to find a valid peak. No peak greater than 1.0. max = 0.0544079611944
new center pos Detector(H1) (Ar40) @ 5.87964993988
GetHighVoltage ===>> 4500
GetDeflection H1 ===>> 0
dac uncorrected for HV and deflection 5.87964993988
update mftable H1 Ar40 5.87964993988 message=automated run peakcenter
get initial guess parabolic
get initial guess parabolic
get initial guess parabolic
get initial guess parabolic
get initial guess parabolic
get initial guess parabolic
dump mftable to /Users/jan/PychronDev/setupfiles/spectrometer/mftables/mftable.csv
add to repo msg=modified - automated run peakcenter
sweep finished
locally archiving mftable
setting magnet DAC
current  : 5.894680
requested: 5.879650
Delta Dac: 0.015030
Checking detector protection. dv=0.01503
Get Checksum: -110011688
Checking detector "CDD". Protection Threshold: 0.1 (V)
SetMagnetDAC 5.87964993988 ===>> OK
Magnet settling time: 0.500
setting integration time = 1.048576
SetIntegrationTime 1.048576 ===>> OK
Failed to find a valid peak. No peak greater than 1.0. max = 0.0544079611944
flush and close file /Users/jan/PychronDev/data/isotopes/40/cf589b-3c66-4325-98bf-cc7b246921dc.h5
finished measure script
executed 226.132928
jan_unknown120_60.py completed successfully
Measurement Finished
16:33:02 -- ******* Measurement Finished *******
Post Measurement Started jan_pump_ms.py
16:33:02 -- ******* Post Measurement Started jan_pump_ms.py *******
testing...
no interpolation path defined
executed 0
Pumping spectrometer
open () {'name': 'O'}
opening name=O desc=---
checking ownership. requestor=129.138.12.150
check software interlocks O
interlocks []
actuate state mode=None-script, software_lock=False
doing actuation None-script open_channel True
Open O ===>> OK
GetIndicatorState O ===>> OK
change switch state (True, True)
update switch state O True args=() kw={} ncanvase=3
16:33:02 -- OPEN   VALVE-O (Jan Ion Pump)
---------------------------------------- open O () result=[(True, True)], time=0.34 sec
action=open, ok=True, locked=[False]
executed 0
jan_pump_ms.py completed successfully
setting _ms_pumptime
Post Measurement Finished
16:33:02 -- ******* Post Measurement Finished *******
$$$$$$$$$$$$$$$$$$$$ state at run end measurement
state changed from measurement to success
post measurement save measured=True aborted=False
Set filtering
setting fod for Ar40= {'filter_outliers': True, 'std_devs': 2, 'iterations': 1}
setting fod for H1= {'filter_outliers': True, 'std_devs': 2, 'iterations': 1}
setting fod for PM41= {'filter_outliers': False, 'std_devs': 2, 'iterations': 1}
setting fod for H2= {'filter_outliers': True, 'std_devs': 2, 'iterations': 1}
setting fod for Ar36= {'filter_outliers': True, 'std_devs': 2, 'iterations': 1}
setting fod for CDD= {'filter_outliers': True, 'std_devs': 10, 'iterations': 1}
setting fod for Ar37= {'filter_outliers': True, 'std_devs': 2, 'iterations': 1}
setting fod for L2= {'filter_outliers': True, 'std_devs': 2, 'iterations': 1}
setting fod for Ar38= {'filter_outliers': True, 'std_devs': 2, 'iterations': 1}
setting fod for L1= {'filter_outliers': True, 'std_devs': 2, 'iterations': 1}
setting fod for Ar39= {'filter_outliers': True, 'std_devs': 2, 'iterations': 1}
setting fod for AX= {'filter_outliers': True, 'std_devs': 2, 'iterations': 1}
persistence save...
persistence save - db
post measurement save
6913282512 connecting to database sqlite:////Users/jan/PychronDev/.appdata/local_lab.db
connected to db sqlite:////Users/jan/PychronDev/.appdata/local_lab.db
create new session 6913282512
close session 6913282512
No database instance. Not saving post measurement to isotopedb database
$$$$$$$$$$$$$$$ auto_save_detector_ic=False
massspec enabled True
create new session 5064816880
MassSpec Database Version: 16.0
close session 5064816880
saving post measurement to secondary database
saving to massspec database 129.138.12.160/massspecdata
setting labnumber to 25383
setting aliquot to 9
setting step to 
setting uuid to 40cf589b-3c66-4325-98bf-cc7b246921dc
setting irradpos to 25383
setting extract_device to Fusions CO2
setting tray to 
setting position to 156
setting power_requested to 5.0
setting extract_value to 5.0
setting duration to 30.0
setting duration_at_request to 30.0
setting first_stage_delay to 30.0
setting cleanup to 30.0
setting comment to N:4
setting irradiation to NM-289
setting level to N
setting irradiation_level to N
setting sample to FC-2
setting material to Sanidine
setting project to Irradiation-NM-289
setting mass_spectrometer to Jan
no attribute chron_dosages
no attribute production_ratios
no attribute interference_corrections
no attribute production_name
no attribute j
Reference Isotope=Ar40
Reference Detector=H1
%%%%%%%%%%%%%%%%%%%% Comment: N:4 %%%%%%%%%%%%%%%%%%%
adding isotope PM41 H2
add baseline dbdet= PM41. original det= H2
get baseline data PM41 H2
Get data baseline <pychron.processing.isotope.Baseline object at 0x107768950> len t=60
baseline PM41. v=-0.207362737659, e=0.0074306676864
get signal data PM41 H2
Get data signal PM41 0.16+/-0.07 len t=120
adding isotope Ar40 H1
add baseline dbdet= Ar40. original det= H1
get baseline data Ar40 H1
Get data baseline <pychron.processing.isotope.Baseline object at 0x107768910> len t=60
baseline Ar40. v=0.00523479283171, e=0.00477259103975
get signal data Ar40 H1
Get data signal Ar40 1280.58+/-0.08 len t=120
adding isotope Ar39 AX
add baseline dbdet= Ar39. original det= AX
get baseline data Ar39 AX
Get data baseline <pychron.processing.isotope.Baseline object at 0x107768250> len t=60
baseline Ar39. v=-0.0554299221109, e=0.00770807700864
get signal data Ar39 AX
Get data signal Ar39 310.16+/-0.04 len t=120
adding isotope Ar38 L1
add baseline dbdet= Ar38. original det= L1
get baseline data Ar38 L1
Get data baseline <pychron.processing.isotope.Baseline object at 0x107768610> len t=60
baseline Ar38. v=-0.00992591592702, e=0.00375026204928
get signal data Ar38 L1
Get data signal Ar38 4.024+/-0.006 len t=120
adding isotope Ar37 L2
add baseline dbdet= Ar37. original det= L2
get baseline data Ar37 L2
Get data baseline <pychron.processing.isotope.Baseline object at 0x107768dd0> len t=60
baseline Ar37. v=-0.0276927846457, e=0.00671303779232
get signal data Ar37 L2
Get data signal Ar37 1.137+/-0.010 len t=120
adding isotope Ar36 CDD
add baseline dbdet= Ar36. original det= CDD
get baseline data Ar36 CDD
Get data baseline <pychron.processing.isotope.Baseline object at 0x107756510> len t=60
baseline Ar36. v=0.000337428272016, e=2.59697180267e-05
get signal data Ar36 CDD
Get data signal Ar36 0.0427+/-0.0005 len t=120
25383-09 added analysis time 0.45994591713s
analysis added to mass spec database
mass spec save time= 0.469
persistence save - dvc
================= post measurement started
create new session 4983587952
close session 4983587952
---------------- Experiment Queue saving disabled
DVC saving peakcenter
Failed to find a valid peak. No peak greater than 1.0. max = 0.0544079611944
Smart pull ahead: 0 behind: 0
Up-to-date with origin
add to repo msg=modified - ad8224ebc6dbfeb9f5997218dfa5fe690569839d.json
Get Checksum: 2035439760
add to repo msg=modified - 83-09.json
add to repo msg=modified - 83-09.dat.json
add to repo msg=modified - 83-09.blan.json
add to repo msg=modified - 83-09.inte.json
add to repo msg=modified - 83-09.icfa.json
add to repo msg=modified - 83-09.base.json
not at valid file /Users/jan/PychronDev/data/.dvc/repositories/Load1785/253/tags/83-09.tags.json
add to repo msg=modified - 83-09.peak.json
add to repo msg=modified - 83-09.extr.json
not at valid file /Users/jan/PychronDev/data/.dvc/repositories/Load1785/253/monitor/83-09.moni.json
commit message=<COLLECTION>
add to repo msg=modified - 83-09.inte.json
add to repo msg=modified - 83-09.base.json
commit message=<ISOEVO> default collection fits
Get Checksum: 2035439760
add to repo msg=modified - 83-09.blan.json
commit message=<BLANKS> preceding bu-FC-J-7511
add to repo msg=modified - 83-09.icfa.json
commit message=<ICFactor> default
push repository <pychron.git_archive.repo_manager.GitRepoManager object at 0x132077650>
pushing to remote=origin, url=https://github.com
no changes to meta repo
Get Checksum: 2035439760
create new session 4983587952
add association Load1785
get identifier "25383"
setting analysis irradiation position=<pychron.dvc.dvc_orm.IrradiationPositionTbl object at 0x18b69cc90>
close session 4983587952
================= post measurement finished
16:33:14 -- ******* Post Run Check *******
loading queue conditionals post_run_actions
loading system conditionals post_run_actions
loading conditionals from /Users/jan/PychronDev/setupfiles/spectrometer/default_conditionals.yaml
loading queue conditionals post_run_terminations
loading system conditionals post_run_terminations
loading conditionals from /Users/jan/PychronDev/setupfiles/spectrometer/default_conditionals.yaml
Checking default post run terminations n=1
GetDeflection CDD ===>> 50
testing CDD==2000
evaluate ot="CDD.deflection==2000" t="CDD==2000", ctx="{'CDD': 50.0}"
16:33:14 -- ******* Post Run Check Passed *******
16:33:14 -- Automated run 25383-09 success duration: 361.703 s
----------------- finish -----------------
----------------- stop -----------------
retroactive repository identifiers disabled
finish run. runs completed=73
update duration runid=25383-09, duration=361.703286886, md5=301e91d8
loading script "jan_unknown120_60.py"
loading script "jan_pump_ms.py"
loading script "jan_co2.py"
loading script "jan_pump_extraction_line.py"
testing...
no interpolation path defined
executed 213.652928
script duration name:unknown120_60 seconds:214.0
loading script "jan_unknown120_60.py"
loading script "jan_pump_ms.py"
loading script "jan_co2.py"
loading script "jan_pump_extraction_line.py"
testing...
no interpolation path defined
executed 0
loading script "jan_unknown120_60.py"
loading script "jan_pump_ms.py"
loading script "jan_co2.py"
loading script "jan_pump_extraction_line.py"
testing...
no interpolation path defined
calculate duration
testing...
no interpolation path defined
executed 0
calculate duration
testing...
no interpolation path defined
executed 0
executed 0.0
script duration name:co2 seconds:0.0
loading script "jan_unknown120_60.py"
loading script "jan_pump_ms.py"
loading script "jan_co2.py"
loading script "jan_pump_extraction_line.py"
testing...
no interpolation path defined
calculate duration
testing...
no interpolation path defined
executed 4.0
executed 4.0
Script duration 214.0
Run total estimated duration= 215.000
unknown120_60 in script context. using previous estimated duration
script duration name:unknown120_60 seconds:214.0
pump_ms in script context. using previous estimated duration
co2 in script context. using previous estimated duration
script duration name:co2 seconds:0.0
pump_extraction_line in script context. using previous estimated duration
Script duration 214.0
Run total estimated duration= 215.000
script duration name:unknown120_60 seconds:214.0
script duration name:co2 seconds:0.0
Script duration 214.0
Run total estimated duration= 215.000
loading script "jan_unknown400_120.py"
loading script "jan_pump_ms.py"
loading script "jan_co2.py"
loading script "jan_pump_extraction_line.py"
testing...
no interpolation path defined
executed 556.052928
script duration name:unknown400_120 seconds:556.0
script duration name:co2 seconds:0.0
Script duration 556.0
Run total estimated duration= 557.000
script duration name:unknown120_60 seconds:214.0
script duration name:co2 seconds:0.0
Script duration 214.0
Run total estimated duration= 215.000
script duration name:unknown120_60 seconds:214.0
script duration name:co2 seconds:0.0
Script duration 214.0
Run total estimated duration= 215.000
script duration name:unknown120_60 seconds:214.0
script duration name:co2 seconds:0.0
Script duration 214.0
Run total estimated duration= 215.000
script duration name:unknown120_60 seconds:214.0
script duration name:co2 seconds:0.0
Script duration 214.0
Run total estimated duration= 215.000
script duration name:unknown120_60 seconds:214.0
script duration name:co2 seconds:0.0
Script duration 214.0
Run total estimated duration= 215.000
unknown400_120 in script context. using previous estimated duration
script duration name:unknown400_120 seconds:556.0
loading script "jan_unknown400_120.py"
loading script "jan_pump_ms.py"
loading script "jan_cocktail_x1.py"
loading script "jan_pump_extraction_line.py"
testing...
no interpolation path defined
calculate duration
testing...
no interpolation path defined
executed 0
calculate duration
testing...
no interpolation path defined
executed 0
calculate duration
testing...
no interpolation path defined
executed 32.0
calculate duration
testing...
no interpolation path defined
executed 34.0
calculate duration
testing...
no interpolation path defined
executed 4.0
calculate duration
testing...
no interpolation path defined
executed 38.0
executed 108.0
script duration name:cocktail_x1 seconds:108.0
Script duration 664.0
Run total estimated duration= 665.000
script duration name:unknown400_120 seconds:556.0
cocktail_x1 in script context. using previous estimated duration
script duration name:cocktail_x1 seconds:108.0
Script duration 664.0
Run total estimated duration= 665.000
script duration name:unknown120_60 seconds:214.0
script duration name:co2 seconds:0.0
Script duration 214.0
Run total estimated duration= 215.000
script duration name:unknown120_60 seconds:214.0
script duration name:co2 seconds:0.0
Script duration 214.0
Run total estimated duration= 215.000
script duration name:unknown120_60 seconds:214.0
script duration name:co2 seconds:0.0
Script duration 214.0
Run total estimated duration= 215.000
script duration name:unknown120_60 seconds:214.0
script duration name:co2 seconds:0.0
Script duration 214.0
Run total estimated duration= 215.000
script duration name:unknown120_60 seconds:214.0
script duration name:co2 seconds:0.0
Script duration 214.0
Run total estimated duration= 215.000
script duration name:unknown120_60 seconds:214.0
script duration name:co2 seconds:0.0
Script duration 214.0
Run total estimated duration= 215.000
script duration name:unknown120_60 seconds:214.0
script duration name:co2 seconds:0.0
Script duration 214.0
Run total estimated duration= 215.000
script duration name:unknown120_60 seconds:214.0
script duration name:co2 seconds:0.0
Script duration 214.0
Run total estimated duration= 215.000
script duration name:unknown120_60 seconds:214.0
script duration name:co2 seconds:0.0
Script duration 214.0
Run total estimated duration= 215.000
script duration name:unknown120_60 seconds:214.0
script duration name:co2 seconds:0.0
Script duration 214.0
Run total estimated duration= 215.000
script duration name:unknown400_120 seconds:556.0
script duration name:co2 seconds:0.0
Script duration 556.0
Run total estimated duration= 557.000
script duration name:unknown400_120 seconds:556.0
loading script "jan_unknown400_120.py"
loading script "jan_pump_ms.py"
loading script "jan_sniffair_x2.py"
loading script "jan_pump_extraction_line.py"
testing...
no interpolation path defined
calculate duration
testing...
no interpolation path defined
executed 0
calculate duration
testing...
no interpolation path defined
executed 0
calculate duration
testing...
no interpolation path defined
executed 32.0
calculate duration
testing...
no interpolation path defined
executed 34.0
calculate duration
testing...
no interpolation path defined
executed 4.0
calculate duration
testing...
no interpolation path defined
executed 36.0
calculate duration
testing...
no interpolation path defined
executed 34.0
calculate duration
testing...
no interpolation path defined
executed 4.0
calculate duration
testing...
no interpolation path defined
executed 36.0
calculate duration
testing...
no interpolation path defined
executed 70.0
executed 250.0
script duration name:sniffair_x2 seconds:250.0
Script duration 806.0
Run total estimated duration= 807.000
loading script "jan_ic_peak_hop3.py"
loading script "jan_pump_ms.py"
loading script "jan_air_x1.py"
loading script "jan_pump_extraction_line.py"
testing...
no interpolation path defined
executed 133.8
script duration name:ic_peak_hop3 seconds:134.0
loading script "jan_ic_peak_hop3.py"
loading script "jan_pump_ms.py"
loading script "jan_air_x1.py"
loading script "jan_pump_extraction_line.py"
testing...
no interpolation path defined
calculate duration
testing...
no interpolation path defined
executed 0
calculate duration
testing...
no interpolation path defined
executed 0
calculate duration
testing...
no interpolation path defined
executed 32.0
calculate duration
testing...
no interpolation path defined
executed 34.0
calculate duration
testing...
no interpolation path defined
executed 4.0
calculate duration
testing...
no interpolation path defined
executed 36.0
executed 106.0
script duration name:air_x1 seconds:106.0
Script duration 240.0
Run total estimated duration= 241.000
script duration name:unknown120_60 seconds:214.0
script duration name:co2 seconds:0.0
Script duration 214.0
Run total estimated duration= 215.000
script duration name:unknown120_60 seconds:214.0
script duration name:co2 seconds:0.0
Script duration 214.0
Run total estimated duration= 215.000
script duration name:unknown120_60 seconds:214.0
script duration name:co2 seconds:0.0
Script duration 214.0
Run total estimated duration= 215.000
script duration name:unknown120_60 seconds:214.0
script duration name:co2 seconds:0.0
Script duration 214.0
Run total estimated duration= 215.000
script duration name:unknown120_60 seconds:214.0
script duration name:co2 seconds:0.0
Script duration 214.0
Run total estimated duration= 215.000
script duration name:unknown120_60 seconds:214.0
script duration name:co2 seconds:0.0
Script duration 214.0
Run total estimated duration= 215.000
script duration name:unknown120_60 seconds:214.0
script duration name:co2 seconds:0.0
Script duration 214.0
Run total estimated duration= 215.000
script duration name:unknown120_60 seconds:214.0
script duration name:co2 seconds:0.0
Script duration 214.0
Run total estimated duration= 215.000
script duration name:unknown120_60 seconds:214.0
script duration name:co2 seconds:0.0
Script duration 214.0
Run total estimated duration= 215.000
script duration name:unknown120_60 seconds:214.0
script duration name:co2 seconds:0.0
Script duration 214.0
Run total estimated duration= 215.000
script duration name:unknown400_120 seconds:556.0
script duration name:cocktail_x1 seconds:108.0
Script duration 664.0
Run total estimated duration= 665.000
script duration name:unknown120_60 seconds:214.0
script duration name:co2 seconds:0.0
Script duration 214.0
Run total estimated duration= 215.000
script duration name:unknown120_60 seconds:214.0
script duration name:co2 seconds:0.0
Script duration 214.0
Run total estimated duration= 215.000
script duration name:unknown120_60 seconds:214.0
script duration name:co2 seconds:0.0
Script duration 214.0
Run total estimated duration= 215.000
script duration name:unknown120_60 seconds:214.0
script duration name:co2 seconds:0.0
Script duration 214.0
Run total estimated duration= 215.000
script duration name:unknown120_60 seconds:214.0
script duration name:co2 seconds:0.0
Script duration 214.0
Run total estimated duration= 215.000
script duration name:unknown400_120 seconds:556.0
script duration name:co2 seconds:0.0
Script duration 556.0
Run total estimated duration= 557.000
script duration name:unknown120_60 seconds:214.0
script duration name:co2 seconds:0.0
Script duration 214.0
Run total estimated duration= 215.000
script duration name:unknown120_60 seconds:214.0
script duration name:co2 seconds:0.0
Script duration 214.0
Run total estimated duration= 215.000
script duration name:unknown120_60 seconds:214.0
script duration name:co2 seconds:0.0
Script duration 214.0
Run total estimated duration= 215.000
script duration name:unknown120_60 seconds:214.0
script duration name:co2 seconds:0.0
Script duration 214.0
Run total estimated duration= 215.000
script duration name:unknown120_60 seconds:214.0
script duration name:co2 seconds:0.0
Script duration 214.0
Run total estimated duration= 215.000
script duration name:unknown120_60 seconds:214.0
script duration name:co2 seconds:0.0
Script duration 214.0
Run total estimated duration= 215.000
script duration name:unknown120_60 seconds:214.0
script duration name:co2 seconds:0.0
Script duration 214.0
Run total estimated duration= 215.000
script duration name:unknown120_60 seconds:214.0
script duration name:co2 seconds:0.0
Script duration 214.0
Run total estimated duration= 215.000
script duration name:unknown120_60 seconds:214.0
script duration name:co2 seconds:0.0
Script duration 214.0
Run total estimated duration= 215.000
script duration name:unknown120_60 seconds:214.0
script duration name:co2 seconds:0.0
Script duration 214.0
Run total estimated duration= 215.000
script duration name:unknown120_60 seconds:214.0
script duration name:co2 seconds:0.0
Script duration 214.0
Run total estimated duration= 215.000
script duration name:unknown120_60 seconds:214.0
script duration name:co2 seconds:0.0
Script duration 214.0
Run total estimated duration= 215.000
script duration name:unknown120_60 seconds:214.0
script duration name:co2 seconds:0.0
Script duration 214.0
Run total estimated duration= 215.000
script duration name:unknown120_60 seconds:214.0
script duration name:co2 seconds:0.0
Script duration 214.0
Run total estimated duration= 215.000
script duration name:unknown120_60 seconds:214.0
script duration name:co2 seconds:0.0
Script duration 214.0
Run total estimated duration= 215.000
script duration name:unknown400_120 seconds:556.0
script duration name:co2 seconds:0.0
Script duration 556.0
Run total estimated duration= 557.000
script duration name:unknown400_120 seconds:556.0
script duration name:cocktail_x1 seconds:108.0
Script duration 664.0
Run total estimated duration= 665.000
script duration name:unknown400_120 seconds:556.0
script duration name:cocktail_x1 seconds:108.0
Script duration 664.0
Run total estimated duration= 665.000
script duration name:unknown400_120 seconds:556.0
sniffair_x2 in script context. using previous estimated duration
script duration name:sniffair_x2 seconds:250.0
Script duration 806.0
Run total estimated duration= 807.000
script duration name:unknown400_120 seconds:556.0
script duration name:sniffair_x2 seconds:250.0
Script duration 806.0
Run total estimated duration= 807.000
ic_peak_hop3 in script context. using previous estimated duration
script duration name:ic_peak_hop3 seconds:134.0
air_x1 in script context. using previous estimated duration
script duration name:air_x1 seconds:106.0
Script duration 240.0
Run total estimated duration= 241.000
script duration name:unknown120_60 seconds:214.0
script duration name:co2 seconds:0.0
Script duration 214.0
Run total estimated duration= 215.000
script duration name:unknown120_60 seconds:214.0
script duration name:co2 seconds:0.0
Script duration 214.0
Run total estimated duration= 215.000
script duration name:unknown120_60 seconds:214.0
script duration name:co2 seconds:0.0
Script duration 214.0
Run total estimated duration= 215.000
script duration name:unknown120_60 seconds:214.0
script duration name:co2 seconds:0.0
Script duration 214.0
Run total estimated duration= 215.000
script duration name:unknown120_60 seconds:214.0
script duration name:co2 seconds:0.0
Script duration 214.0
Run total estimated duration= 215.000
script duration name:unknown120_60 seconds:214.0
script duration name:co2 seconds:0.0
Script duration 214.0
Run total estimated duration= 215.000
script duration name:unknown120_60 seconds:214.0
script duration name:co2 seconds:0.0
Script duration 214.0
Run total estimated duration= 215.000
script duration name:unknown120_60 seconds:214.0
script duration name:co2 seconds:0.0
Script duration 214.0
Run total estimated duration= 215.000
script duration name:unknown120_60 seconds:214.0
script duration name:co2 seconds:0.0
Script duration 214.0
Run total estimated duration= 215.000
script duration name:unknown120_60 seconds:214.0
script duration name:co2 seconds:0.0
Script duration 214.0
Run total estimated duration= 215.000
script duration name:unknown120_60 seconds:214.0
script duration name:co2 seconds:0.0
Script duration 214.0
Run total estimated duration= 215.000
script duration name:unknown120_60 seconds:214.0
script duration name:co2 seconds:0.0
Script duration 214.0
Run total estimated duration= 215.000
script duration name:unknown120_60 seconds:214.0
script duration name:co2 seconds:0.0
Script duration 214.0
Run total estimated duration= 215.000
nruns=75 before=5.0, run_dur=21571.0, btw=2220.0
write rem/ex queues
/Users/jan/PychronDev/experiments/rem/CurrentExperiment.rem.txt
/Users/jan/PychronDev/experiments/rem/CurrentExperiment.ex.txt
doing event level: 3
