do run
loading script "jan_unknown120_60.py"
loading script "jan_pump_ms.py"
loading script "jan_co2.py"
loading script "jan_pump_extraction_line.py"
testing...
no interpolation path defined
executed 213.652928
script duration name:unknown120_60 seconds:214.0
loading script "jan_unknown120_60.py"
loading script "jan_pump_ms.py"
loading script "jan_co2.py"
loading script "jan_pump_extraction_line.py"
testing...
no interpolation path defined
executed 0
loading script "jan_unknown120_60.py"
loading script "jan_pump_ms.py"
loading script "jan_co2.py"
loading script "jan_pump_extraction_line.py"
testing...
no interpolation path defined
calculate duration
testing...
no interpolation path defined
executed 0
calculate duration
testing...
no interpolation path defined
executed 0
executed 0.0
script duration name:co2 seconds:0.0
loading script "jan_unknown120_60.py"
loading script "jan_pump_ms.py"
loading script "jan_co2.py"
loading script "jan_pump_extraction_line.py"
testing...
no interpolation path defined
calculate duration
testing...
no interpolation path defined
executed 4.0
executed 4.0
Script duration 214.0
Run total estimated duration= 215.000
run duration: 0:03:35
doing event level: 2
16:07:05 -- Setting default integration. t=1.048576
setting integration time = 1.048576
Get Checksum: 2035439760
SetIntegrationTime 1.048576 ===>> OK
----------------- start -----------------
**************** Experiment Type: Ar/Ar, Ar/Ar
create new session 4993924272
close session 4993924272
$$$$$ Clearing conditionals
adding conditionals 
Add queue conditionals
add default conditionals
adding default conditionals from /Users/jan/PychronDev/setupfiles/spectrometer/default_conditionals.yaml
Start automated run 25383-06
loading script "jan_unknown120_60.py"
loading script "jan_pump_ms.py"
loading script "jan_co2.py"
loading script "jan_pump_extraction_line.py"
%%%%%%%%%%%%%%%%%% setting automated run 25383-06
No value "sensitivity_multiplier" in metadata
$$$$$$$$$$$$$$$ auto_save_detector_ic=False
============================= Pre Extraction Check =============================
loading queue conditionals pre_run_terminations
loading system conditionals pre_run_terminations
loading conditionals from /Users/jan/PychronDev/setupfiles/spectrometer/default_conditionals.yaml
16:07:06 -- ******* Pre Extraction Check *******
Get a measurement from the spectrometer
GetData ===>> H2,-0.201696380510657,H1,0.0418993659304646,AX,0.0368282472403857,L1,0.000156025099811631,L2,-0.0...
Pre Extraction Termination data. keys=H2,H1,AX,L1,L2,CDD, signals=-0.20170,0.04190,0.03683,0.00016,-0.01141,0.00372
16:07:06 -- testing system defined conditionals
Checking default pre extraction terminations n=2
testing CDD
evaluate ot="CDD.inactive" t="CDD", ctx="{'CDD': False}"
GetDeflection CDD ===>> 50
testing CDD==2000
evaluate ot="CDD.deflection==2000" t="CDD==2000", ctx="{'CDD': 50.0}"
16:07:06 -- ******* Pre Extraction Check Passed *******
=================================================================================
16:07:06 -- stopping status monitor
stop 5064012720
Alive clients [4977824688, 4983939824]
16:07:06 -- starting status monitor
start 5064012720
Monitor already running
start extraction
do extraction
Analysis started at 16:07:06.043908
Extraction Started jan_co2.py
16:07:06 -- ******* Extraction Started jan_co2.py *******
state changed from not run to extraction
DO EXTRACTION <pychron.extraction_line.pyscript_runner.RemotePyScriptRunner object at 0x12c3c43b0>
testing...
no interpolation path defined
calculate duration
testing...
no interpolation path defined
executed 0
calculate duration
testing...
no interpolation path defined
executed 0
executed 100.0
Jan CO2 laser analysis
doing GOSUB
testing...
no interpolation path defined
executed 0
Waiting for CO2 access
wait ('FelixCO2Flag', 0) {}
waiting for FelixCO2Flag = 0
Read FelixCO2Flag ===>> 0
finished waiting
CO2 free
wait ('CO2PumpTimeFlag', 0) {}
waiting for CO2PumpTimeFlag = 0
Read CO2PumpTimeFlag ===>> 0
finished waiting
acquire ('JanCO2Flag',) {'clear': True}
acquire JanCO2Flag
Set JanCO2Flag 1 ===>> OK
JanCO2Flag acquired
set extraction state False (0.75, 'red', 1.5)
CO2 acquired
executed 0
WaitForCO2Access.py completed successfully
gosub finished
doing GOSUB
testing...
no interpolation path defined
executed 0
Prepare for CO2 analysis
close () {'description': 'Jan Inlet'}
closing name=--- desc=Jan Inlet
checking ownership. requestor=129.138.12.150
check software interlocks R
interlocks []
actuate state mode=None-script, software_lock=False
doing actuation None-script close_channel False
Close R ===>> OK
GetIndicatorState R ===>> False
change switch state (True, True)
update switch state R False args=() kw={} ncanvase=3
16:07:06 -- CLOSE  VALVE-R (Jan Inlet)
---------------------------------------- close None (Jan Inlet) result=[(True, True)]
action=close, ok=True, locked=[False]
open () {'description': 'Jan Ion Pump'}
opening name=--- desc=Jan Ion Pump
checking ownership. requestor=129.138.12.150
check software interlocks O
interlocks []
actuate state mode=None-script, software_lock=False
doing actuation None-script open_channel False
Open O ===>> OK
GetIndicatorState O ===>> OK
change switch state (True, True)
update switch state O True args=() kw={} ncanvase=3
16:07:06 -- OPEN   VALVE-O (Jan Ion Pump)
---------------------------------------- open None (Jan Ion Pump) result=[(True, True)], time=0.11 sec
action=open, ok=True, locked=[False]
close () {'description': 'Microbone to Minibone'}
closing name=--- desc=Microbone to Minibone
checking ownership. requestor=129.138.12.150
check software interlocks L
interlocks []
actuate state mode=None-script, software_lock=False
doing actuation None-script close_channel False
Close L ===>> OK
GetIndicatorState L ===>> False
change switch state (True, True)
update switch state L False args=() kw={} ncanvase=3
16:07:07 -- CLOSE  VALVE-L (Microbone to Minibone)
---------------------------------------- close None (Microbone to Minibone) result=[(True, True)]
action=close, ok=True, locked=[False]
open () {'description': 'Microbone to Turbo'}
opening name=--- desc=Microbone to Turbo
checking ownership. requestor=129.138.12.150
check software interlocks U
interlocks []
actuate state mode=None-script, software_lock=False
doing actuation None-script open_channel False
Open U ===>> OK
GetIndicatorState U ===>> OK
change switch state (True, True)
update switch state U True args=() kw={} ncanvase=3
16:07:07 -- OPEN   VALVE-U (Microbone to Turbo)
---------------------------------------- open None (Microbone to Turbo) result=[(True, True)], time=0.16 sec
action=open, ok=True, locked=[False]
open () {'description': 'Microbone to Inlet Pipette'}
opening name=--- desc=Microbone to Inlet Pipette
checking ownership. requestor=129.138.12.150
check software interlocks S
interlocks []
actuate state mode=None-script, software_lock=False
doing actuation None-script open_channel False
Open S ===>> OK
GetIndicatorState S ===>> OK
change switch state (True, True)
update switch state S True args=() kw={} ncanvase=3
16:07:08 -- OPEN   VALVE-S (Microbone to Inlet Pipette)
---------------------------------------- open None (Microbone to Inlet Pipette) result=[(True, True)], time=0.41 sec
action=open, ok=True, locked=[False]
open () {'description': 'Microbone to Getter D-50'}
opening name=--- desc=Microbone to Getter D-50
checking ownership. requestor=129.138.12.150
check software interlocks K
interlocks []
actuate state mode=None-script, software_lock=False
doing actuation None-script open_channel False
Open K ===>> OK
GetIndicatorState K ===>> OK
change switch state (True, True)
update switch state K True args=() kw={} ncanvase=3
16:07:09 -- OPEN   VALVE-K (Microbone to Getter D-50)
---------------------------------------- open None (Microbone to Getter D-50) result=[(True, True)], time=0.45 sec
Get Checksum: 2035439760
action=open, ok=True, locked=[False]
open () {'description': 'Microbone to Getter NP-10'}
opening name=--- desc=Microbone to Getter NP-10
checking ownership. requestor=129.138.12.150
check software interlocks M
interlocks []
actuate state mode=None-script, software_lock=False
doing actuation None-script open_channel False
Open M ===>> OK
GetIndicatorState M ===>> OK
change switch state (True, True)
update switch state M True args=() kw={} ncanvase=3
16:07:09 -- OPEN   VALVE-M (Microbone to Getter NP-10)
---------------------------------------- open None (Microbone to Getter NP-10) result=[(True, True)], time=0.13 sec
action=open, ok=True, locked=[False]
close () {'description': 'CO2 Laser to Felix'}
closing name=--- desc=CO2 Laser to Felix
checking ownership. requestor=129.138.12.150
check software interlocks F
interlocks []
actuate state mode=None-script, software_lock=True
VALVE-F(CO2 Laser to Felix) software locked
change switch state (True, False)
---------------------------------------- close None (CO2 Laser to Felix) result=[(True, False)]
action=close, ok=True, locked=[True]
open () {'description': 'CO2 Laser to Jan'}
opening name=--- desc=CO2 Laser to Jan
checking ownership. requestor=129.138.12.150
check software interlocks A
interlocks []
actuate state mode=None-script, software_lock=False
doing actuation None-script open_channel False
Open A ===>> OK
GetIndicatorState A ===>> OK
change switch state (True, True)
update switch state A True args=() kw={} ncanvase=3
16:07:10 -- OPEN   VALVE-A (CO2 Laser to Jan)
---------------------------------------- open None (CO2 Laser to Jan) result=[(True, True)], time=0.13 sec
action=open, ok=True, locked=[False]
open () {'description': 'Microbone to CO2 Laser'}
opening name=--- desc=Microbone to CO2 Laser
checking ownership. requestor=129.138.12.150
check software interlocks T
interlocks []
actuate state mode=None-script, software_lock=False
doing actuation None-script open_channel False
Open T ===>> OK
GetIndicatorState T ===>> OK
change switch state (True, True)
update switch state T True args=() kw={} ncanvase=3
16:07:10 -- OPEN   VALVE-T (Microbone to CO2 Laser)
---------------------------------------- open None (Microbone to CO2 Laser) result=[(True, True)], time=0.41 sec
action=open, ok=True, locked=[False]
executed 0
PrepareForCO2Analysis.py completed successfully
gosub finished
set_motor ('beam', '1.25') {}
setting motor "beam" to 1.25
set motor beam to 1.25
SetMotor beam,1.25 ===>> OK
GetMotorMoving beam ===>> False
GetMotorMoving beam ===>> False
Block completed
move_to_position ('153',) {'autocenter': True}
FusionsCO2 move to position 153
sending GoToHole 153,True
GoToHole 153,True ===>> OK
Get Checksum: 2035439760
GetDriveMoving ===>> OK
GetDriveMoving ===>> OK
GetDriveMoving ===>> OK
GetDriveMoving ===>> OK
GetDriveMoving ===>> OK
GetDriveMoving ===>> OK
GetDriveMoving ===>> False
GetDriveMoving ===>> OK
GetDriveMoving ===>> OK
GetDriveMoving ===>> OK
Get Checksum: 2035439760
GetDriveMoving ===>> OK
GetDriveMoving ===>> OK
GetDriveMoving ===>> OK
GetDriveMoving ===>> False
Block completed
GetAutoCorrecting ===>> False
GetAutoCorrecting ===>> False
Block completed
update position
GetPosition ===>> 15.95120,-3.98780,1.00000
got position (15.9512, -3.9878, 1.0)
move to position succeeded
sleep (5,) {}
SLEEP 5.0
block started
WaitControl setup for 5.0  
Get Checksum: 2035439760
Get Checksum: 2035439760
Join finished
block finished. duration 5.00987911224
close () {'description': 'Microbone to Turbo'}
closing name=--- desc=Microbone to Turbo
checking ownership. requestor=129.138.12.150
check software interlocks U
interlocks []
actuate state mode=None-script, software_lock=False
doing actuation None-script close_channel True
Close U ===>> OK
GetIndicatorState U ===>> False
change switch state (True, True)
update switch state U False args=() kw={} ncanvase=3
16:07:22 -- CLOSE  VALVE-U (Microbone to Turbo)
---------------------------------------- close None (Microbone to Turbo) result=[(True, True)]
action=close, ok=True, locked=[False]
enable laser
enable () {}
set extraction state FusionsCO2 Enabled (False, 'red', 1.5)
enabling laser
Enable ===>> OK
begin interval
BEGIN INTERVAL Interval 1 waiting for 30.0
block started
WaitControl setup for 30.0  
set extract to 5.0
extract (5.0,) {}
GetPosition ===>> 15.95120,-3.98780,1.00000
set extraction state FusionsCO2 ON! 5.0(watts) (0.75, 'red', 1.5)
extract sample to 5.0 (watts)
set laser output
SetLaserOutput 5.0,watts ===>> OK
executing pattern triangle.lp
execute_pattern ('triangle.lp',) {}
executing pattern triangle.lp
Get Checksum: -1640178555
IsPatterning ===>> OK
IsPatterning ===>> OK
IsPatterning ===>> OK
Get Checksum: -1640178555
IsPatterning ===>> OK
IsPatterning ===>> OK
IsPatterning ===>> OK
IsPatterning ===>> OK
Get Checksum: -1640178555
IsPatterning ===>> OK
IsPatterning ===>> OK
IsPatterning ===>> OK
Get Checksum: -1640178555
IsPatterning ===>> OK
IsPatterning ===>> OK
IsPatterning ===>> OK
IsPatterning ===>> OK
IsPatterning ===>> OK
Get Checksum: -1640178555
IsPatterning ===>> OK
IsPatterning ===>> OK
IsPatterning ===>> OK
Get Checksum: -1640178555
IsPatterning ===>> OK
IsPatterning ===>> OK
IsPatterning ===>> OK
Get Checksum: -1640178555
IsPatterning ===>> OK
IsPatterning ===>> OK
IsPatterning ===>> OK
Get Checksum: -1640178555
IsPatterning ===>> OK
IsPatterning ===>> OK
IsPatterning ===>> False
Get Checksum: -1640178555
IsPatterning ===>> False
Block completed
COMPLETE INTERVAL waiting for Interval 1 to complete
Join finished
block finished. duration 30.0560281277
Interval 1 finished
end_extract () {}
ending extraction. set laser power to 0
set laser power 0
SetLaserPower 0 ===>> OK
disable () {}
%%%%%%%%%%%%%%%%%%%%%%%%%%%%%%%%%%% disable
set extraction state False (0.75, 'red', 1.5)
disabling laser
Disable ===>> OK
sleep (30.0,) {}
SLEEP 30.0
block started
WaitControl setup for 30.0  
Get Checksum: -1640178555
Get Checksum: -1640178555
Get Checksum: -1640178555
Get Checksum: -1640178555
Get Checksum: -1640178555
Get Checksum: -1640178555
Get Checksum: -1640178555
Get Checksum: -1640178555
Get Checksum: -1640178555
Get Checksum: -1640178555
Join finished
block finished. duration 30.0567519665
executed 166.5
jan_co2.py completed successfully
GetAchievedOutput ===>> No Response
Requested Output= 0.000
Achieved Output=  0.000
GetResponseBlob ===>> No Response
GetOutputBlob ===>> No Response
persistence save...
persistence save - db
AutomatedRunPersister post_extraction_save deprecated
persistence save - dvc
no extraction position for 153
create new session 4983587952
close session 4983587952
Extraction Finished
16:08:23 -- ******* Extraction Finished *******
no overlap. not waiting for min ms pumptime
16:08:23 -- Sending spectrometer configuration
======== Sending configuration ========
SetDeflection CDD,50.0 ===>> OK
SetDeflection H2,0.0 ===>> OK
SetDeflection H1,0.0 ===>> OK
SetDeflection L2,825.0 ===>> OK
SetDeflection L1,400.0 ===>> OK
SetDeflection AX,190.0 ===>> OK
SetZFocus 74.64 ===>> OK
SetZSymmetry -50.72 ===>> OK
SetExtractionLens 26.13 ===>> OK
SetIonRepeller -3.81 ===>> OK
SetElectronEnergy 75.08 ===>> OK
SetYSymmetry -2.81 ===>> OK
SetIonCounterVoltage 1590.0 ===>> OK
send trap current 200.0
GetParameter Trap Current Readback ===>> 198.035158395898
SetParameter Trap Current Set,200.0 ===>> OK
updating mftable name mftable
Using mftable located at /Users/jan/PychronDev/setupfiles/spectrometer/mftables/mftable.csv
============ MFtable ===========
Isotope  H2     H1     AX     L1     L2     CDD    
Ar40     5.7849 5.8796 5.9930 6.1248 6.2313 6.3530
Ar39     5.6841 5.7719 5.8854 6.0109 6.1165 6.2395
Ar36     5.3616 5.4409 5.5487 5.6697 5.7714 5.8906
================================
get initial guess parabolic
get initial guess parabolic
get initial guess parabolic
get initial guess parabolic
get initial guess parabolic
get initial guess parabolic
======== Configuration Finished ========
GetYSymmetry ===>> -2.81
GetZSymmetry ===>> -50.72
GetParameter Trap Current Readback ===>> 198.035158395898
GetHighVoltage ===>> 4500
start measurement
do measurement
L#=25383 analysis type=unknown
Measurement Started jan_unknown120_60.py
16:08:23 -- ******* Measurement Started jan_unknown120_60.py *******
state changed from extraction to measurement
setting spec, defl, and gains
GetExtractionLens ===>> 26.13
GetYSymmetry ===>> -2.81
GetZSymmetry ===>> -50.72
GetZFocus ===>> 74.64
GetDeflection H2 ===>> 0
GetDeflection H1 ===>> 0
GetDeflection AX ===>> 190
GetDeflection L1 ===>> 400
GetDeflection L2 ===>> 825
GetDeflection CDD ===>> 50
GetGain H2 ===>> 0.0113
GetGain H1 ===>> 0.1
GetGain AX ===>> 0.097049
GetGain L1 ===>> 0.010355
GetGain L2 ===>> 0.095649
GetGain CDD ===>> 0
pre measurement save
New frame /Users/jan/PychronDev/data/isotopes/73/3cebf4-3098-4074-ad7b-d0d432a25455.h5
flush and close file /Users/jan/PychronDev/data/isotopes/73/3cebf4-3098-4074-ad7b-d0d432a25455.h5
testing...
no interpolation path defined
executed 226.132928
unknown measurement script
activate_detectors ('H2', 'H1', 'AX', 'L1', 'L2', 'CDD') {}
activate detectors
*************** Set Analysis View Ar/Ar
create graphs
Get Checksum: -1640178555
clearing graphs
clear isotope group
setting isotope det=H2, iso=PM41
setting isotope det=H1, iso=Ar40
setting isotope det=AX, iso=Ar39
setting isotope det=L1, iso=Ar38
setting isotope det=L2, iso=Ar37
setting isotope det=CDD, iso=Ar36
setting previous blanks
 - setting Ar40 blank 0.835+/-0.007
 - setting Ar36 blank 0.00679+/-0.00020
 - setting Ar37 blank 0.051+/-0.005
 - setting Ar38 blank 0.0190+/-0.0023
 - setting PM41 blank 0.02+/-0.07
 - setting Ar39 blank 0.026+/-0.009
load analysis view
position_magnet ('Ar40',) {'detector': 'H1'}
detector Detector(H1)
POSITION Ar40 H1
setting detector H2 to PM41 (40.9624)
setting detector H1 to Ar40 (39.9624)
setting detector AX to Ar39 (38.9624)
setting detector L1 to Ar38 (37.9624)
setting detector L2 to Ar37 (36.9624)
setting detector CDD to Ar36 (35.9624)
Mapping mass to dac mass func: "parabolic"
H1 map mass coeffs = [-0.00063987  0.15840543  0.57119999]
H1 map mass to dac 39.9624 >> 5.87959
GetDeflection H1 ===>> 0
GetHighVoltage ===>> 4500
positioning Ar40 (5.87959) on H1
setting magnet DAC
current  : 5.879590
requested: 5.879590
Delta Dac: 0.000000
Checking detector protection. dv=0.00000
Checking detector "CDD". Protection Threshold: 0.1 (V)
SetMagnetDAC 5.87959 ===>> OK
equilibrate () {'delay': 3, 'inlet': 'R', 'outlet': 'O', 'eqtime': 12.0}
Equilibration Started
16:08:24 -- ******* Equilibration Started *******
checking ownership. requestor=129.138.12.150
check software interlocks O
interlocks []
actuate state mode=None-script, software_lock=False
doing actuation None-script close_channel True
Close O ===>> OK
GetIndicatorState O ===>> False
change switch state (True, True)
update switch state O False args=() kw={} ncanvase=3
16:08:24 -- CLOSE  VALVE-O (Jan Ion Pump)
waiting 3s before opening inlet value ('R',)
Get Checksum: -423938523
checking ownership. requestor=129.138.12.150
check software interlocks R
interlocks []
actuate state mode=None-script, software_lock=False
doing actuation None-script open_channel True
Open R ===>> OK
GetIndicatorState R ===>> OK
change switch state (True, True)
update switch state R True args=() kw={} ncanvase=3
16:08:28 -- OPEN   VALVE-R (Jan Inlet)
set_time_zero () {}
equilibrating for 12.0sec
sniff (12.0,) {}
py_sniff
build tables- sniff [Detector(H2), Detector(H1), Detector(AX), Detector(L1), Detector(L2), Detector(CDD)]
add group /sniff/PM41 (Group) '' table H2
add group /sniff/Ar40 (Group) '' table H1
add group /sniff/Ar39 (Group) '' table AX
add group /sniff/Ar38 (Group) '' table L1
add group /sniff/Ar37 (Group) '' table L2
add group /sniff/Ar36 (Group) '' table CDD
flush and close file /Users/jan/PychronDev/data/isotopes/73/3cebf4-3098-4074-ad7b-d0d432a25455.h5
measuring sniff. ncounts=12.0
starting measurement
GetData ===>> H2,-0.141864855112246,H1,1.0248129983123,AX,0.100281972578217,L1,0.0299573013363854,L2,-0.0327170...
GetData ===>> H2,0.840423807922681,H1,380.352977187572,AX,100.15355188282,L1,0.47381123015813,L2,0.671460130906...
Get Checksum: -173909521
GetData ===>> H2,0.824593616575664,H1,840.920592098002,AX,212.833274131464,L1,1.61830511208588,L2,0.92156881986...
GetData ===>> H2,0.326852425224365,H1,990.059009710369,AX,244.585513937902,L1,2.35020188099486,L2,0.85818520188...
GetData ===>> H2,0.169497777496994,H1,1039.50951698772,AX,254.50292346002,L1,2.78330351342968,L2,0.913689389719...
Get Checksum: -173909521
GetData ===>> H2,0.071075008702995,H1,1057.87546020914,AX,257.688062897388,L1,3.09264255324586,L2,0.85534674057...
GetData ===>> H2,-0.000422461603138323,H1,1065.58189554749,AX,258.895642270345,L1,3.19846562574524,L2,0.9444548...
GetData ===>> H2,0.0492896796142313,H1,1068.4939004184,AX,259.618059455332,L1,3.28224532651738,L2,0.93086921105...
Get Checksum: -173909521
GetData ===>> H2,0.0347861416268128,H1,1070.06927956385,AX,259.881523075592,L1,3.34121204902428,L2,0.9070358972...
GetData ===>> H2,-0.0172876282398317,H1,1071.54419069678,AX,259.960825612615,L1,3.38302964802004,L2,0.837985881...
Get Checksum: -173909521
GetData ===>> H2,-7.99176376430779E-05,H1,1071.3303529119,AX,259.974668457383,L1,3.3716282743476,L2,0.892825763...
Equilibration Finished
16:08:40 -- ******* Equilibration Finished *******
checking ownership. requestor=129.138.12.150
check software interlocks R
interlocks []
actuate state mode=None-script, software_lock=False
doing actuation None-script close_channel True
GetData ===>> H2,-0.036109375424434,H1,1071.03323988823,AX,259.851210863973,L1,3.41719820943052,L2,0.8539275413...
Close R ===>> OK
GetIndicatorState R ===>> False
change switch state (True, True)
update switch state R False args=() kw={} ncanvase=3
16:08:40 -- CLOSE  VALVE-R (Jan Inlet)
Post Equilibration Started jan_pump_extraction_line.py
16:08:40 -- ******* Post Equilibration Started jan_pump_extraction_line.py *******
testing...
no interpolation path defined
calculate duration
testing...
no interpolation path defined
executed 4.0
executed 4.0
Pump after analysis
doing GOSUB
testing...
no interpolation path defined
executed 4.0
Pump Microbone
close () {'description': 'Jan Inlet'}
closing name=--- desc=Jan Inlet
checking ownership. requestor=129.138.12.150
check software interlocks R
interlocks []
actuate state mode=None-script, software_lock=False
doing actuation None-script close_channel False
Close R ===>> OK
measurement finished
estimated time: 12.583 actual time: :12.679
flush and close file /Users/jan/PychronDev/data/isotopes/73/3cebf4-3098-4074-ad7b-d0d432a25455.h5
set_fits () {}
GetIndicatorState R ===>> False
using default fits file=/Users/jan/PychronDev/scripts/measurement/fits/nominal_linear.yaml
change switch state (True, True)
update switch state R False args=() kw={} ncanvase=3
set "Ar40" to "('Linear', 'SEM')"
No fit for "PM41". defaulting to linear. check the measurement script "jan_unknown120_60.py"
set "PM41" to "linear"
set "Ar36" to "('Linear', 'SEM')"
set "Ar37" to "('linear', 'SEM')"
set "Ar38" to "('linear', 'SEM')"
set "Ar39" to "('Linear', 'SEM')"
set_baseline_fits () {}
16:08:41 -- CLOSE  VALVE-R (Jan Inlet)
using default fits file=/Users/jan/PychronDev/scripts/measurement/fits/nominal_linear.yaml
---------------------------------------- close None (Jan Inlet) result=[(True, True)]
set "H1" to "('average', 'SEM')"
set "H2" to "('average', 'SEM')"
set "CDD" to "('average', 'SEM')"
set "L2" to "('average', 'SEM')"
set "L1" to "('average', 'SEM')"
set "AX" to "('average', 'SEM')"
multicollect () {'integration_time': 1, 'ncounts': 120}
build tables- signal [Detector(H2), Detector(H1), Detector(AX), Detector(L1), Detector(L2), Detector(CDD)]
add group /signal/PM41 (Group) '' table H2
add group /signal/Ar40 (Group) '' table H1
add group /signal/Ar39 (Group) '' table AX
add group /signal/Ar38 (Group) '' table L1
add group /signal/Ar37 (Group) '' table L2
add group /signal/Ar36 (Group) '' table CDD
flush and close file /Users/jan/PychronDev/data/isotopes/73/3cebf4-3098-4074-ad7b-d0d432a25455.h5
measuring signal. ncounts=120
action=close, ok=True, locked=[False]
is_closed ('F',) {}
is F () closed?
is closed True
open () {'description': 'CO2 Laser to Jan'}
opening name=--- desc=CO2 Laser to Jan
checking ownership. requestor=129.138.12.150
check software interlocks A
interlocks []
actuate state mode=None-script, software_lock=False
doing actuation None-script open_channel False
Open A ===>> OK
GetIndicatorState A ===>> OK
change switch state (True, True)
update switch state A True args=() kw={} ncanvase=3
16:08:41 -- OPEN   VALVE-A (CO2 Laser to Jan)
---------------------------------------- open None (CO2 Laser to Jan) result=[(True, True)], time=0.11 sec
starting measurement
GetData ===>> H2,0.131868700242348,H1,1070.98043001993,AX,259.899484765244,L1,3.46119071439505,L2,0.83980536250...
action=open, ok=True, locked=[False]
sleep (1,) {}
SLEEP 1.0
Get Checksum: -423938523
close () {'description': 'CO2 Laser to Roughing'}
closing name=--- desc=CO2 Laser to Roughing
checking ownership. requestor=129.138.12.150
check software interlocks G
interlocks []
actuate state mode=None-script, software_lock=True
VALVE-G(CO2 Laser to Roughing) software locked
change switch state (True, False)
---------------------------------------- close None (CO2 Laser to Roughing) result=[(True, False)]
action=close, ok=True, locked=[True]
open () {'description': 'Microbone to Turbo'}
opening name=--- desc=Microbone to Turbo
checking ownership. requestor=129.138.12.150
check software interlocks U
interlocks []
actuate state mode=None-script, software_lock=False
doing actuation None-script open_channel True
GetData ===>> H2,0.0740310691017937,H1,1070.68161512004,AX,259.95226568423,L1,3.4568319972483,L2,0.879419094457...
Open U ===>> OK
GetIndicatorState U ===>> OK
change switch state (True, True)
update switch state U True args=() kw={} ncanvase=3
16:08:43 -- OPEN   VALVE-U (Microbone to Turbo)
---------------------------------------- open None (Microbone to Turbo) result=[(True, True)], time=0.15 sec
action=open, ok=True, locked=[False]
open () {'description': 'Microbone to Getter NP-10'}
opening name=--- desc=Microbone to Getter NP-10
checking ownership. requestor=129.138.12.150
check software interlocks M
interlocks []
actuate state mode=None-script, software_lock=False
doing actuation None-script open_channel False
Open M ===>> OK
GetIndicatorState M ===>> OK
change switch state (True, True)
update switch state M True args=() kw={} ncanvase=3
16:08:43 -- OPEN   VALVE-M (Microbone to Getter NP-10)
---------------------------------------- open None (Microbone to Getter NP-10) result=[(True, True)], time=0.15 sec
action=open, ok=True, locked=[False]
open () {'description': 'Microbone to Getter D-50'}
opening name=--- desc=Microbone to Getter D-50
checking ownership. requestor=129.138.12.150
check software interlocks K
interlocks []
actuate state mode=None-script, software_lock=False
doing actuation None-script open_channel False
GetData ===>> H2,-0.0139953748630574,H1,1069.98925653043,AX,259.763845466839,L1,3.449571045173,L2,0.82378595483...
Open K ===>> OK
GetIndicatorState K ===>> OK
change switch state (True, True)
update switch state K True args=() kw={} ncanvase=3
16:08:44 -- OPEN   VALVE-K (Microbone to Getter D-50)
---------------------------------------- open None (Microbone to Getter D-50) result=[(True, True)], time=0.42 sec
action=open, ok=True, locked=[False]
open () {'description': 'Microbone to CO2 Laser'}
opening name=--- desc=Microbone to CO2 Laser
checking ownership. requestor=129.138.12.150
check software interlocks T
interlocks []
actuate state mode=None-script, software_lock=False
doing actuation None-script open_channel False
Open T ===>> OK
GetIndicatorState T ===>> OK
change switch state (True, True)
update switch state T True args=() kw={} ncanvase=3
16:08:44 -- OPEN   VALVE-T (Microbone to CO2 Laser)
---------------------------------------- open None (Microbone to CO2 Laser) result=[(True, True)], time=0.40 sec
GetData ===>> H2,-0.128147814897928,H1,1070.02801761106,AX,259.676267617521,L1,3.45338301494824,L2,0.8889787395...
action=open, ok=True, locked=[False]
open () {'description': 'Microbone to Inlet Pipette'}
opening name=--- desc=Microbone to Inlet Pipette
checking ownership. requestor=129.138.12.150
check software interlocks S
interlocks []
actuate state mode=None-script, software_lock=False
doing actuation None-script open_channel False
Open S ===>> OK
Get Checksum: -110011688
GetIndicatorState S ===>> OK
change switch state (True, True)
update switch state S True args=() kw={} ncanvase=3
16:08:45 -- OPEN   VALVE-S (Microbone to Inlet Pipette)
---------------------------------------- open None (Microbone to Inlet Pipette) result=[(True, True)], time=0.42 sec
action=open, ok=True, locked=[False]
sleep (1,) {}
SLEEP 1.0
GetData ===>> H2,-0.121554704868012,H1,1069.66987910559,AX,259.408819690544,L1,3.47304240966088,L2,0.7842217298...
set_resource () {'name': 'CO2PumpTimeFlag', 'value': 30}
Set CO2PumpTimeFlag 30 ===>> OK
release ('JanCO2Flag',) {}
release JanCO2Flag
Set JanCO2Flag 0 ===>> OK
executed 6.0
PumpMicrobone.py completed successfully
gosub finished
get_resource_value () {'name': 'JanMiniboneFlag'}
Read JanMiniboneFlag ===>> 0
Get Resource Value JanMiniboneFlag=0.0
get resource value 0.0
get_resource_value () {'name': 'JanMiniboneFlag'}
Read JanMiniboneFlag ===>> 0
Get Resource Value JanMiniboneFlag=0.0
executed 4.0
jan_pump_extraction_line.py completed successfully
Post Equilibration Finished
16:08:46 -- ******* Post Equilibration Finished *******
GetData ===>> H2,-0.070044396358684,H1,1069.26246973366,AX,259.378124410149,L1,3.46303031564416,L2,0.8334544920...
GetData ===>> H2,-0.102540807702322,H1,1068.4793067727,AX,259.317834811857,L1,3.48025542100052,L2,0.85959301824...
Get Checksum: -110011688
GetData ===>> H2,-0.113008794819294,H1,1068.11109239372,AX,259.258075157001,L1,3.39137956857048,L2,0.8845823295...
GetData ===>> H2,-0.119679918231927,H1,1067.14100842295,AX,259.0530674576,L1,3.3722530405345,L2,0.7931398470715...
GetData ===>> H2,-0.0923576979100318,H1,1067.26910547035,AX,259.058123216581,L1,3.40399808114285,L2,0.790964620...
Get Checksum: -110011688
GetData ===>> H2,-0.0554741818876792,H1,1066.86208322914,AX,258.852455465002,L1,3.44272327731814,L2,0.815708609...
GetData ===>> H2,-0.0912332049597994,H1,1066.50188064203,AX,258.709369003407,L1,3.41702693957397,L2,0.868360859...
Get Checksum: -110011688
GetData ===>> H2,-0.148428113402388,H1,1066.15743975758,AX,258.927780968673,L1,3.42838278943964,L2,0.7625767021...
GetData ===>> H2,-0.132161624866925,H1,1065.61508958104,AX,258.521206339833,L1,3.43943337753282,L2,0.8719895600...
GetData ===>> H2,-0.0965782957878897,H1,1065.09850543886,AX,258.254546190691,L1,3.43816442844941,L2,0.936768324...
Get Checksum: -110011688
GetData ===>> H2,-0.0382392437070522,H1,1065.15800566896,AX,258.307349289748,L1,3.4280233663229,L2,0.8764426326...
GetData ===>> H2,-0.0799235012637048,H1,1064.90656962446,AX,258.483860757075,L1,3.43451151709054,L2,0.824495329...
GetData ===>> H2,-0.184353427084508,H1,1064.03755708358,AX,258.422792558709,L1,3.38359565205706,L2,0.9098300789...
Get Checksum: -110011688
GetData ===>> H2,-0.141775661592528,H1,1063.02999713482,AX,257.991097928511,L1,3.38435783913933,L2,0.7909188264...
GetData ===>> H2,-0.126729727117207,H1,1062.929111289,AX,257.984516015879,L1,3.36824586806652,L2,0.815102263999...
GetData ===>> H2,-0.132263067016665,H1,1062.38344336139,AX,257.814337138971,L1,3.3706435645609,L2,0.73062743974...
Get Checksum: -110011688
GetData ===>> H2,-0.252134687935538,H1,1062.08054139733,AX,258.0547689308,L1,3.38967210380979,L2,0.871451542142...
GetData ===>> H2,-0.182437804436926,H1,1062.01283117397,AX,258.028327102824,L1,3.38161870542668,L2,0.8425632586...
GetData ===>> H2,-0.0684237186818514,H1,1061.74922475681,AX,257.652314926521,L1,3.38389127390414,L2,0.794708330...
Get Checksum: -110011688
16:09:07 -- collecting point 25
GetData ===>> H2,0.0124463068661211,H1,1061.83120842778,AX,257.356730255759,L1,3.36741827213395,L2,0.8607147078...
GetData ===>> H2,-0.137446229889903,H1,1061.26549762408,AX,257.303059884902,L1,3.36414486815488,L2,0.9762157793...
GetData ===>> H2,-0.0911383631183247,H1,1060.64740183557,AX,257.266777910672,L1,3.35293514678496,L2,0.854419680...
Get Checksum: -110011688
GetData ===>> H2,-0.212699879851952,H1,1060.08050085803,AX,257.266293113039,L1,3.4070526621105,L2,0.86858979525...
GetData ===>> H2,-0.194511600018175,H1,1059.55308815631,AX,257.331480792696,L1,3.40726025651836,L2,0.8319211916...
GetData ===>> H2,-0.1282248651166,H1,1059.00252136137,AX,257.037180467032,L1,3.36767172595024,L2,0.794513699975...
Get Checksum: -110011688
GetData ===>> H2,-0.114268895420466,H1,1058.64131881986,AX,257.105398179522,L1,3.32014858170762,L2,0.8577159343...
GetData ===>> H2,-0.201221827762435,H1,1058.13234847324,AX,256.864449420318,L1,3.34284679294742,L2,0.8551063908...
GetData ===>> H2,-0.17782953944504,H1,1057.67520535689,AX,256.714653915282,L1,3.35938968690589,L2,0.75286034677...
Get Checksum: -110011688
GetData ===>> H2,-0.0965959009045479,H1,1058.03094531466,AX,256.700450891897,L1,3.36442484994735,L2,0.722195614...
GetData ===>> H2,-0.105899773512483,H1,1057.34655770409,AX,256.447393960218,L1,3.34466563893398,L2,0.8560906840...
GetData ===>> H2,-0.122627224944697,H1,1056.34757331574,AX,256.54880693521,L1,3.33248513713426,L2,0.82253884160...
GetData ===>> H2,-0.075242569086022,H1,1055.93136786252,AX,256.513097485197,L1,3.33606577166114,L2,0.8132031687...
Get Checksum: -110011688
GetData ===>> H2,-0.105334150985391,H1,1055.96116618333,AX,256.44207184481,L1,3.31798440124197,L2,0.90575334928...
GetData ===>> H2,-0.174241486136018,H1,1055.71122223907,AX,256.26888307086,L1,3.31105416180744,L2,0.83845505219...
GetData ===>> H2,-0.0809477911603499,H1,1054.61766526835,AX,255.891038812775,L1,3.30727423320146,L2,0.802322137...
Get Checksum: -110011688
GetData ===>> H2,-0.15079281948914,H1,1054.45793127689,AX,255.981260996885,L1,3.32345727824351,L2,0.65945497947...
GetData ===>> H2,-0.157632624178134,H1,1054.11045554515,AX,256.218951777806,L1,3.35544653550689,L2,0.8972111002...
GetData ===>> H2,-0.115431420621365,H1,1053.96601107122,AX,256.160775952334,L1,3.36111943397594,L2,0.8690362221...
Get Checksum: -110011688
GetData ===>> H2,-0.0281103312770067,H1,1053.42747709973,AX,255.865001673176,L1,3.33612312664886,L2,0.843421541...
GetData ===>> H2,-0.122904467750257,H1,1053.36606217339,AX,256.043712680344,L1,3.38263318121592,L2,0.7873584314...
GetData ===>> H2,-0.20106004386621,H1,1052.88256582722,AX,255.563024300885,L1,3.35820492209267,L2,0.75744945691...
Get Checksum: -110011688
GetData ===>> H2,-0.199564781519741,H1,1052.41487885438,AX,255.17824744416,L1,3.31386545308616,L2,0.80710572526...
GetData ===>> H2,-0.132245483775686,H1,1051.89288087929,AX,255.321253681778,L1,3.32764602324373,L2,0.8429981208...
GetData ===>> H2,-0.0636798383505736,H1,1051.29184725034,AX,255.260528954645,L1,3.32425382129872,L2,0.854305229...
Get Checksum: -110011688
16:09:33 -- collecting point 50
GetData ===>> H2,-0.0446598861085579,H1,1051.45175645809,AX,255.374454266994,L1,3.36224565718241,L2,0.742950448...
GetData ===>> H2,-0.145646825678106,H1,1050.04571595938,AX,254.987784181214,L1,3.37948088865796,L2,0.7907242033...
GetData ===>> H2,-0.246020071659984,H1,1049.72825940541,AX,255.198432985582,L1,3.35189659110644,L2,0.9174572342...
Get Checksum: -110011688
GetData ===>> H2,-0.17105313981582,H1,1049.24629846051,AX,255.02846108196,L1,3.33400537468886,L2,0.815754371622...
GetData ===>> H2,-0.0497045780561625,H1,1049.38101750644,AX,255.228111433392,L1,3.29812788105964,L2,0.769638557...
GetData ===>> H2,-0.161419680566759,H1,1048.69436705345,AX,254.911768545267,L1,3.29638489092315,L2,0.8053678288...
Get Checksum: -110011688
GetData ===>> H2,-0.112008465039235,H1,1048.06273403511,AX,254.939021650336,L1,3.28087312476567,L2,0.8568689694...
GetData ===>> H2,-0.115361049953748,H1,1047.8990163639,AX,254.724853700228,L1,3.32497355144332,L2,0.92065257386...
GetData ===>> H2,-0.0595458815190269,H1,1048.13185219093,AX,254.394320102891,L1,3.36140238040022,L2,0.850745864...
Get Checksum: -110011688
GetData ===>> H2,-0.0886274763357009,H1,1047.25873907687,AX,254.354989392393,L1,3.35542833510662,L2,0.828477076...
GetData ===>> H2,-0.0889066417168608,H1,1046.57152666215,AX,254.279049839888,L1,3.32501547883207,L2,0.752173715...
Get Checksum: -110011688
GetData ===>> H2,-0.137774746111789,H1,1046.34402475446,AX,254.092089565771,L1,3.30028882247601,L2,0.7930253602...
GetData ===>> H2,-0.074593266267701,H1,1046.6770859159,AX,254.299329982868,L1,3.29375832582825,L2,0.73942615798...
GetData ===>> H2,-0.141591866673405,H1,1046.0558769165,AX,253.756600179962,L1,3.34427119879628,L2,0.87237876641...
Get Checksum: -110011688
GetData ===>> H2,-0.240366553336237,H1,1045.60928671005,AX,253.74470813045,L1,3.35061042099148,L2,0.85628525479...
GetData ===>> H2,-0.0900991156737674,H1,1045.06947441174,AX,253.890750008593,L1,3.32850436246386,L2,0.798051461...
GetData ===>> H2,-0.166020790534734,H1,1044.81040160847,AX,253.597545458454,L1,3.31868058627645,L2,0.7622333513...
Get Checksum: -110011688
GetData ===>> H2,-0.0803502999319498,H1,1044.61604777103,AX,253.655845052049,L1,3.32974305383792,L2,0.845595891...
GetData ===>> H2,-0.134233569922427,H1,1043.28087391245,AX,253.611785798609,L1,3.29003801727865,L2,0.8041426705...
GetData ===>> H2,-0.223446708708277,H1,1042.88358344876,AX,253.531271652569,L1,3.29037579766004,L2,0.8002268490...
Get Checksum: -110011688
GetData ===>> H2,-0.119751614900583,H1,1042.96167503066,AX,253.392324635772,L1,3.33775156566486,L2,0.7777769307...
GetData ===>> H2,-0.0853650005270502,H1,1042.83268842947,AX,253.195556336792,L1,3.3525628238133,L2,0.8222756913...
GetData ===>> H2,-0.169576999802619,H1,1042.53577810987,AX,253.484429684356,L1,3.27555474520639,L2,0.9285554828...
Get Checksum: -110011688
GetData ===>> H2,-0.193491340737641,H1,1041.82115960995,AX,253.152882080223,L1,3.30092446931428,L2,0.8714400949...
GetData ===>> H2,-0.117816998903518,H1,1041.26695609275,AX,253.197584834127,L1,3.31882038745002,L2,0.8485828421...
16:09:59 -- collecting point 75
GetData ===>> H2,-0.193534471129434,H1,1041.32604242715,AX,252.820104022414,L1,3.32270892570089,L2,0.7654494525...
Get Checksum: -110011688
GetData ===>> H2,-0.201676158498503,H1,1040.38520625981,AX,252.843252994045,L1,3.32106861915715,L2,0.7621074563...
GetData ===>> H2,-0.0928928091043021,H1,1039.93294904216,AX,253.00480098777,L1,3.30429975831356,L2,0.8984820838...
GetData ===>> H2,-0.164313143512921,H1,1039.55784191538,AX,252.765068158235,L1,3.28478552960804,L2,0.7616954374...
Get Checksum: -110011688
GetData ===>> H2,-0.0423743135840541,H1,1039.5234081713,AX,252.636046516783,L1,3.27657329790165,L2,0.8553009596...
GetData ===>> H2,-0.108156570585128,H1,1039.46141747535,AX,252.478502645242,L1,3.27298085284028,L2,0.7123460755...
GetData ===>> H2,-0.0801321603915028,H1,1038.65306683657,AX,252.210537480858,L1,3.24637301594678,L2,0.863187049...
Get Checksum: -110011688
GetData ===>> H2,-0.159221072943572,H1,1038.19282388264,AX,252.134221241275,L1,3.26814430333152,L2,0.7800434360...
GetData ===>> H2,-0.104309734194914,H1,1037.89753117116,AX,252.170997838388,L1,3.24886242195346,L2,0.8531492797...
Get Checksum: -110011688
GetData ===>> H2,-0.0910679086667002,H1,1037.55645913923,AX,251.938321069887,L1,3.26203709143738,L2,0.820136192...
GetData ===>> H2,-0.141466181668434,H1,1037.0486071387,AX,252.010131833637,L1,3.27503155053082,L2,0.81053763459...
GetData ===>> H2,-0.216153950375056,H1,1036.60206089176,AX,251.747405694929,L1,3.28809248022842,L2,0.7616267677...
Get Checksum: -110011688
GetData ===>> H2,-0.170104600269448,H1,1035.79639246771,AX,251.776647896043,L1,3.26059776431004,L2,0.8198616073...
GetData ===>> H2,-0.169174873482587,H1,1035.58218766821,AX,251.747512120016,L1,3.27611563586538,L2,0.7991276997...
GetData ===>> H2,-0.163081858081521,H1,1035.18573319736,AX,251.614148093668,L1,3.28177906699266,L2,0.8733632365...
Get Checksum: -110011688
GetData ===>> H2,-0.163573308222967,H1,1035.14538281438,AX,251.69489110498,L1,3.30556486525675,L2,0.85729245098...
GetData ===>> H2,-0.156129065807743,H1,1034.77158194495,AX,251.68723043463,L1,3.2842665487055,L2,0.790220474899...
GetData ===>> H2,-0.230811439699386,H1,1034.23737972883,AX,251.445490717053,L1,3.2676270168377,L2,0.75253991834...
Get Checksum: -110011688
GetData ===>> H2,-0.15221185281974,H1,1033.88531334659,AX,251.337174675492,L1,3.289337363409,L2,0.8052762276577...
GetData ===>> H2,-0.126410666745758,H1,1033.65993274591,AX,251.21699466346,L1,3.26255596207307,L2,0.81515946624...
GetData ===>> H2,-0.152728099749635,H1,1033.61992635155,AX,251.443603451957,L1,3.24187006188692,L2,0.7763575304...
Get Checksum: -110011688
GetData ===>> H2,-0.205098556362523,H1,1032.59751070834,AX,251.09520293604,L1,3.28346690281513,L2,0.79815450521...
GetData ===>> H2,-0.220570871972404,H1,1031.77032114842,AX,251.079160295542,L1,3.25021530967787,L2,0.8464084243...
GetData ===>> H2,-0.0795224314100771,H1,1031.79587205098,AX,250.798584838851,L1,3.26791842339829,L2,0.757861457...
Get Checksum: -110011688
GetData ===>> H2,-0.127390802476934,H1,1031.45225181691,AX,250.680896831516,L1,3.26952895892299,L2,0.6864172201...
16:10:26 -- collecting point 100
GetData ===>> H2,-0.180863243708527,H1,1031.4416815256,AX,250.661572672261,L1,3.27198353448252,L2,0.78500017176...
GetData ===>> H2,-0.259650346298969,H1,1030.29489419475,AX,250.887882233703,L1,3.30552855785663,L2,0.8967416420...
Get Checksum: -110011688
GetData ===>> H2,-0.257744684510444,H1,1029.93289189999,AX,250.522928553033,L1,3.24311039229214,L2,0.7938840149...
GetData ===>> H2,-0.212522097962317,H1,1030.19400776566,AX,250.458408749512,L1,3.25233064241752,L2,0.8798999161...
GetData ===>> H2,-0.203877449322313,H1,1029.51979378879,AX,250.303871654258,L1,3.27481669868949,L2,0.9304683135...
Get Checksum: -110011688
GetData ===>> H2,-0.0229752194082927,H1,1028.92421264445,AX,250.310661504573,L1,3.2346620271465,L2,0.7881941393...
GetData ===>> H2,-0.092039328664987,H1,1028.20917935959,AX,250.459814835335,L1,3.23453529243381,L2,0.7084225569...
Get Checksum: -110011688
GetData ===>> H2,-0.21826967562371,H1,1028.02029222798,AX,250.125079894235,L1,3.24472670502951,L2,0.87951067935...
GetData ===>> H2,-0.169622879079569,H1,1027.62019719406,AX,249.982198709796,L1,3.2662467685459,L2,0.91570499640...
GetData ===>> H2,-0.144016098429843,H1,1027.44799358427,AX,249.728330012995,L1,3.27117318870722,L2,0.7354099980...
Get Checksum: -110011688
GetData ===>> H2,-0.10197231072032,H1,1027.02867128479,AX,249.808145155326,L1,3.25395572304321,L2,0.79687219328...
GetData ===>> H2,-0.0739005453657408,H1,1026.52050733819,AX,249.772233825001,L1,3.24828703928731,L2,0.798108708...
GetData ===>> H2,-0.060815107682363,H1,1025.89594751474,AX,249.472716257808,L1,3.23748675736523,L2,0.7792650342...
Get Checksum: -110011688
GetData ===>> H2,-0.119999167841904,H1,1026.05852409393,AX,249.358964149895,L1,3.23631527505146,L2,0.8428607957...
GetData ===>> H2,-0.103511247539014,H1,1025.85568574623,AX,249.275191854637,L1,3.28563380596889,L2,0.8049212740...
GetData ===>> H2,-0.158420122778116,H1,1025.38026903499,AX,249.366109807438,L1,3.26401919599834,L2,0.7049910393...
Get Checksum: -110011688
GetData ===>> H2,-0.10739353109763,H1,1024.53613707624,AX,249.239718550883,L1,3.26637084481436,L2,0.83997701347...
GetData ===>> H2,-0.14089720309363,H1,1024.28198672202,AX,249.131469054054,L1,3.21962936752367,L2,0.79716987131...
GetData ===>> H2,-0.0764204372165733,H1,1023.85142808781,AX,249.248156503749,L1,3.24667806854922,L2,0.866792661...
Get Checksum: -110011688
GetData ===>> H2,-0.0289240728912332,H1,1023.25527298912,AX,249.186648291264,L1,3.23635288324213,L2,0.885097523...
GetData ===>> H2,-0.0993311338706637,H1,1023.11930977536,AX,249.316253792937,L1,3.22669434072973,L2,0.756751348...
measurement finished
estimated time: 125.829 actual time: :126.152
flush and close file /Users/jan/PychronDev/data/isotopes/73/3cebf4-3098-4074-ad7b-d0d432a25455.h5
baselines () {'settling_time': 15.0, 'detector': 'H1', 'mass': 34.2, 'ncounts': 60}
%%%%%%%%%%%%%%%%%%%%%%%%%%%%%%%% Baseline
build tables- baseline [Detector(H2), Detector(H1), Detector(AX), Detector(L1), Detector(L2), Detector(CDD)]
add group baseline table H2
add group baseline table H1
add group baseline table AX
add group baseline table L1
add group baseline table L2
add group baseline table CDD
flush and close file /Users/jan/PychronDev/data/isotopes/73/3cebf4-3098-4074-ad7b-d0d432a25455.h5
detector Detector(H1)
POSITION 34.2 H1
Mapping mass to dac mass func: "parabolic"
H1 map mass coeffs = [-0.00063987  0.15840543  0.57119999]
H1 map mass to dac 34.2 >> 5.24024599104
GetDeflection H1 ===>> 0
GetHighVoltage ===>> 4500
positioning 34.2 (5.24024599104) on H1
setting magnet DAC
current  : 5.879590
requested: 5.240246
Delta Dac: 0.639344
Checking detector protection. dv=0.63934
Checking detector "CDD". Protection Threshold: 0.1 (V)
ProtectDetector CDD,On ===>> OK
GetDeflection CDD ===>> 2000
SetMagnetDAC 5.24024599104 ===>> OK
Magnet settling time: 0.500
Get Checksum: -110011688
GetMagnetMoving ===>> True
GetMagnetMoving ===>> True
GetMagnetMoving ===>> True
GetMagnetMoving ===>> True
GetMagnetMoving ===>> True
GetMagnetMoving ===>> True
GetMagnetMoving ===>> True
GetMagnetMoving ===>> True
GetMagnetMoving ===>> False
ProtectDetector CDD,Off ===>> OK
GetDeflection CDD ===>> 50
Delaying 15.0s for detectors to settle
Get Checksum: -110011688
Get Checksum: -110011688
Get Checksum: -110011688
Get Checksum: -110011688
Get Checksum: -110011688
Join finished
measuring baseline. ncounts=60
starting measurement
GetData ===>> H2,-0.202061718637526,H1,-0.0407304097689519,AX,-0.224002269327797,L1,-0.0597213116205712,L2,-0.0...
GetData ===>> H2,-0.141308059845224,H1,-0.108565360492396,AX,-0.0659161048493641,L1,-0.0703830908003769,L2,0.03...
GetData ===>> H2,-0.171526705224604,H1,-0.106325193312195,AX,-0.0230128227773369,L1,-0.0795046514202674,L2,-0.0...
Get Checksum: -110011688
GetData ===>> H2,-0.242800026030253,H1,-0.0472405546662057,AX,-0.07907318624412,L1,-0.0610745438129245,L2,0.020...
GetData ===>> H2,-0.242545666536653,H1,-0.0375467231887193,AX,-0.0723383738830245,L1,-0.0299485290430235,L2,0.0...
GetData ===>> H2,-0.152160639590005,H1,-0.0406946385721472,AX,0.0269411445674644,L1,-0.0719822775974025,L2,-0.0...
Get Checksum: -110011688
GetData ===>> H2,-0.167006114005113,H1,-0.0553359133330432,AX,-0.0254483802616383,L1,-0.0444512158507806,L2,-0....
GetData ===>> H2,-0.252115862260735,H1,0.00889653257856189,AX,-0.101754830874408,L1,-0.0151260161531061,L2,-0.0...
Get Checksum: -110011688
GetData ===>> H2,-0.278669659198675,H1,0.038617686075937,AX,0.0245391479885587,L1,-0.0534155582904036,L2,0.0070...
GetData ===>> H2,-0.301098259281108,H1,-0.0233441011692424,AX,-0.0742974293416353,L1,-0.056645649524297,L2,-0.0...
GetData ===>> H2,-0.25252598592398,H1,-0.0237495776042927,AX,-0.0294263264176007,L1,-0.0580076737091399,L2,-0.0...
set states for children of V. state=True
handle state [('V', True)]
update switch state V True args=() kw={'refresh': False} ncanvase=3
refresh_canvas_needed fired
Get Checksum: -860229079
GetData ===>> H2,-0.196329538615895,H1,0.0142650161145898,AX,-0.0505426707236479,L1,-0.0734449876254755,L2,0.03...
GetData ===>> H2,-0.158416070609759,H1,-0.0229744006351005,AX,-0.037300556678333,L1,-0.0406361624335813,L2,-0.0...
GetData ===>> H2,-0.199458258446382,H1,0.0225688376811696,AX,-0.117305565127743,L1,-0.059948657803921,L2,-0.001...
Get Checksum: -860229079
GetData ===>> H2,-0.268940820036356,H1,0.011628458223867,AX,-0.0653596428127517,L1,-0.0646631357631549,L2,0.014...
GetData ===>> H2,-0.204142977190818,H1,0.00220422626855417,AX,-0.130131312003651,L1,-0.0464036849840452,L2,-0.0...
GetData ===>> H2,-0.234493351224602,H1,0.045944930219677,AX,-0.00945377207171741,L1,-0.0146929750493472,L2,0.06...
Get Checksum: -860229079
GetData ===>> H2,-0.325089408764476,H1,-0.0337786336736866,AX,0.0163124687121541,L1,-0.0175751665645507,L2,-0.0...
GetData ===>> H2,-0.336767279907813,H1,0.127641003241696,AX,-0.0740539985608915,L1,-0.0172585616696322,L2,-0.12...
GetData ===>> H2,-0.224700533008477,H1,0.0698517043471238,AX,-0.0978146078394415,L1,0.00123864442414992,L2,0.03...
Get Checksum: -860229079
GetData ===>> H2,-0.242040968038566,H1,0.00862215115347027,AX,-0.0648379567633448,L1,-0.00960989155306459,L2,-0...
GetData ===>> H2,-0.149700335250776,H1,-0.0336593880187806,AX,-0.0777401708854248,L1,-0.0482408860529566,L2,0.0...
GetData ===>> H2,-0.280840776813851,H1,-0.035257267990718,AX,-0.0961689380358605,L1,-0.063995754767113,L2,-0.04...
Get Checksum: -860229079
GetData ===>> H2,-0.167784863843976,H1,-0.0449513212198881,AX,-0.0353059665535556,L1,-0.0205512452372804,L2,0.0...
16:11:31 -- collecting point 25
GetData ===>> H2,-0.0965837127497646,H1,-0.0288178944457982,AX,0.033486015685288,L1,-0.0333639825001162,L2,0.03...
GetData ===>> H2,-0.12016284742335,H1,-0.0712624245846836,AX,-0.0441885361358498,L1,-0.0340440605102871,L2,-0.0...
Get Checksum: -860229079
GetData ===>> H2,-0.13430118577471,H1,-0.00175607226295933,AX,-0.00117126695579935,L1,-0.0190753065860686,L2,-0...
GetData ===>> H2,-0.0844291451179353,H1,0.0678463237528738,AX,0.0229726604090848,L1,-0.0424708259004,L2,-0.0423...
GetData ===>> H2,-0.286586793851874,H1,-0.00250755700845746,AX,-0.0323371985737932,L1,-0.0210211981206069,L2,-0...
Get Checksum: -860229079
GetData ===>> H2,-0.229278301795467,H1,-0.0377136605815618,AX,-0.154779761792225,L1,-0.00642120560875965,L2,-0....
GetData ===>> H2,-0.233289056825386,H1,0.00937371945701777,AX,-0.0764419122864832,L1,0.035331292195909,L2,0.019...
GetData ===>> H2,-0.231566490857978,H1,0.00670150223551782,AX,0.0171710741127564,L1,0.00354830120001813,L2,0.00...
Get Checksum: -860229079
GetData ===>> H2,-0.279721031817991,H1,0.0174385217756036,AX,-0.149493045187764,L1,-0.0326383555858585,L2,0.059...
GetData ===>> H2,-0.232687534338027,H1,-0.0430197397673247,AX,-0.0306324354041198,L1,-0.0252953226939654,L2,-0....
Get Checksum: -860229079
GetData ===>> H2,-0.313041131167272,H1,0.0452050212915502,AX,0.0382672989400555,L1,-0.0402888320360091,L2,0.036...
GetData ===>> H2,-0.24919481291495,H1,0.0388205504386676,AX,-0.00691341476143737,L1,-0.0234281635705945,L2,-0.0...
GetData ===>> H2,-0.0976128886579591,H1,0.0200394397724014,AX,-0.121893831445207,L1,-0.0272891330139712,L2,-0.0...
Get Checksum: -860229079
GetData ===>> H2,-0.187048240291172,H1,-0.0547875002881114,AX,-0.0489425810242393,L1,-0.00722716671436891,L2,0....
GetData ===>> H2,-0.163474749875799,H1,-0.0322522785612954,AX,-0.0982549936290567,L1,0.0167018392861664,L2,0.04...
GetData ===>> H2,-0.244643624621941,H1,0.0531294915406157,AX,-0.0440377943285318,L1,-0.00584667906045564,L2,-0....
Get Checksum: -860229079
GetData ===>> H2,-0.164886887624167,H1,0.020445093624777,AX,0.049107291247206,L1,-0.0278330486911112,L2,0.01359...
GetData ===>> H2,-0.21304331422278,H1,0.0846338117765245,AX,-0.0203104424312647,L1,-0.0346160664880422,L2,0.063...
GetData ===>> H2,-0.295501794387019,H1,-0.0272199116630343,AX,-0.0400372533495307,L1,-0.0478531269591154,L2,-0....
Get Checksum: -860229079
GetData ===>> H2,-0.238105464212904,H1,0.012475489613384,AX,-0.045603178642358,L1,-0.0567761150256245,L2,-0.116...
GetData ===>> H2,-0.147293527650474,H1,0.0128811128165875,AX,-0.0414983395524773,L1,-0.033411876823575,L2,0.037...
GetData ===>> H2,-0.211126682423457,H1,0.0129049730561938,AX,-0.0244045773742247,L1,0.048654584264999,L2,0.0380...
Get Checksum: -860229079
GetData ===>> H2,-0.230422454256303,H1,0.0215188911684596,AX,-0.0609310190009288,L1,0.0500326620656186,L2,0.085...
GetData ===>> H2,-0.169964269040182,H1,-0.0374990267396179,AX,-0.0811016528373443,L1,-0.0139290157999377,L2,-0....
GetData ===>> H2,-0.227750341072247,H1,-0.0525938180542028,AX,-0.0789920467007695,L1,-0.00386976938424167,L2,-0...
Get Checksum: -860229079
16:11:57 -- collecting point 50
GetData ===>> H2,-0.146388479050301,H1,-0.073396098436551,AX,-0.112659145623583,L1,-0.0200057366806721,L2,-0.01...
GetData ===>> H2,-0.192166348924409,H1,-0.0906902895706495,AX,0.00696112192175037,L1,-0.0671169940006243,L2,-0....
GetData ===>> H2,-0.205684802637031,H1,-0.0398718975179733,AX,-0.148901749806034,L1,-0.0336597263019369,L2,0.05...
Get Checksum: -860229079
GetData ===>> H2,-0.168435355605219,H1,0.0263988495563307,AX,0.0526222247184857,L1,-0.00759294622530036,L2,-0.0...
GetData ===>> H2,-0.186686811106749,H1,0.0317086099456134,AX,-0.0916489974719537,L1,-0.0305162549278635,L2,-0.0...
GetData ===>> H2,-0.129229173626782,H1,0.0394052794311374,AX,0.0238197209333039,L1,-0.0226215107314187,L2,-0.01...
Get Checksum: -860229079
GetData ===>> H2,-0.188820155201382,H1,0.00386234959612888,AX,-0.0618584961701853,L1,-0.0160160310446511,L2,0.0...
GetData ===>> H2,-0.125645426082226,H1,-0.0105707525746233,AX,-0.110839913443386,L1,-0.015231574594399,L2,-0.03...
Get Checksum: -860229079
GetData ===>> H2,-0.127548968173449,H1,-0.0484447658253505,AX,-0.0846021071593188,L1,0.00813773125934839,L2,-0....
GetData ===>> H2,-0.227506655984979,H1,0.0277948716298273,AX,-0.0904436445238851,L1,0.00562294229886023,L2,0.11...
GetData ===>> H2,-0.169756467680727,H1,0.0220677254719305,AX,-0.0893309977793415,L1,0.0282562944874304,L2,-0.05...
Get Checksum: -860229079
measurement finished
estimated time: 62.915 actual time: :63.136
flush and close file /Users/jan/PychronDev/data/isotopes/73/3cebf4-3098-4074-ad7b-d0d432a25455.h5
activate_detectors ('H1', 'AX', 'CDD') {'peak_center': True}
peak_center () {'detector': 'H1', 'integration_time': 0.262144, 'isotope': 'Ar40'}
peak center: mean=1024.87550684 threshold=3
peak center started
setup peak center. detector=['H1', 'AX', 'CDD'], isotope=Ar40
VersionedUnpickler [<apptools.sweet_pickle.versioned_unpickler.VersionedUnpickler object at 0x19f78d590>] using Updater [<apptools.sweet_pickle.updater.Updater object at 0x133e38fb0>]
VersionedUnpickler [<apptools.sweet_pickle.versioned_unpickler.VersionedUnpickler object at 0x19f78d590>] using Updater [<apptools.sweet_pickle.updater.Updater object at 0x133e38fb0>]
VersionedUnpickler [<apptools.sweet_pickle.versioned_unpickler.VersionedUnpickler object at 0x190cd8590>] using Updater [<apptools.sweet_pickle.updater.Updater object at 0x133e38fb0>]
setting integration time = 0.524288
SetIntegrationTime 0.524288 ===>> OK
Mapping mass to dac mass func: "parabolic"
H1 map mass coeffs = [-0.00063987  0.15840543  0.57119999]
H1 map mass to dac 39.9624 >> 5.87959
GetDeflection H1 ===>> 0
GetHighVoltage ===>> 4500
do peak center. <pychron.spectrometer.jobs.peak_center.PeakCenter object at 0x12d6e98f0>
doing pc
starting peak center. center dac= 5.87959 step_width=0.001
width = 0.001
get scan parameters. half-width=0.015,window=0.015, i=0, scalar=1
Scan parameters center=5.87959 width=0.03000 (5.86459 - 5.89459)
GetData ===>> H2,-0.1791035783066,H1,0.0357776281571855,AX,-0.035387142531055,L1,0.038856223495817,L2,-0.099358...
Moving to starting dac 5.86459
setting magnet DAC
current  : 5.240246
requested: 5.864590
Delta Dac: 0.624344
Checking detector protection. dv=0.62434
Checking detector "CDD". Protection Threshold: 0.1 (V)
ProtectDetector CDD,On ===>> OK
GetDeflection CDD ===>> 2000
SetMagnetDAC 5.86459 ===>> OK
Magnet settling time: 0.500
GetMagnetMoving ===>> True
GetMagnetMoving ===>> True
GetMagnetMoving ===>> True
GetMagnetMoving ===>> True
GetMagnetMoving ===>> True
GetMagnetMoving ===>> True
GetMagnetMoving ===>> True
GetMagnetMoving ===>> True
GetMagnetMoving ===>> True
Get Checksum: -860229079
GetMagnetMoving ===>> False
ProtectDetector CDD,Off ===>> OK
GetDeflection CDD ===>> 50
Wait until signal near baseline. tol= 0.0268332211179. timeout= 10
GetData ===>> H2,59.4100368381813,H1,29.5820987884401,AX,1.49117831546077,L1,0.0204816862892502,L2,0.0263982116...
GetData ===>> H2,84.2013802566003,H1,44.2106494505228,AX,6.88445483758764,L1,0.0433988528148561,L2,-0.172910758...
GetData ===>> H2,47.863337837833,H1,21.0076914963163,AX,3.02290231171463,L1,0.0359142875710227,L2,-0.0661343535...
GetData ===>> H2,20.4508809130768,H1,10.4528739189697,AX,1.44188111919604,L1,-0.0183517093438532,L2,-0.10156172...
GetData ===>> H2,7.1183286088372,H1,5.52699670372492,AX,0.553403156648834,L1,0.0201360205492458,L2,-0.036089301...
GetData ===>> H2,2.08788813658886,H1,3.16252702693698,AX,0.26276752572203,L1,0.0336281770541448,L2,-0.042622626...
Get Checksum: -860229079
GetData ===>> H2,0.709795267405485,H1,1.9594828531569,AX,0.256451865750674,L1,0.0327244529139035,L2,-0.06957072...
GetData ===>> H2,0.460261403834972,H1,1.33863700924664,AX,0.162740287416401,L1,0.0247146522690422,L2,-0.0485864...
GetData ===>> H2,0.394303039689666,H1,1.06354338905368,AX,0.136253750836214,L1,0.0303501593772543,L2,0.20821741...
GetData ===>> H2,0.394303039689666,H1,1.06354338905368,AX,0.136253750836214,L1,0.0303501593772543,L2,0.20821741...
GetData ===>> H2,0.304221012566583,H1,0.884183650699089,AX,0.0930604311555435,L1,0.03521469716381,L2,0.12773109...
GetData ===>> H2,0.290901670023859,H1,0.923319448967841,AX,-0.0839646165789326,L1,0.0577062432615733,L2,-0.0112...
Get Checksum: -860229079
GetData ===>> H2,0.342285089494188,H1,0.820503280768103,AX,-0.0593426938167721,L1,0.047472369786346,L2,-0.18586...
GetData ===>> H2,0.349212654991193,H1,0.805887622642909,AX,-0.0024241280953968,L1,0.0419096746144714,L2,-0.0682...
GetData ===>> H2,0.308404198474421,H1,0.748188517140824,AX,0.0302251295097545,L1,0.0716316306464188,L2,-0.01778...
GetData ===>> H2,0.213401215661402,H1,0.840374418659429,AX,0.0854809708738312,L1,0.0704060424590186,L2,-0.03829...
GetData ===>> H2,0.108909380875923,H1,0.821964963483146,AX,0.0421087427302739,L1,0.0272533634734699,L2,-0.06003...
GetData ===>> H2,0.089813945288284,H1,0.750319609195516,AX,-0.040095233378695,L1,-0.0310278665258058,L2,-0.0844...
Get Checksum: -860229079
GetData ===>> H2,0.0672798045449458,H1,0.767585515795166,AX,0.0676588154863274,L1,-0.0312551923109168,L2,-0.029...
GetData ===>> H2,0.106666182072944,H1,0.751277418100238,AX,0.144788030519013,L1,-0.0401870260239605,L2,-0.03249...
GetData ===>> H2,0.122350470623079,H1,0.899692530281926,AX,-0.0621483309727346,L1,-0.0329611681242152,L2,0.0212...
Peak center failed to move to a baseline position
_do_sweep sm= 5.86459, em= 5.89459, stm= 0.001
calculated step values: start=5.86459, end=5.89459, width=0.001, nsteps=31.0
setting magnet DAC
current  : 5.864590
requested: 5.864590
Delta Dac: 0.000000
Checking detector protection. dv=0.00000
Checking detector "CDD". Protection Threshold: 0.1 (V)
SetMagnetDAC 5.86459 ===>> OK
GetData ===>> H2,0.122350470623079,H1,0.899692530281926,AX,-0.0621483309727346,L1,-0.0329611681242152,L2,0.0212...
setting magnet DAC
current  : 5.864590
requested: 5.865624
Delta Dac: 0.001034
Checking detector protection. dv=0.00103
Checking detector "CDD". Protection Threshold: 0.1 (V)
SetMagnetDAC 5.86562448276 ===>> OK
Magnet settling time: 1.049
GetData ===>> H2,-0.024672684833209,H1,1.69702251889869,AX,0.324227255237513,L1,0.0204792857918525,L2,-0.069252...
setting magnet DAC
current  : 5.865624
requested: 5.866659
Delta Dac: 0.001034
Checking detector protection. dv=0.00103
Checking detector "CDD". Protection Threshold: 0.1 (V)
SetMagnetDAC 5.86665896552 ===>> OK
Magnet settling time: 1.049
Get Checksum: -860229079
GetData ===>> H2,0.00851423100143627,H1,5.84056375992608,AX,0.975811920053113,L1,-0.0207449765233147,L2,-0.0911...
setting magnet DAC
current  : 5.866659
requested: 5.867693
Delta Dac: 0.001034
Checking detector protection. dv=0.00103
Checking detector "CDD". Protection Threshold: 0.1 (V)
SetMagnetDAC 5.86769344828 ===>> OK
Magnet settling time: 1.049
GetData ===>> H2,-0.0517896682503387,H1,22.0779558672933,AX,3.43039456782582,L1,-0.00552281874806317,L2,-0.0906...
setting magnet DAC
current  : 5.867693
requested: 5.868728
Delta Dac: 0.001034
Checking detector protection. dv=0.00103
Checking detector "CDD". Protection Threshold: 0.1 (V)
SetMagnetDAC 5.86872793103 ===>> OK
Magnet settling time: 1.049
GetData ===>> H2,0.0254547615587765,H1,73.2937431035032,AX,11.5843881502433,L1,0.0177214918955912,L2,0.06216927...
setting magnet DAC
current  : 5.868728
requested: 5.869762
Delta Dac: 0.001034
Checking detector protection. dv=0.00103
Checking detector "CDD". Protection Threshold: 0.1 (V)
SetMagnetDAC 5.86976241379 ===>> OK
Magnet settling time: 1.049
Get Checksum: -860229079
GetData ===>> H2,-0.149547653307426,H1,279.221261875283,AX,48.4766562793192,L1,0.277035279482751,L2,0.108007675...
setting magnet DAC
current  : 5.869762
requested: 5.870797
Delta Dac: 0.001034
Checking detector protection. dv=0.00103
Checking detector "CDD". Protection Threshold: 0.1 (V)
SetMagnetDAC 5.87079689655 ===>> OK
Magnet settling time: 1.049
GetData ===>> H2,-0.144792022195213,H1,532.899344830603,AX,103.869335629277,L1,0.695343947417559,L2,0.126476886...
setting magnet DAC
current  : 5.870797
requested: 5.871831
Delta Dac: 0.001034
Checking detector protection. dv=0.00103
Checking detector "CDD". Protection Threshold: 0.1 (V)
SetMagnetDAC 5.87183137931 ===>> OK
Magnet settling time: 1.049
GetData ===>> H2,-0.223936216318792,H1,763.931003874473,AX,163.605461488869,L1,1.31056936785825,L2,0.1330673812...
setting magnet DAC
current  : 5.871831
requested: 5.872866
Delta Dac: 0.001034
Checking detector protection. dv=0.00103
Checking detector "CDD". Protection Threshold: 0.1 (V)
SetMagnetDAC 5.87286586207 ===>> OK
Magnet settling time: 1.049
Get Checksum: -860229079
GetData ===>> H2,-0.174485028927482,H1,899.059992438297,AX,205.828386683851,L1,1.91840162907743,L2,0.4123047190...
setting magnet DAC
current  : 5.872866
requested: 5.873900
Delta Dac: 0.001034
Checking detector protection. dv=0.00103
Checking detector "CDD". Protection Threshold: 0.1 (V)
SetMagnetDAC 5.87390034483 ===>> OK
Magnet settling time: 1.049
GetData ===>> H2,-0.188186027944494,H1,955.412191994668,AX,227.34481283697,L1,2.33174280563394,L2,0.58920498469...
setting magnet DAC
current  : 5.873900
requested: 5.874935
Delta Dac: 0.001034
Checking detector protection. dv=0.00103
Checking detector "CDD". Protection Threshold: 0.1 (V)
SetMagnetDAC 5.87493482759 ===>> OK
Magnet settling time: 1.049
Get Checksum: -860229079
GetData ===>> H2,-0.140037096688364,H1,973.389702484569,AX,234.603278652471,L1,2.62489624713743,L2,0.8301018594...
setting magnet DAC
current  : 5.874935
requested: 5.875969
Delta Dac: 0.001034
Checking detector protection. dv=0.00103
Checking detector "CDD". Protection Threshold: 0.1 (V)
SetMagnetDAC 5.87596931034 ===>> OK
Magnet settling time: 1.049
GetData ===>> H2,-0.0985562898392816,H1,977.785326665456,AX,236.775844436102,L1,2.78312180603548,L2,0.642746551...
setting magnet DAC
current  : 5.875969
requested: 5.877004
Delta Dac: 0.001034
Checking detector protection. dv=0.00103
Checking detector "CDD". Protection Threshold: 0.1 (V)
SetMagnetDAC 5.8770037931 ===>> OK
Magnet settling time: 1.049
GetData ===>> H2,-0.0874125081239118,H1,978.884833623181,AX,237.378197085415,L1,2.90938144629052,L2,0.808181043...
setting magnet DAC
current  : 5.877004
requested: 5.878038
Delta Dac: 0.001034
Checking detector protection. dv=0.00103
Checking detector "CDD". Protection Threshold: 0.1 (V)
SetMagnetDAC 5.87803827586 ===>> OK
Magnet settling time: 1.049
Get Checksum: -860229079
GetData ===>> H2,-0.0517056128042319,H1,979.23353241678,AX,237.359619480138,L1,2.994271459797,L2,0.779243161059...
setting magnet DAC
current  : 5.878038
requested: 5.879073
Delta Dac: 0.001034
Checking detector protection. dv=0.00103
Checking detector "CDD". Protection Threshold: 0.1 (V)
SetMagnetDAC 5.87907275862 ===>> OK
Magnet settling time: 1.049
GetData ===>> H2,0.0103481241886099,H1,979.747330930487,AX,237.725753646994,L1,3.07463748636479,L2,0.8994668214...
setting magnet DAC
current  : 5.879073
requested: 5.880107
Delta Dac: 0.001034
Checking detector protection. dv=0.00103
Checking detector "CDD". Protection Threshold: 0.1 (V)
SetMagnetDAC 5.88010724138 ===>> OK
Magnet settling time: 1.049
set states for children of D. state=False
handle state [('D', False)]
update switch state D False args=() kw={'refresh': False} ncanvase=3
refresh_canvas_needed fired
GetData ===>> H2,0.00884343939105937,H1,978.929371981091,AX,237.32212050419,L1,3.15151070139827,L2,0.7440261992...
setting magnet DAC
current  : 5.880107
requested: 5.881142
Delta Dac: 0.001034
Checking detector protection. dv=0.00103
Checking detector "CDD". Protection Threshold: 0.1 (V)
SetMagnetDAC 5.88114172414 ===>> OK
Magnet settling time: 1.049
Get Checksum: -2064761812
State checksums do not match. Local:1823859597 Remote:-2064761812
State checksum failed
GetData ===>> H2,-0.0546661597016117,H1,978.730104720154,AX,237.319648784588,L1,3.13207981660976,L2,0.795804170...
setting magnet DAC
current  : 5.881142
requested: 5.882176
Delta Dac: 0.001034
Checking detector protection. dv=0.00103
Checking detector "CDD". Protection Threshold: 0.1 (V)
SetMagnetDAC 5.8821762069 ===>> OK
Magnet settling time: 1.049
set states for children of B. state=False
handle state [('B', False)]
update switch state B False args=() kw={'refresh': False} ncanvase=3
refresh_canvas_needed fired
GetData ===>> H2,0.0158025677719744,H1,977.25457692199,AX,237.200885099951,L1,3.15223499549998,L2,0.78880427952...
setting magnet DAC
current  : 5.882176
requested: 5.883211
Delta Dac: 0.001034
Checking detector protection. dv=0.00103
Checking detector "CDD". Protection Threshold: 0.1 (V)
SetMagnetDAC 5.88321068966 ===>> OK
Magnet settling time: 1.049
GetData ===>> H2,-0.0376976514704812,H1,976.969969053275,AX,236.577181365608,L1,3.11357868051195,L2,0.767235927...
setting magnet DAC
current  : 5.883211
requested: 5.884245
Delta Dac: 0.001034
Checking detector protection. dv=0.00103
Checking detector "CDD". Protection Threshold: 0.1 (V)
SetMagnetDAC 5.88424517241 ===>> OK
Magnet settling time: 1.049
GetData ===>> H2,-0.0872852267335396,H1,969.102937558994,AX,232.503440187234,L1,3.04581703989636,L2,0.706445197...
setting magnet DAC
current  : 5.884245
requested: 5.885280
Delta Dac: 0.001034
Checking detector protection. dv=0.00103
Checking detector "CDD". Protection Threshold: 0.1 (V)
SetMagnetDAC 5.88527965517 ===>> OK
Magnet settling time: 1.049
GetData ===>> H2,-0.157074723276366,H1,941.156426130074,AX,220.449024223327,L1,2.88693183056751,L2,0.6895568261...
setting magnet DAC
current  : 5.885280
requested: 5.886314
Delta Dac: 0.001034
Checking detector protection. dv=0.00103
Checking detector "CDD". Protection Threshold: 0.1 (V)
SetMagnetDAC 5.88631413793 ===>> OK
Magnet settling time: 1.049
Get Checksum: -2064761812
GetData ===>> H2,-0.360285900977669,H1,857.158075747529,AX,187.127683025853,L1,2.56230872790023,L2,0.3812859941...
setting magnet DAC
current  : 5.886314
requested: 5.887349
Delta Dac: 0.001034
Checking detector protection. dv=0.00103
Checking detector "CDD". Protection Threshold: 0.1 (V)
SetMagnetDAC 5.88734862069 ===>> OK
Magnet settling time: 1.049
GetData ===>> H2,-0.305706445292753,H1,674.23478318901,AX,130.271771468811,L1,1.97708820334788,L2,0.23309790641...
setting magnet DAC
current  : 5.887349
requested: 5.888383
Delta Dac: 0.001034
Checking detector protection. dv=0.00103
Checking detector "CDD". Protection Threshold: 0.1 (V)
SetMagnetDAC 5.88838310345 ===>> OK
Magnet settling time: 1.049
Get Checksum: -2064761812
GetData ===>> H2,-0.256008074903274,H1,423.145504376703,AX,69.7006225481477,L1,1.36445011789286,L2,0.0471301278...
setting magnet DAC
current  : 5.888383
requested: 5.889418
Delta Dac: 0.001034
Checking detector protection. dv=0.00103
Checking detector "CDD". Protection Threshold: 0.1 (V)
SetMagnetDAC 5.88941758621 ===>> OK
Magnet settling time: 1.049
GetData ===>> H2,-0.208614230963009,H1,205.069697476226,AX,28.3275741514506,L1,0.882845945379325,L2,-0.00161690...
setting magnet DAC
current  : 5.889418
requested: 5.890452
Delta Dac: 0.001034
Checking detector protection. dv=0.00103
Checking detector "CDD". Protection Threshold: 0.1 (V)
SetMagnetDAC 5.89045206897 ===>> OK
Magnet settling time: 1.049
GetData ===>> H2,-0.302737358735946,H1,76.1645200370234,AX,8.71921161912287,L1,0.538233161921481,L2,-0.11780020...
setting magnet DAC
current  : 5.890452
requested: 5.891487
Delta Dac: 0.001034
Checking detector protection. dv=0.00103
Checking detector "CDD". Protection Threshold: 0.1 (V)
SetMagnetDAC 5.89148655172 ===>> OK
Magnet settling time: 1.049
Get Checksum: -2064761812
GetData ===>> H2,-0.27632525812205,H1,22.5441463808546,AX,1.92518811273982,L1,0.302836963539349,L2,-0.099764507...
setting magnet DAC
current  : 5.891487
requested: 5.892521
Delta Dac: 0.001034
Checking detector protection. dv=0.00103
Checking detector "CDD". Protection Threshold: 0.1 (V)
SetMagnetDAC 5.89252103448 ===>> OK
Magnet settling time: 1.049
GetData ===>> H2,-0.199694225929811,H1,5.70288295016892,AX,0.350811414448507,L1,0.203602659367638,L2,-0.0636082...
setting magnet DAC
current  : 5.892521
requested: 5.893556
Delta Dac: 0.001034
Checking detector protection. dv=0.00103
Checking detector "CDD". Protection Threshold: 0.1 (V)
SetMagnetDAC 5.89355551724 ===>> OK
Magnet settling time: 1.049
GetData ===>> H2,-0.231503373821092,H1,1.1430976473507,AX,-0.286591983220198,L1,0.126051796064428,L2,-0.0340176...
setting magnet DAC
current  : 5.893556
requested: 5.894590
Delta Dac: 0.001034
Checking detector protection. dv=0.00103
Checking detector "CDD". Protection Threshold: 0.1 (V)
SetMagnetDAC 5.89459 ===>> OK
Magnet settling time: 1.049
Get Checksum: -2064761812
GetData ===>> H2,-0.215849657506957,H1,0.102047681454987,AX,-0.0861436580277707,L1,0.0833677183646658,L2,-0.033...
result of _do_sweep=True
result of _calculate_peak_center=([5.8716541282565142, 5.8793495190380769, 5.8870449098196396], [724.34541900832312, 979.74241334161241, 727.93871577392167], 5.8790789779559134, 979.74241334161241)
Failed to find a valid peak. No peak greater than 1.0. max = 0.0450565286664
new center pos Detector(H1) (Ar40) @ 5.87934951904
GetHighVoltage ===>> 4500
GetDeflection H1 ===>> 0
dac uncorrected for HV and deflection 5.87934951904
update mftable H1 Ar40 5.87934951904 message=automated run peakcenter
get initial guess parabolic
get initial guess parabolic
get initial guess parabolic
get initial guess parabolic
get initial guess parabolic
get initial guess parabolic
dump mftable to /Users/jan/PychronDev/setupfiles/spectrometer/mftables/mftable.csv
add to repo msg=modified - automated run peakcenter
sweep finished
locally archiving mftable
setting magnet DAC
current  : 5.894590
requested: 5.879350
Delta Dac: 0.015240
Checking detector protection. dv=0.01524
Checking detector "CDD". Protection Threshold: 0.1 (V)
SetMagnetDAC 5.87934951904 ===>> OK
Magnet settling time: 0.500
setting integration time = 1.048576
SetIntegrationTime 1.048576 ===>> OK
Failed to find a valid peak. No peak greater than 1.0. max = 0.0450565286664
flush and close file /Users/jan/PychronDev/data/isotopes/73/3cebf4-3098-4074-ad7b-d0d432a25455.h5
finished measure script
executed 226.132928
jan_unknown120_60.py completed successfully
Measurement Finished
16:12:55 -- ******* Measurement Finished *******
Post Measurement Started jan_pump_ms.py
16:12:55 -- ******* Post Measurement Started jan_pump_ms.py *******
testing...
no interpolation path defined
executed 0
Pumping spectrometer
open () {'name': 'O'}
opening name=O desc=---
checking ownership. requestor=129.138.12.150
check software interlocks O
interlocks []
actuate state mode=None-script, software_lock=False
doing actuation None-script open_channel True
Open O ===>> OK
GetIndicatorState O ===>> OK
change switch state (True, True)
update switch state O True args=() kw={} ncanvase=3
16:12:56 -- OPEN   VALVE-O (Jan Ion Pump)
---------------------------------------- open O () result=[(True, True)], time=0.10 sec
action=open, ok=True, locked=[False]
executed 0
jan_pump_ms.py completed successfully
setting _ms_pumptime
Post Measurement Finished
16:12:56 -- ******* Post Measurement Finished *******
$$$$$$$$$$$$$$$$$$$$ state at run end measurement
state changed from measurement to success
post measurement save measured=True aborted=False
Set filtering
setting fod for Ar40= {'filter_outliers': True, 'std_devs': 2, 'iterations': 1}
setting fod for H1= {'filter_outliers': True, 'std_devs': 2, 'iterations': 1}
setting fod for PM41= {'filter_outliers': False, 'std_devs': 2, 'iterations': 1}
setting fod for H2= {'filter_outliers': True, 'std_devs': 2, 'iterations': 1}
setting fod for Ar36= {'filter_outliers': True, 'std_devs': 2, 'iterations': 1}
setting fod for CDD= {'filter_outliers': True, 'std_devs': 10, 'iterations': 1}
setting fod for Ar37= {'filter_outliers': True, 'std_devs': 2, 'iterations': 1}
setting fod for L2= {'filter_outliers': True, 'std_devs': 2, 'iterations': 1}
setting fod for Ar38= {'filter_outliers': True, 'std_devs': 2, 'iterations': 1}
setting fod for L1= {'filter_outliers': True, 'std_devs': 2, 'iterations': 1}
setting fod for Ar39= {'filter_outliers': True, 'std_devs': 2, 'iterations': 1}
setting fod for AX= {'filter_outliers': True, 'std_devs': 2, 'iterations': 1}
persistence save...
persistence save - db
post measurement save
5100234416 connecting to database sqlite:////Users/jan/PychronDev/.appdata/local_lab.db
connected to db sqlite:////Users/jan/PychronDev/.appdata/local_lab.db
create new session 5100234416
close session 5100234416
No database instance. Not saving post measurement to isotopedb database
$$$$$$$$$$$$$$$ auto_save_detector_ic=False
massspec enabled True
create new session 5064816880
MassSpec Database Version: 16.0
close session 5064816880
saving post measurement to secondary database
saving to massspec database 129.138.12.160/massspecdata
setting labnumber to 25383
setting aliquot to 6
setting step to 
setting uuid to 733cebf4-3098-4074-ad7b-d0d432a25455
setting irradpos to 25383
setting extract_device to Fusions CO2
setting tray to 
setting position to 153
setting power_requested to 5.0
setting extract_value to 5.0
setting duration to 30.0
setting duration_at_request to 30.0
setting first_stage_delay to 30.0
setting cleanup to 30.0
setting comment to N:4
setting irradiation to NM-289
setting level to N
setting irradiation_level to N
setting sample to FC-2
setting material to Sanidine
setting project to Irradiation-NM-289
setting mass_spectrometer to Jan
no attribute chron_dosages
no attribute production_ratios
no attribute interference_corrections
no attribute production_name
no attribute j
Reference Isotope=Ar40
Reference Detector=H1
%%%%%%%%%%%%%%%%%%%% Comment: N:4 %%%%%%%%%%%%%%%%%%%
adding isotope PM41 H2
add baseline dbdet= PM41. original det= H2
get baseline data PM41 H2
Get data baseline <pychron.processing.isotope.Baseline object at 0x1a0a67390> len t=60
baseline PM41. v=-0.203435490729, e=0.00708696191944
get signal data PM41 H2
Get data signal PM41 0.11+/-0.06 len t=120
adding isotope Ar40 H1
add baseline dbdet= Ar40. original det= H1
get baseline data Ar40 H1
Get data baseline <pychron.processing.isotope.Baseline object at 0x1a47bce10> len t=60
baseline Ar40. v=-0.00516518328261, e=0.00518586456699
get signal data Ar40 H1
Get data signal Ar40 1076.16+/-0.06 len t=120
adding isotope Ar39 AX
add baseline dbdet= Ar39. original det= AX
get baseline data Ar39 AX
Get data baseline <pychron.processing.isotope.Baseline object at 0x18f1ee2d0> len t=60
baseline Ar39. v=-0.0509717419807, e=0.00676632800072
get signal data Ar39 AX
Get data signal Ar39 261.058+/-0.031 len t=120
adding isotope Ar38 L1
add baseline dbdet= Ar38. original det= L1
get baseline data Ar38 L1
Get data baseline <pychron.processing.isotope.Baseline object at 0x18f1ee490> len t=60
baseline Ar38. v=-0.030933963157, e=0.00326995375613
get signal data Ar38 L1
Get data signal Ar38 3.476+/-0.005 len t=120
adding isotope Ar37 L2
add baseline dbdet= Ar37. original det= L2
get baseline data Ar37 L2
Get data baseline <pychron.processing.isotope.Baseline object at 0x18f1ee650> len t=60
baseline Ar37. v=-0.0193449487735, e=0.00750051539261
Get Checksum: 1864646427
get signal data Ar37 L2
Get data signal Ar37 0.863+/-0.011 len t=120
adding isotope Ar36 CDD
add baseline dbdet= Ar36. original det= CDD
get baseline data Ar36 CDD
Get data baseline <pychron.processing.isotope.Baseline object at 0x18f1ee810> len t=60
baseline Ar36. v=0.000287806467525, e=2.95761879114e-05
get signal data Ar36 CDD
Get data signal Ar36 0.0336+/-0.0005 len t=120
25383-06 added analysis time 0.468397140503s
analysis added to mass spec database
mass spec save time= 0.477
persistence save - dvc
================= post measurement started
create new session 4983587952
close session 4983587952
---------------- Experiment Queue saving disabled
DVC saving peakcenter
Failed to find a valid peak. No peak greater than 1.0. max = 0.0450565286664
Smart pull ahead: 0 behind: 0
Up-to-date with origin
add to repo msg=modified - ad8224ebc6dbfeb9f5997218dfa5fe690569839d.json
add to repo msg=modified - 83-06.json
add to repo msg=modified - 83-06.dat.json
add to repo msg=modified - 83-06.blan.json
add to repo msg=modified - 83-06.inte.json
add to repo msg=modified - 83-06.icfa.json
add to repo msg=modified - 83-06.base.json
Get Checksum: 1864646427
not at valid file /Users/jan/PychronDev/data/.dvc/repositories/Load1785/253/tags/83-06.tags.json
add to repo msg=modified - 83-06.peak.json
add to repo msg=modified - 83-06.extr.json
not at valid file /Users/jan/PychronDev/data/.dvc/repositories/Load1785/253/monitor/83-06.moni.json
commit message=<COLLECTION>
add to repo msg=modified - 83-06.inte.json
add to repo msg=modified - 83-06.base.json
commit message=<ISOEVO> default collection fits
add to repo msg=modified - 83-06.blan.json
commit message=<BLANKS> preceding bu-FC-J-7511
Get Checksum: 1864646427
add to repo msg=modified - 83-06.icfa.json
commit message=<ICFactor> default
push repository <pychron.git_archive.repo_manager.GitRepoManager object at 0x130f23470>
pushing to remote=origin, url=https://github.com
Get Checksum: 1864646427
no changes to meta repo
create new session 4983587952
add association Load1785
get identifier "25383"
setting analysis irradiation position=<pychron.dvc.dvc_orm.IrradiationPositionTbl object at 0x198b523d0>
close session 4983587952
================= post measurement finished
16:13:08 -- ******* Post Run Check *******
loading queue conditionals post_run_actions
loading system conditionals post_run_actions
loading conditionals from /Users/jan/PychronDev/setupfiles/spectrometer/default_conditionals.yaml
loading queue conditionals post_run_terminations
loading system conditionals post_run_terminations
loading conditionals from /Users/jan/PychronDev/setupfiles/spectrometer/default_conditionals.yaml
Checking default post run terminations n=1
GetDeflection CDD ===>> 50
testing CDD==2000
evaluate ot="CDD.deflection==2000" t="CDD==2000", ctx="{'CDD': 50.0}"
16:13:08 -- ******* Post Run Check Passed *******
16:13:08 -- Automated run 25383-06 success duration: 362.837 s
----------------- finish -----------------
----------------- stop -----------------
retroactive repository identifiers disabled
finish run. runs completed=70
update duration runid=25383-06, duration=362.837277889, md5=301e91d8
loading script "jan_unknown120_60.py"
loading script "jan_pump_ms.py"
loading script "jan_co2.py"
loading script "jan_pump_extraction_line.py"
testing...
no interpolation path defined
executed 213.652928
script duration name:unknown120_60 seconds:214.0
loading script "jan_unknown120_60.py"
loading script "jan_pump_ms.py"
loading script "jan_co2.py"
loading script "jan_pump_extraction_line.py"
testing...
no interpolation path defined
executed 0
loading script "jan_unknown120_60.py"
loading script "jan_pump_ms.py"
loading script "jan_co2.py"
loading script "jan_pump_extraction_line.py"
testing...
no interpolation path defined
calculate duration
testing...
no interpolation path defined
executed 0
calculate duration
testing...
no interpolation path defined
executed 0
executed 0.0
script duration name:co2 seconds:0.0
loading script "jan_unknown120_60.py"
loading script "jan_pump_ms.py"
loading script "jan_co2.py"
loading script "jan_pump_extraction_line.py"
testing...
no interpolation path defined
calculate duration
testing...
no interpolation path defined
executed 4.0
executed 4.0
Script duration 214.0
Run total estimated duration= 215.000
unknown120_60 in script context. using previous estimated duration
script duration name:unknown120_60 seconds:214.0
pump_ms in script context. using previous estimated duration
co2 in script context. using previous estimated duration
script duration name:co2 seconds:0.0
pump_extraction_line in script context. using previous estimated duration
Script duration 214.0
Run total estimated duration= 215.000
script duration name:unknown120_60 seconds:214.0
script duration name:co2 seconds:0.0
Script duration 214.0
Run total estimated duration= 215.000
script duration name:unknown120_60 seconds:214.0
script duration name:co2 seconds:0.0
Script duration 214.0
Run total estimated duration= 215.000
script duration name:unknown120_60 seconds:214.0
script duration name:co2 seconds:0.0
Script duration 214.0
Run total estimated duration= 215.000
script duration name:unknown120_60 seconds:214.0
script duration name:co2 seconds:0.0
Script duration 214.0
Run total estimated duration= 215.000
loading script "jan_unknown400_120.py"
loading script "jan_pump_ms.py"
loading script "jan_co2.py"
loading script "jan_pump_extraction_line.py"
testing...
no interpolation path defined
executed 556.052928
script duration name:unknown400_120 seconds:556.0
script duration name:co2 seconds:0.0
Script duration 556.0
Run total estimated duration= 557.000
script duration name:unknown120_60 seconds:214.0
script duration name:co2 seconds:0.0
Script duration 214.0
Run total estimated duration= 215.000
script duration name:unknown120_60 seconds:214.0
script duration name:co2 seconds:0.0
Script duration 214.0
Run total estimated duration= 215.000
script duration name:unknown120_60 seconds:214.0
script duration name:co2 seconds:0.0
Script duration 214.0
Run total estimated duration= 215.000
script duration name:unknown120_60 seconds:214.0
script duration name:co2 seconds:0.0
Script duration 214.0
Run total estimated duration= 215.000
script duration name:unknown120_60 seconds:214.0
script duration name:co2 seconds:0.0
Script duration 214.0
Run total estimated duration= 215.000
unknown400_120 in script context. using previous estimated duration
script duration name:unknown400_120 seconds:556.0
loading script "jan_unknown400_120.py"
loading script "jan_pump_ms.py"
loading script "jan_cocktail_x1.py"
loading script "jan_pump_extraction_line.py"
testing...
no interpolation path defined
calculate duration
testing...
no interpolation path defined
executed 0
calculate duration
testing...
no interpolation path defined
executed 0
calculate duration
testing...
no interpolation path defined
executed 32.0
calculate duration
testing...
no interpolation path defined
executed 34.0
calculate duration
testing...
no interpolation path defined
executed 4.0
calculate duration
testing...
no interpolation path defined
executed 38.0
executed 108.0
script duration name:cocktail_x1 seconds:108.0
Script duration 664.0
Run total estimated duration= 665.000
script duration name:unknown400_120 seconds:556.0
cocktail_x1 in script context. using previous estimated duration
script duration name:cocktail_x1 seconds:108.0
Script duration 664.0
Run total estimated duration= 665.000
script duration name:unknown120_60 seconds:214.0
script duration name:co2 seconds:0.0
Script duration 214.0
Run total estimated duration= 215.000
script duration name:unknown120_60 seconds:214.0
script duration name:co2 seconds:0.0
Script duration 214.0
Run total estimated duration= 215.000
script duration name:unknown120_60 seconds:214.0
script duration name:co2 seconds:0.0
Script duration 214.0
Run total estimated duration= 215.000
script duration name:unknown120_60 seconds:214.0
script duration name:co2 seconds:0.0
Script duration 214.0
Run total estimated duration= 215.000
script duration name:unknown120_60 seconds:214.0
script duration name:co2 seconds:0.0
Script duration 214.0
Run total estimated duration= 215.000
script duration name:unknown120_60 seconds:214.0
script duration name:co2 seconds:0.0
Script duration 214.0
Run total estimated duration= 215.000
script duration name:unknown120_60 seconds:214.0
script duration name:co2 seconds:0.0
Script duration 214.0
Run total estimated duration= 215.000
script duration name:unknown120_60 seconds:214.0
script duration name:co2 seconds:0.0
Script duration 214.0
Run total estimated duration= 215.000
script duration name:unknown120_60 seconds:214.0
script duration name:co2 seconds:0.0
Script duration 214.0
Run total estimated duration= 215.000
script duration name:unknown120_60 seconds:214.0
script duration name:co2 seconds:0.0
Script duration 214.0
Run total estimated duration= 215.000
script duration name:unknown400_120 seconds:556.0
script duration name:co2 seconds:0.0
Script duration 556.0
Run total estimated duration= 557.000
script duration name:unknown400_120 seconds:556.0
loading script "jan_unknown400_120.py"
loading script "jan_pump_ms.py"
loading script "jan_sniffair_x2.py"
loading script "jan_pump_extraction_line.py"
testing...
no interpolation path defined
calculate duration
testing...
no interpolation path defined
executed 0
calculate duration
testing...
no interpolation path defined
executed 0
calculate duration
testing...
no interpolation path defined
executed 32.0
calculate duration
testing...
no interpolation path defined
executed 34.0
calculate duration
testing...
no interpolation path defined
executed 4.0
calculate duration
testing...
no interpolation path defined
executed 36.0
calculate duration
testing...
no interpolation path defined
executed 34.0
calculate duration
testing...
no interpolation path defined
executed 4.0
calculate duration
testing...
no interpolation path defined
executed 36.0
calculate duration
testing...
no interpolation path defined
executed 70.0
executed 250.0
script duration name:sniffair_x2 seconds:250.0
Script duration 806.0
Run total estimated duration= 807.000
loading script "jan_ic_peak_hop3.py"
loading script "jan_pump_ms.py"
loading script "jan_air_x1.py"
loading script "jan_pump_extraction_line.py"
testing...
no interpolation path defined
executed 133.8
script duration name:ic_peak_hop3 seconds:134.0
loading script "jan_ic_peak_hop3.py"
loading script "jan_pump_ms.py"
loading script "jan_air_x1.py"
loading script "jan_pump_extraction_line.py"
testing...
no interpolation path defined
calculate duration
testing...
no interpolation path defined
executed 0
calculate duration
testing...
no interpolation path defined
executed 0
calculate duration
testing...
no interpolation path defined
executed 32.0
calculate duration
testing...
no interpolation path defined
executed 34.0
calculate duration
testing...
no interpolation path defined
executed 4.0
calculate duration
testing...
no interpolation path defined
executed 36.0
executed 106.0
script duration name:air_x1 seconds:106.0
Script duration 240.0
Run total estimated duration= 241.000
script duration name:unknown120_60 seconds:214.0
script duration name:co2 seconds:0.0
Script duration 214.0
Run total estimated duration= 215.000
script duration name:unknown120_60 seconds:214.0
script duration name:co2 seconds:0.0
Script duration 214.0
Run total estimated duration= 215.000
script duration name:unknown120_60 seconds:214.0
script duration name:co2 seconds:0.0
Script duration 214.0
Run total estimated duration= 215.000
script duration name:unknown120_60 seconds:214.0
script duration name:co2 seconds:0.0
Script duration 214.0
Run total estimated duration= 215.000
script duration name:unknown120_60 seconds:214.0
script duration name:co2 seconds:0.0
Script duration 214.0
Run total estimated duration= 215.000
script duration name:unknown120_60 seconds:214.0
script duration name:co2 seconds:0.0
Script duration 214.0
Run total estimated duration= 215.000
script duration name:unknown120_60 seconds:214.0
script duration name:co2 seconds:0.0
Script duration 214.0
Run total estimated duration= 215.000
script duration name:unknown120_60 seconds:214.0
script duration name:co2 seconds:0.0
Script duration 214.0
Run total estimated duration= 215.000
script duration name:unknown120_60 seconds:214.0
script duration name:co2 seconds:0.0
Script duration 214.0
Run total estimated duration= 215.000
script duration name:unknown120_60 seconds:214.0
script duration name:co2 seconds:0.0
Script duration 214.0
Run total estimated duration= 215.000
script duration name:unknown400_120 seconds:556.0
script duration name:cocktail_x1 seconds:108.0
Script duration 664.0
Run total estimated duration= 665.000
script duration name:unknown120_60 seconds:214.0
script duration name:co2 seconds:0.0
Script duration 214.0
Run total estimated duration= 215.000
script duration name:unknown120_60 seconds:214.0
script duration name:co2 seconds:0.0
Script duration 214.0
Run total estimated duration= 215.000
script duration name:unknown120_60 seconds:214.0
script duration name:co2 seconds:0.0
Script duration 214.0
Run total estimated duration= 215.000
script duration name:unknown120_60 seconds:214.0
script duration name:co2 seconds:0.0
Script duration 214.0
Run total estimated duration= 215.000
script duration name:unknown120_60 seconds:214.0
script duration name:co2 seconds:0.0
Script duration 214.0
Run total estimated duration= 215.000
script duration name:unknown400_120 seconds:556.0
script duration name:co2 seconds:0.0
Script duration 556.0
Run total estimated duration= 557.000
script duration name:unknown120_60 seconds:214.0
script duration name:co2 seconds:0.0
Script duration 214.0
Run total estimated duration= 215.000
script duration name:unknown120_60 seconds:214.0
script duration name:co2 seconds:0.0
Script duration 214.0
Run total estimated duration= 215.000
script duration name:unknown120_60 seconds:214.0
script duration name:co2 seconds:0.0
Script duration 214.0
Run total estimated duration= 215.000
script duration name:unknown120_60 seconds:214.0
script duration name:co2 seconds:0.0
Script duration 214.0
Run total estimated duration= 215.000
script duration name:unknown120_60 seconds:214.0
script duration name:co2 seconds:0.0
Script duration 214.0
Run total estimated duration= 215.000
script duration name:unknown120_60 seconds:214.0
script duration name:co2 seconds:0.0
Script duration 214.0
Run total estimated duration= 215.000
script duration name:unknown120_60 seconds:214.0
script duration name:co2 seconds:0.0
Script duration 214.0
Run total estimated duration= 215.000
script duration name:unknown120_60 seconds:214.0
script duration name:co2 seconds:0.0
Script duration 214.0
Run total estimated duration= 215.000
script duration name:unknown120_60 seconds:214.0
script duration name:co2 seconds:0.0
Script duration 214.0
Run total estimated duration= 215.000
script duration name:unknown120_60 seconds:214.0
script duration name:co2 seconds:0.0
Script duration 214.0
Run total estimated duration= 215.000
script duration name:unknown120_60 seconds:214.0
script duration name:co2 seconds:0.0
Script duration 214.0
Run total estimated duration= 215.000
script duration name:unknown120_60 seconds:214.0
script duration name:co2 seconds:0.0
Script duration 214.0
Run total estimated duration= 215.000
script duration name:unknown120_60 seconds:214.0
script duration name:co2 seconds:0.0
Script duration 214.0
Run total estimated duration= 215.000
script duration name:unknown120_60 seconds:214.0
script duration name:co2 seconds:0.0
Script duration 214.0
Run total estimated duration= 215.000
script duration name:unknown120_60 seconds:214.0
script duration name:co2 seconds:0.0
Script duration 214.0
Run total estimated duration= 215.000
script duration name:unknown400_120 seconds:556.0
script duration name:co2 seconds:0.0
Script duration 556.0
Run total estimated duration= 557.000
script duration name:unknown400_120 seconds:556.0
script duration name:cocktail_x1 seconds:108.0
Script duration 664.0
Run total estimated duration= 665.000
script duration name:unknown400_120 seconds:556.0
script duration name:cocktail_x1 seconds:108.0
Script duration 664.0
Run total estimated duration= 665.000
script duration name:unknown400_120 seconds:556.0
sniffair_x2 in script context. using previous estimated duration
script duration name:sniffair_x2 seconds:250.0
Script duration 806.0
Run total estimated duration= 807.000
script duration name:unknown400_120 seconds:556.0
script duration name:sniffair_x2 seconds:250.0
Script duration 806.0
Run total estimated duration= 807.000
ic_peak_hop3 in script context. using previous estimated duration
script duration name:ic_peak_hop3 seconds:134.0
air_x1 in script context. using previous estimated duration
script duration name:air_x1 seconds:106.0
Script duration 240.0
Run total estimated duration= 241.000
script duration name:unknown120_60 seconds:214.0
script duration name:co2 seconds:0.0
Script duration 214.0
Run total estimated duration= 215.000
script duration name:unknown120_60 seconds:214.0
script duration name:co2 seconds:0.0
Script duration 214.0
Run total estimated duration= 215.000
script duration name:unknown120_60 seconds:214.0
script duration name:co2 seconds:0.0
Script duration 214.0
Run total estimated duration= 215.000
script duration name:unknown120_60 seconds:214.0
script duration name:co2 seconds:0.0
Script duration 214.0
Run total estimated duration= 215.000
script duration name:unknown120_60 seconds:214.0
script duration name:co2 seconds:0.0
Script duration 214.0
Run total estimated duration= 215.000
script duration name:unknown120_60 seconds:214.0
script duration name:co2 seconds:0.0
Script duration 214.0
Run total estimated duration= 215.000
script duration name:unknown120_60 seconds:214.0
script duration name:co2 seconds:0.0
Script duration 214.0
Run total estimated duration= 215.000
script duration name:unknown120_60 seconds:214.0
script duration name:co2 seconds:0.0
Script duration 214.0
Run total estimated duration= 215.000
script duration name:unknown120_60 seconds:214.0
script duration name:co2 seconds:0.0
Script duration 214.0
Run total estimated duration= 215.000
script duration name:unknown120_60 seconds:214.0
script duration name:co2 seconds:0.0
Script duration 214.0
Run total estimated duration= 215.000
script duration name:unknown120_60 seconds:214.0
script duration name:co2 seconds:0.0
Script duration 214.0
Run total estimated duration= 215.000
script duration name:unknown120_60 seconds:214.0
script duration name:co2 seconds:0.0
Script duration 214.0
Run total estimated duration= 215.000
script duration name:unknown120_60 seconds:214.0
script duration name:co2 seconds:0.0
Script duration 214.0
Run total estimated duration= 215.000
nruns=78 before=5.0, run_dur=22216.0, btw=2310.0
write rem/ex queues
/Users/jan/PychronDev/experiments/rem/CurrentExperiment.rem.txt
/Users/jan/PychronDev/experiments/rem/CurrentExperiment.ex.txt
doing event level: 3
