do run
loading script "jan_unknown120_60.py"
loading script "jan_pump_ms.py"
loading script "jan_co2.py"
loading script "jan_pump_extraction_line.py"
testing...
no interpolation path defined
executed 213.652928
script duration name:unknown120_60 seconds:214.0
loading script "jan_unknown120_60.py"
loading script "jan_pump_ms.py"
loading script "jan_co2.py"
loading script "jan_pump_extraction_line.py"
testing...
no interpolation path defined
executed 0
loading script "jan_unknown120_60.py"
loading script "jan_pump_ms.py"
loading script "jan_co2.py"
loading script "jan_pump_extraction_line.py"
testing...
no interpolation path defined
calculate duration
testing...
no interpolation path defined
executed 0
calculate duration
testing...
no interpolation path defined
executed 0
executed 0.0
script duration name:co2 seconds:0.0
loading script "jan_unknown120_60.py"
loading script "jan_pump_ms.py"
loading script "jan_co2.py"
loading script "jan_pump_extraction_line.py"
testing...
no interpolation path defined
calculate duration
testing...
no interpolation path defined
executed 4.0
executed 4.0
Script duration 214.0
Run total estimated duration= 215.000
run duration: 0:03:35
doing event level: 2
17:32:16 -- Setting default integration. t=1.048576
setting integration time = 1.048576
SetIntegrationTime 1.048576 ===>> OK
----------------- start -----------------
**************** Experiment Type: Ar/Ar, Ar/Ar
create new session 5003455664
close session 5003455664
$$$$$ Clearing conditionals
adding conditionals 
Add queue conditionals
add default conditionals
adding default conditionals from /Users/jan/PychronDev/setupfiles/spectrometer/default_conditionals.yaml
Start automated run 25384-05
loading script "jan_unknown120_60.py"
loading script "jan_pump_ms.py"
loading script "jan_co2.py"
loading script "jan_pump_extraction_line.py"
%%%%%%%%%%%%%%%%%% setting automated run 25384-05
No value "sensitivity_multiplier" in metadata
$$$$$$$$$$$$$$$ auto_save_detector_ic=False
============================= Pre Extraction Check =============================
loading queue conditionals pre_run_terminations
loading system conditionals pre_run_terminations
loading conditionals from /Users/jan/PychronDev/setupfiles/spectrometer/default_conditionals.yaml
17:32:17 -- ******* Pre Extraction Check *******
Get a measurement from the spectrometer
GetData ===>> H2,-0.154904997706682,H1,0.032269432541754,AX,-0.0796063872741349,L1,-0.00438322741824397,L2,0.11...
Pre Extraction Termination data. keys=H2,H1,AX,L1,L2,CDD, signals=-0.15490,0.03227,-0.07961,-0.00438,0.11102,0.00268
17:32:17 -- testing system defined conditionals
Checking default pre extraction terminations n=2
testing CDD
evaluate ot="CDD.inactive" t="CDD", ctx="{'CDD': False}"
GetDeflection CDD ===>> 50
testing CDD==2000
evaluate ot="CDD.deflection==2000" t="CDD==2000", ctx="{'CDD': 50.0}"
17:32:17 -- ******* Pre Extraction Check Passed *******
=================================================================================
17:32:17 -- stopping status monitor
stop 4975542192
Alive clients [4984697584]
17:32:17 -- starting status monitor
start 4975542192
Monitor already running
start extraction
do extraction
Analysis started at 17:32:17.067184
Extraction Started jan_co2.py
17:32:17 -- ******* Extraction Started jan_co2.py *******
state changed from not run to extraction
DO EXTRACTION <pychron.extraction_line.pyscript_runner.RemotePyScriptRunner object at 0x12bbc33b0>
testing...
no interpolation path defined
calculate duration
testing...
no interpolation path defined
executed 0
calculate duration
testing...
no interpolation path defined
executed 0
executed 100.0
Jan CO2 laser analysis
doing GOSUB
testing...
no interpolation path defined
executed 0
Waiting for CO2 access
wait ('FelixCO2Flag', 0) {}
waiting for FelixCO2Flag = 0
Read FelixCO2Flag ===>> 0
finished waiting
CO2 free
wait ('CO2PumpTimeFlag', 0) {}
waiting for CO2PumpTimeFlag = 0
Read CO2PumpTimeFlag ===>> 0
finished waiting
acquire ('JanCO2Flag',) {'clear': True}
acquire JanCO2Flag
Set JanCO2Flag 1 ===>> OK
JanCO2Flag acquired
set extraction state False (0.75, 'red', 1.5)
CO2 acquired
executed 0
WaitForCO2Access.py completed successfully
gosub finished
doing GOSUB
testing...
no interpolation path defined
executed 0
Prepare for CO2 analysis
close () {'description': 'Jan Inlet'}
closing name=--- desc=Jan Inlet
checking ownership. requestor=129.138.12.150
check software interlocks R
interlocks []
actuate state mode=None-script, software_lock=False
doing actuation None-script close_channel False
Close R ===>> OK
GetIndicatorState R ===>> False
change switch state (True, True)
update switch state R False args=() kw={} ncanvase=2
17:32:17 -- CLOSE  VALVE-R (Jan Inlet)
---------------------------------------- close None (Jan Inlet) result=[(True, True)]
action=close, ok=True, locked=[False]
open () {'description': 'Jan Ion Pump'}
opening name=--- desc=Jan Ion Pump
checking ownership. requestor=129.138.12.150
check software interlocks O
interlocks []
actuate state mode=None-script, software_lock=False
doing actuation None-script open_channel False
Open O ===>> OK
GetIndicatorState O ===>> OK
change switch state (True, True)
update switch state O True args=() kw={} ncanvase=2
17:32:17 -- OPEN   VALVE-O (Jan Ion Pump)
---------------------------------------- open None (Jan Ion Pump) result=[(True, True)], time=0.12 sec
action=open, ok=True, locked=[False]
close () {'description': 'Microbone to Minibone'}
closing name=--- desc=Microbone to Minibone
checking ownership. requestor=129.138.12.150
check software interlocks L
interlocks []
actuate state mode=None-script, software_lock=False
doing actuation None-script close_channel False
Close L ===>> OK
GetIndicatorState L ===>> False
change switch state (True, True)
update switch state L False args=() kw={} ncanvase=2
17:32:18 -- CLOSE  VALVE-L (Microbone to Minibone)
---------------------------------------- close None (Microbone to Minibone) result=[(True, True)]
action=close, ok=True, locked=[False]
open () {'description': 'Microbone to Turbo'}
opening name=--- desc=Microbone to Turbo
checking ownership. requestor=129.138.12.150
check software interlocks U
interlocks []
actuate state mode=None-script, software_lock=False
doing actuation None-script open_channel False
Open U ===>> OK
GetIndicatorState U ===>> OK
change switch state (True, True)
update switch state U True args=() kw={} ncanvase=2
17:32:18 -- OPEN   VALVE-U (Microbone to Turbo)
---------------------------------------- open None (Microbone to Turbo) result=[(True, True)], time=0.12 sec
action=open, ok=True, locked=[False]
open () {'description': 'Microbone to Inlet Pipette'}
opening name=--- desc=Microbone to Inlet Pipette
checking ownership. requestor=129.138.12.150
check software interlocks S
interlocks []
actuate state mode=None-script, software_lock=False
doing actuation None-script open_channel False
Open S ===>> OK
Get Checksum: 192129876
GetIndicatorState S ===>> OK
change switch state (True, True)
update switch state S True args=() kw={} ncanvase=2
17:32:19 -- OPEN   VALVE-S (Microbone to Inlet Pipette)
---------------------------------------- open None (Microbone to Inlet Pipette) result=[(True, True)], time=0.41 sec
action=open, ok=True, locked=[False]
open () {'description': 'Microbone to Getter D-50'}
opening name=--- desc=Microbone to Getter D-50
checking ownership. requestor=129.138.12.150
check software interlocks K
interlocks []
actuate state mode=None-script, software_lock=False
doing actuation None-script open_channel False
Open K ===>> OK
GetIndicatorState K ===>> OK
change switch state (True, True)
update switch state K True args=() kw={} ncanvase=2
17:32:20 -- OPEN   VALVE-K (Microbone to Getter D-50)
---------------------------------------- open None (Microbone to Getter D-50) result=[(True, True)], time=0.41 sec
action=open, ok=True, locked=[False]
open () {'description': 'Microbone to Getter NP-10'}
opening name=--- desc=Microbone to Getter NP-10
checking ownership. requestor=129.138.12.150
check software interlocks M
interlocks []
actuate state mode=None-script, software_lock=False
doing actuation None-script open_channel False
Open M ===>> OK
GetIndicatorState M ===>> OK
change switch state (True, True)
update switch state M True args=() kw={} ncanvase=2
17:32:20 -- OPEN   VALVE-M (Microbone to Getter NP-10)
---------------------------------------- open None (Microbone to Getter NP-10) result=[(True, True)], time=0.16 sec
action=open, ok=True, locked=[False]
close () {'description': 'CO2 Laser to Felix'}
closing name=--- desc=CO2 Laser to Felix
checking ownership. requestor=129.138.12.150
check software interlocks F
interlocks []
actuate state mode=None-script, software_lock=True
VALVE-F(CO2 Laser to Felix) software locked
change switch state (True, False)
---------------------------------------- close None (CO2 Laser to Felix) result=[(True, False)]
action=close, ok=True, locked=[True]
open () {'description': 'CO2 Laser to Jan'}
opening name=--- desc=CO2 Laser to Jan
checking ownership. requestor=129.138.12.150
check software interlocks A
interlocks []
actuate state mode=None-script, software_lock=False
doing actuation None-script open_channel False
Open A ===>> OK
GetIndicatorState A ===>> OK
change switch state (True, True)
update switch state A True args=() kw={} ncanvase=2
17:32:21 -- OPEN   VALVE-A (CO2 Laser to Jan)
---------------------------------------- open None (CO2 Laser to Jan) result=[(True, True)], time=0.35 sec
action=open, ok=True, locked=[False]
open () {'description': 'Microbone to CO2 Laser'}
opening name=--- desc=Microbone to CO2 Laser
checking ownership. requestor=129.138.12.150
check software interlocks T
interlocks []
actuate state mode=None-script, software_lock=False
doing actuation None-script open_channel False
Open T ===>> OK
GetIndicatorState T ===>> OK
change switch state (True, True)
update switch state T True args=() kw={} ncanvase=2
17:32:21 -- OPEN   VALVE-T (Microbone to CO2 Laser)
---------------------------------------- open None (Microbone to CO2 Laser) result=[(True, True)], time=0.41 sec
action=open, ok=True, locked=[False]
executed 0
PrepareForCO2Analysis.py completed successfully
gosub finished
set_motor ('beam', '1.25') {}
setting motor "beam" to 1.25
set motor beam to 1.25
SetMotor beam,1.25 ===>> OK
Get Checksum: 192129876
GetMotorMoving beam ===>> False
GetMotorMoving beam ===>> False
Block completed
move_to_position ('162',) {'autocenter': True}
FusionsCO2 move to position 162
sending GoToHole 162,True
GoToHole 162,True ===>> OK
GetDriveMoving ===>> OK
GetDriveMoving ===>> OK
GetDriveMoving ===>> OK
GetDriveMoving ===>> False
GetDriveMoving ===>> OK
GetDriveMoving ===>> OK
GetDriveMoving ===>> OK
Get Checksum: 192129876
GetDriveMoving ===>> OK
GetDriveMoving ===>> OK
GetDriveMoving ===>> False
Block completed
GetAutoCorrecting ===>> False
GetAutoCorrecting ===>> False
Block completed
update position
GetPosition ===>> 1.99390,-5.98170,1.00000
got position (1.9939, -5.9817, 1.0)
move to position succeeded
sleep (5,) {}
SLEEP 5.0
block started
WaitControl setup for 5.0  
Get Checksum: 192129876
Get Checksum: 192129876
Join finished
block finished. duration 5.00425601006
close () {'description': 'Microbone to Turbo'}
closing name=--- desc=Microbone to Turbo
checking ownership. requestor=129.138.12.150
check software interlocks U
interlocks []
actuate state mode=None-script, software_lock=False
doing actuation None-script close_channel True
Close U ===>> OK
GetIndicatorState U ===>> False
change switch state (True, True)
update switch state U False args=() kw={} ncanvase=2
17:32:32 -- CLOSE  VALVE-U (Microbone to Turbo)
---------------------------------------- close None (Microbone to Turbo) result=[(True, True)]
action=close, ok=True, locked=[False]
enable laser
enable () {}
set extraction state FusionsCO2 Enabled (False, 'red', 1.5)
enabling laser
Enable ===>> OK
begin interval
BEGIN INTERVAL Interval 1 waiting for 30.0
block started
WaitControl setup for 30.0  
set extract to 5.0
extract (5.0,) {}
GetPosition ===>> 1.99390,-5.98170,1.00000
set extraction state FusionsCO2 ON! 5.0(watts) (0.75, 'red', 1.5)
extract sample to 5.0 (watts)
set laser output
SetLaserOutput 5.0,watts ===>> OK
executing pattern triangle.lp
execute_pattern ('triangle.lp',) {}
executing pattern triangle.lp
IsPatterning ===>> OK
Get Checksum: 38271967
IsPatterning ===>> OK
IsPatterning ===>> OK
IsPatterning ===>> OK
Get Checksum: 38271967
IsPatterning ===>> OK
IsPatterning ===>> OK
IsPatterning ===>> OK
Get Checksum: 38271967
IsPatterning ===>> OK
IsPatterning ===>> OK
IsPatterning ===>> OK
Get Checksum: 38271967
IsPatterning ===>> OK
IsPatterning ===>> OK
IsPatterning ===>> OK
Get Checksum: 38271967
IsPatterning ===>> OK
IsPatterning ===>> OK
IsPatterning ===>> OK
Get Checksum: 38271967
IsPatterning ===>> OK
IsPatterning ===>> OK
IsPatterning ===>> OK
IsPatterning ===>> OK
IsPatterning ===>> OK
Get Checksum: 38271967
IsPatterning ===>> OK
IsPatterning ===>> OK
IsPatterning ===>> OK
Get Checksum: 38271967
IsPatterning ===>> OK
IsPatterning ===>> OK
IsPatterning ===>> False
Get Checksum: 38271967
IsPatterning ===>> False
Block completed
COMPLETE INTERVAL waiting for Interval 1 to complete
Join finished
block finished. duration 30.0407910347
Interval 1 finished
end_extract () {}
ending extraction. set laser power to 0
set laser power 0
SetLaserPower 0 ===>> OK
disable () {}
%%%%%%%%%%%%%%%%%%%%%%%%%%%%%%%%%%% disable
set extraction state False (0.75, 'red', 1.5)
disabling laser
Disable ===>> OK
sleep (30.0,) {}
SLEEP 30.0
block started
WaitControl setup for 30.0  
Get Checksum: 38271967
Get Checksum: 38271967
Get Checksum: 38271967
Get Checksum: 38271967
Get Checksum: 38271967
Get Checksum: 38271967
Get Checksum: 38271967
Get Checksum: 38271967
Get Checksum: 38271967
Get Checksum: 38271967
Join finished
block finished. duration 30.0340490341
executed 166.5
jan_co2.py completed successfully
GetAchievedOutput ===>> No Response
Requested Output= 0.000
Achieved Output=  0.000
GetResponseBlob ===>> No Response
GetOutputBlob ===>> No Response
persistence save...
persistence save - db
AutomatedRunPersister post_extraction_save deprecated
persistence save - dvc
no extraction position for 162
create new session 4984345712
close session 4984345712
Extraction Finished
17:33:33 -- ******* Extraction Finished *******
no overlap. not waiting for min ms pumptime
17:33:33 -- Sending spectrometer configuration
======== Sending configuration ========
SetDeflection CDD,50.0 ===>> OK
SetDeflection H2,0.0 ===>> OK
SetDeflection H1,0.0 ===>> OK
SetDeflection L2,825.0 ===>> OK
SetDeflection L1,400.0 ===>> OK
SetDeflection AX,190.0 ===>> OK
SetZFocus 74.64 ===>> OK
SetZSymmetry -50.72 ===>> OK
SetExtractionLens 26.13 ===>> OK
SetIonRepeller -3.81 ===>> OK
SetElectronEnergy 75.08 ===>> OK
SetYSymmetry -2.81 ===>> OK
SetIonCounterVoltage 1590.0 ===>> OK
send trap current 200.0
GetParameter Trap Current Readback ===>> 197.699505585058
SetParameter Trap Current Set,200.0 ===>> OK
updating mftable name mftable
Using mftable located at /Users/jan/PychronDev/setupfiles/spectrometer/mftables/mftable.csv
============ MFtable ===========
Isotope  H2     H1     AX     L1     L2     CDD    
Ar40     5.7848 5.8795 5.9929 6.1247 6.2313 6.3530
Ar39     5.6841 5.7718 5.8853 6.0108 6.1164 6.2395
Ar36     5.3616 5.4408 5.5487 5.6697 5.7714 5.8906
================================
get initial guess parabolic
get initial guess parabolic
get initial guess parabolic
get initial guess parabolic
get initial guess parabolic
get initial guess parabolic
======== Configuration Finished ========
GetYSymmetry ===>> -2.81
GetZSymmetry ===>> -50.72
GetParameter Trap Current Readback ===>> 198.258926936459
GetHighVoltage ===>> 4500
start measurement
do measurement
L#=25384 analysis type=unknown
Measurement Started jan_unknown120_60.py
17:33:33 -- ******* Measurement Started jan_unknown120_60.py *******
state changed from extraction to measurement
setting spec, defl, and gains
GetExtractionLens ===>> 26.13
GetYSymmetry ===>> -2.81
GetZSymmetry ===>> -50.72
GetZFocus ===>> 74.64
GetDeflection H2 ===>> 0
GetDeflection H1 ===>> 0
GetDeflection AX ===>> 190
GetDeflection L1 ===>> 400
GetDeflection L2 ===>> 825
GetDeflection CDD ===>> 50
GetGain H2 ===>> 0.0113
GetGain H1 ===>> 0.1
GetGain AX ===>> 0.097049
GetGain L1 ===>> 0.010355
GetGain L2 ===>> 0.095649
GetGain CDD ===>> 0
pre measurement save
New frame /Users/jan/PychronDev/data/isotopes/95/507d65-0ed2-4447-b2f1-b4adbfd34669.h5
flush and close file /Users/jan/PychronDev/data/isotopes/95/507d65-0ed2-4447-b2f1-b4adbfd34669.h5
testing...
no interpolation path defined
executed 226.132928
unknown measurement script
activate_detectors ('H2', 'H1', 'AX', 'L1', 'L2', 'CDD') {}
activate detectors
*************** Set Analysis View Ar/Ar
create graphs
Get Checksum: 38271967
clearing graphs
clear isotope group
setting isotope det=H2, iso=PM41
setting isotope det=H1, iso=Ar40
setting isotope det=AX, iso=Ar39
setting isotope det=L1, iso=Ar38
setting isotope det=L2, iso=Ar37
setting isotope det=CDD, iso=Ar36
setting previous blanks
 - setting Ar40 blank 0.811+/-0.007
 - setting Ar36 blank 0.00713+/-0.00020
 - setting Ar37 blank 0.057+/-0.005
 - setting Ar38 blank 0.0176+/-0.0023
 - setting PM41 blank 0.04+/-0.07
 - setting Ar39 blank 0.043+/-0.008
load analysis view
position_magnet ('Ar40',) {'detector': 'H1'}
detector Detector(H1)
POSITION Ar40 H1
setting detector H2 to PM41 (40.9624)
setting detector H1 to Ar40 (39.9624)
setting detector AX to Ar39 (38.9624)
setting detector L1 to Ar38 (37.9624)
setting detector L2 to Ar37 (36.9624)
setting detector CDD to Ar36 (35.9624)
Mapping mass to dac mass func: "parabolic"
H1 map mass coeffs = [-0.00063987  0.15840543  0.57113999]
H1 map mass to dac 39.9624 >> 5.87953
GetDeflection H1 ===>> 0
GetHighVoltage ===>> 4500
positioning Ar40 (5.87953) on H1
setting magnet DAC
current  : 5.879530
requested: 5.879530
Delta Dac: 0.000000
Checking detector protection. dv=0.00000
Checking detector "CDD". Protection Threshold: 0.1 (V)
SetMagnetDAC 5.87953 ===>> OK
Magnet settling time: 0.500
equilibrate () {'delay': 3, 'inlet': 'R', 'outlet': 'O', 'eqtime': 12.0}
Equilibration Started
17:33:34 -- ******* Equilibration Started *******
checking ownership. requestor=129.138.12.150
check software interlocks O
interlocks []
actuate state mode=None-script, software_lock=False
doing actuation None-script close_channel True
Close O ===>> OK
GetIndicatorState O ===>> False
change switch state (True, True)
update switch state O False args=() kw={} ncanvase=2
17:33:35 -- CLOSE  VALVE-O (Jan Ion Pump)
waiting 3s before opening inlet value ('R',)
Get Checksum: 1838806504
checking ownership. requestor=129.138.12.150
check software interlocks R
interlocks []
actuate state mode=None-script, software_lock=False
doing actuation None-script open_channel True
Open R ===>> OK
set states for children of R. state=True
handle state [('R', True)]
update switch state R True args=() kw={'refresh': False} ncanvase=2
refresh_canvas_needed fired
GetIndicatorState R ===>> OK
change switch state (True, True)
update switch state R True args=() kw={} ncanvase=2
17:33:38 -- OPEN   VALVE-R (Jan Inlet)
equilibrating for 12.0sec
set_time_zero () {}
sniff (12.0,) {}
py_sniff
build tables- sniff [Detector(H2), Detector(H1), Detector(AX), Detector(L1), Detector(L2), Detector(CDD)]
add group /sniff/PM41 (Group) '' table H2
add group /sniff/Ar40 (Group) '' table H1
add group /sniff/Ar39 (Group) '' table AX
add group /sniff/Ar38 (Group) '' table L1
add group /sniff/Ar37 (Group) '' table L2
add group /sniff/Ar36 (Group) '' table CDD
flush and close file /Users/jan/PychronDev/data/isotopes/95/507d65-0ed2-4447-b2f1-b4adbfd34669.h5
measuring sniff. ncounts=12.0
starting measurement
GetData ===>> H2,0.157474807556754,H1,178.18195109511,AX,47.5113831546985,L1,0.181465305357072,L2,0.52929152211...
GetData ===>> H2,1.00982048276987,H1,930.444460667048,AX,239.186270056643,L1,1.4517880251244,L2,1.8176394105997...
Get Checksum: 1775861429
GetData ===>> H2,0.448832763990093,H1,1255.00309607332,AX,313.123300040704,L1,2.65888662874029,L2,2.06250444678...
GetData ===>> H2,0.182152342931739,H1,1358.47749876321,AX,333.892876909037,L1,3.40597968180231,L2,2.02823845881...
GetData ===>> H2,0.042919761975035,H1,1396.2995636136,AX,340.853968580433,L1,3.88014127234028,L2,2.238299287923...
Get Checksum: 1775861429
GetData ===>> H2,-0.00201540471621639,H1,1411.45896986263,AX,343.47843299572,L1,4.10823901272189,L2,2.099495228...
GetData ===>> H2,0.0267724483164727,H1,1417.71300332253,AX,344.892733865398,L1,4.23849307217654,L2,2.2213919552...
GetData ===>> H2,0.0651883520195054,H1,1420.41762444316,AX,345.385624687429,L1,4.32491117919002,L2,2.2337204075...
Get Checksum: 1775861429
GetData ===>> H2,0.0991031173333816,H1,1422.5353654996,AX,345.478637679599,L1,4.37848614211478,L2,2.13123097779...
GetData ===>> H2,0.00699074554275761,H1,1422.7731757673,AX,345.699331527835,L1,4.41036766768632,L2,2.0780399042...
Get Checksum: 1775861429
GetData ===>> H2,-0.0499868844518879,H1,1422.72657969034,AX,345.823850621148,L1,4.44167811629734,L2,2.128880677...
Equilibration Finished
17:33:50 -- ******* Equilibration Finished *******
checking ownership. requestor=129.138.12.150
check software interlocks R
interlocks []
actuate state mode=None-script, software_lock=False
doing actuation None-script close_channel True
GetData ===>> H2,0.0419950838650737,H1,1422.95992319742,AX,345.491061789344,L1,4.47029944506685,L2,2.1043326735...
Close R ===>> OK
GetIndicatorState R ===>> False
change switch state (True, True)
update switch state R False args=() kw={} ncanvase=2
17:33:51 -- CLOSE  VALVE-R (Jan Inlet)
Post Equilibration Started jan_pump_extraction_line.py
17:33:51 -- ******* Post Equilibration Started jan_pump_extraction_line.py *******
testing...
no interpolation path defined
calculate duration
testing...
no interpolation path defined
executed 4.0
executed 4.0
Pump after analysis
doing GOSUB
testing...
no interpolation path defined
executed 4.0
Pump Microbone
close () {'description': 'Jan Inlet'}
closing name=--- desc=Jan Inlet
checking ownership. requestor=129.138.12.150
check software interlocks R
interlocks []
actuate state mode=None-script, software_lock=False
doing actuation None-script close_channel False
measurement finished
estimated time: 12.583 actual time: :12.660
flush and close file /Users/jan/PychronDev/data/isotopes/95/507d65-0ed2-4447-b2f1-b4adbfd34669.h5
set_fits () {}
using default fits file=/Users/jan/PychronDev/scripts/measurement/fits/nominal_linear.yaml
Close R ===>> OK
set "Ar40" to "('Linear', 'SEM')"
No fit for "PM41". defaulting to linear. check the measurement script "jan_unknown120_60.py"
set "PM41" to "linear"
set "Ar36" to "('Linear', 'SEM')"
set "Ar37" to "('linear', 'SEM')"
set "Ar38" to "('linear', 'SEM')"
set "Ar39" to "('Linear', 'SEM')"
set_baseline_fits () {}
using default fits file=/Users/jan/PychronDev/scripts/measurement/fits/nominal_linear.yaml
set "H1" to "('average', 'SEM')"
set "H2" to "('average', 'SEM')"
set "CDD" to "('average', 'SEM')"
set "L2" to "('average', 'SEM')"
set "L1" to "('average', 'SEM')"
set "AX" to "('average', 'SEM')"
multicollect () {'integration_time': 1, 'ncounts': 120}
build tables- signal [Detector(H2), Detector(H1), Detector(AX), Detector(L1), Detector(L2), Detector(CDD)]
add group /signal/PM41 (Group) '' table H2
add group /signal/Ar40 (Group) '' table H1
add group /signal/Ar39 (Group) '' table AX
add group /signal/Ar38 (Group) '' table L1
add group /signal/Ar37 (Group) '' table L2
add group /signal/Ar36 (Group) '' table CDD
flush and close file /Users/jan/PychronDev/data/isotopes/95/507d65-0ed2-4447-b2f1-b4adbfd34669.h5
measuring signal. ncounts=120
GetIndicatorState R ===>> False
change switch state (True, True)
update switch state R False args=() kw={} ncanvase=2
17:33:51 -- CLOSE  VALVE-R (Jan Inlet)
---------------------------------------- close None (Jan Inlet) result=[(True, True)]
action=close, ok=True, locked=[False]
is_closed ('F',) {}
is F () closed?
is closed True
open () {'description': 'CO2 Laser to Jan'}
opening name=--- desc=CO2 Laser to Jan
checking ownership. requestor=129.138.12.150
check software interlocks A
interlocks []
actuate state mode=None-script, software_lock=False
doing actuation None-script open_channel False
Open A ===>> OK
GetIndicatorState A ===>> OK
change switch state (True, True)
update switch state A True args=() kw={} ncanvase=2
17:33:52 -- OPEN   VALVE-A (CO2 Laser to Jan)
---------------------------------------- open None (CO2 Laser to Jan) result=[(True, True)], time=0.12 sec
starting measurement
GetData ===>> H2,0.0860774610856211,H1,1423.0761125007,AX,345.327663895093,L1,4.48380569466175,L2,2.31024127736...
action=open, ok=True, locked=[False]
sleep (1,) {}
SLEEP 1.0
Get Checksum: 1838806504
GetData ===>> H2,0.206109247458265,H1,1423.14425102429,AX,345.693825153625,L1,4.50360685054589,L2,2.17316578137...
close () {'description': 'CO2 Laser to Roughing'}
closing name=--- desc=CO2 Laser to Roughing
checking ownership. requestor=129.138.12.150
check software interlocks G
interlocks []
actuate state mode=None-script, software_lock=True
VALVE-G(CO2 Laser to Roughing) software locked
change switch state (True, False)
---------------------------------------- close None (CO2 Laser to Roughing) result=[(True, False)]
action=close, ok=True, locked=[True]
open () {'description': 'Microbone to Turbo'}
opening name=--- desc=Microbone to Turbo
checking ownership. requestor=129.138.12.150
check software interlocks U
interlocks []
actuate state mode=None-script, software_lock=False
doing actuation None-script open_channel True
Open U ===>> OK
GetIndicatorState U ===>> OK
change switch state (True, True)
update switch state U True args=() kw={} ncanvase=2
17:33:53 -- OPEN   VALVE-U (Microbone to Turbo)
---------------------------------------- open None (Microbone to Turbo) result=[(True, True)], time=0.21 sec
action=open, ok=True, locked=[False]
open () {'description': 'Microbone to Getter NP-10'}
opening name=--- desc=Microbone to Getter NP-10
checking ownership. requestor=129.138.12.150
check software interlocks M
interlocks []
actuate state mode=None-script, software_lock=False
doing actuation None-script open_channel False
Open M ===>> OK
GetIndicatorState M ===>> OK
change switch state (True, True)
update switch state M True args=() kw={} ncanvase=2
17:33:54 -- OPEN   VALVE-M (Microbone to Getter NP-10)
---------------------------------------- open None (Microbone to Getter NP-10) result=[(True, True)], time=0.14 sec
action=open, ok=True, locked=[False]
open () {'description': 'Microbone to Getter D-50'}
opening name=--- desc=Microbone to Getter D-50
checking ownership. requestor=129.138.12.150
check software interlocks K
interlocks []
actuate state mode=None-script, software_lock=False
doing actuation None-script open_channel False
GetData ===>> H2,0.09962767556596,H1,1422.80770767743,AX,345.512370790097,L1,4.49419950044222,L2,2.064728583952...
Open K ===>> OK
set states for children of V. state=True
handle state [('V', True)]
update switch state V True args=() kw={'refresh': False} ncanvase=2
refresh_canvas_needed fired
GetIndicatorState K ===>> OK
change switch state (True, True)
update switch state K True args=() kw={} ncanvase=2
17:33:54 -- OPEN   VALVE-K (Microbone to Getter D-50)
---------------------------------------- open None (Microbone to Getter D-50) result=[(True, True)], time=0.45 sec
action=open, ok=True, locked=[False]
open () {'description': 'Microbone to CO2 Laser'}
opening name=--- desc=Microbone to CO2 Laser
checking ownership. requestor=129.138.12.150
check software interlocks T
interlocks []
actuate state mode=None-script, software_lock=False
doing actuation None-script open_channel False
Open T ===>> OK
GetIndicatorState T ===>> OK
change switch state (True, True)
update switch state T True args=() kw={} ncanvase=2
17:33:55 -- OPEN   VALVE-T (Microbone to CO2 Laser)
---------------------------------------- open None (Microbone to CO2 Laser) result=[(True, True)], time=0.40 sec
GetData ===>> H2,0.0539767493861573,H1,1422.10091586406,AX,345.516619915756,L1,4.51331024443438,L2,2.1217840400...
action=open, ok=True, locked=[False]
open () {'description': 'Microbone to Inlet Pipette'}
opening name=--- desc=Microbone to Inlet Pipette
checking ownership. requestor=129.138.12.150
check software interlocks S
interlocks []
actuate state mode=None-script, software_lock=False
doing actuation None-script open_channel False
Open S ===>> OK
Get Checksum: -1097334291
GetIndicatorState S ===>> OK
change switch state (True, True)
update switch state S True args=() kw={} ncanvase=2
17:33:56 -- OPEN   VALVE-S (Microbone to Inlet Pipette)
---------------------------------------- open None (Microbone to Inlet Pipette) result=[(True, True)], time=0.45 sec
action=open, ok=True, locked=[False]
sleep (1,) {}
SLEEP 1.0
GetData ===>> H2,-0.192004589552704,H1,1420.83637538918,AX,345.398563775548,L1,4.50789304068981,L2,2.1020751690...
set_resource () {'name': 'CO2PumpTimeFlag', 'value': 30}
Set CO2PumpTimeFlag 30 ===>> OK
release ('JanCO2Flag',) {}
release JanCO2Flag
Set JanCO2Flag 0 ===>> OK
executed 6.0
PumpMicrobone.py completed successfully
gosub finished
get_resource_value () {'name': 'JanMiniboneFlag'}
Read JanMiniboneFlag ===>> 0
Get Resource Value JanMiniboneFlag=0.0
get resource value 0.0
get_resource_value () {'name': 'JanMiniboneFlag'}
Read JanMiniboneFlag ===>> 0
Get Resource Value JanMiniboneFlag=0.0
executed 4.0
jan_pump_extraction_line.py completed successfully
Post Equilibration Finished
17:33:57 -- ******* Post Equilibration Finished *******
GetData ===>> H2,-0.227283161174174,H1,1420.32644580986,AX,345.089064153398,L1,4.52951034154975,L2,2.1808655991...
GetData ===>> H2,-0.136493073429446,H1,1420.5975330424,AX,344.786914887166,L1,4.50438818327981,L2,2.07832804836...
Get Checksum: -1097334291
GetData ===>> H2,-0.173673017006135,H1,1419.89671418532,AX,344.577008412409,L1,4.49005450209362,L2,2.1543453039...
GetData ===>> H2,-0.162024627979395,H1,1418.97231615841,AX,344.56463720052,L1,4.45475308877822,L2,2.11193486188...
GetData ===>> H2,-0.109785495351724,H1,1417.86216243809,AX,344.264476016758,L1,4.46676443222612,L2,2.1702151154...
Get Checksum: -1097334291
GetData ===>> H2,-0.0789411260106755,H1,1417.71203902595,AX,344.236630661159,L1,4.44958364336941,L2,2.117924885...
GetData ===>> H2,-0.0651424303190952,H1,1416.7686343989,AX,344.400431532617,L1,4.45876387207595,L2,2.1510264568...
GetData ===>> H2,-0.114226939433786,H1,1416.66070274463,AX,344.052397746837,L1,4.45761486952617,L2,2.0148533661...
Get Checksum: -1097334291
GetData ===>> H2,-0.143890440286863,H1,1416.19838546119,AX,344.057149227414,L1,4.43197635908654,L2,2.0840334780...
GetData ===>> H2,-0.08800949363316,H1,1415.36634697677,AX,343.801803317148,L1,4.43144068683136,L2,2.12279781351...
GetData ===>> H2,-0.0700498208335792,H1,1414.30816298736,AX,343.831034773837,L1,4.45324993157383,L2,2.082385208...
Get Checksum: -1097334291
GetData ===>> H2,-0.0731440622253293,H1,1413.97269566471,AX,343.698528119205,L1,4.45821720314016,L2,2.135574574...
GetData ===>> H2,-0.056865939243339,H1,1414.3214426245,AX,343.676326770581,L1,4.44216003615057,L2,2.17167891112...
Get Checksum: -1097334291
GetData ===>> H2,-0.0889798198575314,H1,1413.84176282998,AX,343.432353797889,L1,4.42799420065486,L2,2.165432000...
GetData ===>> H2,-0.114535515326225,H1,1413.49668209725,AX,343.238484190758,L1,4.42978698268934,L2,2.0059617130...
GetData ===>> H2,-0.186245797925852,H1,1412.10570300219,AX,343.163917261045,L1,4.43844285799377,L2,2.0706867579...
Get Checksum: -1097334291
GetData ===>> H2,-0.189101963893334,H1,1411.83821772219,AX,343.009919721381,L1,4.36683784033567,L2,2.0390907291...
GetData ===>> H2,-0.242653332630129,H1,1411.6821712893,AX,342.849464630524,L1,4.35350288072508,L2,2.02454067046...
GetData ===>> H2,-0.0958903206428588,H1,1410.43985445595,AX,342.810893471203,L1,4.37247507835167,L2,2.106475047...
Get Checksum: -1097334291
17:34:17 -- collecting point 25
GetData ===>> H2,0.00506627553042376,H1,1409.8653880463,AX,342.554342222673,L1,4.3954970413675,L2,2.02772006874...
GetData ===>> H2,-0.0739981524294507,H1,1409.38531994865,AX,342.502100456539,L1,4.39478379014772,L2,2.119468528...
GetData ===>> H2,-0.0537769843679955,H1,1408.81159022155,AX,342.236434393373,L1,4.42635866508334,L2,2.113294103...
Get Checksum: -1097334291
GetData ===>> H2,-0.0237743779291132,H1,1408.35822014864,AX,342.071635125587,L1,4.45757823218019,L2,2.233189871...
GetData ===>> H2,-0.0390536196623976,H1,1407.63500093963,AX,341.993272160204,L1,4.41441721921182,L2,2.114399942...
GetData ===>> H2,-0.0604991703820338,H1,1407.44388990362,AX,342.028196826732,L1,4.4112289447356,L2,2.1278092364...
Get Checksum: -1097334291
GetData ===>> H2,-0.0676994249060485,H1,1406.84948487243,AX,341.596692409393,L1,4.43574282364249,L2,2.193650033...
GetData ===>> H2,-0.0491331576351918,H1,1405.75280165273,AX,341.783852895753,L1,4.39275826587715,L2,2.037189765...
GetData ===>> H2,-0.114022570959584,H1,1405.52417112315,AX,341.614523895332,L1,4.36351843616899,L2,2.1079724345...
Get Checksum: -1097334291
GetData ===>> H2,-0.132244131217558,H1,1405.01284096364,AX,341.182352944545,L1,4.35661088413415,L2,2.0988041846...
GetData ===>> H2,-0.185842532303219,H1,1404.33792620315,AX,341.055330876466,L1,4.34930972772674,L2,2.0894870925...
GetData ===>> H2,-0.186260633510904,H1,1403.78889724035,AX,341.091662361967,L1,4.3444792454675,L2,2.06705649216...
Get Checksum: -1097334291
GetData ===>> H2,-0.0855749141017246,H1,1402.84999094947,AX,341.099389025017,L1,4.35732598243139,L2,2.085744384...
GetData ===>> H2,-0.14467544306982,H1,1402.65553940218,AX,340.825782978719,L1,4.34455365838339,L2,2.12944520540...
GetData ===>> H2,-0.218916429188578,H1,1402.16234481868,AX,340.677308450568,L1,4.34447632732315,L2,1.9914627018...
Get Checksum: -1097334291
GetData ===>> H2,-0.123792951509569,H1,1401.97237407792,AX,340.476183853545,L1,4.31461096105878,L2,2.1747333592...
GetData ===>> H2,-0.0658268967461,H1,1401.51128298244,AX,340.381617764399,L1,4.32246358164724,L2,2.109999702694...
GetData ===>> H2,-0.109265566337361,H1,1400.55861043405,AX,340.252966380505,L1,4.34879594237226,L2,2.1378559053...
GetData ===>> H2,-0.0722207592625585,H1,1399.8234596359,AX,340.243369744513,L1,4.30461592607938,L2,2.1213923576...
Get Checksum: -1097334291
GetData ===>> H2,-0.0537891953256216,H1,1398.86981590027,AX,340.317244874661,L1,4.28895656195081,L2,2.095498759...
GetData ===>> H2,0.0305600393865005,H1,1398.89516847814,AX,339.939550414179,L1,4.30127477096864,L2,2.0987465978...
GetData ===>> H2,-0.00113606184513226,H1,1398.46920611004,AX,339.785739303953,L1,4.33287053606352,L2,2.17392651...
Get Checksum: -1097334291
GetData ===>> H2,-0.047060330357655,H1,1397.90455149388,AX,339.831574598317,L1,4.2998011079409,L2,2.03892943387...
GetData ===>> H2,0.0224404498894783,H1,1397.18343824507,AX,339.736504584387,L1,4.36196783928862,L2,1.9951477090...
GetData ===>> H2,0.00272606755634375,H1,1397.0420635843,AX,339.370069349982,L1,4.32805922674124,L2,2.0692807340...
Get Checksum: -1097334291
17:34:43 -- collecting point 50
GetData ===>> H2,-0.103099801997796,H1,1396.32525461548,AX,339.664518559218,L1,4.34697305408038,L2,2.0892798003...
GetData ===>> H2,-0.057149424513614,H1,1395.88426310311,AX,339.384135031105,L1,4.33874205854569,L2,2.1417965122...
GetData ===>> H2,-0.161122596353068,H1,1394.96311223447,AX,338.901371442272,L1,4.36287014015433,L2,2.0429042896...
Get Checksum: -1097334291
GetData ===>> H2,-0.0819259289923112,H1,1394.3521850923,AX,338.772500217174,L1,4.361643728016,L2,2.101291965514...
GetData ===>> H2,-0.0440309060037564,H1,1393.79581559411,AX,338.828815549187,L1,4.33434872212502,L2,2.075792409...
GetData ===>> H2,-0.152242936415185,H1,1393.6399620755,AX,338.449781843065,L1,4.33731000465922,L2,2.13286700466...
Get Checksum: -1097334291
GetData ===>> H2,-0.171101711538152,H1,1393.23440182916,AX,338.429006754218,L1,4.31615077884357,L2,2.1088363220...
GetData ===>> H2,-0.0641624195922301,H1,1392.3279921661,AX,338.293027943736,L1,4.35689108094159,L2,2.0403234951...
GetData ===>> H2,-0.129011558464043,H1,1391.47161878559,AX,338.1821749181,L1,4.36120137376551,L2,2.047904775230...
Get Checksum: -1097334291
GetData ===>> H2,-0.0609737510023427,H1,1391.20338918237,AX,337.93458731805,L1,4.33479483701695,L2,2.0540578013...
GetData ===>> H2,-0.113293040250252,H1,1391.01560489867,AX,337.962995337652,L1,4.32623649741945,L2,2.1033075756...
GetData ===>> H2,-0.163231725630775,H1,1389.99667968011,AX,337.732961534397,L1,4.32952489808017,L2,2.1033882009...
Get Checksum: -1097334291
GetData ===>> H2,-0.118401477089225,H1,1389.05768227732,AX,337.835837454741,L1,4.33182104489234,L2,2.0968692881...
GetData ===>> H2,-0.0710858481209649,H1,1389.14236560942,AX,337.457720013958,L1,4.30334140214109,L2,2.052098930...
Get Checksum: -1097334291
GetData ===>> H2,-0.0554768950304843,H1,1388.92653708524,AX,337.401114114328,L1,4.2831529282834,L2,2.0886348940...
GetData ===>> H2,0.025441235345947,H1,1387.64871354154,AX,337.606899642266,L1,4.2951235509371,L2,2.043768410413...
GetData ===>> H2,-0.0545069052737776,H1,1387.27235784312,AX,337.763483801098,L1,4.37026475303866,L2,2.129214785...
Get Checksum: -1097334291
GetData ===>> H2,0.0336324227238787,H1,1386.56425012516,AX,337.493402189023,L1,4.35860012836437,L2,2.0504972946...
GetData ===>> H2,-0.084192121755424,H1,1386.06810973134,AX,337.261500543483,L1,4.31147802328562,L2,2.0723924536...
GetData ===>> H2,-0.169366492502701,H1,1385.27780148699,AX,336.933084083503,L1,4.29404504068929,L2,2.1420845746...
Get Checksum: -1097334291
GetData ===>> H2,-0.117684404757723,H1,1384.25213432537,AX,336.824265226865,L1,4.31553745070064,L2,2.0499326956...
GetData ===>> H2,-0.0731372834751653,H1,1384.85478902272,AX,337.083448643494,L1,4.29435941441208,L2,2.107891805...
GetData ===>> H2,-0.129031833344921,H1,1384.62827302171,AX,336.566331163813,L1,4.3048154921473,L2,1.99971961633...
Get Checksum: -1097334291
GetData ===>> H2,-0.0379189065470326,H1,1383.66375624947,AX,336.791454076711,L1,4.30334140214109,L2,2.129468247...
GetData ===>> H2,-0.0788679525963189,H1,1382.69561035667,AX,336.267015858895,L1,4.28334502852737,L2,2.147016335...
17:35:10 -- collecting point 75
GetData ===>> H2,-0.113631418391968,H1,1381.85007321988,AX,335.973414309419,L1,4.27977565929657,L2,2.0975718353...
Get Checksum: -1097334291
GetData ===>> H2,-0.0635008985325496,H1,1381.3701869156,AX,335.917346121897,L1,4.32241256487233,L2,2.0685316313...
GetData ===>> H2,-0.151581395348837,H1,1381.08774535374,AX,335.843081133291,L1,4.32240527677901,L2,2.0351966746...
set states for children of Q. state=False
handle state [('Q', False)]
update switch state Q False args=() kw={'refresh': False} ncanvase=2
refresh_canvas_needed fired
GetData ===>> H2,-0.254710819830856,H1,1380.70243538292,AX,336.118422586361,L1,4.3256328693312,L2,1.95991557910...
Get Checksum: 1814532534
State checksums do not match. Local:-2107522168 Remote:1814532534
State checksum failed
GetData ===>> H2,-0.111980037600989,H1,1380.3713883821,AX,335.759365715085,L1,4.27148704979514,L2,2.12784379885...
set states for children of B. state=False
set states for children of D. state=False
set states for children of I. state=True
handle state [('B', False), ('D', False), ('I', True)]
update switch state B False args=() kw={'refresh': True} ncanvase=2
update switch state D False args=() kw={'refresh': True} ncanvase=2
update switch state I True args=() kw={'refresh': False} ncanvase=2
refresh_canvas_needed fired
GetData ===>> H2,-0.0246903512789639,H1,1379.7262210787,AX,335.665841702303,L1,4.23470164321748,L2,2.1167959682...
GetData ===>> H2,-0.0414855426860926,H1,1379.02357820855,AX,335.434730753928,L1,4.2592288155993,L2,2.0022878102...
Get Checksum: 611344307
GetData ===>> H2,-0.00766092336551074,H1,1378.22999880023,AX,335.31021027995,L1,4.27915880110011,L2,2.106417456...
GetData ===>> H2,-0.126931163156468,H1,1377.75986372121,AX,335.285231102429,L1,4.27870636124444,L2,2.1676218310...
set states for children of Y. state=True
handle state [('Y', True)]
update switch state Y True args=() kw={'refresh': False} ncanvase=2
refresh_canvas_needed fired
GetData ===>> H2,-0.0110528751013181,H1,1377.48384134641,AX,334.784645975207,L1,4.26331707679442,L2,2.012100551...
Get Checksum: 393193677
GetData ===>> H2,-0.073308106747627,H1,1376.90047817004,AX,334.924799665023,L1,4.26965862663252,L2,1.9768277011...
GetData ===>> H2,-0.0461154194677793,H1,1376.37641548682,AX,334.997769152776,L1,4.25746861011991,L2,2.021787580...
GetData ===>> H2,0.0367124442618819,H1,1376.40131766897,AX,334.893267393103,L1,4.26092385296535,L2,1.9832870938...
Get Checksum: 393193677
GetData ===>> H2,-0.0224706952141148,H1,1375.27805876587,AX,334.504708833126,L1,4.28281093911558,L2,2.104539998...
GetData ===>> H2,-0.100070346202747,H1,1373.93182424197,AX,334.171123744146,L1,4.2543005895569,L2,2.10906669334...
GetData ===>> H2,-0.225882852109635,H1,1374.3139501781,AX,334.318353243119,L1,4.25815899900812,L2,1.98782389512...
Get Checksum: 393193677
GetData ===>> H2,-0.234478550620212,H1,1374.13509581864,AX,334.342505318352,L1,4.25108686911441,L2,2.1036876668...
GetData ===>> H2,-0.0708932952128509,H1,1373.366617302,AX,334.21350962068,L1,4.2492784446992,L2,2.0726460055879...
Get Checksum: 393193677
GetData ===>> H2,0.00649021611924974,H1,1372.57999616866,AX,334.010715495884,L1,4.25685528687109,L2,2.111347398...
GetData ===>> H2,-0.0297241728612037,H1,1371.98680804523,AX,333.986018260465,L1,4.26448477981959,L2,2.065961676...
GetData ===>> H2,-0.0596814893572661,H1,1371.67906071787,AX,333.823113548632,L1,4.25655154340943,L2,2.130332326...
Get Checksum: 393193677
GetData ===>> H2,-0.109164014923532,H1,1371.03390760156,AX,333.753213312451,L1,4.26140216940318,L2,2.0149915848...
set states for children of Y. state=False
handle state [('Y', False)]
update switch state Y False args=() kw={'refresh': False} ncanvase=2
refresh_canvas_needed fired
GetData ===>> H2,-0.0974815385003978,H1,1370.49186258592,AX,333.982478184221,L1,4.29724446212003,L2,2.027915904...
GetData ===>> H2,-0.0950126856007732,H1,1370.37718652005,AX,333.673135152947,L1,4.26121752831293,L2,2.123247102...
set states for children of Z. state=True
handle state [('Z', True)]
update switch state Z True args=() kw={'refresh': False} ncanvase=2
refresh_canvas_needed fired
Get Checksum: 378530779
GetData ===>> H2,-0.0193402197818952,H1,1369.7803245868,AX,333.473720973863,L1,4.27622333232434,L2,2.0740866542...
17:35:36 -- collecting point 100
GetData ===>> H2,0.00264448848353738,H1,1369.33342786487,AX,333.107726029187,L1,4.26273399420238,L2,2.054945067...
GetData ===>> H2,-0.0425547730989277,H1,1368.96253257292,AX,333.182242943935,L1,4.27122997859689,L2,2.105046793...
Get Checksum: 378530779
GetData ===>> H2,-0.0109115072745858,H1,1368.93260399518,AX,332.726074191115,L1,4.29449913866327,L2,1.942373387...
GetData ===>> H2,-0.0636527264377765,H1,1367.88717550074,AX,332.914461523717,L1,4.26674052260943,L2,2.104793395...
GetData ===>> H2,-0.209450878669725,H1,1366.81234926986,AX,332.762092151116,L1,4.26823003588976,L2,2.0789504425...
Get Checksum: 378530779
GetData ===>> H2,-0.227744955823236,H1,1366.74090357525,AX,332.661339067208,L1,4.26439461695004,L2,2.0334455532...
GetData ===>> H2,-0.0254255229396857,H1,1365.6415760739,AX,332.648830044027,L1,4.24959388206085,L2,2.1042059754...
GetData ===>> H2,-0.0249933945090604,H1,1365.15729084661,AX,332.368181319948,L1,4.23771174675541,L2,2.110725382...
Get Checksum: 378530779
GetData ===>> H2,-0.0814070657996967,H1,1364.81543965162,AX,331.961031920289,L1,4.23186356280307,L2,2.061789967...
GetData ===>> H2,-0.0875622483568464,H1,1364.4494873563,AX,332.230659258926,L1,4.25565198393789,L2,2.0716433268...
GetData ===>> H2,-0.0882114258865701,H1,1363.95424232554,AX,331.824894661846,L1,4.24560717956238,L2,2.029425006...
Get Checksum: 378530779
GetData ===>> H2,-0.104197408108262,H1,1363.06647982848,AX,331.722268425049,L1,4.23823310890251,L2,2.0736256443...
GetData ===>> H2,-0.107237940513681,H1,1362.75221552529,AX,331.492049133936,L1,4.22978383483795,L2,2.0834110511...
GetData ===>> H2,0.0218050105169883,H1,1361.59597955304,AX,331.633213638255,L1,4.23703793010808,L2,2.1485258730...
Get Checksum: 611344307
State checksums do not match. Local:378530779 Remote:611344307
State checksum failed
GetData ===>> H2,0.000568497303513538,H1,1361.8190025381,AX,331.488631214611,L1,4.21970645881358,L2,2.034217425...
set states for children of C. state=False
set states for children of Z. state=False
handle state [('C', False), ('Z', False)]
update switch state C False args=() kw={'refresh': True} ncanvase=2
update switch state Z False args=() kw={'refresh': False} ncanvase=2
refresh_canvas_needed fired
GetData ===>> H2,-0.0684725458169685,H1,1361.04708568442,AX,331.307035377891,L1,4.23870220866697,L2,2.092135865...
GetData ===>> H2,-0.135011127895864,H1,1360.92754272553,AX,331.371898745327,L1,4.24764615037336,L2,1.9335804689...
Get Checksum: -1725866079
GetData ===>> H2,-0.100726932213827,H1,1360.3252158176,AX,331.351456750559,L1,4.23838995758878,L2,2.02481713572...
set states for children of P. state=False
handle state [('P', False)]
update switch state P False args=() kw={'refresh': False} ncanvase=2
refresh_canvas_needed fired
GetData ===>> H2,-0.106324648466732,H1,1359.62329679683,AX,331.276976052096,L1,4.250676897309,L2,1.966039981250...
GetData ===>> H2,-0.0507428339443406,H1,1359.07453731833,AX,331.045794046435,L1,4.22101847023968,L2,2.078281945...
Get Checksum: 268272333
State checksums do not match. Local:610848153 Remote:268272333
State checksum failed
set states for children of Y. state=True
handle state [('Y', True)]
update switch state Y True args=() kw={'refresh': False} ncanvase=2
GetData ===>> H2,0.0020149895801817,H1,1358.92173528342,AX,330.586294049926,L1,4.23054349660387,L2,2.0632535028...
refresh_canvas_needed fired
measurement finished
estimated time: 125.829 actual time: :126.117
flush and close file /Users/jan/PychronDev/data/isotopes/95/507d65-0ed2-4447-b2f1-b4adbfd34669.h5
baselines () {'settling_time': 15.0, 'detector': 'H1', 'mass': 34.2, 'ncounts': 60}
%%%%%%%%%%%%%%%%%%%%%%%%%%%%%%%% Baseline
build tables- baseline [Detector(H2), Detector(H1), Detector(AX), Detector(L1), Detector(L2), Detector(CDD)]
add group baseline table H2
add group baseline table H1
add group baseline table AX
add group baseline table L1
add group baseline table L2
add group baseline table CDD
flush and close file /Users/jan/PychronDev/data/isotopes/95/507d65-0ed2-4447-b2f1-b4adbfd34669.h5
detector Detector(H1)
POSITION 34.2 H1
Mapping mass to dac mass func: "parabolic"
H1 map mass coeffs = [-0.00063987  0.15840543  0.57113999]
H1 map mass to dac 34.2 >> 5.24018599104
GetDeflection H1 ===>> 0
GetHighVoltage ===>> 4500
positioning 34.2 (5.24018599104) on H1
setting magnet DAC
current  : 5.879530
requested: 5.240186
Delta Dac: 0.639344
Checking detector protection. dv=0.63934
Checking detector "CDD". Protection Threshold: 0.1 (V)
ProtectDetector CDD,On ===>> OK
GetDeflection CDD ===>> 2000
SetMagnetDAC 5.24018599104 ===>> OK
Magnet settling time: 0.500
GetMagnetMoving ===>> True
GetMagnetMoving ===>> True
Get Checksum: 268272333
GetMagnetMoving ===>> True
GetMagnetMoving ===>> True
GetMagnetMoving ===>> True
GetMagnetMoving ===>> True
GetMagnetMoving ===>> True
GetMagnetMoving ===>> True
GetMagnetMoving ===>> False
ProtectDetector CDD,Off ===>> OK
GetDeflection CDD ===>> 50
Delaying 15.0s for detectors to settle
Get Checksum: 268272333
Get Checksum: 268272333
Get Checksum: 268272333
Get Checksum: 268272333
set states for children of Y. state=False
handle state [('Y', False)]
update switch state Y False args=() kw={'refresh': False} ncanvase=2
refresh_canvas_needed fired
Get Checksum: 610848153
set states for children of Z. state=True
handle state [('Z', True)]
update switch state Z True args=() kw={'refresh': False} ncanvase=2
refresh_canvas_needed fired
Join finished
measuring baseline. ncounts=60
starting measurement
GetData ===>> H2,-0.137570607520977,H1,-0.0508173770949803,AX,-0.044153749585654,L1,-0.0280043640566417,L2,-0.0...
GetData ===>> H2,-0.0812593954461246,H1,-0.0122882724497451,AX,-0.0881256161139811,L1,-0.0707416750282347,L2,0....
GetData ===>> H2,-0.130689935404171,H1,-0.0556697284976647,AX,-0.127223364067977,L1,-0.12249451258223,L2,0.0014...
Get Checksum: 236831195
GetData ===>> H2,-0.139234703115813,H1,0.00872951770853905,AX,-0.123145139246905,L1,-0.0968765153569381,L2,-0.0...
GetData ===>> H2,-0.102534040048405,H1,-0.0430674335854196,AX,-0.105799187966229,L1,-0.0847677734301898,L2,0.02...
GetData ===>> H2,-0.116860392140785,H1,-0.0508412221488673,AX,-0.0311890960490404,L1,-0.0514967538376478,L2,-0....
Get Checksum: 236831195
GetData ===>> H2,-0.211653350798378,H1,0.014634855580309,AX,-0.104246360141433,L1,-0.059929513060665,L2,-0.0230...
GetData ===>> H2,-0.281132107097696,H1,-0.0407065623058365,AX,-0.06817669915047,L1,-0.0533413968488873,L2,-0.08...
GetData ===>> H2,-0.275344366815305,H1,-0.103763238509935,AX,-0.0956474171487981,L1,-0.0358647090937512,L2,-0.0...
Get Checksum: 236831195
GetData ===>> H2,-0.20457427820922,H1,-0.0640981923915483,AX,-0.0996340836008822,L1,-0.00972859334030263,L2,0.0...
GetData ===>> H2,-0.243249515041231,H1,-0.0718226673750209,AX,-0.134431283689686,L1,-0.0141579268060261,L2,-0.0...
GetData ===>> H2,-0.0651830928411619,H1,0.0245852431143724,AX,-0.137167850992547,L1,-0.0312504182991783,L2,-0.0...
Get Checksum: 236831195
GetData ===>> H2,-0.114971296821343,H1,-0.0171186390995224,AX,-0.0650930036258607,L1,-0.0325437567992996,L2,0.0...
GetData ===>> H2,-0.192485816891092,H1,-0.0222707732650871,AX,-0.110341646465647,L1,-0.0311354468251897,L2,-0.0...
set states for children of Z. state=False
handle state [('Z', False)]
update switch state Z False args=() kw={'refresh': False} ncanvase=2
refresh_canvas_needed fired
GetData ===>> H2,-0.196340328791649,H1,-0.00195885441673911,AX,-0.10451289205245,L1,-0.032985609323508,L2,-0.07...
Get Checksum: 610848153
GetData ===>> H2,-0.165960048612647,H1,-0.0194800668459781,AX,-0.100584369516291,L1,-0.0435903808711781,L2,-0.0...
GetData ===>> H2,-0.220838955128457,H1,-0.0154369823463839,AX,-0.0176427830908895,L1,-0.0161347737101311,L2,0.0...
GetData ===>> H2,-0.142037834484583,H1,0.0329495833098605,AX,-0.176804654973339,L1,-0.0241808213993497,L2,-0.07...
set states for children of Y. state=True
handle state [('Y', True)]
update switch state Y True args=() kw={'refresh': False} ncanvase=2
refresh_canvas_needed fired
Get Checksum: 268272333
GetData ===>> H2,-0.147115225281766,H1,0.0118789878884364,AX,-0.176596021491665,L1,-0.0385831458122222,L2,-0.07...
GetData ===>> H2,-0.178488170652016,H1,0.0431404656165537,AX,-0.0697069177933014,L1,-0.0495273252288804,L2,0.00...
GetData ===>> H2,-0.166525610798451,H1,0.0698278305323765,AX,-0.0643626403722577,L1,-0.0370113584357279,L2,-0.0...
Get Checksum: 268272333
GetData ===>> H2,-0.268341393101439,H1,0.0423409092480178,AX,-0.142269720057593,L1,-0.0470021587091629,L2,-0.05...
GetData ===>> H2,-0.326586011638459,H1,0.00872951770853905,AX,-0.0318037384791271,L1,-0.0507573660098753,L2,-0....
GetData ===>> H2,-0.2228150302399,H1,0.00121413694660357,AX,-0.0538587148903735,L1,-0.0332322719341241,L2,-0.18...
Get Checksum: 268272333
17:36:41 -- collecting point 25
GetData ===>> H2,-0.183774727369785,H1,0.0331285711221209,AX,-0.0581833160002222,L1,-0.0218711336722077,L2,-0.0...
GetData ===>> H2,-0.110457035105209,H1,-0.00997438461378659,AX,-0.139034702307821,L1,-0.0409307850161451,L2,-0....
Get Checksum: 268272333
GetData ===>> H2,-0.113971139903377,H1,-0.0197543704977264,AX,-0.0528152166725855,L1,-0.0336321877727525,L2,-0....
GetData ===>> H2,-0.0955449630885098,H1,0.0152552345265235,AX,-0.114119141747316,L1,-0.0481008636621944,L2,-0.0...
GetData ===>> H2,-0.101245405285365,H1,-0.0133020724327746,AX,-0.107931388776463,L1,-0.0315665830740532,L2,0.04...
Get Checksum: 268272333
GetData ===>> H2,-0.217643097818089,H1,0.00425600880900059,AX,-0.0598064410757318,L1,0.00980220447901261,L2,-0....
GetData ===>> H2,-0.18504270212885,H1,-0.0290444720288495,AX,-0.021586253661236,L1,0.0113769268592821,L2,-0.059...
GetData ===>> H2,-0.163319484987173,H1,-0.0621669804740098,AX,-0.105173424510893,L1,-0.0270171641432303,L2,-0.0...
Get Checksum: 610848153
State checksums do not match. Local:268272333 Remote:610848153
State checksum failed
GetData ===>> H2,-0.130854968908111,H1,-0.00409400627752172,AX,-0.00548660966186852,L1,0.000234037013592463,L2,...
set states for children of Y. state=False
handle state [('Y', False)]
update switch state Y False args=() kw={'refresh': False} ncanvase=2
refresh_canvas_needed fired
GetData ===>> H2,-0.134624383982151,H1,0.00617661080613021,AX,-0.149307541141247,L1,0.00212210961855479,L2,-0.0...
GetData ===>> H2,-0.155358972158492,H1,0.0554687622924767,AX,-0.164946608594069,L1,-0.0183414530831351,L2,-0.00...
set states for children of V. state=False
handle state [('V', False)]
update switch state V False args=() kw={'refresh': False} ncanvase=2
refresh_canvas_needed fired
Get Checksum: 855128171
GetData ===>> H2,-0.23136326458257,H1,0.0180469873619639,AX,-0.07996571675503,L1,-0.0256008901861842,L2,-0.0627...
GetData ===>> H2,-0.0919648154263054,H1,-0.057124195861946,AX,-0.057429713012192,L1,0.01274660733349,L2,0.01843...
GetData ===>> H2,-0.192491208678117,H1,-0.0703922540311595,AX,-0.0381470854794501,L1,0.0505197240816706,L2,-0.0...
Get Checksum: 1447832503
State checksums do not match. Local:855128171 Remote:1447832503
State checksum failed
GetData ===>> H2,-0.173055201498746,H1,0.0214353731686547,AX,-0.0864218300193083,L1,-0.0087837362995798,L2,-0.0...
set states for children of H. state=True
handle state [('H', True)]
update switch state H True args=() kw={'refresh': False} ncanvase=2
refresh_canvas_needed fired
GetData ===>> H2,-0.127959918311772,H1,0.015672799443567,AX,-0.0425883419570943,L1,0.0110372365027552,L2,-0.038...
GetData ===>> H2,-0.108069987122132,H1,0.0432598029356026,AX,0.0244115073166429,L1,0.0113925312850591,L2,0.0553...
Get Checksum: 1447832503
GetData ===>> H2,-0.318134171830835,H1,-0.0104156972466239,AX,-0.02165584288371,L1,0.00273794029933699,L2,-0.07...
GetData ===>> H2,-0.300332280779717,H1,0.104518614318239,AX,-0.0208323672285148,L1,-0.00900197257935724,L2,-0.1...
GetData ===>> H2,-0.288467049532346,H1,-0.00813754896877832,AX,-0.0386457222860997,L1,-0.00164168202956014,L2,-...
Get Checksum: 1447832503
GetData ===>> H2,-0.278997300519027,H1,0.0766905372598494,AX,0.0210580987089187,L1,0.00653352094888258,L2,0.068...
GetData ===>> H2,-0.261810145145722,H1,0.0306227708700259,AX,-0.148646680100238,L1,0.00730859739992868,L2,-0.03...
GetData ===>> H2,-0.194099194529487,H1,0.0410401520831051,AX,-0.152345125367269,L1,-0.0275766691957481,L2,0.062...
Get Checksum: 1447832503
GetData ===>> H2,-0.212368556808026,H1,0.0845026114342897,AX,-0.0497542240147729,L1,-0.057242904313662,L2,-0.03...
GetData ===>> H2,-0.295493741847038,H1,-0.0882828693470781,AX,-0.0723383738830245,L1,-0.0334454027142386,L2,0.0...
Get Checksum: 1447832503
17:37:08 -- collecting point 50
GetData ===>> H2,-0.264518288976556,H1,0.0653038453799272,AX,0.0689044117833619,L1,-0.0218531527045192,L2,-0.02...
GetData ===>> H2,-0.281753097219119,H1,0.0678224504162774,AX,0.0158019501720057,L1,-0.0473289103172068,L2,-0.10...
GetData ===>> H2,-0.278262779878227,H1,-0.000241157292823879,AX,-0.0414519562006278,L1,-0.0241304861681599,L2,-...
Get Checksum: 1447832503
GetData ===>> H2,-0.239484828445992,H1,0.0218291014920659,AX,-0.0698112500063181,L1,-0.0170402903722958,L2,-0.0...
GetData ===>> H2,-0.330266324987239,H1,0.0679060071193006,AX,0.00372432655260523,L1,0.00682386768029926,L2,0.02...
GetData ===>> H2,-0.224213026017963,H1,0.0150762786667482,AX,-0.132645284578397,L1,-0.00174487843908989,L2,-0.0...
Get Checksum: 1447832503
GetData ===>> H2,-0.17461951372094,H1,0.0306466353385162,AX,-0.0987996785586554,L1,-0.0083460503794016,L2,-0.04...
GetData ===>> H2,-0.0786701110078015,H1,0.0113659992478034,AX,-0.0107761236109791,L1,-0.0227929148897066,L2,-0....
GetData ===>> H2,-0.230787212623444,H1,-0.00194692606612075,AX,-0.0803945921403558,L1,0.00666309614213563,L2,-0...
Get Checksum: 1447832503
GetData ===>> H2,-0.231955436912957,H1,-0.04979203440294,AX,-0.0388892416584774,L1,-0.0236163333079117,L2,-0.18...
GetData ===>> H2,-0.290169753251005,H1,0.016150018624317,AX,0.0329521976605801,L1,-0.016977926274776,L2,-0.0359...
measurement finished
estimated time: 62.915 actual time: :63.070
flush and close file /Users/jan/PychronDev/data/isotopes/95/507d65-0ed2-4447-b2f1-b4adbfd34669.h5
activate_detectors ('H1', 'AX', 'CDD') {'peak_center': True}
peak_center () {'detector': 'H1', 'integration_time': 0.262144, 'isotope': 'Ar40'}
peak center: mean=1360.91530911 threshold=3
peak center started
setup peak center. detector=['H1', 'AX', 'CDD'], isotope=Ar40
VersionedUnpickler [<apptools.sweet_pickle.versioned_unpickler.VersionedUnpickler object at 0x136546b30>] using Updater [<apptools.sweet_pickle.updater.Updater object at 0x12ca90950>]
VersionedUnpickler [<apptools.sweet_pickle.versioned_unpickler.VersionedUnpickler object at 0x136546b30>] using Updater [<apptools.sweet_pickle.updater.Updater object at 0x12ca90950>]
VersionedUnpickler [<apptools.sweet_pickle.versioned_unpickler.VersionedUnpickler object at 0x13640be30>] using Updater [<apptools.sweet_pickle.updater.Updater object at 0x12ca90950>]
setting integration time = 0.524288
SetIntegrationTime 0.524288 ===>> OK
Mapping mass to dac mass func: "parabolic"
H1 map mass coeffs = [-0.00063987  0.15840543  0.57113999]
H1 map mass to dac 39.9624 >> 5.87953
GetDeflection H1 ===>> 0
GetHighVoltage ===>> 4500
do peak center. <pychron.spectrometer.jobs.peak_center.PeakCenter object at 0x12ce950b0>
doing pc
starting peak center. center dac= 5.87953 step_width=0.001
width = 0.001
get scan parameters. half-width=0.015,window=0.015, i=0, scalar=1
Scan parameters center=5.87953 width=0.03000 (5.86453 - 5.89453)
GetData ===>> H2,-0.228901379142515,H1,0.0200155778322887,AX,-0.0656378742288562,L1,-0.0148813082348392,L2,-0.0...
Moving to starting dac 5.86453
setting magnet DAC
current  : 5.240186
requested: 5.864530
Delta Dac: 0.624344
Checking detector protection. dv=0.62434
Checking detector "CDD". Protection Threshold: 0.1 (V)
ProtectDetector CDD,On ===>> OK
GetDeflection CDD ===>> 2000
SetMagnetDAC 5.86453 ===>> OK
Magnet settling time: 0.500
Get Checksum: 1447832503
GetMagnetMoving ===>> True
GetMagnetMoving ===>> True
GetMagnetMoving ===>> True
GetMagnetMoving ===>> True
GetMagnetMoving ===>> True
GetMagnetMoving ===>> True
GetMagnetMoving ===>> True
GetMagnetMoving ===>> True
GetMagnetMoving ===>> True
GetMagnetMoving ===>> True
GetMagnetMoving ===>> False
ProtectDetector CDD,Off ===>> OK
GetDeflection CDD ===>> 50
Wait until signal near baseline. tol= 0.0150116833742. timeout= 10
GetData ===>> H2,24.6238433739549,H1,15.1340983569461,AX,0.261118913245732,L1,0.0630195444260866,L2,-0.05225107...
Get Checksum: 1447832503
GetData ===>> H2,109.912826447603,H1,57.0618407442013,AX,7.13177361425005,L1,0.124998005492963,L2,-0.0976715011...
GetData ===>> H2,82.2043207061717,H1,39.7285641263239,AX,6.35937191860187,L1,0.103815071206713,L2,-0.1516813523...
GetData ===>> H2,39.6978822317149,H1,19.4462565578386,AX,2.83965120234032,L1,0.0871306144955382,L2,-0.018467583...
GetData ===>> H2,15.2523203028212,H1,9.96296211536076,AX,1.32674055161399,L1,0.0651153266407068,L2,-0.069388667...
GetData ===>> H2,4.83507782633138,H1,5.46849998869303,AX,0.628258369694825,L1,0.0174167167682519,L2,0.027013269...
GetData ===>> H2,1.3693485027328,H1,3.27939282930425,AX,0.373590322578019,L1,-0.000394841828833769,L2,-0.049314...
Get Checksum: 855128171
State checksums do not match. Local:1447832503 Remote:855128171
State checksum failed
GetData ===>> H2,0.505287347378417,H1,2.1962611959961,AX,0.244657537761965,L1,-0.0119429043760833,L2,0.00847214...
GetData ===>> H2,0.404936503921802,H1,1.59609010538746,AX,0.225761727719403,L1,0.00819622858314773,L2,-0.008790...
set states for children of H. state=False
handle state [('H', False)]
update switch state H False args=() kw={'refresh': False} ncanvase=2
refresh_canvas_needed fired
GetData ===>> H2,0.534119764190413,H1,1.31354192905409,AX,0.215688554758136,L1,0.00418102829608863,L2,0.0188583...
GetData ===>> H2,0.544041245072001,H1,1.28766167783947,AX,0.129412952403832,L1,0.0178846823663213,L2,-0.0842023...
GetData ===>> H2,0.540008657911808,H1,1.09361167989028,AX,0.067427079421877,L1,0.0239101799206637,L2,-0.1323612...
GetData ===>> H2,0.456636354006863,H1,1.06989678485159,AX,0.170256168023245,L1,0.00974997569358203,L2,-0.061969...
set states for children of C. state=True
set states for children of B. state=True
set states for children of D. state=True
handle state [('C', True), ('B', True), ('D', True)]
update switch state C True args=() kw={'refresh': True} ncanvase=2
update switch state B True args=() kw={'refresh': True} ncanvase=2
update switch state D True args=() kw={'refresh': False} ncanvase=2
refresh_canvas_needed fired
Get Checksum: 1269278284
GetData ===>> H2,0.354034034736785,H1,1.07277392621763,AX,0.0273240770353963,L1,-0.00543405521380115,L2,0.08908...
GetData ===>> H2,0.253087518121933,H1,1.05999525199845,AX,0.0420623195441122,L1,-0.0143089333103142,L2,0.012594...
GetData ===>> H2,0.179761972695867,H1,1.09387547657784,AX,0.0221256072551685,L1,-0.0260445515502371,L2,0.071399...
GetData ===>> H2,0.199013231979605,H1,1.03252539792436,AX,0.0695590720175114,L1,-0.0255058609830379,L2,-0.02206...
set states for children of P. state=True
handle state [('P', True)]
update switch state P True args=() kw={'refresh': False} ncanvase=2
refresh_canvas_needed fired
GetData ===>> H2,0.162890008007651,H1,1.1284148318605,AX,0.195684556709708,L1,-0.0423666470625484,L2,-0.0991047...
GetData ===>> H2,0.140981555897747,H1,1.04045876535837,AX,0.156802223887298,L1,-0.0281607275946851,L2,-0.182863...
Get Checksum: 1695186306
State checksums do not match. Local:-1721677202 Remote:1695186306
State checksum failed
GetData ===>> H2,0.140981555897747,H1,1.04045876535837,AX,0.156802223887298,L1,-0.0281607275946851,L2,-0.182863...
GetData ===>> H2,0.114202558343543,H1,1.09272436883365,AX,0.135558054474974,L1,-0.0278064667117966,L2,-0.178763...
Peak center failed to move to a baseline position
_do_sweep sm= 5.86453, em= 5.89453, stm= 0.001
calculated step values: start=5.86453, end=5.89453, width=0.001, nsteps=31.0
setting magnet DAC
current  : 5.864530
requested: 5.864530
Delta Dac: 0.000000
Checking detector protection. dv=0.00000
Checking detector "CDD". Protection Threshold: 0.1 (V)
SetMagnetDAC 5.86453 ===>> OK
GetData ===>> H2,0.160383238286066,H1,0.940989405098436,AX,0.292540227962611,L1,0.0115437965745935,L2,-0.123998...
setting magnet DAC
current  : 5.864530
requested: 5.865564
Delta Dac: 0.001034
Checking detector protection. dv=0.00103
Checking detector "CDD". Protection Threshold: 0.1 (V)
SetMagnetDAC 5.86556448276 ===>> OK
Magnet settling time: 1.049
set states for children of I. state=False
set states for children of Q. state=True
handle state [('I', False), ('Q', True)]
update switch state I False args=() kw={'refresh': True} ncanvase=2
update switch state Q True args=() kw={'refresh': False} ncanvase=2
refresh_canvas_needed fired
GetData ===>> H2,0.13011043166342,H1,2.45730582920694,AX,0.433647293753528,L1,0.0527153933270349,L2,-0.03597547...
setting magnet DAC
current  : 5.865564
requested: 5.866599
Delta Dac: 0.001034
Checking detector protection. dv=0.00103
Checking detector "CDD". Protection Threshold: 0.1 (V)
SetMagnetDAC 5.86659896552 ===>> OK
Magnet settling time: 1.049
GetData ===>> H2,0.0727136114546926,H1,9.3830666408657,AX,1.56828645981048,L1,0.0580116402673413,L2,0.002892287...
setting magnet DAC
current  : 5.866599
requested: 5.867633
Delta Dac: 0.001034
Checking detector protection. dv=0.00103
Checking detector "CDD". Protection Threshold: 0.1 (V)
SetMagnetDAC 5.86763344828 ===>> OK
Magnet settling time: 1.049
Get Checksum: 1695186306
GetData ===>> H2,-0.0698667433766972,H1,36.5099320614384,AX,5.60748049587381,L1,0.0454090665479985,L2,0.0715129...
setting magnet DAC
current  : 5.867633
requested: 5.868668
Delta Dac: 0.001034
Checking detector protection. dv=0.00103
Checking detector "CDD". Protection Threshold: 0.1 (V)
SetMagnetDAC 5.86866793103 ===>> OK
Magnet settling time: 1.049
GetData ===>> H2,-0.175580208605995,H1,124.400632275115,AX,19.5464652488236,L1,0.0917747345217403,L2,0.01361956...
setting magnet DAC
current  : 5.868668
requested: 5.869702
Delta Dac: 0.001034
Checking detector protection. dv=0.00103
Checking detector "CDD". Protection Threshold: 0.1 (V)
SetMagnetDAC 5.86970241379 ===>> OK
Magnet settling time: 1.049
GetData ===>> H2,-0.102935562594146,H1,333.597546556857,AX,57.9010302025825,L1,0.24043113162392,L2,0.0951725335...
setting magnet DAC
current  : 5.869702
requested: 5.870737
Delta Dac: 0.001034
Checking detector protection. dv=0.00103
Checking detector "CDD". Protection Threshold: 0.1 (V)
SetMagnetDAC 5.87073689655 ===>> OK
Magnet settling time: 1.049
Get Checksum: 1695186306
GetData ===>> H2,-0.133183365739755,H1,649.29500440101,AX,125.548374320311,L1,0.761945584969942,L2,0.3609090292...
setting magnet DAC
current  : 5.870737
requested: 5.871771
Delta Dac: 0.001034
Checking detector protection. dv=0.00103
Checking detector "CDD". Protection Threshold: 0.1 (V)
SetMagnetDAC 5.87177137931 ===>> OK
Magnet settling time: 1.049
GetData ===>> H2,0.0267194447638129,H1,959.365401371978,AX,202.671160783936,L1,1.5244205636758,L2,0.55572839720...
setting magnet DAC
current  : 5.871771
requested: 5.872806
Delta Dac: 0.001034
Checking detector protection. dv=0.00103
Checking detector "CDD". Protection Threshold: 0.1 (V)
SetMagnetDAC 5.87280586207 ===>> OK
Magnet settling time: 1.049
Get Checksum: 1695186306
GetData ===>> H2,0.0408553405490585,H1,1164.10578261406,AX,263.969102644246,L1,2.36152024429546,L2,1.0287477601...
setting magnet DAC
current  : 5.872806
requested: 5.873840
Delta Dac: 0.001034
Checking detector protection. dv=0.00103
Checking detector "CDD". Protection Threshold: 0.1 (V)
SetMagnetDAC 5.87384034483 ===>> OK
Magnet settling time: 1.049
GetData ===>> H2,-0.227589959563559,H1,1257.2290356786,AX,297.470544361596,L1,3.01909319552174,L2,1.58042264242...
setting magnet DAC
current  : 5.873840
requested: 5.874875
Delta Dac: 0.001034
Checking detector protection. dv=0.00103
Checking detector "CDD". Protection Threshold: 0.1 (V)
SetMagnetDAC 5.87487482759 ===>> OK
Magnet settling time: 1.049
GetData ===>> H2,-0.201786705056959,H1,1288.50987774547,AX,310.538787598042,L1,3.47274131826776,L2,1.8135635254...
setting magnet DAC
current  : 5.874875
requested: 5.875909
Delta Dac: 0.001034
Checking detector protection. dv=0.00103
Checking detector "CDD". Protection Threshold: 0.1 (V)
SetMagnetDAC 5.87590931034 ===>> OK
Magnet settling time: 1.049
Get Checksum: 1695186306
GetData ===>> H2,-0.0209997209585995,H1,1296.29806625642,AX,314.499886483972,L1,3.69782024184428,L2,1.854744675...
setting magnet DAC
current  : 5.875909
requested: 5.876944
Delta Dac: 0.001034
Checking detector protection. dv=0.00103
Checking detector "CDD". Protection Threshold: 0.1 (V)
SetMagnetDAC 5.8769437931 ===>> OK
Magnet settling time: 1.049
GetData ===>> H2,-0.0794831366434105,H1,1298.10448995472,AX,315.056212492503,L1,3.86697604058129,L2,1.958453608...
setting magnet DAC
current  : 5.876944
requested: 5.877978
Delta Dac: 0.001034
Checking detector protection. dv=0.00103
Checking detector "CDD". Protection Threshold: 0.1 (V)
SetMagnetDAC 5.87797827586 ===>> OK
Magnet settling time: 1.049
GetData ===>> H2,-0.0325383397673132,H1,1298.26855341077,AX,315.451139916548,L1,4.03178389851141,L2,1.933200688...
setting magnet DAC
current  : 5.877978
requested: 5.879013
Delta Dac: 0.001034
Checking detector protection. dv=0.00103
Checking detector "CDD". Protection Threshold: 0.1 (V)
SetMagnetDAC 5.87901275862 ===>> OK
Magnet settling time: 1.049
Get Checksum: 1695186306
GetData ===>> H2,-0.112391551671218,H1,1298.83574668632,AX,315.423898559929,L1,4.04533514506818,L2,1.8008977031...
setting magnet DAC
current  : 5.879013
requested: 5.880047
Delta Dac: 0.001034
Checking detector protection. dv=0.00103
Checking detector "CDD". Protection Threshold: 0.1 (V)
SetMagnetDAC 5.88004724138 ===>> OK
Magnet settling time: 1.049
GetData ===>> H2,-0.118478593491905,H1,1297.68983767854,AX,315.224480750408,L1,4.05607288511565,L2,1.9293108978...
setting magnet DAC
current  : 5.880047
requested: 5.881082
Delta Dac: 0.001034
Checking detector protection. dv=0.00103
Checking detector "CDD". Protection Threshold: 0.1 (V)
SetMagnetDAC 5.88108172414 ===>> OK
Magnet settling time: 1.049
GetData ===>> H2,-0.199359824841389,H1,1297.79197265888,AX,314.983432618681,L1,4.04239523753597,L2,1.9078623230...
setting magnet DAC
current  : 5.881082
requested: 5.882116
Delta Dac: 0.001034
Checking detector protection. dv=0.00103
Checking detector "CDD". Protection Threshold: 0.1 (V)
SetMagnetDAC 5.8821162069 ===>> OK
Magnet settling time: 1.049
Get Checksum: 1695186306
GetData ===>> H2,-0.201606055243134,H1,1296.76334549378,AX,314.727384221872,L1,4.05707310086878,L2,1.9616078093...
setting magnet DAC
current  : 5.882116
requested: 5.883151
Delta Dac: 0.001034
Checking detector protection. dv=0.00103
Checking detector "CDD". Protection Threshold: 0.1 (V)
SetMagnetDAC 5.88315068966 ===>> OK
Magnet settling time: 1.049
GetData ===>> H2,-0.168983251221198,H1,1294.97221716375,AX,313.613000268311,L1,4.07367087375756,L2,1.9043877339...
setting magnet DAC
current  : 5.883151
requested: 5.884185
Delta Dac: 0.001034
Checking detector protection. dv=0.00103
Checking detector "CDD". Protection Threshold: 0.1 (V)
SetMagnetDAC 5.88418517241 ===>> OK
Magnet settling time: 1.049
Get Checksum: 1695186306
GetData ===>> H2,-0.148824450954056,H1,1285.98762928087,AX,309.438629804784,L1,4.00873561957694,L2,1.7141227841...
setting magnet DAC
current  : 5.884185
requested: 5.885220
Delta Dac: 0.001034
Checking detector protection. dv=0.00103
Checking detector "CDD". Protection Threshold: 0.1 (V)
SetMagnetDAC 5.88521965517 ===>> OK
Magnet settling time: 1.049
GetData ===>> H2,-0.144443773335358,H1,1254.03739600735,AX,295.292758609603,L1,3.88177231869265,L2,1.6962470501...
setting magnet DAC
current  : 5.885220
requested: 5.886254
Delta Dac: 0.001034
Checking detector protection. dv=0.00103
Checking detector "CDD". Protection Threshold: 0.1 (V)
SetMagnetDAC 5.88625413793 ===>> OK
Magnet settling time: 1.049
GetData ===>> H2,-0.126979831730371,H1,1155.09052753292,AX,256.370880468157,L1,3.42345992691106,L2,1.5360884624...
setting magnet DAC
current  : 5.886254
requested: 5.887289
Delta Dac: 0.001034
Checking detector protection. dv=0.00103
Checking detector "CDD". Protection Threshold: 0.1 (V)
SetMagnetDAC 5.88728862069 ===>> OK
Magnet settling time: 1.049
Get Checksum: 1695186306
GetData ===>> H2,-0.235934250342766,H1,937.309230997556,AX,186.000905589779,L1,2.64093833261842,L2,0.6681021386...
setting magnet DAC
current  : 5.887289
requested: 5.888323
Delta Dac: 0.001034
Checking detector protection. dv=0.00103
Checking detector "CDD". Protection Threshold: 0.1 (V)
SetMagnetDAC 5.88832310345 ===>> OK
Magnet settling time: 1.049
GetData ===>> H2,-0.312454382751512,H1,620.696429772849,AX,105.941062606158,L1,1.91266057011502,L2,0.4288795430...
setting magnet DAC
current  : 5.888323
requested: 5.889358
Delta Dac: 0.001034
Checking detector protection. dv=0.00103
Checking detector "CDD". Protection Threshold: 0.1 (V)
SetMagnetDAC 5.88935758621 ===>> OK
Magnet settling time: 1.049
GetData ===>> H2,-0.197256107460309,H1,314.261727970734,AX,44.9627892809964,L1,1.22685170505812,L2,0.1668023123...
setting magnet DAC
current  : 5.889358
requested: 5.890392
Delta Dac: 0.001034
Checking detector protection. dv=0.00103
Checking detector "CDD". Protection Threshold: 0.1 (V)
SetMagnetDAC 5.89039206897 ===>> OK
Magnet settling time: 1.049
GetData ===>> H2,-0.221672885952453,H1,121.161076616788,AX,14.2572650025368,L1,0.760035121503746,L2,-0.02787079...
setting magnet DAC
current  : 5.890392
requested: 5.891427
Delta Dac: 0.001034
Checking detector protection. dv=0.00103
Checking detector "CDD". Protection Threshold: 0.1 (V)
SetMagnetDAC 5.89142655172 ===>> OK
Magnet settling time: 1.049
GetData ===>> H2,-0.115539682335379,H1,36.7265446767947,AX,3.43084255395281,L1,0.44072493317681,L2,-0.047994644...
setting magnet DAC
current  : 5.891427
requested: 5.892461
Delta Dac: 0.001034
Checking detector protection. dv=0.00103
Checking detector "CDD". Protection Threshold: 0.1 (V)
SetMagnetDAC 5.89246103448 ===>> OK
Magnet settling time: 1.049
Get Checksum: 1695186306
GetData ===>> H2,-0.328123979369505,H1,4.48371220783976,AX,0.0834876939690117,L1,0.189454016369695,L2,0.0182205...
setting magnet DAC
current  : 5.892461
requested: 5.893496
Delta Dac: 0.001034
Checking detector protection. dv=0.00103
Checking detector "CDD". Protection Threshold: 0.1 (V)
SetMagnetDAC 5.89349551724 ===>> OK
Magnet settling time: 1.049
GetData ===>> H2,-0.280679930616752,H1,0.847359647024803,AX,-0.207166058102562,L1,0.0890106363812503,L2,-0.1108...
setting magnet DAC
current  : 5.893496
requested: 5.894530
Delta Dac: 0.001034
Checking detector protection. dv=0.00103
Checking detector "CDD". Protection Threshold: 0.1 (V)
SetMagnetDAC 5.89453 ===>> OK
Magnet settling time: 1.049
GetData ===>> H2,-0.232638144887903,H1,-0.0430197397673247,AX,-0.229343343842256,L1,0.0475060010390537,L2,-0.00...
result of _do_sweep=True
Get Checksum: 1695186306
result of _calculate_peak_center=([5.8717744889779553, 5.8794698797595188, 5.8871652705410824], [958.60881914674621, 1298.8288574538076, 963.2771411055113], 5.8790189779559121, 1298.8288574538076)
Failed to find a valid peak. No peak greater than 1.0. max = 0.0482164320204
new center pos Detector(H1) (Ar40) @ 5.87946987976
GetHighVoltage ===>> 4500
GetDeflection H1 ===>> 0
dac uncorrected for HV and deflection 5.87946987976
update mftable H1 Ar40 5.87946987976 message=automated run peakcenter
get initial guess parabolic
get initial guess parabolic
get initial guess parabolic
get initial guess parabolic
get initial guess parabolic
get initial guess parabolic
dump mftable to /Users/jan/PychronDev/setupfiles/spectrometer/mftables/mftable.csv
add to repo msg=modified - automated run peakcenter
sweep finished
locally archiving mftable
setting magnet DAC
current  : 5.894530
requested: 5.879470
Delta Dac: 0.015060
Checking detector protection. dv=0.01506
Checking detector "CDD". Protection Threshold: 0.1 (V)
SetMagnetDAC 5.87946987976 ===>> OK
Magnet settling time: 0.500
setting integration time = 1.048576
SetIntegrationTime 1.048576 ===>> OK
Failed to find a valid peak. No peak greater than 1.0. max = 0.0482164320204
flush and close file /Users/jan/PychronDev/data/isotopes/95/507d65-0ed2-4447-b2f1-b4adbfd34669.h5
finished measure script
executed 226.132928
jan_unknown120_60.py completed successfully
Measurement Finished
17:38:06 -- ******* Measurement Finished *******
Post Measurement Started jan_pump_ms.py
17:38:06 -- ******* Post Measurement Started jan_pump_ms.py *******
testing...
no interpolation path defined
executed 0
Pumping spectrometer
open () {'name': 'O'}
opening name=O desc=---
checking ownership. requestor=129.138.12.150
check software interlocks O
interlocks []
actuate state mode=None-script, software_lock=False
doing actuation None-script open_channel True
Open O ===>> OK
GetIndicatorState O ===>> OK
change switch state (True, True)
update switch state O True args=() kw={} ncanvase=2
17:38:06 -- OPEN   VALVE-O (Jan Ion Pump)
---------------------------------------- open O () result=[(True, True)], time=0.18 sec
action=open, ok=True, locked=[False]
executed 0
jan_pump_ms.py completed successfully
setting _ms_pumptime
Post Measurement Finished
17:38:06 -- ******* Post Measurement Finished *******
$$$$$$$$$$$$$$$$$$$$ state at run end measurement
state changed from measurement to success
post measurement save measured=True aborted=False
Set filtering
setting fod for Ar40= {'filter_outliers': True, 'std_devs': 2, 'iterations': 1}
setting fod for H1= {'filter_outliers': True, 'std_devs': 2, 'iterations': 1}
setting fod for PM41= {'filter_outliers': False, 'std_devs': 2, 'iterations': 1}
setting fod for H2= {'filter_outliers': True, 'std_devs': 2, 'iterations': 1}
setting fod for Ar36= {'filter_outliers': True, 'std_devs': 2, 'iterations': 1}
setting fod for CDD= {'filter_outliers': True, 'std_devs': 10, 'iterations': 1}
setting fod for Ar37= {'filter_outliers': True, 'std_devs': 2, 'iterations': 1}
setting fod for L2= {'filter_outliers': True, 'std_devs': 2, 'iterations': 1}
setting fod for Ar38= {'filter_outliers': True, 'std_devs': 2, 'iterations': 1}
setting fod for L1= {'filter_outliers': True, 'std_devs': 2, 'iterations': 1}
setting fod for Ar39= {'filter_outliers': True, 'std_devs': 2, 'iterations': 1}
setting fod for AX= {'filter_outliers': True, 'std_devs': 2, 'iterations': 1}
persistence save...
persistence save - db
post measurement save
5201386192 connecting to database sqlite:////Users/jan/PychronDev/.appdata/local_lab.db
connected to db sqlite:////Users/jan/PychronDev/.appdata/local_lab.db
create new session 5201386192
close session 5201386192
No database instance. Not saving post measurement to isotopedb database
$$$$$$$$$$$$$$$ auto_save_detector_ic=False
massspec enabled True
create new session 5011470576
MassSpec Database Version: 16.0
close session 5011470576
saving post measurement to secondary database
saving to massspec database 129.138.12.160/massspecdata
setting labnumber to 25384
setting aliquot to 5
setting step to 
setting uuid to 95507d65-0ed2-4447-b2f1-b4adbfd34669
setting irradpos to 25384
setting extract_device to Fusions CO2
setting tray to 
setting position to 162
setting power_requested to 5.0
setting extract_value to 5.0
setting duration to 30.0
setting duration_at_request to 30.0
setting first_stage_delay to 30.0
setting cleanup to 30.0
setting comment to N:7
setting irradiation to NM-289
setting level to N
setting irradiation_level to N
setting sample to FC-2
setting material to Sanidine
setting project to Irradiation-NM-289
setting mass_spectrometer to Jan
no attribute chron_dosages
no attribute production_ratios
no attribute interference_corrections
no attribute production_name
no attribute j
Reference Isotope=Ar40
Reference Detector=H1
%%%%%%%%%%%%%%%%%%%% Comment: N:7 %%%%%%%%%%%%%%%%%%%
adding isotope PM41 H2
add baseline dbdet= PM41. original det= H2
get baseline data PM41 H2
Get data baseline <pychron.processing.isotope.Baseline object at 0x137911990> len t=60
baseline PM41. v=-0.193715593288, e=0.00920519847991
get signal data PM41 H2
Get data signal PM41 0.11+/-0.08 len t=120
adding isotope Ar40 H1
add baseline dbdet= Ar40. original det= H1
get baseline data Ar40 H1
Get data baseline <pychron.processing.isotope.Baseline object at 0x13345fe10> len t=60
baseline Ar40. v=0.00346885498305, e=0.00523376690351
get signal data Ar40 H1
Get data signal Ar40 1430.19+/-0.08 len t=120
adding isotope Ar39 AX
add baseline dbdet= Ar39. original det= AX
get baseline data Ar39 AX
Get data baseline <pychron.processing.isotope.Baseline object at 0x13345ffd0> len t=60
baseline Ar39. v=-0.0751609943058, e=0.0068347324761
get signal data Ar39 AX
Get data signal Ar39 347.27+/-0.04 len t=120
adding isotope Ar38 L1
add baseline dbdet= Ar38. original det= L1
get baseline data Ar38 L1
Get data baseline <pychron.processing.isotope.Baseline object at 0x13345e1d0> len t=60
baseline Ar38. v=-0.0226965260797, e=0.00285763794878
get signal data Ar38 L1
Get data signal Ar38 4.514+/-0.006 len t=120
adding isotope Ar37 L2
add baseline dbdet= Ar37. original det= L2
get baseline data Ar37 L2
Get data baseline <pychron.processing.isotope.Baseline object at 0x13345e390> len t=60
baseline Ar37. v=-0.0274545961391, e=0.005775620829
get signal data Ar37 L2
Get data signal Ar37 2.146+/-0.010 len t=120
adding isotope Ar36 CDD
add baseline dbdet= Ar36. original det= CDD
get baseline data Ar36 CDD
Get data baseline <pychron.processing.isotope.Baseline object at 0x13345e550> len t=60
baseline Ar36. v=0.00034735263404, e=3.03698533614e-05
get signal data Ar36 CDD
Get data signal Ar36 0.0394+/-0.0005 len t=120
25384-05 added analysis time 0.448261022568s
analysis added to mass spec database
mass spec save time= 0.459
persistence save - dvc
================= post measurement started
create new session 4984345712
close session 4984345712
Get Checksum: 192129876
---------------- Experiment Queue saving disabled
DVC saving peakcenter
Failed to find a valid peak. No peak greater than 1.0. max = 0.0482164320204
Smart pull ahead: 0 behind: 0
Up-to-date with origin
add to repo msg=modified - ad8224ebc6dbfeb9f5997218dfa5fe690569839d.json
add to repo msg=modified - 84-05.json
add to repo msg=modified - 84-05.dat.json
add to repo msg=modified - 84-05.blan.json
add to repo msg=modified - 84-05.inte.json
add to repo msg=modified - 84-05.icfa.json
add to repo msg=modified - 84-05.base.json
not at valid file /Users/jan/PychronDev/data/.dvc/repositories/Load1785/253/tags/84-05.tags.json
add to repo msg=modified - 84-05.peak.json
add to repo msg=modified - 84-05.extr.json
not at valid file /Users/jan/PychronDev/data/.dvc/repositories/Load1785/253/monitor/84-05.moni.json
commit message=<COLLECTION>
Get Checksum: 192129876
add to repo msg=modified - 84-05.inte.json
add to repo msg=modified - 84-05.base.json
commit message=<ISOEVO> default collection fits
add to repo msg=modified - 84-05.blan.json
commit message=<BLANKS> preceding bu-FC-J-7512
add to repo msg=modified - 84-05.icfa.json
commit message=<ICFactor> default
push repository <pychron.git_archive.repo_manager.GitRepoManager object at 0x134ce10b0>
pushing to remote=origin, url=https://github.com
Get Checksum: 192129876
no changes to meta repo
Get Checksum: 192129876
create new session 4984345712
add association Load1785
get identifier "25384"
setting analysis irradiation position=<pychron.dvc.dvc_orm.IrradiationPositionTbl object at 0x12db94790>
close session 4984345712
================= post measurement finished
17:38:18 -- ******* Post Run Check *******
loading queue conditionals post_run_actions
loading system conditionals post_run_actions
loading conditionals from /Users/jan/PychronDev/setupfiles/spectrometer/default_conditionals.yaml
loading queue conditionals post_run_terminations
loading system conditionals post_run_terminations
loading conditionals from /Users/jan/PychronDev/setupfiles/spectrometer/default_conditionals.yaml
Checking default post run terminations n=1
GetDeflection CDD ===>> 50
testing CDD==2000
evaluate ot="CDD.deflection==2000" t="CDD==2000", ctx="{'CDD': 50.0}"
17:38:18 -- ******* Post Run Check Passed *******
17:38:18 -- Automated run 25384-05 success duration: 361.709 s
----------------- finish -----------------
----------------- stop -----------------
retroactive repository identifiers disabled
finish run. runs completed=7
update duration runid=25384-05, duration=361.709037066, md5=301e91d8
loading script "jan_unknown120_60.py"
loading script "jan_pump_ms.py"
loading script "jan_co2.py"
loading script "jan_pump_extraction_line.py"
testing...
no interpolation path defined
executed 213.652928
script duration name:unknown120_60 seconds:214.0
loading script "jan_unknown120_60.py"
loading script "jan_pump_ms.py"
loading script "jan_co2.py"
loading script "jan_pump_extraction_line.py"
testing...
no interpolation path defined
executed 0
loading script "jan_unknown120_60.py"
loading script "jan_pump_ms.py"
loading script "jan_co2.py"
loading script "jan_pump_extraction_line.py"
testing...
no interpolation path defined
calculate duration
testing...
no interpolation path defined
executed 0
calculate duration
testing...
no interpolation path defined
executed 0
executed 0.0
script duration name:co2 seconds:0.0
loading script "jan_unknown120_60.py"
loading script "jan_pump_ms.py"
loading script "jan_co2.py"
loading script "jan_pump_extraction_line.py"
testing...
no interpolation path defined
calculate duration
testing...
no interpolation path defined
executed 4.0
executed 4.0
Script duration 214.0
Run total estimated duration= 215.000
unknown120_60 in script context. using previous estimated duration
script duration name:unknown120_60 seconds:214.0
pump_ms in script context. using previous estimated duration
co2 in script context. using previous estimated duration
script duration name:co2 seconds:0.0
pump_extraction_line in script context. using previous estimated duration
Script duration 214.0
Run total estimated duration= 215.000
loading script "jan_unknown400_120.py"
loading script "jan_pump_ms.py"
loading script "jan_cocktail_x1.py"
loading script "jan_pump_extraction_line.py"
testing...
no interpolation path defined
executed 556.052928
script duration name:unknown400_120 seconds:556.0
loading script "jan_unknown400_120.py"
loading script "jan_pump_ms.py"
loading script "jan_cocktail_x1.py"
loading script "jan_pump_extraction_line.py"
testing...
no interpolation path defined
calculate duration
testing...
no interpolation path defined
executed 0
calculate duration
testing...
no interpolation path defined
executed 0
calculate duration
testing...
no interpolation path defined
executed 32.0
calculate duration
testing...
no interpolation path defined
executed 34.0
calculate duration
testing...
no interpolation path defined
executed 4.0
calculate duration
testing...
no interpolation path defined
executed 38.0
executed 108.0
script duration name:cocktail_x1 seconds:108.0
Script duration 664.0
Run total estimated duration= 665.000
unknown400_120 in script context. using previous estimated duration
script duration name:unknown400_120 seconds:556.0
cocktail_x1 in script context. using previous estimated duration
script duration name:cocktail_x1 seconds:108.0
Script duration 664.0
Run total estimated duration= 665.000
script duration name:unknown120_60 seconds:214.0
script duration name:co2 seconds:0.0
Script duration 214.0
Run total estimated duration= 215.000
script duration name:unknown120_60 seconds:214.0
script duration name:co2 seconds:0.0
Script duration 214.0
Run total estimated duration= 215.000
script duration name:unknown120_60 seconds:214.0
script duration name:co2 seconds:0.0
Script duration 214.0
Run total estimated duration= 215.000
script duration name:unknown120_60 seconds:214.0
script duration name:co2 seconds:0.0
Script duration 214.0
Run total estimated duration= 215.000
script duration name:unknown120_60 seconds:214.0
script duration name:co2 seconds:0.0
Script duration 214.0
Run total estimated duration= 215.000
script duration name:unknown120_60 seconds:214.0
script duration name:co2 seconds:0.0
Script duration 214.0
Run total estimated duration= 215.000
script duration name:unknown120_60 seconds:214.0
script duration name:co2 seconds:0.0
Script duration 214.0
Run total estimated duration= 215.000
script duration name:unknown120_60 seconds:214.0
script duration name:co2 seconds:0.0
Script duration 214.0
Run total estimated duration= 215.000
script duration name:unknown120_60 seconds:214.0
script duration name:co2 seconds:0.0
Script duration 214.0
Run total estimated duration= 215.000
script duration name:unknown120_60 seconds:214.0
script duration name:co2 seconds:0.0
Script duration 214.0
Run total estimated duration= 215.000
script duration name:unknown400_120 seconds:556.0
script duration name:co2 seconds:0.0
Script duration 556.0
Run total estimated duration= 557.000
script duration name:unknown400_120 seconds:556.0
loading script "jan_unknown400_120.py"
loading script "jan_pump_ms.py"
loading script "jan_sniffair_x2.py"
loading script "jan_pump_extraction_line.py"
testing...
no interpolation path defined
calculate duration
testing...
no interpolation path defined
executed 0
calculate duration
testing...
no interpolation path defined
executed 0
calculate duration
testing...
no interpolation path defined
executed 32.0
calculate duration
testing...
no interpolation path defined
executed 34.0
calculate duration
testing...
no interpolation path defined
executed 4.0
calculate duration
testing...
no interpolation path defined
executed 36.0
calculate duration
testing...
no interpolation path defined
executed 34.0
calculate duration
testing...
no interpolation path defined
executed 4.0
calculate duration
testing...
no interpolation path defined
executed 36.0
calculate duration
testing...
no interpolation path defined
executed 70.0
executed 250.0
script duration name:sniffair_x2 seconds:250.0
Script duration 806.0
Run total estimated duration= 807.000
loading script "jan_ic_peak_hop3.py"
loading script "jan_pump_ms.py"
loading script "jan_air_x1.py"
loading script "jan_pump_extraction_line.py"
testing...
no interpolation path defined
executed 133.8
script duration name:ic_peak_hop3 seconds:134.0
loading script "jan_ic_peak_hop3.py"
loading script "jan_pump_ms.py"
loading script "jan_air_x1.py"
loading script "jan_pump_extraction_line.py"
testing...
no interpolation path defined
calculate duration
testing...
no interpolation path defined
executed 0
calculate duration
testing...
no interpolation path defined
executed 0
calculate duration
testing...
no interpolation path defined
executed 32.0
calculate duration
testing...
no interpolation path defined
executed 34.0
calculate duration
testing...
no interpolation path defined
executed 4.0
calculate duration
testing...
no interpolation path defined
executed 36.0
executed 106.0
script duration name:air_x1 seconds:106.0
Script duration 240.0
Run total estimated duration= 241.000
script duration name:unknown120_60 seconds:214.0
script duration name:co2 seconds:0.0
Script duration 214.0
Run total estimated duration= 215.000
script duration name:unknown120_60 seconds:214.0
script duration name:co2 seconds:0.0
Script duration 214.0
Run total estimated duration= 215.000
script duration name:unknown120_60 seconds:214.0
script duration name:co2 seconds:0.0
Script duration 214.0
Run total estimated duration= 215.000
script duration name:unknown120_60 seconds:214.0
script duration name:co2 seconds:0.0
Script duration 214.0
Run total estimated duration= 215.000
script duration name:unknown120_60 seconds:214.0
script duration name:co2 seconds:0.0
Script duration 214.0
Run total estimated duration= 215.000
script duration name:unknown120_60 seconds:214.0
script duration name:co2 seconds:0.0
Script duration 214.0
Run total estimated duration= 215.000
script duration name:unknown400_120 seconds:556.0
script duration name:cocktail_x1 seconds:108.0
Script duration 664.0
Run total estimated duration= 665.000
script duration name:unknown120_60 seconds:214.0
script duration name:co2 seconds:0.0
Script duration 214.0
Run total estimated duration= 215.000
script duration name:unknown120_60 seconds:214.0
script duration name:co2 seconds:0.0
Script duration 214.0
Run total estimated duration= 215.000
script duration name:unknown120_60 seconds:214.0
script duration name:co2 seconds:0.0
Script duration 214.0
Run total estimated duration= 215.000
script duration name:unknown120_60 seconds:214.0
script duration name:co2 seconds:0.0
Script duration 214.0
Run total estimated duration= 215.000
script duration name:unknown400_120 seconds:556.0
script duration name:cocktail_x1 seconds:108.0
Script duration 664.0
Run total estimated duration= 665.000
script duration name:unknown120_60 seconds:214.0
script duration name:co2 seconds:0.0
Script duration 214.0
Run total estimated duration= 215.000
script duration name:unknown120_60 seconds:214.0
script duration name:co2 seconds:0.0
Script duration 214.0
Run total estimated duration= 215.000
script duration name:unknown120_60 seconds:214.0
script duration name:co2 seconds:0.0
Script duration 214.0
Run total estimated duration= 215.000
script duration name:unknown120_60 seconds:214.0
script duration name:co2 seconds:0.0
Script duration 214.0
Run total estimated duration= 215.000
script duration name:unknown120_60 seconds:214.0
script duration name:co2 seconds:0.0
Script duration 214.0
Run total estimated duration= 215.000
script duration name:unknown400_120 seconds:556.0
script duration name:co2 seconds:0.0
Script duration 556.0
Run total estimated duration= 557.000
script duration name:unknown120_60 seconds:214.0
script duration name:co2 seconds:0.0
Script duration 214.0
Run total estimated duration= 215.000
script duration name:unknown120_60 seconds:214.0
script duration name:co2 seconds:0.0
Script duration 214.0
Run total estimated duration= 215.000
script duration name:unknown120_60 seconds:214.0
script duration name:co2 seconds:0.0
Script duration 214.0
Run total estimated duration= 215.000
script duration name:unknown120_60 seconds:214.0
script duration name:co2 seconds:0.0
Script duration 214.0
Run total estimated duration= 215.000
script duration name:unknown120_60 seconds:214.0
script duration name:co2 seconds:0.0
Script duration 214.0
Run total estimated duration= 215.000
script duration name:unknown120_60 seconds:214.0
script duration name:co2 seconds:0.0
Script duration 214.0
Run total estimated duration= 215.000
script duration name:unknown120_60 seconds:214.0
script duration name:co2 seconds:0.0
Script duration 214.0
Run total estimated duration= 215.000
script duration name:unknown400_120 seconds:556.0
script duration name:cocktail_x1 seconds:108.0
Script duration 664.0
Run total estimated duration= 665.000
script duration name:unknown120_60 seconds:214.0
script duration name:co2 seconds:0.0
Script duration 214.0
Run total estimated duration= 215.000
script duration name:unknown120_60 seconds:214.0
script duration name:co2 seconds:0.0
Script duration 214.0
Run total estimated duration= 215.000
script duration name:unknown120_60 seconds:214.0
script duration name:co2 seconds:0.0
Script duration 214.0
Run total estimated duration= 215.000
script duration name:unknown120_60 seconds:214.0
script duration name:co2 seconds:0.0
Script duration 214.0
Run total estimated duration= 215.000
script duration name:unknown120_60 seconds:214.0
script duration name:co2 seconds:0.0
Script duration 214.0
Run total estimated duration= 215.000
script duration name:unknown120_60 seconds:214.0
script duration name:co2 seconds:0.0
Script duration 214.0
Run total estimated duration= 215.000
script duration name:unknown120_60 seconds:214.0
script duration name:co2 seconds:0.0
Script duration 214.0
Run total estimated duration= 215.000
script duration name:unknown120_60 seconds:214.0
script duration name:co2 seconds:0.0
Script duration 214.0
Run total estimated duration= 215.000
script duration name:unknown400_120 seconds:556.0
script duration name:co2 seconds:0.0
Script duration 556.0
Run total estimated duration= 557.000
script duration name:unknown400_120 seconds:556.0
script duration name:cocktail_x1 seconds:108.0
Script duration 664.0
Run total estimated duration= 665.000
script duration name:unknown400_120 seconds:556.0
script duration name:cocktail_x1 seconds:108.0
Script duration 664.0
Run total estimated duration= 665.000
script duration name:unknown400_120 seconds:556.0
sniffair_x2 in script context. using previous estimated duration
script duration name:sniffair_x2 seconds:250.0
Script duration 806.0
Run total estimated duration= 807.000
script duration name:unknown400_120 seconds:556.0
script duration name:sniffair_x2 seconds:250.0
Script duration 806.0
Run total estimated duration= 807.000
ic_peak_hop3 in script context. using previous estimated duration
script duration name:ic_peak_hop3 seconds:134.0
air_x1 in script context. using previous estimated duration
script duration name:air_x1 seconds:106.0
Script duration 240.0
Run total estimated duration= 241.000
script duration name:unknown120_60 seconds:214.0
script duration name:co2 seconds:0.0
Script duration 214.0
Run total estimated duration= 215.000
script duration name:unknown120_60 seconds:214.0
script duration name:co2 seconds:0.0
Script duration 214.0
Run total estimated duration= 215.000
script duration name:unknown120_60 seconds:214.0
script duration name:co2 seconds:0.0
Script duration 214.0
Run total estimated duration= 215.000
script duration name:unknown120_60 seconds:214.0
script duration name:co2 seconds:0.0
Script duration 214.0
Run total estimated duration= 215.000
script duration name:unknown120_60 seconds:214.0
script duration name:co2 seconds:0.0
Script duration 214.0
Run total estimated duration= 215.000
script duration name:unknown120_60 seconds:214.0
script duration name:co2 seconds:0.0
Script duration 214.0
Run total estimated duration= 215.000
script duration name:unknown120_60 seconds:214.0
script duration name:co2 seconds:0.0
Script duration 214.0
Run total estimated duration= 215.000
script duration name:unknown400_120 seconds:556.0
script duration name:cocktail_x1 seconds:108.0
Script duration 664.0
Run total estimated duration= 665.000
script duration name:unknown120_60 seconds:214.0
script duration name:co2 seconds:0.0
Script duration 214.0
Run total estimated duration= 215.000
script duration name:unknown120_60 seconds:214.0
script duration name:co2 seconds:0.0
Script duration 214.0
Run total estimated duration= 215.000
script duration name:unknown120_60 seconds:214.0
script duration name:co2 seconds:0.0
Script duration 214.0
Run total estimated duration= 215.000
script duration name:unknown120_60 seconds:214.0
script duration name:co2 seconds:0.0
Script duration 214.0
Run total estimated duration= 215.000
script duration name:unknown120_60 seconds:214.0
script duration name:co2 seconds:0.0
Script duration 214.0
Run total estimated duration= 215.000
script duration name:unknown120_60 seconds:214.0
script duration name:co2 seconds:0.0
Script duration 214.0
Run total estimated duration= 215.000
nruns=71 before=5.0, run_dur=21719.0, btw=2100.0
write rem/ex queues
/Users/jan/PychronDev/experiments/rem/CurrentExperiment.rem.txt
/Users/jan/PychronDev/experiments/rem/CurrentExperiment.ex.txt
doing event level: 3
