do run
loading script "jan_unknown120_60.py"
loading script "jan_pump_ms.py"
loading script "jan_co2.py"
loading script "jan_pump_extraction_line.py"
testing...
no interpolation path defined
executed 213.652928
script duration name:unknown120_60 seconds:214.0
loading script "jan_unknown120_60.py"
loading script "jan_pump_ms.py"
loading script "jan_co2.py"
loading script "jan_pump_extraction_line.py"
testing...
no interpolation path defined
executed 0
loading script "jan_unknown120_60.py"
loading script "jan_pump_ms.py"
loading script "jan_co2.py"
loading script "jan_pump_extraction_line.py"
testing...
no interpolation path defined
calculate duration
testing...
no interpolation path defined
executed 0
calculate duration
testing...
no interpolation path defined
executed 0
executed 0.0
script duration name:co2 seconds:0.0
loading script "jan_unknown120_60.py"
loading script "jan_pump_ms.py"
loading script "jan_co2.py"
loading script "jan_pump_extraction_line.py"
testing...
no interpolation path defined
calculate duration
testing...
no interpolation path defined
executed 4.0
executed 4.0
Script duration 214.0
Run total estimated duration= 215.000
run duration: 0:03:35
doing event level: 2
20:36:35 -- Setting default integration. t=1.048576
setting integration time = 1.048576
SetIntegrationTime 1.048576 ===>> OK
----------------- start -----------------
**************** Experiment Type: Ar/Ar, Ar/Ar
create new session 5003455664
close session 5003455664
$$$$$ Clearing conditionals
adding conditionals 
Add queue conditionals
add default conditionals
adding default conditionals from /Users/jan/PychronDev/setupfiles/spectrometer/default_conditionals.yaml
Start automated run 25386-03
loading script "jan_unknown120_60.py"
loading script "jan_pump_ms.py"
loading script "jan_co2.py"
loading script "jan_pump_extraction_line.py"
%%%%%%%%%%%%%%%%%% setting automated run 25386-03
No value "sensitivity_multiplier" in metadata
$$$$$$$$$$$$$$$ auto_save_detector_ic=False
============================= Pre Extraction Check =============================
loading queue conditionals pre_run_terminations
loading system conditionals pre_run_terminations
loading conditionals from /Users/jan/PychronDev/setupfiles/spectrometer/default_conditionals.yaml
20:36:35 -- ******* Pre Extraction Check *******
Get a measurement from the spectrometer
GetData ===>> H2,-0.122654273321365,H1,0.0209700598738262,AX,-0.0481077411715982,L1,-0.0255948987559594,L2,0.02...
Pre Extraction Termination data. keys=H2,H1,AX,L1,L2,CDD, signals=-0.12265,0.02097,-0.04811,-0.02559,0.02924,0.00432
20:36:35 -- testing system defined conditionals
Checking default pre extraction terminations n=2
testing CDD
evaluate ot="CDD.inactive" t="CDD", ctx="{'CDD': False}"
GetDeflection CDD ===>> 50
testing CDD==2000
evaluate ot="CDD.deflection==2000" t="CDD==2000", ctx="{'CDD': 50.0}"
20:36:35 -- ******* Pre Extraction Check Passed *******
=================================================================================
20:36:35 -- stopping status monitor
stop 4975542192
Alive clients [4984697584]
20:36:35 -- starting status monitor
start 4975542192
Monitor already running
start extraction
do extraction
Analysis started at 20:36:35.232606
Extraction Started jan_co2.py
20:36:35 -- ******* Extraction Started jan_co2.py *******
state changed from not run to extraction
DO EXTRACTION <pychron.extraction_line.pyscript_runner.RemotePyScriptRunner object at 0x12bbc33b0>
testing...
no interpolation path defined
calculate duration
testing...
no interpolation path defined
executed 0
calculate duration
testing...
no interpolation path defined
executed 0
executed 100.0
Jan CO2 laser analysis
doing GOSUB
testing...
no interpolation path defined
executed 0
Waiting for CO2 access
wait ('FelixCO2Flag', 0) {}
waiting for FelixCO2Flag = 0
Read FelixCO2Flag ===>> 0
finished waiting
CO2 free
wait ('CO2PumpTimeFlag', 0) {}
waiting for CO2PumpTimeFlag = 0
Read CO2PumpTimeFlag ===>> 0
finished waiting
acquire ('JanCO2Flag',) {'clear': True}
acquire JanCO2Flag
Set JanCO2Flag 1 ===>> OK
JanCO2Flag acquired
set extraction state False (0.75, 'red', 1.5)
CO2 acquired
executed 0
WaitForCO2Access.py completed successfully
gosub finished
doing GOSUB
testing...
no interpolation path defined
executed 0
Prepare for CO2 analysis
close () {'description': 'Jan Inlet'}
closing name=--- desc=Jan Inlet
checking ownership. requestor=129.138.12.150
check software interlocks R
interlocks []
actuate state mode=None-script, software_lock=False
doing actuation None-script close_channel False
Close R ===>> OK
GetIndicatorState R ===>> False
change switch state (True, True)
update switch state R False args=() kw={} ncanvase=2
20:36:35 -- CLOSE  VALVE-R (Jan Inlet)
---------------------------------------- close None (Jan Inlet) result=[(True, True)]
Get Checksum: 2035439760
action=close, ok=True, locked=[False]
open () {'description': 'Jan Ion Pump'}
opening name=--- desc=Jan Ion Pump
checking ownership. requestor=129.138.12.150
check software interlocks O
interlocks []
actuate state mode=None-script, software_lock=False
doing actuation None-script open_channel False
Open O ===>> OK
GetIndicatorState O ===>> OK
change switch state (True, True)
update switch state O True args=() kw={} ncanvase=2
20:36:36 -- OPEN   VALVE-O (Jan Ion Pump)
---------------------------------------- open None (Jan Ion Pump) result=[(True, True)], time=0.10 sec
action=open, ok=True, locked=[False]
close () {'description': 'Microbone to Minibone'}
closing name=--- desc=Microbone to Minibone
checking ownership. requestor=129.138.12.150
check software interlocks L
interlocks []
actuate state mode=None-script, software_lock=False
doing actuation None-script close_channel False
Close L ===>> OK
GetIndicatorState L ===>> False
change switch state (True, True)
update switch state L False args=() kw={} ncanvase=2
20:36:36 -- CLOSE  VALVE-L (Microbone to Minibone)
---------------------------------------- close None (Microbone to Minibone) result=[(True, True)]
action=close, ok=True, locked=[False]
open () {'description': 'Microbone to Turbo'}
opening name=--- desc=Microbone to Turbo
checking ownership. requestor=129.138.12.150
check software interlocks U
interlocks []
actuate state mode=None-script, software_lock=False
doing actuation None-script open_channel False
Open U ===>> OK
GetIndicatorState U ===>> OK
change switch state (True, True)
update switch state U True args=() kw={} ncanvase=2
20:36:37 -- OPEN   VALVE-U (Microbone to Turbo)
---------------------------------------- open None (Microbone to Turbo) result=[(True, True)], time=0.13 sec
action=open, ok=True, locked=[False]
open () {'description': 'Microbone to Inlet Pipette'}
opening name=--- desc=Microbone to Inlet Pipette
checking ownership. requestor=129.138.12.150
check software interlocks S
interlocks []
actuate state mode=None-script, software_lock=False
doing actuation None-script open_channel False
Open S ===>> OK
GetIndicatorState S ===>> OK
change switch state (True, True)
update switch state S True args=() kw={} ncanvase=2
20:36:37 -- OPEN   VALVE-S (Microbone to Inlet Pipette)
---------------------------------------- open None (Microbone to Inlet Pipette) result=[(True, True)], time=0.42 sec
action=open, ok=True, locked=[False]
open () {'description': 'Microbone to Getter D-50'}
opening name=--- desc=Microbone to Getter D-50
checking ownership. requestor=129.138.12.150
check software interlocks K
interlocks []
actuate state mode=None-script, software_lock=False
doing actuation None-script open_channel False
Open K ===>> OK
GetIndicatorState K ===>> OK
change switch state (True, True)
update switch state K True args=() kw={} ncanvase=2
20:36:38 -- OPEN   VALVE-K (Microbone to Getter D-50)
---------------------------------------- open None (Microbone to Getter D-50) result=[(True, True)], time=0.41 sec
action=open, ok=True, locked=[False]
open () {'description': 'Microbone to Getter NP-10'}
opening name=--- desc=Microbone to Getter NP-10
checking ownership. requestor=129.138.12.150
check software interlocks M
interlocks []
actuate state mode=None-script, software_lock=False
doing actuation None-script open_channel False
Open M ===>> OK
GetIndicatorState M ===>> OK
change switch state (True, True)
update switch state M True args=() kw={} ncanvase=2
20:36:38 -- OPEN   VALVE-M (Microbone to Getter NP-10)
---------------------------------------- open None (Microbone to Getter NP-10) result=[(True, True)], time=0.13 sec
Get Checksum: 2035439760
action=open, ok=True, locked=[False]
close () {'description': 'CO2 Laser to Felix'}
closing name=--- desc=CO2 Laser to Felix
checking ownership. requestor=129.138.12.150
check software interlocks F
interlocks []
actuate state mode=None-script, software_lock=True
VALVE-F(CO2 Laser to Felix) software locked
change switch state (True, False)
---------------------------------------- close None (CO2 Laser to Felix) result=[(True, False)]
action=close, ok=True, locked=[True]
open () {'description': 'CO2 Laser to Jan'}
opening name=--- desc=CO2 Laser to Jan
checking ownership. requestor=129.138.12.150
check software interlocks A
interlocks []
actuate state mode=None-script, software_lock=False
doing actuation None-script open_channel False
Open A ===>> OK
GetIndicatorState A ===>> OK
change switch state (True, True)
update switch state A True args=() kw={} ncanvase=2
20:36:39 -- OPEN   VALVE-A (CO2 Laser to Jan)
---------------------------------------- open None (CO2 Laser to Jan) result=[(True, True)], time=0.13 sec
action=open, ok=True, locked=[False]
open () {'description': 'Microbone to CO2 Laser'}
opening name=--- desc=Microbone to CO2 Laser
checking ownership. requestor=129.138.12.150
check software interlocks T
interlocks []
actuate state mode=None-script, software_lock=False
doing actuation None-script open_channel False
Open T ===>> OK
GetIndicatorState T ===>> OK
change switch state (True, True)
update switch state T True args=() kw={} ncanvase=2
20:36:39 -- OPEN   VALVE-T (Microbone to CO2 Laser)
---------------------------------------- open None (Microbone to CO2 Laser) result=[(True, True)], time=0.41 sec
action=open, ok=True, locked=[False]
executed 0
PrepareForCO2Analysis.py completed successfully
gosub finished
set_motor ('beam', '1.25') {}
setting motor "beam" to 1.25
set motor beam to 1.25
SetMotor beam,1.25 ===>> OK
GetMotorMoving beam ===>> False
GetMotorMoving beam ===>> False
Block completed
move_to_position ('180',) {'autocenter': True}
FusionsCO2 move to position 180
sending GoToHole 180,True
GoToHole 180,True ===>> OK
Get Checksum: 2035439760
GetDriveMoving ===>> OK
GetDriveMoving ===>> OK
GetDriveMoving ===>> OK
GetDriveMoving ===>> OK
GetDriveMoving ===>> OK
GetDriveMoving ===>> OK
GetDriveMoving ===>> False
GetDriveMoving ===>> OK
GetDriveMoving ===>> OK
GetDriveMoving ===>> OK
GetDriveMoving ===>> False
Block completed
Get Checksum: 2035439760
GetAutoCorrecting ===>> False
GetAutoCorrecting ===>> False
Block completed
update position
GetPosition ===>> 7.97560,-7.97560,1.00000
got position (7.9756, -7.9756, 1.0)
move to position succeeded
sleep (5,) {}
SLEEP 5.0
block started
WaitControl setup for 5.0  
Get Checksum: 2035439760
Join finished
block finished. duration 5.00764989853
close () {'description': 'Microbone to Turbo'}
closing name=--- desc=Microbone to Turbo
checking ownership. requestor=129.138.12.150
check software interlocks U
interlocks []
actuate state mode=None-script, software_lock=False
doing actuation None-script close_channel True
Close U ===>> OK
GetIndicatorState U ===>> False
change switch state (True, True)
update switch state U False args=() kw={} ncanvase=2
20:36:50 -- CLOSE  VALVE-U (Microbone to Turbo)
---------------------------------------- close None (Microbone to Turbo) result=[(True, True)]
Get Checksum: -1640178555
action=close, ok=True, locked=[False]
enable laser
enable () {}
set extraction state FusionsCO2 Enabled (False, 'red', 1.5)
enabling laser
Enable ===>> OK
begin interval
BEGIN INTERVAL Interval 1 waiting for 30.0
set extract to 5.0
block started
WaitControl setup for 30.0  
extract (5.0,) {}
GetPosition ===>> 7.97560,-7.97560,1.00000
set extraction state FusionsCO2 ON! 5.0(watts) (0.75, 'red', 1.5)
extract sample to 5.0 (watts)
set laser output
SetLaserOutput 5.0,watts ===>> OK
executing pattern triangle.lp
execute_pattern ('triangle.lp',) {}
executing pattern triangle.lp
IsPatterning ===>> OK
IsPatterning ===>> OK
Get Checksum: -1640178555
IsPatterning ===>> OK
IsPatterning ===>> OK
IsPatterning ===>> OK
Get Checksum: -1640178555
IsPatterning ===>> OK
IsPatterning ===>> OK
IsPatterning ===>> OK
IsPatterning ===>> OK
IsPatterning ===>> OK
Get Checksum: -1640178555
IsPatterning ===>> OK
IsPatterning ===>> OK
IsPatterning ===>> OK
Get Checksum: -1640178555
IsPatterning ===>> OK
IsPatterning ===>> OK
IsPatterning ===>> OK
Get Checksum: -1640178555
IsPatterning ===>> OK
IsPatterning ===>> OK
IsPatterning ===>> OK
Get Checksum: -1640178555
IsPatterning ===>> OK
IsPatterning ===>> OK
IsPatterning ===>> OK
Get Checksum: -1640178555
IsPatterning ===>> OK
IsPatterning ===>> OK
IsPatterning ===>> OK
Get Checksum: -1640178555
IsPatterning ===>> OK
IsPatterning ===>> False
IsPatterning ===>> False
Block completed
COMPLETE INTERVAL waiting for Interval 1 to complete
Get Checksum: -1640178555
Join finished
block finished. duration 30.0578148365
Interval 1 finished
end_extract () {}
ending extraction. set laser power to 0
set laser power 0
SetLaserPower 0 ===>> OK
disable () {}
%%%%%%%%%%%%%%%%%%%%%%%%%%%%%%%%%%% disable
set extraction state False (0.75, 'red', 1.5)
disabling laser
Disable ===>> OK
sleep (30.0,) {}
SLEEP 30.0
block started
WaitControl setup for 30.0  
Get Checksum: -1640178555
Get Checksum: -1640178555
Get Checksum: -1640178555
Get Checksum: -1640178555
Get Checksum: -1640178555
Get Checksum: -1640178555
Get Checksum: -1640178555
Get Checksum: -1640178555
Get Checksum: -1640178555
Get Checksum: -1640178555
Join finished
block finished. duration 30.0488479137
executed 166.5
jan_co2.py completed successfully
GetAchievedOutput ===>> No Response
Requested Output= 0.000
Achieved Output=  0.000
GetResponseBlob ===>> No Response
GetOutputBlob ===>> No Response
persistence save...
persistence save - db
AutomatedRunPersister post_extraction_save deprecated
persistence save - dvc
no extraction position for 180
create new session 4984345712
close session 4984345712
Extraction Finished
20:37:51 -- ******* Extraction Finished *******
no overlap. not waiting for min ms pumptime
20:37:51 -- Sending spectrometer configuration
======== Sending configuration ========
SetDeflection CDD,50.0 ===>> OK
SetDeflection H2,0.0 ===>> OK
SetDeflection H1,0.0 ===>> OK
SetDeflection L2,825.0 ===>> OK
SetDeflection L1,400.0 ===>> OK
SetDeflection AX,190.0 ===>> OK
SetZFocus 74.64 ===>> OK
SetZSymmetry -50.72 ===>> OK
SetExtractionLens 26.13 ===>> OK
SetIonRepeller -3.81 ===>> OK
SetElectronEnergy 75.08 ===>> OK
SetYSymmetry -2.81 ===>> OK
SetIonCounterVoltage 1590.0 ===>> OK
send trap current 200.0
GetParameter Trap Current Readback ===>> 198.482695477019
SetParameter Trap Current Set,200.0 ===>> OK
updating mftable name mftable
Using mftable located at /Users/jan/PychronDev/setupfiles/spectrometer/mftables/mftable.csv
============ MFtable ===========
Isotope  H2     H1     AX     L1     L2     CDD    
Ar40     5.7850 5.8793 5.9928 6.1250 6.2311 6.3532
Ar39     5.6843 5.7716 5.8852 6.0110 6.1162 6.2397
Ar36     5.3618 5.4406 5.5486 5.6699 5.7712 5.8908
================================
get initial guess parabolic
get initial guess parabolic
get initial guess parabolic
get initial guess parabolic
get initial guess parabolic
get initial guess parabolic
======== Configuration Finished ========
GetYSymmetry ===>> -2.81
GetZSymmetry ===>> -50.72
GetParameter Trap Current Readback ===>> 198.035158395898
GetHighVoltage ===>> 4500
start measurement
do measurement
L#=25386 analysis type=unknown
Measurement Started jan_unknown120_60.py
20:37:52 -- ******* Measurement Started jan_unknown120_60.py *******
state changed from extraction to measurement
setting spec, defl, and gains
GetExtractionLens ===>> 26.13
GetYSymmetry ===>> -2.81
GetZSymmetry ===>> -50.72
GetZFocus ===>> 74.64
GetDeflection H2 ===>> 0
GetDeflection H1 ===>> 0
GetDeflection AX ===>> 190
GetDeflection L1 ===>> 400
GetDeflection L2 ===>> 825
GetDeflection CDD ===>> 50
GetGain H2 ===>> 0.0113
GetGain H1 ===>> 0.1
GetGain AX ===>> 0.097049
GetGain L1 ===>> 0.010355
GetGain L2 ===>> 0.095649
GetGain CDD ===>> 0
pre measurement save
New frame /Users/jan/PychronDev/data/isotopes/24/3c6e47-367a-4ec8-a9e7-2bff4befa9d3.h5
flush and close file /Users/jan/PychronDev/data/isotopes/24/3c6e47-367a-4ec8-a9e7-2bff4befa9d3.h5
testing...
no interpolation path defined
executed 226.132928
unknown measurement script
activate_detectors ('H2', 'H1', 'AX', 'L1', 'L2', 'CDD') {}
activate detectors
*************** Set Analysis View Ar/Ar
create graphs
clearing graphs
clear isotope group
setting isotope det=H2, iso=PM41
setting isotope det=H1, iso=Ar40
setting isotope det=AX, iso=Ar39
setting isotope det=L1, iso=Ar38
setting isotope det=L2, iso=Ar37
setting isotope det=CDD, iso=Ar36
setting previous blanks
 - setting Ar40 blank 0.705+/-0.008
 - setting Ar36 blank 0.00614+/-0.00021
 - setting Ar37 blank 0.049+/-0.005
 - setting Ar38 blank 0.0087+/-0.0021
 - setting PM41 blank 0.02+/-0.07
 - setting Ar39 blank 0.041+/-0.009
load analysis view
position_magnet ('Ar40',) {'detector': 'H1'}
detector Detector(H1)
POSITION Ar40 H1
setting detector H2 to PM41 (40.9624)
setting detector H1 to Ar40 (39.9624)
setting detector AX to Ar39 (38.9624)
setting detector L1 to Ar38 (37.9624)
setting detector L2 to Ar37 (36.9624)
setting detector CDD to Ar36 (35.9624)
Mapping mass to dac mass func: "parabolic"
H1 map mass coeffs = [-0.00063987  0.15840543  0.57095999]
H1 map mass to dac 39.9624 >> 5.87935
GetDeflection H1 ===>> 0
GetHighVoltage ===>> 4500
positioning Ar40 (5.87935) on H1
setting magnet DAC
current  : 5.879350
requested: 5.879350
Delta Dac: 0.000000
Checking detector protection. dv=0.00000
Checking detector "CDD". Protection Threshold: 0.1 (V)
SetMagnetDAC 5.87935 ===>> OK
equilibrate () {'delay': 3, 'inlet': 'R', 'outlet': 'O', 'eqtime': 12.0}
Equilibration Started
20:37:52 -- ******* Equilibration Started *******
checking ownership. requestor=129.138.12.150
check software interlocks O
interlocks []
actuate state mode=None-script, software_lock=False
doing actuation None-script close_channel True
Close O ===>> OK
GetIndicatorState O ===>> False
change switch state (True, True)
update switch state O False args=() kw={} ncanvase=2
20:37:53 -- CLOSE  VALVE-O (Jan Ion Pump)
waiting 3s before opening inlet value ('R',)
Get Checksum: -423938523
checking ownership. requestor=129.138.12.150
check software interlocks R
interlocks []
actuate state mode=None-script, software_lock=False
doing actuation None-script open_channel True
Open R ===>> OK
Get Checksum: -173909521
State checksums do not match. Local:-423938523 Remote:-173909521
State checksum failed
GetIndicatorState R ===>> OK
change switch state (True, True)
update switch state R True args=() kw={} ncanvase=2
20:37:56 -- OPEN   VALVE-R (Jan Inlet)
set_time_zero () {}
equilibrating for 12.0sec
sniff (12.0,) {}
py_sniff
build tables- sniff [Detector(H2), Detector(H1), Detector(AX), Detector(L1), Detector(L2), Detector(CDD)]
add group /sniff/PM41 (Group) '' table H2
add group /sniff/Ar40 (Group) '' table H1
add group /sniff/Ar39 (Group) '' table AX
add group /sniff/Ar38 (Group) '' table L1
add group /sniff/Ar37 (Group) '' table L2
add group /sniff/Ar36 (Group) '' table CDD
flush and close file /Users/jan/PychronDev/data/isotopes/24/3c6e47-367a-4ec8-a9e7-2bff4befa9d3.h5
measuring sniff. ncounts=12.0
starting measurement
GetData ===>> H2,-0.141306708367144,H1,0.0310046030486124,AX,-0.078238604852752,L1,0.0277434059260335,L2,0.1027...
GetData ===>> H2,0.582189548001146,H1,409.337577611414,AX,108.252211144648,L1,0.393205591864868,L2,0.7765406777...
GetData ===>> H2,0.871434944505907,H1,1211.37731570364,AX,308.965698542088,L1,2.0447076503316,L2,1.252283406868...
Get Checksum: -173909521
GetData ===>> H2,0.261754386706808,H1,1490.42495511155,AX,370.932310106343,L1,3.34594836034235,L2,1.37444309081...
GetData ===>> H2,0.213610147908125,H1,1582.76346509165,AX,388.846378334761,L1,4.0742615163581,L2,1.514074141569...
GetData ===>> H2,0.130836402607728,H1,1617.14472114008,AX,394.939362412639,L1,4.47348657524952,L2,1.51968198018...
Get Checksum: -173909521
GetData ===>> H2,-0.114771001813436,H1,1630.53038971442,AX,397.465087477847,L1,4.74175098022646,L2,1.3116057528...
GetData ===>> H2,-0.0921084223225799,H1,1636.74020520979,AX,398.480638688612,L1,4.89769057347342,L2,1.337675538...
GetData ===>> H2,-0.018656969244892,H1,1638.12931643804,AX,398.797309833559,L1,4.96805691638796,L2,1.4927029932...
Get Checksum: -173909521
GetData ===>> H2,-0.0990048362064848,H1,1639.61379657693,AX,399.221605612626,L1,5.04352652099172,L2,1.397303008...
GetData ===>> H2,-0.122237721174338,H1,1639.90126946223,AX,399.473494551872,L1,5.05312884568656,L2,1.4082069885...
Get Checksum: -173909521
Equilibration Finished
20:38:08 -- ******* Equilibration Finished *******
checking ownership. requestor=129.138.12.150
check software interlocks R
interlocks []
actuate state mode=None-script, software_lock=False
doing actuation None-script close_channel True
GetData ===>> H2,-0.141014785328843,H1,1640.23587815313,AX,399.273567237081,L1,5.0555624770887,L2,1.42635624251...
Close R ===>> OK
GetIndicatorState R ===>> False
change switch state (True, True)
update switch state R False args=() kw={} ncanvase=2
20:38:09 -- CLOSE  VALVE-R (Jan Inlet)
Post Equilibration Started jan_pump_extraction_line.py
20:38:09 -- ******* Post Equilibration Started jan_pump_extraction_line.py *******
testing...
no interpolation path defined
calculate duration
testing...
no interpolation path defined
executed 4.0
executed 4.0
Pump after analysis
doing GOSUB
testing...
no interpolation path defined
executed 4.0
Pump Microbone
close () {'description': 'Jan Inlet'}
closing name=--- desc=Jan Inlet
checking ownership. requestor=129.138.12.150
check software interlocks R
interlocks []
actuate state mode=None-script, software_lock=False
doing actuation None-script close_channel False
Close R ===>> OK
measurement finished
estimated time: 12.583 actual time: :12.661
flush and close file /Users/jan/PychronDev/data/isotopes/24/3c6e47-367a-4ec8-a9e7-2bff4befa9d3.h5
set_fits () {}
using default fits file=/Users/jan/PychronDev/scripts/measurement/fits/nominal_linear.yaml
set "Ar40" to "('Linear', 'SEM')"
No fit for "PM41". defaulting to linear. check the measurement script "jan_unknown120_60.py"
set "PM41" to "linear"
set "Ar36" to "('Linear', 'SEM')"
set "Ar37" to "('linear', 'SEM')"
set "Ar38" to "('linear', 'SEM')"
set "Ar39" to "('Linear', 'SEM')"
set_baseline_fits () {}
using default fits file=/Users/jan/PychronDev/scripts/measurement/fits/nominal_linear.yaml
set "H1" to "('average', 'SEM')"
set "H2" to "('average', 'SEM')"
set "CDD" to "('average', 'SEM')"
set "L2" to "('average', 'SEM')"
set "L1" to "('average', 'SEM')"
set "AX" to "('average', 'SEM')"
multicollect () {'integration_time': 1, 'ncounts': 120}
build tables- signal [Detector(H2), Detector(H1), Detector(AX), Detector(L1), Detector(L2), Detector(CDD)]
add group /signal/PM41 (Group) '' table H2
add group /signal/Ar40 (Group) '' table H1
add group /signal/Ar39 (Group) '' table AX
add group /signal/Ar38 (Group) '' table L1
add group /signal/Ar37 (Group) '' table L2
add group /signal/Ar36 (Group) '' table CDD
GetIndicatorState R ===>> False
flush and close file /Users/jan/PychronDev/data/isotopes/24/3c6e47-367a-4ec8-a9e7-2bff4befa9d3.h5
change switch state (True, True)
measuring signal. ncounts=120
update switch state R False args=() kw={} ncanvase=2
20:38:09 -- CLOSE  VALVE-R (Jan Inlet)
---------------------------------------- close None (Jan Inlet) result=[(True, True)]
action=close, ok=True, locked=[False]
is_closed ('F',) {}
is F () closed?
is closed True
open () {'description': 'CO2 Laser to Jan'}
opening name=--- desc=CO2 Laser to Jan
checking ownership. requestor=129.138.12.150
check software interlocks A
interlocks []
actuate state mode=None-script, software_lock=False
doing actuation None-script open_channel False
Open A ===>> OK
GetIndicatorState A ===>> OK
change switch state (True, True)
update switch state A True args=() kw={} ncanvase=2
20:38:10 -- OPEN   VALVE-A (CO2 Laser to Jan)
---------------------------------------- open None (CO2 Laser to Jan) result=[(True, True)], time=0.13 sec
starting measurement
GetData ===>> H2,0.00725462043145904,H1,1639.67271368828,AX,399.867177606203,L1,5.15954269031272,L2,1.301230311...
action=open, ok=True, locked=[False]
sleep (1,) {}
SLEEP 1.0
GetData ===>> H2,0.0924799032085424,H1,1639.46719207528,AX,399.997588331472,L1,5.16237912995684,L2,1.3531301830...
close () {'description': 'CO2 Laser to Roughing'}
closing name=--- desc=CO2 Laser to Roughing
checking ownership. requestor=129.138.12.150
check software interlocks G
interlocks []
actuate state mode=None-script, software_lock=True
VALVE-G(CO2 Laser to Roughing) software locked
change switch state (True, False)
---------------------------------------- close None (CO2 Laser to Roughing) result=[(True, False)]
action=close, ok=True, locked=[True]
open () {'description': 'Microbone to Turbo'}
opening name=--- desc=Microbone to Turbo
checking ownership. requestor=129.138.12.150
check software interlocks U
interlocks []
actuate state mode=None-script, software_lock=False
doing actuation None-script open_channel True
Open U ===>> OK
GetIndicatorState U ===>> OK
change switch state (True, True)
update switch state U True args=() kw={} ncanvase=2
20:38:11 -- OPEN   VALVE-U (Microbone to Turbo)
---------------------------------------- open None (Microbone to Turbo) result=[(True, True)], time=0.17 sec
Get Checksum: -110011688
action=open, ok=True, locked=[False]
open () {'description': 'Microbone to Getter NP-10'}
opening name=--- desc=Microbone to Getter NP-10
checking ownership. requestor=129.138.12.150
check software interlocks M
interlocks []
actuate state mode=None-script, software_lock=False
doing actuation None-script open_channel False
Open M ===>> OK
GetIndicatorState M ===>> OK
change switch state (True, True)
update switch state M True args=() kw={} ncanvase=2
20:38:11 -- OPEN   VALVE-M (Microbone to Getter NP-10)
---------------------------------------- open None (Microbone to Getter NP-10) result=[(True, True)], time=0.14 sec
action=open, ok=True, locked=[False]
open () {'description': 'Microbone to Getter D-50'}
opening name=--- desc=Microbone to Getter D-50
checking ownership. requestor=129.138.12.150
check software interlocks K
interlocks []
actuate state mode=None-script, software_lock=False
doing actuation None-script open_channel False
GetData ===>> H2,-0.0244076848617361,H1,1638.78389083155,AX,399.379667309633,L1,5.21809048890872,L2,1.444933781...
Open K ===>> OK
GetIndicatorState K ===>> OK
change switch state (True, True)
update switch state K True args=() kw={} ncanvase=2
20:38:12 -- OPEN   VALVE-K (Microbone to Getter D-50)
---------------------------------------- open None (Microbone to Getter D-50) result=[(True, True)], time=0.46 sec
action=open, ok=True, locked=[False]
open () {'description': 'Microbone to CO2 Laser'}
opening name=--- desc=Microbone to CO2 Laser
checking ownership. requestor=129.138.12.150
check software interlocks T
interlocks []
actuate state mode=None-script, software_lock=False
doing actuation None-script open_channel False
Open T ===>> OK
GetIndicatorState T ===>> OK
change switch state (True, True)
update switch state T True args=() kw={} ncanvase=2
20:38:13 -- OPEN   VALVE-T (Microbone to CO2 Laser)
---------------------------------------- open None (Microbone to CO2 Laser) result=[(True, True)], time=0.41 sec
GetData ===>> H2,-0.0334794094613499,H1,1638.05451173004,AX,399.05432950686,L1,5.19270133733419,L2,1.3929647157...
action=open, ok=True, locked=[False]
open () {'description': 'Microbone to Inlet Pipette'}
opening name=--- desc=Microbone to Inlet Pipette
checking ownership. requestor=129.138.12.150
check software interlocks S
interlocks []
actuate state mode=None-script, software_lock=False
doing actuation None-script open_channel False
Open S ===>> OK
set states for children of V. state=True
handle state [('V', True)]
update switch state V True args=() kw={'refresh': False} ncanvase=2
refresh_canvas_needed fired
GetIndicatorState S ===>> OK
change switch state (True, True)
update switch state S True args=() kw={} ncanvase=2
20:38:13 -- OPEN   VALVE-S (Microbone to Inlet Pipette)
---------------------------------------- open None (Microbone to Inlet Pipette) result=[(True, True)], time=0.41 sec
action=open, ok=True, locked=[False]
sleep (1,) {}
SLEEP 1.0
GetData ===>> H2,-0.120395511857952,H1,1636.99771086939,AX,399.028924740251,L1,5.133385719445,L2,1.337997006909...
Get Checksum: -860229079
set_resource () {'name': 'CO2PumpTimeFlag', 'value': 30}
Set CO2PumpTimeFlag 30 ===>> OK
release ('JanCO2Flag',) {}
release JanCO2Flag
Set JanCO2Flag 0 ===>> OK
executed 6.0
PumpMicrobone.py completed successfully
gosub finished
get_resource_value () {'name': 'JanMiniboneFlag'}
Read JanMiniboneFlag ===>> 0
Get Resource Value JanMiniboneFlag=0.0
get resource value 0.0
get_resource_value () {'name': 'JanMiniboneFlag'}
Read JanMiniboneFlag ===>> 0
Get Resource Value JanMiniboneFlag=0.0
executed 4.0
jan_pump_extraction_line.py completed successfully
Post Equilibration Finished
20:38:15 -- ******* Post Equilibration Finished *******
GetData ===>> H2,-0.168447501361729,H1,1636.86918136809,AX,398.800846313948,L1,5.13538588326852,L2,1.3421302636...
GetData ===>> H2,-0.23918192996382,H1,1636.6130978067,AX,398.705565628525,L1,5.15282194991099,L2,1.305981757458...
GetData ===>> H2,-0.143501296560458,H1,1635.3086967452,AX,398.609389269405,L1,5.11916001296032,L2,1.37310058354...
Get Checksum: -860229079
GetData ===>> H2,-0.137862619208644,H1,1633.91985979005,AX,398.185499851897,L1,5.10573198783718,L2,1.3306379527...
GetData ===>> H2,-0.0835677108462717,H1,1633.4096728918,AX,397.874920527429,L1,5.11791200720349,L2,1.3367800262...
GetData ===>> H2,-0.0112744384590322,H1,1632.85126997055,AX,397.97514669413,L1,5.15619996455998,L2,1.3469641027...
Get Checksum: -860229079
GetData ===>> H2,0.0152022881009462,H1,1632.28455799064,AX,397.76555292609,L1,5.12433772985805,L2,1.35175225372...
GetData ===>> H2,-0.0437582157080231,H1,1632.21324084491,AX,397.851864124114,L1,5.10073136681144,L2,1.287413427...
GetData ===>> H2,-0.115316391419256,H1,1630.82904010866,AX,397.39976541116,L1,5.07838486030497,L2,1.43102899467...
Get Checksum: -860229079
GetData ===>> H2,-0.0965038123002869,H1,1629.52029609944,AX,397.206675186211,L1,5.09604725463974,L2,1.413544649...
GetData ===>> H2,-0.150179744880583,H1,1629.61146519259,AX,397.178033863651,L1,5.05964711006284,L2,1.2494386886...
Get Checksum: -860229079
GetData ===>> H2,-0.0784573597060102,H1,1629.19937728281,AX,396.884849211174,L1,5.11493174452127,L2,1.267781715...
GetData ===>> H2,-0.0886952355533707,H1,1628.22757159877,AX,396.886294791592,L1,5.10718183968095,L2,1.358884923...
GetData ===>> H2,-0.167806457530837,H1,1627.37156921752,AX,397.018914838901,L1,5.08305396329206,L2,1.3440936226...
Get Checksum: -860229079
GetData ===>> H2,-0.201375520320776,H1,1626.78794637836,AX,396.799678213169,L1,5.07913037195169,L2,1.3084493884...
GetData ===>> H2,-0.143052683751542,H1,1625.93763189285,AX,396.53456721699,L1,5.12237693199639,L2,1.36479351875...
GetData ===>> H2,-0.240339631457743,H1,1625.56576896592,AX,396.169716710788,L1,5.1114722106634,L2,1.30483404365...
Get Checksum: -860229079
GetData ===>> H2,-0.105328738193587,H1,1624.67579352111,AX,396.393964678587,L1,5.08469617519702,L2,1.2905232012...
GetData ===>> H2,-0.0991117978838696,H1,1624.12720781857,AX,396.008678719188,L1,5.08303893946758,L2,1.412924777...
20:38:35 -- collecting point 25
GetData ===>> H2,-0.0347191128187817,H1,1623.45545461221,AX,396.041484760893,L1,5.09858313806569,L2,1.333749122...
Get Checksum: -860229079
GetData ===>> H2,-0.0890963618498607,H1,1623.09629345534,AX,395.795392175522,L1,5.10897332852435,L2,1.354381819...
GetData ===>> H2,-0.0934969803254849,H1,1622.12367963483,AX,395.470469724729,L1,5.09363517895992,L2,1.321224693...
GetData ===>> H2,0.0281936689091318,H1,1621.59060970599,AX,395.29384893146,L1,5.03674057458966,L2,1.34400176873...
Get Checksum: -860229079
GetData ===>> H2,0.00477661308297777,H1,1621.06663525209,AX,395.452886948476,L1,5.00739641860272,L2,1.431361951...
GetData ===>> H2,-0.157769055812958,H1,1619.94981952041,AX,395.010662761295,L1,5.0275765079957,L2,1.21083683166...
GetData ===>> H2,-0.13932662004704,H1,1620.07013793937,AX,395.044649823386,L1,5.03272166242609,L2,1.40249085369...
GetData ===>> H2,-0.0369795609173979,H1,1619.59514787653,AX,394.975765956201,L1,5.0429340247555,L2,1.3362978306...
GetData ===>> H2,-0.0780006762748659,H1,1618.52862791816,AX,394.753839977812,L1,5.0484895841011,L2,1.3927581352...
Get Checksum: -860229079
GetData ===>> H2,-0.14160673254963,H1,1617.94887536249,AX,394.754472233952,L1,5.04903281918737,L2,1.42068495093...
GetData ===>> H2,-0.076494981728582,H1,1617.16660046513,AX,394.428609128253,L1,5.0793468190728,L2,1.27200374454...
GetData ===>> H2,-0.00148620668485233,H1,1616.63266570153,AX,394.46796849644,L1,5.0850853491565,L2,1.2768799598...
Get Checksum: -860229079
GetData ===>> H2,-0.0658621354874502,H1,1616.59032715541,AX,394.245845808373,L1,5.0855556796578,L2,1.3123288617...
GetData ===>> H2,-0.113908880944738,H1,1615.67893965572,AX,394.032907699584,L1,5.07254253746842,L2,1.2556673545...
GetData ===>> H2,-0.108448784900303,H1,1614.86109018215,AX,393.739769211971,L1,5.06909972014415,L2,1.3982900551...
Get Checksum: -860229079
GetData ===>> H2,-0.0581083391065451,H1,1614.43137141257,AX,393.336388183989,L1,5.05089080025736,L2,1.408356209...
GetData ===>> H2,-0.061427973920735,H1,1613.28427264801,AX,393.458064909921,L1,5.08326880593997,L2,1.3451843950...
Get Checksum: -860229079
GetData ===>> H2,-0.0442778139734717,H1,1612.72504214175,AX,393.522279979793,L1,5.05856275117366,L2,1.333795044...
GetData ===>> H2,-0.0520306825853336,H1,1611.68853976923,AX,393.176527916874,L1,5.03455619140624,L2,1.402295730...
GetData ===>> H2,0.0281364899553423,H1,1611.83412082564,AX,392.84709464889,L1,5.01163068549024,L2,1.41016983598...
Get Checksum: -860229079
GetData ===>> H2,-0.028914563725361,H1,1611.88488104259,AX,392.799758347739,L1,4.96200768431786,L2,1.3308216352...
GetData ===>> H2,-0.0573040498675817,H1,1610.81273842185,AX,392.899576831305,L1,4.97584913597034,L2,1.385229725...
GetData ===>> H2,-0.0620692787005449,H1,1610.13241935816,AX,392.749727999411,L1,4.98640427572476,L2,1.253097837...
Get Checksum: -860229079
GetData ===>> H2,-0.0610401907102167,H1,1610.10641657979,AX,392.814674572202,L1,4.98613935416184,L2,1.340580271...
GetData ===>> H2,-0.112300857417013,H1,1608.38099734788,AX,392.521399606387,L1,4.99466305007527,L2,1.1531678538...
20:39:01 -- collecting point 50
GetData ===>> H2,-0.120249420793249,H1,1607.47448699333,AX,392.265893121505,L1,4.98516053988979,L2,1.2791862088...
Get Checksum: -860229079
GetData ===>> H2,-0.072885111099193,H1,1607.4260056505,AX,392.001279099007,L1,4.94377037712383,L2,1.39492725270...
GetData ===>> H2,-0.0147278237791246,H1,1606.50762616024,AX,391.83993917194,L1,4.9552482072177,L2,1.29033959559...
GetData ===>> H2,-0.101239990545247,H1,1606.04709727318,AX,391.809075999533,L1,4.95763656862661,L2,1.3688092755...
Get Checksum: -860229079
GetData ===>> H2,-0.177529903554302,H1,1605.65400534384,AX,391.821518745067,L1,4.9637693685932,L2,1.35472044263...
GetData ===>> H2,-0.0963020273085462,H1,1604.61202546844,AX,391.643537175599,L1,4.99413286418511,L2,1.334277227...
GetData ===>> H2,-0.138462841850502,H1,1604.00705898396,AX,391.330063933634,L1,5.0089964622752,L2,1.25889081875...
Get Checksum: -860229079
GetData ===>> H2,-0.0905042573331442,H1,1603.32340067917,AX,391.466005414821,L1,5.04543019757321,L2,1.360720565...
GetData ===>> H2,-0.0952131390821704,H1,1602.90529768271,AX,391.269856339923,L1,5.00142413207009,L2,1.345609225...
GetData ===>> H2,-0.104076960829627,H1,1602.03567631283,AX,390.732421447883,L1,4.99805137621274,L2,1.3184927250...
Get Checksum: -860229079
GetData ===>> H2,-0.0311965360398591,H1,1601.35459418712,AX,390.785247618613,L1,4.99358622701181,L2,1.350477686...
GetData ===>> H2,-0.0844562331876301,H1,1601.00825570472,AX,390.703430422008,L1,4.97938475929295,L2,1.288480608...
GetData ===>> H2,-0.114454311956957,H1,1599.91722791388,AX,390.55745465199,L1,4.97116095586109,L2,1.28885928782...
Get Checksum: -860229079
GetData ===>> H2,-0.129252151381762,H1,1599.72424420783,AX,390.508454016382,L1,4.96104267670582,L2,1.2401595267...
GetData ===>> H2,-0.0185822574587356,H1,1599.40576408806,AX,390.393430876435,L1,4.97058047954207,L2,1.327469484...
Get Checksum: -860229079
GetData ===>> H2,-0.0333653445462501,H1,1598.62306251081,AX,390.438591397062,L1,4.96515851128878,L2,1.364460792...
GetData ===>> H2,-0.0415900277470247,H1,1597.73945972415,AX,389.955929159474,L1,4.94018856953207,L2,1.304925860...
GetData ===>> H2,-0.0755516187868078,H1,1597.52752250557,AX,389.881044600835,L1,4.96295449635956,L2,1.334713490...
Get Checksum: -860229079
GetData ===>> H2,-0.0976535121106564,H1,1597.33219570286,AX,390.069876459864,L1,4.9190525448649,L2,1.3379740448...
GetData ===>> H2,-0.0522260863016129,H1,1596.22267475826,AX,389.838714253035,L1,4.93817378204189,L2,1.389716862...
GetData ===>> H2,-0.0315048389313765,H1,1595.36334065332,AX,389.631648206967,L1,4.94153542922213,L2,1.346860763...
Get Checksum: -860229079
GetData ===>> H2,-0.00542807451721769,H1,1595.1003773745,AX,389.282256364786,L1,4.96473831305014,L2,1.378860874...
GetData ===>> H2,-0.129988766520606,H1,1594.59323996181,AX,389.094103455437,L1,4.97505443133745,L2,1.3011844046...
GetData ===>> H2,-0.260020046783576,H1,1594.21487654427,AX,389.156327726809,L1,4.97245216308356,L2,1.2407559354...
Get Checksum: -860229079
GetData ===>> H2,-0.145887294198265,H1,1593.61092317368,AX,388.866026385947,L1,4.9065602832529,L2,1.26259621518...
20:39:28 -- collecting point 75
GetData ===>> H2,-0.113424332166314,H1,1592.10249992177,AX,388.592068129791,L1,4.8855749604356,L2,1.31035467237...
GetData ===>> H2,-0.0992011575006597,H1,1591.32494549002,AX,388.739153024175,L1,4.89116750410507,L2,1.359837158...
Get Checksum: -860229079
GetData ===>> H2,-0.0447291367790417,H1,1591.11873432565,AX,388.472276013774,L1,4.93012234880079,L2,1.270213948...
GetData ===>> H2,-0.119809783563218,H1,1590.21663616915,AX,388.008010879755,L1,4.97504245877083,L2,1.3302935490...
GetData ===>> H2,0.0187132145022417,H1,1589.44346127116,AX,387.956893739951,L1,4.95925798217267,L2,1.2184963374...
Get Checksum: -860229079
GetData ===>> H2,-0.0843722599615255,H1,1589.56197360165,AX,387.78191347853,L1,4.93114697964719,L2,1.4244389871...
set states for children of D. state=False
handle state [('D', False)]
update switch state D False args=() kw={'refresh': False} ncanvase=2
refresh_canvas_needed fired
GetData ===>> H2,-0.0183947966404304,H1,1588.67498664876,AX,387.773894783092,L1,4.90546226457777,L2,1.325931208...
GetData ===>> H2,-0.00198547643338929,H1,1588.33735506307,AX,387.892003173648,L1,4.95428371923102,L2,1.43830837...
set states for children of B. state=False
handle state [('B', False)]
update switch state B False args=() kw={'refresh': False} ncanvase=2
refresh_canvas_needed fired
Get Checksum: -2064761812
GetData ===>> H2,-0.075923009512146,H1,1587.6014472843,AX,387.802881154181,L1,4.96300234060682,L2,1.30576369078...
GetData ===>> H2,-0.197869732104466,H1,1586.50845920415,AX,387.537354706709,L1,4.94966567171819,L2,1.3647361520...
GetData ===>> H2,-0.179007760453464,H1,1585.62040147939,AX,387.144200558929,L1,4.95766797778483,L2,1.3368259497...
Get Checksum: -2064761812
GetData ===>> H2,-0.00575718200979584,H1,1585.45574557076,AX,386.734434227977,L1,4.94480726995301,L2,1.28252520...
GetData ===>> H2,-0.171322980082153,H1,1585.26993265391,AX,386.762545484339,L1,4.9117533060451,L2,1.32170681399...
GetData ===>> H2,-0.200704111149978,H1,1585.07055235205,AX,386.694133518746,L1,4.87577385140204,L2,1.3013221243...
Get Checksum: -2064761812
GetData ===>> H2,-0.167438009608603,H1,1583.78483117024,AX,386.463044503232,L1,4.8553844636787,L2,1.38614779286...
GetData ===>> H2,-0.214773795370665,H1,1582.7118187106,AX,386.551373240359,L1,4.91001758215109,L2,1.37217116639...
Get Checksum: -2064761812
GetData ===>> H2,-0.261387863541605,H1,1581.84046875827,AX,386.33284873726,L1,4.89503051685707,L2,1.24790165809...
GetData ===>> H2,-0.137255605004404,H1,1581.67386050002,AX,385.93673936238,L1,4.91794447088847,L2,1.25491025763...
GetData ===>> H2,-0.075561107021965,H1,1581.47326764184,AX,385.84771739727,L1,4.9836400867048,L2,1.304604502538...
Get Checksum: -2064761812
GetData ===>> H2,-0.0643833699044944,H1,1580.29148288262,AX,386.047586726058,L1,4.94590700788715,L2,1.273896834...
GetData ===>> H2,-0.116860392140785,H1,1579.83511244661,AX,385.882935416162,L1,4.99520074731065,L2,1.3693714948...
GetData ===>> H2,-0.174126725265413,H1,1579.56175399125,AX,385.559442173279,L1,4.97114001037257,L2,1.2987169598...
Get Checksum: -2064761812
GetData ===>> H2,-0.107313706629468,H1,1578.55177438882,AX,385.477669860332,L1,4.97589852605372,L2,1.2512051569...
GetData ===>> H2,-0.122628577365066,H1,1578.30083346366,AX,385.360910358821,L1,4.89987662915501,L2,1.3074738058...
GetData ===>> H2,-0.0728498607518817,H1,1576.95284351249,AX,385.080675180814,L1,4.89893053499884,L2,1.255311747...
Get Checksum: -2064761812
20:39:54 -- collecting point 100
GetData ===>> H2,-0.203762879535275,H1,1576.06063329947,AX,384.957103993559,L1,4.85088737800007,L2,1.2110432175...
GetData ===>> H2,-0.242814829845499,H1,1575.96334389975,AX,384.883142661388,L1,4.80423369853416,L2,1.4272402593...
GetData ===>> H2,-0.12363743806425,H1,1575.29475358609,AX,384.871363255156,L1,4.86229704779294,L2,1.36061730925...
Get Checksum: -2064761812
GetData ===>> H2,-0.0172074732260476,H1,1574.57118886424,AX,384.726180814571,L1,4.89721760005108,L2,1.311720531...
GetData ===>> H2,-0.0590698852197923,H1,1574.31932154771,AX,384.745170575645,L1,4.90207351465227,L2,1.212682854...
GetData ===>> H2,-0.0686325888464957,H1,1574.07487385612,AX,384.42874509348,L1,4.90501473023507,L2,1.2590514212...
Get Checksum: -2064761812
GetData ===>> H2,-0.160181328122381,H1,1573.50123170915,AX,384.105568648076,L1,4.90858649977751,L2,1.2548529020...
GetData ===>> H2,-0.176886064482715,H1,1572.88035343125,AX,384.164083579499,L1,4.88776635530866,L2,1.2718660667...
GetData ===>> H2,-0.0295964866492715,H1,1572.03356119625,AX,383.853375948995,L1,4.87512544740906,L2,1.227853686...
Get Checksum: -2064761812
GetData ===>> H2,-0.0552367793885733,H1,1571.16243754004,AX,383.918165157665,L1,4.89251718579315,L2,1.422923578...
GetData ===>> H2,-0.0320236381880006,H1,1570.20696247868,AX,383.689156955762,L1,4.89197729565266,L2,1.204977950...
GetData ===>> H2,-0.0680263122621361,H1,1569.96078201492,AX,383.521514626403,L1,4.86610047193805,L2,1.350121729...
Get Checksum: -2064761812
GetData ===>> H2,-0.0721109340998155,H1,1569.55094817878,AX,383.28996380124,L1,4.8979994332704,L2,1.29525116734...
GetData ===>> H2,0.00921074921124714,H1,1568.84877508273,AX,383.265717114987,L1,4.89685355696879,L2,1.263663120...
Get Checksum: -2064761812
GetData ===>> H2,-0.0126445015518113,H1,1567.94019629579,AX,383.43927190655,L1,4.94291582672318,L2,1.4491595810...
GetData ===>> H2,-0.0875622483568464,H1,1567.13175652793,AX,383.43741163806,L1,4.93344598245285,L2,1.3061194840...
GetData ===>> H2,-0.138307381826437,H1,1566.95440040698,AX,382.922958248993,L1,4.89220398701903,L2,1.4055440080...
Get Checksum: -2064761812
GetData ===>> H2,-0.225342878892089,H1,1566.43130416125,AX,382.828159984196,L1,4.86683480218742,L2,1.2502875070...
GetData ===>> H2,-0.129291348621115,H1,1565.49791365188,AX,382.598744732295,L1,4.84596626430029,L2,1.2015728546...
GetData ===>> H2,-0.000101666766514591,H1,1564.87083586379,AX,382.781282649731,L1,4.89241427676002,L2,1.2766045...
Get Checksum: -2064761812
GetData ===>> H2,0.0416100384703491,H1,1565.04263711848,AX,382.575041010145,L1,4.89636569615929,L2,1.3545827769...
measurement finished
estimated time: 125.829 actual time: :126.149
flush and close file /Users/jan/PychronDev/data/isotopes/24/3c6e47-367a-4ec8-a9e7-2bff4befa9d3.h5
baselines () {'settling_time': 15.0, 'detector': 'H1', 'mass': 34.2, 'ncounts': 60}
%%%%%%%%%%%%%%%%%%%%%%%%%%%%%%%% Baseline
build tables- baseline [Detector(H2), Detector(H1), Detector(AX), Detector(L1), Detector(L2), Detector(CDD)]
add group baseline table H2
add group baseline table H1
add group baseline table AX
add group baseline table L1
add group baseline table L2
add group baseline table CDD
flush and close file /Users/jan/PychronDev/data/isotopes/24/3c6e47-367a-4ec8-a9e7-2bff4befa9d3.h5
detector Detector(H1)
POSITION 34.2 H1
Mapping mass to dac mass func: "parabolic"
H1 map mass coeffs = [-0.00063987  0.15840543  0.57095999]
H1 map mass to dac 34.2 >> 5.24000599104
GetDeflection H1 ===>> 0
GetHighVoltage ===>> 4500
positioning 34.2 (5.24000599104) on H1
setting magnet DAC
current  : 5.879350
requested: 5.240006
Delta Dac: 0.639344
Checking detector protection. dv=0.63934
Checking detector "CDD". Protection Threshold: 0.1 (V)
ProtectDetector CDD,On ===>> OK
GetDeflection CDD ===>> 2000
SetMagnetDAC 5.24000599104 ===>> OK
Magnet settling time: 0.500
GetMagnetMoving ===>> True
GetMagnetMoving ===>> True
GetMagnetMoving ===>> True
GetMagnetMoving ===>> True
GetMagnetMoving ===>> True
Get Checksum: -2064761812
GetMagnetMoving ===>> True
GetMagnetMoving ===>> True
GetMagnetMoving ===>> True
GetMagnetMoving ===>> False
ProtectDetector CDD,Off ===>> OK
GetDeflection CDD ===>> 50
Delaying 15.0s for detectors to settle
Get Checksum: 968834110
State checksums do not match. Local:-2064761812 Remote:968834110
State checksum failed
set states for children of C. state=False
set states for children of B. state=True
handle state [('C', False), ('B', True)]
update switch state C False args=() kw={'refresh': True} ncanvase=2
update switch state B True args=() kw={'refresh': False} ncanvase=2
refresh_canvas_needed fired
Get Checksum: -1735986017
Get Checksum: -1735986017
Get Checksum: -1735986017
Join finished
measuring baseline. ncounts=60
starting measurement
GetData ===>> H2,-0.119616337788486,H1,-0.163255881666058,AX,-0.0864334205017001,L1,-0.0822548696621689,L2,-0.0...
Get Checksum: -1735986017
GetData ===>> H2,-0.139518561825335,H1,-0.111568059097533,AX,-0.05390509232925,L1,-0.0969075722452241,L2,-0.012...
GetData ===>> H2,-0.130800859827026,H1,-0.0476936259115267,AX,-0.0500209052341674,L1,-0.0946150763664491,L2,-0....
GetData ===>> H2,-0.153398374822034,H1,0.00624818674810359,AX,-0.0862479726178029,L1,-0.0715137828980608,L2,-0....
Get Checksum: -1735986017
GetData ===>> H2,-0.0795671459794163,H1,0.0140622015037952,AX,-0.12723494969042,L1,-0.0605708420879301,L2,0.047...
GetData ===>> H2,-0.164935485790694,H1,0.0184764947084084,AX,-0.0786211222124078,L1,-0.0776253202911748,L2,-0.0...
GetData ===>> H2,-0.104076960829627,H1,-0.0295691760412663,AX,-0.15511596870005,L1,-0.0356262567002595,L2,0.014...
Get Checksum: -1735986017
GetData ===>> H2,-0.0824732159475853,H1,-0.0439616884662762,AX,-0.1440669056517,L1,-0.0386334581165029,L2,-0.02...
GetData ===>> H2,-0.0878495715854634,H1,-0.0250136994756066,AX,-0.116158464734115,L1,-0.0443374797131891,L2,-0....
set states for children of B. state=False
handle state [('B', False)]
update switch state B False args=() kw={'refresh': False} ncanvase=2
refresh_canvas_needed fired
GetData ===>> H2,-0.131400103505999,H1,-0.0136718086947816,AX,-0.0840921150291432,L1,-0.048025466181881,L2,-0.0...
Get Checksum: 968834110
GetData ===>> H2,-0.143537779352036,H1,-0.0213286203965655,AX,-0.135695216291183,L1,-0.084004290092458,L2,0.001...
GetData ===>> H2,-0.209308073619334,H1,0.00839548880435821,AX,-0.0845325629352952,L1,-0.0304707422202277,L2,-0....
GetData ===>> H2,-0.232418386387846,H1,-0.00581163728814431,AX,-0.0569775484180028,L1,-0.0477154928176422,L2,-0...
Get Checksum: 968834110
GetData ===>> H2,-0.0932707585396555,H1,-0.0551690053331775,AX,-0.0263182074498998,L1,-0.03144203450106,L2,-0.0...
GetData ===>> H2,-0.0353653887991759,H1,-0.0531780098686373,AX,0.0187838804050359,L1,-0.0452700780388585,L2,-0....
Get Checksum: 968834110
GetData ===>> H2,-0.103389439556431,H1,0.0284988559563494,AX,-0.00571861191496543,L1,-0.0374510523792067,L2,-0....
GetData ===>> H2,-0.100775666982486,H1,0.0175578284618229,AX,-0.107618514409164,L1,-0.0439435835606803,L2,-0.00...
GetData ===>> H2,-0.169674155698626,H1,0.0885937575372032,AX,-0.105127071502223,L1,-0.0372473818265691,L2,0.005...
Get Checksum: 968834110
GetData ===>> H2,-0.243004586122112,H1,0.0392143471396934,AX,-0.0615454736138606,L1,-0.0380045362107214,L2,-0.1...
GetData ===>> H2,-0.221672801281608,H1,-0.0744331190183132,AX,-0.0135947603545995,L1,-0.0300611185809535,L2,0.0...
GetData ===>> H2,-0.0186406685332983,H1,0.0016674296376308,AX,-0.0600035329916276,L1,-0.0193546844557539,L2,0.0...
Get Checksum: 968834110
GetData ===>> H2,-0.0590888712082823,H1,-0.070547216464356,AX,-0.107572162565487,L1,-0.0125158844107575,L2,-0.0...
GetData ===>> H2,-0.245577420292448,H1,-0.0813820715874101,AX,-0.0621019574623216,L1,-0.0170019125118734,L2,-0....
GetData ===>> H2,-0.287553821670228,H1,-0.00851923187721297,AX,-0.11654083303489,L1,0.0101778590349454,L2,-0.03...
Get Checksum: 968834110
20:40:59 -- collecting point 25
GetData ===>> H2,-0.150232411181593,H1,-0.0350187800623345,AX,-0.131903843201042,L1,0.0279944417986919,L2,-0.07...
GetData ===>> H2,-0.0988951655931641,H1,0.0779785930281608,AX,-0.0662986706536194,L1,-0.000846074202682958,L2,-...
GetData ===>> H2,-0.300824605692585,H1,0.0147780196112947,AX,0.0414588201376098,L1,-0.0107944486879144,L2,-0.09...
Get Checksum: 968834110
GetData ===>> H2,-0.306927244298553,H1,0.0139548292291238,AX,-0.0546471283451159,L1,-0.0547219843487051,L2,0.01...
GetData ===>> H2,-0.176629598473595,H1,0.0780143725915618,AX,-0.0677477699097975,L1,-0.0368448208302341,L2,0.00...
GetData ===>> H2,-0.231974278250305,H1,0.111068222857536,AX,-0.0700315065330459,L1,-0.020363018154683,L2,0.0162...
Get Checksum: 968834110
GetData ===>> H2,-0.239200777217512,H1,0.0270193014079602,AX,-0.0460322055024893,L1,0.0025770764101411,L2,-0.12...
GetData ===>> H2,-0.17757444452622,H1,-0.00606212268132718,AX,-0.0664957494203615,L1,-0.0010872832155624,L2,-0....
GetData ===>> H2,-0.1050377968395,H1,-0.0770435025615022,AX,-0.0128872090097537,L1,0.00647833202084513,L2,0.094...
Get Checksum: 968834110
GetData ===>> H2,-0.216108172325389,H1,-0.00125507929833442,AX,0.051486680205775,L1,-0.0162811011280906,L2,-0.0...
GetData ===>> H2,-0.188541036327118,H1,0.057020349570114,AX,-0.101001565278776,L1,0.000859354342993894,L2,0.070...
GetData ===>> H2,-0.134387733477629,H1,0.0315534893566173,AX,-0.133514154000652,L1,-0.0149112972702629,L2,-0.00...
Get Checksum: 968834110
GetData ===>> H2,-0.194554726521478,H1,0.0543826655038827,AX,-0.104675128510337,L1,-0.0233226910954905,L2,-0.00...
GetData ===>> H2,-0.13608745064503,H1,-0.0384052553856538,AX,-0.111929139345004,L1,-0.0445038932046051,L2,0.032...
Get Checksum: 968834110
GetData ===>> H2,-0.140199793747469,H1,-0.0641816389800763,AX,-0.0130843959670903,L1,-0.0296251265505362,L2,0.0...
GetData ===>> H2,-0.0921910632046009,H1,0.0179754029833614,AX,-0.0335780618306582,L1,-0.0265762474392656,L2,-0....
GetData ===>> H2,-0.14545633856795,H1,-0.00582356517824216,AX,-0.108163146918334,L1,-0.0092585740206693,L2,-0.0...
Get Checksum: 968834110
GetData ===>> H2,-0.242045005716061,H1,0.0347394758319688,AX,0.0353427968286349,L1,-0.00463514818632513,L2,-0.0...
GetData ===>> H2,-0.103804934748918,H1,0.0685625264976288,AX,-0.0214354768418441,L1,-0.0222727002429556,L2,-0.0...
GetData ===>> H2,-0.301625426128131,H1,0.00192986318643409,AX,-0.093039770779764,L1,-0.0656055265471732,L2,-0.0...
Get Checksum: 968834110
GetData ===>> H2,-0.323358914838548,H1,0.0281170333344296,AX,0.01247204265167,L1,-0.0486489743667636,L2,0.06489...
GetData ===>> H2,-0.132840593709835,H1,0.0155177036996303,AX,-0.112473747722554,L1,-0.0100199463377953,L2,0.046...
GetData ===>> H2,-0.118218830888258,H1,0.0473054221964421,AX,-0.135498090269186,L1,0.0323639472593161,L2,-0.034...
Get Checksum: 968834110
GetData ===>> H2,-0.151999966414606,H1,0.0338206603401893,AX,-0.130096556167109,L1,0.0456261197294863,L2,-0.112...
GetData ===>> H2,-0.215767523957417,H1,0.0446202584263979,AX,0.0444879606610629,L1,0.00686226126298419,L2,-0.02...
20:41:26 -- collecting point 50
GetData ===>> H2,-0.34591933356942,H1,-0.0105230432684731,AX,-0.0568268264197071,L1,0.031586500588487,L2,-0.055...
Get Checksum: 968834110
GetData ===>> H2,-0.299657478974701,H1,0.00998213602601013,AX,0.0410642263944349,L1,0.0369120691666615,L2,-0.05...
GetData ===>> H2,-0.285314757294976,H1,0.0475441069054618,AX,0.0384181684952955,L1,-0.030038361222817,L2,-0.038...
GetData ===>> H2,-0.152629447048588,H1,-0.0161645110759999,AX,-0.0841964318187031,L1,-0.0298610916172856,L2,0.0...
Get Checksum: 968834110
GetData ===>> H2,-0.204899090931785,H1,0.045909128048849,AX,-0.0314790222072544,L1,-0.019618467598175,L2,0.0672...
GetData ===>> H2,-0.194153104597649,H1,0.0497280984160799,AX,-0.0855525399052049,L1,-0.00154328446805767,L2,-0....
GetData ===>> H2,-0.263854087453322,H1,0.0179276800927443,AX,-0.0221081716170873,L1,0.0203907052513239,L2,-0.04...
Get Checksum: 968834110
GetData ===>> H2,-0.253756267504791,H1,-0.0277923263388267,AX,-0.107178171002399,L1,0.0372294565299517,L2,-0.01...
GetData ===>> H2,-0.270505093638659,H1,0.055301669712038,AX,0.0222880552340366,L1,0.0104335041698737,L2,-0.1136...
GetData ===>> H2,-0.308061187066368,H1,-0.0397288114268644,AX,-0.0759434691153604,L1,0.00199606704550367,L2,-0....
Get Checksum: 968834110
GetData ===>> H2,-0.310292506611762,H1,-0.0122405639622734,AX,-0.0620208037659695,L1,0.0200338917387662,L2,-0.0...
measurement finished
estimated time: 62.915 actual time: :63.099
flush and close file /Users/jan/PychronDev/data/isotopes/24/3c6e47-367a-4ec8-a9e7-2bff4befa9d3.h5
activate_detectors ('H1', 'AX', 'CDD') {'peak_center': True}
peak_center () {'detector': 'H1', 'integration_time': 0.262144, 'isotope': 'Ar40'}
peak center: mean=1567.22295493 threshold=3
peak center started
setup peak center. detector=['H1', 'AX', 'CDD'], isotope=Ar40
VersionedUnpickler [<apptools.sweet_pickle.versioned_unpickler.VersionedUnpickler object at 0x14ca9cd70>] using Updater [<apptools.sweet_pickle.updater.Updater object at 0x12ca90950>]
VersionedUnpickler [<apptools.sweet_pickle.versioned_unpickler.VersionedUnpickler object at 0x14ca9cd70>] using Updater [<apptools.sweet_pickle.updater.Updater object at 0x12ca90950>]
VersionedUnpickler [<apptools.sweet_pickle.versioned_unpickler.VersionedUnpickler object at 0x14debb6b0>] using Updater [<apptools.sweet_pickle.updater.Updater object at 0x12ca90950>]
setting integration time = 0.524288
SetIntegrationTime 0.524288 ===>> OK
Mapping mass to dac mass func: "parabolic"
H1 map mass coeffs = [-0.00063987  0.15840543  0.57095999]
H1 map mass to dac 39.9624 >> 5.87935
GetDeflection H1 ===>> 0
GetHighVoltage ===>> 4500
do peak center. <pychron.spectrometer.jobs.peak_center.PeakCenter object at 0x12ce950b0>
doing pc
starting peak center. center dac= 5.87935 step_width=0.001
width = 0.001
get scan parameters. half-width=0.015,window=0.015, i=0, scalar=1
Scan parameters center=5.87935 width=0.03000 (5.86435 - 5.89435)
GetData ===>> H2,-0.195543176858855,H1,0.0291431849329672,AX,0.0148621389513986,L1,-0.0130720514024455,L2,-0.04...
Moving to starting dac 5.86435
setting magnet DAC
current  : 5.240006
requested: 5.864350
Delta Dac: 0.624344
Checking detector protection. dv=0.62434
Checking detector "CDD". Protection Threshold: 0.1 (V)
ProtectDetector CDD,On ===>> OK
GetDeflection CDD ===>> 2000
SetMagnetDAC 5.86435 ===>> OK
Magnet settling time: 0.500
GetMagnetMoving ===>> True
GetMagnetMoving ===>> True
Get Checksum: 968834110
GetMagnetMoving ===>> True
GetMagnetMoving ===>> True
GetMagnetMoving ===>> True
GetMagnetMoving ===>> True
GetMagnetMoving ===>> True
GetMagnetMoving ===>> True
GetMagnetMoving ===>> False
ProtectDetector CDD,Off ===>> OK
GetDeflection CDD ===>> 50
Wait until signal near baseline. tol= 0.0218573886997. timeout= 10
GetData ===>> H2,5.9494693355377,H1,2.53605549518439,AX,0.211928789312939,L1,0.0417701505983833,L2,-0.008676337...
GetData ===>> H2,78.9901825774121,H1,46.0005474484503,AX,4.05564112091481,L1,0.0556504643953705,L2,0.0572471114...
GetData ===>> H2,91.7267980869346,H1,54.6013655522286,AX,9.24575734952187,L1,0.0466124086766173,L2,0.0096564817...
Get Checksum: 968834110
GetData ===>> H2,49.764138708478,H1,26.2334621197475,AX,4.06267523320769,L1,0.0493823219928473,L2,-0.2010802750...
GetData ===>> H2,20.7291158475039,H1,13.3047471446123,AX,1.91842694860758,L1,0.0791015404919919,L2,-0.083405984...
GetData ===>> H2,6.98412821846185,H1,7.08821456711737,AX,0.958197319824239,L1,0.0747046820049648,L2,-0.08834341...
GetData ===>> H2,2.06631047739735,H1,4.02237378028569,AX,0.546150901870671,L1,0.057376809601773,L2,-0.126414035...
GetData ===>> H2,0.736879630075257,H1,2.58824304666463,AX,0.283482047238244,L1,0.0256608899541487,L2,-0.1029721...
GetData ===>> H2,0.448319532720936,H1,1.91139674705523,AX,0.0397179774240834,L1,0.0406011113688178,L2,-0.047448...
Get Checksum: 2052577745
State checksums do not match. Local:968834110 Remote:2052577745
State checksum failed
GetData ===>> H2,0.426789777460853,H1,1.42661509433919,AX,0.0268831246279192,L1,0.0273878825597046,L2,0.0297924...
GetData ===>> H2,0.405055569693204,H1,1.11946704198005,AX,0.0584824888143217,L1,0.0181438726623839,L2,0.0450339...
set states for children of V. state=False
handle state [('V', False)]
update switch state V False args=() kw={'refresh': False} ncanvase=2
refresh_canvas_needed fired
GetData ===>> H2,0.40719342331108,H1,1.11380611655114,AX,0.266041613456455,L1,0.0212642789114923,L2,0.066635900...
GetData ===>> H2,0.363381514536695,H1,1.12320918441819,AX,0.146666600091581,L1,0.0182302709088954,L2,0.00997534...
GetData ===>> H2,0.267150238041593,H1,1.14868823641501,AX,0.208981420305306,L1,-0.0149944264092253,L2,-0.072961...
GetData ===>> H2,0.158733337816934,H1,1.05342673385438,AX,0.217800585397699,L1,-0.0159243214256569,L2,-0.063221...
set states for children of H. state=True
handle state [('H', True)]
update switch state H True args=() kw={'refresh': False} ncanvase=2
refresh_canvas_needed fired
Get Checksum: 1671910529
GetData ===>> H2,0.135585740553696,H1,1.01256292358423,AX,0.256219680168347,L1,-0.00883050161499816,L2,-0.04829...
GetData ===>> H2,0.171944655407315,H1,1.13942674270444,AX,-0.000266412770645371,L1,0.0100257428881193,L2,0.0988...
GetData ===>> H2,0.0735068250508624,H1,1.08687310802134,AX,-0.0692664027718428,L1,0.00768795592926825,L2,-0.099...
GetData ===>> H2,-0.0484242541153142,H1,1.12851079102232,AX,0.0880073920893,L1,-0.0036586201647467,L2,-0.060945...
GetData ===>> H2,-0.0962672521739272,H1,1.13004615005143,AX,0.183340750865295,L1,-0.0125997908825115,L2,-0.0198...
GetData ===>> H2,-0.0962672521739272,H1,1.13004615005143,AX,0.183340750865295,L1,-0.0125997908825115,L2,-0.0198...
Peak center failed to move to a baseline position
_do_sweep sm= 5.86435, em= 5.89435, stm= 0.001
calculated step values: start=5.86435, end=5.89435, width=0.001, nsteps=31.0
setting magnet DAC
current  : 5.864350
requested: 5.864350
Delta Dac: 0.000000
Checking detector protection. dv=0.00000
Checking detector "CDD". Protection Threshold: 0.1 (V)
SetMagnetDAC 5.86435 ===>> OK
GetData ===>> H2,-0.0793313762699058,H1,1.03868508813723,AX,0.120207619216951,L1,0.0072612185049149,L2,-0.08813...
setting magnet DAC
current  : 5.864350
requested: 5.865384
Delta Dac: 0.001034
Checking detector protection. dv=0.00103
Checking detector "CDD". Protection Threshold: 0.1 (V)
SetMagnetDAC 5.86538448276 ===>> OK
Magnet settling time: 1.049
Get Checksum: 1671910529
GetData ===>> H2,-0.0123751539474477,H1,2.37632727119548,AX,0.543152530888644,L1,0.0256464795773369,L2,-0.06615...
setting magnet DAC
current  : 5.865384
requested: 5.866419
Delta Dac: 0.001034
Checking detector protection. dv=0.00103
Checking detector "CDD". Protection Threshold: 0.1 (V)
SetMagnetDAC 5.86641896552 ===>> OK
Magnet settling time: 1.049
GetData ===>> H2,0.0447066861788513,H1,8.10762313790254,AX,1.45667468805369,L1,0.00438754365580888,L2,0.0529176...
setting magnet DAC
current  : 5.866419
requested: 5.867453
Delta Dac: 0.001034
Checking detector protection. dv=0.00103
Checking detector "CDD". Protection Threshold: 0.1 (V)
SetMagnetDAC 5.86745344828 ===>> OK
Magnet settling time: 1.049
GetData ===>> H2,-0.00879256245330599,H1,29.8528700250085,AX,4.71416762877252,L1,3.48077867147007E-05,L2,0.0214...
setting magnet DAC
current  : 5.867453
requested: 5.868488
Delta Dac: 0.001034
Checking detector protection. dv=0.00103
Checking detector "CDD". Protection Threshold: 0.1 (V)
Get Checksum: 1671910529
SetMagnetDAC 5.86848793103 ===>> OK
Magnet settling time: 1.049
GetData ===>> H2,-0.181051822801792,H1,101.586175492519,AX,15.986085458593,L1,0.0748251184037449,L2,0.030999853...
setting magnet DAC
current  : 5.868488
requested: 5.869522
Delta Dac: 0.001034
Checking detector protection. dv=0.00103
Checking detector "CDD". Protection Threshold: 0.1 (V)
SetMagnetDAC 5.86952241379 ===>> OK
Magnet settling time: 1.049
GetData ===>> H2,-0.146878591737803,H1,276.698501460347,AX,46.9659821048487,L1,0.216629077570032,L2,0.036467438...
setting magnet DAC
current  : 5.869522
requested: 5.870557
Delta Dac: 0.001034
Checking detector protection. dv=0.00103
Checking detector "CDD". Protection Threshold: 0.1 (V)
SetMagnetDAC 5.87055689655 ===>> OK
Magnet settling time: 1.049
Get Checksum: 1671910529
GetData ===>> H2,-0.0956881553908513,H1,744.070497648858,AX,142.37601348908,L1,0.999482550821417,L2,0.065610380...
setting magnet DAC
current  : 5.870557
requested: 5.871591
Delta Dac: 0.001034
Checking detector protection. dv=0.00103
Checking detector "CDD". Protection Threshold: 0.1 (V)
SetMagnetDAC 5.87159137931 ===>> OK
Magnet settling time: 1.049
GetData ===>> H2,-0.0725271794197055,H1,1103.8245644054,AX,233.487705182068,L1,1.83035793157488,L2,0.2559068980...
setting magnet DAC
current  : 5.871591
requested: 5.872626
Delta Dac: 0.001034
Checking detector protection. dv=0.00103
Checking detector "CDD". Protection Threshold: 0.1 (V)
SetMagnetDAC 5.87262586207 ===>> OK
Magnet settling time: 1.049
GetData ===>> H2,-0.162860428525146,H1,1334.06959414168,AX,302.398017464576,L1,2.6664582686173,L2,0.73751019052...
setting magnet DAC
current  : 5.872626
requested: 5.873660
Delta Dac: 0.001034
Checking detector protection. dv=0.00103
Checking detector "CDD". Protection Threshold: 0.1 (V)
SetMagnetDAC 5.87366034483 ===>> OK
Magnet settling time: 1.049
Get Checksum: 1671910529
GetData ===>> H2,-0.0943431298532882,H1,1444.70891181033,AX,342.647540004901,L1,3.38931185759867,L2,0.960219449...
setting magnet DAC
current  : 5.873660
requested: 5.874695
Delta Dac: 0.001034
Checking detector protection. dv=0.00103
Checking detector "CDD". Protection Threshold: 0.1 (V)
SetMagnetDAC 5.87469482759 ===>> OK
Magnet settling time: 1.049
GetData ===>> H2,0.0415579645746827,H1,1482.33419554787,AX,358.642756645218,L1,3.89687779970898,L2,0.9544678378...
setting magnet DAC
current  : 5.874695
requested: 5.875729
Delta Dac: 0.001034
Checking detector protection. dv=0.00103
Checking detector "CDD". Protection Threshold: 0.1 (V)
SetMagnetDAC 5.87572931034 ===>> OK
Magnet settling time: 1.049
GetData ===>> H2,-0.0732023593099809,H1,1492.48277275493,AX,363.307894971218,L1,4.24000242429992,L2,1.240492138...
setting magnet DAC
current  : 5.875729
requested: 5.876764
Delta Dac: 0.001034
Checking detector protection. dv=0.00103
Checking detector "CDD". Protection Threshold: 0.1 (V)
SetMagnetDAC 5.8767637931 ===>> OK
Magnet settling time: 1.049
Get Checksum: 1671910529
GetData ===>> H2,-0.0753252542584914,H1,1495.3822001538,AX,364.505429972168,L1,4.3888663987387,L2,1.24418535732...
setting magnet DAC
current  : 5.876764
requested: 5.877798
Delta Dac: 0.001034
Checking detector protection. dv=0.00103
Checking detector "CDD". Protection Threshold: 0.1 (V)
SetMagnetDAC 5.87779827586 ===>> OK
Magnet settling time: 1.049
GetData ===>> H2,-0.0331358533412619,H1,1495.54008949978,AX,364.619333496177,L1,4.49840755015363,L2,1.297351284...
setting magnet DAC
current  : 5.877798
requested: 5.878833
Delta Dac: 0.001034
Checking detector protection. dv=0.00103
Checking detector "CDD". Protection Threshold: 0.1 (V)
SetMagnetDAC 5.87883275862 ===>> OK
Magnet settling time: 1.049
GetData ===>> H2,-0.0951523292818386,H1,1494.89587003947,AX,364.423346901226,L1,4.56702362842896,L2,1.214276654...
setting magnet DAC
current  : 5.878833
requested: 5.879867
Delta Dac: 0.001034
Checking detector protection. dv=0.00103
Checking detector "CDD". Protection Threshold: 0.1 (V)
SetMagnetDAC 5.87986724138 ===>> OK
Magnet settling time: 1.049
GetData ===>> H2,-0.058311563153997,H1,1494.57524166246,AX,364.671602015793,L1,4.6336767647472,L2,1.27660459054...
setting magnet DAC
current  : 5.879867
requested: 5.880902
Delta Dac: 0.001034
Checking detector protection. dv=0.00103
Checking detector "CDD". Protection Threshold: 0.1 (V)
SetMagnetDAC 5.88090172414 ===>> OK
Magnet settling time: 1.049
Get Checksum: 1671910529
GetData ===>> H2,-0.235982636244549,H1,1494.02031348034,AX,364.524221857172,L1,4.72123290499148,L2,1.1829787997...
setting magnet DAC
current  : 5.880902
requested: 5.881936
Delta Dac: 0.001034
Checking detector protection. dv=0.00103
Checking detector "CDD". Protection Threshold: 0.1 (V)
SetMagnetDAC 5.8819362069 ===>> OK
Magnet settling time: 1.049
GetData ===>> H2,-0.115071443000472,H1,1493.61649471094,AX,364.168584544178,L1,4.71514977861355,L2,1.2890428906...
setting magnet DAC
current  : 5.881936
requested: 5.882971
Delta Dac: 0.001034
Checking detector protection. dv=0.00103
Checking detector "CDD". Protection Threshold: 0.1 (V)
SetMagnetDAC 5.88297068966 ===>> OK
Magnet settling time: 1.049
GetData ===>> H2,-0.0768731181832263,H1,1491.29782776257,AX,362.878220926492,L1,4.68260650469062,L2,1.094116292...
setting magnet DAC
current  : 5.882971
requested: 5.884005
Delta Dac: 0.001034
Checking detector protection. dv=0.00103
Checking detector "CDD". Protection Threshold: 0.1 (V)
SetMagnetDAC 5.88400517241 ===>> OK
Magnet settling time: 1.049
Get Checksum: 1671910529
GetData ===>> H2,-0.165079929110755,H1,1482.05121260487,AX,358.884819098304,L1,4.56277179492867,L2,1.1769267627...
setting magnet DAC
current  : 5.884005
requested: 5.885040
Delta Dac: 0.001034
Checking detector protection. dv=0.00103
Checking detector "CDD". Protection Threshold: 0.1 (V)
SetMagnetDAC 5.88503965517 ===>> OK
Magnet settling time: 1.049
GetData ===>> H2,-0.17235910697288,H1,1450.02682393444,AX,344.137412825804,L1,4.41099936243344,L2,1.12831795528...
setting magnet DAC
current  : 5.885040
requested: 5.886074
Delta Dac: 0.001034
Checking detector protection. dv=0.00103
Checking detector "CDD". Protection Threshold: 0.1 (V)
SetMagnetDAC 5.88607413793 ===>> OK
Magnet settling time: 1.049
GetData ===>> H2,-0.207590230047955,H1,1347.19044135026,AX,302.589280460455,L1,4.0107056837544,L2,0.89800116912...
setting magnet DAC
current  : 5.886074
requested: 5.887109
Delta Dac: 0.001034
Checking detector protection. dv=0.00103
Checking detector "CDD". Protection Threshold: 0.1 (V)
SetMagnetDAC 5.88710862069 ===>> OK
Magnet settling time: 1.049
Get Checksum: 2052577745
State checksums do not match. Local:1671910529 Remote:2052577745
State checksum failed
GetData ===>> H2,-0.22297819125104,H1,1111.39342129492,AX,224.665501927376,L1,3.21023322244636,L2,0.51972666601...
setting magnet DAC
current  : 5.887109
requested: 5.888143
Delta Dac: 0.001034
Checking detector protection. dv=0.00103
Checking detector "CDD". Protection Threshold: 0.1 (V)
SetMagnetDAC 5.88814310345 ===>> OK
Magnet settling time: 1.049
set states for children of C. state=True
set states for children of H. state=False
handle state [('C', True), ('H', False)]
update switch state C True args=() kw={'refresh': True} ncanvase=2
update switch state H False args=() kw={'refresh': False} ncanvase=2
refresh_canvas_needed fired
GetData ===>> H2,-0.248319157779138,H1,747.670010212966,AX,129.856531076952,L1,2.28101656408602,L2,0.1449496618...
setting magnet DAC
current  : 5.888143
requested: 5.889178
Delta Dac: 0.001034
Checking detector protection. dv=0.00103
Checking detector "CDD". Protection Threshold: 0.1 (V)
SetMagnetDAC 5.88917758621 ===>> OK
Magnet settling time: 1.049
set states for children of B. state=True
set states for children of D. state=True
handle state [('B', True), ('D', True)]
update switch state B True args=() kw={'refresh': True} ncanvase=2
update switch state D True args=() kw={'refresh': False} ncanvase=2
GetData ===>> H2,-0.19041673400557,H1,389.61571833154,AX,56.9166193368201,L1,1.45505524488385,L2,-0.02354497458...
refresh_canvas_needed fired
setting magnet DAC
Get Checksum: -110011688
current  : 5.889178
requested: 5.890212
Delta Dac: 0.001034
Checking detector protection. dv=0.00103
Checking detector "CDD". Protection Threshold: 0.1 (V)
SetMagnetDAC 5.89021206897 ===>> OK
Magnet settling time: 1.049
GetData ===>> H2,-0.107134724767366,H1,155.881502252196,AX,18.7292340561447,L1,0.919218449088135,L2,0.092778958...
setting magnet DAC
current  : 5.890212
requested: 5.891247
Delta Dac: 0.001034
Checking detector protection. dv=0.00103
Checking detector "CDD". Protection Threshold: 0.1 (V)
SetMagnetDAC 5.89124655172 ===>> OK
Magnet settling time: 1.049
GetData ===>> H2,-0.22746621439442,H1,48.3966099400755,AX,4.65134019079977,L1,0.57174909834961,L2,0.04116069802...
setting magnet DAC
current  : 5.891247
requested: 5.892281
Delta Dac: 0.001034
Checking detector protection. dv=0.00103
Checking detector "CDD". Protection Threshold: 0.1 (V)
SetMagnetDAC 5.89228103448 ===>> OK
Magnet settling time: 1.049
Get Checksum: -110011688
GetData ===>> H2,-0.149666383613907,H1,6.02407904366917,AX,0.267040115996844,L1,0.246641091390598,L2,-0.1025171...
setting magnet DAC
current  : 5.892281
requested: 5.893316
Delta Dac: 0.001034
Checking detector protection. dv=0.00103
Checking detector "CDD". Protection Threshold: 0.1 (V)
SetMagnetDAC 5.89331551724 ===>> OK
Magnet settling time: 1.049
GetData ===>> H2,-0.212283704222979,H1,1.18142220623503,AX,-0.209643312781257,L1,0.159068913207283,L2,0.0274916...
setting magnet DAC
current  : 5.893316
requested: 5.894350
Delta Dac: 0.001034
Checking detector protection. dv=0.00103
Checking detector "CDD". Protection Threshold: 0.1 (V)
SetMagnetDAC 5.89435 ===>> OK
Magnet settling time: 1.049
GetData ===>> H2,-0.124970727647735,H1,0.172889757531203,AX,-0.211333366205459,L1,0.114725661368315,L2,-0.00879...
result of _do_sweep=True
result of _calculate_peak_center=([5.871594488977955, 5.8793499999999987, 5.8871055110220425], [1102.8296922690356, 1495.5337612694802, 1110.4358541373874], 5.8777568136272533, 1495.5337612694802)
Failed to find a valid peak. No peak greater than 1.0. max = 0.0226060954507
new center pos Detector(H1) (Ar40) @ 5.87935
GetHighVoltage ===>> 4500
GetDeflection H1 ===>> 0
dac uncorrected for HV and deflection 5.87935
update mftable H1 Ar40 5.87935 message=automated run peakcenter
get initial guess parabolic
get initial guess parabolic
get initial guess parabolic
get initial guess parabolic
get initial guess parabolic
get initial guess parabolic
dump mftable to /Users/jan/PychronDev/setupfiles/spectrometer/mftables/mftable.csv
add to repo msg=modified - automated run peakcenter
sweep finished
Get Checksum: -110011688
locally archiving mftable
setting magnet DAC
current  : 5.894350
requested: 5.879350
Delta Dac: 0.015000
Checking detector protection. dv=0.01500
Checking detector "CDD". Protection Threshold: 0.1 (V)
SetMagnetDAC 5.87935 ===>> OK
Magnet settling time: 0.500
setting integration time = 1.048576
SetIntegrationTime 1.048576 ===>> OK
Failed to find a valid peak. No peak greater than 1.0. max = 0.0226060954507
flush and close file /Users/jan/PychronDev/data/isotopes/24/3c6e47-367a-4ec8-a9e7-2bff4befa9d3.h5
finished measure script
executed 226.132928
jan_unknown120_60.py completed successfully
Measurement Finished
20:42:24 -- ******* Measurement Finished *******
Post Measurement Started jan_pump_ms.py
20:42:24 -- ******* Post Measurement Started jan_pump_ms.py *******
testing...
no interpolation path defined
executed 0
Pumping spectrometer
open () {'name': 'O'}
opening name=O desc=---
checking ownership. requestor=129.138.12.150
check software interlocks O
interlocks []
actuate state mode=None-script, software_lock=False
doing actuation None-script open_channel True
Open O ===>> OK
GetIndicatorState O ===>> OK
change switch state (True, True)
update switch state O True args=() kw={} ncanvase=2
20:42:24 -- OPEN   VALVE-O (Jan Ion Pump)
---------------------------------------- open O () result=[(True, True)], time=0.12 sec
action=open, ok=True, locked=[False]
executed 0
jan_pump_ms.py completed successfully
setting _ms_pumptime
Post Measurement Finished
20:42:24 -- ******* Post Measurement Finished *******
$$$$$$$$$$$$$$$$$$$$ state at run end measurement
state changed from measurement to success
post measurement save measured=True aborted=False
Set filtering
setting fod for Ar40= {'filter_outliers': True, 'std_devs': 2, 'iterations': 1}
setting fod for H1= {'filter_outliers': True, 'std_devs': 2, 'iterations': 1}
setting fod for PM41= {'filter_outliers': False, 'std_devs': 2, 'iterations': 1}
setting fod for H2= {'filter_outliers': True, 'std_devs': 2, 'iterations': 1}
setting fod for Ar36= {'filter_outliers': True, 'std_devs': 2, 'iterations': 1}
setting fod for CDD= {'filter_outliers': True, 'std_devs': 10, 'iterations': 1}
setting fod for Ar37= {'filter_outliers': True, 'std_devs': 2, 'iterations': 1}
setting fod for L2= {'filter_outliers': True, 'std_devs': 2, 'iterations': 1}
setting fod for Ar38= {'filter_outliers': True, 'std_devs': 2, 'iterations': 1}
setting fod for L1= {'filter_outliers': True, 'std_devs': 2, 'iterations': 1}
setting fod for Ar39= {'filter_outliers': True, 'std_devs': 2, 'iterations': 1}
setting fod for AX= {'filter_outliers': True, 'std_devs': 2, 'iterations': 1}
persistence save...
persistence save - db
post measurement save
5483041424 connecting to database sqlite:////Users/jan/PychronDev/.appdata/local_lab.db
connected to db sqlite:////Users/jan/PychronDev/.appdata/local_lab.db
create new session 5483041424
close session 5483041424
No database instance. Not saving post measurement to isotopedb database
$$$$$$$$$$$$$$$ auto_save_detector_ic=False
massspec enabled True
create new session 5011470576
MassSpec Database Version: 16.0
close session 5011470576
saving post measurement to secondary database
saving to massspec database 129.138.12.160/massspecdata
setting labnumber to 25386
setting aliquot to 3
setting step to 
setting uuid to 243c6e47-367a-4ec8-a9e7-2bff4befa9d3
setting irradpos to 25386
setting extract_device to Fusions CO2
setting tray to 
setting position to 180
setting power_requested to 5.0
setting extract_value to 5.0
setting duration to 30.0
setting duration_at_request to 30.0
setting first_stage_delay to 30.0
setting cleanup to 30.0
setting comment to N:13
setting irradiation to NM-289
setting level to N
setting irradiation_level to N
setting sample to FC-2
setting material to Sanidine
setting project to Irradiation-NM-289
setting mass_spectrometer to Jan
no attribute chron_dosages
no attribute production_ratios
no attribute interference_corrections
no attribute production_name
no attribute j
Reference Isotope=Ar40
Reference Detector=H1
%%%%%%%%%%%%%%%%%%%% Comment: N:13 %%%%%%%%%%%%%%%%%%%
adding isotope PM41 H2
add baseline dbdet= PM41. original det= H2
get baseline data PM41 H2
Get data baseline <pychron.processing.isotope.Baseline object at 0x14d497cd0> len t=60
baseline PM41. v=-0.18113587279, e=0.00994277220297
get signal data PM41 H2
Get data signal PM41 0.10+/-0.07 len t=120
adding isotope Ar40 H1
add baseline dbdet= Ar40. original det= H1
get baseline data Ar40 H1
Get data baseline <pychron.processing.isotope.Baseline object at 0x14ca66190> len t=60
baseline Ar40. v=0.00406805729562, e=0.00556508784441
get signal data Ar40 H1
Get data signal Ar40 1647.06+/-0.09 len t=120
adding isotope Ar39 AX
add baseline dbdet= Ar39. original det= AX
get baseline data Ar39 AX
Get data baseline <pychron.processing.isotope.Baseline object at 0x14ca66350> len t=60
baseline Ar39. v=-0.0645892571338, e=0.00689226534404
get signal data Ar39 AX
Get data signal Ar39 401.353+/-0.035 len t=120
adding isotope Ar38 L1
add baseline dbdet= Ar38. original det= L1
get baseline data Ar38 L1
Get data baseline <pychron.processing.isotope.Baseline object at 0x14ca66510> len t=60
baseline Ar38. v=-0.0212027168662, e=0.00395452545152
get signal data Ar38 L1
Get data signal Ar38 5.182+/-0.007 len t=120
adding isotope Ar37 L2
add baseline dbdet= Ar37. original det= L2
get baseline data Ar37 L2
Get data baseline <pychron.processing.isotope.Baseline object at 0x14ca666d0> len t=60
baseline Ar37. v=-0.0282991203035, e=0.00628705143099
get signal data Ar37 L2
Get data signal Ar37 1.399+/-0.011 len t=120
adding isotope Ar36 CDD
add baseline dbdet= Ar36. original det= CDD
get baseline data Ar36 CDD
Get data baseline <pychron.processing.isotope.Baseline object at 0x14ca66890> len t=60
baseline Ar36. v=0.000357276995118, e=3.02735066526e-05
get signal data Ar36 CDD
Get data signal Ar36 0.01165+/-0.00029 len t=120
25386-03 added analysis time 0.488692045212s
analysis added to mass spec database
mass spec save time= 0.496
persistence save - dvc
================= post measurement started
create new session 4984345712
close session 4984345712
---------------- Experiment Queue saving disabled
DVC saving peakcenter
Failed to find a valid peak. No peak greater than 1.0. max = 0.0226060954507
Get Checksum: 2035439760
Smart pull ahead: 0 behind: 0
Up-to-date with origin
add to repo msg=modified - ad8224ebc6dbfeb9f5997218dfa5fe690569839d.json
add to repo msg=modified - 86-03.json
add to repo msg=modified - 86-03.dat.json
add to repo msg=modified - 86-03.blan.json
add to repo msg=modified - 86-03.inte.json
add to repo msg=modified - 86-03.icfa.json
add to repo msg=modified - 86-03.base.json
not at valid file /Users/jan/PychronDev/data/.dvc/repositories/Load1785/253/tags/86-03.tags.json
add to repo msg=modified - 86-03.peak.json
add to repo msg=modified - 86-03.extr.json
not at valid file /Users/jan/PychronDev/data/.dvc/repositories/Load1785/253/monitor/86-03.moni.json
commit message=<COLLECTION>
add to repo msg=modified - 86-03.inte.json
add to repo msg=modified - 86-03.base.json
commit message=<ISOEVO> default collection fits
Get Checksum: 2035439760
add to repo msg=modified - 86-03.blan.json
commit message=<BLANKS> preceding bu-FC-J-7513
add to repo msg=modified - 86-03.icfa.json
commit message=<ICFactor> default
push repository <pychron.git_archive.repo_manager.GitRepoManager object at 0x14ffe6d70>
pushing to remote=origin, url=https://github.com
Get Checksum: 2035439760
no changes to meta repo
Get Checksum: 2035439760
create new session 4984345712
add association Load1785
get identifier "25386"
setting analysis irradiation position=<pychron.dvc.dvc_orm.IrradiationPositionTbl object at 0x140395210>
close session 4984345712
================= post measurement finished
20:42:36 -- ******* Post Run Check *******
loading queue conditionals post_run_actions
loading system conditionals post_run_actions
loading conditionals from /Users/jan/PychronDev/setupfiles/spectrometer/default_conditionals.yaml
loading queue conditionals post_run_terminations
loading system conditionals post_run_terminations
loading conditionals from /Users/jan/PychronDev/setupfiles/spectrometer/default_conditionals.yaml
Checking default post run terminations n=1
GetDeflection CDD ===>> 50
testing CDD==2000
evaluate ot="CDD.deflection==2000" t="CDD==2000", ctx="{'CDD': 50.0}"
20:42:36 -- ******* Post Run Check Passed *******
20:42:36 -- Automated run 25386-03 success duration: 361.830 s
----------------- finish -----------------
----------------- stop -----------------
retroactive repository identifiers disabled
finish run. runs completed=30
update duration runid=25386-03, duration=361.830326796, md5=301e91d8
loading script "jan_unknown400_120.py"
loading script "jan_pump_ms.py"
loading script "jan_cocktail_x1.py"
loading script "jan_pump_extraction_line.py"
testing...
no interpolation path defined
executed 556.052928
script duration name:unknown400_120 seconds:556.0
loading script "jan_unknown400_120.py"
loading script "jan_pump_ms.py"
loading script "jan_cocktail_x1.py"
loading script "jan_pump_extraction_line.py"
testing...
no interpolation path defined
executed 0
loading script "jan_unknown400_120.py"
loading script "jan_pump_ms.py"
loading script "jan_cocktail_x1.py"
loading script "jan_pump_extraction_line.py"
testing...
no interpolation path defined
calculate duration
testing...
no interpolation path defined
executed 0
calculate duration
testing...
no interpolation path defined
executed 0
calculate duration
testing...
no interpolation path defined
executed 32.0
calculate duration
testing...
no interpolation path defined
executed 34.0
calculate duration
testing...
no interpolation path defined
executed 4.0
calculate duration
testing...
no interpolation path defined
executed 38.0
executed 108.0
script duration name:cocktail_x1 seconds:108.0
loading script "jan_unknown400_120.py"
loading script "jan_pump_ms.py"
loading script "jan_cocktail_x1.py"
loading script "jan_pump_extraction_line.py"
testing...
no interpolation path defined
calculate duration
testing...
no interpolation path defined
executed 4.0
executed 4.0
Script duration 664.0
Run total estimated duration= 665.000
loading script "jan_unknown120_60.py"
loading script "jan_pump_ms.py"
loading script "jan_co2.py"
loading script "jan_pump_extraction_line.py"
testing...
no interpolation path defined
executed 213.652928
script duration name:unknown120_60 seconds:214.0
pump_ms in script context. using previous estimated duration
loading script "jan_unknown120_60.py"
loading script "jan_pump_ms.py"
loading script "jan_co2.py"
loading script "jan_pump_extraction_line.py"
testing...
no interpolation path defined
calculate duration
testing...
no interpolation path defined
executed 0
calculate duration
testing...
no interpolation path defined
executed 0
executed 0.0
script duration name:co2 seconds:0.0
pump_extraction_line in script context. using previous estimated duration
Script duration 214.0
Run total estimated duration= 215.000
unknown120_60 in script context. using previous estimated duration
script duration name:unknown120_60 seconds:214.0
co2 in script context. using previous estimated duration
script duration name:co2 seconds:0.0
Script duration 214.0
Run total estimated duration= 215.000
script duration name:unknown120_60 seconds:214.0
script duration name:co2 seconds:0.0
Script duration 214.0
Run total estimated duration= 215.000
script duration name:unknown120_60 seconds:214.0
script duration name:co2 seconds:0.0
Script duration 214.0
Run total estimated duration= 215.000
unknown400_120 in script context. using previous estimated duration
script duration name:unknown400_120 seconds:556.0
cocktail_x1 in script context. using previous estimated duration
script duration name:cocktail_x1 seconds:108.0
Script duration 664.0
Run total estimated duration= 665.000
script duration name:unknown120_60 seconds:214.0
script duration name:co2 seconds:0.0
Script duration 214.0
Run total estimated duration= 215.000
script duration name:unknown120_60 seconds:214.0
script duration name:co2 seconds:0.0
Script duration 214.0
Run total estimated duration= 215.000
script duration name:unknown120_60 seconds:214.0
script duration name:co2 seconds:0.0
Script duration 214.0
Run total estimated duration= 215.000
script duration name:unknown120_60 seconds:214.0
script duration name:co2 seconds:0.0
Script duration 214.0
Run total estimated duration= 215.000
script duration name:unknown120_60 seconds:214.0
script duration name:co2 seconds:0.0
Script duration 214.0
Run total estimated duration= 215.000
script duration name:unknown400_120 seconds:556.0
script duration name:co2 seconds:0.0
Script duration 556.0
Run total estimated duration= 557.000
script duration name:unknown120_60 seconds:214.0
script duration name:co2 seconds:0.0
Script duration 214.0
Run total estimated duration= 215.000
script duration name:unknown120_60 seconds:214.0
script duration name:co2 seconds:0.0
Script duration 214.0
Run total estimated duration= 215.000
script duration name:unknown120_60 seconds:214.0
script duration name:co2 seconds:0.0
Script duration 214.0
Run total estimated duration= 215.000
script duration name:unknown120_60 seconds:214.0
script duration name:co2 seconds:0.0
Script duration 214.0
Run total estimated duration= 215.000
script duration name:unknown120_60 seconds:214.0
script duration name:co2 seconds:0.0
Script duration 214.0
Run total estimated duration= 215.000
script duration name:unknown120_60 seconds:214.0
script duration name:co2 seconds:0.0
Script duration 214.0
Run total estimated duration= 215.000
script duration name:unknown120_60 seconds:214.0
script duration name:co2 seconds:0.0
Script duration 214.0
Run total estimated duration= 215.000
script duration name:unknown400_120 seconds:556.0
script duration name:cocktail_x1 seconds:108.0
Script duration 664.0
Run total estimated duration= 665.000
script duration name:unknown120_60 seconds:214.0
script duration name:co2 seconds:0.0
Script duration 214.0
Run total estimated duration= 215.000
script duration name:unknown120_60 seconds:214.0
script duration name:co2 seconds:0.0
Script duration 214.0
Run total estimated duration= 215.000
script duration name:unknown120_60 seconds:214.0
script duration name:co2 seconds:0.0
Script duration 214.0
Run total estimated duration= 215.000
script duration name:unknown120_60 seconds:214.0
script duration name:co2 seconds:0.0
Script duration 214.0
Run total estimated duration= 215.000
script duration name:unknown120_60 seconds:214.0
script duration name:co2 seconds:0.0
Script duration 214.0
Run total estimated duration= 215.000
script duration name:unknown120_60 seconds:214.0
script duration name:co2 seconds:0.0
Script duration 214.0
Run total estimated duration= 215.000
script duration name:unknown120_60 seconds:214.0
script duration name:co2 seconds:0.0
Script duration 214.0
Run total estimated duration= 215.000
script duration name:unknown120_60 seconds:214.0
script duration name:co2 seconds:0.0
Script duration 214.0
Run total estimated duration= 215.000
script duration name:unknown400_120 seconds:556.0
script duration name:co2 seconds:0.0
Script duration 556.0
Run total estimated duration= 557.000
script duration name:unknown400_120 seconds:556.0
script duration name:cocktail_x1 seconds:108.0
Script duration 664.0
Run total estimated duration= 665.000
script duration name:unknown400_120 seconds:556.0
script duration name:cocktail_x1 seconds:108.0
Script duration 664.0
Run total estimated duration= 665.000
script duration name:unknown400_120 seconds:556.0
loading script "jan_unknown400_120.py"
loading script "jan_pump_ms.py"
loading script "jan_sniffair_x2.py"
loading script "jan_pump_extraction_line.py"
testing...
no interpolation path defined
calculate duration
testing...
no interpolation path defined
executed 0
calculate duration
testing...
no interpolation path defined
executed 0
calculate duration
testing...
no interpolation path defined
executed 32.0
calculate duration
testing...
no interpolation path defined
executed 34.0
calculate duration
testing...
no interpolation path defined
executed 4.0
calculate duration
testing...
no interpolation path defined
executed 36.0
calculate duration
testing...
no interpolation path defined
executed 34.0
calculate duration
testing...
no interpolation path defined
executed 4.0
calculate duration
testing...
no interpolation path defined
executed 36.0
calculate duration
testing...
no interpolation path defined
executed 70.0
executed 250.0
script duration name:sniffair_x2 seconds:250.0
Script duration 806.0
Run total estimated duration= 807.000
script duration name:unknown400_120 seconds:556.0
sniffair_x2 in script context. using previous estimated duration
script duration name:sniffair_x2 seconds:250.0
Script duration 806.0
Run total estimated duration= 807.000
loading script "jan_ic_peak_hop3.py"
loading script "jan_pump_ms.py"
loading script "jan_air_x1.py"
loading script "jan_pump_extraction_line.py"
testing...
no interpolation path defined
executed 133.8
script duration name:ic_peak_hop3 seconds:134.0
loading script "jan_ic_peak_hop3.py"
loading script "jan_pump_ms.py"
loading script "jan_air_x1.py"
loading script "jan_pump_extraction_line.py"
testing...
no interpolation path defined
calculate duration
testing...
no interpolation path defined
executed 0
calculate duration
testing...
no interpolation path defined
executed 0
calculate duration
testing...
no interpolation path defined
executed 32.0
calculate duration
testing...
no interpolation path defined
executed 34.0
calculate duration
testing...
no interpolation path defined
executed 4.0
calculate duration
testing...
no interpolation path defined
executed 36.0
executed 106.0
script duration name:air_x1 seconds:106.0
Script duration 240.0
Run total estimated duration= 241.000
script duration name:unknown120_60 seconds:214.0
script duration name:co2 seconds:0.0
Script duration 214.0
Run total estimated duration= 215.000
script duration name:unknown120_60 seconds:214.0
script duration name:co2 seconds:0.0
Script duration 214.0
Run total estimated duration= 215.000
script duration name:unknown120_60 seconds:214.0
script duration name:co2 seconds:0.0
Script duration 214.0
Run total estimated duration= 215.000
script duration name:unknown120_60 seconds:214.0
script duration name:co2 seconds:0.0
Script duration 214.0
Run total estimated duration= 215.000
script duration name:unknown120_60 seconds:214.0
script duration name:co2 seconds:0.0
Script duration 214.0
Run total estimated duration= 215.000
script duration name:unknown120_60 seconds:214.0
script duration name:co2 seconds:0.0
Script duration 214.0
Run total estimated duration= 215.000
script duration name:unknown120_60 seconds:214.0
script duration name:co2 seconds:0.0
Script duration 214.0
Run total estimated duration= 215.000
script duration name:unknown400_120 seconds:556.0
script duration name:cocktail_x1 seconds:108.0
Script duration 664.0
Run total estimated duration= 665.000
script duration name:unknown120_60 seconds:214.0
script duration name:co2 seconds:0.0
Script duration 214.0
Run total estimated duration= 215.000
script duration name:unknown120_60 seconds:214.0
script duration name:co2 seconds:0.0
Script duration 214.0
Run total estimated duration= 215.000
script duration name:unknown120_60 seconds:214.0
script duration name:co2 seconds:0.0
Script duration 214.0
Run total estimated duration= 215.000
script duration name:unknown120_60 seconds:214.0
script duration name:co2 seconds:0.0
Script duration 214.0
Run total estimated duration= 215.000
script duration name:unknown120_60 seconds:214.0
script duration name:co2 seconds:0.0
Script duration 214.0
Run total estimated duration= 215.000
script duration name:unknown120_60 seconds:214.0
script duration name:co2 seconds:0.0
Script duration 214.0
Run total estimated duration= 215.000
nruns=48 before=5.0, run_dur=14914.0, btw=1410.0
write rem/ex queues
/Users/jan/PychronDev/experiments/rem/CurrentExperiment.rem.txt
/Users/jan/PychronDev/experiments/rem/CurrentExperiment.ex.txt
doing event level: 3
