do run
loading script "jan_unknown120_60.py"
loading script "jan_pump_ms.py"
loading script "jan_co2.py"
loading script "jan_pump_extraction_line.py"
testing...
no interpolation path defined
executed 213.652928
script duration name:unknown120_60 seconds:214.0
loading script "jan_unknown120_60.py"
loading script "jan_pump_ms.py"
loading script "jan_co2.py"
loading script "jan_pump_extraction_line.py"
testing...
no interpolation path defined
executed 0
loading script "jan_unknown120_60.py"
loading script "jan_pump_ms.py"
loading script "jan_co2.py"
loading script "jan_pump_extraction_line.py"
testing...
no interpolation path defined
calculate duration
testing...
no interpolation path defined
executed 0
calculate duration
testing...
no interpolation path defined
executed 0
executed 0.0
script duration name:co2 seconds:0.0
loading script "jan_unknown120_60.py"
loading script "jan_pump_ms.py"
loading script "jan_co2.py"
loading script "jan_pump_extraction_line.py"
testing...
no interpolation path defined
calculate duration
testing...
no interpolation path defined
executed 4.0
executed 4.0
Script duration 214.0
Run total estimated duration= 215.000
run duration: 0:03:35
doing event level: 2
23:39:30 -- Setting default integration. t=1.048576
setting integration time = 1.048576
SetIntegrationTime 1.048576 ===>> OK
----------------- start -----------------
**************** Experiment Type: Ar/Ar, Ar/Ar
create new session 5003455664
close session 5003455664
$$$$$ Clearing conditionals
adding conditionals 
Add queue conditionals
add default conditionals
adding default conditionals from /Users/jan/PychronDev/setupfiles/spectrometer/default_conditionals.yaml
Start automated run 25388-03
loading script "jan_unknown120_60.py"
loading script "jan_pump_ms.py"
loading script "jan_co2.py"
loading script "jan_pump_extraction_line.py"
%%%%%%%%%%%%%%%%%% setting automated run 25388-03
No value "sensitivity_multiplier" in metadata
$$$$$$$$$$$$$$$ auto_save_detector_ic=False
============================= Pre Extraction Check =============================
loading queue conditionals pre_run_terminations
loading system conditionals pre_run_terminations
loading conditionals from /Users/jan/PychronDev/setupfiles/spectrometer/default_conditionals.yaml
23:39:30 -- ******* Pre Extraction Check *******
Get a measurement from the spectrometer
GetData ===>> H2,-0.111337017013837,H1,-0.0213524724773649,AX,-0.0233839592824407,L1,0.000321651114165644,L2,0....
Pre Extraction Termination data. keys=H2,H1,AX,L1,L2,CDD, signals=-0.11134,-0.02135,-0.02338,0.00032,0.08431,0.00447
23:39:30 -- testing system defined conditionals
Checking default pre extraction terminations n=2
testing CDD
evaluate ot="CDD.inactive" t="CDD", ctx="{'CDD': False}"
GetDeflection CDD ===>> 50
testing CDD==2000
evaluate ot="CDD.deflection==2000" t="CDD==2000", ctx="{'CDD': 50.0}"
23:39:30 -- ******* Pre Extraction Check Passed *******
=================================================================================
23:39:30 -- stopping status monitor
stop 4975542192
Alive clients [4984697584]
23:39:30 -- starting status monitor
start 4975542192
Monitor already running
start extraction
do extraction
Analysis started at 23:39:30.158345
Extraction Started jan_co2.py
23:39:30 -- ******* Extraction Started jan_co2.py *******
state changed from not run to extraction
DO EXTRACTION <pychron.extraction_line.pyscript_runner.RemotePyScriptRunner object at 0x12bbc33b0>
testing...
no interpolation path defined
calculate duration
testing...
no interpolation path defined
executed 0
calculate duration
testing...
no interpolation path defined
executed 0
executed 100.0
Jan CO2 laser analysis
doing GOSUB
testing...
no interpolation path defined
executed 0
Waiting for CO2 access
wait ('FelixCO2Flag', 0) {}
waiting for FelixCO2Flag = 0
Read FelixCO2Flag ===>> 0
finished waiting
CO2 free
wait ('CO2PumpTimeFlag', 0) {}
waiting for CO2PumpTimeFlag = 0
Read CO2PumpTimeFlag ===>> 0
finished waiting
acquire ('JanCO2Flag',) {'clear': True}
acquire JanCO2Flag
Set JanCO2Flag 1 ===>> OK
JanCO2Flag acquired
set extraction state False (0.75, 'red', 1.5)
CO2 acquired
executed 0
WaitForCO2Access.py completed successfully
gosub finished
doing GOSUB
testing...
no interpolation path defined
executed 0
Prepare for CO2 analysis
close () {'description': 'Jan Inlet'}
closing name=--- desc=Jan Inlet
checking ownership. requestor=129.138.12.150
check software interlocks R
interlocks []
actuate state mode=None-script, software_lock=False
doing actuation None-script close_channel False
Close R ===>> OK
GetIndicatorState R ===>> False
change switch state (True, True)
update switch state R False args=() kw={} ncanvase=2
23:39:30 -- CLOSE  VALVE-R (Jan Inlet)
---------------------------------------- close None (Jan Inlet) result=[(True, True)]
action=close, ok=True, locked=[False]
open () {'description': 'Jan Ion Pump'}
opening name=--- desc=Jan Ion Pump
checking ownership. requestor=129.138.12.150
check software interlocks O
interlocks []
actuate state mode=None-script, software_lock=False
doing actuation None-script open_channel False
Open O ===>> OK
GetIndicatorState O ===>> OK
change switch state (True, True)
update switch state O True args=() kw={} ncanvase=2
23:39:30 -- OPEN   VALVE-O (Jan Ion Pump)
---------------------------------------- open None (Jan Ion Pump) result=[(True, True)], time=0.08 sec
action=open, ok=True, locked=[False]
close () {'description': 'Microbone to Minibone'}
closing name=--- desc=Microbone to Minibone
checking ownership. requestor=129.138.12.150
check software interlocks L
interlocks []
actuate state mode=None-script, software_lock=False
doing actuation None-script close_channel False
Close L ===>> OK
GetIndicatorState L ===>> False
change switch state (True, True)
update switch state L False args=() kw={} ncanvase=2
23:39:31 -- CLOSE  VALVE-L (Microbone to Minibone)
---------------------------------------- close None (Microbone to Minibone) result=[(True, True)]
action=close, ok=True, locked=[False]
open () {'description': 'Microbone to Turbo'}
opening name=--- desc=Microbone to Turbo
checking ownership. requestor=129.138.12.150
check software interlocks U
interlocks []
actuate state mode=None-script, software_lock=False
doing actuation None-script open_channel False
Open U ===>> OK
GetIndicatorState U ===>> OK
change switch state (True, True)
update switch state U True args=() kw={} ncanvase=2
23:39:32 -- OPEN   VALVE-U (Microbone to Turbo)
---------------------------------------- open None (Microbone to Turbo) result=[(True, True)], time=0.26 sec
action=open, ok=True, locked=[False]
open () {'description': 'Microbone to Inlet Pipette'}
opening name=--- desc=Microbone to Inlet Pipette
checking ownership. requestor=129.138.12.150
check software interlocks S
interlocks []
actuate state mode=None-script, software_lock=False
doing actuation None-script open_channel False
Open S ===>> OK
GetIndicatorState S ===>> OK
change switch state (True, True)
update switch state S True args=() kw={} ncanvase=2
23:39:32 -- OPEN   VALVE-S (Microbone to Inlet Pipette)
---------------------------------------- open None (Microbone to Inlet Pipette) result=[(True, True)], time=0.39 sec
action=open, ok=True, locked=[False]
open () {'description': 'Microbone to Getter D-50'}
opening name=--- desc=Microbone to Getter D-50
checking ownership. requestor=129.138.12.150
check software interlocks K
interlocks []
actuate state mode=None-script, software_lock=False
doing actuation None-script open_channel False
Open K ===>> OK
Get Checksum: 1864646427
GetIndicatorState K ===>> OK
change switch state (True, True)
update switch state K True args=() kw={} ncanvase=2
23:39:33 -- OPEN   VALVE-K (Microbone to Getter D-50)
---------------------------------------- open None (Microbone to Getter D-50) result=[(True, True)], time=0.40 sec
action=open, ok=True, locked=[False]
open () {'description': 'Microbone to Getter NP-10'}
opening name=--- desc=Microbone to Getter NP-10
checking ownership. requestor=129.138.12.150
check software interlocks M
interlocks []
actuate state mode=None-script, software_lock=False
doing actuation None-script open_channel False
Open M ===>> OK
GetIndicatorState M ===>> OK
change switch state (True, True)
update switch state M True args=() kw={} ncanvase=2
23:39:33 -- OPEN   VALVE-M (Microbone to Getter NP-10)
---------------------------------------- open None (Microbone to Getter NP-10) result=[(True, True)], time=0.12 sec
action=open, ok=True, locked=[False]
close () {'description': 'CO2 Laser to Felix'}
closing name=--- desc=CO2 Laser to Felix
checking ownership. requestor=129.138.12.150
check software interlocks F
interlocks []
actuate state mode=None-script, software_lock=True
VALVE-F(CO2 Laser to Felix) software locked
change switch state (True, False)
---------------------------------------- close None (CO2 Laser to Felix) result=[(True, False)]
action=close, ok=True, locked=[True]
open () {'description': 'CO2 Laser to Jan'}
opening name=--- desc=CO2 Laser to Jan
checking ownership. requestor=129.138.12.150
check software interlocks A
interlocks []
actuate state mode=None-script, software_lock=False
doing actuation None-script open_channel False
Open A ===>> OK
GetIndicatorState A ===>> OK
change switch state (True, True)
update switch state A True args=() kw={} ncanvase=2
23:39:34 -- OPEN   VALVE-A (CO2 Laser to Jan)
---------------------------------------- open None (CO2 Laser to Jan) result=[(True, True)], time=0.12 sec
action=open, ok=True, locked=[False]
open () {'description': 'Microbone to CO2 Laser'}
opening name=--- desc=Microbone to CO2 Laser
checking ownership. requestor=129.138.12.150
check software interlocks T
interlocks []
actuate state mode=None-script, software_lock=False
doing actuation None-script open_channel False
Open T ===>> OK
GetIndicatorState T ===>> OK
change switch state (True, True)
update switch state T True args=() kw={} ncanvase=2
23:39:34 -- OPEN   VALVE-T (Microbone to CO2 Laser)
---------------------------------------- open None (Microbone to CO2 Laser) result=[(True, True)], time=0.42 sec
action=open, ok=True, locked=[False]
executed 0
PrepareForCO2Analysis.py completed successfully
gosub finished
set_motor ('beam', '1.25') {}
setting motor "beam" to 1.25
set motor beam to 1.25
SetMotor beam,1.25 ===>> OK
GetMotorMoving beam ===>> False
GetMotorMoving beam ===>> False
Block completed
move_to_position ('200',) {'autocenter': True}
FusionsCO2 move to position 200
sending GoToHole 200,True
GoToHole 200,True ===>> OK
GetDriveMoving ===>> OK
GetDriveMoving ===>> OK
GetDriveMoving ===>> OK
GetDriveMoving ===>> False
GetDriveMoving ===>> OK
Get Checksum: 1864646427
GetDriveMoving ===>> OK
GetDriveMoving ===>> OK
GetDriveMoving ===>> OK
GetDriveMoving ===>> False
Block completed
GetAutoCorrecting ===>> False
GetAutoCorrecting ===>> False
Block completed
update position
GetPosition ===>> -3.98780,-11.96340,1.00000
got position (-3.9878, -11.9634, 1.0)
move to position succeeded
sleep (5,) {}
SLEEP 5.0
block started
WaitControl setup for 5.0  
Get Checksum: 1864646427
Get Checksum: 1864646427
Join finished
block finished. duration 5.01515507698
close () {'description': 'Microbone to Turbo'}
closing name=--- desc=Microbone to Turbo
checking ownership. requestor=129.138.12.150
check software interlocks U
interlocks []
actuate state mode=None-script, software_lock=False
doing actuation None-script close_channel True
Close U ===>> OK
set states for children of U. state=False
handle state [('U', False)]
update switch state U False args=() kw={'refresh': False} ncanvase=2
refresh_canvas_needed fired
GetIndicatorState U ===>> False
change switch state (True, True)
update switch state U False args=() kw={} ncanvase=2
23:39:45 -- CLOSE  VALVE-U (Microbone to Turbo)
---------------------------------------- close None (Microbone to Turbo) result=[(True, True)]
action=close, ok=True, locked=[False]
enable laser
enable () {}
set extraction state FusionsCO2 Enabled (False, 'red', 1.5)
enabling laser
Enable ===>> OK
begin interval
BEGIN INTERVAL Interval 1 waiting for 30.0
block started
set extract to 5.0
WaitControl setup for 30.0  
extract (5.0,) {}
GetPosition ===>> -3.98780,-11.96340,1.00000
set extraction state FusionsCO2 ON! 5.0(watts) (0.75, 'red', 1.5)
extract sample to 5.0 (watts)
set laser output
SetLaserOutput 5.0,watts ===>> OK
executing pattern triangle.lp
execute_pattern ('triangle.lp',) {}
executing pattern triangle.lp
Get Checksum: 337817015
IsPatterning ===>> OK
IsPatterning ===>> OK
IsPatterning ===>> OK
Get Checksum: 337817015
IsPatterning ===>> OK
IsPatterning ===>> OK
IsPatterning ===>> OK
Get Checksum: 337817015
IsPatterning ===>> OK
IsPatterning ===>> OK
IsPatterning ===>> OK
Get Checksum: 337817015
IsPatterning ===>> OK
IsPatterning ===>> OK
IsPatterning ===>> OK
Get Checksum: 337817015
IsPatterning ===>> OK
IsPatterning ===>> OK
IsPatterning ===>> OK
Get Checksum: 337817015
IsPatterning ===>> OK
IsPatterning ===>> OK
IsPatterning ===>> OK
Get Checksum: 337817015
IsPatterning ===>> OK
IsPatterning ===>> OK
IsPatterning ===>> OK
Get Checksum: 337817015
IsPatterning ===>> OK
IsPatterning ===>> OK
IsPatterning ===>> OK
Get Checksum: 337817015
IsPatterning ===>> OK
IsPatterning ===>> OK
set states for children of C. state=False
handle state [('C', False)]
update switch state C False args=() kw={'refresh': False} ncanvase=2
refresh_canvas_needed fired
IsPatterning ===>> False
Get Checksum: 139093252
State checksums do not match. Local:-1452036699 Remote:139093252
State checksum failed
IsPatterning ===>> False
Block completed
COMPLETE INTERVAL waiting for Interval 1 to complete
set states for children of B. state=True
handle state [('B', True)]
update switch state B True args=() kw={'refresh': False} ncanvase=2
refresh_canvas_needed fired
Join finished
block finished. duration 30.0696899891
Interval 1 finished
end_extract () {}
ending extraction. set laser power to 0
set laser power 0
SetLaserPower 0 ===>> OK
disable () {}
%%%%%%%%%%%%%%%%%%%%%%%%%%%%%%%%%%% disable
set extraction state False (0.75, 'red', 1.5)
disabling laser
Disable ===>> OK
sleep (30.0,) {}
SLEEP 30.0
block started
WaitControl setup for 30.0  
Get Checksum: 139093252
Get Checksum: 139093252
Get Checksum: 139093252
Get Checksum: 139093252
Get Checksum: 139093252
Get Checksum: 139093252
set states for children of B. state=False
handle state [('B', False)]
update switch state B False args=() kw={'refresh': False} ncanvase=2
refresh_canvas_needed fired
Get Checksum: -1452036699
Get Checksum: -1452036699
Get Checksum: -1452036699
Get Checksum: -1452036699
Join finished
block finished. duration 30.0492479801
executed 166.5
jan_co2.py completed successfully
GetAchievedOutput ===>> No Response
Requested Output= 0.000
Achieved Output=  0.000
GetResponseBlob ===>> No Response
GetOutputBlob ===>> No Response
persistence save...
persistence save - db
AutomatedRunPersister post_extraction_save deprecated
persistence save - dvc
no extraction position for 200
create new session 4984345712
close session 4984345712
Extraction Finished
23:40:46 -- ******* Extraction Finished *******
no overlap. not waiting for min ms pumptime
23:40:46 -- Sending spectrometer configuration
======== Sending configuration ========
SetDeflection CDD,50.0 ===>> OK
SetDeflection H2,0.0 ===>> OK
SetDeflection H1,0.0 ===>> OK
SetDeflection L2,825.0 ===>> OK
SetDeflection L1,400.0 ===>> OK
SetDeflection AX,190.0 ===>> OK
SetZFocus 74.64 ===>> OK
SetZSymmetry -50.72 ===>> OK
SetExtractionLens 26.13 ===>> OK
SetIonRepeller -3.81 ===>> OK
SetElectronEnergy 75.08 ===>> OK
SetYSymmetry -2.81 ===>> OK
SetIonCounterVoltage 1590.0 ===>> OK
send trap current 200.0
GetParameter Trap Current Readback ===>> 198.147042666178
SetParameter Trap Current Set,200.0 ===>> OK
updating mftable name mftable
Using mftable located at /Users/jan/PychronDev/setupfiles/spectrometer/mftables/mftable.csv
============ MFtable ===========
Isotope  H2     H1     AX     L1     L2     CDD    
Ar40     5.7850 5.8793 5.9928 6.1250 6.2311 6.3532
Ar39     5.6843 5.7716 5.8852 6.0110 6.1162 6.2397
Ar36     5.3618 5.4406 5.5486 5.6699 5.7712 5.8908
================================
get initial guess parabolic
get initial guess parabolic
get initial guess parabolic
get initial guess parabolic
get initial guess parabolic
get initial guess parabolic
======== Configuration Finished ========
GetYSymmetry ===>> -2.81
GetZSymmetry ===>> -50.72
GetParameter Trap Current Readback ===>> 197.923274125618
GetHighVoltage ===>> 4500
start measurement
do measurement
L#=25388 analysis type=unknown
Measurement Started jan_unknown120_60.py
23:40:46 -- ******* Measurement Started jan_unknown120_60.py *******
state changed from extraction to measurement
setting spec, defl, and gains
GetExtractionLens ===>> 26.13
GetYSymmetry ===>> -2.81
GetZSymmetry ===>> -50.72
GetZFocus ===>> 74.64
GetDeflection H2 ===>> 0
GetDeflection H1 ===>> 0
GetDeflection AX ===>> 190
GetDeflection L1 ===>> 400
GetDeflection L2 ===>> 825
GetDeflection CDD ===>> 50
GetGain H2 ===>> 0.0113
GetGain H1 ===>> 0.1
GetGain AX ===>> 0.097049
GetGain L1 ===>> 0.010355
GetGain L2 ===>> 0.095649
GetGain CDD ===>> 0
pre measurement save
New frame /Users/jan/PychronDev/data/isotopes/eb/d1edf0-861f-4561-9a2a-bd93611632db.h5
flush and close file /Users/jan/PychronDev/data/isotopes/eb/d1edf0-861f-4561-9a2a-bd93611632db.h5
testing...
no interpolation path defined
executed 226.132928
unknown measurement script
activate_detectors ('H2', 'H1', 'AX', 'L1', 'L2', 'CDD') {}
activate detectors
*************** Set Analysis View Ar/Ar
create graphs
clearing graphs
clear isotope group
setting isotope det=H2, iso=PM41
setting isotope det=H1, iso=Ar40
setting isotope det=AX, iso=Ar39
setting isotope det=L1, iso=Ar38
setting isotope det=L2, iso=Ar37
setting isotope det=CDD, iso=Ar36
setting previous blanks
 - setting Ar40 blank 0.725+/-0.008
 - setting Ar36 blank 0.00604+/-0.00020
 - setting Ar37 blank 0.048+/-0.005
 - setting Ar38 blank 0.0245+/-0.0023
 - setting PM41 blank 0.01+/-0.07
 - setting Ar39 blank 0.049+/-0.009
load analysis view
position_magnet ('Ar40',) {'detector': 'H1'}
detector Detector(H1)
POSITION Ar40 H1
setting detector H2 to PM41 (40.9624)
setting detector H1 to Ar40 (39.9624)
setting detector AX to Ar39 (38.9624)
setting detector L1 to Ar38 (37.9624)
setting detector L2 to Ar37 (36.9624)
setting detector CDD to Ar36 (35.9624)
Mapping mass to dac mass func: "parabolic"
H1 map mass coeffs = [-0.00063987  0.15840543  0.57095999]
H1 map mass to dac 39.9624 >> 5.87935
GetDeflection H1 ===>> 0
GetHighVoltage ===>> 4500
positioning Ar40 (5.87935) on H1
setting magnet DAC
current  : 5.879350
requested: 5.879350
Delta Dac: 0.000000
Checking detector protection. dv=0.00000
Checking detector "CDD". Protection Threshold: 0.1 (V)
SetMagnetDAC 5.87935 ===>> OK
Magnet settling time: 0.500
Get Checksum: -1452036699
equilibrate () {'delay': 3, 'inlet': 'R', 'outlet': 'O', 'eqtime': 12.0}
Equilibration Started
23:40:48 -- ******* Equilibration Started *******
checking ownership. requestor=129.138.12.150
check software interlocks O
interlocks []
actuate state mode=None-script, software_lock=False
doing actuation None-script close_channel True
Close O ===>> OK
GetIndicatorState O ===>> False
change switch state (True, True)
update switch state O False args=() kw={} ncanvase=2
23:40:48 -- CLOSE  VALVE-O (Jan Ion Pump)
waiting 3s before opening inlet value ('R',)
Get Checksum: 1601233651
checking ownership. requestor=129.138.12.150
check software interlocks R
interlocks []
actuate state mode=None-script, software_lock=False
doing actuation None-script open_channel True
Open R ===>> OK
GetIndicatorState R ===>> OK
change switch state (True, True)
update switch state R True args=() kw={} ncanvase=2
23:40:51 -- OPEN   VALVE-R (Jan Inlet)
equilibrating for 12.0sec
set_time_zero () {}
sniff (12.0,) {}
py_sniff
build tables- sniff [Detector(H2), Detector(H1), Detector(AX), Detector(L1), Detector(L2), Detector(CDD)]
add group /sniff/PM41 (Group) '' table H2
add group /sniff/Ar40 (Group) '' table H1
add group /sniff/Ar39 (Group) '' table AX
add group /sniff/Ar38 (Group) '' table L1
add group /sniff/Ar37 (Group) '' table L2
add group /sniff/Ar36 (Group) '' table CDD
flush and close file /Users/jan/PychronDev/data/isotopes/eb/d1edf0-861f-4561-9a2a-bd93611632db.h5
measuring sniff. ncounts=12.0
starting measurement
GetData ===>> H2,-0.00419451692949797,H1,127.025953775878,AX,33.7399674237671,L1,0.0729717611168793,L2,0.327915...
GetData ===>> H2,1.11974494401949,H1,1192.97219276936,AX,307.785554708243,L1,1.58786841548946,L2,1.355798830964...
Get Checksum: 1554461685
GetData ===>> H2,0.598040840606903,H1,1772.83244191254,AX,443.279972924531,L1,3.53502164533115,L2,1.60611363325...
GetData ===>> H2,0.12698156491219,H1,1954.86505075729,AX,480.726176248267,L1,4.74420836538435,L2,1.667024941664...
GetData ===>> H2,0.135451698316194,H1,2019.17949260257,AX,493.0753469739,L1,5.45202808134427,L2,1.6338344873046...
Get Checksum: 1554461685
GetData ===>> H2,0.0611344022679998,H1,2044.83516509715,AX,497.861248592397,L1,5.81363726531974,L2,1.6979263539...
GetData ===>> H2,0.0417744795176636,H1,2055.05304398071,AX,499.891210527332,L1,6.01234505101161,L2,1.6445135087...
GetData ===>> H2,0.017091710338468,H1,2059.4710967948,AX,500.755907449675,L1,6.19763195398482,L2,1.533404173979...
Get Checksum: 1554461685
GetData ===>> H2,0.101739811762966,H1,2060.79860255076,AX,500.949652178768,L1,6.29573460375332,L2,1.60435548954...
GetData ===>> H2,0.118133729724729,H1,2061.6313164054,AX,500.831818393024,L1,6.31103655315738,L2,1.616651676046...
GetData ===>> H2,0.0462473152510649,H1,2061.19217492175,AX,500.948723552068,L1,6.34724062046616,L2,1.6099862589...
Get Checksum: 1554461685
Equilibration Finished
23:41:03 -- ******* Equilibration Finished *******
checking ownership. requestor=129.138.12.150
check software interlocks R
interlocks []
actuate state mode=None-script, software_lock=False
doing actuation None-script close_channel True
GetData ===>> H2,0.0479966099334571,H1,2061.65814393025,AX,500.894453114378,L1,6.42385056305945,L2,1.5853971524...
Close R ===>> OK
set states for children of R. state=False
handle state [('R', False)]
update switch state R False args=() kw={'refresh': False} ncanvase=2
refresh_canvas_needed fired
GetIndicatorState R ===>> False
change switch state (True, True)
update switch state R False args=() kw={} ncanvase=2
23:41:04 -- CLOSE  VALVE-R (Jan Inlet)
Post Equilibration Started jan_pump_extraction_line.py
23:41:04 -- ******* Post Equilibration Started jan_pump_extraction_line.py *******
testing...
no interpolation path defined
calculate duration
testing...
no interpolation path defined
executed 4.0
executed 4.0
Pump after analysis
doing GOSUB
testing...
no interpolation path defined
executed 4.0
Pump Microbone
close () {'description': 'Jan Inlet'}
closing name=--- desc=Jan Inlet
checking ownership. requestor=129.138.12.150
check software interlocks R
interlocks []
actuate state mode=None-script, software_lock=False
doing actuation None-script close_channel False
measurement finished
estimated time: 12.583 actual time: :12.660
flush and close file /Users/jan/PychronDev/data/isotopes/eb/d1edf0-861f-4561-9a2a-bd93611632db.h5
set_fits () {}
using default fits file=/Users/jan/PychronDev/scripts/measurement/fits/nominal_linear.yaml
set "Ar40" to "('Linear', 'SEM')"
No fit for "PM41". defaulting to linear. check the measurement script "jan_unknown120_60.py"
set "PM41" to "linear"
set "Ar36" to "('Linear', 'SEM')"
set "Ar37" to "('linear', 'SEM')"
set "Ar38" to "('linear', 'SEM')"
set "Ar39" to "('Linear', 'SEM')"
set_baseline_fits () {}
using default fits file=/Users/jan/PychronDev/scripts/measurement/fits/nominal_linear.yaml
set "H1" to "('average', 'SEM')"
set "H2" to "('average', 'SEM')"
set "CDD" to "('average', 'SEM')"
set "L2" to "('average', 'SEM')"
set "L1" to "('average', 'SEM')"
set "AX" to "('average', 'SEM')"
multicollect () {'integration_time': 1, 'ncounts': 120}
build tables- signal [Detector(H2), Detector(H1), Detector(AX), Detector(L1), Detector(L2), Detector(CDD)]
add group /signal/PM41 (Group) '' table H2
add group /signal/Ar40 (Group) '' table H1
add group /signal/Ar39 (Group) '' table AX
add group /signal/Ar38 (Group) '' table L1
add group /signal/Ar37 (Group) '' table L2
add group /signal/Ar36 (Group) '' table CDD
flush and close file /Users/jan/PychronDev/data/isotopes/eb/d1edf0-861f-4561-9a2a-bd93611632db.h5
measuring signal. ncounts=120
Close R ===>> OK
GetIndicatorState R ===>> False
change switch state (True, True)
update switch state R False args=() kw={} ncanvase=2
23:41:05 -- CLOSE  VALVE-R (Jan Inlet)
---------------------------------------- close None (Jan Inlet) result=[(True, True)]
starting measurement
GetData ===>> H2,0.00930053785349865,H1,2061.89066959124,AX,501.061548525714,L1,6.47063801755069,L2,1.615238109...
action=close, ok=True, locked=[False]
is_closed ('F',) {}
is F () closed?
is closed True
open () {'description': 'CO2 Laser to Jan'}
opening name=--- desc=CO2 Laser to Jan
checking ownership. requestor=129.138.12.150
check software interlocks A
interlocks []
actuate state mode=None-script, software_lock=False
doing actuation None-script open_channel False
Open A ===>> OK
GetIndicatorState A ===>> OK
change switch state (True, True)
update switch state A True args=() kw={} ncanvase=2
23:41:05 -- OPEN   VALVE-A (CO2 Laser to Jan)
---------------------------------------- open None (CO2 Laser to Jan) result=[(True, True)], time=0.12 sec
action=open, ok=True, locked=[False]
sleep (1,) {}
SLEEP 1.0
Get Checksum: 1601233651
GetData ===>> H2,0.144711130013734,H1,2062.13095351435,AX,500.886783796583,L1,6.50655320193855,L2,1.57848115964...
close () {'description': 'CO2 Laser to Roughing'}
closing name=--- desc=CO2 Laser to Roughing
checking ownership. requestor=129.138.12.150
check software interlocks G
interlocks []
actuate state mode=None-script, software_lock=True
VALVE-G(CO2 Laser to Roughing) software locked
change switch state (True, False)
---------------------------------------- close None (CO2 Laser to Roughing) result=[(True, False)]
action=close, ok=True, locked=[True]
open () {'description': 'Microbone to Turbo'}
opening name=--- desc=Microbone to Turbo
checking ownership. requestor=129.138.12.150
check software interlocks U
interlocks []
actuate state mode=None-script, software_lock=False
doing actuation None-script open_channel True
Open U ===>> OK
GetIndicatorState U ===>> OK
change switch state (True, True)
update switch state U True args=() kw={} ncanvase=2
23:41:07 -- OPEN   VALVE-U (Microbone to Turbo)
---------------------------------------- open None (Microbone to Turbo) result=[(True, True)], time=0.26 sec
action=open, ok=True, locked=[False]
open () {'description': 'Microbone to Getter NP-10'}
opening name=--- desc=Microbone to Getter NP-10
checking ownership. requestor=129.138.12.150
check software interlocks M
interlocks []
actuate state mode=None-script, software_lock=False
doing actuation None-script open_channel False
GetData ===>> H2,0.0757925182231447,H1,2061.67270385839,AX,500.411421293335,L1,6.49278782443834,L2,1.6841937268...
Open M ===>> OK
GetIndicatorState M ===>> OK
change switch state (True, True)
update switch state M True args=() kw={} ncanvase=2
23:41:07 -- OPEN   VALVE-M (Microbone to Getter NP-10)
---------------------------------------- open None (Microbone to Getter NP-10) result=[(True, True)], time=0.15 sec
action=open, ok=True, locked=[False]
open () {'description': 'Microbone to Getter D-50'}
opening name=--- desc=Microbone to Getter D-50
checking ownership. requestor=129.138.12.150
check software interlocks K
interlocks []
actuate state mode=None-script, software_lock=False
doing actuation None-script open_channel False
Open K ===>> OK
GetIndicatorState K ===>> OK
change switch state (True, True)
update switch state K True args=() kw={} ncanvase=2
23:41:08 -- OPEN   VALVE-K (Microbone to Getter D-50)
---------------------------------------- open None (Microbone to Getter D-50) result=[(True, True)], time=0.42 sec
action=open, ok=True, locked=[False]
open () {'description': 'Microbone to CO2 Laser'}
opening name=--- desc=Microbone to CO2 Laser
checking ownership. requestor=129.138.12.150
check software interlocks T
interlocks []
actuate state mode=None-script, software_lock=False
doing actuation None-script open_channel False
GetData ===>> H2,-0.00475895067717113,H1,2060.65140490248,AX,500.507944962584,L1,6.50028305341161,L2,1.69387767...
Open T ===>> OK
GetIndicatorState T ===>> OK
change switch state (True, True)
update switch state T True args=() kw={} ncanvase=2
23:41:09 -- OPEN   VALVE-T (Microbone to CO2 Laser)
---------------------------------------- open None (Microbone to CO2 Laser) result=[(True, True)], time=0.39 sec
action=open, ok=True, locked=[False]
open () {'description': 'Microbone to Inlet Pipette'}
opening name=--- desc=Microbone to Inlet Pipette
checking ownership. requestor=129.138.12.150
check software interlocks S
interlocks []
actuate state mode=None-script, software_lock=False
doing actuation None-script open_channel False
Open S ===>> OK
Get Checksum: 968834110
GetIndicatorState S ===>> OK
change switch state (True, True)
update switch state S True args=() kw={} ncanvase=2
23:41:09 -- OPEN   VALVE-S (Microbone to Inlet Pipette)
---------------------------------------- open None (Microbone to Inlet Pipette) result=[(True, True)], time=0.42 sec
GetData ===>> H2,-0.0551811586587452,H1,2059.31363811592,AX,500.165433268501,L1,6.45659488955775,L2,1.650411042...
action=open, ok=True, locked=[False]
sleep (1,) {}
SLEEP 1.0
GetData ===>> H2,-0.102076537296461,H1,2058.86782936981,AX,500.081705351382,L1,6.48476711147534,L2,1.5727488438...
set_resource () {'name': 'CO2PumpTimeFlag', 'value': 30}
Set CO2PumpTimeFlag 30 ===>> OK
release ('JanCO2Flag',) {}
release JanCO2Flag
Set JanCO2Flag 0 ===>> OK
executed 6.0
PumpMicrobone.py completed successfully
gosub finished
get_resource_value () {'name': 'JanMiniboneFlag'}
Read JanMiniboneFlag ===>> 0
Get Resource Value JanMiniboneFlag=0.0
get resource value 0.0
get_resource_value () {'name': 'JanMiniboneFlag'}
Read JanMiniboneFlag ===>> 0
Get Resource Value JanMiniboneFlag=0.0
executed 4.0
jan_pump_extraction_line.py completed successfully
Post Equilibration Finished
23:41:11 -- ******* Post Equilibration Finished *******
GetData ===>> H2,-0.0519248375055979,H1,2057.23504283591,AX,500.002199676738,L1,6.4725834332485,L2,1.6672434133...
Get Checksum: 968834110
GetData ===>> H2,0.0297062922690401,H1,2056.6296399852,AX,499.774424503384,L1,6.46373543515645,L2,1.69209492431...
GetData ===>> H2,-0.0939439921725336,H1,2055.96343023052,AX,499.494303313876,L1,6.44693689093263,L2,1.547549076...
GetData ===>> H2,-0.00195282730805452,H1,2055.19445472173,AX,499.44503619124,L1,6.45112338029897,L2,1.596840648...
Get Checksum: 968834110
GetData ===>> H2,-0.0421721412585762,H1,2054.16837514063,AX,499.109622605349,L1,6.42096602393562,L2,1.638363443...
GetData ===>> H2,-0.139941633289815,H1,2053.06324071094,AX,498.789256317851,L1,6.43071241084565,L2,1.5765397159...
GetData ===>> H2,-0.136749960358668,H1,2051.89752866842,AX,498.608521211682,L1,6.38790705153697,L2,1.5958525017...
GetData ===>> H2,-0.151665110798305,H1,2051.14119803957,AX,498.437697332175,L1,6.38632848889169,L2,1.5985297129...
GetData ===>> H2,-0.149896152900617,H1,2049.92146517275,AX,498.238331057389,L1,6.41431275913129,L2,1.4728642380...
Get Checksum: 968834110
GetData ===>> H2,-0.162911735758715,H1,2049.64086037912,AX,498.012636517974,L1,6.41790802014789,L2,1.6010806014...
GetData ===>> H2,-0.177497510010138,H1,2049.20309235708,AX,497.713642265999,L1,6.41555959679301,L2,1.6513307682...
GetData ===>> H2,-0.042975381924175,H1,2048.21302025484,AX,497.5747667799,L1,6.44015668865497,L2,1.586431147461...
Get Checksum: 968834110
GetData ===>> H2,-0.0580649387767741,H1,2047.8286300855,AX,497.552405076083,L1,6.41996877141339,L2,1.6426167178...
GetData ===>> H2,-0.0638533530631243,H1,2046.33432707527,AX,497.238764090892,L1,6.34998302265675,L2,1.508995192...
GetData ===>> H2,-0.0318742481529645,H1,2045.24953990862,AX,496.970756280266,L1,6.38582920288055,L2,1.638857733...
Get Checksum: 968834110
GetData ===>> H2,-0.127922068263298,H1,2045.61265905232,AX,496.963460384415,L1,6.38462688553382,L2,1.6197087283...
GetData ===>> H2,-0.185556596134115,H1,2045.12425279091,AX,496.628319935732,L1,6.34270997372236,L2,1.6311333075...
GetData ===>> H2,-0.118143065676034,H1,2043.78122131992,AX,496.649621731308,L1,6.3359388768006,L2,1.55682880826...
Get Checksum: 968834110
23:41:30 -- collecting point 25
GetData ===>> H2,-0.0866853601477102,H1,2042.27152479076,AX,496.074492867507,L1,6.35701834978255,L2,1.511396743...
GetData ===>> H2,-0.161288694396108,H1,2041.17530269807,AX,496.09458368376,L1,6.40819102959602,L2,1.59476095621...
Get Checksum: 968834110
GetData ===>> H2,-0.114672206353067,H1,2041.05283954788,AX,495.674648140795,L1,6.41741582963942,L2,1.6725443786...
GetData ===>> H2,-0.0268848544948301,H1,2040.42282753708,AX,495.478666610986,L1,6.38796868091611,L2,1.570474392...
GetData ===>> H2,-0.116767027333738,H1,2039.35069753209,AX,495.475252789718,L1,6.36883189426735,L2,1.5506039391...
Get Checksum: 968834110
GetData ===>> H2,-0.189285338029818,H1,2037.76469946362,AX,495.212427335733,L1,6.36983784465853,L2,1.4614935441...
GetData ===>> H2,-0.122636691883864,H1,2037.77110201219,AX,495.183252337125,L1,6.31498132347052,L2,1.5909923467...
set states for children of V. state=False
handle state [('V', False)]
update switch state V False args=() kw={'refresh': False} ncanvase=2
refresh_canvas_needed fired
GetData ===>> H2,-0.0547212597736545,H1,2036.62195053191,AX,495.241904377078,L1,6.29112498822855,L2,1.642260355...
Get Checksum: 2052577745
GetData ===>> H2,-0.013515656483307,H1,2035.61515594163,AX,494.857639313291,L1,6.35111612557405,L2,1.6502615877...
set states for children of H. state=True
handle state [('H', True)]
update switch state H True args=() kw={'refresh': False} ncanvase=2
refresh_canvas_needed fired
GetData ===>> H2,-0.0957684309396548,H1,2035.15197465727,AX,494.590447725913,L1,6.37623065073906,L2,1.573610392...
GetData ===>> H2,-0.113328232046762,H1,2034.44459678562,AX,494.73153100222,L1,6.37241544743165,L2,1.55607077688...
Get Checksum: 1671910529
GetData ===>> H2,-0.16829365415041,H1,2033.91531660655,AX,494.069128635823,L1,6.35743834612331,L2,1.59119915684...
GetData ===>> H2,-0.0692089963586081,H1,2032.89968763331,AX,494.093390522036,L1,6.36448711308658,L2,1.604792149...
GetData ===>> H2,0.0191775162723699,H1,2031.83613398153,AX,493.840244035581,L1,6.31887681552946,L2,1.6425592399...
Get Checksum: 1671910529
GetData ===>> H2,-0.10440311286735,H1,2030.53590408274,AX,493.697742930621,L1,6.3073371347043,L2,1.536737329921...
GetData ===>> H2,-0.0581042703326618,H1,2030.16322494568,AX,493.787723801092,L1,6.30508160676332,L2,1.554864830...
GetData ===>> H2,-0.135051694675313,H1,2029.2074631818,AX,493.802166066817,L1,6.30614308000925,L2,1.66214970162...
Get Checksum: 1671910529
GetData ===>> H2,-0.138794032188896,H1,2028.43817941145,AX,493.631200960286,L1,6.32423873687165,L2,1.6282138195...
GetData ===>> H2,-0.0673901618333387,H1,2027.78300500209,AX,493.094324716355,L1,6.32096928335297,L2,1.526554325...
GetData ===>> H2,-0.137859915431195,H1,2027.03234006966,AX,492.697732224358,L1,6.3424905807203,L2,1.67901862065...
Get Checksum: 1671910529
GetData ===>> H2,0.000259917884157291,H1,2025.95223452033,AX,492.641533436335,L1,6.34172667949435,L2,1.59556525...
GetData ===>> H2,-0.0624597383317808,H1,2024.86265051695,AX,492.515971925233,L1,6.30382697225313,L2,1.596358063...
GetData ===>> H2,-0.0970752912909068,H1,2024.13976685035,AX,492.240053130494,L1,6.3179213600327,L2,1.5346684609...
Get Checksum: 1671910529
GetData ===>> H2,-0.176576954732215,H1,2023.55841923182,AX,492.070876957187,L1,6.31805221867096,L2,1.6136521813...
GetData ===>> H2,-0.0934008027511657,H1,2023.30605951534,AX,491.841774767764,L1,6.28981342359178,L2,1.620995937...
23:41:57 -- collecting point 50
GetData ===>> H2,-0.0711360198224028,H1,2022.83145746379,AX,491.7347916774,L1,6.25246296340326,L2,1.59287663306...
Get Checksum: 1671910529
GetData ===>> H2,-0.154330748025882,H1,2021.47544999037,AX,491.415110011942,L1,6.24787569889517,L2,1.5173606631...
GetData ===>> H2,-0.134159192019503,H1,2021.13496924822,AX,491.333873394304,L1,6.30368827624827,L2,1.5277035950...
Get Checksum: 1671910529
GetData ===>> H2,-0.090721049615057,H1,2019.84993324294,AX,491.524248289508,L1,6.2989262120419,L2,1.52460059895...
GetData ===>> H2,0.0264580067225965,H1,2018.66061321557,AX,491.257622644838,L1,6.26541903866935,L2,1.5818127221...
GetData ===>> H2,0.0123578542873737,H1,2018.44080000663,AX,490.909183406438,L1,6.26222917923322,L2,1.5353580790...
Get Checksum: 1671910529
GetData ===>> H2,0.0207355927879449,H1,2016.95825396165,AX,490.401433642536,L1,6.23571436458507,L2,1.5995868297...
GetData ===>> H2,-0.0929713802725445,H1,2016.24873025892,AX,490.558394072862,L1,6.23264084627067,L2,1.521693067...
GetData ===>> H2,-0.117216253858391,H1,2015.27158637664,AX,490.49558493698,L1,6.23747771837186,L2,1.38819052386...
set states for children of H. state=False
handle state [('H', False)]
update switch state H False args=() kw={'refresh': False} ncanvase=2
refresh_canvas_needed fired
Get Checksum: 2052577745
GetData ===>> H2,-0.0758687926438757,H1,2015.29839207215,AX,490.251191023997,L1,6.22824394380017,L2,1.569038528...
GetData ===>> H2,-0.0110392821171855,H1,2014.96473040618,AX,489.547866263344,L1,6.27307041156958,L2,1.630282738...
set states for children of C. state=True
set states for children of B. state=True
set states for children of D. state=True
handle state [('C', True), ('B', True), ('D', True)]
update switch state C True args=() kw={'refresh': True} ncanvase=2
update switch state B True args=() kw={'refresh': True} ncanvase=2
update switch state D True args=() kw={'refresh': False} ncanvase=2
refresh_canvas_needed fired
GetData ===>> H2,0.0253323495314411,H1,2013.4361013798,AX,489.472967782566,L1,6.58404118928897,L2,1.64962928229...
Get Checksum: -110011688
GetData ===>> H2,-0.0326008085618713,H1,2012.20309412202,AX,489.359324612452,L1,6.50825332708779,L2,1.521486210...
GetData ===>> H2,-0.0183173662727148,H1,2011.34345336587,AX,489.428510142495,L1,6.34942755357028,L2,1.578297352...
GetData ===>> H2,-0.0334481775147679,H1,2010.73106289481,AX,489.317909683593,L1,6.30437388999722,L2,1.489681541...
Get Checksum: -110011688
GetData ===>> H2,-0.0344828599299128,H1,2010.08062281794,AX,488.911891796252,L1,6.25519281239183,L2,1.586074992...
GetData ===>> H2,-0.199981425426057,H1,2008.88789472596,AX,488.577611171256,L1,6.22684302390395,L2,1.6630465433...
GetData ===>> H2,-0.242145947184228,H1,2008.23736939615,AX,488.711715734817,L1,6.22518022913799,L2,1.5082942722...
Get Checksum: -110011688
GetData ===>> H2,-0.148406503305796,H1,2007.82472369741,AX,488.430323165674,L1,6.16979124421999,L2,1.4541090544...
GetData ===>> H2,0.031445171517707,H1,2007.13904948572,AX,488.492981008043,L1,6.18076925198605,L2,1.66308103740...
GetData ===>> H2,-0.0240244432385029,H1,2005.95770859138,AX,488.195843985775,L1,6.23213651827995,L2,1.595576741...
Get Checksum: -110011688
GetData ===>> H2,-0.0186175758186488,H1,2005.1930853784,AX,487.752695759538,L1,6.21801644295362,L2,1.4979074655...
GetData ===>> H2,0.0362560419458258,H1,2004.6852943473,AX,487.679248288341,L1,6.21683856142762,L2,1.64473192951...
GetData ===>> H2,-0.0344543463189827,H1,2003.00144365766,AX,487.46446035635,L1,6.21760024612069,L2,1.5707041323...
Get Checksum: -110011688
GetData ===>> H2,-0.166873842683248,H1,2002.50883931928,AX,487.068251068595,L1,6.19539271600814,L2,1.5336340431...
23:42:23 -- collecting point 75
GetData ===>> H2,-0.165051580567004,H1,2001.86709607945,AX,487.24989085927,L1,6.21396340216533,L2,1.59702449063...
GetData ===>> H2,-0.169400227910133,H1,2001.35502823675,AX,487.0144824122,L1,6.22679591035132,L2,1.540532446737...
Get Checksum: -110011688
GetData ===>> H2,-0.121457320978056,H1,2000.34801522389,AX,487.018748494085,L1,6.23515491835593,L2,1.6415591294...
GetData ===>> H2,-0.0677143452803549,H1,1999.87432522441,AX,486.636176591531,L1,6.19917155289894,L2,1.473702736...
Get Checksum: -110011688
GetData ===>> H2,-0.0335459468012722,H1,1998.77385035,AX,486.510442813202,L1,6.16959221323584,L2,1.558896196857...
GetData ===>> H2,-0.0146123201165871,H1,1998.1649589094,AX,486.480925200055,L1,6.20632732112846,L2,1.6104574198...
GetData ===>> H2,-0.0820681719470439,H1,1997.72742729343,AX,486.300859937208,L1,6.21447369321956,L2,1.624294488...
Get Checksum: -110011688
GetData ===>> H2,-0.130642894743229,H1,1996.70518444067,AX,485.966631567577,L1,6.25221453743901,L2,1.4613786955...
GetData ===>> H2,-0.225644512997581,H1,1995.97895377773,AX,485.744101381915,L1,6.21803528991373,L2,1.5829730519...
GetData ===>> H2,-0.141783770123299,H1,1994.78280789109,AX,485.417776786685,L1,6.21786566824305,L2,1.4250589338...
Get Checksum: -110011688
GetData ===>> H2,-0.146907202308046,H1,1993.48242301111,AX,485.563097207755,L1,6.20672619924124,L2,1.6163069017...
GetData ===>> H2,-0.0774789235044192,H1,1992.60958197898,AX,485.345977156994,L1,6.19500045702958,L2,1.478825774...
GetData ===>> H2,-0.0441407942775717,H1,1992.27765114023,AX,484.585328483842,L1,6.2050129932885,L2,1.5775736160...
Get Checksum: -110011688
GetData ===>> H2,-0.00610395855959933,H1,1991.45737115195,AX,484.582454206477,L1,6.18368383477887,L2,1.54176118...
GetData ===>> H2,-0.0224951380613618,H1,1991.61282715687,AX,484.758226014625,L1,6.1805496647905,L2,1.5256808899...
GetData ===>> H2,0.0373909506387596,H1,1990.23101343254,AX,484.506193534808,L1,6.18990529024673,L2,1.5933477104...
Get Checksum: -110011688
GetData ===>> H2,-0.0335133571322989,H1,1988.67928407989,AX,484.107952056539,L1,6.15965518629845,L2,1.567809446...
GetData ===>> H2,-0.0807066306784153,H1,1988.08439114081,AX,484.078532872754,L1,6.15615776521633,L2,1.603482175...
GetData ===>> H2,-0.0776523920164258,H1,1988.19255769632,AX,484.060368778511,L1,6.18927794300056,L2,1.533794951...
Get Checksum: -110011688
GetData ===>> H2,-0.139888919175579,H1,1986.45099868764,AX,484.074932340294,L1,6.16763497444908,L2,1.5062145233...
GetData ===>> H2,-0.116009255572067,H1,1986.69151316559,AX,483.462000606872,L1,6.18022342772244,L2,1.6155713875...
GetData ===>> H2,-0.0700430402395549,H1,1986.00130892891,AX,483.137644559337,L1,6.2007191802865,L2,1.6648517499...
Get Checksum: -110011688
GetData ===>> H2,-0.0143568490377781,H1,1984.56211864708,AX,483.176469875137,L1,6.20335810030979,L2,1.599563848...
GetData ===>> H2,-0.047794754360464,H1,1984.26021816112,AX,482.813160204758,L1,6.15737204211461,L2,1.4353690018...
GetData ===>> H2,-0.0681036244960398,H1,1983.51329726951,AX,482.643400038189,L1,6.17942825874864,L2,1.577389810...
Get Checksum: -110011688
23:42:49 -- collecting point 100
GetData ===>> H2,-0.0694761682896262,H1,1982.4059877313,AX,482.695188172943,L1,6.13886587880958,L2,1.6504340354...
GetData ===>> H2,-0.0480906826241591,H1,1981.65038769147,AX,482.192240400843,L1,6.12685985808383,L2,1.461895515...
Get Checksum: -110011688
GetData ===>> H2,-0.138062696951346,H1,1980.98851266465,AX,482.028808779477,L1,6.19943052452812,L2,1.5623649150...
GetData ===>> H2,-0.186967324312186,H1,1980.76697443103,AX,481.940209538922,L1,6.18722359002271,L2,1.4690164288...
GetData ===>> H2,-0.144186342725173,H1,1979.72303755969,AX,481.98545395362,L1,6.13433977942306,L2,1.62823680729...
Get Checksum: -110011688
GetData ===>> H2,-0.158405264820407,H1,1977.94760776583,AX,481.544920744162,L1,6.12779298772694,L2,1.6208580211...
GetData ===>> H2,-0.289631307730906,H1,1977.70819775546,AX,481.446280912375,L1,6.11392343241674,L2,1.5343811215...
GetData ===>> H2,-0.286291296577805,H1,1976.94516118938,AX,481.074131419182,L1,6.11777626875108,L2,1.5066971130...
Get Checksum: -110011688
GetData ===>> H2,-0.154106444956003,H1,1976.0794716681,AX,480.961946642414,L1,6.13804226630352,L2,1.64705411744...
GetData ===>> H2,-0.111297757735607,H1,1975.02402196871,AX,480.829661248965,L1,6.11680786935669,L2,1.5237616579...
GetData ===>> H2,-0.0461167771546016,H1,1973.72483444607,AX,480.609377597541,L1,6.10225178998241,L2,1.552774558...
GetData ===>> H2,-0.0675800612073117,H1,1974.67134800588,AX,480.649016993783,L1,6.09214857068363,L2,1.463078469...
GetData ===>> H2,-0.0916559189728423,H1,1973.30218138747,AX,480.945577888656,L1,6.17487931037272,L2,1.506375386...
Get Checksum: -110011688
GetData ===>> H2,-0.15133429614291,H1,1972.82558897132,AX,480.582536090377,L1,6.1203266767488,L2,1.568716898011...
GetData ===>> H2,-0.00912930682627373,H1,1971.75942309473,AX,480.300673883773,L1,6.12774445082577,L2,1.53787981...
GetData ===>> H2,-0.00544983398334182,H1,1970.78639652829,AX,480.01873591784,L1,6.16216914052025,L2,1.546905959...
Get Checksum: -110011688
GetData ===>> H2,-0.137905879560128,H1,1969.8034287742,AX,479.829331570439,L1,6.17102310927177,L2,1.47655138736...
GetData ===>> H2,-0.151716419961791,H1,1969.22441832606,AX,479.618307407771,L1,6.09402387038135,L2,1.5400156938...
GetData ===>> H2,-0.0929334494315471,H1,1968.03644706192,AX,479.538341315599,L1,6.12469481431188,L2,1.617053914...
Get Checksum: -110011688
GetData ===>> H2,-0.0541283833588839,H1,1967.65886029579,AX,479.394966089067,L1,6.15202849616358,L2,1.508570043...
GetData ===>> H2,-0.107304235892631,H1,1966.91905380229,AX,479.260450164096,L1,6.09919327165454,L2,1.4743229998...
measurement finished
estimated time: 125.829 actual time: :126.131
flush and close file /Users/jan/PychronDev/data/isotopes/eb/d1edf0-861f-4561-9a2a-bd93611632db.h5
baselines () {'settling_time': 15.0, 'detector': 'H1', 'mass': 34.2, 'ncounts': 60}
%%%%%%%%%%%%%%%%%%%%%%%%%%%%%%%% Baseline
build tables- baseline [Detector(H2), Detector(H1), Detector(AX), Detector(L1), Detector(L2), Detector(CDD)]
add group baseline table H2
add group baseline table H1
add group baseline table AX
add group baseline table L1
add group baseline table L2
add group baseline table CDD
flush and close file /Users/jan/PychronDev/data/isotopes/eb/d1edf0-861f-4561-9a2a-bd93611632db.h5
detector Detector(H1)
POSITION 34.2 H1
Mapping mass to dac mass func: "parabolic"
H1 map mass coeffs = [-0.00063987  0.15840543  0.57095999]
H1 map mass to dac 34.2 >> 5.24000599104
GetDeflection H1 ===>> 0
GetHighVoltage ===>> 4500
positioning 34.2 (5.24000599104) on H1
setting magnet DAC
current  : 5.879350
requested: 5.240006
Delta Dac: 0.639344
Checking detector protection. dv=0.63934
Checking detector "CDD". Protection Threshold: 0.1 (V)
ProtectDetector CDD,On ===>> OK
GetDeflection CDD ===>> 2000
SetMagnetDAC 5.24000599104 ===>> OK
Magnet settling time: 0.500
Get Checksum: -110011688
GetMagnetMoving ===>> True
GetMagnetMoving ===>> True
GetMagnetMoving ===>> True
GetMagnetMoving ===>> True
GetMagnetMoving ===>> True
GetMagnetMoving ===>> True
GetMagnetMoving ===>> True
GetMagnetMoving ===>> True
GetMagnetMoving ===>> False
ProtectDetector CDD,Off ===>> OK
GetDeflection CDD ===>> 50
Delaying 15.0s for detectors to settle
Get Checksum: -110011688
Get Checksum: -110011688
Get Checksum: -110011688
Get Checksum: -110011688
Get Checksum: -110011688
Join finished
measuring baseline. ncounts=60
starting measurement
GetData ===>> H2,-0.213233208749104,H1,-0.0423877945317617,AX,-0.0708313813056136,L1,-0.111751296787304,L2,-0.0...
Get Checksum: -110011688
GetData ===>> H2,-0.15322270172001,H1,-0.112092330564972,AX,-0.125439161746538,L1,-0.084920702071786,L2,0.05341...
GetData ===>> H2,-0.101082961959375,H1,-0.066816131211067,AX,-0.151637910031061,L1,-0.0772427161121684,L2,-0.03...
GetData ===>> H2,-0.0810656598724205,H1,-0.196472769062184,AX,-0.207132882811474,L1,-0.0571363825151945,L2,-0.1...
Get Checksum: -110011688
GetData ===>> H2,-0.241584701182169,H1,-0.135191112611932,AX,-0.0938278668295153,L1,-0.0474988648277452,L2,-0.0...
GetData ===>> H2,-0.300851434769761,H1,-0.0676028891970269,AX,-0.126771523717291,L1,-0.0492544942192313,L2,-0.0...
GetData ===>> H2,-0.143352661752112,H1,-0.0402057642684415,AX,-0.15498844207869,L1,-0.0693335606625098,L2,-0.04...
Get Checksum: -110011688
GetData ===>> H2,-0.209115418665532,H1,-0.0171901983346821,AX,-0.152542217249678,L1,-0.0844881947281598,L2,-0.0...
GetData ===>> H2,-0.179157559838621,H1,0.0197411659296211,AX,-0.0378919679857452,L1,-0.0774507589446157,L2,0.10...
GetData ===>> H2,-0.227300663939385,H1,-0.0265878666554141,AX,-0.157967884004117,L1,-0.103345020407069,L2,-0.06...
Get Checksum: -110011688
GetData ===>> H2,-0.117907649111997,H1,-0.0496728078267726,AX,-0.125103171933612,L1,-0.0777723798900481,L2,0.00...
GetData ===>> H2,-0.0425140681948822,H1,-0.0301296522888571,AX,-0.066518935131358,L1,-0.0869503699318652,L2,0.0...
Get Checksum: -110011688
GetData ===>> H2,-0.0674281419616652,H1,0.0223898687470527,AX,-0.0552616226378091,L1,-0.0760565504149101,L2,-0....
GetData ===>> H2,-0.201349905039393,H1,-0.0300461773019343,AX,-0.063933694318894,L1,-0.0674816731854605,L2,0.02...
GetData ===>> H2,-0.164053936645974,H1,0.00461388216408416,AX,-0.0272692096132348,L1,-0.0615662567496592,L2,0.0...
Get Checksum: -110011688
GetData ===>> H2,-0.155662962743783,H1,0.0223302125068382,AX,-0.138153460188859,L1,-0.0147637503541233,L2,-0.04...
GetData ===>> H2,-0.121500602810065,H1,0.0184526331408421,AX,-0.0980348009834011,L1,-0.0346544148265862,L2,-0.0...
GetData ===>> H2,-0.163890579272363,H1,0.0634298533529478,AX,-0.0728947960118419,L1,-0.0354680841530439,L2,-0.0...
Get Checksum: -110011688
GetData ===>> H2,-0.165066429813054,H1,0.0568532544003687,AX,-0.0368019129795143,L1,-0.0444739629238095,L2,-0.0...
GetData ===>> H2,-0.106589848981737,H1,0.00858636232738981,AX,-0.143162519632288,L1,-0.0384441867110722,L2,0.03...
GetData ===>> H2,-0.220933254224403,H1,-0.00168450199298213,AX,-0.266232414865927,L1,-0.0363511823650781,L2,-0....
Get Checksum: -110011688
GetData ===>> H2,-0.242042313931221,H1,-0.039955364310029,AX,-0.00315495631330553,L1,-0.0685038999400142,L2,-0....
GetData ===>> H2,-0.246044289167209,H1,0.103540385325851,AX,0.0321398714998081,L1,-0.0931670304536912,L2,0.0888...
GetData ===>> H2,-0.236232959890723,H1,0.0125590001385013,AX,-0.0303077152242984,L1,-0.0333579956936421,L2,-0.1...
Get Checksum: -110011688
23:43:55 -- collecting point 25
GetData ===>> H2,-0.127561134674188,H1,0.061102332469676,AX,-0.215567941915218,L1,-0.0203366421038145,L2,-0.100...
GetData ===>> H2,-0.261168647432199,H1,0.0238096977568382,AX,-0.115173569765535,L1,0.0126049490118699,L2,-0.011...
GetData ===>> H2,-0.316990516863379,H1,0.0854090900347384,AX,-0.046739515926211,L1,-0.00444680801631185,L2,0.05...
Get Checksum: -110011688
GetData ===>> H2,-0.281392552682164,H1,-0.00714755214186162,AX,-0.140646427108504,L1,-0.0659236232597543,L2,-0....
GetData ===>> H2,-0.232793846011627,H1,-0.0039866533607434,AX,-0.00324775950390609,L1,-0.0573266847095879,L2,-0...
GetData ===>> H2,-0.139768621946194,H1,0.0233920988989446,AX,-0.0604093092083904,L1,-0.0271154092534741,L2,-0.0...
Get Checksum: -110011688
GetData ===>> H2,-0.23717597680461,H1,-0.0301415772812728,AX,-0.0709820816136846,L1,0.00453642944878678,L2,-0.0...
GetData ===>> H2,-0.24779722963065,H1,-0.0245605255462909,AX,-0.0344826063843096,L1,-0.0131559532373429,L2,0.09...
GetData ===>> H2,-0.195727970039922,H1,0.0218887574336748,AX,-0.0706806807642508,L1,-0.0207670426545912,L2,-0.0...
Get Checksum: -110011688
GetData ===>> H2,-0.0549491765873046,H1,0.060708449672764,AX,0.00368952288617597,L1,0.00764576227063837,L2,-0.0...
GetData ===>> H2,-0.0919878468431419,H1,0.0866137650834322,AX,-0.0791427343702307,L1,0.0146087590511172,L2,-0.1...
Get Checksum: -110011688
GetData ===>> H2,-0.20598128343584,H1,0.100593826463169,AX,-0.0664841565627729,L1,-0.000951678859683305,L2,-0.0...
GetData ===>> H2,-0.271100374448251,H1,-0.00916331848481704,AX,-0.183967466371786,L1,-0.0110629928631946,L2,0.0...
GetData ===>> H2,-0.201624929239241,H1,0.074066771202408,AX,-0.0715848805117152,L1,-0.0176459215995,L2,0.001686...
Get Checksum: -110011688
GetData ===>> H2,-0.127229930832209,H1,0.122271551634534,AX,-0.107919800854849,L1,-0.0173185254826624,L2,-0.056...
GetData ===>> H2,-0.237309149738725,H1,0.0385341538107432,AX,-0.0920662315517296,L1,0.0106195410921894,L2,-0.09...
GetData ===>> H2,-0.242795988622727,H1,0.00966003267588462,AX,-0.0680028091456612,L1,0.00452682384734355,L2,-0....
Get Checksum: -110011688
GetData ===>> H2,-0.115630350726663,H1,-0.0237853548578969,AX,0.00236699278303183,L1,-0.0122629620991645,L2,-0....
GetData ===>> H2,-0.218646953033641,H1,0.0513989437573194,AX,-0.0133395784953532,L1,0.00198526346978058,L2,-0.1...
GetData ===>> H2,-0.215568246635688,H1,-0.125723139947831,AX,-0.169965879965797,L1,-0.0065531381826708,L2,-0.04...
Get Checksum: -110011688
GetData ===>> H2,-0.177774201881944,H1,0.0317802041446715,AX,-0.10734040301572,L1,-0.0161179819031096,L2,0.0214...
GetData ===>> H2,-0.184028333683253,H1,-0.0236064684618452,AX,-0.0265965505083507,L1,0.0153916618687661,L2,-0.0...
GetData ===>> H2,-0.115942948136821,H1,0.0461836116854688,AX,-0.00476739916312689,L1,0.0332219718776283,L2,-0.0...
Get Checksum: -110011688
GetData ===>> H2,-0.132375328605218,H1,0.00454230739073154,AX,-0.091706946756649,L1,0.0347387149306278,L2,0.040...
GetData ===>> H2,-0.151494978752591,H1,0.0326393385267078,AX,-0.0908261139036283,L1,0.0316561919716037,L2,-0.03...
23:44:21 -- collecting point 50
GetData ===>> H2,-0.276315464318244,H1,0.0218291014920659,AX,-0.0503339648635752,L1,-0.0102105801544503,L2,0.00...
Get Checksum: -110011688
GetData ===>> H2,-0.193039809579971,H1,0.0304676519634619,AX,-0.045464034389623,L1,0.00361553407045847,L2,-0.03...
GetData ===>> H2,-0.190218342768041,H1,0.0210774396729676,AX,-0.094836156878945,L1,-0.023273550132821,L2,-0.000...
GetData ===>> H2,-0.0970915414581202,H1,-0.028424363740309,AX,-0.0777517624020494,L1,0.00480418927558529,L2,-0....
Get Checksum: -110011688
GetData ===>> H2,-0.162819922650334,H1,0.0156131472059286,AX,-0.0597136918007726,L1,0.0769667171875368,L2,-0.08...
GetData ===>> H2,-0.287326846204438,H1,-0.0351260997004442,AX,5.84087321676097E-05,L1,0.0249860260765416,L2,0.0...
GetData ===>> H2,-0.280259436280261,H1,0.00902775874334085,AX,-0.0961573487131607,L1,0.019878916066501,L2,-0.03...
Get Checksum: -110011688
GetData ===>> H2,-0.219423026968581,H1,0.114611632244244,AX,-0.0395966039988501,L1,0.00151471897225376,L2,0.030...
GetData ===>> H2,-0.123645551861902,H1,0.0295966041060637,AX,-0.0482584766748251,L1,-0.0470643979300215,L2,0.02...
Get Checksum: -110011688
GetData ===>> H2,-0.311891592880676,H1,-0.0203506801907725,AX,0.0425613699558948,L1,-0.016128776639413,L2,0.012...
GetData ===>> H2,-0.300656922512257,H1,0.0215188911684596,AX,-0.0630642032745984,L1,-0.0194410142455515,L2,-0.0...
measurement finished
estimated time: 62.915 actual time: :63.099
flush and close file /Users/jan/PychronDev/data/isotopes/eb/d1edf0-861f-4561-9a2a-bd93611632db.h5
activate_detectors ('H1', 'AX', 'CDD') {'peak_center': True}
peak_center () {'detector': 'H1', 'integration_time': 0.262144, 'isotope': 'Ar40'}
peak center: mean=1970.49871462 threshold=3
peak center started
setup peak center. detector=['H1', 'AX', 'CDD'], isotope=Ar40
VersionedUnpickler [<apptools.sweet_pickle.versioned_unpickler.VersionedUnpickler object at 0x169431950>] using Updater [<apptools.sweet_pickle.updater.Updater object at 0x12ca90950>]
VersionedUnpickler [<apptools.sweet_pickle.versioned_unpickler.VersionedUnpickler object at 0x169431950>] using Updater [<apptools.sweet_pickle.updater.Updater object at 0x12ca90950>]
VersionedUnpickler [<apptools.sweet_pickle.versioned_unpickler.VersionedUnpickler object at 0x169431950>] using Updater [<apptools.sweet_pickle.updater.Updater object at 0x12ca90950>]
setting integration time = 0.524288
SetIntegrationTime 0.524288 ===>> OK
Mapping mass to dac mass func: "parabolic"
H1 map mass coeffs = [-0.00063987  0.15840543  0.57095999]
H1 map mass to dac 39.9624 >> 5.87935
GetDeflection H1 ===>> 0
GetHighVoltage ===>> 4500
do peak center. <pychron.spectrometer.jobs.peak_center.PeakCenter object at 0x12ce950b0>
doing pc
starting peak center. center dac= 5.87935 step_width=0.001
width = 0.001
get scan parameters. half-width=0.015,window=0.015, i=0, scalar=1
Scan parameters center=5.87935 width=0.03000 (5.86435 - 5.89435)
GetData ===>> H2,-0.31411947110378,H1,0.0496445568809235,AX,-0.0979652663602387,L1,-0.0296167419031443,L2,-0.11...
Moving to starting dac 5.86435
setting magnet DAC
current  : 5.240006
requested: 5.864350
Delta Dac: 0.624344
Checking detector protection. dv=0.62434
Checking detector "CDD". Protection Threshold: 0.1 (V)
ProtectDetector CDD,On ===>> OK
GetDeflection CDD ===>> 2000
SetMagnetDAC 5.86435 ===>> OK
Magnet settling time: 0.500
GetMagnetMoving ===>> True
Get Checksum: -110011688
GetMagnetMoving ===>> True
GetMagnetMoving ===>> True
GetMagnetMoving ===>> True
GetMagnetMoving ===>> True
GetMagnetMoving ===>> True
GetMagnetMoving ===>> True
GetMagnetMoving ===>> True
GetMagnetMoving ===>> False
ProtectDetector CDD,Off ===>> OK
GetDeflection CDD ===>> 50
Wait until signal near baseline. tol= 0.0372334176607. timeout= 10
GetData ===>> H2,7.85192027695768,H1,3.40073524076374,AX,0.145599753667209,L1,0.0960162523807854,L2,0.114095281...
GetData ===>> H2,103.683450099624,H1,59.0243545093184,AX,5.20434310952482,L1,0.12258721854653,L2,-0.09271180224...
GetData ===>> H2,118.081389544484,H1,70.0765808106487,AX,11.8806808771176,L1,0.12586369726403,L2,-0.10442810807...
Get Checksum: -110011688
GetData ===>> H2,63.7740096797828,H1,33.6537038460889,AX,5.39438221625965,L1,0.0911775483137144,L2,-0.160907156...
GetData ===>> H2,26.4619249883473,H1,16.9538182403493,AX,2.50027083391865,L1,0.0477846643007305,L2,-0.161954969...
GetData ===>> H2,8.92543969084847,H1,8.90106182347601,AX,1.12482403820811,L1,0.025922682051732,L2,-0.0300336247...
GetData ===>> H2,2.52735135911145,H1,5.09984990543206,AX,0.569373963377747,L1,0.0508937226700717,L2,-0.05086263...
GetData ===>> H2,0.818131748850898,H1,3.30493423246436,AX,0.404420051812401,L1,0.0594377501052539,L2,0.08311408...
GetData ===>> H2,0.549939671491929,H1,2.33331125872811,AX,0.317884379199545,L1,0.0539099916969838,L2,0.02890402...
Get Checksum: -110011688
GetData ===>> H2,0.58315141135916,H1,1.87265059863428,AX,0.164248056477546,L1,0.0560207141335071,L2,0.062397158...
GetData ===>> H2,0.536556316676294,H1,1.69550836062873,AX,0.158402681942599,L1,0.024054259801727,L2,-0.05448163...
GetData ===>> H2,0.518590687210775,H1,1.73589368837221,AX,0.206103760199053,L1,0.0343757334735085,L2,0.00526083...
GetData ===>> H2,0.48450172267803,H1,1.48712807680693,AX,0.112649230343348,L1,0.0107955329981084,L2,-0.03019298...
GetData ===>> H2,0.350317032223695,H1,1.46814629708787,AX,0.121969781917479,L1,-0.0177143670401958,L2,0.0197695...
GetData ===>> H2,0.371425153221337,H1,1.60093052122472,AX,0.222419361356993,L1,-0.0219258285227538,L2,0.0600955...
GetData ===>> H2,0.351565105171913,H1,1.60597307603709,AX,0.0807064455394636,L1,-0.0153275687805925,L2,-0.08012...
GetData ===>> H2,0.31710610176978,H1,1.62842751021433,AX,0.0247480149036541,L1,0.013340335661531,L2,-0.03299321...
GetData ===>> H2,0.314047557772302,H1,1.60928689212987,AX,0.183897580605247,L1,-0.00145088588248444,L2,-0.01835...
GetData ===>> H2,0.160810116775429,H1,1.50450314120689,AX,0.298207825487544,L1,-0.00712522579394279,L2,-0.04048...
Get Checksum: -110011688
GetData ===>> H2,0.053650950244488,H1,1.47660356012584,AX,0.109542578016907,L1,0.0244312785667077,L2,-0.0854993...
GetData ===>> H2,0.053650950244488,H1,1.47660356012584,AX,0.109542578016907,L1,0.0244312785667077,L2,-0.0854993...
Peak center failed to move to a baseline position
_do_sweep sm= 5.86435, em= 5.89435, stm= 0.001
calculated step values: start=5.86435, end=5.89435, width=0.001, nsteps=31.0
setting magnet DAC
current  : 5.864350
requested: 5.864350
Delta Dac: 0.000000
Checking detector protection. dv=0.00000
Checking detector "CDD". Protection Threshold: 0.1 (V)
SetMagnetDAC 5.86435 ===>> OK
GetData ===>> H2,0.0173517345514036,H1,1.48943496695264,AX,0.106528756279289,L1,0.0800100614142335,L2,-0.027278...
setting magnet DAC
current  : 5.864350
requested: 5.865384
Delta Dac: 0.001034
Checking detector protection. dv=0.00103
Checking detector "CDD". Protection Threshold: 0.1 (V)
SetMagnetDAC 5.86538448276 ===>> OK
Magnet settling time: 1.049
GetData ===>> H2,0.0550223682985952,H1,3.26391117219049,AX,0.661204473592917,L1,0.0954067710298794,L2,0.0357839...
setting magnet DAC
current  : 5.865384
requested: 5.866419
Delta Dac: 0.001034
Checking detector protection. dv=0.00103
Checking detector "CDD". Protection Threshold: 0.1 (V)
SetMagnetDAC 5.86641896552 ===>> OK
Magnet settling time: 1.049
Get Checksum: -110011688
GetData ===>> H2,0.047589234702266,H1,11.8533599289946,AX,2.06423425245613,L1,0.0120642562512175,L2,-0.14455067...
setting magnet DAC
current  : 5.866419
requested: 5.867453
Delta Dac: 0.001034
Checking detector protection. dv=0.00103
Checking detector "CDD". Protection Threshold: 0.1 (V)
SetMagnetDAC 5.86745344828 ===>> OK
Magnet settling time: 1.049
GetData ===>> H2,0.071631549566153,H1,47.719679744986,AX,7.25475533572377,L1,0.0258674409515784,L2,-0.040938118...
setting magnet DAC
current  : 5.867453
requested: 5.868488
Delta Dac: 0.001034
Checking detector protection. dv=0.00103
Checking detector "CDD". Protection Threshold: 0.1 (V)
SetMagnetDAC 5.86848793103 ===>> OK
Magnet settling time: 1.049
GetData ===>> H2,0.0333198263731044,H1,163.804873091416,AX,25.501999168558,L1,0.127465060252006,L2,0.0549456315...
setting magnet DAC
current  : 5.868488
requested: 5.869522
Delta Dac: 0.001034
Checking detector protection. dv=0.00103
Checking detector "CDD". Protection Threshold: 0.1 (V)
SetMagnetDAC 5.86952241379 ===>> OK
Magnet settling time: 1.049
Get Checksum: -110011688
GetData ===>> H2,0.0701571663739332,H1,442.693478227453,AX,75.7451161730224,L1,0.409163372627429,L2,-0.02429631...
setting magnet DAC
current  : 5.869522
requested: 5.870557
Delta Dac: 0.001034
Checking detector protection. dv=0.00103
Checking detector "CDD". Protection Threshold: 0.1 (V)
SetMagnetDAC 5.87055689655 ===>> OK
Magnet settling time: 1.049
GetData ===>> H2,0.00247861283353907,H1,888.616746039691,AX,170.145053443629,L1,1.05088859998628,L2,0.128894108...
setting magnet DAC
current  : 5.870557
requested: 5.871591
Delta Dac: 0.001034
Checking detector protection. dv=0.00103
Checking detector "CDD". Protection Threshold: 0.1 (V)
SetMagnetDAC 5.87159137931 ===>> OK
Magnet settling time: 1.049
GetData ===>> H2,-0.0811469479276032,H1,1349.55520456993,AX,283.020953176475,L1,2.0879950200628,L2,0.4878963927...
setting magnet DAC
current  : 5.871591
requested: 5.872626
Delta Dac: 0.001034
Checking detector protection. dv=0.00103
Checking detector "CDD". Protection Threshold: 0.1 (V)
SetMagnetDAC 5.87262586207 ===>> OK
Magnet settling time: 1.049
Get Checksum: -110011688
GetData ===>> H2,-0.0582925938154496,H1,1661.17211827628,AX,374.330026786219,L1,3.24918418096874,L2,0.726605438...
setting magnet DAC
current  : 5.872626
requested: 5.873660
Delta Dac: 0.001034
Checking detector protection. dv=0.00103
Checking detector "CDD". Protection Threshold: 0.1 (V)
SetMagnetDAC 5.87366034483 ===>> OK
Magnet settling time: 1.049
GetData ===>> H2,-0.0743926391129521,H1,1810.06829404942,AX,427.380496243133,L1,4.19802795122731,L2,1.081542851...
setting magnet DAC
current  : 5.873660
requested: 5.874695
Delta Dac: 0.001034
Checking detector protection. dv=0.00103
Checking detector "CDD". Protection Threshold: 0.1 (V)
SetMagnetDAC 5.87469482759 ===>> OK
Magnet settling time: 1.049
GetData ===>> H2,-0.0906617631876079,H1,1860.87331594553,AX,448.784359713373,L1,4.85500914828201,L2,1.484337446...
setting magnet DAC
current  : 5.874695
requested: 5.875729
Delta Dac: 0.001034
Checking detector protection. dv=0.00103
Checking detector "CDD". Protection Threshold: 0.1 (V)
SetMagnetDAC 5.87572931034 ===>> OK
Magnet settling time: 1.049
Get Checksum: -110011688
GetData ===>> H2,0.036017122080281,H1,1875.16772659672,AX,455.281776252307,L1,5.27929470002062,L2,1.39151241342...
setting magnet DAC
current  : 5.875729
requested: 5.876764
Delta Dac: 0.001034
Checking detector protection. dv=0.00103
Checking detector "CDD". Protection Threshold: 0.1 (V)
SetMagnetDAC 5.8767637931 ===>> OK
Magnet settling time: 1.049
GetData ===>> H2,-0.0294171801923295,H1,1878.42754887221,AX,456.663038244941,L1,5.54223644402996,L2,1.315737877...
setting magnet DAC
current  : 5.876764
requested: 5.877798
Delta Dac: 0.001034
Checking detector protection. dv=0.00103
Checking detector "CDD". Protection Threshold: 0.1 (V)
SetMagnetDAC 5.87779827586 ===>> OK
Magnet settling time: 1.049
GetData ===>> H2,-0.0583684709799761,H1,1879.01054080787,AX,456.897238159465,L1,5.71026539515851,L2,1.228037173...
setting magnet DAC
current  : 5.877798
requested: 5.878833
Delta Dac: 0.001034
Checking detector protection. dv=0.00103
Checking detector "CDD". Protection Threshold: 0.1 (V)
Get Checksum: -110011688
SetMagnetDAC 5.87883275862 ===>> OK
Magnet settling time: 1.049
GetData ===>> H2,-0.0397118643522645,H1,1878.98848331358,AX,457.1407003869,L1,5.81394799155914,L2,1.50812017797...
setting magnet DAC
current  : 5.878833
requested: 5.879867
Delta Dac: 0.001034
Checking detector protection. dv=0.00103
Checking detector "CDD". Protection Threshold: 0.1 (V)
SetMagnetDAC 5.87986724138 ===>> OK
Magnet settling time: 1.049
GetData ===>> H2,-0.121798160938107,H1,1877.66039888044,AX,457.182188643816,L1,5.84187674881516,L2,1.4963199041...
setting magnet DAC
current  : 5.879867
requested: 5.880902
Delta Dac: 0.001034
Checking detector protection. dv=0.00103
Checking detector "CDD". Protection Threshold: 0.1 (V)
SetMagnetDAC 5.88090172414 ===>> OK
Magnet settling time: 1.049
Get Checksum: -110011688
GetData ===>> H2,-0.0969302005814982,H1,1876.94861197838,AX,456.476782869327,L1,5.89948266406514,L2,1.548352978...
setting magnet DAC
current  : 5.880902
requested: 5.881936
Delta Dac: 0.001034
Checking detector protection. dv=0.00103
Checking detector "CDD". Protection Threshold: 0.1 (V)
SetMagnetDAC 5.8819362069 ===>> OK
Magnet settling time: 1.049
GetData ===>> H2,-0.147483166280026,H1,1876.19272533101,AX,456.176072912436,L1,5.93249227680057,L2,1.3755076440...
setting magnet DAC
current  : 5.881936
requested: 5.882971
Delta Dac: 0.001034
Checking detector protection. dv=0.00103
Checking detector "CDD". Protection Threshold: 0.1 (V)
SetMagnetDAC 5.88297068966 ===>> OK
Magnet settling time: 1.049
GetData ===>> H2,-0.0816753061239741,H1,1873.14688691051,AX,454.704523806602,L1,5.86100031174742,L2,1.552257739...
setting magnet DAC
current  : 5.882971
requested: 5.884005
Delta Dac: 0.001034
Checking detector protection. dv=0.00103
Checking detector "CDD". Protection Threshold: 0.1 (V)
SetMagnetDAC 5.88400517241 ===>> OK
Magnet settling time: 1.049
Get Checksum: -110011688
GetData ===>> H2,-0.109483560305935,H1,1862.31264305803,AX,449.479799267936,L1,5.81272458305356,L2,1.4437642480...
setting magnet DAC
current  : 5.884005
requested: 5.885040
Delta Dac: 0.001034
Checking detector protection. dv=0.00103
Checking detector "CDD". Protection Threshold: 0.1 (V)
SetMagnetDAC 5.88503965517 ===>> OK
Magnet settling time: 1.049
GetData ===>> H2,-0.0586882334737811,H1,1818.92909325123,AX,430.116348959779,L1,5.5552690300065,L2,1.2609327842...
setting magnet DAC
current  : 5.885040
requested: 5.886074
Delta Dac: 0.001034
Checking detector protection. dv=0.00103
Checking detector "CDD". Protection Threshold: 0.1 (V)
SetMagnetDAC 5.88607413793 ===>> OK
Magnet settling time: 1.049
GetData ===>> H2,-0.200012437142089,H1,1685.295171351,AX,376.179310430123,L1,5.02485305634543,L2,1.049898948426...
setting magnet DAC
current  : 5.886074
requested: 5.887109
Delta Dac: 0.001034
Checking detector protection. dv=0.00103
Checking detector "CDD". Protection Threshold: 0.1 (V)
SetMagnetDAC 5.88710862069 ===>> OK
Magnet settling time: 1.049
Get Checksum: -110011688
GetData ===>> H2,-0.342305738371573,H1,1381.38014043341,AX,277.252274788751,L1,4.03094547992814,L2,0.6930073886...
setting magnet DAC
current  : 5.887109
requested: 5.888143
Delta Dac: 0.001034
Checking detector protection. dv=0.00103
Checking detector "CDD". Protection Threshold: 0.1 (V)
SetMagnetDAC 5.88814310345 ===>> OK
Magnet settling time: 1.049
GetData ===>> H2,-0.365172686101716,H1,928.81808920125,AX,160.435597233489,L1,2.86653906922605,L2,0.35618620799...
setting magnet DAC
current  : 5.888143
requested: 5.889178
Delta Dac: 0.001034
Checking detector protection. dv=0.00103
Checking detector "CDD". Protection Threshold: 0.1 (V)
SetMagnetDAC 5.88917758621 ===>> OK
Magnet settling time: 1.049
GetData ===>> H2,-0.275184662364505,H1,481.339021517631,AX,69.8028095489039,L1,1.80605506739669,L2,0.1771144808...
setting magnet DAC
current  : 5.889178
requested: 5.890212
Delta Dac: 0.001034
Checking detector protection. dv=0.00103
Checking detector "CDD". Protection Threshold: 0.1 (V)
SetMagnetDAC 5.89021206897 ===>> OK
Magnet settling time: 1.049
Get Checksum: -110011688
GetData ===>> H2,-0.25623121463021,H1,189.234308086073,AX,22.5394425244574,L1,1.07620636479567,L2,0.06638521649...
setting magnet DAC
current  : 5.890212
requested: 5.891247
Delta Dac: 0.001034
Checking detector protection. dv=0.00103
Checking detector "CDD". Protection Threshold: 0.1 (V)
SetMagnetDAC 5.89124655172 ===>> OK
Magnet settling time: 1.049
GetData ===>> H2,-0.100812407650002,H1,29.8015137952038,AX,2.29027038705657,L1,0.533584587489547,L2,0.039953186...
setting magnet DAC
current  : 5.891247
requested: 5.892281
Delta Dac: 0.001034
Checking detector protection. dv=0.00103
Checking detector "CDD". Protection Threshold: 0.1 (V)
SetMagnetDAC 5.89228103448 ===>> OK
Magnet settling time: 1.049
Get Checksum: -110011688
GetData ===>> H2,-0.216584793524732,H1,7.17777898494012,AX,0.20895821302907,L1,0.338363696248297,L2,0.055446939...
setting magnet DAC
current  : 5.892281
requested: 5.893316
Delta Dac: 0.001034
Checking detector protection. dv=0.00103
Checking detector "CDD". Protection Threshold: 0.1 (V)
SetMagnetDAC 5.89331551724 ===>> OK
Magnet settling time: 1.049
GetData ===>> H2,-0.190055755836618,H1,1.41107831913911,AX,-0.238601674068364,L1,0.210513449403476,L2,0.0093831...
setting magnet DAC
current  : 5.893316
requested: 5.894350
Delta Dac: 0.001034
Checking detector protection. dv=0.00103
Checking detector "CDD". Protection Threshold: 0.1 (V)
SetMagnetDAC 5.89435 ===>> OK
Magnet settling time: 1.049
GetData ===>> H2,-0.179959868506433,H1,0.135495303089539,AX,-0.247442556461174,L1,0.155060743437817,L2,-0.00787...
result of _do_sweep=True
result of _calculate_peak_center=([5.8717147294589171, 5.8793800601202397, 5.8870453907815623], [1386.7119307533972, 1879.0101429773117, 1399.9561092570348], 5.8778169338677344, 1879.0101429773117)
Failed to find a valid peak. No peak greater than 1.0. max = 0.0418781299502
new center pos Detector(H1) (Ar40) @ 5.87938006012
GetHighVoltage ===>> 4500
GetDeflection H1 ===>> 0
dac uncorrected for HV and deflection 5.87938006012
update mftable H1 Ar40 5.87938006012 message=automated run peakcenter
get initial guess parabolic
get initial guess parabolic
get initial guess parabolic
get initial guess parabolic
get initial guess parabolic
get initial guess parabolic
dump mftable to /Users/jan/PychronDev/setupfiles/spectrometer/mftables/mftable.csv
add to repo msg=modified - automated run peakcenter
sweep finished
Get Checksum: -110011688
locally archiving mftable
setting magnet DAC
current  : 5.894350
requested: 5.879380
Delta Dac: 0.014970
Checking detector protection. dv=0.01497
Checking detector "CDD". Protection Threshold: 0.1 (V)
SetMagnetDAC 5.87938006012 ===>> OK
Magnet settling time: 0.500
setting integration time = 1.048576
SetIntegrationTime 1.048576 ===>> OK
Failed to find a valid peak. No peak greater than 1.0. max = 0.0418781299502
flush and close file /Users/jan/PychronDev/data/isotopes/eb/d1edf0-861f-4561-9a2a-bd93611632db.h5
finished measure script
executed 226.132928
jan_unknown120_60.py completed successfully
Measurement Finished
23:45:19 -- ******* Measurement Finished *******
Post Measurement Started jan_pump_ms.py
23:45:19 -- ******* Post Measurement Started jan_pump_ms.py *******
testing...
no interpolation path defined
executed 0
Pumping spectrometer
open () {'name': 'O'}
opening name=O desc=---
checking ownership. requestor=129.138.12.150
check software interlocks O
interlocks []
actuate state mode=None-script, software_lock=False
doing actuation None-script open_channel True
Open O ===>> OK
GetIndicatorState O ===>> OK
change switch state (True, True)
update switch state O True args=() kw={} ncanvase=2
23:45:19 -- OPEN   VALVE-O (Jan Ion Pump)
---------------------------------------- open O () result=[(True, True)], time=0.09 sec
action=open, ok=True, locked=[False]
executed 0
jan_pump_ms.py completed successfully
setting _ms_pumptime
Post Measurement Finished
23:45:19 -- ******* Post Measurement Finished *******
$$$$$$$$$$$$$$$$$$$$ state at run end measurement
state changed from measurement to success
post measurement save measured=True aborted=False
Set filtering
setting fod for Ar40= {'filter_outliers': True, 'std_devs': 2, 'iterations': 1}
setting fod for H1= {'filter_outliers': True, 'std_devs': 2, 'iterations': 1}
setting fod for PM41= {'filter_outliers': False, 'std_devs': 2, 'iterations': 1}
setting fod for H2= {'filter_outliers': True, 'std_devs': 2, 'iterations': 1}
setting fod for Ar36= {'filter_outliers': True, 'std_devs': 2, 'iterations': 1}
setting fod for CDD= {'filter_outliers': True, 'std_devs': 10, 'iterations': 1}
setting fod for Ar37= {'filter_outliers': True, 'std_devs': 2, 'iterations': 1}
setting fod for L2= {'filter_outliers': True, 'std_devs': 2, 'iterations': 1}
setting fod for Ar38= {'filter_outliers': True, 'std_devs': 2, 'iterations': 1}
setting fod for L1= {'filter_outliers': True, 'std_devs': 2, 'iterations': 1}
setting fod for Ar39= {'filter_outliers': True, 'std_devs': 2, 'iterations': 1}
setting fod for AX= {'filter_outliers': True, 'std_devs': 2, 'iterations': 1}
persistence save...
persistence save - db
post measurement save
5816693584 connecting to database sqlite:////Users/jan/PychronDev/.appdata/local_lab.db
connected to db sqlite:////Users/jan/PychronDev/.appdata/local_lab.db
create new session 5816693584
close session 5816693584
No database instance. Not saving post measurement to isotopedb database
$$$$$$$$$$$$$$$ auto_save_detector_ic=False
massspec enabled True
create new session 5011470576
MassSpec Database Version: 16.0
close session 5011470576
saving post measurement to secondary database
saving to massspec database 129.138.12.160/massspecdata
setting labnumber to 25388
setting aliquot to 3
setting step to 
setting uuid to ebd1edf0-861f-4561-9a2a-bd93611632db
setting irradpos to 25388
setting extract_device to Fusions CO2
setting tray to 
setting position to 200
setting power_requested to 5.0
setting extract_value to 5.0
setting duration to 30.0
setting duration_at_request to 30.0
setting first_stage_delay to 30.0
setting cleanup to 30.0
setting comment to N:19
setting irradiation to NM-289
setting level to N
setting irradiation_level to N
setting sample to FC-2
setting material to Sanidine
setting project to Irradiation-NM-289
setting mass_spectrometer to Jan
no attribute chron_dosages
no attribute production_ratios
no attribute interference_corrections
no attribute production_name
no attribute j
Reference Isotope=Ar40
Reference Detector=H1
%%%%%%%%%%%%%%%%%%%% Comment: N:19 %%%%%%%%%%%%%%%%%%%
adding isotope PM41 H2
add baseline dbdet= PM41. original det= H2
get baseline data PM41 H2
Get data baseline <pychron.processing.isotope.Baseline object at 0x14e493690> len t=60
baseline PM41. v=-0.191291098658, e=0.00865162116822
get signal data PM41 H2
Get data signal PM41 0.13+/-0.07 len t=120
adding isotope Ar40 H1
add baseline dbdet= Ar40. original det= H1
get baseline data Ar40 H1
Get data baseline <pychron.processing.isotope.Baseline object at 0x167e6b5d0> len t=60
baseline Ar40. v=0.0129854334214, e=0.00630629422561
get signal data Ar40 H1
Get data signal Ar40 2072.19+/-0.11 len t=120
adding isotope Ar39 AX
add baseline dbdet= Ar39. original det= AX
get baseline data Ar39 AX
Get data baseline <pychron.processing.isotope.Baseline object at 0x167e87a50> len t=60
baseline Ar39. v=-0.0726829496229, e=0.00689182390762
get signal data Ar39 AX
Get data signal Ar39 503.29+/-0.04 len t=120
adding isotope Ar38 L1
add baseline dbdet= Ar38. original det= L1
get baseline data Ar38 L1
Get data baseline <pychron.processing.isotope.Baseline object at 0x167e87c10> len t=60
baseline Ar38. v=-0.0275939769329, e=0.00474872397608
get signal data Ar38 L1
Get data signal Ar38 6.519+/-0.007 len t=120
adding isotope Ar37 L2
add baseline dbdet= Ar37. original det= L2
get baseline data Ar37 L2
Get data baseline <pychron.processing.isotope.Baseline object at 0x167e87dd0> len t=60
baseline Ar37. v=-0.0267741837099, e=0.00600184109638
get signal data Ar37 L2
Get data signal Ar37 1.656+/-0.012 len t=120
adding isotope Ar36 CDD
add baseline dbdet= Ar36. original det= CDD
get baseline data Ar36 CDD
Get data baseline <pychron.processing.isotope.Baseline object at 0x167e87f90> len t=60
baseline Ar36. v=0.000503661323752, e=3.41399279203e-05
get signal data Ar36 CDD
Get data signal Ar36 0.0305+/-0.0004 len t=120
25388-03 added analysis time 0.466058969498s
analysis added to mass spec database
mass spec save time= 0.475
persistence save - dvc
================= post measurement started
create new session 4984345712
close session 4984345712
---------------- Experiment Queue saving disabled
DVC saving peakcenter
Failed to find a valid peak. No peak greater than 1.0. max = 0.0418781299502
Get Checksum: 2035439760
Smart pull ahead: 0 behind: 0
Up-to-date with origin
add to repo msg=modified - ad8224ebc6dbfeb9f5997218dfa5fe690569839d.json
add to repo msg=modified - 88-03.json
add to repo msg=modified - 88-03.dat.json
add to repo msg=modified - 88-03.blan.json
add to repo msg=modified - 88-03.inte.json
add to repo msg=modified - 88-03.icfa.json
add to repo msg=modified - 88-03.base.json
not at valid file /Users/jan/PychronDev/data/.dvc/repositories/Load1785/253/tags/88-03.tags.json
add to repo msg=modified - 88-03.peak.json
add to repo msg=modified - 88-03.extr.json
not at valid file /Users/jan/PychronDev/data/.dvc/repositories/Load1785/253/monitor/88-03.moni.json
commit message=<COLLECTION>
add to repo msg=modified - 88-03.inte.json
add to repo msg=modified - 88-03.base.json
Get Checksum: 2035439760
commit message=<ISOEVO> default collection fits
add to repo msg=modified - 88-03.blan.json
commit message=<BLANKS> preceding bu-FC-J-7514
add to repo msg=modified - 88-03.icfa.json
commit message=<ICFactor> default
push repository <pychron.git_archive.repo_manager.GitRepoManager object at 0x14d24c290>
pushing to remote=origin, url=https://github.com
Get Checksum: 2035439760
no changes to meta repo
Get Checksum: 2035439760
create new session 4984345712
add association Load1785
get identifier "25388"
setting analysis irradiation position=<pychron.dvc.dvc_orm.IrradiationPositionTbl object at 0x15cf2b950>
close session 4984345712
================= post measurement finished
23:45:31 -- ******* Post Run Check *******
loading queue conditionals post_run_actions
loading system conditionals post_run_actions
loading conditionals from /Users/jan/PychronDev/setupfiles/spectrometer/default_conditionals.yaml
loading queue conditionals post_run_terminations
loading system conditionals post_run_terminations
loading conditionals from /Users/jan/PychronDev/setupfiles/spectrometer/default_conditionals.yaml
Checking default post run terminations n=1
GetDeflection CDD ===>> 50
testing CDD==2000
evaluate ot="CDD.deflection==2000" t="CDD==2000", ctx="{'CDD': 50.0}"
23:45:31 -- ******* Post Run Check Passed *******
23:45:31 -- Automated run 25388-03 success duration: 361.837 s
----------------- finish -----------------
----------------- stop -----------------
retroactive repository identifiers disabled
finish run. runs completed=54
update duration runid=25388-03, duration=361.837201118, md5=301e91d8
loading script "jan_unknown120_60.py"
loading script "jan_pump_ms.py"
loading script "jan_co2.py"
loading script "jan_pump_extraction_line.py"
testing...
no interpolation path defined
executed 213.652928
script duration name:unknown120_60 seconds:214.0
loading script "jan_unknown120_60.py"
loading script "jan_pump_ms.py"
loading script "jan_co2.py"
loading script "jan_pump_extraction_line.py"
testing...
no interpolation path defined
executed 0
loading script "jan_unknown120_60.py"
loading script "jan_pump_ms.py"
loading script "jan_co2.py"
loading script "jan_pump_extraction_line.py"
testing...
no interpolation path defined
calculate duration
testing...
no interpolation path defined
executed 0
calculate duration
testing...
no interpolation path defined
executed 0
executed 0.0
script duration name:co2 seconds:0.0
loading script "jan_unknown120_60.py"
loading script "jan_pump_ms.py"
loading script "jan_co2.py"
loading script "jan_pump_extraction_line.py"
testing...
no interpolation path defined
calculate duration
testing...
no interpolation path defined
executed 4.0
executed 4.0
Script duration 214.0
Run total estimated duration= 215.000
unknown120_60 in script context. using previous estimated duration
script duration name:unknown120_60 seconds:214.0
pump_ms in script context. using previous estimated duration
co2 in script context. using previous estimated duration
script duration name:co2 seconds:0.0
pump_extraction_line in script context. using previous estimated duration
Script duration 214.0
Run total estimated duration= 215.000
script duration name:unknown120_60 seconds:214.0
script duration name:co2 seconds:0.0
Script duration 214.0
Run total estimated duration= 215.000
script duration name:unknown120_60 seconds:214.0
script duration name:co2 seconds:0.0
Script duration 214.0
Run total estimated duration= 215.000
loading script "jan_unknown400_120.py"
loading script "jan_pump_ms.py"
loading script "jan_co2.py"
loading script "jan_pump_extraction_line.py"
testing...
no interpolation path defined
executed 556.052928
script duration name:unknown400_120 seconds:556.0
script duration name:co2 seconds:0.0
Script duration 556.0
Run total estimated duration= 557.000
unknown400_120 in script context. using previous estimated duration
script duration name:unknown400_120 seconds:556.0
loading script "jan_unknown400_120.py"
loading script "jan_pump_ms.py"
loading script "jan_cocktail_x1.py"
loading script "jan_pump_extraction_line.py"
testing...
no interpolation path defined
calculate duration
testing...
no interpolation path defined
executed 0
calculate duration
testing...
no interpolation path defined
executed 0
calculate duration
testing...
no interpolation path defined
executed 32.0
calculate duration
testing...
no interpolation path defined
executed 34.0
calculate duration
testing...
no interpolation path defined
executed 4.0
calculate duration
testing...
no interpolation path defined
executed 38.0
executed 108.0
script duration name:cocktail_x1 seconds:108.0
Script duration 664.0
Run total estimated duration= 665.000
script duration name:unknown400_120 seconds:556.0
cocktail_x1 in script context. using previous estimated duration
script duration name:cocktail_x1 seconds:108.0
Script duration 664.0
Run total estimated duration= 665.000
script duration name:unknown400_120 seconds:556.0
loading script "jan_unknown400_120.py"
loading script "jan_pump_ms.py"
loading script "jan_sniffair_x2.py"
loading script "jan_pump_extraction_line.py"
testing...
no interpolation path defined
calculate duration
testing...
no interpolation path defined
executed 0
calculate duration
testing...
no interpolation path defined
executed 0
calculate duration
testing...
no interpolation path defined
executed 32.0
calculate duration
testing...
no interpolation path defined
executed 34.0
calculate duration
testing...
no interpolation path defined
executed 4.0
calculate duration
testing...
no interpolation path defined
executed 36.0
calculate duration
testing...
no interpolation path defined
executed 34.0
calculate duration
testing...
no interpolation path defined
executed 4.0
calculate duration
testing...
no interpolation path defined
executed 36.0
calculate duration
testing...
no interpolation path defined
executed 70.0
executed 250.0
script duration name:sniffair_x2 seconds:250.0
Script duration 806.0
Run total estimated duration= 807.000
script duration name:unknown400_120 seconds:556.0
sniffair_x2 in script context. using previous estimated duration
script duration name:sniffair_x2 seconds:250.0
Script duration 806.0
Run total estimated duration= 807.000
loading script "jan_ic_peak_hop3.py"
loading script "jan_pump_ms.py"
loading script "jan_air_x1.py"
loading script "jan_pump_extraction_line.py"
testing...
no interpolation path defined
executed 133.8
script duration name:ic_peak_hop3 seconds:134.0
loading script "jan_ic_peak_hop3.py"
loading script "jan_pump_ms.py"
loading script "jan_air_x1.py"
loading script "jan_pump_extraction_line.py"
testing...
no interpolation path defined
calculate duration
testing...
no interpolation path defined
executed 0
calculate duration
testing...
no interpolation path defined
executed 0
calculate duration
testing...
no interpolation path defined
executed 32.0
calculate duration
testing...
no interpolation path defined
executed 34.0
calculate duration
testing...
no interpolation path defined
executed 4.0
calculate duration
testing...
no interpolation path defined
executed 36.0
executed 106.0
script duration name:air_x1 seconds:106.0
Script duration 240.0
Run total estimated duration= 241.000
script duration name:unknown120_60 seconds:214.0
script duration name:co2 seconds:0.0
Script duration 214.0
Run total estimated duration= 215.000
script duration name:unknown120_60 seconds:214.0
script duration name:co2 seconds:0.0
Script duration 214.0
Run total estimated duration= 215.000
script duration name:unknown120_60 seconds:214.0
script duration name:co2 seconds:0.0
Script duration 214.0
Run total estimated duration= 215.000
script duration name:unknown120_60 seconds:214.0
script duration name:co2 seconds:0.0
Script duration 214.0
Run total estimated duration= 215.000
script duration name:unknown120_60 seconds:214.0
script duration name:co2 seconds:0.0
Script duration 214.0
Run total estimated duration= 215.000
script duration name:unknown120_60 seconds:214.0
script duration name:co2 seconds:0.0
Script duration 214.0
Run total estimated duration= 215.000
script duration name:unknown120_60 seconds:214.0
script duration name:co2 seconds:0.0
Script duration 214.0
Run total estimated duration= 215.000
script duration name:unknown400_120 seconds:556.0
script duration name:cocktail_x1 seconds:108.0
Script duration 664.0
Run total estimated duration= 665.000
script duration name:unknown120_60 seconds:214.0
script duration name:co2 seconds:0.0
Script duration 214.0
Run total estimated duration= 215.000
script duration name:unknown120_60 seconds:214.0
script duration name:co2 seconds:0.0
Script duration 214.0
Run total estimated duration= 215.000
script duration name:unknown120_60 seconds:214.0
script duration name:co2 seconds:0.0
Script duration 214.0
Run total estimated duration= 215.000
script duration name:unknown120_60 seconds:214.0
script duration name:co2 seconds:0.0
Script duration 214.0
Run total estimated duration= 215.000
script duration name:unknown120_60 seconds:214.0
script duration name:co2 seconds:0.0
Script duration 214.0
Run total estimated duration= 215.000
script duration name:unknown120_60 seconds:214.0
script duration name:co2 seconds:0.0
Script duration 214.0
Run total estimated duration= 215.000
nruns=24 before=5.0, run_dur=8062.0, btw=690.0
write rem/ex queues
/Users/jan/PychronDev/experiments/rem/CurrentExperiment.rem.txt
/Users/jan/PychronDev/experiments/rem/CurrentExperiment.ex.txt
doing event level: 3
