do run
loading script "jan_unknown120_60.py"
loading script "jan_pump_ms.py"
loading script "jan_co2.py"
loading script "jan_pump_extraction_line.py"
testing...
no interpolation path defined
executed 213.652928
script duration name:unknown120_60 seconds:214.0
loading script "jan_unknown120_60.py"
loading script "jan_pump_ms.py"
loading script "jan_co2.py"
loading script "jan_pump_extraction_line.py"
testing...
no interpolation path defined
executed 0
loading script "jan_unknown120_60.py"
loading script "jan_pump_ms.py"
loading script "jan_co2.py"
loading script "jan_pump_extraction_line.py"
testing...
no interpolation path defined
calculate duration
testing...
no interpolation path defined
executed 0
calculate duration
testing...
no interpolation path defined
executed 0
executed 0.0
script duration name:co2 seconds:0.0
loading script "jan_unknown120_60.py"
loading script "jan_pump_ms.py"
loading script "jan_co2.py"
loading script "jan_pump_extraction_line.py"
testing...
no interpolation path defined
calculate duration
testing...
no interpolation path defined
executed 4.0
executed 4.0
Script duration 214.0
Run total estimated duration= 215.000
run duration: 0:03:35
doing event level: 2
02:47:52 -- Setting default integration. t=1.048576
setting integration time = 1.048576
SetIntegrationTime 1.048576 ===>> OK
----------------- start -----------------
**************** Experiment Type: Ar/Ar, Ar/Ar
create new session 5003455664
close session 5003455664
$$$$$ Clearing conditionals
adding conditionals 
Add queue conditionals
add default conditionals
adding default conditionals from /Users/jan/PychronDev/setupfiles/spectrometer/default_conditionals.yaml
Start automated run 25389-08
loading script "jan_unknown120_60.py"
loading script "jan_pump_ms.py"
loading script "jan_co2.py"
loading script "jan_pump_extraction_line.py"
%%%%%%%%%%%%%%%%%% setting automated run 25389-08
No value "sensitivity_multiplier" in metadata
$$$$$$$$$$$$$$$ auto_save_detector_ic=False
============================= Pre Extraction Check =============================
loading queue conditionals pre_run_terminations
loading system conditionals pre_run_terminations
loading conditionals from /Users/jan/PychronDev/setupfiles/spectrometer/default_conditionals.yaml
02:47:52 -- ******* Pre Extraction Check *******
Get a measurement from the spectrometer
GetData ===>> H2,-0.171082822559768,H1,0.0175936204954709,AX,-0.0896902913482679,L1,-0.0519824709119135,L2,-0.1...
Pre Extraction Termination data. keys=H2,H1,AX,L1,L2,CDD, signals=-0.17108,0.01759,-0.08969,-0.05198,-0.12575,0.00238
02:47:52 -- testing system defined conditionals
Checking default pre extraction terminations n=2
testing CDD
evaluate ot="CDD.inactive" t="CDD", ctx="{'CDD': False}"
GetDeflection CDD ===>> 50
testing CDD==2000
evaluate ot="CDD.deflection==2000" t="CDD==2000", ctx="{'CDD': 50.0}"
02:47:52 -- ******* Pre Extraction Check Passed *******
=================================================================================
02:47:52 -- stopping status monitor
stop 4975542192
Alive clients [4984697584]
02:47:52 -- starting status monitor
start 4975542192
Monitor already running
start extraction
do extraction
Analysis started at 02:47:52.717490
Extraction Started jan_co2.py
02:47:52 -- ******* Extraction Started jan_co2.py *******
state changed from not run to extraction
DO EXTRACTION <pychron.extraction_line.pyscript_runner.RemotePyScriptRunner object at 0x12bbc33b0>
testing...
no interpolation path defined
calculate duration
testing...
no interpolation path defined
executed 0
calculate duration
testing...
no interpolation path defined
executed 0
executed 100.0
Jan CO2 laser analysis
doing GOSUB
testing...
no interpolation path defined
executed 0
Waiting for CO2 access
wait ('FelixCO2Flag', 0) {}
waiting for FelixCO2Flag = 0
Read FelixCO2Flag ===>> 0
finished waiting
CO2 free
wait ('CO2PumpTimeFlag', 0) {}
waiting for CO2PumpTimeFlag = 0
Read CO2PumpTimeFlag ===>> 0
finished waiting
acquire ('JanCO2Flag',) {'clear': True}
acquire JanCO2Flag
Set JanCO2Flag 1 ===>> OK
JanCO2Flag acquired
set extraction state False (0.75, 'red', 1.5)
CO2 acquired
executed 0
WaitForCO2Access.py completed successfully
gosub finished
doing GOSUB
testing...
no interpolation path defined
executed 0
Prepare for CO2 analysis
close () {'description': 'Jan Inlet'}
closing name=--- desc=Jan Inlet
checking ownership. requestor=129.138.12.150
check software interlocks R
interlocks []
actuate state mode=None-script, software_lock=False
doing actuation None-script close_channel False
Close R ===>> OK
GetIndicatorState R ===>> False
change switch state (True, True)
update switch state R False args=() kw={} ncanvase=2
02:47:53 -- CLOSE  VALVE-R (Jan Inlet)
---------------------------------------- close None (Jan Inlet) result=[(True, True)]
action=close, ok=True, locked=[False]
open () {'description': 'Jan Ion Pump'}
opening name=--- desc=Jan Ion Pump
checking ownership. requestor=129.138.12.150
check software interlocks O
interlocks []
actuate state mode=None-script, software_lock=False
doing actuation None-script open_channel False
Open O ===>> OK
GetIndicatorState O ===>> OK
change switch state (True, True)
update switch state O True args=() kw={} ncanvase=2
02:47:53 -- OPEN   VALVE-O (Jan Ion Pump)
---------------------------------------- open None (Jan Ion Pump) result=[(True, True)], time=0.10 sec
action=open, ok=True, locked=[False]
close () {'description': 'Microbone to Minibone'}
closing name=--- desc=Microbone to Minibone
checking ownership. requestor=129.138.12.150
check software interlocks L
interlocks []
actuate state mode=None-script, software_lock=False
doing actuation None-script close_channel False
Close L ===>> OK
GetIndicatorState L ===>> False
change switch state (True, True)
update switch state L False args=() kw={} ncanvase=2
02:47:54 -- CLOSE  VALVE-L (Microbone to Minibone)
---------------------------------------- close None (Microbone to Minibone) result=[(True, True)]
Get Checksum: -2083114517
action=close, ok=True, locked=[False]
open () {'description': 'Microbone to Turbo'}
opening name=--- desc=Microbone to Turbo
checking ownership. requestor=129.138.12.150
check software interlocks U
interlocks []
actuate state mode=None-script, software_lock=False
doing actuation None-script open_channel False
Open U ===>> OK
GetIndicatorState U ===>> OK
change switch state (True, True)
update switch state U True args=() kw={} ncanvase=2
02:47:54 -- OPEN   VALVE-U (Microbone to Turbo)
---------------------------------------- open None (Microbone to Turbo) result=[(True, True)], time=0.13 sec
action=open, ok=True, locked=[False]
open () {'description': 'Microbone to Inlet Pipette'}
opening name=--- desc=Microbone to Inlet Pipette
checking ownership. requestor=129.138.12.150
check software interlocks S
interlocks []
actuate state mode=None-script, software_lock=False
doing actuation None-script open_channel False
Open S ===>> OK
GetIndicatorState S ===>> OK
change switch state (True, True)
update switch state S True args=() kw={} ncanvase=2
02:47:55 -- OPEN   VALVE-S (Microbone to Inlet Pipette)
---------------------------------------- open None (Microbone to Inlet Pipette) result=[(True, True)], time=0.40 sec
action=open, ok=True, locked=[False]
open () {'description': 'Microbone to Getter D-50'}
opening name=--- desc=Microbone to Getter D-50
checking ownership. requestor=129.138.12.150
check software interlocks K
interlocks []
actuate state mode=None-script, software_lock=False
doing actuation None-script open_channel False
Open K ===>> OK
GetIndicatorState K ===>> OK
change switch state (True, True)
update switch state K True args=() kw={} ncanvase=2
02:47:55 -- OPEN   VALVE-K (Microbone to Getter D-50)
---------------------------------------- open None (Microbone to Getter D-50) result=[(True, True)], time=0.40 sec
action=open, ok=True, locked=[False]
open () {'description': 'Microbone to Getter NP-10'}
opening name=--- desc=Microbone to Getter NP-10
checking ownership. requestor=129.138.12.150
check software interlocks M
interlocks []
actuate state mode=None-script, software_lock=False
doing actuation None-script open_channel False
Open M ===>> OK
GetIndicatorState M ===>> OK
change switch state (True, True)
update switch state M True args=() kw={} ncanvase=2
02:47:56 -- OPEN   VALVE-M (Microbone to Getter NP-10)
---------------------------------------- open None (Microbone to Getter NP-10) result=[(True, True)], time=0.14 sec
action=open, ok=True, locked=[False]
close () {'description': 'CO2 Laser to Felix'}
closing name=--- desc=CO2 Laser to Felix
checking ownership. requestor=129.138.12.150
check software interlocks F
interlocks []
actuate state mode=None-script, software_lock=True
VALVE-F(CO2 Laser to Felix) software locked
change switch state (True, False)
---------------------------------------- close None (CO2 Laser to Felix) result=[(True, False)]
action=close, ok=True, locked=[True]
open () {'description': 'CO2 Laser to Jan'}
opening name=--- desc=CO2 Laser to Jan
checking ownership. requestor=129.138.12.150
check software interlocks A
interlocks []
actuate state mode=None-script, software_lock=False
doing actuation None-script open_channel False
Open A ===>> OK
GetIndicatorState A ===>> OK
change switch state (True, True)
update switch state A True args=() kw={} ncanvase=2
02:47:56 -- OPEN   VALVE-A (CO2 Laser to Jan)
---------------------------------------- open None (CO2 Laser to Jan) result=[(True, True)], time=0.13 sec
action=open, ok=True, locked=[False]
open () {'description': 'Microbone to CO2 Laser'}
opening name=--- desc=Microbone to CO2 Laser
checking ownership. requestor=129.138.12.150
check software interlocks T
interlocks []
actuate state mode=None-script, software_lock=False
doing actuation None-script open_channel False
Open T ===>> OK
GetIndicatorState T ===>> OK
change switch state (True, True)
update switch state T True args=() kw={} ncanvase=2
02:47:57 -- OPEN   VALVE-T (Microbone to CO2 Laser)
---------------------------------------- open None (Microbone to CO2 Laser) result=[(True, True)], time=0.41 sec
Get Checksum: -2083114517
action=open, ok=True, locked=[False]
executed 0
PrepareForCO2Analysis.py completed successfully
gosub finished
set_motor ('beam', '1.25') {}
setting motor "beam" to 1.25
set motor beam to 1.25
SetMotor beam,1.25 ===>> OK
GetMotorMoving beam ===>> False
GetMotorMoving beam ===>> False
Block completed
move_to_position ('215',) {'autocenter': True}
FusionsCO2 move to position 215
sending GoToHole 215,True
GoToHole 215,True ===>> OK
GetDriveMoving ===>> OK
GetDriveMoving ===>> OK
GetDriveMoving ===>> OK
GetDriveMoving ===>> OK
Get Checksum: -2083114517
GetDriveMoving ===>> OK
GetDriveMoving ===>> OK
GetDriveMoving ===>> False
GetDriveMoving ===>> OK
GetDriveMoving ===>> OK
GetDriveMoving ===>> OK
GetDriveMoving ===>> OK
GetDriveMoving ===>> False
Block completed
GetAutoCorrecting ===>> False
GetAutoCorrecting ===>> False
Block completed
update position
GetPosition ===>> 5.98170,-13.95730,1.00000
got position (5.9817, -13.9573, 1.0)
move to position succeeded
sleep (5,) {}
SLEEP 5.0
block started
WaitControl setup for 5.0  
Get Checksum: -2083114517
Get Checksum: -2083114517
Join finished
block finished. duration 5.01746201515
close () {'description': 'Microbone to Turbo'}
closing name=--- desc=Microbone to Turbo
checking ownership. requestor=129.138.12.150
check software interlocks U
interlocks []
actuate state mode=None-script, software_lock=False
doing actuation None-script close_channel True
Close U ===>> OK
GetIndicatorState U ===>> False
change switch state (True, True)
update switch state U False args=() kw={} ncanvase=2
02:48:08 -- CLOSE  VALVE-U (Microbone to Turbo)
---------------------------------------- close None (Microbone to Turbo) result=[(True, True)]
action=close, ok=True, locked=[False]
enable laser
enable () {}
set extraction state FusionsCO2 Enabled (False, 'red', 1.5)
enabling laser
Enable ===>> OK
begin interval
BEGIN INTERVAL Interval 1 waiting for 30.0
block started
set extract to 5.0
WaitControl setup for 30.0  
extract (5.0,) {}
GetPosition ===>> 5.98170,-13.95730,1.00000
set extraction state FusionsCO2 ON! 5.0(watts) (0.75, 'red', 1.5)
extract sample to 5.0 (watts)
set laser output
SetLaserOutput 5.0,watts ===>> OK
executing pattern triangle.lp
execute_pattern ('triangle.lp',) {}
executing pattern triangle.lp
Get Checksum: -1452036699
IsPatterning ===>> OK
IsPatterning ===>> OK
Get Checksum: -1452036699
IsPatterning ===>> OK
IsPatterning ===>> OK
IsPatterning ===>> OK
Get Checksum: -1452036699
IsPatterning ===>> OK
IsPatterning ===>> OK
IsPatterning ===>> OK
Get Checksum: -1452036699
IsPatterning ===>> OK
IsPatterning ===>> OK
IsPatterning ===>> OK
Get Checksum: -1452036699
IsPatterning ===>> OK
IsPatterning ===>> OK
IsPatterning ===>> OK
Get Checksum: -1452036699
IsPatterning ===>> OK
IsPatterning ===>> OK
IsPatterning ===>> OK
Get Checksum: -1452036699
IsPatterning ===>> OK
IsPatterning ===>> OK
IsPatterning ===>> OK
Get Checksum: -1452036699
IsPatterning ===>> OK
IsPatterning ===>> OK
IsPatterning ===>> OK
Get Checksum: -1452036699
IsPatterning ===>> OK
IsPatterning ===>> OK
IsPatterning ===>> OK
Get Checksum: -1452036699
IsPatterning ===>> False
IsPatterning ===>> False
Block completed
COMPLETE INTERVAL waiting for Interval 1 to complete
Join finished
block finished. duration 30.053481102
Interval 1 finished
end_extract () {}
ending extraction. set laser power to 0
set laser power 0
SetLaserPower 0 ===>> OK
disable () {}
%%%%%%%%%%%%%%%%%%%%%%%%%%%%%%%%%%% disable
set extraction state False (0.75, 'red', 1.5)
disabling laser
Disable ===>> OK
sleep (30.0,) {}
SLEEP 30.0
block started
WaitControl setup for 30.0  
Get Checksum: -1452036699
Get Checksum: -1452036699
Get Checksum: -1452036699
Get Checksum: -1452036699
Get Checksum: -1452036699
Get Checksum: -1452036699
Get Checksum: -1452036699
Get Checksum: -1452036699
Get Checksum: -1452036699
Get Checksum: -1452036699
Join finished
block finished. duration 30.0602707863
executed 166.5
jan_co2.py completed successfully
GetAchievedOutput ===>> No Response
Requested Output= 0.000
Achieved Output=  0.000
GetResponseBlob ===>> No Response
GetOutputBlob ===>> No Response
persistence save...
persistence save - db
AutomatedRunPersister post_extraction_save deprecated
persistence save - dvc
no extraction position for 215
create new session 4984345712
close session 4984345712
Extraction Finished
02:49:09 -- ******* Extraction Finished *******
no overlap. not waiting for min ms pumptime
02:49:09 -- Sending spectrometer configuration
======== Sending configuration ========
SetDeflection CDD,50.0 ===>> OK
SetDeflection H2,0.0 ===>> OK
SetDeflection H1,0.0 ===>> OK
SetDeflection L2,825.0 ===>> OK
SetDeflection L1,400.0 ===>> OK
SetDeflection AX,190.0 ===>> OK
SetZFocus 74.64 ===>> OK
SetZSymmetry -50.72 ===>> OK
SetExtractionLens 26.13 ===>> OK
SetIonRepeller -3.81 ===>> OK
SetElectronEnergy 75.08 ===>> OK
SetYSymmetry -2.81 ===>> OK
SetIonCounterVoltage 1590.0 ===>> OK
send trap current 200.0
GetParameter Trap Current Readback ===>> 198.035158395898
SetParameter Trap Current Set,200.0 ===>> OK
updating mftable name mftable
Using mftable located at /Users/jan/PychronDev/setupfiles/spectrometer/mftables/mftable.csv
============ MFtable ===========
Isotope  H2     H1     AX     L1     L2     CDD    
Ar40     5.7854 5.8793 5.9927 6.1253 6.2310 6.3535
Ar39     5.6846 5.7716 5.8851 6.0114 6.1162 6.2400
Ar36     5.3621 5.4406 5.5484 5.6702 5.7711 5.8911
================================
get initial guess parabolic
get initial guess parabolic
get initial guess parabolic
get initial guess parabolic
get initial guess parabolic
get initial guess parabolic
======== Configuration Finished ========
GetYSymmetry ===>> -2.81
GetZSymmetry ===>> -50.72
GetParameter Trap Current Readback ===>> 198.258926936459
GetHighVoltage ===>> 4500
start measurement
do measurement
L#=25389 analysis type=unknown
Measurement Started jan_unknown120_60.py
02:49:09 -- ******* Measurement Started jan_unknown120_60.py *******
state changed from extraction to measurement
setting spec, defl, and gains
GetExtractionLens ===>> 26.13
GetYSymmetry ===>> -2.81
GetZSymmetry ===>> -50.72
GetZFocus ===>> 74.64
GetDeflection H2 ===>> 0
GetDeflection H1 ===>> 0
GetDeflection AX ===>> 190
GetDeflection L1 ===>> 400
GetDeflection L2 ===>> 825
GetDeflection CDD ===>> 50
GetGain H2 ===>> 0.0113
GetGain H1 ===>> 0.1
GetGain AX ===>> 0.097049
GetGain L1 ===>> 0.010355
GetGain L2 ===>> 0.095649
GetGain CDD ===>> 0
pre measurement save
New frame /Users/jan/PychronDev/data/isotopes/80/925b76-4c04-46b6-89e5-cbe297504cfe.h5
flush and close file /Users/jan/PychronDev/data/isotopes/80/925b76-4c04-46b6-89e5-cbe297504cfe.h5
testing...
no interpolation path defined
executed 226.132928
unknown measurement script
activate_detectors ('H2', 'H1', 'AX', 'L1', 'L2', 'CDD') {}
activate detectors
*************** Set Analysis View Ar/Ar
create graphs
clearing graphs
clear isotope group
setting isotope det=H2, iso=PM41
setting isotope det=H1, iso=Ar40
setting isotope det=AX, iso=Ar39
setting isotope det=L1, iso=Ar38
setting isotope det=L2, iso=Ar37
setting isotope det=CDD, iso=Ar36
setting previous blanks
 - setting Ar40 blank 0.119+/-0.007
 - setting Ar36 blank 0.00416+/-0.00017
 - setting Ar37 blank 0.046+/-0.005
 - setting Ar38 blank 0.0115+/-0.0021
 - setting PM41 blank 0.02+/-0.07
 - setting Ar39 blank 0.041+/-0.009
load analysis view
position_magnet ('Ar40',) {'detector': 'H1'}
detector Detector(H1)
POSITION Ar40 H1
setting detector H2 to PM41 (40.9624)
setting detector H1 to Ar40 (39.9624)
setting detector AX to Ar39 (38.9624)
setting detector L1 to Ar38 (37.9624)
setting detector L2 to Ar37 (36.9624)
setting detector CDD to Ar36 (35.9624)
Mapping mass to dac mass func: "parabolic"
H1 map mass coeffs = [-0.00063987  0.15840543  0.57092999]
H1 map mass to dac 39.9624 >> 5.87932
GetDeflection H1 ===>> 0
GetHighVoltage ===>> 4500
positioning Ar40 (5.87932) on H1
setting magnet DAC
current  : 5.879320
requested: 5.879320
Delta Dac: 0.000000
Checking detector protection. dv=0.00000
Checking detector "CDD". Protection Threshold: 0.1 (V)
SetMagnetDAC 5.87932 ===>> OK
Magnet settling time: 0.500
equilibrate () {'delay': 3, 'inlet': 'R', 'outlet': 'O', 'eqtime': 12.0}
Equilibration Started
02:49:11 -- ******* Equilibration Started *******
checking ownership. requestor=129.138.12.150
check software interlocks O
interlocks []
actuate state mode=None-script, software_lock=False
doing actuation None-script close_channel True
Close O ===>> OK
GetIndicatorState O ===>> False
change switch state (True, True)
update switch state O False args=() kw={} ncanvase=2
02:49:11 -- CLOSE  VALVE-O (Jan Ion Pump)
waiting 3s before opening inlet value ('R',)
Get Checksum: 1601233651
checking ownership. requestor=129.138.12.150
check software interlocks R
interlocks []
actuate state mode=None-script, software_lock=False
doing actuation None-script open_channel True
Open R ===>> OK
GetIndicatorState R ===>> OK
change switch state (True, True)
update switch state R True args=() kw={} ncanvase=2
02:49:14 -- OPEN   VALVE-R (Jan Inlet)
equilibrating for 12.0sec
set_time_zero () {}
sniff (12.0,) {}
py_sniff
build tables- sniff [Detector(H2), Detector(H1), Detector(AX), Detector(L1), Detector(L2), Detector(CDD)]
add group /sniff/PM41 (Group) '' table H2
add group /sniff/Ar40 (Group) '' table H1
add group /sniff/Ar39 (Group) '' table AX
add group /sniff/Ar38 (Group) '' table L1
add group /sniff/Ar37 (Group) '' table L2
add group /sniff/Ar36 (Group) '' table CDD
flush and close file /Users/jan/PychronDev/data/isotopes/80/925b76-4c04-46b6-89e5-cbe297504cfe.h5
measuring sniff. ncounts=12.0
Get Checksum: 1554461685
starting measurement
GetData ===>> H2,-0.105109517958316,H1,37.8355912561259,AX,10.2025213182374,L1,0.0103506888384098,L2,0.08335341...
GetData ===>> H2,1.02821707790918,H1,1033.98034426904,AX,269.157027611595,L1,1.17665486968969,L2,1.239253451279...
GetData ===>> H2,0.76662045388528,H1,1794.42875447934,AX,451.957279167834,L1,3.35590575493692,L2,1.601413830567...
Get Checksum: 1554461685
GetData ===>> H2,0.326143628103862,H1,2032.93801640214,AX,502.316364988853,L1,4.82139970759842,L2,1.59917317396...
GetData ===>> H2,0.177221378296265,H1,2114.73992888717,AX,517.950585153877,L1,5.63713154503026,L2,1.78126561868...
GetData ===>> H2,0.0863244299155214,H1,2146.43754984835,AX,523.762245506901,L1,6.03970412592071,L2,1.7125007180...
Get Checksum: 1554461685
GetData ===>> H2,-0.0221013302548182,H1,2159.73981657562,AX,526.315632850033,L1,6.25940977753024,L2,1.785325644...
GetData ===>> H2,-0.0725759889482037,H1,2165.68886043974,AX,527.35594435189,L1,6.45889635313544,L2,1.7376857338...
GetData ===>> H2,-0.0258848113022207,H1,2167.4617909376,AX,527.768837513648,L1,6.62602879274011,L2,1.8408374464...
Get Checksum: 1554461685
GetData ===>> H2,0.0345041712368912,H1,2168.37814743965,AX,527.909836355593,L1,6.7342781783419,L2,1.80272933004...
GetData ===>> H2,-0.0245435830524605,H1,2168.58058758561,AX,527.904108640633,L1,6.73724450979883,L2,1.659781159...
Equilibration Finished
02:49:26 -- ******* Equilibration Finished *******
checking ownership. requestor=129.138.12.150
check software interlocks R
interlocks []
actuate state mode=None-script, software_lock=False
doing actuation None-script close_channel True
GetData ===>> H2,-0.0535409032798785,H1,2168.4454868884,AX,527.984536811804,L1,6.77838755798752,L2,1.7771137580...
Close R ===>> OK
Get Checksum: 1601233651
State checksums do not match. Local:1554461685 Remote:1601233651
State checksum failed
GetIndicatorState R ===>> False
change switch state (True, True)
update switch state R False args=() kw={} ncanvase=2
02:49:27 -- CLOSE  VALVE-R (Jan Inlet)
Post Equilibration Started jan_pump_extraction_line.py
02:49:27 -- ******* Post Equilibration Started jan_pump_extraction_line.py *******
testing...
no interpolation path defined
calculate duration
testing...
no interpolation path defined
executed 4.0
executed 4.0
Pump after analysis
doing GOSUB
testing...
no interpolation path defined
executed 4.0
Pump Microbone
close () {'description': 'Jan Inlet'}
closing name=--- desc=Jan Inlet
checking ownership. requestor=129.138.12.150
check software interlocks R
interlocks []
actuate state mode=None-script, software_lock=False
doing actuation None-script close_channel False
Close R ===>> OK
measurement finished
estimated time: 12.583 actual time: :12.673
flush and close file /Users/jan/PychronDev/data/isotopes/80/925b76-4c04-46b6-89e5-cbe297504cfe.h5
set_fits () {}
using default fits file=/Users/jan/PychronDev/scripts/measurement/fits/nominal_linear.yaml
set "Ar40" to "('Linear', 'SEM')"
No fit for "PM41". defaulting to linear. check the measurement script "jan_unknown120_60.py"
set "PM41" to "linear"
set "Ar36" to "('Linear', 'SEM')"
set "Ar37" to "('linear', 'SEM')"
set "Ar38" to "('linear', 'SEM')"
set "Ar39" to "('Linear', 'SEM')"
set_baseline_fits () {}
using default fits file=/Users/jan/PychronDev/scripts/measurement/fits/nominal_linear.yaml
GetIndicatorState R ===>> False
change switch state (True, True)
update switch state R False args=() kw={} ncanvase=2
set "H1" to "('average', 'SEM')"
set "H2" to "('average', 'SEM')"
set "CDD" to "('average', 'SEM')"
set "L2" to "('average', 'SEM')"
set "L1" to "('average', 'SEM')"
02:49:27 -- CLOSE  VALVE-R (Jan Inlet)
set "AX" to "('average', 'SEM')"
---------------------------------------- close None (Jan Inlet) result=[(True, True)]
multicollect () {'integration_time': 1, 'ncounts': 120}
build tables- signal [Detector(H2), Detector(H1), Detector(AX), Detector(L1), Detector(L2), Detector(CDD)]
add group /signal/PM41 (Group) '' table H2
add group /signal/Ar40 (Group) '' table H1
add group /signal/Ar39 (Group) '' table AX
add group /signal/Ar38 (Group) '' table L1
add group /signal/Ar37 (Group) '' table L2
add group /signal/Ar36 (Group) '' table CDD
flush and close file /Users/jan/PychronDev/data/isotopes/80/925b76-4c04-46b6-89e5-cbe297504cfe.h5
measuring signal. ncounts=120
action=close, ok=True, locked=[False]
is_closed ('F',) {}
is F () closed?
is closed True
open () {'description': 'CO2 Laser to Jan'}
opening name=--- desc=CO2 Laser to Jan
checking ownership. requestor=129.138.12.150
check software interlocks A
interlocks []
actuate state mode=None-script, software_lock=False
doing actuation None-script open_channel False
Open A ===>> OK
GetIndicatorState A ===>> OK
change switch state (True, True)
update switch state A True args=() kw={} ncanvase=2
02:49:28 -- OPEN   VALVE-A (CO2 Laser to Jan)
---------------------------------------- open None (CO2 Laser to Jan) result=[(True, True)], time=0.11 sec
starting measurement
GetData ===>> H2,0.111296717266774,H1,2168.85094617024,AX,528.191093177143,L1,6.82297053841348,L2,1.76574018466...
action=open, ok=True, locked=[False]
sleep (1,) {}
SLEEP 1.0
GetData ===>> H2,0.200688413575694,H1,2168.00404279723,AX,527.908630513319,L1,6.81244916318403,L2,1.73368518957...
close () {'description': 'CO2 Laser to Roughing'}
closing name=--- desc=CO2 Laser to Roughing
checking ownership. requestor=129.138.12.150
check software interlocks G
interlocks []
actuate state mode=None-script, software_lock=True
VALVE-G(CO2 Laser to Roughing) software locked
change switch state (True, False)
---------------------------------------- close None (CO2 Laser to Roughing) result=[(True, False)]
action=close, ok=True, locked=[True]
open () {'description': 'Microbone to Turbo'}
opening name=--- desc=Microbone to Turbo
checking ownership. requestor=129.138.12.150
check software interlocks U
interlocks []
actuate state mode=None-script, software_lock=False
doing actuation None-script open_channel True
Open U ===>> OK
GetIndicatorState U ===>> OK
change switch state (True, True)
update switch state U True args=() kw={} ncanvase=2
02:49:29 -- OPEN   VALVE-U (Microbone to Turbo)
---------------------------------------- open None (Microbone to Turbo) result=[(True, True)], time=0.19 sec
action=open, ok=True, locked=[False]
open () {'description': 'Microbone to Getter NP-10'}
opening name=--- desc=Microbone to Getter NP-10
checking ownership. requestor=129.138.12.150
check software interlocks M
interlocks []
actuate state mode=None-script, software_lock=False
doing actuation None-script open_channel False
Open M ===>> OK
GetIndicatorState M ===>> OK
change switch state (True, True)
update switch state M True args=() kw={} ncanvase=2
02:49:30 -- OPEN   VALVE-M (Microbone to Getter NP-10)
---------------------------------------- open None (Microbone to Getter NP-10) result=[(True, True)], time=0.16 sec
Get Checksum: 968834110
action=open, ok=True, locked=[False]
open () {'description': 'Microbone to Getter D-50'}
opening name=--- desc=Microbone to Getter D-50
checking ownership. requestor=129.138.12.150
check software interlocks K
interlocks []
actuate state mode=None-script, software_lock=False
doing actuation None-script open_channel False
GetData ===>> H2,-0.102148277111524,H1,2165.76571197383,AX,527.460508103196,L1,6.7686426444478,L2,1.74735440032...
Open K ===>> OK
GetIndicatorState K ===>> OK
change switch state (True, True)
update switch state K True args=() kw={} ncanvase=2
02:49:30 -- OPEN   VALVE-K (Microbone to Getter D-50)
---------------------------------------- open None (Microbone to Getter D-50) result=[(True, True)], time=0.43 sec
action=open, ok=True, locked=[False]
open () {'description': 'Microbone to CO2 Laser'}
opening name=--- desc=Microbone to CO2 Laser
checking ownership. requestor=129.138.12.150
check software interlocks T
interlocks []
actuate state mode=None-script, software_lock=False
doing actuation None-script open_channel False
Open T ===>> OK
GetIndicatorState T ===>> OK
change switch state (True, True)
update switch state T True args=() kw={} ncanvase=2
02:49:31 -- OPEN   VALVE-T (Microbone to CO2 Laser)
---------------------------------------- open None (Microbone to CO2 Laser) result=[(True, True)], time=0.40 sec
GetData ===>> H2,-0.058318557112172,H1,2164.56638270692,AX,527.162379097766,L1,6.74011393863883,L2,1.6867353806...
action=open, ok=True, locked=[False]
open () {'description': 'Microbone to Inlet Pipette'}
opening name=--- desc=Microbone to Inlet Pipette
checking ownership. requestor=129.138.12.150
check software interlocks S
interlocks []
actuate state mode=None-script, software_lock=False
doing actuation None-script open_channel False
Open S ===>> OK
GetIndicatorState S ===>> OK
change switch state (True, True)
update switch state S True args=() kw={} ncanvase=2
02:49:32 -- OPEN   VALVE-S (Microbone to Inlet Pipette)
---------------------------------------- open None (Microbone to Inlet Pipette) result=[(True, True)], time=0.41 sec
action=open, ok=True, locked=[False]
sleep (1,) {}
SLEEP 1.0
GetData ===>> H2,-0.0225616766578283,H1,2165.14094634141,AX,527.125253973664,L1,6.77227611396156,L2,1.659608695...
set_resource () {'name': 'CO2PumpTimeFlag', 'value': 30}
Set CO2PumpTimeFlag 30 ===>> OK
release ('JanCO2Flag',) {}
release JanCO2Flag
Get Checksum: 968834110
Set JanCO2Flag 0 ===>> OK
executed 6.0
PumpMicrobone.py completed successfully
gosub finished
get_resource_value () {'name': 'JanMiniboneFlag'}
Read JanMiniboneFlag ===>> 0
Get Resource Value JanMiniboneFlag=0.0
get resource value 0.0
get_resource_value () {'name': 'JanMiniboneFlag'}
Read JanMiniboneFlag ===>> 0
Get Resource Value JanMiniboneFlag=0.0
executed 4.0
jan_pump_extraction_line.py completed successfully
Post Equilibration Finished
02:49:33 -- ******* Post Equilibration Finished *******
GetData ===>> H2,-0.096773304788738,H1,2164.26836504949,AX,526.828668222458,L1,6.76874845978512,L2,1.7101079326...
GetData ===>> H2,-0.0372741328380515,H1,2163.19090136941,AX,526.508901747376,L1,6.79999461166366,L2,1.711246799...
GetData ===>> H2,-0.0426131165410779,H1,2162.20033683183,AX,526.369298994373,L1,6.77346450026435,L2,1.698386442...
Get Checksum: 968834110
GetData ===>> H2,0.0270719245461512,H1,2160.62129516882,AX,526.622720413308,L1,6.7796807690995,L2,1.84053822993...
GetData ===>> H2,-0.0496082122516337,H1,2161.02203014909,AX,526.534387473706,L1,6.75244755162952,L2,1.731052737...
GetData ===>> H2,-0.05565867412581,H1,2159.84910252477,AX,525.768908689396,L1,6.75340427987153,L2,1.69208342282...
Get Checksum: 968834110
GetData ===>> H2,-0.126605348717108,H1,2158.75296905466,AX,525.5638956997,L1,6.7714550500498,L2,1.5753794635090...
GetData ===>> H2,-0.135242356595811,H1,2157.80058220471,AX,525.583845960732,L1,6.73149343393567,L2,1.7460092365...
GetData ===>> H2,-0.204881570151563,H1,2157.5491429867,AX,525.23877435163,L1,6.72789445841804,L2,1.729650325857...
Get Checksum: 968834110
GetData ===>> H2,-0.140924233600429,H1,2156.51561609601,AX,525.004719542319,L1,6.7127939958668,L2,1.66895670869...
GetData ===>> H2,-0.0330217849874752,H1,2155.36910299189,AX,524.628380270081,L1,6.72271861937072,L2,1.735777407...
GetData ===>> H2,-0.00160592458267541,H1,2153.55204330343,AX,524.370076403745,L1,6.74247567026844,L2,1.77878138...
Get Checksum: 968834110
GetData ===>> H2,-0.0337021043385956,H1,2152.36491978351,AX,524.092764594417,L1,6.72642344664047,L2,1.660999916...
GetData ===>> H2,-0.0494195500761981,H1,2152.45536185725,AX,524.045655819379,L1,6.70493805515667,L2,1.745618337...
GetData ===>> H2,-0.166999365505666,H1,2152.2918336786,AX,524.219868136608,L1,6.71433500972292,L2,1.76946606111...
Get Checksum: 968834110
GetData ===>> H2,-0.174315742550303,H1,2151.16944370088,AX,523.785151816856,L1,6.6726136724566,L2,1.66435732697...
GetData ===>> H2,-0.236052688064397,H1,2150.38997502892,AX,523.930228865749,L1,6.67856161185351,L2,1.7446181039...
Get Checksum: 968834110
GetData ===>> H2,-0.139432053256877,H1,2148.88959605532,AX,523.909246130055,L1,6.67937682255445,L2,1.7018026668...
GetData ===>> H2,-0.129121042390494,H1,2148.99813730159,AX,523.279770095221,L1,6.65948194417608,L2,1.6630350453...
02:49:53 -- collecting point 25
GetData ===>> H2,-0.0749186000786438,H1,2147.6935475365,AX,523.077313398497,L1,6.68508052802088,L2,1.6585509206...
Get Checksum: 968834110
GetData ===>> H2,-0.117283906915608,H1,2147.14024351843,AX,522.603752205103,L1,6.67483465226144,L2,1.7190984028...
GetData ===>> H2,-0.106970049123481,H1,2145.27029499682,AX,522.604393505104,L1,6.66347318181136,L2,1.7408816900...
GetData ===>> H2,-0.10851372039391,H1,2144.51566132719,AX,522.152959045279,L1,6.67598842869685,L2,1.71523868949...
Get Checksum: 968834110
GetData ===>> H2,-0.0867002556379924,H1,2144.01265943497,AX,521.75063820945,L1,6.66042918041886,L2,1.7521258590...
GetData ===>> H2,-0.0512490341869845,H1,2143.30646463372,AX,521.679889634474,L1,6.66615574791132,L2,1.830043222...
GetData ===>> H2,-0.0841663874930199,H1,2142.70648358816,AX,521.66182869705,L1,6.63240670293781,L2,1.6824571602...
Get Checksum: 968834110
GetData ===>> H2,-0.0735521355445537,H1,2142.3072953024,AX,521.772499090197,L1,6.61700088451264,L2,1.7930666186...
GetData ===>> H2,-0.142910799500902,H1,2141.07627664408,AX,521.618622773951,L1,6.62526664519507,L2,1.7490330070...
GetData ===>> H2,-0.0778055299885106,H1,2140.01271475046,AX,521.233209959763,L1,6.61401294366237,L2,1.671221984...
Get Checksum: 968834110
GetData ===>> H2,-0.0508174761451535,H1,2139.29080408553,AX,520.683323227057,L1,6.5987388198131,L2,1.7993702778...
GetData ===>> H2,-0.138592615543378,H1,2138.19576466173,AX,520.731503676665,L1,6.63965591460107,L2,1.7740891077...
GetData ===>> H2,-0.0152333084000058,H1,2137.01569929376,AX,520.587962129126,L1,6.5933248733685,L2,1.7974722349...
Get Checksum: 968834110
GetData ===>> H2,-0.125269546932308,H1,2136.44476022468,AX,520.492566713553,L1,6.6223029735061,L2,1.59886293330...
GetData ===>> H2,-0.136172632632751,H1,2135.0490964952,AX,520.317579745947,L1,6.60615564491033,L2,1.65142274128...
GetData ===>> H2,-0.227272390228265,H1,2134.73263519318,AX,519.823421093827,L1,6.6035349158134,L2,1.66037903862...
Get Checksum: 968834110
GetData ===>> H2,-0.2363594175145,H1,2133.52259305504,AX,519.622648762781,L1,6.59727597773705,L2,1.649065959114...
GetData ===>> H2,-0.086024522395995,H1,2132.21142224062,AX,519.784072547896,L1,6.62591877294538,L2,1.7679825930...
GetData ===>> H2,-0.0081612826608705,H1,2131.78757382674,AX,519.572031327616,L1,6.56461232626924,L2,1.740743732...
Get Checksum: 968834110
GetData ===>> H2,-0.0772512420674903,H1,2130.7979686374,AX,519.011537283167,L1,6.52136475014627,L2,1.6827331687...
GetData ===>> H2,-0.0339628147629212,H1,2130.07702615274,AX,518.783845054166,L1,6.54160566026186,L2,1.754850870...
Get Checksum: 968834110
GetData ===>> H2,-0.154950936424452,H1,2129.95199177857,AX,518.784908020545,L1,6.58267545551193,L2,1.7143758749...
GetData ===>> H2,-0.213101225657464,H1,2129.15477785761,AX,518.826111038138,L1,6.60377705283296,L2,1.8162472454...
GetData ===>> H2,-0.220526415357005,H1,2127.62798676733,AX,518.505626897791,L1,6.60674836732093,L2,1.7340070663...
Get Checksum: 968834110
GetData ===>> H2,-0.224973904797155,H1,2127.09270195044,AX,518.447566392363,L1,6.60429160855792,L2,1.6170079440...
02:50:20 -- collecting point 50
GetData ===>> H2,-0.121121881184802,H1,2125.36046504295,AX,518.00939719869,L1,6.57121698307988,L2,1.65802203766...
GetData ===>> H2,-0.114917163383808,H1,2125.54606520681,AX,517.630223542745,L1,6.54081688588801,L2,1.6929115332...
Get Checksum: 968834110
GetData ===>> H2,-0.143408062226575,H1,2124.38714492867,AX,517.956574098035,L1,6.62584223796943,L2,1.7840834651...
GetData ===>> H2,-0.0835433296813931,H1,2123.8459905051,AX,517.762641188324,L1,6.61376583862602,L2,1.6388117528...
GetData ===>> H2,-0.101581114133183,H1,2122.90909433792,AX,517.34495650855,L1,6.58534656648814,L2,1.66247164383...
GetData ===>> H2,-0.131329765029439,H1,2121.78089823101,AX,517.063029168677,L1,6.5760560003296,L2,1.63345516813...
GetData ===>> H2,-0.042531707004492,H1,2120.37536613027,AX,516.764597732014,L1,6.5663844911943,L2,1.70745062999...
Get Checksum: 968834110
GetData ===>> H2,-0.143471569754625,H1,2119.29404474529,AX,516.635814418882,L1,6.55130107347123,L2,1.7375477812...
GetData ===>> H2,-0.0777919780387372,H1,2119.29224748793,AX,516.598000157108,L1,6.53055911621137,L2,1.613399354...
GetData ===>> H2,-0.0675230917278742,H1,2118.5894442918,AX,516.496582782548,L1,6.59213976975503,L2,1.6870459040...
Get Checksum: 968834110
GetData ===>> H2,-0.00625762479799611,H1,2117.89453354105,AX,515.989635664697,L1,6.60737617185466,L2,1.64735301...
GetData ===>> H2,-0.172194520231092,H1,2116.642298632,AX,516.186228615992,L1,6.58315296893336,L2,1.648180743613...
GetData ===>> H2,-0.11756939837731,H1,2115.91023551841,AX,516.356132189251,L1,6.5845314867469,L2,1.688495026308...
Get Checksum: 968834110
GetData ===>> H2,-0.102102255395458,H1,2114.92252150087,AX,515.637146681533,L1,6.57635212869752,L2,1.7281559746...
GetData ===>> H2,-0.0535870344520057,H1,2114.63796569333,AX,515.398583323453,L1,6.55946974645201,L2,1.704218252...
GetData ===>> H2,-0.132728336724425,H1,2113.03439968269,AX,515.269196968688,L1,6.54544211628297,L2,1.6197317140...
Get Checksum: 968834110
GetData ===>> H2,-0.114505740824919,H1,2112.49711434963,AX,515.364532495271,L1,6.55246999277352,L2,1.6647597641...
GetData ===>> H2,-0.120941983986744,H1,2111.71920631959,AX,514.931862407864,L1,6.56348774394917,L2,1.7090496042...
GetData ===>> H2,-0.000480910538690948,H1,2110.48001093115,AX,514.796841512001,L1,6.53200836423107,L2,1.6795131...
Get Checksum: 968834110
GetData ===>> H2,0.0463876304211818,H1,2109.8261778014,AX,514.621848293899,L1,6.50062283546605,L2,1.65953970973...
GetData ===>> H2,-0.072642423803285,H1,2109.10636949224,AX,514.276706436962,L1,6.46704759377092,L2,1.6978228343...
Get Checksum: 968834110
GetData ===>> H2,-0.093421122024814,H1,2108.63974008148,AX,513.997277195719,L1,6.50348844501773,L2,1.7002958323...
GetData ===>> H2,-0.0884621421496609,H1,2108.03066523634,AX,513.872158463132,L1,6.5421495600801,L2,1.6847917570...
GetData ===>> H2,-0.0355500323473452,H1,2106.93866981927,AX,513.833730366259,L1,6.51743235165082,L2,1.751527976...
Get Checksum: 968834110
GetData ===>> H2,-0.0523359994184587,H1,2105.72250996518,AX,513.689214389538,L1,6.53501701011657,L2,1.618053770...
02:50:46 -- collecting point 75
GetData ===>> H2,-0.115442246839215,H1,2105.08258164185,AX,513.313743943739,L1,6.54307859240279,L2,1.6339034545...
GetData ===>> H2,-0.0895178002455824,H1,2104.06664719583,AX,513.310325962767,L1,6.53916792561558,L2,1.770052554...
Get Checksum: 968834110
GetData ===>> H2,-0.105124403416804,H1,2102.949749434,AX,513.070350566824,L1,6.51992035263208,L2,1.726213352770...
GetData ===>> H2,-0.147250303091274,H1,2102.44963607758,AX,513.239779454738,L1,6.51686522868405,L2,1.6992951232...
GetData ===>> H2,0.00964201322979881,H1,2101.82970669684,AX,512.690112606783,L1,6.48897516236945,L2,1.691899399...
Get Checksum: 968834110
GetData ===>> H2,0.00212783456182868,H1,2101.58476295448,AX,512.526402283462,L1,6.52990923047561,L2,1.701031992...
GetData ===>> H2,0.00372681829384971,H1,2100.73075977419,AX,512.238135775898,L1,6.51254349593266,L2,1.703516575...
GetData ===>> H2,-0.10282775251942,H1,2099.12888362049,AX,512.117017036988,L1,6.55185927930522,L2,1.60304552095...
Get Checksum: 968834110
GetData ===>> H2,-0.130042828133653,H1,2098.1951428737,AX,511.825392517167,L1,6.49603492166921,L2,1.71307591569...
GetData ===>> H2,-0.149085851013189,H1,2097.95998428348,AX,511.483654996782,L1,6.50355509717111,L2,1.6430995338...
GetData ===>> H2,-0.107543707813951,H1,2097.25823656587,AX,511.513439524069,L1,6.54434692774325,L2,1.6657026234...
Get Checksum: 968834110
GetData ===>> H2,-0.144307944228618,H1,2096.6118372498,AX,511.433193091186,L1,6.47464807296203,L2,1.72371903757...
GetData ===>> H2,-0.169340853525871,H1,2095.71465750691,AX,511.289295865863,L1,6.48416765573706,L2,1.7412380801...
GetData ===>> H2,-0.223957143767102,H1,2094.52854138361,AX,511.240531375215,L1,6.49654443546671,L2,1.7199029750...
Get Checksum: 968834110
GetData ===>> H2,-0.070971943977459,H1,2094.16741025603,AX,511.089515437581,L1,6.49207852000355,L2,1.5767120318...
GetData ===>> H2,-0.146091283158809,H1,2092.67799685485,AX,510.967801047092,L1,6.48751258302768,L2,1.5810544943...
GetData ===>> H2,-0.152801075167877,H1,2091.59539608469,AX,510.710158900888,L1,6.48495583460925,L2,1.7088425413...
Get Checksum: 968834110
GetData ===>> H2,-0.109889749086317,H1,2090.7150773793,AX,510.0971221386,L1,6.45025999706714,L2,1.7467680445618...
GetData ===>> H2,-0.0924701410869952,H1,2089.98643763531,AX,510.128624756876,L1,6.49300046444843,L2,1.739203224...
Get Checksum: 968834110
GetData ===>> H2,-0.164226741882783,H1,2089.58397744832,AX,509.743926080783,L1,6.48223861461046,L2,1.7181032889...
GetData ===>> H2,-0.0538326119577892,H1,2088.82928312994,AX,509.852590386121,L1,6.45342706605619,L2,1.588005138...
GetData ===>> H2,-0.0659055060962416,H1,2087.64927565049,AX,509.681001320593,L1,6.45327812244675,L2,1.616421826...
Get Checksum: 968834110
GetData ===>> H2,-0.0344733554008649,H1,2086.98301010387,AX,509.518008549192,L1,6.48831840947183,L2,1.607756894...
GetData ===>> H2,-0.0560154410762885,H1,2086.49914970588,AX,509.165985005003,L1,6.48546333865995,L2,1.710222969...
GetData ===>> H2,-0.163118312532688,H1,2085.308025706,AX,508.884092324264,L1,6.45340329834707,L2,1.672521380340...
Get Checksum: 968834110
02:51:12 -- collecting point 100
GetData ===>> H2,-0.0784207715014714,H1,2084.70124668255,AX,508.49352397237,L1,6.46968681757265,L2,1.5677175528...
GetData ===>> H2,-0.167408317312917,H1,2083.76898737267,AX,508.65199973542,L1,6.42101826303656,L2,1.66385140836...
GetData ===>> H2,-0.0777269284550661,H1,2083.05438612386,AX,507.988315121752,L1,6.45978407637413,L2,1.663425978...
Get Checksum: 968834110
GetData ===>> H2,-0.0072516457787658,H1,2081.50228141023,AX,508.283919627459,L1,6.48701451784312,L2,1.770696551...
GetData ===>> H2,-0.0848408768133005,H1,2080.70537438567,AX,508.532963256943,L1,6.46017247392377,L2,1.691542854...
GetData ===>> H2,-0.084419664278297,H1,2080.30638609019,AX,507.84997572665,L1,6.49955271010897,L2,1.69502784784...
Get Checksum: 968834110
GetData ===>> H2,-0.0596123295616177,H1,2079.01980351146,AX,507.601578845439,L1,6.48903385925372,L2,1.744871035...
GetData ===>> H2,-0.113954898468815,H1,2078.78261850196,AX,507.050702512507,L1,6.48515566202008,L2,1.6206971193...
GetData ===>> H2,-0.11509850938376,H1,2078.74064734245,AX,506.97454560441,L1,6.45029801643302,L2,1.629466659866...
Get Checksum: 968834110
GetData ===>> H2,-0.123453523761801,H1,2076.94634310615,AX,507.264727290005,L1,6.48443724889305,L2,1.7200064205...
GetData ===>> H2,-0.178253335230768,H1,2076.44180314723,AX,507.266944258654,L1,6.43725333139616,L2,1.5722663799...
GetData ===>> H2,-0.0802391983285884,H1,2075.19124081657,AX,506.791969599652,L1,6.43113349151308,L2,1.722535122...
Get Checksum: 968834110
GetData ===>> H2,-0.0672694384407674,H1,2074.16697232943,AX,506.702641114779,L1,6.4231143286036,L2,1.7124777102...
GetData ===>> H2,-0.123638790364257,H1,2073.39269927089,AX,506.389836126466,L1,6.42883354058542,L2,1.6695546444...
GetData ===>> H2,-0.0446598861085579,H1,2073.21701777561,AX,506.090470369886,L1,6.45544113759886,L2,1.689507124...
Get Checksum: 968834110
GetData ===>> H2,-0.0773989644713919,H1,2072.25338067373,AX,505.946715644386,L1,6.45320682024551,L2,1.702642363...
GetData ===>> H2,-0.126936570786097,H1,2071.65034243085,AX,505.89844370635,L1,6.44119907419592,L2,1.67388978927...
GetData ===>> H2,-0.0356314917851127,H1,2071.12502224312,AX,505.429864696257,L1,6.45183472347072,L2,1.619467378...
Get Checksum: 968834110
GetData ===>> H2,0.0742193443001312,H1,2070.44833578273,AX,505.440086506149,L1,6.43990481748294,L2,1.7610140482...
GetData ===>> H2,0.0217669124914233,H1,2069.20101611911,AX,505.359435197565,L1,6.39131289908685,L2,1.6732228312...
Get Checksum: 968834110
GetData ===>> H2,-0.150749608267891,H1,2068.13725996188,AX,504.820318244898,L1,6.36631024747725,L2,1.7063923306...
measurement finished
estimated time: 125.829 actual time: :126.140
flush and close file /Users/jan/PychronDev/data/isotopes/80/925b76-4c04-46b6-89e5-cbe297504cfe.h5
baselines () {'settling_time': 15.0, 'detector': 'H1', 'mass': 34.2, 'ncounts': 60}
%%%%%%%%%%%%%%%%%%%%%%%%%%%%%%%% Baseline
build tables- baseline [Detector(H2), Detector(H1), Detector(AX), Detector(L1), Detector(L2), Detector(CDD)]
add group baseline table H2
add group baseline table H1
add group baseline table AX
add group baseline table L1
add group baseline table L2
add group baseline table CDD
flush and close file /Users/jan/PychronDev/data/isotopes/80/925b76-4c04-46b6-89e5-cbe297504cfe.h5
detector Detector(H1)
POSITION 34.2 H1
Mapping mass to dac mass func: "parabolic"
H1 map mass coeffs = [-0.00063987  0.15840543  0.57092999]
H1 map mass to dac 34.2 >> 5.23997599104
GetDeflection H1 ===>> 0
GetHighVoltage ===>> 4500
positioning 34.2 (5.23997599104) on H1
setting magnet DAC
current  : 5.879320
requested: 5.239976
Delta Dac: 0.639344
Checking detector protection. dv=0.63934
Checking detector "CDD". Protection Threshold: 0.1 (V)
ProtectDetector CDD,On ===>> OK
GetDeflection CDD ===>> 2000
SetMagnetDAC 5.23997599104 ===>> OK
Magnet settling time: 0.500
GetMagnetMoving ===>> True
GetMagnetMoving ===>> True
GetMagnetMoving ===>> True
GetMagnetMoving ===>> True
GetMagnetMoving ===>> True
GetMagnetMoving ===>> True
Get Checksum: 968834110
GetMagnetMoving ===>> True
GetMagnetMoving ===>> True
GetMagnetMoving ===>> False
ProtectDetector CDD,Off ===>> OK
GetDeflection CDD ===>> 50
Delaying 15.0s for detectors to settle
Get Checksum: 968834110
Get Checksum: 968834110
Get Checksum: 968834110
Get Checksum: 968834110
Get Checksum: 968834110
Join finished
measuring baseline. ncounts=60
starting measurement
GetData ===>> H2,-0.0939467012816529,H1,-0.166224039497575,AX,-0.202567449479055,L1,-0.0927683054789201,L2,-0.0...
GetData ===>> H2,-0.0412928534371644,H1,-0.0748145491724415,AX,-0.0638757284910019,L1,-0.0871844900006573,L2,-0...
Get Checksum: 968834110
GetData ===>> H2,-0.0889594926434871,H1,-0.0499470287396829,AX,-0.0960762234157756,L1,-0.0889832098059026,L2,0....
GetData ===>> H2,-0.198511642268277,H1,-0.0687591737986491,AX,-0.0299713967529973,L1,-0.089931408936996,L2,-0.0...
GetData ===>> H2,-0.0843885128923965,H1,-0.0718822674872886,AX,-0.137828790027203,L1,-0.0920400542587056,L2,-0....
Get Checksum: 968834110
GetData ===>> H2,-0.0569120569451153,H1,-0.0582925231882524,AX,-0.204548920222367,L1,-0.120933249811583,L2,0.00...
GetData ===>> H2,-0.0434502441913918,H1,-0.0467517123378112,AX,-0.149840864321432,L1,-0.161448025157796,L2,-0.0...
GetData ===>> H2,-0.122371614602851,H1,0.0360640168999506,AX,-0.128671556176891,L1,-0.0935263468589862,L2,0.007...
Get Checksum: 968834110
GetData ===>> H2,-0.148787375224341,H1,-0.0327531163984983,AX,-0.168412599644032,L1,-0.073194047626702,L2,-0.07...
GetData ===>> H2,-0.160441974067696,H1,0.00779901139058583,AX,-0.0859466190526302,L1,-0.0709663812802678,L2,0.0...
GetData ===>> H2,-0.0381564455584349,H1,0.0416726282267856,AX,-0.108394904508158,L1,-0.0891157720036662,L2,-0.0...
Get Checksum: 968834110
GetData ===>> H2,-0.123289891620086,H1,0.0218529638644106,AX,-0.0721992678536261,L1,-0.0729622212888592,L2,-0.0...
GetData ===>> H2,-0.183450966373535,H1,0.0593835825450253,AX,-0.0647683984121354,L1,-0.0881651070070365,L2,-0.0...
GetData ===>> H2,-0.214512556825741,H1,0.0482004927893744,AX,-0.0427042989412561,L1,-0.0620100937322962,L2,0.02...
GetData ===>> H2,-0.297010202009662,H1,0.00841934797481971,AX,-0.10416524158882,L1,-0.0397941649211192,L2,-0.04...
GetData ===>> H2,-0.25946221347353,H1,-0.00857886970015969,AX,-0.0829446229626055,L1,-0.0486346137690985,L2,-0....
Get Checksum: 968834110
GetData ===>> H2,-0.156849123589034,H1,0.0222586250653968,AX,-0.0483396418491038,L1,-0.0138307382729701,L2,0.03...
GetData ===>> H2,-0.11644903998463,H1,0.00506719025057407,AX,-0.0476091528438543,L1,-0.0387592377753719,L2,0.05...
Get Checksum: 968834110
GetData ===>> H2,-0.265947399730287,H1,-0.0234514333266265,AX,-0.185891367899022,L1,-0.0176327300205491,L2,-0.0...
GetData ===>> H2,-0.242771764147245,H1,0.114134398085875,AX,-0.152113252053162,L1,-0.0131955067169006,L2,0.0098...
GetData ===>> H2,-0.190310021164433,H1,0.0413623564117451,AX,0.00251780671170942,L1,-0.00210605754393281,L2,0.0...
Get Checksum: 968834110
GetData ===>> H2,-0.153399726143038,H1,0.044035498976558,AX,-0.0235579290320289,L1,-0.0413152185686045,L2,-0.09...
GetData ===>> H2,-0.104285374415004,H1,-0.0254907224476629,AX,-0.056536975766854,L1,-0.0318516018878245,L2,-0.0...
GetData ===>> H2,-0.187792640159391,H1,0.118644351674768,AX,-0.0964239027853823,L1,-0.0492413311322736,L2,-0.04...
Get Checksum: 968834110
02:52:18 -- collecting point 25
GetData ===>> H2,-0.179265522130647,H1,-0.0093660856332221,AX,-0.132934908581519,L1,-0.0219790188033903,L2,-0.0...
GetData ===>> H2,-0.164588544312038,H1,0.0104831877417723,AX,-0.109576859628155,L1,-0.0132014996547832,L2,0.022...
GetData ===>> H2,-0.159398003711235,H1,0.00251437674514423,AX,-0.100167171964705,L1,0.00707342858339354,L2,-0.0...
Get Checksum: 968834110
GetData ===>> H2,-0.218739923032957,H1,0.00666571409608814,AX,-0.0598760029739838,L1,-0.0291891156151697,L2,-0....
GetData ===>> H2,-0.2915983219022,H1,0.0770841080979469,AX,-0.0827475775089547,L1,-0.00751979138638614,L2,-0.04...
GetData ===>> H2,-0.262300994025189,H1,0.0280812375382801,AX,-0.100271471520287,L1,-0.0210739465636368,L2,-0.04...
Get Checksum: 968834110
GetData ===>> H2,-0.142599999225544,H1,0.0779428134775052,AX,-0.15742301233909,L1,-0.00833525788341686,L2,-0.04...
GetData ===>> H2,-0.157835244826337,H1,0.0110677512465741,AX,-0.166627455800076,L1,-0.0237529639047959,L2,0.022...
GetData ===>> H2,-0.134505383202581,H1,0.0811391704399923,AX,-0.0646176884805334,L1,0.000508883801905854,L2,0.0...
Get Checksum: 968834110
GetData ===>> H2,-0.266740525124963,H1,0.120434072080467,AX,-0.13287698384986,L1,0.0313726231434577,L2,0.022740...
GetData ===>> H2,-0.314582159925359,H1,-0.0297719018548246,AX,-0.111975489112845,L1,0.00886492942340973,L2,-0.0...
GetData ===>> H2,-0.296561995213722,H1,0.0147899499564509,AX,-0.0558761130501797,L1,-0.0273658101329696,L2,-0.0...
Get Checksum: 968834110
GetData ===>> H2,-0.291204946537938,H1,0.0813419278675067,AX,-0.0878822199271272,L1,-0.0262359615494339,L2,-0.0...
GetData ===>> H2,-0.0900408499666159,H1,0.098124509892883,AX,-0.0521891123708591,L1,-0.0374786074899743,L2,0.00...
GetData ===>> H2,-0.11470739387586,H1,0.137855688002842,AX,0.0337645305992671,L1,0.00413180142250235,L2,-0.0356...
Get Checksum: 968834110
GetData ===>> H2,-0.278491063813413,H1,0.0222586250653968,AX,0.0534223540592468,L1,-0.0125937975862988,L2,-0.05...
GetData ===>> H2,-0.253796602335303,H1,0.144347804745526,AX,-0.0614411325379999,L1,0.00256627221115207,L2,-0.01...
GetData ===>> H2,-0.222739603585576,H1,0.0430211284397466,AX,-0.0465308019096342,L1,-0.0204565326868803,L2,0.01...
Get Checksum: 968834110
GetData ===>> H2,-0.185057539290693,H1,-0.0577918131471787,AX,-0.12520744475835,L1,-0.0299125959463881,L2,0.001...
GetData ===>> H2,-0.227067740305167,H1,0.0173669378321197,AX,-0.0357466353317082,L1,-0.0212393830681486,L2,-0.1...
Get Checksum: 968834110
GetData ===>> H2,-0.160625638076458,H1,0.0313745043602822,AX,-0.00440779192092843,L1,0.00147870881939084,L2,-0....
GetData ===>> H2,-0.162983295459683,H1,0.0741502536089513,AX,-0.136251805255814,L1,0.0265579764564671,L2,0.0085...
GetData ===>> H2,-0.129667094597787,H1,0.0594074538697199,AX,-0.0814377946454462,L1,0.00937735965471605,L2,0.05...
Get Checksum: 968834110
GetData ===>> H2,-0.206739969360817,H1,0.0612097553195802,AX,0.0194916671419532,L1,0.0267669478255223,L2,0.0181...
GetData ===>> H2,-0.282908644042649,H1,0.0681566776466581,AX,0.0358069976476723,L1,0.0274659524951838,L2,-0.095...
02:52:44 -- collecting point 50
GetData ===>> H2,-0.230762985495545,H1,-0.0314056184226306,AX,-0.15040896623152,L1,-0.00330109604890048,L2,-0.0...
Get Checksum: 968834110
GetData ===>> H2,-0.275281235866533,H1,0.0275800977360909,AX,-0.151324878650336,L1,-0.00251281849944186,L2,-0.0...
GetData ===>> H2,-0.226802497718742,H1,0.0709183426771844,AX,-0.0309571545005764,L1,-0.0169851221519079,L2,-0.0...
GetData ===>> H2,-0.237797437063078,H1,0.0460284686679692,AX,0.0164284960264623,L1,-0.0099180336969096,L2,-0.00...
Get Checksum: 968834110
GetData ===>> H2,-0.265944711074784,H1,0.0642892593553103,AX,-0.00359577068061477,L1,0.0517260553777572,L2,-0.0...
GetData ===>> H2,-0.159999007447242,H1,0.0347156103878145,AX,-0.0489425810242393,L1,0.00595405228429252,L2,-0.1...
GetData ===>> H2,-0.137335370417154,H1,0.0400974120397859,AX,-0.0911042725081953,L1,-0.00356744072375308,L2,-0....
Get Checksum: 968834110
GetData ===>> H2,-0.152202495253427,H1,0.0750208599963777,AX,-0.115903551698639,L1,-0.013654555425765,L2,0.0056...
GetData ===>> H2,-0.228438285525792,H1,0.0125709302192025,AX,-0.0518180856986149,L1,0.0123672556244553,L2,0.022...
GetData ===>> H2,-0.267456978596995,H1,-0.0672691138372315,AX,-0.0913128909397741,L1,-0.000152416087051852,L2,-...
Get Checksum: 968834110
GetData ===>> H2,-0.181320657951364,H1,-0.00243598727578382,AX,-0.049893362133483,L1,0.00233098364115887,L2,0.0...
measurement finished
estimated time: 62.915 actual time: :63.104
flush and close file /Users/jan/PychronDev/data/isotopes/80/925b76-4c04-46b6-89e5-cbe297504cfe.h5
activate_detectors ('H1', 'AX', 'CDD') {'peak_center': True}
peak_center () {'detector': 'H1', 'integration_time': 0.262144, 'isotope': 'Ar40'}
peak center: mean=2071.87832874 threshold=3
peak center started
setup peak center. detector=['H1', 'AX', 'CDD'], isotope=Ar40
VersionedUnpickler [<apptools.sweet_pickle.versioned_unpickler.VersionedUnpickler object at 0x17717c110>] using Updater [<apptools.sweet_pickle.updater.Updater object at 0x12ca90950>]
VersionedUnpickler [<apptools.sweet_pickle.versioned_unpickler.VersionedUnpickler object at 0x17717c110>] using Updater [<apptools.sweet_pickle.updater.Updater object at 0x12ca90950>]
VersionedUnpickler [<apptools.sweet_pickle.versioned_unpickler.VersionedUnpickler object at 0x1787fa0b0>] using Updater [<apptools.sweet_pickle.updater.Updater object at 0x12ca90950>]
setting integration time = 0.524288
SetIntegrationTime 0.524288 ===>> OK
Mapping mass to dac mass func: "parabolic"
H1 map mass coeffs = [-0.00063987  0.15840543  0.57092999]
H1 map mass to dac 39.9624 >> 5.87932
GetDeflection H1 ===>> 0
GetHighVoltage ===>> 4500
do peak center. <pychron.spectrometer.jobs.peak_center.PeakCenter object at 0x12ce950b0>
doing pc
starting peak center. center dac= 5.87932 step_width=0.001
width = 0.001
get scan parameters. half-width=0.015,window=0.015, i=0, scalar=1
Scan parameters center=5.87932 width=0.03000 (5.86432 - 5.89432)
GetData ===>> H2,-0.171407978434728,H1,0.0791831786923992,AX,-0.0531630506550793,L1,0.0376009566951519,L2,0.143...
Moving to starting dac 5.86432
setting magnet DAC
current  : 5.239976
requested: 5.864320
Delta Dac: 0.624344
Checking detector protection. dv=0.62434
Checking detector "CDD". Protection Threshold: 0.1 (V)
ProtectDetector CDD,On ===>> OK
GetDeflection CDD ===>> 2000
SetMagnetDAC 5.86432 ===>> OK
Magnet settling time: 0.500
GetMagnetMoving ===>> True
GetMagnetMoving ===>> True
GetMagnetMoving ===>> True
Get Checksum: 968834110
GetMagnetMoving ===>> True
GetMagnetMoving ===>> True
GetMagnetMoving ===>> True
GetMagnetMoving ===>> True
GetMagnetMoving ===>> True
GetMagnetMoving ===>> False
ProtectDetector CDD,Off ===>> OK
GetDeflection CDD ===>> 50
Wait until signal near baseline. tol= 0.0593873840193. timeout= 10
GetData ===>> H2,7.85259289847828,H1,3.33205778795385,AX,0.0927359161812768,L1,0.034568039903405,L2,-0.08543104...
GetData ===>> H2,112.421528906502,H1,65.2178806229694,AX,5.37689567011823,L1,0.0560712037859765,L2,-0.012752349...
GetData ===>> H2,134.946084699529,H1,77.1452195570286,AX,12.404117353409,L1,0.0909704677801627,L2,-0.0835652607...
GetData ===>> H2,77.8205609686118,H1,37.1380800949352,AX,5.63963562218583,L1,0.0933593752529439,L2,-0.029305096...
Get Checksum: 968834110
GetData ===>> H2,33.7380613304076,H1,18.7603998216901,AX,2.45908016765261,L1,0.0760295613241535,L2,0.1031287510...
GetData ===>> H2,11.8196985676073,H1,9.97183025191772,AX,1.16784469126003,L1,0.0655436800750702,L2,-0.117412791...
GetData ===>> H2,3.48242178714405,H1,5.79273218803025,AX,0.665346790064956,L1,0.0516555159269083,L2,-0.11923589...
GetData ===>> H2,0.997189380993184,H1,3.75559486413126,AX,0.442470062015101,L1,0.0203688635294224,L2,-0.0160312...
GetData ===>> H2,0.587888165137385,H1,2.68924099473413,AX,0.364036479631465,L1,0.00785338147811972,L2,-0.018057...
GetData ===>> H2,0.637692605053046,H1,2.23042794283297,AX,0.290565937354775,L1,0.0272966015554918,L2,-0.0454224...
Get Checksum: 968834110
GetData ===>> H2,0.699192277376534,H1,1.97681005762875,AX,0.237669839581816,L1,0.00317012466587636,L2,-0.090709...
GetData ===>> H2,0.676662586581383,H1,1.828913482309,AX,0.133424616615927,L1,-0.00122048571643647,L2,-0.1008337...
GetData ===>> H2,0.584444076334249,H1,1.68310753810814,AX,0.188561154611233,L1,-0.0111588997607823,L2,-0.092256...
GetData ===>> H2,0.554719023126515,H1,1.69981055226505,AX,0.195406107759273,L1,0.0118507925789947,L2,0.07677773...
GetData ===>> H2,0.520506705649937,H1,1.67227008224391,AX,0.213924696115245,L1,0.0148205023535248,L2,-0.0677501...
GetData ===>> H2,0.44849153202996,H1,1.70077196093505,AX,0.184825637243666,L1,-0.00195006815778311,L2,-0.035110...
Get Checksum: 968834110
GetData ===>> H2,0.343606803123113,H1,1.70892026704836,AX,0.195104455627598,L1,0.015677035215335,L2,-0.00134363...
GetData ===>> H2,0.388804693120503,H1,1.68265094775337,AX,0.302342592204871,L1,0.0567059523809524,L2,0.01111414...
GetData ===>> H2,0.29513234717849,H1,1.732864228367,AX,0.215061917110134,L1,0.0613644003474357,L2,0.04886178792...
GetData ===>> H2,0.278172594669335,H1,1.82191056266083,AX,0.160815016230196,L1,0.0413972941594559,L2,-0.0173291...
GetData ===>> H2,0.260113986687262,H1,1.85632820524064,AX,0.200859211167056,L1,0.0526601135242769,L2,-0.1233833...
Peak center failed to move to a baseline position
_do_sweep sm= 5.86432, em= 5.89432, stm= 0.001
calculated step values: start=5.86432, end=5.89432, width=0.001, nsteps=31.0
setting magnet DAC
current  : 5.864320
requested: 5.864320
Delta Dac: 0.000000
Checking detector protection. dv=0.00000
Checking detector "CDD". Protection Threshold: 0.1 (V)
SetMagnetDAC 5.86432 ===>> OK
GetData ===>> H2,0.260113986687262,H1,1.85632820524064,AX,0.200859211167056,L1,0.0526601135242769,L2,-0.1233833...
setting magnet DAC
current  : 5.864320
requested: 5.865354
Delta Dac: 0.001034
Checking detector protection. dv=0.00103
Checking detector "CDD". Protection Threshold: 0.1 (V)
SetMagnetDAC 5.86535448276 ===>> OK
Magnet settling time: 1.049
Get Checksum: 968834110
GetData ===>> H2,0.13831616589068,H1,3.98785091810725,AX,0.684524746559736,L1,0.0316766188475695,L2,-0.04908722...
setting magnet DAC
current  : 5.865354
requested: 5.866389
Delta Dac: 0.001034
Checking detector protection. dv=0.00103
Checking detector "CDD". Protection Threshold: 0.1 (V)
SetMagnetDAC 5.86638896552 ===>> OK
Magnet settling time: 1.049
GetData ===>> H2,0.137892059241284,H1,14.7294256699426,AX,2.61103551297661,L1,0.0525351342163254,L2,0.027719452...
setting magnet DAC
current  : 5.866389
requested: 5.867423
Delta Dac: 0.001034
Checking detector protection. dv=0.00103
Checking detector "CDD". Protection Threshold: 0.1 (V)
SetMagnetDAC 5.86742344828 ===>> OK
Magnet settling time: 1.049
GetData ===>> H2,0.0170712898394686,H1,56.6767347784635,AX,8.6034274605378,L1,0.0251589406307907,L2,-0.11595428...
setting magnet DAC
current  : 5.867423
requested: 5.868458
Delta Dac: 0.001034
Checking detector protection. dv=0.00103
Checking detector "CDD". Protection Threshold: 0.1 (V)
SetMagnetDAC 5.86845793103 ===>> OK
Magnet settling time: 1.049
Get Checksum: 968834110
GetData ===>> H2,0.135500938139951,H1,191.779248549947,AX,30.027985130467,L1,0.137008544393618,L2,-0.0655881641...
setting magnet DAC
current  : 5.868458
requested: 5.869492
Delta Dac: 0.001034
Checking detector protection. dv=0.00103
Checking detector "CDD". Protection Threshold: 0.1 (V)
SetMagnetDAC 5.86949241379 ===>> OK
Magnet settling time: 1.049
GetData ===>> H2,-0.00845570296330742,H1,506.901321989137,AX,88.3385504586127,L1,0.473978292456385,L2,-0.006535...
setting magnet DAC
current  : 5.869492
requested: 5.870527
Delta Dac: 0.001034
Checking detector protection. dv=0.00103
Checking detector "CDD". Protection Threshold: 0.1 (V)
SetMagnetDAC 5.87052689655 ===>> OK
Magnet settling time: 1.049
Get Checksum: 968834110
GetData ===>> H2,-0.0218789137914296,H1,991.547529715927,AX,192.68737001264,L1,1.21303380860517,L2,0.1219846640...
setting magnet DAC
current  : 5.870527
requested: 5.871561
Delta Dac: 0.001034
Checking detector protection. dv=0.00103
Checking detector "CDD". Protection Threshold: 0.1 (V)
SetMagnetDAC 5.87156137931 ===>> OK
Magnet settling time: 1.049
GetData ===>> H2,0.051581865180332,H1,1461.42448731353,AX,310.457814926362,L1,2.32821587326636,L2,0.46110134671...
setting magnet DAC
current  : 5.871561
requested: 5.872596
Delta Dac: 0.001034
Checking detector protection. dv=0.00103
Checking detector "CDD". Protection Threshold: 0.1 (V)
SetMagnetDAC 5.87259586207 ===>> OK
Magnet settling time: 1.049
GetData ===>> H2,-0.0405722753218528,H1,1774.4559752224,AX,403.912876056273,L1,3.52660878330505,L2,0.7681049722...
setting magnet DAC
current  : 5.872596
requested: 5.873630
Delta Dac: 0.001034
Checking detector protection. dv=0.00103
Checking detector "CDD". Protection Threshold: 0.1 (V)
SetMagnetDAC 5.87363034483 ===>> OK
Magnet settling time: 1.049
Get Checksum: 968834110
GetData ===>> H2,-0.0556880745433752,H1,1913.60536217916,AX,454.799473628921,L1,4.53426757130595,L2,1.172387984...
setting magnet DAC
current  : 5.873630
requested: 5.874665
Delta Dac: 0.001034
Checking detector protection. dv=0.00103
Checking detector "CDD". Protection Threshold: 0.1 (V)
SetMagnetDAC 5.87466482759 ===>> OK
Magnet settling time: 1.049
GetData ===>> H2,0.00838635922790727,H1,1960.87256480047,AX,474.44544646506,L1,5.21151601914153,L2,1.5048141190...
setting magnet DAC
current  : 5.874665
requested: 5.875699
Delta Dac: 0.001034
Checking detector protection. dv=0.00103
Checking detector "CDD". Protection Threshold: 0.1 (V)
SetMagnetDAC 5.87569931034 ===>> OK
Magnet settling time: 1.049
GetData ===>> H2,0.0306830254402389,H1,1973.54383774351,AX,480.041768966903,L1,5.61797082267942,L2,1.5838002263...
setting magnet DAC
current  : 5.875699
requested: 5.876734
Delta Dac: 0.001034
Checking detector protection. dv=0.00103
Checking detector "CDD". Protection Threshold: 0.1 (V)
SetMagnetDAC 5.8767337931 ===>> OK
Magnet settling time: 1.049
Get Checksum: 968834110
GetData ===>> H2,-0.0960345345831574,H1,1975.77973916849,AX,481.915976828328,L1,5.84422079410828,L2,1.605952756...
setting magnet DAC
current  : 5.876734
requested: 5.877768
Delta Dac: 0.001034
Checking detector protection. dv=0.00103
Checking detector "CDD". Protection Threshold: 0.1 (V)
SetMagnetDAC 5.87776827586 ===>> OK
Magnet settling time: 1.049
GetData ===>> H2,0.0692470135022463,H1,1976.28930958401,AX,481.391625269912,L1,6.02300806430887,L2,1.7061622671...
setting magnet DAC
current  : 5.877768
requested: 5.878803
Delta Dac: 0.001034
Checking detector protection. dv=0.00103
Checking detector "CDD". Protection Threshold: 0.1 (V)
SetMagnetDAC 5.87880275862 ===>> OK
Magnet settling time: 1.049
GetData ===>> H2,0.028827561210683,H1,1976.23612636994,AX,481.899285088903,L1,6.09561797547549,L2,1.62509903019...
setting magnet DAC
current  : 5.878803
requested: 5.879837
Delta Dac: 0.001034
Checking detector protection. dv=0.00103
Checking detector "CDD". Protection Threshold: 0.1 (V)
SetMagnetDAC 5.87983724138 ===>> OK
Magnet settling time: 1.049
Get Checksum: 968834110
GetData ===>> H2,-0.0137410771474255,H1,1975.93692306922,AX,481.654667389395,L1,6.11984628596376,L2,1.621742985...
setting magnet DAC
current  : 5.879837
requested: 5.880872
Delta Dac: 0.001034
Checking detector protection. dv=0.00103
Checking detector "CDD". Protection Threshold: 0.1 (V)
SetMagnetDAC 5.88087172414 ===>> OK
Magnet settling time: 1.049
GetData ===>> H2,-0.132213189160657,H1,1976.02849445542,AX,481.831397708738,L1,6.15229476043442,L2,1.5906706429...
setting magnet DAC
current  : 5.880872
requested: 5.881906
Delta Dac: 0.001034
Checking detector protection. dv=0.00103
Checking detector "CDD". Protection Threshold: 0.1 (V)
SetMagnetDAC 5.8819062069 ===>> OK
Magnet settling time: 1.049
GetData ===>> H2,-0.257470500760447,H1,1973.39092274022,AX,481.150990324039,L1,6.20615615272841,L2,1.6612413704...
setting magnet DAC
current  : 5.881906
requested: 5.882941
Delta Dac: 0.001034
Checking detector protection. dv=0.00103
Checking detector "CDD". Protection Threshold: 0.1 (V)
SetMagnetDAC 5.88294068966 ===>> OK
Magnet settling time: 1.049
Get Checksum: 968834110
GetData ===>> H2,-0.222448013259222,H1,1969.56669667516,AX,478.883656833379,L1,6.21076039154146,L2,1.5566909839...
setting magnet DAC
current  : 5.882941
requested: 5.883975
Delta Dac: 0.001034
Checking detector protection. dv=0.00103
Checking detector "CDD". Protection Threshold: 0.1 (V)
SetMagnetDAC 5.88397517241 ===>> OK
Magnet settling time: 1.049
GetData ===>> H2,-0.118080829587768,H1,1954.73634773331,AX,471.818347830061,L1,6.07986649371892,L2,1.4480089467...
setting magnet DAC
current  : 5.883975
requested: 5.885010
Delta Dac: 0.001034
Checking detector protection. dv=0.00103
Checking detector "CDD". Protection Threshold: 0.1 (V)
SetMagnetDAC 5.88500965517 ===>> OK
Magnet settling time: 1.049
Get Checksum: 968834110
GetData ===>> H2,-0.0708865151214804,H1,1901.94208650524,AX,448.812727773335,L1,5.82954728657576,L2,1.459252565...
setting magnet DAC
current  : 5.885010
requested: 5.886044
Delta Dac: 0.001034
Checking detector protection. dv=0.00103
Checking detector "CDD". Protection Threshold: 0.1 (V)
SetMagnetDAC 5.88604413793 ===>> OK
Magnet settling time: 1.049
GetData ===>> H2,-0.146867795470887,H1,1733.7629838722,AX,382.678949923809,L1,5.14812217551094,L2,1.08747437950...
setting magnet DAC
current  : 5.886044
requested: 5.887079
Delta Dac: 0.001034
Checking detector protection. dv=0.00103
Checking detector "CDD". Protection Threshold: 0.1 (V)
SetMagnetDAC 5.88707862069 ===>> OK
Magnet settling time: 1.049
GetData ===>> H2,-0.161126647553814,H1,1379.58263447682,AX,271.035906078185,L1,4.0655854861693,L2,0.46797642869...
setting magnet DAC
current  : 5.887079
requested: 5.888113
Delta Dac: 0.001034
Checking detector protection. dv=0.00103
Checking detector "CDD". Protection Threshold: 0.1 (V)
SetMagnetDAC 5.88811310345 ===>> OK
Magnet settling time: 1.049
Get Checksum: 968834110
GetData ===>> H2,-0.263278008709846,H1,889.66266605462,AX,149.832353413346,L1,2.81984057713873,L2,0.31957512886...
setting magnet DAC
current  : 5.888113
requested: 5.889148
Delta Dac: 0.001034
Checking detector protection. dv=0.00103
Checking detector "CDD". Protection Threshold: 0.1 (V)
SetMagnetDAC 5.88914758621 ===>> OK
Magnet settling time: 1.049
GetData ===>> H2,-0.171306789847444,H1,441.708715374462,AX,62.2327022014914,L1,1.7450695645414,L2,0.02619319311...
setting magnet DAC
current  : 5.889148
requested: 5.890182
Delta Dac: 0.001034
Checking detector protection. dv=0.00103
Checking detector "CDD". Protection Threshold: 0.1 (V)
SetMagnetDAC 5.89018206897 ===>> OK
Magnet settling time: 1.049
GetData ===>> H2,-0.109957445804147,H1,166.274015166628,AX,19.3378922458393,L1,1.03509675963996,L2,-0.121264060...
setting magnet DAC
current  : 5.890182
requested: 5.891217
Delta Dac: 0.001034
Checking detector protection. dv=0.00103
Checking detector "CDD". Protection Threshold: 0.1 (V)
SetMagnetDAC 5.89121655172 ===>> OK
Magnet settling time: 1.049
Get Checksum: 968834110
GetData ===>> H2,-0.140717651188925,H1,49.6574971948759,AX,4.46621339989523,L1,0.652724925556017,L2,0.072424592...
setting magnet DAC
current  : 5.891217
requested: 5.892251
Delta Dac: 0.001034
Checking detector protection. dv=0.00103
Checking detector "CDD". Protection Threshold: 0.1 (V)
SetMagnetDAC 5.89225103448 ===>> OK
Magnet settling time: 1.049
GetData ===>> H2,-0.122236368707405,H1,6.03294769090457,AX,0.0285076960047806,L1,0.373285729540286,L2,-0.235705...
setting magnet DAC
current  : 5.892251
requested: 5.893286
Delta Dac: 0.001034
Checking detector protection. dv=0.00103
Checking detector "CDD". Protection Threshold: 0.1 (V)
SetMagnetDAC 5.89328551724 ===>> OK
Magnet settling time: 1.049
GetData ===>> H2,-0.143220768201979,H1,1.06371120944531,AX,-0.167475074849267,L1,0.244110911653093,L2,0.0584092...
setting magnet DAC
current  : 5.893286
requested: 5.894320
Delta Dac: 0.001034
Checking detector protection. dv=0.00103
Checking detector "CDD". Protection Threshold: 0.1 (V)
SetMagnetDAC 5.89432 ===>> OK
Magnet settling time: 1.049
Get Checksum: 968834110
GetData ===>> H2,-0.288524795276962,H1,0.0286659038113648,AX,-0.227931371002727,L1,0.0885460145970097,L2,-0.007...
result of _do_sweep=True
result of _calculate_peak_center=([5.8715644889779561, 5.8791997595190377, 5.8868350300601193], [1460.3223864695665, 1976.2883503677242, 1462.9818149458129], 5.8777869338677355, 1976.2883503677242)
Failed to find a valid peak. No peak greater than 1.0. max = 0.0354193081078
new center pos Detector(H1) (Ar40) @ 5.87919975952
GetHighVoltage ===>> 4500
GetDeflection H1 ===>> 0
dac uncorrected for HV and deflection 5.87919975952
update mftable H1 Ar40 5.87919975952 message=automated run peakcenter
get initial guess parabolic
get initial guess parabolic
get initial guess parabolic
get initial guess parabolic
get initial guess parabolic
get initial guess parabolic
dump mftable to /Users/jan/PychronDev/setupfiles/spectrometer/mftables/mftable.csv
add to repo msg=modified - automated run peakcenter
sweep finished
locally archiving mftable
setting magnet DAC
current  : 5.894320
requested: 5.879200
Delta Dac: 0.015120
Checking detector protection. dv=0.01512
Checking detector "CDD". Protection Threshold: 0.1 (V)
SetMagnetDAC 5.87919975952 ===>> OK
Magnet settling time: 0.500
setting integration time = 1.048576
SetIntegrationTime 1.048576 ===>> OK
Failed to find a valid peak. No peak greater than 1.0. max = 0.0354193081078
flush and close file /Users/jan/PychronDev/data/isotopes/80/925b76-4c04-46b6-89e5-cbe297504cfe.h5
finished measure script
executed 226.132928
jan_unknown120_60.py completed successfully
Measurement Finished
02:53:41 -- ******* Measurement Finished *******
Post Measurement Started jan_pump_ms.py
02:53:41 -- ******* Post Measurement Started jan_pump_ms.py *******
testing...
no interpolation path defined
executed 0
Pumping spectrometer
open () {'name': 'O'}
opening name=O desc=---
checking ownership. requestor=129.138.12.150
check software interlocks O
interlocks []
actuate state mode=None-script, software_lock=False
doing actuation None-script open_channel True
Open O ===>> OK
GetIndicatorState O ===>> OK
change switch state (True, True)
update switch state O True args=() kw={} ncanvase=2
02:53:42 -- OPEN   VALVE-O (Jan Ion Pump)
---------------------------------------- open O () result=[(True, True)], time=0.10 sec
action=open, ok=True, locked=[False]
executed 0
jan_pump_ms.py completed successfully
setting _ms_pumptime
Post Measurement Finished
02:53:42 -- ******* Post Measurement Finished *******
$$$$$$$$$$$$$$$$$$$$ state at run end measurement
state changed from measurement to success
post measurement save measured=True aborted=False
Set filtering
setting fod for Ar40= {'filter_outliers': True, 'std_devs': 2, 'iterations': 1}
setting fod for H1= {'filter_outliers': True, 'std_devs': 2, 'iterations': 1}
setting fod for PM41= {'filter_outliers': False, 'std_devs': 2, 'iterations': 1}
setting fod for H2= {'filter_outliers': True, 'std_devs': 2, 'iterations': 1}
setting fod for Ar36= {'filter_outliers': True, 'std_devs': 2, 'iterations': 1}
setting fod for CDD= {'filter_outliers': True, 'std_devs': 10, 'iterations': 1}
setting fod for Ar37= {'filter_outliers': True, 'std_devs': 2, 'iterations': 1}
setting fod for L2= {'filter_outliers': True, 'std_devs': 2, 'iterations': 1}
setting fod for Ar38= {'filter_outliers': True, 'std_devs': 2, 'iterations': 1}
setting fod for L1= {'filter_outliers': True, 'std_devs': 2, 'iterations': 1}
setting fod for Ar39= {'filter_outliers': True, 'std_devs': 2, 'iterations': 1}
setting fod for AX= {'filter_outliers': True, 'std_devs': 2, 'iterations': 1}
persistence save...
persistence save - db
post measurement save
5974410160 connecting to database sqlite:////Users/jan/PychronDev/.appdata/local_lab.db
connected to db sqlite:////Users/jan/PychronDev/.appdata/local_lab.db
create new session 5974410160
close session 5974410160
No database instance. Not saving post measurement to isotopedb database
$$$$$$$$$$$$$$$ auto_save_detector_ic=False
massspec enabled True
create new session 5011470576
MassSpec Database Version: 16.0
close session 5011470576
saving post measurement to secondary database
saving to massspec database 129.138.12.160/massspecdata
setting labnumber to 25389
setting aliquot to 8
setting step to 
setting uuid to 80925b76-4c04-46b6-89e5-cbe297504cfe
setting irradpos to 25389
setting extract_device to Fusions CO2
setting tray to 
setting position to 215
setting power_requested to 5.0
setting extract_value to 5.0
setting duration to 30.0
setting duration_at_request to 30.0
setting first_stage_delay to 30.0
setting cleanup to 30.0
setting comment to N:22
setting irradiation to NM-289
setting level to N
setting irradiation_level to N
setting sample to FC-2
setting material to Sanidine
setting project to Irradiation-NM-289
setting mass_spectrometer to Jan
no attribute chron_dosages
no attribute production_ratios
no attribute interference_corrections
no attribute production_name
no attribute j
Reference Isotope=Ar40
Reference Detector=H1
%%%%%%%%%%%%%%%%%%%% Comment: N:22 %%%%%%%%%%%%%%%%%%%
adding isotope PM41 H2
Get Checksum: -2083114517
add baseline dbdet= PM41. original det= H2
get baseline data PM41 H2
Get data baseline <pychron.processing.isotope.Baseline object at 0x14ebaf110> len t=60
baseline PM41. v=-0.188011560127, e=0.00915186140384
get signal data PM41 H2
Get data signal PM41 0.10+/-0.07 len t=120
adding isotope Ar40 H1
add baseline dbdet= Ar40. original det= H1
get baseline data Ar40 H1
Get data baseline <pychron.processing.isotope.Baseline object at 0x14ebaf790> len t=60
baseline Ar40. v=0.0242383339964, e=0.00682023963204
get signal data Ar40 H1
Get data signal Ar40 2178.69+/-0.10 len t=120
adding isotope Ar39 AX
add baseline dbdet= Ar39. original det= AX
get baseline data Ar39 AX
Get data baseline <pychron.processing.isotope.Baseline object at 0x14ebaf810> len t=60
baseline Ar39. v=-0.0794664951541, e=0.00708169181115
get signal data Ar39 AX
Get data signal Ar39 530.10+/-0.05 len t=120
adding isotope Ar38 L1
add baseline dbdet= Ar38. original det= L1
get baseline data Ar38 L1
Get data baseline <pychron.processing.isotope.Baseline object at 0x16658b150> len t=60
baseline Ar38. v=-0.0246395029832, e=0.00476484675268
get signal data Ar38 L1
Get data signal Ar38 6.808+/-0.006 len t=120
adding isotope Ar37 L2
add baseline dbdet= Ar37. original det= L2
get baseline data Ar37 L2
Get data baseline <pychron.processing.isotope.Baseline object at 0x15fc3fe90> len t=60
baseline Ar37. v=-0.0194987886309, e=0.00523570527241
get signal data Ar37 L2
Get data signal Ar37 1.746+/-0.011 len t=120
adding isotope Ar36 CDD
add baseline dbdet= Ar36. original det= CDD
get baseline data Ar36 CDD
Get data baseline <pychron.processing.isotope.Baseline object at 0x16477b750> len t=60
baseline Ar36. v=0.000513585683221, e=2.61039610711e-05
get signal data Ar36 CDD
Get data signal Ar36 0.0208+/-0.0004 len t=120
25389-08 added analysis time 0.545647859573s
analysis added to mass spec database
mass spec save time= 0.557
persistence save - dvc
================= post measurement started
create new session 4984345712
close session 4984345712
---------------- Experiment Queue saving disabled
DVC saving peakcenter
Failed to find a valid peak. No peak greater than 1.0. max = 0.0354193081078
Smart pull ahead: 0 behind: 0
Up-to-date with origin
add to repo msg=modified - ad8224ebc6dbfeb9f5997218dfa5fe690569839d.json
add to repo msg=modified - 89-08.json
add to repo msg=modified - 89-08.dat.json
add to repo msg=modified - 89-08.blan.json
add to repo msg=modified - 89-08.inte.json
Get Checksum: -2083114517
add to repo msg=modified - 89-08.icfa.json
add to repo msg=modified - 89-08.base.json
not at valid file /Users/jan/PychronDev/data/.dvc/repositories/Load1785/253/tags/89-08.tags.json
add to repo msg=modified - 89-08.peak.json
add to repo msg=modified - 89-08.extr.json
not at valid file /Users/jan/PychronDev/data/.dvc/repositories/Load1785/253/monitor/89-08.moni.json
commit message=<COLLECTION>
add to repo msg=modified - 89-08.inte.json
add to repo msg=modified - 89-08.base.json
commit message=<ISOEVO> default collection fits
add to repo msg=modified - 89-08.blan.json
commit message=<BLANKS> preceding ba-01-J-2243
add to repo msg=modified - 89-08.icfa.json
commit message=<ICFactor> default
push repository <pychron.git_archive.repo_manager.GitRepoManager object at 0x169761410>
pushing to remote=origin, url=https://github.com
Get Checksum: -2083114517
no changes to meta repo
Get Checksum: -2083114517
create new session 4984345712
add association Load1785
get identifier "25389"
setting analysis irradiation position=<pychron.dvc.dvc_orm.IrradiationPositionTbl object at 0x15c90c2d0>
close session 4984345712
================= post measurement finished
02:53:54 -- ******* Post Run Check *******
loading queue conditionals post_run_actions
loading system conditionals post_run_actions
loading conditionals from /Users/jan/PychronDev/setupfiles/spectrometer/default_conditionals.yaml
loading queue conditionals post_run_terminations
loading system conditionals post_run_terminations
loading conditionals from /Users/jan/PychronDev/setupfiles/spectrometer/default_conditionals.yaml
Checking default post run terminations n=1
GetDeflection CDD ===>> 50
testing CDD==2000
evaluate ot="CDD.deflection==2000" t="CDD==2000", ctx="{'CDD': 50.0}"
02:53:54 -- ******* Post Run Check Passed *******
02:53:54 -- Automated run 25389-08 success duration: 362.129 s
----------------- finish -----------------
----------------- stop -----------------
retroactive repository identifiers disabled
finish run. runs completed=76
update duration runid=25389-08, duration=362.129070044, md5=301e91d8
loading script "jan_unknown120_60.py"
loading script "jan_pump_ms.py"
loading script "jan_co2.py"
loading script "jan_pump_extraction_line.py"
testing...
no interpolation path defined
executed 213.652928
script duration name:unknown120_60 seconds:214.0
loading script "jan_unknown120_60.py"
loading script "jan_pump_ms.py"
loading script "jan_co2.py"
loading script "jan_pump_extraction_line.py"
testing...
no interpolation path defined
executed 0
loading script "jan_unknown120_60.py"
loading script "jan_pump_ms.py"
loading script "jan_co2.py"
loading script "jan_pump_extraction_line.py"
testing...
no interpolation path defined
calculate duration
testing...
no interpolation path defined
executed 0
calculate duration
testing...
no interpolation path defined
executed 0
executed 0.0
script duration name:co2 seconds:0.0
loading script "jan_unknown120_60.py"
loading script "jan_pump_ms.py"
loading script "jan_co2.py"
loading script "jan_pump_extraction_line.py"
testing...
no interpolation path defined
calculate duration
testing...
no interpolation path defined
executed 4.0
executed 4.0
Script duration 214.0
Run total estimated duration= 215.000
unknown120_60 in script context. using previous estimated duration
script duration name:unknown120_60 seconds:214.0
pump_ms in script context. using previous estimated duration
co2 in script context. using previous estimated duration
script duration name:co2 seconds:0.0
pump_extraction_line in script context. using previous estimated duration
Script duration 214.0
Run total estimated duration= 215.000
nruns=2 before=5.0, run_dur=430.0, btw=30.0
write rem/ex queues
/Users/jan/PychronDev/experiments/rem/CurrentExperiment.rem.txt
/Users/jan/PychronDev/experiments/rem/CurrentExperiment.ex.txt
doing event level: 3
